[2023-06-22T14:26:47.894+0700] {processor.py:157} INFO - Started process (PID=11835) to work on /Users/macbook/Documents/Documents_MacBook_Pro/ISTT/AirflowTutorial/envlibs/lib/python3.10/site-packages/airflow/example_dags/subdags/subdag.py
[2023-06-22T14:26:47.895+0700] {processor.py:826} INFO - Processing file /Users/macbook/Documents/Documents_MacBook_Pro/ISTT/AirflowTutorial/envlibs/lib/python3.10/site-packages/airflow/example_dags/subdags/subdag.py for tasks to queue
[2023-06-22T14:26:47.895+0700] {logging_mixin.py:149} INFO - [2023-06-22T14:26:47.895+0700] {dagbag.py:541} INFO - Filling up the DagBag from /Users/macbook/Documents/Documents_MacBook_Pro/ISTT/AirflowTutorial/envlibs/lib/python3.10/site-packages/airflow/example_dags/subdags/subdag.py
[2023-06-22T14:26:47.897+0700] {processor.py:838} WARNING - No viable dags retrieved from /Users/macbook/Documents/Documents_MacBook_Pro/ISTT/AirflowTutorial/envlibs/lib/python3.10/site-packages/airflow/example_dags/subdags/subdag.py
[2023-06-22T14:26:48.608+0700] {processor.py:179} INFO - Processing /Users/macbook/Documents/Documents_MacBook_Pro/ISTT/AirflowTutorial/envlibs/lib/python3.10/site-packages/airflow/example_dags/subdags/subdag.py took 0.714 seconds
[2023-06-22T14:29:16.001+0700] {processor.py:157} INFO - Started process (PID=11915) to work on /Users/macbook/Documents/Documents_MacBook_Pro/ISTT/AirflowTutorial/envlibs/lib/python3.10/site-packages/airflow/example_dags/subdags/subdag.py
[2023-06-22T14:29:16.001+0700] {processor.py:826} INFO - Processing file /Users/macbook/Documents/Documents_MacBook_Pro/ISTT/AirflowTutorial/envlibs/lib/python3.10/site-packages/airflow/example_dags/subdags/subdag.py for tasks to queue
[2023-06-22T14:29:16.002+0700] {logging_mixin.py:149} INFO - [2023-06-22T14:29:16.002+0700] {dagbag.py:541} INFO - Filling up the DagBag from /Users/macbook/Documents/Documents_MacBook_Pro/ISTT/AirflowTutorial/envlibs/lib/python3.10/site-packages/airflow/example_dags/subdags/subdag.py
[2023-06-22T14:29:16.005+0700] {processor.py:838} WARNING - No viable dags retrieved from /Users/macbook/Documents/Documents_MacBook_Pro/ISTT/AirflowTutorial/envlibs/lib/python3.10/site-packages/airflow/example_dags/subdags/subdag.py
[2023-06-22T14:29:16.761+0700] {processor.py:179} INFO - Processing /Users/macbook/Documents/Documents_MacBook_Pro/ISTT/AirflowTutorial/envlibs/lib/python3.10/site-packages/airflow/example_dags/subdags/subdag.py took 0.761 seconds
[2023-06-22T14:31:18.749+0700] {processor.py:157} INFO - Started process (PID=11990) to work on /Users/macbook/Documents/Documents_MacBook_Pro/ISTT/AirflowTutorial/envlibs/lib/python3.10/site-packages/airflow/example_dags/subdags/subdag.py
[2023-06-22T14:31:18.751+0700] {processor.py:826} INFO - Processing file /Users/macbook/Documents/Documents_MacBook_Pro/ISTT/AirflowTutorial/envlibs/lib/python3.10/site-packages/airflow/example_dags/subdags/subdag.py for tasks to queue
[2023-06-22T14:31:18.751+0700] {logging_mixin.py:149} INFO - [2023-06-22T14:31:18.751+0700] {dagbag.py:541} INFO - Filling up the DagBag from /Users/macbook/Documents/Documents_MacBook_Pro/ISTT/AirflowTutorial/envlibs/lib/python3.10/site-packages/airflow/example_dags/subdags/subdag.py
[2023-06-22T14:31:18.754+0700] {processor.py:838} WARNING - No viable dags retrieved from /Users/macbook/Documents/Documents_MacBook_Pro/ISTT/AirflowTutorial/envlibs/lib/python3.10/site-packages/airflow/example_dags/subdags/subdag.py
[2023-06-22T14:31:19.539+0700] {processor.py:179} INFO - Processing /Users/macbook/Documents/Documents_MacBook_Pro/ISTT/AirflowTutorial/envlibs/lib/python3.10/site-packages/airflow/example_dags/subdags/subdag.py took 0.790 seconds
[2023-06-22T14:33:48.771+0700] {processor.py:157} INFO - Started process (PID=12120) to work on /Users/macbook/Documents/Documents_MacBook_Pro/ISTT/AirflowTutorial/envlibs/lib/python3.10/site-packages/airflow/example_dags/subdags/subdag.py
[2023-06-22T14:33:48.773+0700] {processor.py:826} INFO - Processing file /Users/macbook/Documents/Documents_MacBook_Pro/ISTT/AirflowTutorial/envlibs/lib/python3.10/site-packages/airflow/example_dags/subdags/subdag.py for tasks to queue
[2023-06-22T14:33:48.774+0700] {logging_mixin.py:149} INFO - [2023-06-22T14:33:48.773+0700] {dagbag.py:541} INFO - Filling up the DagBag from /Users/macbook/Documents/Documents_MacBook_Pro/ISTT/AirflowTutorial/envlibs/lib/python3.10/site-packages/airflow/example_dags/subdags/subdag.py
[2023-06-22T14:33:48.778+0700] {processor.py:838} WARNING - No viable dags retrieved from /Users/macbook/Documents/Documents_MacBook_Pro/ISTT/AirflowTutorial/envlibs/lib/python3.10/site-packages/airflow/example_dags/subdags/subdag.py
[2023-06-22T14:33:50.080+0700] {processor.py:179} INFO - Processing /Users/macbook/Documents/Documents_MacBook_Pro/ISTT/AirflowTutorial/envlibs/lib/python3.10/site-packages/airflow/example_dags/subdags/subdag.py took 1.310 seconds
[2023-06-22T14:36:24.563+0700] {processor.py:157} INFO - Started process (PID=12264) to work on /Users/macbook/Documents/Documents_MacBook_Pro/ISTT/AirflowTutorial/envlibs/lib/python3.10/site-packages/airflow/example_dags/subdags/subdag.py
[2023-06-22T14:36:24.565+0700] {processor.py:826} INFO - Processing file /Users/macbook/Documents/Documents_MacBook_Pro/ISTT/AirflowTutorial/envlibs/lib/python3.10/site-packages/airflow/example_dags/subdags/subdag.py for tasks to queue
[2023-06-22T14:36:24.566+0700] {logging_mixin.py:149} INFO - [2023-06-22T14:36:24.566+0700] {dagbag.py:541} INFO - Filling up the DagBag from /Users/macbook/Documents/Documents_MacBook_Pro/ISTT/AirflowTutorial/envlibs/lib/python3.10/site-packages/airflow/example_dags/subdags/subdag.py
[2023-06-22T14:36:24.570+0700] {processor.py:838} WARNING - No viable dags retrieved from /Users/macbook/Documents/Documents_MacBook_Pro/ISTT/AirflowTutorial/envlibs/lib/python3.10/site-packages/airflow/example_dags/subdags/subdag.py
[2023-06-22T14:36:25.494+0700] {processor.py:179} INFO - Processing /Users/macbook/Documents/Documents_MacBook_Pro/ISTT/AirflowTutorial/envlibs/lib/python3.10/site-packages/airflow/example_dags/subdags/subdag.py took 0.931 seconds
[2023-06-22T14:39:09.406+0700] {processor.py:157} INFO - Started process (PID=12391) to work on /Users/macbook/Documents/Documents_MacBook_Pro/ISTT/AirflowTutorial/envlibs/lib/python3.10/site-packages/airflow/example_dags/subdags/subdag.py
[2023-06-22T14:39:09.407+0700] {processor.py:826} INFO - Processing file /Users/macbook/Documents/Documents_MacBook_Pro/ISTT/AirflowTutorial/envlibs/lib/python3.10/site-packages/airflow/example_dags/subdags/subdag.py for tasks to queue
[2023-06-22T14:39:09.408+0700] {logging_mixin.py:149} INFO - [2023-06-22T14:39:09.408+0700] {dagbag.py:541} INFO - Filling up the DagBag from /Users/macbook/Documents/Documents_MacBook_Pro/ISTT/AirflowTutorial/envlibs/lib/python3.10/site-packages/airflow/example_dags/subdags/subdag.py
[2023-06-22T14:39:09.411+0700] {processor.py:838} WARNING - No viable dags retrieved from /Users/macbook/Documents/Documents_MacBook_Pro/ISTT/AirflowTutorial/envlibs/lib/python3.10/site-packages/airflow/example_dags/subdags/subdag.py
[2023-06-22T14:39:10.246+0700] {processor.py:179} INFO - Processing /Users/macbook/Documents/Documents_MacBook_Pro/ISTT/AirflowTutorial/envlibs/lib/python3.10/site-packages/airflow/example_dags/subdags/subdag.py took 0.840 seconds
[2023-06-22T14:41:23.775+0700] {processor.py:157} INFO - Started process (PID=12502) to work on /Users/macbook/Documents/Documents_MacBook_Pro/ISTT/AirflowTutorial/envlibs/lib/python3.10/site-packages/airflow/example_dags/subdags/subdag.py
[2023-06-22T14:41:23.777+0700] {processor.py:826} INFO - Processing file /Users/macbook/Documents/Documents_MacBook_Pro/ISTT/AirflowTutorial/envlibs/lib/python3.10/site-packages/airflow/example_dags/subdags/subdag.py for tasks to queue
[2023-06-22T14:41:23.777+0700] {logging_mixin.py:149} INFO - [2023-06-22T14:41:23.777+0700] {dagbag.py:541} INFO - Filling up the DagBag from /Users/macbook/Documents/Documents_MacBook_Pro/ISTT/AirflowTutorial/envlibs/lib/python3.10/site-packages/airflow/example_dags/subdags/subdag.py
[2023-06-22T14:41:23.781+0700] {processor.py:838} WARNING - No viable dags retrieved from /Users/macbook/Documents/Documents_MacBook_Pro/ISTT/AirflowTutorial/envlibs/lib/python3.10/site-packages/airflow/example_dags/subdags/subdag.py
[2023-06-22T14:41:24.638+0700] {processor.py:179} INFO - Processing /Users/macbook/Documents/Documents_MacBook_Pro/ISTT/AirflowTutorial/envlibs/lib/python3.10/site-packages/airflow/example_dags/subdags/subdag.py took 0.863 seconds
[2023-06-22T14:43:33.261+0700] {processor.py:157} INFO - Started process (PID=12559) to work on /Users/macbook/Documents/Documents_MacBook_Pro/ISTT/AirflowTutorial/envlibs/lib/python3.10/site-packages/airflow/example_dags/subdags/subdag.py
[2023-06-22T14:43:33.262+0700] {processor.py:826} INFO - Processing file /Users/macbook/Documents/Documents_MacBook_Pro/ISTT/AirflowTutorial/envlibs/lib/python3.10/site-packages/airflow/example_dags/subdags/subdag.py for tasks to queue
[2023-06-22T14:43:33.263+0700] {logging_mixin.py:149} INFO - [2023-06-22T14:43:33.263+0700] {dagbag.py:541} INFO - Filling up the DagBag from /Users/macbook/Documents/Documents_MacBook_Pro/ISTT/AirflowTutorial/envlibs/lib/python3.10/site-packages/airflow/example_dags/subdags/subdag.py
[2023-06-22T14:43:33.266+0700] {processor.py:838} WARNING - No viable dags retrieved from /Users/macbook/Documents/Documents_MacBook_Pro/ISTT/AirflowTutorial/envlibs/lib/python3.10/site-packages/airflow/example_dags/subdags/subdag.py
[2023-06-22T14:43:34.199+0700] {processor.py:179} INFO - Processing /Users/macbook/Documents/Documents_MacBook_Pro/ISTT/AirflowTutorial/envlibs/lib/python3.10/site-packages/airflow/example_dags/subdags/subdag.py took 0.939 seconds
[2023-06-22T14:45:37.273+0700] {processor.py:157} INFO - Started process (PID=12610) to work on /Users/macbook/Documents/Documents_MacBook_Pro/ISTT/AirflowTutorial/envlibs/lib/python3.10/site-packages/airflow/example_dags/subdags/subdag.py
[2023-06-22T14:45:37.274+0700] {processor.py:826} INFO - Processing file /Users/macbook/Documents/Documents_MacBook_Pro/ISTT/AirflowTutorial/envlibs/lib/python3.10/site-packages/airflow/example_dags/subdags/subdag.py for tasks to queue
[2023-06-22T14:45:37.274+0700] {logging_mixin.py:149} INFO - [2023-06-22T14:45:37.274+0700] {dagbag.py:541} INFO - Filling up the DagBag from /Users/macbook/Documents/Documents_MacBook_Pro/ISTT/AirflowTutorial/envlibs/lib/python3.10/site-packages/airflow/example_dags/subdags/subdag.py
[2023-06-22T14:45:37.277+0700] {processor.py:838} WARNING - No viable dags retrieved from /Users/macbook/Documents/Documents_MacBook_Pro/ISTT/AirflowTutorial/envlibs/lib/python3.10/site-packages/airflow/example_dags/subdags/subdag.py
[2023-06-22T14:45:38.076+0700] {processor.py:179} INFO - Processing /Users/macbook/Documents/Documents_MacBook_Pro/ISTT/AirflowTutorial/envlibs/lib/python3.10/site-packages/airflow/example_dags/subdags/subdag.py took 0.804 seconds
[2023-06-22T14:47:41.530+0700] {processor.py:157} INFO - Started process (PID=12665) to work on /Users/macbook/Documents/Documents_MacBook_Pro/ISTT/AirflowTutorial/envlibs/lib/python3.10/site-packages/airflow/example_dags/subdags/subdag.py
[2023-06-22T14:47:41.532+0700] {processor.py:826} INFO - Processing file /Users/macbook/Documents/Documents_MacBook_Pro/ISTT/AirflowTutorial/envlibs/lib/python3.10/site-packages/airflow/example_dags/subdags/subdag.py for tasks to queue
[2023-06-22T14:47:41.532+0700] {logging_mixin.py:149} INFO - [2023-06-22T14:47:41.532+0700] {dagbag.py:541} INFO - Filling up the DagBag from /Users/macbook/Documents/Documents_MacBook_Pro/ISTT/AirflowTutorial/envlibs/lib/python3.10/site-packages/airflow/example_dags/subdags/subdag.py
[2023-06-22T14:47:41.536+0700] {processor.py:838} WARNING - No viable dags retrieved from /Users/macbook/Documents/Documents_MacBook_Pro/ISTT/AirflowTutorial/envlibs/lib/python3.10/site-packages/airflow/example_dags/subdags/subdag.py
[2023-06-22T14:47:42.322+0700] {processor.py:179} INFO - Processing /Users/macbook/Documents/Documents_MacBook_Pro/ISTT/AirflowTutorial/envlibs/lib/python3.10/site-packages/airflow/example_dags/subdags/subdag.py took 0.792 seconds
[2023-06-22T14:49:50.125+0700] {processor.py:157} INFO - Started process (PID=12734) to work on /Users/macbook/Documents/Documents_MacBook_Pro/ISTT/AirflowTutorial/envlibs/lib/python3.10/site-packages/airflow/example_dags/subdags/subdag.py
[2023-06-22T14:49:50.126+0700] {processor.py:826} INFO - Processing file /Users/macbook/Documents/Documents_MacBook_Pro/ISTT/AirflowTutorial/envlibs/lib/python3.10/site-packages/airflow/example_dags/subdags/subdag.py for tasks to queue
[2023-06-22T14:49:50.126+0700] {logging_mixin.py:149} INFO - [2023-06-22T14:49:50.126+0700] {dagbag.py:541} INFO - Filling up the DagBag from /Users/macbook/Documents/Documents_MacBook_Pro/ISTT/AirflowTutorial/envlibs/lib/python3.10/site-packages/airflow/example_dags/subdags/subdag.py
[2023-06-22T14:49:50.130+0700] {processor.py:838} WARNING - No viable dags retrieved from /Users/macbook/Documents/Documents_MacBook_Pro/ISTT/AirflowTutorial/envlibs/lib/python3.10/site-packages/airflow/example_dags/subdags/subdag.py
[2023-06-22T14:49:51.026+0700] {processor.py:179} INFO - Processing /Users/macbook/Documents/Documents_MacBook_Pro/ISTT/AirflowTutorial/envlibs/lib/python3.10/site-packages/airflow/example_dags/subdags/subdag.py took 0.902 seconds
[2023-06-22T14:51:52.573+0700] {processor.py:157} INFO - Started process (PID=12789) to work on /Users/macbook/Documents/Documents_MacBook_Pro/ISTT/AirflowTutorial/envlibs/lib/python3.10/site-packages/airflow/example_dags/subdags/subdag.py
[2023-06-22T14:51:52.575+0700] {processor.py:826} INFO - Processing file /Users/macbook/Documents/Documents_MacBook_Pro/ISTT/AirflowTutorial/envlibs/lib/python3.10/site-packages/airflow/example_dags/subdags/subdag.py for tasks to queue
[2023-06-22T14:51:52.576+0700] {logging_mixin.py:149} INFO - [2023-06-22T14:51:52.576+0700] {dagbag.py:541} INFO - Filling up the DagBag from /Users/macbook/Documents/Documents_MacBook_Pro/ISTT/AirflowTutorial/envlibs/lib/python3.10/site-packages/airflow/example_dags/subdags/subdag.py
[2023-06-22T14:51:52.578+0700] {processor.py:838} WARNING - No viable dags retrieved from /Users/macbook/Documents/Documents_MacBook_Pro/ISTT/AirflowTutorial/envlibs/lib/python3.10/site-packages/airflow/example_dags/subdags/subdag.py
[2023-06-22T14:51:53.332+0700] {processor.py:179} INFO - Processing /Users/macbook/Documents/Documents_MacBook_Pro/ISTT/AirflowTutorial/envlibs/lib/python3.10/site-packages/airflow/example_dags/subdags/subdag.py took 0.760 seconds
[2023-06-22T14:53:51.626+0700] {processor.py:157} INFO - Started process (PID=12842) to work on /Users/macbook/Documents/Documents_MacBook_Pro/ISTT/AirflowTutorial/envlibs/lib/python3.10/site-packages/airflow/example_dags/subdags/subdag.py
[2023-06-22T14:53:51.628+0700] {processor.py:826} INFO - Processing file /Users/macbook/Documents/Documents_MacBook_Pro/ISTT/AirflowTutorial/envlibs/lib/python3.10/site-packages/airflow/example_dags/subdags/subdag.py for tasks to queue
[2023-06-22T14:53:51.629+0700] {logging_mixin.py:149} INFO - [2023-06-22T14:53:51.629+0700] {dagbag.py:541} INFO - Filling up the DagBag from /Users/macbook/Documents/Documents_MacBook_Pro/ISTT/AirflowTutorial/envlibs/lib/python3.10/site-packages/airflow/example_dags/subdags/subdag.py
[2023-06-22T14:53:51.631+0700] {processor.py:838} WARNING - No viable dags retrieved from /Users/macbook/Documents/Documents_MacBook_Pro/ISTT/AirflowTutorial/envlibs/lib/python3.10/site-packages/airflow/example_dags/subdags/subdag.py
[2023-06-22T14:53:52.371+0700] {processor.py:179} INFO - Processing /Users/macbook/Documents/Documents_MacBook_Pro/ISTT/AirflowTutorial/envlibs/lib/python3.10/site-packages/airflow/example_dags/subdags/subdag.py took 0.745 seconds
[2023-06-22T14:55:47.212+0700] {processor.py:157} INFO - Started process (PID=12896) to work on /Users/macbook/Documents/Documents_MacBook_Pro/ISTT/AirflowTutorial/envlibs/lib/python3.10/site-packages/airflow/example_dags/subdags/subdag.py
[2023-06-22T14:55:47.213+0700] {processor.py:826} INFO - Processing file /Users/macbook/Documents/Documents_MacBook_Pro/ISTT/AirflowTutorial/envlibs/lib/python3.10/site-packages/airflow/example_dags/subdags/subdag.py for tasks to queue
[2023-06-22T14:55:47.214+0700] {logging_mixin.py:149} INFO - [2023-06-22T14:55:47.214+0700] {dagbag.py:541} INFO - Filling up the DagBag from /Users/macbook/Documents/Documents_MacBook_Pro/ISTT/AirflowTutorial/envlibs/lib/python3.10/site-packages/airflow/example_dags/subdags/subdag.py
[2023-06-22T14:55:47.216+0700] {processor.py:838} WARNING - No viable dags retrieved from /Users/macbook/Documents/Documents_MacBook_Pro/ISTT/AirflowTutorial/envlibs/lib/python3.10/site-packages/airflow/example_dags/subdags/subdag.py
[2023-06-22T14:55:47.992+0700] {processor.py:179} INFO - Processing /Users/macbook/Documents/Documents_MacBook_Pro/ISTT/AirflowTutorial/envlibs/lib/python3.10/site-packages/airflow/example_dags/subdags/subdag.py took 0.781 seconds
[2023-06-22T14:57:45.446+0700] {processor.py:157} INFO - Started process (PID=12949) to work on /Users/macbook/Documents/Documents_MacBook_Pro/ISTT/AirflowTutorial/envlibs/lib/python3.10/site-packages/airflow/example_dags/subdags/subdag.py
[2023-06-22T14:57:45.447+0700] {processor.py:826} INFO - Processing file /Users/macbook/Documents/Documents_MacBook_Pro/ISTT/AirflowTutorial/envlibs/lib/python3.10/site-packages/airflow/example_dags/subdags/subdag.py for tasks to queue
[2023-06-22T14:57:45.448+0700] {logging_mixin.py:149} INFO - [2023-06-22T14:57:45.448+0700] {dagbag.py:541} INFO - Filling up the DagBag from /Users/macbook/Documents/Documents_MacBook_Pro/ISTT/AirflowTutorial/envlibs/lib/python3.10/site-packages/airflow/example_dags/subdags/subdag.py
[2023-06-22T14:57:45.450+0700] {processor.py:838} WARNING - No viable dags retrieved from /Users/macbook/Documents/Documents_MacBook_Pro/ISTT/AirflowTutorial/envlibs/lib/python3.10/site-packages/airflow/example_dags/subdags/subdag.py
[2023-06-22T14:57:46.173+0700] {processor.py:179} INFO - Processing /Users/macbook/Documents/Documents_MacBook_Pro/ISTT/AirflowTutorial/envlibs/lib/python3.10/site-packages/airflow/example_dags/subdags/subdag.py took 0.728 seconds
[2023-06-22T14:59:49.214+0700] {processor.py:157} INFO - Started process (PID=13002) to work on /Users/macbook/Documents/Documents_MacBook_Pro/ISTT/AirflowTutorial/envlibs/lib/python3.10/site-packages/airflow/example_dags/subdags/subdag.py
[2023-06-22T14:59:49.215+0700] {processor.py:826} INFO - Processing file /Users/macbook/Documents/Documents_MacBook_Pro/ISTT/AirflowTutorial/envlibs/lib/python3.10/site-packages/airflow/example_dags/subdags/subdag.py for tasks to queue
[2023-06-22T14:59:49.216+0700] {logging_mixin.py:149} INFO - [2023-06-22T14:59:49.216+0700] {dagbag.py:541} INFO - Filling up the DagBag from /Users/macbook/Documents/Documents_MacBook_Pro/ISTT/AirflowTutorial/envlibs/lib/python3.10/site-packages/airflow/example_dags/subdags/subdag.py
[2023-06-22T14:59:49.219+0700] {processor.py:838} WARNING - No viable dags retrieved from /Users/macbook/Documents/Documents_MacBook_Pro/ISTT/AirflowTutorial/envlibs/lib/python3.10/site-packages/airflow/example_dags/subdags/subdag.py
[2023-06-22T14:59:50.051+0700] {processor.py:179} INFO - Processing /Users/macbook/Documents/Documents_MacBook_Pro/ISTT/AirflowTutorial/envlibs/lib/python3.10/site-packages/airflow/example_dags/subdags/subdag.py took 0.838 seconds
[2023-06-22T15:01:52.130+0700] {processor.py:157} INFO - Started process (PID=13058) to work on /Users/macbook/Documents/Documents_MacBook_Pro/ISTT/AirflowTutorial/envlibs/lib/python3.10/site-packages/airflow/example_dags/subdags/subdag.py
[2023-06-22T15:01:52.131+0700] {processor.py:826} INFO - Processing file /Users/macbook/Documents/Documents_MacBook_Pro/ISTT/AirflowTutorial/envlibs/lib/python3.10/site-packages/airflow/example_dags/subdags/subdag.py for tasks to queue
[2023-06-22T15:01:52.132+0700] {logging_mixin.py:149} INFO - [2023-06-22T15:01:52.132+0700] {dagbag.py:541} INFO - Filling up the DagBag from /Users/macbook/Documents/Documents_MacBook_Pro/ISTT/AirflowTutorial/envlibs/lib/python3.10/site-packages/airflow/example_dags/subdags/subdag.py
[2023-06-22T15:01:52.134+0700] {processor.py:838} WARNING - No viable dags retrieved from /Users/macbook/Documents/Documents_MacBook_Pro/ISTT/AirflowTutorial/envlibs/lib/python3.10/site-packages/airflow/example_dags/subdags/subdag.py
[2023-06-22T15:01:52.971+0700] {processor.py:179} INFO - Processing /Users/macbook/Documents/Documents_MacBook_Pro/ISTT/AirflowTutorial/envlibs/lib/python3.10/site-packages/airflow/example_dags/subdags/subdag.py took 0.841 seconds
[2023-06-22T15:03:54.797+0700] {processor.py:157} INFO - Started process (PID=13113) to work on /Users/macbook/Documents/Documents_MacBook_Pro/ISTT/AirflowTutorial/envlibs/lib/python3.10/site-packages/airflow/example_dags/subdags/subdag.py
[2023-06-22T15:03:54.798+0700] {processor.py:826} INFO - Processing file /Users/macbook/Documents/Documents_MacBook_Pro/ISTT/AirflowTutorial/envlibs/lib/python3.10/site-packages/airflow/example_dags/subdags/subdag.py for tasks to queue
[2023-06-22T15:03:54.799+0700] {logging_mixin.py:149} INFO - [2023-06-22T15:03:54.799+0700] {dagbag.py:541} INFO - Filling up the DagBag from /Users/macbook/Documents/Documents_MacBook_Pro/ISTT/AirflowTutorial/envlibs/lib/python3.10/site-packages/airflow/example_dags/subdags/subdag.py
[2023-06-22T15:03:54.802+0700] {processor.py:838} WARNING - No viable dags retrieved from /Users/macbook/Documents/Documents_MacBook_Pro/ISTT/AirflowTutorial/envlibs/lib/python3.10/site-packages/airflow/example_dags/subdags/subdag.py
[2023-06-22T15:03:55.501+0700] {processor.py:179} INFO - Processing /Users/macbook/Documents/Documents_MacBook_Pro/ISTT/AirflowTutorial/envlibs/lib/python3.10/site-packages/airflow/example_dags/subdags/subdag.py took 0.705 seconds
[2023-06-22T15:05:58.962+0700] {processor.py:157} INFO - Started process (PID=13200) to work on /Users/macbook/Documents/Documents_MacBook_Pro/ISTT/AirflowTutorial/envlibs/lib/python3.10/site-packages/airflow/example_dags/subdags/subdag.py
[2023-06-22T15:05:58.964+0700] {processor.py:826} INFO - Processing file /Users/macbook/Documents/Documents_MacBook_Pro/ISTT/AirflowTutorial/envlibs/lib/python3.10/site-packages/airflow/example_dags/subdags/subdag.py for tasks to queue
[2023-06-22T15:05:58.964+0700] {logging_mixin.py:149} INFO - [2023-06-22T15:05:58.964+0700] {dagbag.py:541} INFO - Filling up the DagBag from /Users/macbook/Documents/Documents_MacBook_Pro/ISTT/AirflowTutorial/envlibs/lib/python3.10/site-packages/airflow/example_dags/subdags/subdag.py
[2023-06-22T15:05:58.967+0700] {processor.py:838} WARNING - No viable dags retrieved from /Users/macbook/Documents/Documents_MacBook_Pro/ISTT/AirflowTutorial/envlibs/lib/python3.10/site-packages/airflow/example_dags/subdags/subdag.py
[2023-06-22T15:05:59.819+0700] {processor.py:179} INFO - Processing /Users/macbook/Documents/Documents_MacBook_Pro/ISTT/AirflowTutorial/envlibs/lib/python3.10/site-packages/airflow/example_dags/subdags/subdag.py took 0.858 seconds
[2023-06-22T15:08:05.903+0700] {processor.py:157} INFO - Started process (PID=13275) to work on /Users/macbook/Documents/Documents_MacBook_Pro/ISTT/AirflowTutorial/envlibs/lib/python3.10/site-packages/airflow/example_dags/subdags/subdag.py
[2023-06-22T15:08:05.905+0700] {processor.py:826} INFO - Processing file /Users/macbook/Documents/Documents_MacBook_Pro/ISTT/AirflowTutorial/envlibs/lib/python3.10/site-packages/airflow/example_dags/subdags/subdag.py for tasks to queue
[2023-06-22T15:08:05.905+0700] {logging_mixin.py:149} INFO - [2023-06-22T15:08:05.905+0700] {dagbag.py:541} INFO - Filling up the DagBag from /Users/macbook/Documents/Documents_MacBook_Pro/ISTT/AirflowTutorial/envlibs/lib/python3.10/site-packages/airflow/example_dags/subdags/subdag.py
[2023-06-22T15:08:05.908+0700] {processor.py:838} WARNING - No viable dags retrieved from /Users/macbook/Documents/Documents_MacBook_Pro/ISTT/AirflowTutorial/envlibs/lib/python3.10/site-packages/airflow/example_dags/subdags/subdag.py
[2023-06-22T15:08:06.722+0700] {processor.py:179} INFO - Processing /Users/macbook/Documents/Documents_MacBook_Pro/ISTT/AirflowTutorial/envlibs/lib/python3.10/site-packages/airflow/example_dags/subdags/subdag.py took 0.820 seconds
[2023-06-22T15:10:09.121+0700] {processor.py:157} INFO - Started process (PID=13366) to work on /Users/macbook/Documents/Documents_MacBook_Pro/ISTT/AirflowTutorial/envlibs/lib/python3.10/site-packages/airflow/example_dags/subdags/subdag.py
[2023-06-22T15:10:09.123+0700] {processor.py:826} INFO - Processing file /Users/macbook/Documents/Documents_MacBook_Pro/ISTT/AirflowTutorial/envlibs/lib/python3.10/site-packages/airflow/example_dags/subdags/subdag.py for tasks to queue
[2023-06-22T15:10:09.123+0700] {logging_mixin.py:149} INFO - [2023-06-22T15:10:09.123+0700] {dagbag.py:541} INFO - Filling up the DagBag from /Users/macbook/Documents/Documents_MacBook_Pro/ISTT/AirflowTutorial/envlibs/lib/python3.10/site-packages/airflow/example_dags/subdags/subdag.py
[2023-06-22T15:10:09.127+0700] {processor.py:838} WARNING - No viable dags retrieved from /Users/macbook/Documents/Documents_MacBook_Pro/ISTT/AirflowTutorial/envlibs/lib/python3.10/site-packages/airflow/example_dags/subdags/subdag.py
[2023-06-22T15:10:10.144+0700] {processor.py:179} INFO - Processing /Users/macbook/Documents/Documents_MacBook_Pro/ISTT/AirflowTutorial/envlibs/lib/python3.10/site-packages/airflow/example_dags/subdags/subdag.py took 1.023 seconds
[2023-06-22T15:12:14.857+0700] {processor.py:157} INFO - Started process (PID=13426) to work on /Users/macbook/Documents/Documents_MacBook_Pro/ISTT/AirflowTutorial/envlibs/lib/python3.10/site-packages/airflow/example_dags/subdags/subdag.py
[2023-06-22T15:12:14.858+0700] {processor.py:826} INFO - Processing file /Users/macbook/Documents/Documents_MacBook_Pro/ISTT/AirflowTutorial/envlibs/lib/python3.10/site-packages/airflow/example_dags/subdags/subdag.py for tasks to queue
[2023-06-22T15:12:14.859+0700] {logging_mixin.py:149} INFO - [2023-06-22T15:12:14.858+0700] {dagbag.py:541} INFO - Filling up the DagBag from /Users/macbook/Documents/Documents_MacBook_Pro/ISTT/AirflowTutorial/envlibs/lib/python3.10/site-packages/airflow/example_dags/subdags/subdag.py
[2023-06-22T15:12:14.861+0700] {processor.py:838} WARNING - No viable dags retrieved from /Users/macbook/Documents/Documents_MacBook_Pro/ISTT/AirflowTutorial/envlibs/lib/python3.10/site-packages/airflow/example_dags/subdags/subdag.py
[2023-06-22T15:12:15.628+0700] {processor.py:179} INFO - Processing /Users/macbook/Documents/Documents_MacBook_Pro/ISTT/AirflowTutorial/envlibs/lib/python3.10/site-packages/airflow/example_dags/subdags/subdag.py took 0.772 seconds
