[2023-06-22T10:35:59.192+0700] {manager.py:487} INFO - Processing files using up to 1 processes at a time 
[2023-06-22T10:35:59.192+0700] {manager.py:488} INFO - Process each file at most once every 30 seconds
[2023-06-22T10:35:59.193+0700] {manager.py:489} INFO - Checking for new files in /Users/macbook/Documents/Documents - Macbook’s MacBook Pro/ISTT/AirflowTutorial/prj/dags every 300 seconds
[2023-06-22T10:35:59.193+0700] {manager.py:758} INFO - Searching for files in /Users/macbook/Documents/Documents - Macbook’s MacBook Pro/ISTT/AirflowTutorial/prj/dags
[2023-06-22T10:35:59.194+0700] {manager.py:761} INFO - There are 1 files in /Users/macbook/Documents/Documents - Macbook’s MacBook Pro/ISTT/AirflowTutorial/prj/dags
[2023-06-22T10:36:01.882+0700] {manager.py:889} INFO - 
================================================================================
DAG File Processing Stats

File Path                                                                                                PID    Runtime      # DAGs    # Errors  Last Runtime    Last Run
-------------------------------------------------------------------------------------------------------  -----  ---------  --------  ----------  --------------  -------------------
/Users/macbook/Documents/Documents - Macbook’s MacBook Pro/ISTT/AirflowTutorial/prj/dags/process_dag.py                           0           1  1.96s           2023-06-22T03:36:01
================================================================================
[2023-06-22T10:36:35.449+0700] {manager.py:889} INFO - 
================================================================================
DAG File Processing Stats

File Path                                                                                                PID    Runtime      # DAGs    # Errors  Last Runtime    Last Run
-------------------------------------------------------------------------------------------------------  -----  ---------  --------  ----------  --------------  -------------------
/Users/macbook/Documents/Documents - Macbook’s MacBook Pro/ISTT/AirflowTutorial/prj/dags/process_dag.py                           0           1  2.75s           2023-06-22T03:36:35
================================================================================
[2023-06-22T10:37:08.441+0700] {manager.py:889} INFO - 
================================================================================
DAG File Processing Stats

File Path                                                                                                PID    Runtime      # DAGs    # Errors  Last Runtime    Last Run
-------------------------------------------------------------------------------------------------------  -----  ---------  --------  ----------  --------------  -------------------
/Users/macbook/Documents/Documents - Macbook’s MacBook Pro/ISTT/AirflowTutorial/prj/dags/process_dag.py                           0           1  2.75s           2023-06-22T03:37:08
================================================================================
[2023-06-22T10:37:41.231+0700] {manager.py:889} INFO - 
================================================================================
DAG File Processing Stats

File Path                                                                                                PID    Runtime      # DAGs    # Errors  Last Runtime    Last Run
-------------------------------------------------------------------------------------------------------  -----  ---------  --------  ----------  --------------  -------------------
/Users/macbook/Documents/Documents - Macbook’s MacBook Pro/ISTT/AirflowTutorial/prj/dags/process_dag.py                           0           1  2.65s           2023-06-22T03:37:41
================================================================================
[2023-06-22T10:38:14.096+0700] {manager.py:889} INFO - 
================================================================================
DAG File Processing Stats

File Path                                                                                                PID    Runtime      # DAGs    # Errors  Last Runtime    Last Run
-------------------------------------------------------------------------------------------------------  -----  ---------  --------  ----------  --------------  -------------------
/Users/macbook/Documents/Documents - Macbook’s MacBook Pro/ISTT/AirflowTutorial/prj/dags/process_dag.py                           0           1  2.73s           2023-06-22T03:38:14
================================================================================
[2023-06-22T10:38:47.113+0700] {manager.py:889} INFO - 
================================================================================
DAG File Processing Stats

File Path                                                                                                PID    Runtime      # DAGs    # Errors  Last Runtime    Last Run
-------------------------------------------------------------------------------------------------------  -----  ---------  --------  ----------  --------------  -------------------
/Users/macbook/Documents/Documents - Macbook’s MacBook Pro/ISTT/AirflowTutorial/prj/dags/process_dag.py                           0           1  2.92s           2023-06-22T03:38:47
================================================================================
[2023-06-22T10:39:20.500+0700] {manager.py:889} INFO - 
================================================================================
DAG File Processing Stats

File Path                                                                                                PID    Runtime      # DAGs    # Errors  Last Runtime    Last Run
-------------------------------------------------------------------------------------------------------  -----  ---------  --------  ----------  --------------  -------------------
/Users/macbook/Documents/Documents - Macbook’s MacBook Pro/ISTT/AirflowTutorial/prj/dags/process_dag.py                           0           1  3.29s           2023-06-22T03:39:20
================================================================================
[2023-06-22T10:39:53.384+0700] {manager.py:889} INFO - 
================================================================================
DAG File Processing Stats

File Path                                                                                                PID    Runtime      # DAGs    # Errors  Last Runtime    Last Run
-------------------------------------------------------------------------------------------------------  -----  ---------  --------  ----------  --------------  -------------------
/Users/macbook/Documents/Documents - Macbook’s MacBook Pro/ISTT/AirflowTutorial/prj/dags/process_dag.py                           0           1  2.79s           2023-06-22T03:39:53
================================================================================
[2023-06-22T10:40:25.576+0700] {manager.py:889} INFO - 
================================================================================
DAG File Processing Stats

File Path                                                                                                PID    Runtime      # DAGs    # Errors  Last Runtime    Last Run
-------------------------------------------------------------------------------------------------------  -----  ---------  --------  ----------  --------------  -------------------
/Users/macbook/Documents/Documents - Macbook’s MacBook Pro/ISTT/AirflowTutorial/prj/dags/process_dag.py                           0           1  2.09s           2023-06-22T03:40:25
================================================================================
[2023-06-22T10:40:57.636+0700] {manager.py:889} INFO - 
================================================================================
DAG File Processing Stats

File Path                                                                                                PID    Runtime      # DAGs    # Errors  Last Runtime    Last Run
-------------------------------------------------------------------------------------------------------  -----  ---------  --------  ----------  --------------  -------------------
/Users/macbook/Documents/Documents - Macbook’s MacBook Pro/ISTT/AirflowTutorial/prj/dags/process_dag.py                           0           1  1.96s           2023-06-22T03:40:57
================================================================================
