[2023-06-22T14:27:58.971+0700] {processor.py:157} INFO - Started process (PID=11883) to work on /Users/macbook/Documents/Documents_MacBook_Pro/ISTT/AirflowTutorial/envlibs/lib/python3.10/site-packages/airflow/example_dags/example_sensor_decorator.py
[2023-06-22T14:27:58.972+0700] {processor.py:826} INFO - Processing file /Users/macbook/Documents/Documents_MacBook_Pro/ISTT/AirflowTutorial/envlibs/lib/python3.10/site-packages/airflow/example_dags/example_sensor_decorator.py for tasks to queue
[2023-06-22T14:27:58.973+0700] {logging_mixin.py:149} INFO - [2023-06-22T14:27:58.973+0700] {dagbag.py:541} INFO - Filling up the DagBag from /Users/macbook/Documents/Documents_MacBook_Pro/ISTT/AirflowTutorial/envlibs/lib/python3.10/site-packages/airflow/example_dags/example_sensor_decorator.py
[2023-06-22T14:27:59.023+0700] {processor.py:836} INFO - DAG(s) dict_keys(['example_sensor_decorator']) retrieved from /Users/macbook/Documents/Documents_MacBook_Pro/ISTT/AirflowTutorial/envlibs/lib/python3.10/site-packages/airflow/example_dags/example_sensor_decorator.py
[2023-06-22T14:27:59.864+0700] {logging_mixin.py:149} INFO - [2023-06-22T14:27:59.863+0700] {dag.py:2726} INFO - Sync 1 DAGs
[2023-06-22T14:27:59.880+0700] {logging_mixin.py:149} INFO - [2023-06-22T14:27:59.879+0700] {dag.py:3486} INFO - Setting next_dagrun for example_sensor_decorator to None, run_after=None
[2023-06-22T14:27:59.898+0700] {processor.py:179} INFO - Processing /Users/macbook/Documents/Documents_MacBook_Pro/ISTT/AirflowTutorial/envlibs/lib/python3.10/site-packages/airflow/example_dags/example_sensor_decorator.py took 0.927 seconds
[2023-06-22T14:30:29.709+0700] {processor.py:157} INFO - Started process (PID=11958) to work on /Users/macbook/Documents/Documents_MacBook_Pro/ISTT/AirflowTutorial/envlibs/lib/python3.10/site-packages/airflow/example_dags/example_sensor_decorator.py
[2023-06-22T14:30:29.710+0700] {processor.py:826} INFO - Processing file /Users/macbook/Documents/Documents_MacBook_Pro/ISTT/AirflowTutorial/envlibs/lib/python3.10/site-packages/airflow/example_dags/example_sensor_decorator.py for tasks to queue
[2023-06-22T14:30:29.711+0700] {logging_mixin.py:149} INFO - [2023-06-22T14:30:29.711+0700] {dagbag.py:541} INFO - Filling up the DagBag from /Users/macbook/Documents/Documents_MacBook_Pro/ISTT/AirflowTutorial/envlibs/lib/python3.10/site-packages/airflow/example_dags/example_sensor_decorator.py
[2023-06-22T14:30:29.758+0700] {processor.py:836} INFO - DAG(s) dict_keys(['example_sensor_decorator']) retrieved from /Users/macbook/Documents/Documents_MacBook_Pro/ISTT/AirflowTutorial/envlibs/lib/python3.10/site-packages/airflow/example_dags/example_sensor_decorator.py
[2023-06-22T14:30:30.492+0700] {logging_mixin.py:149} INFO - [2023-06-22T14:30:30.492+0700] {dag.py:2726} INFO - Sync 1 DAGs
[2023-06-22T14:30:30.508+0700] {logging_mixin.py:149} INFO - [2023-06-22T14:30:30.508+0700] {dag.py:3486} INFO - Setting next_dagrun for example_sensor_decorator to None, run_after=None
[2023-06-22T14:30:30.526+0700] {processor.py:179} INFO - Processing /Users/macbook/Documents/Documents_MacBook_Pro/ISTT/AirflowTutorial/envlibs/lib/python3.10/site-packages/airflow/example_dags/example_sensor_decorator.py took 0.818 seconds
[2023-06-22T14:32:44.336+0700] {processor.py:157} INFO - Started process (PID=12062) to work on /Users/macbook/Documents/Documents_MacBook_Pro/ISTT/AirflowTutorial/envlibs/lib/python3.10/site-packages/airflow/example_dags/example_sensor_decorator.py
[2023-06-22T14:32:44.337+0700] {processor.py:826} INFO - Processing file /Users/macbook/Documents/Documents_MacBook_Pro/ISTT/AirflowTutorial/envlibs/lib/python3.10/site-packages/airflow/example_dags/example_sensor_decorator.py for tasks to queue
[2023-06-22T14:32:44.338+0700] {logging_mixin.py:149} INFO - [2023-06-22T14:32:44.338+0700] {dagbag.py:541} INFO - Filling up the DagBag from /Users/macbook/Documents/Documents_MacBook_Pro/ISTT/AirflowTutorial/envlibs/lib/python3.10/site-packages/airflow/example_dags/example_sensor_decorator.py
[2023-06-22T14:32:44.399+0700] {processor.py:836} INFO - DAG(s) dict_keys(['example_sensor_decorator']) retrieved from /Users/macbook/Documents/Documents_MacBook_Pro/ISTT/AirflowTutorial/envlibs/lib/python3.10/site-packages/airflow/example_dags/example_sensor_decorator.py
[2023-06-22T14:32:45.538+0700] {logging_mixin.py:149} INFO - [2023-06-22T14:32:45.537+0700] {dag.py:2726} INFO - Sync 1 DAGs
[2023-06-22T14:32:45.558+0700] {logging_mixin.py:149} INFO - [2023-06-22T14:32:45.558+0700] {dag.py:3486} INFO - Setting next_dagrun for example_sensor_decorator to None, run_after=None
[2023-06-22T14:32:45.581+0700] {processor.py:179} INFO - Processing /Users/macbook/Documents/Documents_MacBook_Pro/ISTT/AirflowTutorial/envlibs/lib/python3.10/site-packages/airflow/example_dags/example_sensor_decorator.py took 1.245 seconds
[2023-06-22T14:35:15.258+0700] {processor.py:157} INFO - Started process (PID=12202) to work on /Users/macbook/Documents/Documents_MacBook_Pro/ISTT/AirflowTutorial/envlibs/lib/python3.10/site-packages/airflow/example_dags/example_sensor_decorator.py
[2023-06-22T14:35:15.260+0700] {processor.py:826} INFO - Processing file /Users/macbook/Documents/Documents_MacBook_Pro/ISTT/AirflowTutorial/envlibs/lib/python3.10/site-packages/airflow/example_dags/example_sensor_decorator.py for tasks to queue
[2023-06-22T14:35:15.260+0700] {logging_mixin.py:149} INFO - [2023-06-22T14:35:15.260+0700] {dagbag.py:541} INFO - Filling up the DagBag from /Users/macbook/Documents/Documents_MacBook_Pro/ISTT/AirflowTutorial/envlibs/lib/python3.10/site-packages/airflow/example_dags/example_sensor_decorator.py
[2023-06-22T14:35:15.334+0700] {processor.py:836} INFO - DAG(s) dict_keys(['example_sensor_decorator']) retrieved from /Users/macbook/Documents/Documents_MacBook_Pro/ISTT/AirflowTutorial/envlibs/lib/python3.10/site-packages/airflow/example_dags/example_sensor_decorator.py
[2023-06-22T14:35:16.409+0700] {logging_mixin.py:149} INFO - [2023-06-22T14:35:16.409+0700] {dag.py:2726} INFO - Sync 1 DAGs
[2023-06-22T14:35:16.432+0700] {logging_mixin.py:149} INFO - [2023-06-22T14:35:16.431+0700] {dag.py:3486} INFO - Setting next_dagrun for example_sensor_decorator to None, run_after=None
[2023-06-22T14:35:16.453+0700] {processor.py:179} INFO - Processing /Users/macbook/Documents/Documents_MacBook_Pro/ISTT/AirflowTutorial/envlibs/lib/python3.10/site-packages/airflow/example_dags/example_sensor_decorator.py took 1.196 seconds
[2023-06-22T14:38:08.869+0700] {processor.py:157} INFO - Started process (PID=12348) to work on /Users/macbook/Documents/Documents_MacBook_Pro/ISTT/AirflowTutorial/envlibs/lib/python3.10/site-packages/airflow/example_dags/example_sensor_decorator.py
[2023-06-22T14:38:08.870+0700] {processor.py:826} INFO - Processing file /Users/macbook/Documents/Documents_MacBook_Pro/ISTT/AirflowTutorial/envlibs/lib/python3.10/site-packages/airflow/example_dags/example_sensor_decorator.py for tasks to queue
[2023-06-22T14:38:08.871+0700] {logging_mixin.py:149} INFO - [2023-06-22T14:38:08.871+0700] {dagbag.py:541} INFO - Filling up the DagBag from /Users/macbook/Documents/Documents_MacBook_Pro/ISTT/AirflowTutorial/envlibs/lib/python3.10/site-packages/airflow/example_dags/example_sensor_decorator.py
[2023-06-22T14:38:08.923+0700] {processor.py:836} INFO - DAG(s) dict_keys(['example_sensor_decorator']) retrieved from /Users/macbook/Documents/Documents_MacBook_Pro/ISTT/AirflowTutorial/envlibs/lib/python3.10/site-packages/airflow/example_dags/example_sensor_decorator.py
[2023-06-22T14:38:09.750+0700] {logging_mixin.py:149} INFO - [2023-06-22T14:38:09.750+0700] {dag.py:2726} INFO - Sync 1 DAGs
[2023-06-22T14:38:09.758+0700] {logging_mixin.py:149} INFO - [2023-06-22T14:38:09.758+0700] {dag.py:2747} INFO - Creating ORM DAG for example_sensor_decorator
[2023-06-22T14:38:09.768+0700] {logging_mixin.py:149} INFO - [2023-06-22T14:38:09.767+0700] {dag.py:3486} INFO - Setting next_dagrun for example_sensor_decorator to None, run_after=None
[2023-06-22T14:38:09.786+0700] {processor.py:179} INFO - Processing /Users/macbook/Documents/Documents_MacBook_Pro/ISTT/AirflowTutorial/envlibs/lib/python3.10/site-packages/airflow/example_dags/example_sensor_decorator.py took 0.918 seconds
[2023-06-22T14:40:29.224+0700] {processor.py:157} INFO - Started process (PID=12468) to work on /Users/macbook/Documents/Documents_MacBook_Pro/ISTT/AirflowTutorial/envlibs/lib/python3.10/site-packages/airflow/example_dags/example_sensor_decorator.py
[2023-06-22T14:40:29.226+0700] {processor.py:826} INFO - Processing file /Users/macbook/Documents/Documents_MacBook_Pro/ISTT/AirflowTutorial/envlibs/lib/python3.10/site-packages/airflow/example_dags/example_sensor_decorator.py for tasks to queue
[2023-06-22T14:40:29.226+0700] {logging_mixin.py:149} INFO - [2023-06-22T14:40:29.226+0700] {dagbag.py:541} INFO - Filling up the DagBag from /Users/macbook/Documents/Documents_MacBook_Pro/ISTT/AirflowTutorial/envlibs/lib/python3.10/site-packages/airflow/example_dags/example_sensor_decorator.py
[2023-06-22T14:40:29.275+0700] {processor.py:836} INFO - DAG(s) dict_keys(['example_sensor_decorator']) retrieved from /Users/macbook/Documents/Documents_MacBook_Pro/ISTT/AirflowTutorial/envlibs/lib/python3.10/site-packages/airflow/example_dags/example_sensor_decorator.py
[2023-06-22T14:40:30.009+0700] {logging_mixin.py:149} INFO - [2023-06-22T14:40:30.009+0700] {dag.py:2726} INFO - Sync 1 DAGs
[2023-06-22T14:40:30.023+0700] {logging_mixin.py:149} INFO - [2023-06-22T14:40:30.023+0700] {dag.py:3486} INFO - Setting next_dagrun for example_sensor_decorator to None, run_after=None
[2023-06-22T14:40:30.039+0700] {processor.py:179} INFO - Processing /Users/macbook/Documents/Documents_MacBook_Pro/ISTT/AirflowTutorial/envlibs/lib/python3.10/site-packages/airflow/example_dags/example_sensor_decorator.py took 0.816 seconds
[2023-06-22T14:42:38.343+0700] {processor.py:157} INFO - Started process (PID=12534) to work on /Users/macbook/Documents/Documents_MacBook_Pro/ISTT/AirflowTutorial/envlibs/lib/python3.10/site-packages/airflow/example_dags/example_sensor_decorator.py
[2023-06-22T14:42:38.345+0700] {processor.py:826} INFO - Processing file /Users/macbook/Documents/Documents_MacBook_Pro/ISTT/AirflowTutorial/envlibs/lib/python3.10/site-packages/airflow/example_dags/example_sensor_decorator.py for tasks to queue
[2023-06-22T14:42:38.345+0700] {logging_mixin.py:149} INFO - [2023-06-22T14:42:38.345+0700] {dagbag.py:541} INFO - Filling up the DagBag from /Users/macbook/Documents/Documents_MacBook_Pro/ISTT/AirflowTutorial/envlibs/lib/python3.10/site-packages/airflow/example_dags/example_sensor_decorator.py
[2023-06-22T14:42:38.395+0700] {processor.py:836} INFO - DAG(s) dict_keys(['example_sensor_decorator']) retrieved from /Users/macbook/Documents/Documents_MacBook_Pro/ISTT/AirflowTutorial/envlibs/lib/python3.10/site-packages/airflow/example_dags/example_sensor_decorator.py
[2023-06-22T14:42:39.294+0700] {logging_mixin.py:149} INFO - [2023-06-22T14:42:39.294+0700] {dag.py:2726} INFO - Sync 1 DAGs
[2023-06-22T14:42:39.312+0700] {logging_mixin.py:149} INFO - [2023-06-22T14:42:39.312+0700] {dag.py:3486} INFO - Setting next_dagrun for example_sensor_decorator to None, run_after=None
[2023-06-22T14:42:39.331+0700] {processor.py:179} INFO - Processing /Users/macbook/Documents/Documents_MacBook_Pro/ISTT/AirflowTutorial/envlibs/lib/python3.10/site-packages/airflow/example_dags/example_sensor_decorator.py took 0.988 seconds
[2023-06-22T14:44:46.108+0700] {processor.py:157} INFO - Started process (PID=12590) to work on /Users/macbook/Documents/Documents_MacBook_Pro/ISTT/AirflowTutorial/envlibs/lib/python3.10/site-packages/airflow/example_dags/example_sensor_decorator.py
[2023-06-22T14:44:46.109+0700] {processor.py:826} INFO - Processing file /Users/macbook/Documents/Documents_MacBook_Pro/ISTT/AirflowTutorial/envlibs/lib/python3.10/site-packages/airflow/example_dags/example_sensor_decorator.py for tasks to queue
[2023-06-22T14:44:46.110+0700] {logging_mixin.py:149} INFO - [2023-06-22T14:44:46.110+0700] {dagbag.py:541} INFO - Filling up the DagBag from /Users/macbook/Documents/Documents_MacBook_Pro/ISTT/AirflowTutorial/envlibs/lib/python3.10/site-packages/airflow/example_dags/example_sensor_decorator.py
[2023-06-22T14:44:46.167+0700] {processor.py:836} INFO - DAG(s) dict_keys(['example_sensor_decorator']) retrieved from /Users/macbook/Documents/Documents_MacBook_Pro/ISTT/AirflowTutorial/envlibs/lib/python3.10/site-packages/airflow/example_dags/example_sensor_decorator.py
[2023-06-22T14:44:46.943+0700] {logging_mixin.py:149} INFO - [2023-06-22T14:44:46.943+0700] {dag.py:2726} INFO - Sync 1 DAGs
[2023-06-22T14:44:46.959+0700] {logging_mixin.py:149} INFO - [2023-06-22T14:44:46.959+0700] {dag.py:3486} INFO - Setting next_dagrun for example_sensor_decorator to None, run_after=None
[2023-06-22T14:44:46.979+0700] {processor.py:179} INFO - Processing /Users/macbook/Documents/Documents_MacBook_Pro/ISTT/AirflowTutorial/envlibs/lib/python3.10/site-packages/airflow/example_dags/example_sensor_decorator.py took 0.871 seconds
[2023-06-22T14:46:50.856+0700] {processor.py:157} INFO - Started process (PID=12645) to work on /Users/macbook/Documents/Documents_MacBook_Pro/ISTT/AirflowTutorial/envlibs/lib/python3.10/site-packages/airflow/example_dags/example_sensor_decorator.py
[2023-06-22T14:46:50.858+0700] {processor.py:826} INFO - Processing file /Users/macbook/Documents/Documents_MacBook_Pro/ISTT/AirflowTutorial/envlibs/lib/python3.10/site-packages/airflow/example_dags/example_sensor_decorator.py for tasks to queue
[2023-06-22T14:46:50.858+0700] {logging_mixin.py:149} INFO - [2023-06-22T14:46:50.858+0700] {dagbag.py:541} INFO - Filling up the DagBag from /Users/macbook/Documents/Documents_MacBook_Pro/ISTT/AirflowTutorial/envlibs/lib/python3.10/site-packages/airflow/example_dags/example_sensor_decorator.py
[2023-06-22T14:46:50.908+0700] {processor.py:836} INFO - DAG(s) dict_keys(['example_sensor_decorator']) retrieved from /Users/macbook/Documents/Documents_MacBook_Pro/ISTT/AirflowTutorial/envlibs/lib/python3.10/site-packages/airflow/example_dags/example_sensor_decorator.py
[2023-06-22T14:46:51.638+0700] {logging_mixin.py:149} INFO - [2023-06-22T14:46:51.638+0700] {dag.py:2726} INFO - Sync 1 DAGs
[2023-06-22T14:46:51.653+0700] {logging_mixin.py:149} INFO - [2023-06-22T14:46:51.652+0700] {dag.py:3486} INFO - Setting next_dagrun for example_sensor_decorator to None, run_after=None
[2023-06-22T14:46:51.671+0700] {processor.py:179} INFO - Processing /Users/macbook/Documents/Documents_MacBook_Pro/ISTT/AirflowTutorial/envlibs/lib/python3.10/site-packages/airflow/example_dags/example_sensor_decorator.py took 0.815 seconds
[2023-06-22T14:48:58.246+0700] {processor.py:157} INFO - Started process (PID=12711) to work on /Users/macbook/Documents/Documents_MacBook_Pro/ISTT/AirflowTutorial/envlibs/lib/python3.10/site-packages/airflow/example_dags/example_sensor_decorator.py
[2023-06-22T14:48:58.248+0700] {processor.py:826} INFO - Processing file /Users/macbook/Documents/Documents_MacBook_Pro/ISTT/AirflowTutorial/envlibs/lib/python3.10/site-packages/airflow/example_dags/example_sensor_decorator.py for tasks to queue
[2023-06-22T14:48:58.248+0700] {logging_mixin.py:149} INFO - [2023-06-22T14:48:58.248+0700] {dagbag.py:541} INFO - Filling up the DagBag from /Users/macbook/Documents/Documents_MacBook_Pro/ISTT/AirflowTutorial/envlibs/lib/python3.10/site-packages/airflow/example_dags/example_sensor_decorator.py
[2023-06-22T14:48:58.303+0700] {processor.py:836} INFO - DAG(s) dict_keys(['example_sensor_decorator']) retrieved from /Users/macbook/Documents/Documents_MacBook_Pro/ISTT/AirflowTutorial/envlibs/lib/python3.10/site-packages/airflow/example_dags/example_sensor_decorator.py
[2023-06-22T14:48:59.199+0700] {logging_mixin.py:149} INFO - [2023-06-22T14:48:59.199+0700] {dag.py:2726} INFO - Sync 1 DAGs
[2023-06-22T14:48:59.218+0700] {logging_mixin.py:149} INFO - [2023-06-22T14:48:59.217+0700] {dag.py:3486} INFO - Setting next_dagrun for example_sensor_decorator to None, run_after=None
[2023-06-22T14:48:59.237+0700] {processor.py:179} INFO - Processing /Users/macbook/Documents/Documents_MacBook_Pro/ISTT/AirflowTutorial/envlibs/lib/python3.10/site-packages/airflow/example_dags/example_sensor_decorator.py took 0.991 seconds
[2023-06-22T14:51:02.591+0700] {processor.py:157} INFO - Started process (PID=12767) to work on /Users/macbook/Documents/Documents_MacBook_Pro/ISTT/AirflowTutorial/envlibs/lib/python3.10/site-packages/airflow/example_dags/example_sensor_decorator.py
[2023-06-22T14:51:02.592+0700] {processor.py:826} INFO - Processing file /Users/macbook/Documents/Documents_MacBook_Pro/ISTT/AirflowTutorial/envlibs/lib/python3.10/site-packages/airflow/example_dags/example_sensor_decorator.py for tasks to queue
[2023-06-22T14:51:02.592+0700] {logging_mixin.py:149} INFO - [2023-06-22T14:51:02.592+0700] {dagbag.py:541} INFO - Filling up the DagBag from /Users/macbook/Documents/Documents_MacBook_Pro/ISTT/AirflowTutorial/envlibs/lib/python3.10/site-packages/airflow/example_dags/example_sensor_decorator.py
[2023-06-22T14:51:02.644+0700] {processor.py:836} INFO - DAG(s) dict_keys(['example_sensor_decorator']) retrieved from /Users/macbook/Documents/Documents_MacBook_Pro/ISTT/AirflowTutorial/envlibs/lib/python3.10/site-packages/airflow/example_dags/example_sensor_decorator.py
[2023-06-22T14:51:03.435+0700] {logging_mixin.py:149} INFO - [2023-06-22T14:51:03.435+0700] {dag.py:2726} INFO - Sync 1 DAGs
[2023-06-22T14:51:03.451+0700] {logging_mixin.py:149} INFO - [2023-06-22T14:51:03.451+0700] {dag.py:3486} INFO - Setting next_dagrun for example_sensor_decorator to None, run_after=None
[2023-06-22T14:51:03.469+0700] {processor.py:179} INFO - Processing /Users/macbook/Documents/Documents_MacBook_Pro/ISTT/AirflowTutorial/envlibs/lib/python3.10/site-packages/airflow/example_dags/example_sensor_decorator.py took 0.879 seconds
[2023-06-22T14:53:04.371+0700] {processor.py:157} INFO - Started process (PID=12824) to work on /Users/macbook/Documents/Documents_MacBook_Pro/ISTT/AirflowTutorial/envlibs/lib/python3.10/site-packages/airflow/example_dags/example_sensor_decorator.py
[2023-06-22T14:53:04.372+0700] {processor.py:826} INFO - Processing file /Users/macbook/Documents/Documents_MacBook_Pro/ISTT/AirflowTutorial/envlibs/lib/python3.10/site-packages/airflow/example_dags/example_sensor_decorator.py for tasks to queue
[2023-06-22T14:53:04.372+0700] {logging_mixin.py:149} INFO - [2023-06-22T14:53:04.372+0700] {dagbag.py:541} INFO - Filling up the DagBag from /Users/macbook/Documents/Documents_MacBook_Pro/ISTT/AirflowTutorial/envlibs/lib/python3.10/site-packages/airflow/example_dags/example_sensor_decorator.py
[2023-06-22T14:53:04.446+0700] {processor.py:836} INFO - DAG(s) dict_keys(['example_sensor_decorator']) retrieved from /Users/macbook/Documents/Documents_MacBook_Pro/ISTT/AirflowTutorial/envlibs/lib/python3.10/site-packages/airflow/example_dags/example_sensor_decorator.py
[2023-06-22T14:53:05.285+0700] {logging_mixin.py:149} INFO - [2023-06-22T14:53:05.285+0700] {dag.py:2726} INFO - Sync 1 DAGs
[2023-06-22T14:53:05.302+0700] {logging_mixin.py:149} INFO - [2023-06-22T14:53:05.302+0700] {dag.py:3486} INFO - Setting next_dagrun for example_sensor_decorator to None, run_after=None
[2023-06-22T14:53:05.322+0700] {processor.py:179} INFO - Processing /Users/macbook/Documents/Documents_MacBook_Pro/ISTT/AirflowTutorial/envlibs/lib/python3.10/site-packages/airflow/example_dags/example_sensor_decorator.py took 0.952 seconds
[2023-06-22T14:55:01.899+0700] {processor.py:157} INFO - Started process (PID=12876) to work on /Users/macbook/Documents/Documents_MacBook_Pro/ISTT/AirflowTutorial/envlibs/lib/python3.10/site-packages/airflow/example_dags/example_sensor_decorator.py
[2023-06-22T14:55:01.901+0700] {processor.py:826} INFO - Processing file /Users/macbook/Documents/Documents_MacBook_Pro/ISTT/AirflowTutorial/envlibs/lib/python3.10/site-packages/airflow/example_dags/example_sensor_decorator.py for tasks to queue
[2023-06-22T14:55:01.901+0700] {logging_mixin.py:149} INFO - [2023-06-22T14:55:01.901+0700] {dagbag.py:541} INFO - Filling up the DagBag from /Users/macbook/Documents/Documents_MacBook_Pro/ISTT/AirflowTutorial/envlibs/lib/python3.10/site-packages/airflow/example_dags/example_sensor_decorator.py
[2023-06-22T14:55:01.949+0700] {processor.py:836} INFO - DAG(s) dict_keys(['example_sensor_decorator']) retrieved from /Users/macbook/Documents/Documents_MacBook_Pro/ISTT/AirflowTutorial/envlibs/lib/python3.10/site-packages/airflow/example_dags/example_sensor_decorator.py
[2023-06-22T14:55:02.622+0700] {logging_mixin.py:149} INFO - [2023-06-22T14:55:02.622+0700] {dag.py:2726} INFO - Sync 1 DAGs
[2023-06-22T14:55:02.636+0700] {logging_mixin.py:149} INFO - [2023-06-22T14:55:02.636+0700] {dag.py:3486} INFO - Setting next_dagrun for example_sensor_decorator to None, run_after=None
[2023-06-22T14:55:02.653+0700] {processor.py:179} INFO - Processing /Users/macbook/Documents/Documents_MacBook_Pro/ISTT/AirflowTutorial/envlibs/lib/python3.10/site-packages/airflow/example_dags/example_sensor_decorator.py took 0.754 seconds
[2023-06-22T14:56:58.113+0700] {processor.py:157} INFO - Started process (PID=12928) to work on /Users/macbook/Documents/Documents_MacBook_Pro/ISTT/AirflowTutorial/envlibs/lib/python3.10/site-packages/airflow/example_dags/example_sensor_decorator.py
[2023-06-22T14:56:58.117+0700] {processor.py:826} INFO - Processing file /Users/macbook/Documents/Documents_MacBook_Pro/ISTT/AirflowTutorial/envlibs/lib/python3.10/site-packages/airflow/example_dags/example_sensor_decorator.py for tasks to queue
[2023-06-22T14:56:58.118+0700] {logging_mixin.py:149} INFO - [2023-06-22T14:56:58.118+0700] {dagbag.py:541} INFO - Filling up the DagBag from /Users/macbook/Documents/Documents_MacBook_Pro/ISTT/AirflowTutorial/envlibs/lib/python3.10/site-packages/airflow/example_dags/example_sensor_decorator.py
[2023-06-22T14:56:58.200+0700] {processor.py:836} INFO - DAG(s) dict_keys(['example_sensor_decorator']) retrieved from /Users/macbook/Documents/Documents_MacBook_Pro/ISTT/AirflowTutorial/envlibs/lib/python3.10/site-packages/airflow/example_dags/example_sensor_decorator.py
[2023-06-22T14:56:59.116+0700] {logging_mixin.py:149} INFO - [2023-06-22T14:56:59.116+0700] {dag.py:2726} INFO - Sync 1 DAGs
[2023-06-22T14:56:59.132+0700] {logging_mixin.py:149} INFO - [2023-06-22T14:56:59.132+0700] {dag.py:3486} INFO - Setting next_dagrun for example_sensor_decorator to None, run_after=None
[2023-06-22T14:56:59.152+0700] {processor.py:179} INFO - Processing /Users/macbook/Documents/Documents_MacBook_Pro/ISTT/AirflowTutorial/envlibs/lib/python3.10/site-packages/airflow/example_dags/example_sensor_decorator.py took 1.040 seconds
[2023-06-22T14:59:00.465+0700] {processor.py:157} INFO - Started process (PID=12980) to work on /Users/macbook/Documents/Documents_MacBook_Pro/ISTT/AirflowTutorial/envlibs/lib/python3.10/site-packages/airflow/example_dags/example_sensor_decorator.py
[2023-06-22T14:59:00.467+0700] {processor.py:826} INFO - Processing file /Users/macbook/Documents/Documents_MacBook_Pro/ISTT/AirflowTutorial/envlibs/lib/python3.10/site-packages/airflow/example_dags/example_sensor_decorator.py for tasks to queue
[2023-06-22T14:59:00.467+0700] {logging_mixin.py:149} INFO - [2023-06-22T14:59:00.467+0700] {dagbag.py:541} INFO - Filling up the DagBag from /Users/macbook/Documents/Documents_MacBook_Pro/ISTT/AirflowTutorial/envlibs/lib/python3.10/site-packages/airflow/example_dags/example_sensor_decorator.py
[2023-06-22T14:59:00.515+0700] {processor.py:836} INFO - DAG(s) dict_keys(['example_sensor_decorator']) retrieved from /Users/macbook/Documents/Documents_MacBook_Pro/ISTT/AirflowTutorial/envlibs/lib/python3.10/site-packages/airflow/example_dags/example_sensor_decorator.py
[2023-06-22T14:59:01.213+0700] {logging_mixin.py:149} INFO - [2023-06-22T14:59:01.212+0700] {dag.py:2726} INFO - Sync 1 DAGs
[2023-06-22T14:59:01.227+0700] {logging_mixin.py:149} INFO - [2023-06-22T14:59:01.227+0700] {dag.py:3486} INFO - Setting next_dagrun for example_sensor_decorator to None, run_after=None
[2023-06-22T14:59:01.246+0700] {processor.py:179} INFO - Processing /Users/macbook/Documents/Documents_MacBook_Pro/ISTT/AirflowTutorial/envlibs/lib/python3.10/site-packages/airflow/example_dags/example_sensor_decorator.py took 0.781 seconds
[2023-06-22T15:01:03.696+0700] {processor.py:157} INFO - Started process (PID=13035) to work on /Users/macbook/Documents/Documents_MacBook_Pro/ISTT/AirflowTutorial/envlibs/lib/python3.10/site-packages/airflow/example_dags/example_sensor_decorator.py
[2023-06-22T15:01:03.697+0700] {processor.py:826} INFO - Processing file /Users/macbook/Documents/Documents_MacBook_Pro/ISTT/AirflowTutorial/envlibs/lib/python3.10/site-packages/airflow/example_dags/example_sensor_decorator.py for tasks to queue
[2023-06-22T15:01:03.698+0700] {logging_mixin.py:149} INFO - [2023-06-22T15:01:03.698+0700] {dagbag.py:541} INFO - Filling up the DagBag from /Users/macbook/Documents/Documents_MacBook_Pro/ISTT/AirflowTutorial/envlibs/lib/python3.10/site-packages/airflow/example_dags/example_sensor_decorator.py
[2023-06-22T15:01:03.745+0700] {processor.py:836} INFO - DAG(s) dict_keys(['example_sensor_decorator']) retrieved from /Users/macbook/Documents/Documents_MacBook_Pro/ISTT/AirflowTutorial/envlibs/lib/python3.10/site-packages/airflow/example_dags/example_sensor_decorator.py
[2023-06-22T15:01:04.463+0700] {logging_mixin.py:149} INFO - [2023-06-22T15:01:04.463+0700] {dag.py:2726} INFO - Sync 1 DAGs
[2023-06-22T15:01:04.478+0700] {logging_mixin.py:149} INFO - [2023-06-22T15:01:04.478+0700] {dag.py:3486} INFO - Setting next_dagrun for example_sensor_decorator to None, run_after=None
[2023-06-22T15:01:04.500+0700] {processor.py:179} INFO - Processing /Users/macbook/Documents/Documents_MacBook_Pro/ISTT/AirflowTutorial/envlibs/lib/python3.10/site-packages/airflow/example_dags/example_sensor_decorator.py took 0.805 seconds
[2023-06-22T15:03:05.669+0700] {processor.py:157} INFO - Started process (PID=13092) to work on /Users/macbook/Documents/Documents_MacBook_Pro/ISTT/AirflowTutorial/envlibs/lib/python3.10/site-packages/airflow/example_dags/example_sensor_decorator.py
[2023-06-22T15:03:05.671+0700] {processor.py:826} INFO - Processing file /Users/macbook/Documents/Documents_MacBook_Pro/ISTT/AirflowTutorial/envlibs/lib/python3.10/site-packages/airflow/example_dags/example_sensor_decorator.py for tasks to queue
[2023-06-22T15:03:05.671+0700] {logging_mixin.py:149} INFO - [2023-06-22T15:03:05.671+0700] {dagbag.py:541} INFO - Filling up the DagBag from /Users/macbook/Documents/Documents_MacBook_Pro/ISTT/AirflowTutorial/envlibs/lib/python3.10/site-packages/airflow/example_dags/example_sensor_decorator.py
[2023-06-22T15:03:05.724+0700] {processor.py:836} INFO - DAG(s) dict_keys(['example_sensor_decorator']) retrieved from /Users/macbook/Documents/Documents_MacBook_Pro/ISTT/AirflowTutorial/envlibs/lib/python3.10/site-packages/airflow/example_dags/example_sensor_decorator.py
[2023-06-22T15:03:06.488+0700] {logging_mixin.py:149} INFO - [2023-06-22T15:03:06.488+0700] {dag.py:2726} INFO - Sync 1 DAGs
[2023-06-22T15:03:06.503+0700] {logging_mixin.py:149} INFO - [2023-06-22T15:03:06.503+0700] {dag.py:3486} INFO - Setting next_dagrun for example_sensor_decorator to None, run_after=None
[2023-06-22T15:03:06.522+0700] {processor.py:179} INFO - Processing /Users/macbook/Documents/Documents_MacBook_Pro/ISTT/AirflowTutorial/envlibs/lib/python3.10/site-packages/airflow/example_dags/example_sensor_decorator.py took 0.853 seconds
[2023-06-22T15:05:05.963+0700] {processor.py:157} INFO - Started process (PID=13152) to work on /Users/macbook/Documents/Documents_MacBook_Pro/ISTT/AirflowTutorial/envlibs/lib/python3.10/site-packages/airflow/example_dags/example_sensor_decorator.py
[2023-06-22T15:05:05.965+0700] {processor.py:826} INFO - Processing file /Users/macbook/Documents/Documents_MacBook_Pro/ISTT/AirflowTutorial/envlibs/lib/python3.10/site-packages/airflow/example_dags/example_sensor_decorator.py for tasks to queue
[2023-06-22T15:05:05.965+0700] {logging_mixin.py:149} INFO - [2023-06-22T15:05:05.965+0700] {dagbag.py:541} INFO - Filling up the DagBag from /Users/macbook/Documents/Documents_MacBook_Pro/ISTT/AirflowTutorial/envlibs/lib/python3.10/site-packages/airflow/example_dags/example_sensor_decorator.py
[2023-06-22T15:05:06.014+0700] {processor.py:836} INFO - DAG(s) dict_keys(['example_sensor_decorator']) retrieved from /Users/macbook/Documents/Documents_MacBook_Pro/ISTT/AirflowTutorial/envlibs/lib/python3.10/site-packages/airflow/example_dags/example_sensor_decorator.py
[2023-06-22T15:05:06.718+0700] {logging_mixin.py:149} INFO - [2023-06-22T15:05:06.718+0700] {dag.py:2726} INFO - Sync 1 DAGs
[2023-06-22T15:05:06.735+0700] {logging_mixin.py:149} INFO - [2023-06-22T15:05:06.734+0700] {dag.py:3486} INFO - Setting next_dagrun for example_sensor_decorator to None, run_after=None
[2023-06-22T15:05:06.752+0700] {processor.py:179} INFO - Processing /Users/macbook/Documents/Documents_MacBook_Pro/ISTT/AirflowTutorial/envlibs/lib/python3.10/site-packages/airflow/example_dags/example_sensor_decorator.py took 0.790 seconds
[2023-06-22T15:07:16.088+0700] {processor.py:157} INFO - Started process (PID=13254) to work on /Users/macbook/Documents/Documents_MacBook_Pro/ISTT/AirflowTutorial/envlibs/lib/python3.10/site-packages/airflow/example_dags/example_sensor_decorator.py
[2023-06-22T15:07:16.090+0700] {processor.py:826} INFO - Processing file /Users/macbook/Documents/Documents_MacBook_Pro/ISTT/AirflowTutorial/envlibs/lib/python3.10/site-packages/airflow/example_dags/example_sensor_decorator.py for tasks to queue
[2023-06-22T15:07:16.090+0700] {logging_mixin.py:149} INFO - [2023-06-22T15:07:16.090+0700] {dagbag.py:541} INFO - Filling up the DagBag from /Users/macbook/Documents/Documents_MacBook_Pro/ISTT/AirflowTutorial/envlibs/lib/python3.10/site-packages/airflow/example_dags/example_sensor_decorator.py
[2023-06-22T15:07:16.140+0700] {processor.py:836} INFO - DAG(s) dict_keys(['example_sensor_decorator']) retrieved from /Users/macbook/Documents/Documents_MacBook_Pro/ISTT/AirflowTutorial/envlibs/lib/python3.10/site-packages/airflow/example_dags/example_sensor_decorator.py
[2023-06-22T15:07:16.910+0700] {logging_mixin.py:149} INFO - [2023-06-22T15:07:16.909+0700] {dag.py:2726} INFO - Sync 1 DAGs
[2023-06-22T15:07:16.926+0700] {logging_mixin.py:149} INFO - [2023-06-22T15:07:16.926+0700] {dag.py:3486} INFO - Setting next_dagrun for example_sensor_decorator to None, run_after=None
[2023-06-22T15:07:16.944+0700] {processor.py:179} INFO - Processing /Users/macbook/Documents/Documents_MacBook_Pro/ISTT/AirflowTutorial/envlibs/lib/python3.10/site-packages/airflow/example_dags/example_sensor_decorator.py took 0.857 seconds
[2023-06-22T15:09:16.194+0700] {processor.py:157} INFO - Started process (PID=13305) to work on /Users/macbook/Documents/Documents_MacBook_Pro/ISTT/AirflowTutorial/envlibs/lib/python3.10/site-packages/airflow/example_dags/example_sensor_decorator.py
[2023-06-22T15:09:16.194+0700] {processor.py:826} INFO - Processing file /Users/macbook/Documents/Documents_MacBook_Pro/ISTT/AirflowTutorial/envlibs/lib/python3.10/site-packages/airflow/example_dags/example_sensor_decorator.py for tasks to queue
[2023-06-22T15:09:16.195+0700] {logging_mixin.py:149} INFO - [2023-06-22T15:09:16.195+0700] {dagbag.py:541} INFO - Filling up the DagBag from /Users/macbook/Documents/Documents_MacBook_Pro/ISTT/AirflowTutorial/envlibs/lib/python3.10/site-packages/airflow/example_dags/example_sensor_decorator.py
[2023-06-22T15:09:16.243+0700] {processor.py:836} INFO - DAG(s) dict_keys(['example_sensor_decorator']) retrieved from /Users/macbook/Documents/Documents_MacBook_Pro/ISTT/AirflowTutorial/envlibs/lib/python3.10/site-packages/airflow/example_dags/example_sensor_decorator.py
[2023-06-22T15:09:17.062+0700] {logging_mixin.py:149} INFO - [2023-06-22T15:09:17.061+0700] {dag.py:2726} INFO - Sync 1 DAGs
[2023-06-22T15:09:17.078+0700] {logging_mixin.py:149} INFO - [2023-06-22T15:09:17.078+0700] {dag.py:3486} INFO - Setting next_dagrun for example_sensor_decorator to None, run_after=None
[2023-06-22T15:09:17.098+0700] {processor.py:179} INFO - Processing /Users/macbook/Documents/Documents_MacBook_Pro/ISTT/AirflowTutorial/envlibs/lib/python3.10/site-packages/airflow/example_dags/example_sensor_decorator.py took 0.905 seconds
[2023-06-22T15:11:22.987+0700] {processor.py:157} INFO - Started process (PID=13402) to work on /Users/macbook/Documents/Documents_MacBook_Pro/ISTT/AirflowTutorial/envlibs/lib/python3.10/site-packages/airflow/example_dags/example_sensor_decorator.py
[2023-06-22T15:11:22.988+0700] {processor.py:826} INFO - Processing file /Users/macbook/Documents/Documents_MacBook_Pro/ISTT/AirflowTutorial/envlibs/lib/python3.10/site-packages/airflow/example_dags/example_sensor_decorator.py for tasks to queue
[2023-06-22T15:11:22.989+0700] {logging_mixin.py:149} INFO - [2023-06-22T15:11:22.989+0700] {dagbag.py:541} INFO - Filling up the DagBag from /Users/macbook/Documents/Documents_MacBook_Pro/ISTT/AirflowTutorial/envlibs/lib/python3.10/site-packages/airflow/example_dags/example_sensor_decorator.py
[2023-06-22T15:11:23.042+0700] {processor.py:836} INFO - DAG(s) dict_keys(['example_sensor_decorator']) retrieved from /Users/macbook/Documents/Documents_MacBook_Pro/ISTT/AirflowTutorial/envlibs/lib/python3.10/site-packages/airflow/example_dags/example_sensor_decorator.py
[2023-06-22T15:11:24.098+0700] {logging_mixin.py:149} INFO - [2023-06-22T15:11:24.098+0700] {dag.py:2726} INFO - Sync 1 DAGs
[2023-06-22T15:11:24.121+0700] {logging_mixin.py:149} INFO - [2023-06-22T15:11:24.121+0700] {dag.py:3486} INFO - Setting next_dagrun for example_sensor_decorator to None, run_after=None
[2023-06-22T15:11:24.145+0700] {processor.py:179} INFO - Processing /Users/macbook/Documents/Documents_MacBook_Pro/ISTT/AirflowTutorial/envlibs/lib/python3.10/site-packages/airflow/example_dags/example_sensor_decorator.py took 1.159 seconds
[2023-06-22T15:13:28.675+0700] {processor.py:157} INFO - Started process (PID=13483) to work on /Users/macbook/Documents/Documents_MacBook_Pro/ISTT/AirflowTutorial/envlibs/lib/python3.10/site-packages/airflow/example_dags/example_sensor_decorator.py
[2023-06-22T15:13:28.675+0700] {processor.py:826} INFO - Processing file /Users/macbook/Documents/Documents_MacBook_Pro/ISTT/AirflowTutorial/envlibs/lib/python3.10/site-packages/airflow/example_dags/example_sensor_decorator.py for tasks to queue
[2023-06-22T15:13:28.676+0700] {logging_mixin.py:149} INFO - [2023-06-22T15:13:28.676+0700] {dagbag.py:541} INFO - Filling up the DagBag from /Users/macbook/Documents/Documents_MacBook_Pro/ISTT/AirflowTutorial/envlibs/lib/python3.10/site-packages/airflow/example_dags/example_sensor_decorator.py
[2023-06-22T15:13:28.737+0700] {processor.py:836} INFO - DAG(s) dict_keys(['example_sensor_decorator']) retrieved from /Users/macbook/Documents/Documents_MacBook_Pro/ISTT/AirflowTutorial/envlibs/lib/python3.10/site-packages/airflow/example_dags/example_sensor_decorator.py
[2023-06-22T15:13:29.672+0700] {logging_mixin.py:149} INFO - [2023-06-22T15:13:29.672+0700] {dag.py:2726} INFO - Sync 1 DAGs
[2023-06-22T15:13:29.693+0700] {logging_mixin.py:149} INFO - [2023-06-22T15:13:29.693+0700] {dag.py:3486} INFO - Setting next_dagrun for example_sensor_decorator to None, run_after=None
[2023-06-22T15:13:29.715+0700] {processor.py:179} INFO - Processing /Users/macbook/Documents/Documents_MacBook_Pro/ISTT/AirflowTutorial/envlibs/lib/python3.10/site-packages/airflow/example_dags/example_sensor_decorator.py took 1.041 seconds
[2023-06-22T15:15:35.595+0700] {processor.py:157} INFO - Started process (PID=13557) to work on /Users/macbook/Documents/Documents_MacBook_Pro/ISTT/AirflowTutorial/envlibs/lib/python3.10/site-packages/airflow/example_dags/example_sensor_decorator.py
[2023-06-22T15:15:35.596+0700] {processor.py:826} INFO - Processing file /Users/macbook/Documents/Documents_MacBook_Pro/ISTT/AirflowTutorial/envlibs/lib/python3.10/site-packages/airflow/example_dags/example_sensor_decorator.py for tasks to queue
[2023-06-22T15:15:35.596+0700] {logging_mixin.py:149} INFO - [2023-06-22T15:15:35.596+0700] {dagbag.py:541} INFO - Filling up the DagBag from /Users/macbook/Documents/Documents_MacBook_Pro/ISTT/AirflowTutorial/envlibs/lib/python3.10/site-packages/airflow/example_dags/example_sensor_decorator.py
[2023-06-22T15:15:35.655+0700] {processor.py:836} INFO - DAG(s) dict_keys(['example_sensor_decorator']) retrieved from /Users/macbook/Documents/Documents_MacBook_Pro/ISTT/AirflowTutorial/envlibs/lib/python3.10/site-packages/airflow/example_dags/example_sensor_decorator.py
[2023-06-22T15:15:36.484+0700] {logging_mixin.py:149} INFO - [2023-06-22T15:15:36.484+0700] {dag.py:2726} INFO - Sync 1 DAGs
[2023-06-22T15:15:36.499+0700] {logging_mixin.py:149} INFO - [2023-06-22T15:15:36.499+0700] {dag.py:3486} INFO - Setting next_dagrun for example_sensor_decorator to None, run_after=None
[2023-06-22T15:15:36.516+0700] {processor.py:179} INFO - Processing /Users/macbook/Documents/Documents_MacBook_Pro/ISTT/AirflowTutorial/envlibs/lib/python3.10/site-packages/airflow/example_dags/example_sensor_decorator.py took 0.922 seconds
[2023-06-22T15:17:44.293+0700] {processor.py:157} INFO - Started process (PID=13639) to work on /Users/macbook/Documents/Documents_MacBook_Pro/ISTT/AirflowTutorial/envlibs/lib/python3.10/site-packages/airflow/example_dags/example_sensor_decorator.py
[2023-06-22T15:17:44.293+0700] {processor.py:826} INFO - Processing file /Users/macbook/Documents/Documents_MacBook_Pro/ISTT/AirflowTutorial/envlibs/lib/python3.10/site-packages/airflow/example_dags/example_sensor_decorator.py for tasks to queue
[2023-06-22T15:17:44.294+0700] {logging_mixin.py:149} INFO - [2023-06-22T15:17:44.294+0700] {dagbag.py:541} INFO - Filling up the DagBag from /Users/macbook/Documents/Documents_MacBook_Pro/ISTT/AirflowTutorial/envlibs/lib/python3.10/site-packages/airflow/example_dags/example_sensor_decorator.py
[2023-06-22T15:17:44.339+0700] {processor.py:836} INFO - DAG(s) dict_keys(['example_sensor_decorator']) retrieved from /Users/macbook/Documents/Documents_MacBook_Pro/ISTT/AirflowTutorial/envlibs/lib/python3.10/site-packages/airflow/example_dags/example_sensor_decorator.py
[2023-06-22T15:17:45.058+0700] {logging_mixin.py:149} INFO - [2023-06-22T15:17:45.058+0700] {dag.py:2726} INFO - Sync 1 DAGs
[2023-06-22T15:17:45.074+0700] {logging_mixin.py:149} INFO - [2023-06-22T15:17:45.074+0700] {dag.py:3486} INFO - Setting next_dagrun for example_sensor_decorator to None, run_after=None
[2023-06-22T15:17:45.091+0700] {processor.py:179} INFO - Processing /Users/macbook/Documents/Documents_MacBook_Pro/ISTT/AirflowTutorial/envlibs/lib/python3.10/site-packages/airflow/example_dags/example_sensor_decorator.py took 0.799 seconds
[2023-06-22T15:19:44.461+0700] {processor.py:157} INFO - Started process (PID=13730) to work on /Users/macbook/Documents/Documents_MacBook_Pro/ISTT/AirflowTutorial/envlibs/lib/python3.10/site-packages/airflow/example_dags/example_sensor_decorator.py
[2023-06-22T15:19:44.463+0700] {processor.py:826} INFO - Processing file /Users/macbook/Documents/Documents_MacBook_Pro/ISTT/AirflowTutorial/envlibs/lib/python3.10/site-packages/airflow/example_dags/example_sensor_decorator.py for tasks to queue
[2023-06-22T15:19:44.464+0700] {logging_mixin.py:149} INFO - [2023-06-22T15:19:44.464+0700] {dagbag.py:541} INFO - Filling up the DagBag from /Users/macbook/Documents/Documents_MacBook_Pro/ISTT/AirflowTutorial/envlibs/lib/python3.10/site-packages/airflow/example_dags/example_sensor_decorator.py
[2023-06-22T15:19:44.540+0700] {processor.py:836} INFO - DAG(s) dict_keys(['example_sensor_decorator']) retrieved from /Users/macbook/Documents/Documents_MacBook_Pro/ISTT/AirflowTutorial/envlibs/lib/python3.10/site-packages/airflow/example_dags/example_sensor_decorator.py
[2023-06-22T15:19:45.505+0700] {logging_mixin.py:149} INFO - [2023-06-22T15:19:45.505+0700] {dag.py:2726} INFO - Sync 1 DAGs
[2023-06-22T15:19:45.522+0700] {logging_mixin.py:149} INFO - [2023-06-22T15:19:45.522+0700] {dag.py:3486} INFO - Setting next_dagrun for example_sensor_decorator to None, run_after=None
[2023-06-22T15:19:45.544+0700] {processor.py:179} INFO - Processing /Users/macbook/Documents/Documents_MacBook_Pro/ISTT/AirflowTutorial/envlibs/lib/python3.10/site-packages/airflow/example_dags/example_sensor_decorator.py took 1.084 seconds
[2023-06-22T15:21:45.389+0700] {processor.py:157} INFO - Started process (PID=13786) to work on /Users/macbook/Documents/Documents_MacBook_Pro/ISTT/AirflowTutorial/envlibs/lib/python3.10/site-packages/airflow/example_dags/example_sensor_decorator.py
[2023-06-22T15:21:45.391+0700] {processor.py:826} INFO - Processing file /Users/macbook/Documents/Documents_MacBook_Pro/ISTT/AirflowTutorial/envlibs/lib/python3.10/site-packages/airflow/example_dags/example_sensor_decorator.py for tasks to queue
[2023-06-22T15:21:45.391+0700] {logging_mixin.py:149} INFO - [2023-06-22T15:21:45.391+0700] {dagbag.py:541} INFO - Filling up the DagBag from /Users/macbook/Documents/Documents_MacBook_Pro/ISTT/AirflowTutorial/envlibs/lib/python3.10/site-packages/airflow/example_dags/example_sensor_decorator.py
[2023-06-22T15:21:45.439+0700] {processor.py:836} INFO - DAG(s) dict_keys(['example_sensor_decorator']) retrieved from /Users/macbook/Documents/Documents_MacBook_Pro/ISTT/AirflowTutorial/envlibs/lib/python3.10/site-packages/airflow/example_dags/example_sensor_decorator.py
[2023-06-22T15:21:46.163+0700] {logging_mixin.py:149} INFO - [2023-06-22T15:21:46.163+0700] {dag.py:2726} INFO - Sync 1 DAGs
[2023-06-22T15:21:46.177+0700] {logging_mixin.py:149} INFO - [2023-06-22T15:21:46.177+0700] {dag.py:3486} INFO - Setting next_dagrun for example_sensor_decorator to None, run_after=None
[2023-06-22T15:21:46.195+0700] {processor.py:179} INFO - Processing /Users/macbook/Documents/Documents_MacBook_Pro/ISTT/AirflowTutorial/envlibs/lib/python3.10/site-packages/airflow/example_dags/example_sensor_decorator.py took 0.807 seconds
[2023-06-22T15:24:01.446+0700] {processor.py:157} INFO - Started process (PID=13854) to work on /Users/macbook/Documents/Documents_MacBook_Pro/ISTT/AirflowTutorial/envlibs/lib/python3.10/site-packages/airflow/example_dags/example_sensor_decorator.py
[2023-06-22T15:24:01.447+0700] {processor.py:826} INFO - Processing file /Users/macbook/Documents/Documents_MacBook_Pro/ISTT/AirflowTutorial/envlibs/lib/python3.10/site-packages/airflow/example_dags/example_sensor_decorator.py for tasks to queue
[2023-06-22T15:24:01.448+0700] {logging_mixin.py:149} INFO - [2023-06-22T15:24:01.448+0700] {dagbag.py:541} INFO - Filling up the DagBag from /Users/macbook/Documents/Documents_MacBook_Pro/ISTT/AirflowTutorial/envlibs/lib/python3.10/site-packages/airflow/example_dags/example_sensor_decorator.py
[2023-06-22T15:24:01.515+0700] {processor.py:836} INFO - DAG(s) dict_keys(['example_sensor_decorator']) retrieved from /Users/macbook/Documents/Documents_MacBook_Pro/ISTT/AirflowTutorial/envlibs/lib/python3.10/site-packages/airflow/example_dags/example_sensor_decorator.py
[2023-06-22T15:24:02.362+0700] {logging_mixin.py:149} INFO - [2023-06-22T15:24:02.362+0700] {dag.py:2726} INFO - Sync 1 DAGs
[2023-06-22T15:24:02.379+0700] {logging_mixin.py:149} INFO - [2023-06-22T15:24:02.379+0700] {dag.py:3486} INFO - Setting next_dagrun for example_sensor_decorator to None, run_after=None
[2023-06-22T15:24:02.399+0700] {processor.py:179} INFO - Processing /Users/macbook/Documents/Documents_MacBook_Pro/ISTT/AirflowTutorial/envlibs/lib/python3.10/site-packages/airflow/example_dags/example_sensor_decorator.py took 0.954 seconds
[2023-06-22T15:26:16.327+0700] {processor.py:157} INFO - Started process (PID=13912) to work on /Users/macbook/Documents/Documents_MacBook_Pro/ISTT/AirflowTutorial/envlibs/lib/python3.10/site-packages/airflow/example_dags/example_sensor_decorator.py
[2023-06-22T15:26:16.329+0700] {processor.py:826} INFO - Processing file /Users/macbook/Documents/Documents_MacBook_Pro/ISTT/AirflowTutorial/envlibs/lib/python3.10/site-packages/airflow/example_dags/example_sensor_decorator.py for tasks to queue
[2023-06-22T15:26:16.329+0700] {logging_mixin.py:149} INFO - [2023-06-22T15:26:16.329+0700] {dagbag.py:541} INFO - Filling up the DagBag from /Users/macbook/Documents/Documents_MacBook_Pro/ISTT/AirflowTutorial/envlibs/lib/python3.10/site-packages/airflow/example_dags/example_sensor_decorator.py
[2023-06-22T15:26:16.375+0700] {processor.py:836} INFO - DAG(s) dict_keys(['example_sensor_decorator']) retrieved from /Users/macbook/Documents/Documents_MacBook_Pro/ISTT/AirflowTutorial/envlibs/lib/python3.10/site-packages/airflow/example_dags/example_sensor_decorator.py
[2023-06-22T15:26:17.092+0700] {logging_mixin.py:149} INFO - [2023-06-22T15:26:17.091+0700] {dag.py:2726} INFO - Sync 1 DAGs
[2023-06-22T15:26:17.106+0700] {logging_mixin.py:149} INFO - [2023-06-22T15:26:17.106+0700] {dag.py:3486} INFO - Setting next_dagrun for example_sensor_decorator to None, run_after=None
[2023-06-22T15:26:17.131+0700] {processor.py:179} INFO - Processing /Users/macbook/Documents/Documents_MacBook_Pro/ISTT/AirflowTutorial/envlibs/lib/python3.10/site-packages/airflow/example_dags/example_sensor_decorator.py took 0.804 seconds
[2023-06-22T15:28:25.480+0700] {processor.py:157} INFO - Started process (PID=13968) to work on /Users/macbook/Documents/Documents_MacBook_Pro/ISTT/AirflowTutorial/envlibs/lib/python3.10/site-packages/airflow/example_dags/example_sensor_decorator.py
[2023-06-22T15:28:25.481+0700] {processor.py:826} INFO - Processing file /Users/macbook/Documents/Documents_MacBook_Pro/ISTT/AirflowTutorial/envlibs/lib/python3.10/site-packages/airflow/example_dags/example_sensor_decorator.py for tasks to queue
[2023-06-22T15:28:25.482+0700] {logging_mixin.py:149} INFO - [2023-06-22T15:28:25.482+0700] {dagbag.py:541} INFO - Filling up the DagBag from /Users/macbook/Documents/Documents_MacBook_Pro/ISTT/AirflowTutorial/envlibs/lib/python3.10/site-packages/airflow/example_dags/example_sensor_decorator.py
[2023-06-22T15:28:25.562+0700] {processor.py:836} INFO - DAG(s) dict_keys(['example_sensor_decorator']) retrieved from /Users/macbook/Documents/Documents_MacBook_Pro/ISTT/AirflowTutorial/envlibs/lib/python3.10/site-packages/airflow/example_dags/example_sensor_decorator.py
[2023-06-22T15:28:26.405+0700] {logging_mixin.py:149} INFO - [2023-06-22T15:28:26.405+0700] {dag.py:2726} INFO - Sync 1 DAGs
[2023-06-22T15:28:26.429+0700] {logging_mixin.py:149} INFO - [2023-06-22T15:28:26.429+0700] {dag.py:3486} INFO - Setting next_dagrun for example_sensor_decorator to None, run_after=None
[2023-06-22T15:28:26.450+0700] {processor.py:179} INFO - Processing /Users/macbook/Documents/Documents_MacBook_Pro/ISTT/AirflowTutorial/envlibs/lib/python3.10/site-packages/airflow/example_dags/example_sensor_decorator.py took 0.972 seconds
[2023-06-22T15:30:33.417+0700] {processor.py:157} INFO - Started process (PID=14022) to work on /Users/macbook/Documents/Documents_MacBook_Pro/ISTT/AirflowTutorial/envlibs/lib/python3.10/site-packages/airflow/example_dags/example_sensor_decorator.py
[2023-06-22T15:30:33.419+0700] {processor.py:826} INFO - Processing file /Users/macbook/Documents/Documents_MacBook_Pro/ISTT/AirflowTutorial/envlibs/lib/python3.10/site-packages/airflow/example_dags/example_sensor_decorator.py for tasks to queue
[2023-06-22T15:30:33.419+0700] {logging_mixin.py:149} INFO - [2023-06-22T15:30:33.419+0700] {dagbag.py:541} INFO - Filling up the DagBag from /Users/macbook/Documents/Documents_MacBook_Pro/ISTT/AirflowTutorial/envlibs/lib/python3.10/site-packages/airflow/example_dags/example_sensor_decorator.py
[2023-06-22T15:30:33.471+0700] {processor.py:836} INFO - DAG(s) dict_keys(['example_sensor_decorator']) retrieved from /Users/macbook/Documents/Documents_MacBook_Pro/ISTT/AirflowTutorial/envlibs/lib/python3.10/site-packages/airflow/example_dags/example_sensor_decorator.py
[2023-06-22T15:30:34.212+0700] {logging_mixin.py:149} INFO - [2023-06-22T15:30:34.211+0700] {dag.py:2726} INFO - Sync 1 DAGs
[2023-06-22T15:30:34.228+0700] {logging_mixin.py:149} INFO - [2023-06-22T15:30:34.228+0700] {dag.py:3486} INFO - Setting next_dagrun for example_sensor_decorator to None, run_after=None
[2023-06-22T15:30:34.252+0700] {processor.py:179} INFO - Processing /Users/macbook/Documents/Documents_MacBook_Pro/ISTT/AirflowTutorial/envlibs/lib/python3.10/site-packages/airflow/example_dags/example_sensor_decorator.py took 0.836 seconds
[2023-06-22T15:32:38.012+0700] {processor.py:157} INFO - Started process (PID=14090) to work on /Users/macbook/Documents/Documents_MacBook_Pro/ISTT/AirflowTutorial/envlibs/lib/python3.10/site-packages/airflow/example_dags/example_sensor_decorator.py
[2023-06-22T15:32:38.013+0700] {processor.py:826} INFO - Processing file /Users/macbook/Documents/Documents_MacBook_Pro/ISTT/AirflowTutorial/envlibs/lib/python3.10/site-packages/airflow/example_dags/example_sensor_decorator.py for tasks to queue
[2023-06-22T15:32:38.014+0700] {logging_mixin.py:149} INFO - [2023-06-22T15:32:38.014+0700] {dagbag.py:541} INFO - Filling up the DagBag from /Users/macbook/Documents/Documents_MacBook_Pro/ISTT/AirflowTutorial/envlibs/lib/python3.10/site-packages/airflow/example_dags/example_sensor_decorator.py
[2023-06-22T15:32:38.081+0700] {processor.py:836} INFO - DAG(s) dict_keys(['example_sensor_decorator']) retrieved from /Users/macbook/Documents/Documents_MacBook_Pro/ISTT/AirflowTutorial/envlibs/lib/python3.10/site-packages/airflow/example_dags/example_sensor_decorator.py
[2023-06-22T15:32:39.116+0700] {logging_mixin.py:149} INFO - [2023-06-22T15:32:39.116+0700] {dag.py:2726} INFO - Sync 1 DAGs
[2023-06-22T15:32:39.134+0700] {logging_mixin.py:149} INFO - [2023-06-22T15:32:39.134+0700] {dag.py:3486} INFO - Setting next_dagrun for example_sensor_decorator to None, run_after=None
[2023-06-22T15:32:39.153+0700] {processor.py:179} INFO - Processing /Users/macbook/Documents/Documents_MacBook_Pro/ISTT/AirflowTutorial/envlibs/lib/python3.10/site-packages/airflow/example_dags/example_sensor_decorator.py took 1.142 seconds
[2023-06-22T15:34:44.815+0700] {processor.py:157} INFO - Started process (PID=14152) to work on /Users/macbook/Documents/Documents_MacBook_Pro/ISTT/AirflowTutorial/envlibs/lib/python3.10/site-packages/airflow/example_dags/example_sensor_decorator.py
[2023-06-22T15:34:44.816+0700] {processor.py:826} INFO - Processing file /Users/macbook/Documents/Documents_MacBook_Pro/ISTT/AirflowTutorial/envlibs/lib/python3.10/site-packages/airflow/example_dags/example_sensor_decorator.py for tasks to queue
[2023-06-22T15:34:44.817+0700] {logging_mixin.py:149} INFO - [2023-06-22T15:34:44.816+0700] {dagbag.py:541} INFO - Filling up the DagBag from /Users/macbook/Documents/Documents_MacBook_Pro/ISTT/AirflowTutorial/envlibs/lib/python3.10/site-packages/airflow/example_dags/example_sensor_decorator.py
[2023-06-22T15:34:44.888+0700] {processor.py:836} INFO - DAG(s) dict_keys(['example_sensor_decorator']) retrieved from /Users/macbook/Documents/Documents_MacBook_Pro/ISTT/AirflowTutorial/envlibs/lib/python3.10/site-packages/airflow/example_dags/example_sensor_decorator.py
[2023-06-22T15:34:45.672+0700] {logging_mixin.py:149} INFO - [2023-06-22T15:34:45.672+0700] {dag.py:2726} INFO - Sync 1 DAGs
[2023-06-22T15:34:45.688+0700] {logging_mixin.py:149} INFO - [2023-06-22T15:34:45.688+0700] {dag.py:3486} INFO - Setting next_dagrun for example_sensor_decorator to None, run_after=None
[2023-06-22T15:34:45.707+0700] {processor.py:179} INFO - Processing /Users/macbook/Documents/Documents_MacBook_Pro/ISTT/AirflowTutorial/envlibs/lib/python3.10/site-packages/airflow/example_dags/example_sensor_decorator.py took 0.894 seconds
[2023-06-22T15:36:48.874+0700] {processor.py:157} INFO - Started process (PID=14203) to work on /Users/macbook/Documents/Documents_MacBook_Pro/ISTT/AirflowTutorial/envlibs/lib/python3.10/site-packages/airflow/example_dags/example_sensor_decorator.py
[2023-06-22T15:36:48.875+0700] {processor.py:826} INFO - Processing file /Users/macbook/Documents/Documents_MacBook_Pro/ISTT/AirflowTutorial/envlibs/lib/python3.10/site-packages/airflow/example_dags/example_sensor_decorator.py for tasks to queue
[2023-06-22T15:36:48.876+0700] {logging_mixin.py:149} INFO - [2023-06-22T15:36:48.876+0700] {dagbag.py:541} INFO - Filling up the DagBag from /Users/macbook/Documents/Documents_MacBook_Pro/ISTT/AirflowTutorial/envlibs/lib/python3.10/site-packages/airflow/example_dags/example_sensor_decorator.py
[2023-06-22T15:36:48.934+0700] {processor.py:836} INFO - DAG(s) dict_keys(['example_sensor_decorator']) retrieved from /Users/macbook/Documents/Documents_MacBook_Pro/ISTT/AirflowTutorial/envlibs/lib/python3.10/site-packages/airflow/example_dags/example_sensor_decorator.py
[2023-06-22T15:36:49.746+0700] {logging_mixin.py:149} INFO - [2023-06-22T15:36:49.745+0700] {dag.py:2726} INFO - Sync 1 DAGs
[2023-06-22T15:36:49.762+0700] {logging_mixin.py:149} INFO - [2023-06-22T15:36:49.762+0700] {dag.py:3486} INFO - Setting next_dagrun for example_sensor_decorator to None, run_after=None
[2023-06-22T15:36:49.784+0700] {processor.py:179} INFO - Processing /Users/macbook/Documents/Documents_MacBook_Pro/ISTT/AirflowTutorial/envlibs/lib/python3.10/site-packages/airflow/example_dags/example_sensor_decorator.py took 0.911 seconds
[2023-06-22T15:39:02.029+0700] {processor.py:157} INFO - Started process (PID=14288) to work on /Users/macbook/Documents/Documents_MacBook_Pro/ISTT/AirflowTutorial/envlibs/lib/python3.10/site-packages/airflow/example_dags/example_sensor_decorator.py
[2023-06-22T15:39:02.031+0700] {processor.py:826} INFO - Processing file /Users/macbook/Documents/Documents_MacBook_Pro/ISTT/AirflowTutorial/envlibs/lib/python3.10/site-packages/airflow/example_dags/example_sensor_decorator.py for tasks to queue
[2023-06-22T15:39:02.031+0700] {logging_mixin.py:149} INFO - [2023-06-22T15:39:02.031+0700] {dagbag.py:541} INFO - Filling up the DagBag from /Users/macbook/Documents/Documents_MacBook_Pro/ISTT/AirflowTutorial/envlibs/lib/python3.10/site-packages/airflow/example_dags/example_sensor_decorator.py
[2023-06-22T15:39:02.087+0700] {processor.py:836} INFO - DAG(s) dict_keys(['example_sensor_decorator']) retrieved from /Users/macbook/Documents/Documents_MacBook_Pro/ISTT/AirflowTutorial/envlibs/lib/python3.10/site-packages/airflow/example_dags/example_sensor_decorator.py
[2023-06-22T15:39:02.871+0700] {logging_mixin.py:149} INFO - [2023-06-22T15:39:02.871+0700] {dag.py:2726} INFO - Sync 1 DAGs
[2023-06-22T15:39:02.886+0700] {logging_mixin.py:149} INFO - [2023-06-22T15:39:02.886+0700] {dag.py:3486} INFO - Setting next_dagrun for example_sensor_decorator to None, run_after=None
[2023-06-22T15:39:02.904+0700] {processor.py:179} INFO - Processing /Users/macbook/Documents/Documents_MacBook_Pro/ISTT/AirflowTutorial/envlibs/lib/python3.10/site-packages/airflow/example_dags/example_sensor_decorator.py took 0.876 seconds
[2023-06-22T15:41:10.271+0700] {processor.py:157} INFO - Started process (PID=14346) to work on /Users/macbook/Documents/Documents_MacBook_Pro/ISTT/AirflowTutorial/envlibs/lib/python3.10/site-packages/airflow/example_dags/example_sensor_decorator.py
[2023-06-22T15:41:10.273+0700] {processor.py:826} INFO - Processing file /Users/macbook/Documents/Documents_MacBook_Pro/ISTT/AirflowTutorial/envlibs/lib/python3.10/site-packages/airflow/example_dags/example_sensor_decorator.py for tasks to queue
[2023-06-22T15:41:10.273+0700] {logging_mixin.py:149} INFO - [2023-06-22T15:41:10.273+0700] {dagbag.py:541} INFO - Filling up the DagBag from /Users/macbook/Documents/Documents_MacBook_Pro/ISTT/AirflowTutorial/envlibs/lib/python3.10/site-packages/airflow/example_dags/example_sensor_decorator.py
[2023-06-22T15:41:10.326+0700] {processor.py:836} INFO - DAG(s) dict_keys(['example_sensor_decorator']) retrieved from /Users/macbook/Documents/Documents_MacBook_Pro/ISTT/AirflowTutorial/envlibs/lib/python3.10/site-packages/airflow/example_dags/example_sensor_decorator.py
[2023-06-22T15:41:11.165+0700] {logging_mixin.py:149} INFO - [2023-06-22T15:41:11.165+0700] {dag.py:2726} INFO - Sync 1 DAGs
[2023-06-22T15:41:11.181+0700] {logging_mixin.py:149} INFO - [2023-06-22T15:41:11.181+0700] {dag.py:3486} INFO - Setting next_dagrun for example_sensor_decorator to None, run_after=None
[2023-06-22T15:41:11.204+0700] {processor.py:179} INFO - Processing /Users/macbook/Documents/Documents_MacBook_Pro/ISTT/AirflowTutorial/envlibs/lib/python3.10/site-packages/airflow/example_dags/example_sensor_decorator.py took 0.933 seconds
[2023-06-22T15:43:21.268+0700] {processor.py:157} INFO - Started process (PID=14424) to work on /Users/macbook/Documents/Documents_MacBook_Pro/ISTT/AirflowTutorial/envlibs/lib/python3.10/site-packages/airflow/example_dags/example_sensor_decorator.py
[2023-06-22T15:43:21.270+0700] {processor.py:826} INFO - Processing file /Users/macbook/Documents/Documents_MacBook_Pro/ISTT/AirflowTutorial/envlibs/lib/python3.10/site-packages/airflow/example_dags/example_sensor_decorator.py for tasks to queue
[2023-06-22T15:43:21.271+0700] {logging_mixin.py:149} INFO - [2023-06-22T15:43:21.270+0700] {dagbag.py:541} INFO - Filling up the DagBag from /Users/macbook/Documents/Documents_MacBook_Pro/ISTT/AirflowTutorial/envlibs/lib/python3.10/site-packages/airflow/example_dags/example_sensor_decorator.py
[2023-06-22T15:43:21.330+0700] {processor.py:836} INFO - DAG(s) dict_keys(['example_sensor_decorator']) retrieved from /Users/macbook/Documents/Documents_MacBook_Pro/ISTT/AirflowTutorial/envlibs/lib/python3.10/site-packages/airflow/example_dags/example_sensor_decorator.py
[2023-06-22T15:43:22.096+0700] {logging_mixin.py:149} INFO - [2023-06-22T15:43:22.096+0700] {dag.py:2726} INFO - Sync 1 DAGs
[2023-06-22T15:43:22.111+0700] {logging_mixin.py:149} INFO - [2023-06-22T15:43:22.111+0700] {dag.py:3486} INFO - Setting next_dagrun for example_sensor_decorator to None, run_after=None
[2023-06-22T15:43:22.130+0700] {processor.py:179} INFO - Processing /Users/macbook/Documents/Documents_MacBook_Pro/ISTT/AirflowTutorial/envlibs/lib/python3.10/site-packages/airflow/example_dags/example_sensor_decorator.py took 0.862 seconds
[2023-06-22T15:45:31.938+0700] {processor.py:157} INFO - Started process (PID=14482) to work on /Users/macbook/Documents/Documents_MacBook_Pro/ISTT/AirflowTutorial/envlibs/lib/python3.10/site-packages/airflow/example_dags/example_sensor_decorator.py
[2023-06-22T15:45:31.940+0700] {processor.py:826} INFO - Processing file /Users/macbook/Documents/Documents_MacBook_Pro/ISTT/AirflowTutorial/envlibs/lib/python3.10/site-packages/airflow/example_dags/example_sensor_decorator.py for tasks to queue
[2023-06-22T15:45:31.941+0700] {logging_mixin.py:149} INFO - [2023-06-22T15:45:31.940+0700] {dagbag.py:541} INFO - Filling up the DagBag from /Users/macbook/Documents/Documents_MacBook_Pro/ISTT/AirflowTutorial/envlibs/lib/python3.10/site-packages/airflow/example_dags/example_sensor_decorator.py
[2023-06-22T15:45:32.005+0700] {processor.py:836} INFO - DAG(s) dict_keys(['example_sensor_decorator']) retrieved from /Users/macbook/Documents/Documents_MacBook_Pro/ISTT/AirflowTutorial/envlibs/lib/python3.10/site-packages/airflow/example_dags/example_sensor_decorator.py
[2023-06-22T15:45:32.835+0700] {logging_mixin.py:149} INFO - [2023-06-22T15:45:32.835+0700] {dag.py:2726} INFO - Sync 1 DAGs
[2023-06-22T15:45:32.851+0700] {logging_mixin.py:149} INFO - [2023-06-22T15:45:32.851+0700] {dag.py:3486} INFO - Setting next_dagrun for example_sensor_decorator to None, run_after=None
[2023-06-22T15:45:32.869+0700] {processor.py:179} INFO - Processing /Users/macbook/Documents/Documents_MacBook_Pro/ISTT/AirflowTutorial/envlibs/lib/python3.10/site-packages/airflow/example_dags/example_sensor_decorator.py took 0.932 seconds
[2023-06-22T15:47:43.344+0700] {processor.py:157} INFO - Started process (PID=14569) to work on /Users/macbook/Documents/Documents_MacBook_Pro/ISTT/AirflowTutorial/envlibs/lib/python3.10/site-packages/airflow/example_dags/example_sensor_decorator.py
[2023-06-22T15:47:43.345+0700] {processor.py:826} INFO - Processing file /Users/macbook/Documents/Documents_MacBook_Pro/ISTT/AirflowTutorial/envlibs/lib/python3.10/site-packages/airflow/example_dags/example_sensor_decorator.py for tasks to queue
[2023-06-22T15:47:43.346+0700] {logging_mixin.py:149} INFO - [2023-06-22T15:47:43.346+0700] {dagbag.py:541} INFO - Filling up the DagBag from /Users/macbook/Documents/Documents_MacBook_Pro/ISTT/AirflowTutorial/envlibs/lib/python3.10/site-packages/airflow/example_dags/example_sensor_decorator.py
[2023-06-22T15:47:43.402+0700] {processor.py:836} INFO - DAG(s) dict_keys(['example_sensor_decorator']) retrieved from /Users/macbook/Documents/Documents_MacBook_Pro/ISTT/AirflowTutorial/envlibs/lib/python3.10/site-packages/airflow/example_dags/example_sensor_decorator.py
[2023-06-22T15:47:44.268+0700] {logging_mixin.py:149} INFO - [2023-06-22T15:47:44.268+0700] {dag.py:2726} INFO - Sync 1 DAGs
[2023-06-22T15:47:44.287+0700] {logging_mixin.py:149} INFO - [2023-06-22T15:47:44.287+0700] {dag.py:3486} INFO - Setting next_dagrun for example_sensor_decorator to None, run_after=None
[2023-06-22T15:47:44.312+0700] {processor.py:179} INFO - Processing /Users/macbook/Documents/Documents_MacBook_Pro/ISTT/AirflowTutorial/envlibs/lib/python3.10/site-packages/airflow/example_dags/example_sensor_decorator.py took 0.969 seconds
[2023-06-22T15:49:59.956+0700] {processor.py:157} INFO - Started process (PID=14651) to work on /Users/macbook/Documents/Documents_MacBook_Pro/ISTT/AirflowTutorial/envlibs/lib/python3.10/site-packages/airflow/example_dags/example_sensor_decorator.py
[2023-06-22T15:49:59.958+0700] {processor.py:826} INFO - Processing file /Users/macbook/Documents/Documents_MacBook_Pro/ISTT/AirflowTutorial/envlibs/lib/python3.10/site-packages/airflow/example_dags/example_sensor_decorator.py for tasks to queue
[2023-06-22T15:49:59.958+0700] {logging_mixin.py:149} INFO - [2023-06-22T15:49:59.958+0700] {dagbag.py:541} INFO - Filling up the DagBag from /Users/macbook/Documents/Documents_MacBook_Pro/ISTT/AirflowTutorial/envlibs/lib/python3.10/site-packages/airflow/example_dags/example_sensor_decorator.py
[2023-06-22T15:50:00.019+0700] {processor.py:836} INFO - DAG(s) dict_keys(['example_sensor_decorator']) retrieved from /Users/macbook/Documents/Documents_MacBook_Pro/ISTT/AirflowTutorial/envlibs/lib/python3.10/site-packages/airflow/example_dags/example_sensor_decorator.py
[2023-06-22T15:50:00.812+0700] {logging_mixin.py:149} INFO - [2023-06-22T15:50:00.811+0700] {dag.py:2726} INFO - Sync 1 DAGs
[2023-06-22T15:50:00.830+0700] {logging_mixin.py:149} INFO - [2023-06-22T15:50:00.829+0700] {dag.py:3486} INFO - Setting next_dagrun for example_sensor_decorator to None, run_after=None
[2023-06-22T15:50:00.849+0700] {processor.py:179} INFO - Processing /Users/macbook/Documents/Documents_MacBook_Pro/ISTT/AirflowTutorial/envlibs/lib/python3.10/site-packages/airflow/example_dags/example_sensor_decorator.py took 0.894 seconds
[2023-06-22T15:52:11.648+0700] {processor.py:157} INFO - Started process (PID=14708) to work on /Users/macbook/Documents/Documents_MacBook_Pro/ISTT/AirflowTutorial/envlibs/lib/python3.10/site-packages/airflow/example_dags/example_sensor_decorator.py
[2023-06-22T15:52:11.649+0700] {processor.py:826} INFO - Processing file /Users/macbook/Documents/Documents_MacBook_Pro/ISTT/AirflowTutorial/envlibs/lib/python3.10/site-packages/airflow/example_dags/example_sensor_decorator.py for tasks to queue
[2023-06-22T15:52:11.650+0700] {logging_mixin.py:149} INFO - [2023-06-22T15:52:11.650+0700] {dagbag.py:541} INFO - Filling up the DagBag from /Users/macbook/Documents/Documents_MacBook_Pro/ISTT/AirflowTutorial/envlibs/lib/python3.10/site-packages/airflow/example_dags/example_sensor_decorator.py
[2023-06-22T15:52:11.799+0700] {processor.py:836} INFO - DAG(s) dict_keys(['example_sensor_decorator']) retrieved from /Users/macbook/Documents/Documents_MacBook_Pro/ISTT/AirflowTutorial/envlibs/lib/python3.10/site-packages/airflow/example_dags/example_sensor_decorator.py
[2023-06-22T15:52:13.067+0700] {logging_mixin.py:149} INFO - [2023-06-22T15:52:13.067+0700] {dag.py:2726} INFO - Sync 1 DAGs
[2023-06-22T15:52:13.089+0700] {logging_mixin.py:149} INFO - [2023-06-22T15:52:13.089+0700] {dag.py:3486} INFO - Setting next_dagrun for example_sensor_decorator to None, run_after=None
[2023-06-22T15:52:13.110+0700] {processor.py:179} INFO - Processing /Users/macbook/Documents/Documents_MacBook_Pro/ISTT/AirflowTutorial/envlibs/lib/python3.10/site-packages/airflow/example_dags/example_sensor_decorator.py took 1.464 seconds
[2023-06-22T15:54:34.503+0700] {processor.py:157} INFO - Started process (PID=14825) to work on /Users/macbook/Documents/Documents_MacBook_Pro/ISTT/AirflowTutorial/envlibs/lib/python3.10/site-packages/airflow/example_dags/example_sensor_decorator.py
[2023-06-22T15:54:34.505+0700] {processor.py:826} INFO - Processing file /Users/macbook/Documents/Documents_MacBook_Pro/ISTT/AirflowTutorial/envlibs/lib/python3.10/site-packages/airflow/example_dags/example_sensor_decorator.py for tasks to queue
[2023-06-22T15:54:34.506+0700] {logging_mixin.py:149} INFO - [2023-06-22T15:54:34.505+0700] {dagbag.py:541} INFO - Filling up the DagBag from /Users/macbook/Documents/Documents_MacBook_Pro/ISTT/AirflowTutorial/envlibs/lib/python3.10/site-packages/airflow/example_dags/example_sensor_decorator.py
[2023-06-22T15:54:34.558+0700] {processor.py:836} INFO - DAG(s) dict_keys(['example_sensor_decorator']) retrieved from /Users/macbook/Documents/Documents_MacBook_Pro/ISTT/AirflowTutorial/envlibs/lib/python3.10/site-packages/airflow/example_dags/example_sensor_decorator.py
[2023-06-22T15:54:35.296+0700] {logging_mixin.py:149} INFO - [2023-06-22T15:54:35.296+0700] {dag.py:2726} INFO - Sync 1 DAGs
[2023-06-22T15:54:35.312+0700] {logging_mixin.py:149} INFO - [2023-06-22T15:54:35.311+0700] {dag.py:3486} INFO - Setting next_dagrun for example_sensor_decorator to None, run_after=None
[2023-06-22T15:54:35.329+0700] {processor.py:179} INFO - Processing /Users/macbook/Documents/Documents_MacBook_Pro/ISTT/AirflowTutorial/envlibs/lib/python3.10/site-packages/airflow/example_dags/example_sensor_decorator.py took 0.827 seconds
[2023-06-22T15:56:44.958+0700] {processor.py:157} INFO - Started process (PID=14894) to work on /Users/macbook/Documents/Documents_MacBook_Pro/ISTT/AirflowTutorial/envlibs/lib/python3.10/site-packages/airflow/example_dags/example_sensor_decorator.py
[2023-06-22T15:56:44.959+0700] {processor.py:826} INFO - Processing file /Users/macbook/Documents/Documents_MacBook_Pro/ISTT/AirflowTutorial/envlibs/lib/python3.10/site-packages/airflow/example_dags/example_sensor_decorator.py for tasks to queue
[2023-06-22T15:56:44.960+0700] {logging_mixin.py:149} INFO - [2023-06-22T15:56:44.960+0700] {dagbag.py:541} INFO - Filling up the DagBag from /Users/macbook/Documents/Documents_MacBook_Pro/ISTT/AirflowTutorial/envlibs/lib/python3.10/site-packages/airflow/example_dags/example_sensor_decorator.py
[2023-06-22T15:56:45.027+0700] {processor.py:836} INFO - DAG(s) dict_keys(['example_sensor_decorator']) retrieved from /Users/macbook/Documents/Documents_MacBook_Pro/ISTT/AirflowTutorial/envlibs/lib/python3.10/site-packages/airflow/example_dags/example_sensor_decorator.py
[2023-06-22T15:56:45.831+0700] {logging_mixin.py:149} INFO - [2023-06-22T15:56:45.830+0700] {dag.py:2726} INFO - Sync 1 DAGs
[2023-06-22T15:56:45.847+0700] {logging_mixin.py:149} INFO - [2023-06-22T15:56:45.847+0700] {dag.py:3486} INFO - Setting next_dagrun for example_sensor_decorator to None, run_after=None
[2023-06-22T15:56:45.867+0700] {processor.py:179} INFO - Processing /Users/macbook/Documents/Documents_MacBook_Pro/ISTT/AirflowTutorial/envlibs/lib/python3.10/site-packages/airflow/example_dags/example_sensor_decorator.py took 0.910 seconds
[2023-06-22T15:59:02.596+0700] {processor.py:157} INFO - Started process (PID=14958) to work on /Users/macbook/Documents/Documents_MacBook_Pro/ISTT/AirflowTutorial/envlibs/lib/python3.10/site-packages/airflow/example_dags/example_sensor_decorator.py
[2023-06-22T15:59:02.597+0700] {processor.py:826} INFO - Processing file /Users/macbook/Documents/Documents_MacBook_Pro/ISTT/AirflowTutorial/envlibs/lib/python3.10/site-packages/airflow/example_dags/example_sensor_decorator.py for tasks to queue
[2023-06-22T15:59:02.598+0700] {logging_mixin.py:149} INFO - [2023-06-22T15:59:02.598+0700] {dagbag.py:541} INFO - Filling up the DagBag from /Users/macbook/Documents/Documents_MacBook_Pro/ISTT/AirflowTutorial/envlibs/lib/python3.10/site-packages/airflow/example_dags/example_sensor_decorator.py
[2023-06-22T15:59:02.666+0700] {processor.py:836} INFO - DAG(s) dict_keys(['example_sensor_decorator']) retrieved from /Users/macbook/Documents/Documents_MacBook_Pro/ISTT/AirflowTutorial/envlibs/lib/python3.10/site-packages/airflow/example_dags/example_sensor_decorator.py
[2023-06-22T15:59:03.511+0700] {logging_mixin.py:149} INFO - [2023-06-22T15:59:03.511+0700] {dag.py:2726} INFO - Sync 1 DAGs
[2023-06-22T15:59:03.528+0700] {logging_mixin.py:149} INFO - [2023-06-22T15:59:03.528+0700] {dag.py:3486} INFO - Setting next_dagrun for example_sensor_decorator to None, run_after=None
[2023-06-22T15:59:03.547+0700] {processor.py:179} INFO - Processing /Users/macbook/Documents/Documents_MacBook_Pro/ISTT/AirflowTutorial/envlibs/lib/python3.10/site-packages/airflow/example_dags/example_sensor_decorator.py took 0.951 seconds
[2023-06-22T16:01:18.358+0700] {processor.py:157} INFO - Started process (PID=15013) to work on /Users/macbook/Documents/Documents_MacBook_Pro/ISTT/AirflowTutorial/envlibs/lib/python3.10/site-packages/airflow/example_dags/example_sensor_decorator.py
[2023-06-22T16:01:18.359+0700] {processor.py:826} INFO - Processing file /Users/macbook/Documents/Documents_MacBook_Pro/ISTT/AirflowTutorial/envlibs/lib/python3.10/site-packages/airflow/example_dags/example_sensor_decorator.py for tasks to queue
[2023-06-22T16:01:18.360+0700] {logging_mixin.py:149} INFO - [2023-06-22T16:01:18.359+0700] {dagbag.py:541} INFO - Filling up the DagBag from /Users/macbook/Documents/Documents_MacBook_Pro/ISTT/AirflowTutorial/envlibs/lib/python3.10/site-packages/airflow/example_dags/example_sensor_decorator.py
[2023-06-22T16:01:18.413+0700] {processor.py:836} INFO - DAG(s) dict_keys(['example_sensor_decorator']) retrieved from /Users/macbook/Documents/Documents_MacBook_Pro/ISTT/AirflowTutorial/envlibs/lib/python3.10/site-packages/airflow/example_dags/example_sensor_decorator.py
[2023-06-22T16:01:19.392+0700] {logging_mixin.py:149} INFO - [2023-06-22T16:01:19.392+0700] {dag.py:2726} INFO - Sync 1 DAGs
[2023-06-22T16:01:19.411+0700] {logging_mixin.py:149} INFO - [2023-06-22T16:01:19.411+0700] {dag.py:3486} INFO - Setting next_dagrun for example_sensor_decorator to None, run_after=None
[2023-06-22T16:01:19.430+0700] {processor.py:179} INFO - Processing /Users/macbook/Documents/Documents_MacBook_Pro/ISTT/AirflowTutorial/envlibs/lib/python3.10/site-packages/airflow/example_dags/example_sensor_decorator.py took 1.073 seconds
[2023-06-22T16:03:29.141+0700] {processor.py:157} INFO - Started process (PID=15074) to work on /Users/macbook/Documents/Documents_MacBook_Pro/ISTT/AirflowTutorial/envlibs/lib/python3.10/site-packages/airflow/example_dags/example_sensor_decorator.py
[2023-06-22T16:03:29.143+0700] {processor.py:826} INFO - Processing file /Users/macbook/Documents/Documents_MacBook_Pro/ISTT/AirflowTutorial/envlibs/lib/python3.10/site-packages/airflow/example_dags/example_sensor_decorator.py for tasks to queue
[2023-06-22T16:03:29.143+0700] {logging_mixin.py:149} INFO - [2023-06-22T16:03:29.143+0700] {dagbag.py:541} INFO - Filling up the DagBag from /Users/macbook/Documents/Documents_MacBook_Pro/ISTT/AirflowTutorial/envlibs/lib/python3.10/site-packages/airflow/example_dags/example_sensor_decorator.py
[2023-06-22T16:03:29.195+0700] {processor.py:836} INFO - DAG(s) dict_keys(['example_sensor_decorator']) retrieved from /Users/macbook/Documents/Documents_MacBook_Pro/ISTT/AirflowTutorial/envlibs/lib/python3.10/site-packages/airflow/example_dags/example_sensor_decorator.py
[2023-06-22T16:03:30.125+0700] {logging_mixin.py:149} INFO - [2023-06-22T16:03:30.125+0700] {dag.py:2726} INFO - Sync 1 DAGs
[2023-06-22T16:03:30.144+0700] {logging_mixin.py:149} INFO - [2023-06-22T16:03:30.144+0700] {dag.py:3486} INFO - Setting next_dagrun for example_sensor_decorator to None, run_after=None
[2023-06-22T16:03:30.162+0700] {processor.py:179} INFO - Processing /Users/macbook/Documents/Documents_MacBook_Pro/ISTT/AirflowTutorial/envlibs/lib/python3.10/site-packages/airflow/example_dags/example_sensor_decorator.py took 1.021 seconds
[2023-06-22T16:05:41.089+0700] {processor.py:157} INFO - Started process (PID=15134) to work on /Users/macbook/Documents/Documents_MacBook_Pro/ISTT/AirflowTutorial/envlibs/lib/python3.10/site-packages/airflow/example_dags/example_sensor_decorator.py
[2023-06-22T16:05:41.090+0700] {processor.py:826} INFO - Processing file /Users/macbook/Documents/Documents_MacBook_Pro/ISTT/AirflowTutorial/envlibs/lib/python3.10/site-packages/airflow/example_dags/example_sensor_decorator.py for tasks to queue
[2023-06-22T16:05:41.091+0700] {logging_mixin.py:149} INFO - [2023-06-22T16:05:41.091+0700] {dagbag.py:541} INFO - Filling up the DagBag from /Users/macbook/Documents/Documents_MacBook_Pro/ISTT/AirflowTutorial/envlibs/lib/python3.10/site-packages/airflow/example_dags/example_sensor_decorator.py
[2023-06-22T16:05:41.141+0700] {processor.py:836} INFO - DAG(s) dict_keys(['example_sensor_decorator']) retrieved from /Users/macbook/Documents/Documents_MacBook_Pro/ISTT/AirflowTutorial/envlibs/lib/python3.10/site-packages/airflow/example_dags/example_sensor_decorator.py
[2023-06-22T16:05:41.957+0700] {logging_mixin.py:149} INFO - [2023-06-22T16:05:41.957+0700] {dag.py:2726} INFO - Sync 1 DAGs
[2023-06-22T16:05:41.973+0700] {logging_mixin.py:149} INFO - [2023-06-22T16:05:41.973+0700] {dag.py:3486} INFO - Setting next_dagrun for example_sensor_decorator to None, run_after=None
[2023-06-22T16:05:41.993+0700] {processor.py:179} INFO - Processing /Users/macbook/Documents/Documents_MacBook_Pro/ISTT/AirflowTutorial/envlibs/lib/python3.10/site-packages/airflow/example_dags/example_sensor_decorator.py took 0.904 seconds
[2023-06-22T16:07:48.732+0700] {processor.py:157} INFO - Started process (PID=15198) to work on /Users/macbook/Documents/Documents_MacBook_Pro/ISTT/AirflowTutorial/envlibs/lib/python3.10/site-packages/airflow/example_dags/example_sensor_decorator.py
[2023-06-22T16:07:48.733+0700] {processor.py:826} INFO - Processing file /Users/macbook/Documents/Documents_MacBook_Pro/ISTT/AirflowTutorial/envlibs/lib/python3.10/site-packages/airflow/example_dags/example_sensor_decorator.py for tasks to queue
[2023-06-22T16:07:48.733+0700] {logging_mixin.py:149} INFO - [2023-06-22T16:07:48.733+0700] {dagbag.py:541} INFO - Filling up the DagBag from /Users/macbook/Documents/Documents_MacBook_Pro/ISTT/AirflowTutorial/envlibs/lib/python3.10/site-packages/airflow/example_dags/example_sensor_decorator.py
[2023-06-22T16:07:48.787+0700] {processor.py:836} INFO - DAG(s) dict_keys(['example_sensor_decorator']) retrieved from /Users/macbook/Documents/Documents_MacBook_Pro/ISTT/AirflowTutorial/envlibs/lib/python3.10/site-packages/airflow/example_dags/example_sensor_decorator.py
[2023-06-22T16:07:49.712+0700] {logging_mixin.py:149} INFO - [2023-06-22T16:07:49.712+0700] {dag.py:2726} INFO - Sync 1 DAGs
[2023-06-22T16:07:49.729+0700] {logging_mixin.py:149} INFO - [2023-06-22T16:07:49.729+0700] {dag.py:3486} INFO - Setting next_dagrun for example_sensor_decorator to None, run_after=None
[2023-06-22T16:07:49.749+0700] {processor.py:179} INFO - Processing /Users/macbook/Documents/Documents_MacBook_Pro/ISTT/AirflowTutorial/envlibs/lib/python3.10/site-packages/airflow/example_dags/example_sensor_decorator.py took 1.018 seconds
[2023-06-22T16:10:00.567+0700] {processor.py:157} INFO - Started process (PID=15254) to work on /Users/macbook/Documents/Documents_MacBook_Pro/ISTT/AirflowTutorial/envlibs/lib/python3.10/site-packages/airflow/example_dags/example_sensor_decorator.py
[2023-06-22T16:10:00.568+0700] {processor.py:826} INFO - Processing file /Users/macbook/Documents/Documents_MacBook_Pro/ISTT/AirflowTutorial/envlibs/lib/python3.10/site-packages/airflow/example_dags/example_sensor_decorator.py for tasks to queue
[2023-06-22T16:10:00.569+0700] {logging_mixin.py:149} INFO - [2023-06-22T16:10:00.569+0700] {dagbag.py:541} INFO - Filling up the DagBag from /Users/macbook/Documents/Documents_MacBook_Pro/ISTT/AirflowTutorial/envlibs/lib/python3.10/site-packages/airflow/example_dags/example_sensor_decorator.py
[2023-06-22T16:10:00.616+0700] {processor.py:836} INFO - DAG(s) dict_keys(['example_sensor_decorator']) retrieved from /Users/macbook/Documents/Documents_MacBook_Pro/ISTT/AirflowTutorial/envlibs/lib/python3.10/site-packages/airflow/example_dags/example_sensor_decorator.py
[2023-06-22T16:10:01.358+0700] {logging_mixin.py:149} INFO - [2023-06-22T16:10:01.358+0700] {dag.py:2726} INFO - Sync 1 DAGs
[2023-06-22T16:10:01.373+0700] {logging_mixin.py:149} INFO - [2023-06-22T16:10:01.372+0700] {dag.py:3486} INFO - Setting next_dagrun for example_sensor_decorator to None, run_after=None
[2023-06-22T16:10:01.388+0700] {processor.py:179} INFO - Processing /Users/macbook/Documents/Documents_MacBook_Pro/ISTT/AirflowTutorial/envlibs/lib/python3.10/site-packages/airflow/example_dags/example_sensor_decorator.py took 0.822 seconds
[2023-06-22T16:11:55.393+0700] {processor.py:157} INFO - Started process (PID=15312) to work on /Users/macbook/Documents/Documents_MacBook_Pro/ISTT/AirflowTutorial/envlibs/lib/python3.10/site-packages/airflow/example_dags/example_sensor_decorator.py
[2023-06-22T16:11:55.394+0700] {processor.py:826} INFO - Processing file /Users/macbook/Documents/Documents_MacBook_Pro/ISTT/AirflowTutorial/envlibs/lib/python3.10/site-packages/airflow/example_dags/example_sensor_decorator.py for tasks to queue
[2023-06-22T16:11:55.394+0700] {logging_mixin.py:149} INFO - [2023-06-22T16:11:55.394+0700] {dagbag.py:541} INFO - Filling up the DagBag from /Users/macbook/Documents/Documents_MacBook_Pro/ISTT/AirflowTutorial/envlibs/lib/python3.10/site-packages/airflow/example_dags/example_sensor_decorator.py
[2023-06-22T16:11:55.442+0700] {processor.py:836} INFO - DAG(s) dict_keys(['example_sensor_decorator']) retrieved from /Users/macbook/Documents/Documents_MacBook_Pro/ISTT/AirflowTutorial/envlibs/lib/python3.10/site-packages/airflow/example_dags/example_sensor_decorator.py
[2023-06-22T16:11:56.166+0700] {logging_mixin.py:149} INFO - [2023-06-22T16:11:56.166+0700] {dag.py:2726} INFO - Sync 1 DAGs
[2023-06-22T16:11:56.180+0700] {logging_mixin.py:149} INFO - [2023-06-22T16:11:56.180+0700] {dag.py:3486} INFO - Setting next_dagrun for example_sensor_decorator to None, run_after=None
[2023-06-22T16:11:56.198+0700] {processor.py:179} INFO - Processing /Users/macbook/Documents/Documents_MacBook_Pro/ISTT/AirflowTutorial/envlibs/lib/python3.10/site-packages/airflow/example_dags/example_sensor_decorator.py took 0.805 seconds
[2023-06-22T16:13:50.112+0700] {processor.py:157} INFO - Started process (PID=15367) to work on /Users/macbook/Documents/Documents_MacBook_Pro/ISTT/AirflowTutorial/envlibs/lib/python3.10/site-packages/airflow/example_dags/example_sensor_decorator.py
[2023-06-22T16:13:50.113+0700] {processor.py:826} INFO - Processing file /Users/macbook/Documents/Documents_MacBook_Pro/ISTT/AirflowTutorial/envlibs/lib/python3.10/site-packages/airflow/example_dags/example_sensor_decorator.py for tasks to queue
[2023-06-22T16:13:50.114+0700] {logging_mixin.py:149} INFO - [2023-06-22T16:13:50.114+0700] {dagbag.py:541} INFO - Filling up the DagBag from /Users/macbook/Documents/Documents_MacBook_Pro/ISTT/AirflowTutorial/envlibs/lib/python3.10/site-packages/airflow/example_dags/example_sensor_decorator.py
[2023-06-22T16:13:50.167+0700] {processor.py:836} INFO - DAG(s) dict_keys(['example_sensor_decorator']) retrieved from /Users/macbook/Documents/Documents_MacBook_Pro/ISTT/AirflowTutorial/envlibs/lib/python3.10/site-packages/airflow/example_dags/example_sensor_decorator.py
[2023-06-22T16:13:50.980+0700] {logging_mixin.py:149} INFO - [2023-06-22T16:13:50.980+0700] {dag.py:2726} INFO - Sync 1 DAGs
[2023-06-22T16:13:50.996+0700] {logging_mixin.py:149} INFO - [2023-06-22T16:13:50.995+0700] {dag.py:3486} INFO - Setting next_dagrun for example_sensor_decorator to None, run_after=None
[2023-06-22T16:13:51.012+0700] {processor.py:179} INFO - Processing /Users/macbook/Documents/Documents_MacBook_Pro/ISTT/AirflowTutorial/envlibs/lib/python3.10/site-packages/airflow/example_dags/example_sensor_decorator.py took 0.901 seconds
[2023-06-22T16:15:54.492+0700] {processor.py:157} INFO - Started process (PID=15418) to work on /Users/macbook/Documents/Documents_MacBook_Pro/ISTT/AirflowTutorial/envlibs/lib/python3.10/site-packages/airflow/example_dags/example_sensor_decorator.py
[2023-06-22T16:15:54.494+0700] {processor.py:826} INFO - Processing file /Users/macbook/Documents/Documents_MacBook_Pro/ISTT/AirflowTutorial/envlibs/lib/python3.10/site-packages/airflow/example_dags/example_sensor_decorator.py for tasks to queue
[2023-06-22T16:15:54.494+0700] {logging_mixin.py:149} INFO - [2023-06-22T16:15:54.494+0700] {dagbag.py:541} INFO - Filling up the DagBag from /Users/macbook/Documents/Documents_MacBook_Pro/ISTT/AirflowTutorial/envlibs/lib/python3.10/site-packages/airflow/example_dags/example_sensor_decorator.py
[2023-06-22T16:15:54.544+0700] {processor.py:836} INFO - DAG(s) dict_keys(['example_sensor_decorator']) retrieved from /Users/macbook/Documents/Documents_MacBook_Pro/ISTT/AirflowTutorial/envlibs/lib/python3.10/site-packages/airflow/example_dags/example_sensor_decorator.py
[2023-06-22T16:15:55.338+0700] {logging_mixin.py:149} INFO - [2023-06-22T16:15:55.338+0700] {dag.py:2726} INFO - Sync 1 DAGs
[2023-06-22T16:15:55.358+0700] {logging_mixin.py:149} INFO - [2023-06-22T16:15:55.358+0700] {dag.py:3486} INFO - Setting next_dagrun for example_sensor_decorator to None, run_after=None
[2023-06-22T16:15:55.378+0700] {processor.py:179} INFO - Processing /Users/macbook/Documents/Documents_MacBook_Pro/ISTT/AirflowTutorial/envlibs/lib/python3.10/site-packages/airflow/example_dags/example_sensor_decorator.py took 0.886 seconds
[2023-06-22T16:18:03.304+0700] {processor.py:157} INFO - Started process (PID=15488) to work on /Users/macbook/Documents/Documents_MacBook_Pro/ISTT/AirflowTutorial/envlibs/lib/python3.10/site-packages/airflow/example_dags/example_sensor_decorator.py
[2023-06-22T16:18:03.305+0700] {processor.py:826} INFO - Processing file /Users/macbook/Documents/Documents_MacBook_Pro/ISTT/AirflowTutorial/envlibs/lib/python3.10/site-packages/airflow/example_dags/example_sensor_decorator.py for tasks to queue
[2023-06-22T16:18:03.306+0700] {logging_mixin.py:149} INFO - [2023-06-22T16:18:03.306+0700] {dagbag.py:541} INFO - Filling up the DagBag from /Users/macbook/Documents/Documents_MacBook_Pro/ISTT/AirflowTutorial/envlibs/lib/python3.10/site-packages/airflow/example_dags/example_sensor_decorator.py
[2023-06-22T16:18:03.376+0700] {processor.py:836} INFO - DAG(s) dict_keys(['example_sensor_decorator']) retrieved from /Users/macbook/Documents/Documents_MacBook_Pro/ISTT/AirflowTutorial/envlibs/lib/python3.10/site-packages/airflow/example_dags/example_sensor_decorator.py
[2023-06-22T16:18:04.279+0700] {logging_mixin.py:149} INFO - [2023-06-22T16:18:04.279+0700] {dag.py:2726} INFO - Sync 1 DAGs
[2023-06-22T16:18:04.298+0700] {logging_mixin.py:149} INFO - [2023-06-22T16:18:04.297+0700] {dag.py:3486} INFO - Setting next_dagrun for example_sensor_decorator to None, run_after=None
[2023-06-22T16:18:04.319+0700] {processor.py:179} INFO - Processing /Users/macbook/Documents/Documents_MacBook_Pro/ISTT/AirflowTutorial/envlibs/lib/python3.10/site-packages/airflow/example_dags/example_sensor_decorator.py took 1.015 seconds
[2023-06-22T16:20:20.944+0700] {processor.py:157} INFO - Started process (PID=15580) to work on /Users/macbook/Documents/Documents_MacBook_Pro/ISTT/AirflowTutorial/envlibs/lib/python3.10/site-packages/airflow/example_dags/example_sensor_decorator.py
[2023-06-22T16:20:20.945+0700] {processor.py:826} INFO - Processing file /Users/macbook/Documents/Documents_MacBook_Pro/ISTT/AirflowTutorial/envlibs/lib/python3.10/site-packages/airflow/example_dags/example_sensor_decorator.py for tasks to queue
[2023-06-22T16:20:20.946+0700] {logging_mixin.py:149} INFO - [2023-06-22T16:20:20.946+0700] {dagbag.py:541} INFO - Filling up the DagBag from /Users/macbook/Documents/Documents_MacBook_Pro/ISTT/AirflowTutorial/envlibs/lib/python3.10/site-packages/airflow/example_dags/example_sensor_decorator.py
[2023-06-22T16:20:20.999+0700] {processor.py:836} INFO - DAG(s) dict_keys(['example_sensor_decorator']) retrieved from /Users/macbook/Documents/Documents_MacBook_Pro/ISTT/AirflowTutorial/envlibs/lib/python3.10/site-packages/airflow/example_dags/example_sensor_decorator.py
[2023-06-22T16:20:21.764+0700] {logging_mixin.py:149} INFO - [2023-06-22T16:20:21.763+0700] {dag.py:2726} INFO - Sync 1 DAGs
[2023-06-22T16:20:21.779+0700] {logging_mixin.py:149} INFO - [2023-06-22T16:20:21.779+0700] {dag.py:3486} INFO - Setting next_dagrun for example_sensor_decorator to None, run_after=None
[2023-06-22T16:20:21.804+0700] {processor.py:179} INFO - Processing /Users/macbook/Documents/Documents_MacBook_Pro/ISTT/AirflowTutorial/envlibs/lib/python3.10/site-packages/airflow/example_dags/example_sensor_decorator.py took 0.860 seconds
[2023-06-22T16:22:27.331+0700] {processor.py:157} INFO - Started process (PID=15640) to work on /Users/macbook/Documents/Documents_MacBook_Pro/ISTT/AirflowTutorial/envlibs/lib/python3.10/site-packages/airflow/example_dags/example_sensor_decorator.py
[2023-06-22T16:22:27.332+0700] {processor.py:826} INFO - Processing file /Users/macbook/Documents/Documents_MacBook_Pro/ISTT/AirflowTutorial/envlibs/lib/python3.10/site-packages/airflow/example_dags/example_sensor_decorator.py for tasks to queue
[2023-06-22T16:22:27.333+0700] {logging_mixin.py:149} INFO - [2023-06-22T16:22:27.333+0700] {dagbag.py:541} INFO - Filling up the DagBag from /Users/macbook/Documents/Documents_MacBook_Pro/ISTT/AirflowTutorial/envlibs/lib/python3.10/site-packages/airflow/example_dags/example_sensor_decorator.py
[2023-06-22T16:22:27.378+0700] {processor.py:836} INFO - DAG(s) dict_keys(['example_sensor_decorator']) retrieved from /Users/macbook/Documents/Documents_MacBook_Pro/ISTT/AirflowTutorial/envlibs/lib/python3.10/site-packages/airflow/example_dags/example_sensor_decorator.py
[2023-06-22T16:22:28.036+0700] {logging_mixin.py:149} INFO - [2023-06-22T16:22:28.035+0700] {dag.py:2726} INFO - Sync 1 DAGs
[2023-06-22T16:22:28.049+0700] {logging_mixin.py:149} INFO - [2023-06-22T16:22:28.049+0700] {dag.py:3486} INFO - Setting next_dagrun for example_sensor_decorator to None, run_after=None
[2023-06-22T16:22:28.065+0700] {processor.py:179} INFO - Processing /Users/macbook/Documents/Documents_MacBook_Pro/ISTT/AirflowTutorial/envlibs/lib/python3.10/site-packages/airflow/example_dags/example_sensor_decorator.py took 0.734 seconds
[2023-06-22T16:24:24.576+0700] {processor.py:157} INFO - Started process (PID=15690) to work on /Users/macbook/Documents/Documents_MacBook_Pro/ISTT/AirflowTutorial/envlibs/lib/python3.10/site-packages/airflow/example_dags/example_sensor_decorator.py
[2023-06-22T16:24:24.578+0700] {processor.py:826} INFO - Processing file /Users/macbook/Documents/Documents_MacBook_Pro/ISTT/AirflowTutorial/envlibs/lib/python3.10/site-packages/airflow/example_dags/example_sensor_decorator.py for tasks to queue
[2023-06-22T16:24:24.578+0700] {logging_mixin.py:149} INFO - [2023-06-22T16:24:24.578+0700] {dagbag.py:541} INFO - Filling up the DagBag from /Users/macbook/Documents/Documents_MacBook_Pro/ISTT/AirflowTutorial/envlibs/lib/python3.10/site-packages/airflow/example_dags/example_sensor_decorator.py
[2023-06-22T16:24:24.623+0700] {processor.py:836} INFO - DAG(s) dict_keys(['example_sensor_decorator']) retrieved from /Users/macbook/Documents/Documents_MacBook_Pro/ISTT/AirflowTutorial/envlibs/lib/python3.10/site-packages/airflow/example_dags/example_sensor_decorator.py
[2023-06-22T16:24:25.355+0700] {logging_mixin.py:149} INFO - [2023-06-22T16:24:25.355+0700] {dag.py:2726} INFO - Sync 1 DAGs
[2023-06-22T16:24:25.373+0700] {logging_mixin.py:149} INFO - [2023-06-22T16:24:25.373+0700] {dag.py:3486} INFO - Setting next_dagrun for example_sensor_decorator to None, run_after=None
[2023-06-22T16:24:25.395+0700] {processor.py:179} INFO - Processing /Users/macbook/Documents/Documents_MacBook_Pro/ISTT/AirflowTutorial/envlibs/lib/python3.10/site-packages/airflow/example_dags/example_sensor_decorator.py took 0.820 seconds
[2023-06-22T16:26:25.943+0700] {processor.py:157} INFO - Started process (PID=15791) to work on /Users/macbook/Documents/Documents_MacBook_Pro/ISTT/AirflowTutorial/envlibs/lib/python3.10/site-packages/airflow/example_dags/example_sensor_decorator.py
[2023-06-22T16:26:25.944+0700] {processor.py:826} INFO - Processing file /Users/macbook/Documents/Documents_MacBook_Pro/ISTT/AirflowTutorial/envlibs/lib/python3.10/site-packages/airflow/example_dags/example_sensor_decorator.py for tasks to queue
[2023-06-22T16:26:25.945+0700] {logging_mixin.py:149} INFO - [2023-06-22T16:26:25.945+0700] {dagbag.py:541} INFO - Filling up the DagBag from /Users/macbook/Documents/Documents_MacBook_Pro/ISTT/AirflowTutorial/envlibs/lib/python3.10/site-packages/airflow/example_dags/example_sensor_decorator.py
[2023-06-22T16:26:25.993+0700] {processor.py:836} INFO - DAG(s) dict_keys(['example_sensor_decorator']) retrieved from /Users/macbook/Documents/Documents_MacBook_Pro/ISTT/AirflowTutorial/envlibs/lib/python3.10/site-packages/airflow/example_dags/example_sensor_decorator.py
[2023-06-22T16:26:26.742+0700] {logging_mixin.py:149} INFO - [2023-06-22T16:26:26.741+0700] {dag.py:2726} INFO - Sync 1 DAGs
[2023-06-22T16:26:26.757+0700] {logging_mixin.py:149} INFO - [2023-06-22T16:26:26.757+0700] {dag.py:3486} INFO - Setting next_dagrun for example_sensor_decorator to None, run_after=None
[2023-06-22T16:26:26.775+0700] {processor.py:179} INFO - Processing /Users/macbook/Documents/Documents_MacBook_Pro/ISTT/AirflowTutorial/envlibs/lib/python3.10/site-packages/airflow/example_dags/example_sensor_decorator.py took 0.833 seconds
