[2023-06-22T14:27:53.763+0700] {processor.py:157} INFO - Started process (PID=11880) to work on /Users/macbook/Documents/Documents_MacBook_Pro/ISTT/AirflowTutorial/envlibs/lib/python3.10/site-packages/airflow/example_dags/example_setup_teardown.py
[2023-06-22T14:27:53.764+0700] {processor.py:826} INFO - Processing file /Users/macbook/Documents/Documents_MacBook_Pro/ISTT/AirflowTutorial/envlibs/lib/python3.10/site-packages/airflow/example_dags/example_setup_teardown.py for tasks to queue
[2023-06-22T14:27:53.764+0700] {logging_mixin.py:149} INFO - [2023-06-22T14:27:53.764+0700] {dagbag.py:541} INFO - Filling up the DagBag from /Users/macbook/Documents/Documents_MacBook_Pro/ISTT/AirflowTutorial/envlibs/lib/python3.10/site-packages/airflow/example_dags/example_setup_teardown.py
[2023-06-22T14:27:53.768+0700] {processor.py:838} WARNING - No viable dags retrieved from /Users/macbook/Documents/Documents_MacBook_Pro/ISTT/AirflowTutorial/envlibs/lib/python3.10/site-packages/airflow/example_dags/example_setup_teardown.py
[2023-06-22T14:27:54.433+0700] {processor.py:179} INFO - Processing /Users/macbook/Documents/Documents_MacBook_Pro/ISTT/AirflowTutorial/envlibs/lib/python3.10/site-packages/airflow/example_dags/example_setup_teardown.py took 0.671 seconds
[2023-06-22T14:30:23.962+0700] {processor.py:157} INFO - Started process (PID=11956) to work on /Users/macbook/Documents/Documents_MacBook_Pro/ISTT/AirflowTutorial/envlibs/lib/python3.10/site-packages/airflow/example_dags/example_setup_teardown.py
[2023-06-22T14:30:23.963+0700] {processor.py:826} INFO - Processing file /Users/macbook/Documents/Documents_MacBook_Pro/ISTT/AirflowTutorial/envlibs/lib/python3.10/site-packages/airflow/example_dags/example_setup_teardown.py for tasks to queue
[2023-06-22T14:30:23.964+0700] {logging_mixin.py:149} INFO - [2023-06-22T14:30:23.963+0700] {dagbag.py:541} INFO - Filling up the DagBag from /Users/macbook/Documents/Documents_MacBook_Pro/ISTT/AirflowTutorial/envlibs/lib/python3.10/site-packages/airflow/example_dags/example_setup_teardown.py
[2023-06-22T14:30:23.969+0700] {processor.py:838} WARNING - No viable dags retrieved from /Users/macbook/Documents/Documents_MacBook_Pro/ISTT/AirflowTutorial/envlibs/lib/python3.10/site-packages/airflow/example_dags/example_setup_teardown.py
[2023-06-22T14:30:24.681+0700] {processor.py:179} INFO - Processing /Users/macbook/Documents/Documents_MacBook_Pro/ISTT/AirflowTutorial/envlibs/lib/python3.10/site-packages/airflow/example_dags/example_setup_teardown.py took 0.719 seconds
[2023-06-22T14:32:36.587+0700] {processor.py:157} INFO - Started process (PID=12055) to work on /Users/macbook/Documents/Documents_MacBook_Pro/ISTT/AirflowTutorial/envlibs/lib/python3.10/site-packages/airflow/example_dags/example_setup_teardown.py
[2023-06-22T14:32:36.589+0700] {processor.py:826} INFO - Processing file /Users/macbook/Documents/Documents_MacBook_Pro/ISTT/AirflowTutorial/envlibs/lib/python3.10/site-packages/airflow/example_dags/example_setup_teardown.py for tasks to queue
[2023-06-22T14:32:36.589+0700] {logging_mixin.py:149} INFO - [2023-06-22T14:32:36.589+0700] {dagbag.py:541} INFO - Filling up the DagBag from /Users/macbook/Documents/Documents_MacBook_Pro/ISTT/AirflowTutorial/envlibs/lib/python3.10/site-packages/airflow/example_dags/example_setup_teardown.py
[2023-06-22T14:32:36.595+0700] {processor.py:838} WARNING - No viable dags retrieved from /Users/macbook/Documents/Documents_MacBook_Pro/ISTT/AirflowTutorial/envlibs/lib/python3.10/site-packages/airflow/example_dags/example_setup_teardown.py
[2023-06-22T14:32:37.758+0700] {processor.py:179} INFO - Processing /Users/macbook/Documents/Documents_MacBook_Pro/ISTT/AirflowTutorial/envlibs/lib/python3.10/site-packages/airflow/example_dags/example_setup_teardown.py took 1.172 seconds
[2023-06-22T14:35:07.547+0700] {processor.py:157} INFO - Started process (PID=12191) to work on /Users/macbook/Documents/Documents_MacBook_Pro/ISTT/AirflowTutorial/envlibs/lib/python3.10/site-packages/airflow/example_dags/example_setup_teardown.py
[2023-06-22T14:35:07.548+0700] {processor.py:826} INFO - Processing file /Users/macbook/Documents/Documents_MacBook_Pro/ISTT/AirflowTutorial/envlibs/lib/python3.10/site-packages/airflow/example_dags/example_setup_teardown.py for tasks to queue
[2023-06-22T14:35:07.548+0700] {logging_mixin.py:149} INFO - [2023-06-22T14:35:07.548+0700] {dagbag.py:541} INFO - Filling up the DagBag from /Users/macbook/Documents/Documents_MacBook_Pro/ISTT/AirflowTutorial/envlibs/lib/python3.10/site-packages/airflow/example_dags/example_setup_teardown.py
[2023-06-22T14:35:07.554+0700] {processor.py:838} WARNING - No viable dags retrieved from /Users/macbook/Documents/Documents_MacBook_Pro/ISTT/AirflowTutorial/envlibs/lib/python3.10/site-packages/airflow/example_dags/example_setup_teardown.py
[2023-06-22T14:35:08.428+0700] {processor.py:179} INFO - Processing /Users/macbook/Documents/Documents_MacBook_Pro/ISTT/AirflowTutorial/envlibs/lib/python3.10/site-packages/airflow/example_dags/example_setup_teardown.py took 0.882 seconds
[2023-06-22T14:38:01.039+0700] {processor.py:157} INFO - Started process (PID=12339) to work on /Users/macbook/Documents/Documents_MacBook_Pro/ISTT/AirflowTutorial/envlibs/lib/python3.10/site-packages/airflow/example_dags/example_setup_teardown.py
[2023-06-22T14:38:01.040+0700] {processor.py:826} INFO - Processing file /Users/macbook/Documents/Documents_MacBook_Pro/ISTT/AirflowTutorial/envlibs/lib/python3.10/site-packages/airflow/example_dags/example_setup_teardown.py for tasks to queue
[2023-06-22T14:38:01.041+0700] {logging_mixin.py:149} INFO - [2023-06-22T14:38:01.041+0700] {dagbag.py:541} INFO - Filling up the DagBag from /Users/macbook/Documents/Documents_MacBook_Pro/ISTT/AirflowTutorial/envlibs/lib/python3.10/site-packages/airflow/example_dags/example_setup_teardown.py
[2023-06-22T14:38:01.045+0700] {processor.py:838} WARNING - No viable dags retrieved from /Users/macbook/Documents/Documents_MacBook_Pro/ISTT/AirflowTutorial/envlibs/lib/python3.10/site-packages/airflow/example_dags/example_setup_teardown.py
[2023-06-22T14:38:02.416+0700] {processor.py:179} INFO - Processing /Users/macbook/Documents/Documents_MacBook_Pro/ISTT/AirflowTutorial/envlibs/lib/python3.10/site-packages/airflow/example_dags/example_setup_teardown.py took 1.378 seconds
[2023-06-22T14:40:22.921+0700] {processor.py:157} INFO - Started process (PID=12464) to work on /Users/macbook/Documents/Documents_MacBook_Pro/ISTT/AirflowTutorial/envlibs/lib/python3.10/site-packages/airflow/example_dags/example_setup_teardown.py
[2023-06-22T14:40:22.922+0700] {processor.py:826} INFO - Processing file /Users/macbook/Documents/Documents_MacBook_Pro/ISTT/AirflowTutorial/envlibs/lib/python3.10/site-packages/airflow/example_dags/example_setup_teardown.py for tasks to queue
[2023-06-22T14:40:22.922+0700] {logging_mixin.py:149} INFO - [2023-06-22T14:40:22.922+0700] {dagbag.py:541} INFO - Filling up the DagBag from /Users/macbook/Documents/Documents_MacBook_Pro/ISTT/AirflowTutorial/envlibs/lib/python3.10/site-packages/airflow/example_dags/example_setup_teardown.py
[2023-06-22T14:40:22.929+0700] {processor.py:838} WARNING - No viable dags retrieved from /Users/macbook/Documents/Documents_MacBook_Pro/ISTT/AirflowTutorial/envlibs/lib/python3.10/site-packages/airflow/example_dags/example_setup_teardown.py
[2023-06-22T14:40:23.749+0700] {processor.py:179} INFO - Processing /Users/macbook/Documents/Documents_MacBook_Pro/ISTT/AirflowTutorial/envlibs/lib/python3.10/site-packages/airflow/example_dags/example_setup_teardown.py took 0.829 seconds
[2023-06-22T14:42:31.974+0700] {processor.py:157} INFO - Started process (PID=12532) to work on /Users/macbook/Documents/Documents_MacBook_Pro/ISTT/AirflowTutorial/envlibs/lib/python3.10/site-packages/airflow/example_dags/example_setup_teardown.py
[2023-06-22T14:42:31.975+0700] {processor.py:826} INFO - Processing file /Users/macbook/Documents/Documents_MacBook_Pro/ISTT/AirflowTutorial/envlibs/lib/python3.10/site-packages/airflow/example_dags/example_setup_teardown.py for tasks to queue
[2023-06-22T14:42:31.975+0700] {logging_mixin.py:149} INFO - [2023-06-22T14:42:31.975+0700] {dagbag.py:541} INFO - Filling up the DagBag from /Users/macbook/Documents/Documents_MacBook_Pro/ISTT/AirflowTutorial/envlibs/lib/python3.10/site-packages/airflow/example_dags/example_setup_teardown.py
[2023-06-22T14:42:31.978+0700] {processor.py:838} WARNING - No viable dags retrieved from /Users/macbook/Documents/Documents_MacBook_Pro/ISTT/AirflowTutorial/envlibs/lib/python3.10/site-packages/airflow/example_dags/example_setup_teardown.py
[2023-06-22T14:42:32.749+0700] {processor.py:179} INFO - Processing /Users/macbook/Documents/Documents_MacBook_Pro/ISTT/AirflowTutorial/envlibs/lib/python3.10/site-packages/airflow/example_dags/example_setup_teardown.py took 0.776 seconds
[2023-06-22T14:44:39.705+0700] {processor.py:157} INFO - Started process (PID=12586) to work on /Users/macbook/Documents/Documents_MacBook_Pro/ISTT/AirflowTutorial/envlibs/lib/python3.10/site-packages/airflow/example_dags/example_setup_teardown.py
[2023-06-22T14:44:39.706+0700] {processor.py:826} INFO - Processing file /Users/macbook/Documents/Documents_MacBook_Pro/ISTT/AirflowTutorial/envlibs/lib/python3.10/site-packages/airflow/example_dags/example_setup_teardown.py for tasks to queue
[2023-06-22T14:44:39.707+0700] {logging_mixin.py:149} INFO - [2023-06-22T14:44:39.707+0700] {dagbag.py:541} INFO - Filling up the DagBag from /Users/macbook/Documents/Documents_MacBook_Pro/ISTT/AirflowTutorial/envlibs/lib/python3.10/site-packages/airflow/example_dags/example_setup_teardown.py
[2023-06-22T14:44:39.711+0700] {processor.py:838} WARNING - No viable dags retrieved from /Users/macbook/Documents/Documents_MacBook_Pro/ISTT/AirflowTutorial/envlibs/lib/python3.10/site-packages/airflow/example_dags/example_setup_teardown.py
[2023-06-22T14:44:40.505+0700] {processor.py:179} INFO - Processing /Users/macbook/Documents/Documents_MacBook_Pro/ISTT/AirflowTutorial/envlibs/lib/python3.10/site-packages/airflow/example_dags/example_setup_teardown.py took 0.800 seconds
[2023-06-22T14:46:44.497+0700] {processor.py:157} INFO - Started process (PID=12641) to work on /Users/macbook/Documents/Documents_MacBook_Pro/ISTT/AirflowTutorial/envlibs/lib/python3.10/site-packages/airflow/example_dags/example_setup_teardown.py
[2023-06-22T14:46:44.498+0700] {processor.py:826} INFO - Processing file /Users/macbook/Documents/Documents_MacBook_Pro/ISTT/AirflowTutorial/envlibs/lib/python3.10/site-packages/airflow/example_dags/example_setup_teardown.py for tasks to queue
[2023-06-22T14:46:44.498+0700] {logging_mixin.py:149} INFO - [2023-06-22T14:46:44.498+0700] {dagbag.py:541} INFO - Filling up the DagBag from /Users/macbook/Documents/Documents_MacBook_Pro/ISTT/AirflowTutorial/envlibs/lib/python3.10/site-packages/airflow/example_dags/example_setup_teardown.py
[2023-06-22T14:46:44.504+0700] {processor.py:838} WARNING - No viable dags retrieved from /Users/macbook/Documents/Documents_MacBook_Pro/ISTT/AirflowTutorial/envlibs/lib/python3.10/site-packages/airflow/example_dags/example_setup_teardown.py
[2023-06-22T14:46:45.241+0700] {processor.py:179} INFO - Processing /Users/macbook/Documents/Documents_MacBook_Pro/ISTT/AirflowTutorial/envlibs/lib/python3.10/site-packages/airflow/example_dags/example_setup_teardown.py took 0.745 seconds
[2023-06-22T14:48:51.052+0700] {processor.py:157} INFO - Started process (PID=12708) to work on /Users/macbook/Documents/Documents_MacBook_Pro/ISTT/AirflowTutorial/envlibs/lib/python3.10/site-packages/airflow/example_dags/example_setup_teardown.py
[2023-06-22T14:48:51.053+0700] {processor.py:826} INFO - Processing file /Users/macbook/Documents/Documents_MacBook_Pro/ISTT/AirflowTutorial/envlibs/lib/python3.10/site-packages/airflow/example_dags/example_setup_teardown.py for tasks to queue
[2023-06-22T14:48:51.054+0700] {logging_mixin.py:149} INFO - [2023-06-22T14:48:51.054+0700] {dagbag.py:541} INFO - Filling up the DagBag from /Users/macbook/Documents/Documents_MacBook_Pro/ISTT/AirflowTutorial/envlibs/lib/python3.10/site-packages/airflow/example_dags/example_setup_teardown.py
[2023-06-22T14:48:51.058+0700] {processor.py:838} WARNING - No viable dags retrieved from /Users/macbook/Documents/Documents_MacBook_Pro/ISTT/AirflowTutorial/envlibs/lib/python3.10/site-packages/airflow/example_dags/example_setup_teardown.py
[2023-06-22T14:48:51.976+0700] {processor.py:179} INFO - Processing /Users/macbook/Documents/Documents_MacBook_Pro/ISTT/AirflowTutorial/envlibs/lib/python3.10/site-packages/airflow/example_dags/example_setup_teardown.py took 0.924 seconds
[2023-06-22T14:50:55.981+0700] {processor.py:157} INFO - Started process (PID=12764) to work on /Users/macbook/Documents/Documents_MacBook_Pro/ISTT/AirflowTutorial/envlibs/lib/python3.10/site-packages/airflow/example_dags/example_setup_teardown.py
[2023-06-22T14:50:55.982+0700] {processor.py:826} INFO - Processing file /Users/macbook/Documents/Documents_MacBook_Pro/ISTT/AirflowTutorial/envlibs/lib/python3.10/site-packages/airflow/example_dags/example_setup_teardown.py for tasks to queue
[2023-06-22T14:50:55.982+0700] {logging_mixin.py:149} INFO - [2023-06-22T14:50:55.982+0700] {dagbag.py:541} INFO - Filling up the DagBag from /Users/macbook/Documents/Documents_MacBook_Pro/ISTT/AirflowTutorial/envlibs/lib/python3.10/site-packages/airflow/example_dags/example_setup_teardown.py
[2023-06-22T14:50:55.986+0700] {processor.py:838} WARNING - No viable dags retrieved from /Users/macbook/Documents/Documents_MacBook_Pro/ISTT/AirflowTutorial/envlibs/lib/python3.10/site-packages/airflow/example_dags/example_setup_teardown.py
[2023-06-22T14:50:56.809+0700] {processor.py:179} INFO - Processing /Users/macbook/Documents/Documents_MacBook_Pro/ISTT/AirflowTutorial/envlibs/lib/python3.10/site-packages/airflow/example_dags/example_setup_teardown.py took 0.829 seconds
[2023-06-22T14:52:58.463+0700] {processor.py:157} INFO - Started process (PID=12820) to work on /Users/macbook/Documents/Documents_MacBook_Pro/ISTT/AirflowTutorial/envlibs/lib/python3.10/site-packages/airflow/example_dags/example_setup_teardown.py
[2023-06-22T14:52:58.464+0700] {processor.py:826} INFO - Processing file /Users/macbook/Documents/Documents_MacBook_Pro/ISTT/AirflowTutorial/envlibs/lib/python3.10/site-packages/airflow/example_dags/example_setup_teardown.py for tasks to queue
[2023-06-22T14:52:58.465+0700] {logging_mixin.py:149} INFO - [2023-06-22T14:52:58.465+0700] {dagbag.py:541} INFO - Filling up the DagBag from /Users/macbook/Documents/Documents_MacBook_Pro/ISTT/AirflowTutorial/envlibs/lib/python3.10/site-packages/airflow/example_dags/example_setup_teardown.py
[2023-06-22T14:52:58.468+0700] {processor.py:838} WARNING - No viable dags retrieved from /Users/macbook/Documents/Documents_MacBook_Pro/ISTT/AirflowTutorial/envlibs/lib/python3.10/site-packages/airflow/example_dags/example_setup_teardown.py
[2023-06-22T14:52:59.133+0700] {processor.py:179} INFO - Processing /Users/macbook/Documents/Documents_MacBook_Pro/ISTT/AirflowTutorial/envlibs/lib/python3.10/site-packages/airflow/example_dags/example_setup_teardown.py took 0.670 seconds
[2023-06-22T14:54:55.826+0700] {processor.py:157} INFO - Started process (PID=12873) to work on /Users/macbook/Documents/Documents_MacBook_Pro/ISTT/AirflowTutorial/envlibs/lib/python3.10/site-packages/airflow/example_dags/example_setup_teardown.py
[2023-06-22T14:54:55.827+0700] {processor.py:826} INFO - Processing file /Users/macbook/Documents/Documents_MacBook_Pro/ISTT/AirflowTutorial/envlibs/lib/python3.10/site-packages/airflow/example_dags/example_setup_teardown.py for tasks to queue
[2023-06-22T14:54:55.828+0700] {logging_mixin.py:149} INFO - [2023-06-22T14:54:55.828+0700] {dagbag.py:541} INFO - Filling up the DagBag from /Users/macbook/Documents/Documents_MacBook_Pro/ISTT/AirflowTutorial/envlibs/lib/python3.10/site-packages/airflow/example_dags/example_setup_teardown.py
[2023-06-22T14:54:55.831+0700] {processor.py:838} WARNING - No viable dags retrieved from /Users/macbook/Documents/Documents_MacBook_Pro/ISTT/AirflowTutorial/envlibs/lib/python3.10/site-packages/airflow/example_dags/example_setup_teardown.py
[2023-06-22T14:54:56.548+0700] {processor.py:179} INFO - Processing /Users/macbook/Documents/Documents_MacBook_Pro/ISTT/AirflowTutorial/envlibs/lib/python3.10/site-packages/airflow/example_dags/example_setup_teardown.py took 0.723 seconds
[2023-06-22T14:56:52.164+0700] {processor.py:157} INFO - Started process (PID=12925) to work on /Users/macbook/Documents/Documents_MacBook_Pro/ISTT/AirflowTutorial/envlibs/lib/python3.10/site-packages/airflow/example_dags/example_setup_teardown.py
[2023-06-22T14:56:52.166+0700] {processor.py:826} INFO - Processing file /Users/macbook/Documents/Documents_MacBook_Pro/ISTT/AirflowTutorial/envlibs/lib/python3.10/site-packages/airflow/example_dags/example_setup_teardown.py for tasks to queue
[2023-06-22T14:56:52.167+0700] {logging_mixin.py:149} INFO - [2023-06-22T14:56:52.167+0700] {dagbag.py:541} INFO - Filling up the DagBag from /Users/macbook/Documents/Documents_MacBook_Pro/ISTT/AirflowTutorial/envlibs/lib/python3.10/site-packages/airflow/example_dags/example_setup_teardown.py
[2023-06-22T14:56:52.172+0700] {processor.py:838} WARNING - No viable dags retrieved from /Users/macbook/Documents/Documents_MacBook_Pro/ISTT/AirflowTutorial/envlibs/lib/python3.10/site-packages/airflow/example_dags/example_setup_teardown.py
[2023-06-22T14:56:53.000+0700] {processor.py:179} INFO - Processing /Users/macbook/Documents/Documents_MacBook_Pro/ISTT/AirflowTutorial/envlibs/lib/python3.10/site-packages/airflow/example_dags/example_setup_teardown.py took 0.837 seconds
[2023-06-22T14:58:54.817+0700] {processor.py:157} INFO - Started process (PID=12978) to work on /Users/macbook/Documents/Documents_MacBook_Pro/ISTT/AirflowTutorial/envlibs/lib/python3.10/site-packages/airflow/example_dags/example_setup_teardown.py
[2023-06-22T14:58:54.818+0700] {processor.py:826} INFO - Processing file /Users/macbook/Documents/Documents_MacBook_Pro/ISTT/AirflowTutorial/envlibs/lib/python3.10/site-packages/airflow/example_dags/example_setup_teardown.py for tasks to queue
[2023-06-22T14:58:54.818+0700] {logging_mixin.py:149} INFO - [2023-06-22T14:58:54.818+0700] {dagbag.py:541} INFO - Filling up the DagBag from /Users/macbook/Documents/Documents_MacBook_Pro/ISTT/AirflowTutorial/envlibs/lib/python3.10/site-packages/airflow/example_dags/example_setup_teardown.py
[2023-06-22T14:58:54.825+0700] {processor.py:838} WARNING - No viable dags retrieved from /Users/macbook/Documents/Documents_MacBook_Pro/ISTT/AirflowTutorial/envlibs/lib/python3.10/site-packages/airflow/example_dags/example_setup_teardown.py
[2023-06-22T14:58:55.503+0700] {processor.py:179} INFO - Processing /Users/macbook/Documents/Documents_MacBook_Pro/ISTT/AirflowTutorial/envlibs/lib/python3.10/site-packages/airflow/example_dags/example_setup_teardown.py took 0.687 seconds
[2023-06-22T15:00:58.051+0700] {processor.py:157} INFO - Started process (PID=13031) to work on /Users/macbook/Documents/Documents_MacBook_Pro/ISTT/AirflowTutorial/envlibs/lib/python3.10/site-packages/airflow/example_dags/example_setup_teardown.py
[2023-06-22T15:00:58.052+0700] {processor.py:826} INFO - Processing file /Users/macbook/Documents/Documents_MacBook_Pro/ISTT/AirflowTutorial/envlibs/lib/python3.10/site-packages/airflow/example_dags/example_setup_teardown.py for tasks to queue
[2023-06-22T15:00:58.053+0700] {logging_mixin.py:149} INFO - [2023-06-22T15:00:58.053+0700] {dagbag.py:541} INFO - Filling up the DagBag from /Users/macbook/Documents/Documents_MacBook_Pro/ISTT/AirflowTutorial/envlibs/lib/python3.10/site-packages/airflow/example_dags/example_setup_teardown.py
[2023-06-22T15:00:58.057+0700] {processor.py:838} WARNING - No viable dags retrieved from /Users/macbook/Documents/Documents_MacBook_Pro/ISTT/AirflowTutorial/envlibs/lib/python3.10/site-packages/airflow/example_dags/example_setup_teardown.py
[2023-06-22T15:00:58.814+0700] {processor.py:179} INFO - Processing /Users/macbook/Documents/Documents_MacBook_Pro/ISTT/AirflowTutorial/envlibs/lib/python3.10/site-packages/airflow/example_dags/example_setup_teardown.py took 0.764 seconds
[2023-06-22T15:02:59.222+0700] {processor.py:157} INFO - Started process (PID=13089) to work on /Users/macbook/Documents/Documents_MacBook_Pro/ISTT/AirflowTutorial/envlibs/lib/python3.10/site-packages/airflow/example_dags/example_setup_teardown.py
[2023-06-22T15:02:59.224+0700] {processor.py:826} INFO - Processing file /Users/macbook/Documents/Documents_MacBook_Pro/ISTT/AirflowTutorial/envlibs/lib/python3.10/site-packages/airflow/example_dags/example_setup_teardown.py for tasks to queue
[2023-06-22T15:02:59.224+0700] {logging_mixin.py:149} INFO - [2023-06-22T15:02:59.224+0700] {dagbag.py:541} INFO - Filling up the DagBag from /Users/macbook/Documents/Documents_MacBook_Pro/ISTT/AirflowTutorial/envlibs/lib/python3.10/site-packages/airflow/example_dags/example_setup_teardown.py
[2023-06-22T15:02:59.228+0700] {processor.py:838} WARNING - No viable dags retrieved from /Users/macbook/Documents/Documents_MacBook_Pro/ISTT/AirflowTutorial/envlibs/lib/python3.10/site-packages/airflow/example_dags/example_setup_teardown.py
[2023-06-22T15:03:00.041+0700] {processor.py:179} INFO - Processing /Users/macbook/Documents/Documents_MacBook_Pro/ISTT/AirflowTutorial/envlibs/lib/python3.10/site-packages/airflow/example_dags/example_setup_teardown.py took 0.820 seconds
[2023-06-22T15:05:00.146+0700] {processor.py:157} INFO - Started process (PID=13148) to work on /Users/macbook/Documents/Documents_MacBook_Pro/ISTT/AirflowTutorial/envlibs/lib/python3.10/site-packages/airflow/example_dags/example_setup_teardown.py
[2023-06-22T15:05:00.147+0700] {processor.py:826} INFO - Processing file /Users/macbook/Documents/Documents_MacBook_Pro/ISTT/AirflowTutorial/envlibs/lib/python3.10/site-packages/airflow/example_dags/example_setup_teardown.py for tasks to queue
[2023-06-22T15:05:00.147+0700] {logging_mixin.py:149} INFO - [2023-06-22T15:05:00.147+0700] {dagbag.py:541} INFO - Filling up the DagBag from /Users/macbook/Documents/Documents_MacBook_Pro/ISTT/AirflowTutorial/envlibs/lib/python3.10/site-packages/airflow/example_dags/example_setup_teardown.py
[2023-06-22T15:05:00.151+0700] {processor.py:838} WARNING - No viable dags retrieved from /Users/macbook/Documents/Documents_MacBook_Pro/ISTT/AirflowTutorial/envlibs/lib/python3.10/site-packages/airflow/example_dags/example_setup_teardown.py
[2023-06-22T15:05:00.861+0700] {processor.py:179} INFO - Processing /Users/macbook/Documents/Documents_MacBook_Pro/ISTT/AirflowTutorial/envlibs/lib/python3.10/site-packages/airflow/example_dags/example_setup_teardown.py took 0.716 seconds
[2023-06-22T15:07:09.813+0700] {processor.py:157} INFO - Started process (PID=13251) to work on /Users/macbook/Documents/Documents_MacBook_Pro/ISTT/AirflowTutorial/envlibs/lib/python3.10/site-packages/airflow/example_dags/example_setup_teardown.py
[2023-06-22T15:07:09.814+0700] {processor.py:826} INFO - Processing file /Users/macbook/Documents/Documents_MacBook_Pro/ISTT/AirflowTutorial/envlibs/lib/python3.10/site-packages/airflow/example_dags/example_setup_teardown.py for tasks to queue
[2023-06-22T15:07:09.815+0700] {logging_mixin.py:149} INFO - [2023-06-22T15:07:09.815+0700] {dagbag.py:541} INFO - Filling up the DagBag from /Users/macbook/Documents/Documents_MacBook_Pro/ISTT/AirflowTutorial/envlibs/lib/python3.10/site-packages/airflow/example_dags/example_setup_teardown.py
[2023-06-22T15:07:09.819+0700] {processor.py:838} WARNING - No viable dags retrieved from /Users/macbook/Documents/Documents_MacBook_Pro/ISTT/AirflowTutorial/envlibs/lib/python3.10/site-packages/airflow/example_dags/example_setup_teardown.py
[2023-06-22T15:07:10.586+0700] {processor.py:179} INFO - Processing /Users/macbook/Documents/Documents_MacBook_Pro/ISTT/AirflowTutorial/envlibs/lib/python3.10/site-packages/airflow/example_dags/example_setup_teardown.py took 0.773 seconds
[2023-06-22T15:09:10.513+0700] {processor.py:157} INFO - Started process (PID=13302) to work on /Users/macbook/Documents/Documents_MacBook_Pro/ISTT/AirflowTutorial/envlibs/lib/python3.10/site-packages/airflow/example_dags/example_setup_teardown.py
[2023-06-22T15:09:10.513+0700] {processor.py:826} INFO - Processing file /Users/macbook/Documents/Documents_MacBook_Pro/ISTT/AirflowTutorial/envlibs/lib/python3.10/site-packages/airflow/example_dags/example_setup_teardown.py for tasks to queue
[2023-06-22T15:09:10.514+0700] {logging_mixin.py:149} INFO - [2023-06-22T15:09:10.514+0700] {dagbag.py:541} INFO - Filling up the DagBag from /Users/macbook/Documents/Documents_MacBook_Pro/ISTT/AirflowTutorial/envlibs/lib/python3.10/site-packages/airflow/example_dags/example_setup_teardown.py
[2023-06-22T15:09:10.518+0700] {processor.py:838} WARNING - No viable dags retrieved from /Users/macbook/Documents/Documents_MacBook_Pro/ISTT/AirflowTutorial/envlibs/lib/python3.10/site-packages/airflow/example_dags/example_setup_teardown.py
[2023-06-22T15:09:11.305+0700] {processor.py:179} INFO - Processing /Users/macbook/Documents/Documents_MacBook_Pro/ISTT/AirflowTutorial/envlibs/lib/python3.10/site-packages/airflow/example_dags/example_setup_teardown.py took 0.793 seconds
[2023-06-22T15:11:17.556+0700] {processor.py:157} INFO - Started process (PID=13399) to work on /Users/macbook/Documents/Documents_MacBook_Pro/ISTT/AirflowTutorial/envlibs/lib/python3.10/site-packages/airflow/example_dags/example_setup_teardown.py
[2023-06-22T15:11:17.557+0700] {processor.py:826} INFO - Processing file /Users/macbook/Documents/Documents_MacBook_Pro/ISTT/AirflowTutorial/envlibs/lib/python3.10/site-packages/airflow/example_dags/example_setup_teardown.py for tasks to queue
[2023-06-22T15:11:17.558+0700] {logging_mixin.py:149} INFO - [2023-06-22T15:11:17.557+0700] {dagbag.py:541} INFO - Filling up the DagBag from /Users/macbook/Documents/Documents_MacBook_Pro/ISTT/AirflowTutorial/envlibs/lib/python3.10/site-packages/airflow/example_dags/example_setup_teardown.py
[2023-06-22T15:11:17.562+0700] {processor.py:838} WARNING - No viable dags retrieved from /Users/macbook/Documents/Documents_MacBook_Pro/ISTT/AirflowTutorial/envlibs/lib/python3.10/site-packages/airflow/example_dags/example_setup_teardown.py
[2023-06-22T15:11:18.338+0700] {processor.py:179} INFO - Processing /Users/macbook/Documents/Documents_MacBook_Pro/ISTT/AirflowTutorial/envlibs/lib/python3.10/site-packages/airflow/example_dags/example_setup_teardown.py took 0.783 seconds
[2023-06-22T15:13:22.655+0700] {processor.py:157} INFO - Started process (PID=13479) to work on /Users/macbook/Documents/Documents_MacBook_Pro/ISTT/AirflowTutorial/envlibs/lib/python3.10/site-packages/airflow/example_dags/example_setup_teardown.py
[2023-06-22T15:13:22.657+0700] {processor.py:826} INFO - Processing file /Users/macbook/Documents/Documents_MacBook_Pro/ISTT/AirflowTutorial/envlibs/lib/python3.10/site-packages/airflow/example_dags/example_setup_teardown.py for tasks to queue
[2023-06-22T15:13:22.657+0700] {logging_mixin.py:149} INFO - [2023-06-22T15:13:22.657+0700] {dagbag.py:541} INFO - Filling up the DagBag from /Users/macbook/Documents/Documents_MacBook_Pro/ISTT/AirflowTutorial/envlibs/lib/python3.10/site-packages/airflow/example_dags/example_setup_teardown.py
[2023-06-22T15:13:22.663+0700] {processor.py:838} WARNING - No viable dags retrieved from /Users/macbook/Documents/Documents_MacBook_Pro/ISTT/AirflowTutorial/envlibs/lib/python3.10/site-packages/airflow/example_dags/example_setup_teardown.py
[2023-06-22T15:13:23.366+0700] {processor.py:179} INFO - Processing /Users/macbook/Documents/Documents_MacBook_Pro/ISTT/AirflowTutorial/envlibs/lib/python3.10/site-packages/airflow/example_dags/example_setup_teardown.py took 0.713 seconds
[2023-06-22T15:15:28.883+0700] {processor.py:157} INFO - Started process (PID=13552) to work on /Users/macbook/Documents/Documents_MacBook_Pro/ISTT/AirflowTutorial/envlibs/lib/python3.10/site-packages/airflow/example_dags/example_setup_teardown.py
[2023-06-22T15:15:28.884+0700] {processor.py:826} INFO - Processing file /Users/macbook/Documents/Documents_MacBook_Pro/ISTT/AirflowTutorial/envlibs/lib/python3.10/site-packages/airflow/example_dags/example_setup_teardown.py for tasks to queue
[2023-06-22T15:15:28.885+0700] {logging_mixin.py:149} INFO - [2023-06-22T15:15:28.885+0700] {dagbag.py:541} INFO - Filling up the DagBag from /Users/macbook/Documents/Documents_MacBook_Pro/ISTT/AirflowTutorial/envlibs/lib/python3.10/site-packages/airflow/example_dags/example_setup_teardown.py
[2023-06-22T15:15:28.890+0700] {processor.py:838} WARNING - No viable dags retrieved from /Users/macbook/Documents/Documents_MacBook_Pro/ISTT/AirflowTutorial/envlibs/lib/python3.10/site-packages/airflow/example_dags/example_setup_teardown.py
[2023-06-22T15:15:29.707+0700] {processor.py:179} INFO - Processing /Users/macbook/Documents/Documents_MacBook_Pro/ISTT/AirflowTutorial/envlibs/lib/python3.10/site-packages/airflow/example_dags/example_setup_teardown.py took 0.825 seconds
