[2023-06-22T14:29:08.751+0700] {processor.py:157} INFO - Started process (PID=11912) to work on /Users/macbook/Documents/Documents_MacBook_Pro/ISTT/AirflowTutorial/envlibs/lib/python3.10/site-packages/airflow/example_dags/example_bash_operator.py
[2023-06-22T14:29:08.752+0700] {processor.py:826} INFO - Processing file /Users/macbook/Documents/Documents_MacBook_Pro/ISTT/AirflowTutorial/envlibs/lib/python3.10/site-packages/airflow/example_dags/example_bash_operator.py for tasks to queue
[2023-06-22T14:29:08.752+0700] {logging_mixin.py:149} INFO - [2023-06-22T14:29:08.752+0700] {dagbag.py:541} INFO - Filling up the DagBag from /Users/macbook/Documents/Documents_MacBook_Pro/ISTT/AirflowTutorial/envlibs/lib/python3.10/site-packages/airflow/example_dags/example_bash_operator.py
[2023-06-22T14:29:08.801+0700] {processor.py:836} INFO - DAG(s) dict_keys(['example_bash_operator']) retrieved from /Users/macbook/Documents/Documents_MacBook_Pro/ISTT/AirflowTutorial/envlibs/lib/python3.10/site-packages/airflow/example_dags/example_bash_operator.py
[2023-06-22T14:29:09.601+0700] {logging_mixin.py:149} INFO - [2023-06-22T14:29:09.600+0700] {dag.py:2726} INFO - Sync 1 DAGs
[2023-06-22T14:29:09.616+0700] {logging_mixin.py:149} INFO - [2023-06-22T14:29:09.616+0700] {dag.py:3486} INFO - Setting next_dagrun for example_bash_operator to 2023-06-21T00:00:00+00:00, run_after=2023-06-22T00:00:00+00:00
[2023-06-22T14:29:09.635+0700] {processor.py:179} INFO - Processing /Users/macbook/Documents/Documents_MacBook_Pro/ISTT/AirflowTutorial/envlibs/lib/python3.10/site-packages/airflow/example_dags/example_bash_operator.py took 0.885 seconds
[2023-06-22T14:33:39.755+0700] {processor.py:157} INFO - Started process (PID=12112) to work on /Users/macbook/Documents/Documents_MacBook_Pro/ISTT/AirflowTutorial/envlibs/lib/python3.10/site-packages/airflow/example_dags/example_bash_operator.py
[2023-06-22T14:33:39.757+0700] {processor.py:826} INFO - Processing file /Users/macbook/Documents/Documents_MacBook_Pro/ISTT/AirflowTutorial/envlibs/lib/python3.10/site-packages/airflow/example_dags/example_bash_operator.py for tasks to queue
[2023-06-22T14:33:39.758+0700] {logging_mixin.py:149} INFO - [2023-06-22T14:33:39.758+0700] {dagbag.py:541} INFO - Filling up the DagBag from /Users/macbook/Documents/Documents_MacBook_Pro/ISTT/AirflowTutorial/envlibs/lib/python3.10/site-packages/airflow/example_dags/example_bash_operator.py
[2023-06-22T14:33:39.868+0700] {processor.py:836} INFO - DAG(s) dict_keys(['example_bash_operator']) retrieved from /Users/macbook/Documents/Documents_MacBook_Pro/ISTT/AirflowTutorial/envlibs/lib/python3.10/site-packages/airflow/example_dags/example_bash_operator.py
[2023-06-22T14:33:41.415+0700] {logging_mixin.py:149} INFO - [2023-06-22T14:33:41.415+0700] {dag.py:2726} INFO - Sync 1 DAGs
[2023-06-22T14:33:41.428+0700] {logging_mixin.py:149} INFO - [2023-06-22T14:33:41.428+0700] {dag.py:2747} INFO - Creating ORM DAG for example_bash_operator
[2023-06-22T14:33:41.440+0700] {logging_mixin.py:149} INFO - [2023-06-22T14:33:41.440+0700] {dag.py:3486} INFO - Setting next_dagrun for example_bash_operator to 2023-06-21T00:00:00+00:00, run_after=2023-06-22T00:00:00+00:00
[2023-06-22T14:33:41.466+0700] {processor.py:179} INFO - Processing /Users/macbook/Documents/Documents_MacBook_Pro/ISTT/AirflowTutorial/envlibs/lib/python3.10/site-packages/airflow/example_dags/example_bash_operator.py took 1.712 seconds
[2023-06-22T14:39:01.339+0700] {processor.py:157} INFO - Started process (PID=12382) to work on /Users/macbook/Documents/Documents_MacBook_Pro/ISTT/AirflowTutorial/envlibs/lib/python3.10/site-packages/airflow/example_dags/example_bash_operator.py
[2023-06-22T14:39:01.340+0700] {processor.py:826} INFO - Processing file /Users/macbook/Documents/Documents_MacBook_Pro/ISTT/AirflowTutorial/envlibs/lib/python3.10/site-packages/airflow/example_dags/example_bash_operator.py for tasks to queue
[2023-06-22T14:39:01.341+0700] {logging_mixin.py:149} INFO - [2023-06-22T14:39:01.341+0700] {dagbag.py:541} INFO - Filling up the DagBag from /Users/macbook/Documents/Documents_MacBook_Pro/ISTT/AirflowTutorial/envlibs/lib/python3.10/site-packages/airflow/example_dags/example_bash_operator.py
[2023-06-22T14:39:01.406+0700] {processor.py:836} INFO - DAG(s) dict_keys(['example_bash_operator']) retrieved from /Users/macbook/Documents/Documents_MacBook_Pro/ISTT/AirflowTutorial/envlibs/lib/python3.10/site-packages/airflow/example_dags/example_bash_operator.py
[2023-06-22T14:39:02.333+0700] {logging_mixin.py:149} INFO - [2023-06-22T14:39:02.332+0700] {dag.py:2726} INFO - Sync 1 DAGs
[2023-06-22T14:39:02.341+0700] {logging_mixin.py:149} INFO - [2023-06-22T14:39:02.341+0700] {dag.py:2747} INFO - Creating ORM DAG for example_bash_operator
[2023-06-22T14:39:02.351+0700] {logging_mixin.py:149} INFO - [2023-06-22T14:39:02.351+0700] {dag.py:3486} INFO - Setting next_dagrun for example_bash_operator to 2023-06-21T00:00:00+00:00, run_after=2023-06-22T00:00:00+00:00
[2023-06-22T14:39:02.372+0700] {processor.py:179} INFO - Processing /Users/macbook/Documents/Documents_MacBook_Pro/ISTT/AirflowTutorial/envlibs/lib/python3.10/site-packages/airflow/example_dags/example_bash_operator.py took 1.033 seconds
[2023-06-22T14:43:23.457+0700] {processor.py:157} INFO - Started process (PID=12553) to work on /Users/macbook/Documents/Documents_MacBook_Pro/ISTT/AirflowTutorial/envlibs/lib/python3.10/site-packages/airflow/example_dags/example_bash_operator.py
[2023-06-22T14:43:23.458+0700] {processor.py:826} INFO - Processing file /Users/macbook/Documents/Documents_MacBook_Pro/ISTT/AirflowTutorial/envlibs/lib/python3.10/site-packages/airflow/example_dags/example_bash_operator.py for tasks to queue
[2023-06-22T14:43:23.459+0700] {logging_mixin.py:149} INFO - [2023-06-22T14:43:23.459+0700] {dagbag.py:541} INFO - Filling up the DagBag from /Users/macbook/Documents/Documents_MacBook_Pro/ISTT/AirflowTutorial/envlibs/lib/python3.10/site-packages/airflow/example_dags/example_bash_operator.py
[2023-06-22T14:43:23.550+0700] {processor.py:836} INFO - DAG(s) dict_keys(['example_bash_operator']) retrieved from /Users/macbook/Documents/Documents_MacBook_Pro/ISTT/AirflowTutorial/envlibs/lib/python3.10/site-packages/airflow/example_dags/example_bash_operator.py
[2023-06-22T14:43:24.752+0700] {logging_mixin.py:149} INFO - [2023-06-22T14:43:24.752+0700] {dag.py:2726} INFO - Sync 1 DAGs
[2023-06-22T14:43:24.839+0700] {logging_mixin.py:149} INFO - [2023-06-22T14:43:24.839+0700] {dag.py:3486} INFO - Setting next_dagrun for example_bash_operator to 2023-06-21T00:00:00+00:00, run_after=2023-06-22T00:00:00+00:00
[2023-06-22T14:43:24.879+0700] {processor.py:179} INFO - Processing /Users/macbook/Documents/Documents_MacBook_Pro/ISTT/AirflowTutorial/envlibs/lib/python3.10/site-packages/airflow/example_dags/example_bash_operator.py took 1.424 seconds
[2023-06-22T14:47:33.702+0700] {processor.py:157} INFO - Started process (PID=12663) to work on /Users/macbook/Documents/Documents_MacBook_Pro/ISTT/AirflowTutorial/envlibs/lib/python3.10/site-packages/airflow/example_dags/example_bash_operator.py
[2023-06-22T14:47:33.704+0700] {processor.py:826} INFO - Processing file /Users/macbook/Documents/Documents_MacBook_Pro/ISTT/AirflowTutorial/envlibs/lib/python3.10/site-packages/airflow/example_dags/example_bash_operator.py for tasks to queue
[2023-06-22T14:47:33.704+0700] {logging_mixin.py:149} INFO - [2023-06-22T14:47:33.704+0700] {dagbag.py:541} INFO - Filling up the DagBag from /Users/macbook/Documents/Documents_MacBook_Pro/ISTT/AirflowTutorial/envlibs/lib/python3.10/site-packages/airflow/example_dags/example_bash_operator.py
[2023-06-22T14:47:33.757+0700] {processor.py:836} INFO - DAG(s) dict_keys(['example_bash_operator']) retrieved from /Users/macbook/Documents/Documents_MacBook_Pro/ISTT/AirflowTutorial/envlibs/lib/python3.10/site-packages/airflow/example_dags/example_bash_operator.py
[2023-06-22T14:47:34.622+0700] {logging_mixin.py:149} INFO - [2023-06-22T14:47:34.622+0700] {dag.py:2726} INFO - Sync 1 DAGs
[2023-06-22T14:47:34.640+0700] {logging_mixin.py:149} INFO - [2023-06-22T14:47:34.640+0700] {dag.py:3486} INFO - Setting next_dagrun for example_bash_operator to 2023-06-21T00:00:00+00:00, run_after=2023-06-22T00:00:00+00:00
[2023-06-22T14:47:34.657+0700] {processor.py:179} INFO - Processing /Users/macbook/Documents/Documents_MacBook_Pro/ISTT/AirflowTutorial/envlibs/lib/python3.10/site-packages/airflow/example_dags/example_bash_operator.py took 0.955 seconds
[2023-06-22T14:51:44.581+0700] {processor.py:157} INFO - Started process (PID=12784) to work on /Users/macbook/Documents/Documents_MacBook_Pro/ISTT/AirflowTutorial/envlibs/lib/python3.10/site-packages/airflow/example_dags/example_bash_operator.py
[2023-06-22T14:51:44.583+0700] {processor.py:826} INFO - Processing file /Users/macbook/Documents/Documents_MacBook_Pro/ISTT/AirflowTutorial/envlibs/lib/python3.10/site-packages/airflow/example_dags/example_bash_operator.py for tasks to queue
[2023-06-22T14:51:44.584+0700] {logging_mixin.py:149} INFO - [2023-06-22T14:51:44.584+0700] {dagbag.py:541} INFO - Filling up the DagBag from /Users/macbook/Documents/Documents_MacBook_Pro/ISTT/AirflowTutorial/envlibs/lib/python3.10/site-packages/airflow/example_dags/example_bash_operator.py
[2023-06-22T14:51:44.649+0700] {processor.py:836} INFO - DAG(s) dict_keys(['example_bash_operator']) retrieved from /Users/macbook/Documents/Documents_MacBook_Pro/ISTT/AirflowTutorial/envlibs/lib/python3.10/site-packages/airflow/example_dags/example_bash_operator.py
[2023-06-22T14:51:45.473+0700] {logging_mixin.py:149} INFO - [2023-06-22T14:51:45.472+0700] {dag.py:2726} INFO - Sync 1 DAGs
[2023-06-22T14:51:45.494+0700] {logging_mixin.py:149} INFO - [2023-06-22T14:51:45.493+0700] {dag.py:3486} INFO - Setting next_dagrun for example_bash_operator to 2023-06-21T00:00:00+00:00, run_after=2023-06-22T00:00:00+00:00
[2023-06-22T14:51:45.514+0700] {processor.py:179} INFO - Processing /Users/macbook/Documents/Documents_MacBook_Pro/ISTT/AirflowTutorial/envlibs/lib/python3.10/site-packages/airflow/example_dags/example_bash_operator.py took 0.933 seconds
[2023-06-22T14:55:40.763+0700] {processor.py:157} INFO - Started process (PID=12893) to work on /Users/macbook/Documents/Documents_MacBook_Pro/ISTT/AirflowTutorial/envlibs/lib/python3.10/site-packages/airflow/example_dags/example_bash_operator.py
[2023-06-22T14:55:40.764+0700] {processor.py:826} INFO - Processing file /Users/macbook/Documents/Documents_MacBook_Pro/ISTT/AirflowTutorial/envlibs/lib/python3.10/site-packages/airflow/example_dags/example_bash_operator.py for tasks to queue
[2023-06-22T14:55:40.765+0700] {logging_mixin.py:149} INFO - [2023-06-22T14:55:40.765+0700] {dagbag.py:541} INFO - Filling up the DagBag from /Users/macbook/Documents/Documents_MacBook_Pro/ISTT/AirflowTutorial/envlibs/lib/python3.10/site-packages/airflow/example_dags/example_bash_operator.py
[2023-06-22T14:55:40.819+0700] {processor.py:836} INFO - DAG(s) dict_keys(['example_bash_operator']) retrieved from /Users/macbook/Documents/Documents_MacBook_Pro/ISTT/AirflowTutorial/envlibs/lib/python3.10/site-packages/airflow/example_dags/example_bash_operator.py
[2023-06-22T14:55:41.577+0700] {logging_mixin.py:149} INFO - [2023-06-22T14:55:41.577+0700] {dag.py:2726} INFO - Sync 1 DAGs
[2023-06-22T14:55:41.595+0700] {logging_mixin.py:149} INFO - [2023-06-22T14:55:41.594+0700] {dag.py:3486} INFO - Setting next_dagrun for example_bash_operator to 2023-06-21T00:00:00+00:00, run_after=2023-06-22T00:00:00+00:00
[2023-06-22T14:55:41.612+0700] {processor.py:179} INFO - Processing /Users/macbook/Documents/Documents_MacBook_Pro/ISTT/AirflowTutorial/envlibs/lib/python3.10/site-packages/airflow/example_dags/example_bash_operator.py took 0.850 seconds
[2023-06-22T14:59:40.324+0700] {processor.py:157} INFO - Started process (PID=12997) to work on /Users/macbook/Documents/Documents_MacBook_Pro/ISTT/AirflowTutorial/envlibs/lib/python3.10/site-packages/airflow/example_dags/example_bash_operator.py
[2023-06-22T14:59:40.325+0700] {processor.py:826} INFO - Processing file /Users/macbook/Documents/Documents_MacBook_Pro/ISTT/AirflowTutorial/envlibs/lib/python3.10/site-packages/airflow/example_dags/example_bash_operator.py for tasks to queue
[2023-06-22T14:59:40.326+0700] {logging_mixin.py:149} INFO - [2023-06-22T14:59:40.326+0700] {dagbag.py:541} INFO - Filling up the DagBag from /Users/macbook/Documents/Documents_MacBook_Pro/ISTT/AirflowTutorial/envlibs/lib/python3.10/site-packages/airflow/example_dags/example_bash_operator.py
[2023-06-22T14:59:40.382+0700] {processor.py:836} INFO - DAG(s) dict_keys(['example_bash_operator']) retrieved from /Users/macbook/Documents/Documents_MacBook_Pro/ISTT/AirflowTutorial/envlibs/lib/python3.10/site-packages/airflow/example_dags/example_bash_operator.py
[2023-06-22T14:59:41.467+0700] {logging_mixin.py:149} INFO - [2023-06-22T14:59:41.466+0700] {dag.py:2726} INFO - Sync 1 DAGs
[2023-06-22T14:59:41.497+0700] {logging_mixin.py:149} INFO - [2023-06-22T14:59:41.496+0700] {dag.py:3486} INFO - Setting next_dagrun for example_bash_operator to 2023-06-21T00:00:00+00:00, run_after=2023-06-22T00:00:00+00:00
[2023-06-22T14:59:41.525+0700] {processor.py:179} INFO - Processing /Users/macbook/Documents/Documents_MacBook_Pro/ISTT/AirflowTutorial/envlibs/lib/python3.10/site-packages/airflow/example_dags/example_bash_operator.py took 1.202 seconds
[2023-06-22T15:03:47.472+0700] {processor.py:157} INFO - Started process (PID=13110) to work on /Users/macbook/Documents/Documents_MacBook_Pro/ISTT/AirflowTutorial/envlibs/lib/python3.10/site-packages/airflow/example_dags/example_bash_operator.py
[2023-06-22T15:03:47.473+0700] {processor.py:826} INFO - Processing file /Users/macbook/Documents/Documents_MacBook_Pro/ISTT/AirflowTutorial/envlibs/lib/python3.10/site-packages/airflow/example_dags/example_bash_operator.py for tasks to queue
[2023-06-22T15:03:47.474+0700] {logging_mixin.py:149} INFO - [2023-06-22T15:03:47.474+0700] {dagbag.py:541} INFO - Filling up the DagBag from /Users/macbook/Documents/Documents_MacBook_Pro/ISTT/AirflowTutorial/envlibs/lib/python3.10/site-packages/airflow/example_dags/example_bash_operator.py
[2023-06-22T15:03:47.528+0700] {processor.py:836} INFO - DAG(s) dict_keys(['example_bash_operator']) retrieved from /Users/macbook/Documents/Documents_MacBook_Pro/ISTT/AirflowTutorial/envlibs/lib/python3.10/site-packages/airflow/example_dags/example_bash_operator.py
[2023-06-22T15:03:48.403+0700] {logging_mixin.py:149} INFO - [2023-06-22T15:03:48.403+0700] {dag.py:2726} INFO - Sync 1 DAGs
[2023-06-22T15:03:48.422+0700] {logging_mixin.py:149} INFO - [2023-06-22T15:03:48.421+0700] {dag.py:3486} INFO - Setting next_dagrun for example_bash_operator to 2023-06-21T00:00:00+00:00, run_after=2023-06-22T00:00:00+00:00
[2023-06-22T15:03:48.439+0700] {processor.py:179} INFO - Processing /Users/macbook/Documents/Documents_MacBook_Pro/ISTT/AirflowTutorial/envlibs/lib/python3.10/site-packages/airflow/example_dags/example_bash_operator.py took 0.969 seconds
[2023-06-22T15:07:58.571+0700] {processor.py:157} INFO - Started process (PID=13272) to work on /Users/macbook/Documents/Documents_MacBook_Pro/ISTT/AirflowTutorial/envlibs/lib/python3.10/site-packages/airflow/example_dags/example_bash_operator.py
[2023-06-22T15:07:58.572+0700] {processor.py:826} INFO - Processing file /Users/macbook/Documents/Documents_MacBook_Pro/ISTT/AirflowTutorial/envlibs/lib/python3.10/site-packages/airflow/example_dags/example_bash_operator.py for tasks to queue
[2023-06-22T15:07:58.573+0700] {logging_mixin.py:149} INFO - [2023-06-22T15:07:58.573+0700] {dagbag.py:541} INFO - Filling up the DagBag from /Users/macbook/Documents/Documents_MacBook_Pro/ISTT/AirflowTutorial/envlibs/lib/python3.10/site-packages/airflow/example_dags/example_bash_operator.py
[2023-06-22T15:07:58.624+0700] {processor.py:836} INFO - DAG(s) dict_keys(['example_bash_operator']) retrieved from /Users/macbook/Documents/Documents_MacBook_Pro/ISTT/AirflowTutorial/envlibs/lib/python3.10/site-packages/airflow/example_dags/example_bash_operator.py
[2023-06-22T15:07:59.431+0700] {logging_mixin.py:149} INFO - [2023-06-22T15:07:59.431+0700] {dag.py:2726} INFO - Sync 1 DAGs
[2023-06-22T15:07:59.455+0700] {logging_mixin.py:149} INFO - [2023-06-22T15:07:59.455+0700] {dag.py:3486} INFO - Setting next_dagrun for example_bash_operator to 2023-06-21T00:00:00+00:00, run_after=2023-06-22T00:00:00+00:00
[2023-06-22T15:07:59.472+0700] {processor.py:179} INFO - Processing /Users/macbook/Documents/Documents_MacBook_Pro/ISTT/AirflowTutorial/envlibs/lib/python3.10/site-packages/airflow/example_dags/example_bash_operator.py took 0.902 seconds
[2023-06-22T15:12:07.426+0700] {processor.py:157} INFO - Started process (PID=13423) to work on /Users/macbook/Documents/Documents_MacBook_Pro/ISTT/AirflowTutorial/envlibs/lib/python3.10/site-packages/airflow/example_dags/example_bash_operator.py
[2023-06-22T15:12:07.428+0700] {processor.py:826} INFO - Processing file /Users/macbook/Documents/Documents_MacBook_Pro/ISTT/AirflowTutorial/envlibs/lib/python3.10/site-packages/airflow/example_dags/example_bash_operator.py for tasks to queue
[2023-06-22T15:12:07.428+0700] {logging_mixin.py:149} INFO - [2023-06-22T15:12:07.428+0700] {dagbag.py:541} INFO - Filling up the DagBag from /Users/macbook/Documents/Documents_MacBook_Pro/ISTT/AirflowTutorial/envlibs/lib/python3.10/site-packages/airflow/example_dags/example_bash_operator.py
[2023-06-22T15:12:07.487+0700] {processor.py:836} INFO - DAG(s) dict_keys(['example_bash_operator']) retrieved from /Users/macbook/Documents/Documents_MacBook_Pro/ISTT/AirflowTutorial/envlibs/lib/python3.10/site-packages/airflow/example_dags/example_bash_operator.py
[2023-06-22T15:12:08.296+0700] {logging_mixin.py:149} INFO - [2023-06-22T15:12:08.296+0700] {dag.py:2726} INFO - Sync 1 DAGs
[2023-06-22T15:12:08.317+0700] {logging_mixin.py:149} INFO - [2023-06-22T15:12:08.317+0700] {dag.py:3486} INFO - Setting next_dagrun for example_bash_operator to 2023-06-21T00:00:00+00:00, run_after=2023-06-22T00:00:00+00:00
[2023-06-22T15:12:08.335+0700] {processor.py:179} INFO - Processing /Users/macbook/Documents/Documents_MacBook_Pro/ISTT/AirflowTutorial/envlibs/lib/python3.10/site-packages/airflow/example_dags/example_bash_operator.py took 0.909 seconds
[2023-06-22T15:16:23.575+0700] {processor.py:157} INFO - Started process (PID=13581) to work on /Users/macbook/Documents/Documents_MacBook_Pro/ISTT/AirflowTutorial/envlibs/lib/python3.10/site-packages/airflow/example_dags/example_bash_operator.py
[2023-06-22T15:16:23.576+0700] {processor.py:826} INFO - Processing file /Users/macbook/Documents/Documents_MacBook_Pro/ISTT/AirflowTutorial/envlibs/lib/python3.10/site-packages/airflow/example_dags/example_bash_operator.py for tasks to queue
[2023-06-22T15:16:23.577+0700] {logging_mixin.py:149} INFO - [2023-06-22T15:16:23.577+0700] {dagbag.py:541} INFO - Filling up the DagBag from /Users/macbook/Documents/Documents_MacBook_Pro/ISTT/AirflowTutorial/envlibs/lib/python3.10/site-packages/airflow/example_dags/example_bash_operator.py
[2023-06-22T15:16:23.632+0700] {processor.py:836} INFO - DAG(s) dict_keys(['example_bash_operator']) retrieved from /Users/macbook/Documents/Documents_MacBook_Pro/ISTT/AirflowTutorial/envlibs/lib/python3.10/site-packages/airflow/example_dags/example_bash_operator.py
[2023-06-22T15:16:24.441+0700] {logging_mixin.py:149} INFO - [2023-06-22T15:16:24.441+0700] {dag.py:2726} INFO - Sync 1 DAGs
[2023-06-22T15:16:24.461+0700] {logging_mixin.py:149} INFO - [2023-06-22T15:16:24.460+0700] {dag.py:3486} INFO - Setting next_dagrun for example_bash_operator to 2023-06-21T00:00:00+00:00, run_after=2023-06-22T00:00:00+00:00
[2023-06-22T15:16:24.479+0700] {processor.py:179} INFO - Processing /Users/macbook/Documents/Documents_MacBook_Pro/ISTT/AirflowTutorial/envlibs/lib/python3.10/site-packages/airflow/example_dags/example_bash_operator.py took 0.905 seconds
[2023-06-22T15:20:27.159+0700] {processor.py:157} INFO - Started process (PID=13750) to work on /Users/macbook/Documents/Documents_MacBook_Pro/ISTT/AirflowTutorial/envlibs/lib/python3.10/site-packages/airflow/example_dags/example_bash_operator.py
[2023-06-22T15:20:27.160+0700] {processor.py:826} INFO - Processing file /Users/macbook/Documents/Documents_MacBook_Pro/ISTT/AirflowTutorial/envlibs/lib/python3.10/site-packages/airflow/example_dags/example_bash_operator.py for tasks to queue
[2023-06-22T15:20:27.161+0700] {logging_mixin.py:149} INFO - [2023-06-22T15:20:27.161+0700] {dagbag.py:541} INFO - Filling up the DagBag from /Users/macbook/Documents/Documents_MacBook_Pro/ISTT/AirflowTutorial/envlibs/lib/python3.10/site-packages/airflow/example_dags/example_bash_operator.py
[2023-06-22T15:20:27.224+0700] {processor.py:836} INFO - DAG(s) dict_keys(['example_bash_operator']) retrieved from /Users/macbook/Documents/Documents_MacBook_Pro/ISTT/AirflowTutorial/envlibs/lib/python3.10/site-packages/airflow/example_dags/example_bash_operator.py
[2023-06-22T15:20:28.085+0700] {logging_mixin.py:149} INFO - [2023-06-22T15:20:28.084+0700] {dag.py:2726} INFO - Sync 1 DAGs
[2023-06-22T15:20:28.103+0700] {logging_mixin.py:149} INFO - [2023-06-22T15:20:28.103+0700] {dag.py:3486} INFO - Setting next_dagrun for example_bash_operator to 2023-06-21T00:00:00+00:00, run_after=2023-06-22T00:00:00+00:00
[2023-06-22T15:20:28.120+0700] {processor.py:179} INFO - Processing /Users/macbook/Documents/Documents_MacBook_Pro/ISTT/AirflowTutorial/envlibs/lib/python3.10/site-packages/airflow/example_dags/example_bash_operator.py took 0.961 seconds
[2023-06-22T15:24:50.366+0700] {processor.py:157} INFO - Started process (PID=13872) to work on /Users/macbook/Documents/Documents_MacBook_Pro/ISTT/AirflowTutorial/envlibs/lib/python3.10/site-packages/airflow/example_dags/example_bash_operator.py
[2023-06-22T15:24:50.368+0700] {processor.py:826} INFO - Processing file /Users/macbook/Documents/Documents_MacBook_Pro/ISTT/AirflowTutorial/envlibs/lib/python3.10/site-packages/airflow/example_dags/example_bash_operator.py for tasks to queue
[2023-06-22T15:24:50.369+0700] {logging_mixin.py:149} INFO - [2023-06-22T15:24:50.369+0700] {dagbag.py:541} INFO - Filling up the DagBag from /Users/macbook/Documents/Documents_MacBook_Pro/ISTT/AirflowTutorial/envlibs/lib/python3.10/site-packages/airflow/example_dags/example_bash_operator.py
[2023-06-22T15:24:50.428+0700] {processor.py:836} INFO - DAG(s) dict_keys(['example_bash_operator']) retrieved from /Users/macbook/Documents/Documents_MacBook_Pro/ISTT/AirflowTutorial/envlibs/lib/python3.10/site-packages/airflow/example_dags/example_bash_operator.py
[2023-06-22T15:24:51.329+0700] {logging_mixin.py:149} INFO - [2023-06-22T15:24:51.329+0700] {dag.py:2726} INFO - Sync 1 DAGs
[2023-06-22T15:24:51.351+0700] {logging_mixin.py:149} INFO - [2023-06-22T15:24:51.351+0700] {dag.py:3486} INFO - Setting next_dagrun for example_bash_operator to 2023-06-21T00:00:00+00:00, run_after=2023-06-22T00:00:00+00:00
[2023-06-22T15:24:51.371+0700] {processor.py:179} INFO - Processing /Users/macbook/Documents/Documents_MacBook_Pro/ISTT/AirflowTutorial/envlibs/lib/python3.10/site-packages/airflow/example_dags/example_bash_operator.py took 1.005 seconds
[2023-06-22T15:29:10.323+0700] {processor.py:157} INFO - Started process (PID=13987) to work on /Users/macbook/Documents/Documents_MacBook_Pro/ISTT/AirflowTutorial/envlibs/lib/python3.10/site-packages/airflow/example_dags/example_bash_operator.py
[2023-06-22T15:29:10.324+0700] {processor.py:826} INFO - Processing file /Users/macbook/Documents/Documents_MacBook_Pro/ISTT/AirflowTutorial/envlibs/lib/python3.10/site-packages/airflow/example_dags/example_bash_operator.py for tasks to queue
[2023-06-22T15:29:10.325+0700] {logging_mixin.py:149} INFO - [2023-06-22T15:29:10.325+0700] {dagbag.py:541} INFO - Filling up the DagBag from /Users/macbook/Documents/Documents_MacBook_Pro/ISTT/AirflowTutorial/envlibs/lib/python3.10/site-packages/airflow/example_dags/example_bash_operator.py
[2023-06-22T15:29:10.376+0700] {processor.py:836} INFO - DAG(s) dict_keys(['example_bash_operator']) retrieved from /Users/macbook/Documents/Documents_MacBook_Pro/ISTT/AirflowTutorial/envlibs/lib/python3.10/site-packages/airflow/example_dags/example_bash_operator.py
[2023-06-22T15:29:11.179+0700] {logging_mixin.py:149} INFO - [2023-06-22T15:29:11.179+0700] {dag.py:2726} INFO - Sync 1 DAGs
[2023-06-22T15:29:11.199+0700] {logging_mixin.py:149} INFO - [2023-06-22T15:29:11.199+0700] {dag.py:3486} INFO - Setting next_dagrun for example_bash_operator to 2023-06-21T00:00:00+00:00, run_after=2023-06-22T00:00:00+00:00
[2023-06-22T15:29:11.218+0700] {processor.py:179} INFO - Processing /Users/macbook/Documents/Documents_MacBook_Pro/ISTT/AirflowTutorial/envlibs/lib/python3.10/site-packages/airflow/example_dags/example_bash_operator.py took 0.896 seconds
[2023-06-22T15:33:21.162+0700] {processor.py:157} INFO - Started process (PID=14108) to work on /Users/macbook/Documents/Documents_MacBook_Pro/ISTT/AirflowTutorial/envlibs/lib/python3.10/site-packages/airflow/example_dags/example_bash_operator.py
[2023-06-22T15:33:21.163+0700] {processor.py:826} INFO - Processing file /Users/macbook/Documents/Documents_MacBook_Pro/ISTT/AirflowTutorial/envlibs/lib/python3.10/site-packages/airflow/example_dags/example_bash_operator.py for tasks to queue
[2023-06-22T15:33:21.164+0700] {logging_mixin.py:149} INFO - [2023-06-22T15:33:21.164+0700] {dagbag.py:541} INFO - Filling up the DagBag from /Users/macbook/Documents/Documents_MacBook_Pro/ISTT/AirflowTutorial/envlibs/lib/python3.10/site-packages/airflow/example_dags/example_bash_operator.py
[2023-06-22T15:33:21.213+0700] {processor.py:836} INFO - DAG(s) dict_keys(['example_bash_operator']) retrieved from /Users/macbook/Documents/Documents_MacBook_Pro/ISTT/AirflowTutorial/envlibs/lib/python3.10/site-packages/airflow/example_dags/example_bash_operator.py
[2023-06-22T15:33:21.945+0700] {logging_mixin.py:149} INFO - [2023-06-22T15:33:21.945+0700] {dag.py:2726} INFO - Sync 1 DAGs
[2023-06-22T15:33:21.962+0700] {logging_mixin.py:149} INFO - [2023-06-22T15:33:21.962+0700] {dag.py:3486} INFO - Setting next_dagrun for example_bash_operator to 2023-06-21T00:00:00+00:00, run_after=2023-06-22T00:00:00+00:00
[2023-06-22T15:33:21.979+0700] {processor.py:179} INFO - Processing /Users/macbook/Documents/Documents_MacBook_Pro/ISTT/AirflowTutorial/envlibs/lib/python3.10/site-packages/airflow/example_dags/example_bash_operator.py took 0.818 seconds
[2023-06-22T15:37:31.198+0700] {processor.py:157} INFO - Started process (PID=14223) to work on /Users/macbook/Documents/Documents_MacBook_Pro/ISTT/AirflowTutorial/envlibs/lib/python3.10/site-packages/airflow/example_dags/example_bash_operator.py
[2023-06-22T15:37:31.199+0700] {processor.py:826} INFO - Processing file /Users/macbook/Documents/Documents_MacBook_Pro/ISTT/AirflowTutorial/envlibs/lib/python3.10/site-packages/airflow/example_dags/example_bash_operator.py for tasks to queue
[2023-06-22T15:37:31.203+0700] {logging_mixin.py:149} INFO - [2023-06-22T15:37:31.203+0700] {dagbag.py:541} INFO - Filling up the DagBag from /Users/macbook/Documents/Documents_MacBook_Pro/ISTT/AirflowTutorial/envlibs/lib/python3.10/site-packages/airflow/example_dags/example_bash_operator.py
[2023-06-22T15:37:31.299+0700] {processor.py:836} INFO - DAG(s) dict_keys(['example_bash_operator']) retrieved from /Users/macbook/Documents/Documents_MacBook_Pro/ISTT/AirflowTutorial/envlibs/lib/python3.10/site-packages/airflow/example_dags/example_bash_operator.py
[2023-06-22T15:37:32.274+0700] {logging_mixin.py:149} INFO - [2023-06-22T15:37:32.273+0700] {dag.py:2726} INFO - Sync 1 DAGs
[2023-06-22T15:37:32.305+0700] {logging_mixin.py:149} INFO - [2023-06-22T15:37:32.305+0700] {dag.py:3486} INFO - Setting next_dagrun for example_bash_operator to 2023-06-21T00:00:00+00:00, run_after=2023-06-22T00:00:00+00:00
[2023-06-22T15:37:32.330+0700] {processor.py:179} INFO - Processing /Users/macbook/Documents/Documents_MacBook_Pro/ISTT/AirflowTutorial/envlibs/lib/python3.10/site-packages/airflow/example_dags/example_bash_operator.py took 1.133 seconds
[2023-06-22T15:41:53.617+0700] {processor.py:157} INFO - Started process (PID=14364) to work on /Users/macbook/Documents/Documents_MacBook_Pro/ISTT/AirflowTutorial/envlibs/lib/python3.10/site-packages/airflow/example_dags/example_bash_operator.py
[2023-06-22T15:41:53.618+0700] {processor.py:826} INFO - Processing file /Users/macbook/Documents/Documents_MacBook_Pro/ISTT/AirflowTutorial/envlibs/lib/python3.10/site-packages/airflow/example_dags/example_bash_operator.py for tasks to queue
[2023-06-22T15:41:53.618+0700] {logging_mixin.py:149} INFO - [2023-06-22T15:41:53.618+0700] {dagbag.py:541} INFO - Filling up the DagBag from /Users/macbook/Documents/Documents_MacBook_Pro/ISTT/AirflowTutorial/envlibs/lib/python3.10/site-packages/airflow/example_dags/example_bash_operator.py
[2023-06-22T15:41:53.672+0700] {processor.py:836} INFO - DAG(s) dict_keys(['example_bash_operator']) retrieved from /Users/macbook/Documents/Documents_MacBook_Pro/ISTT/AirflowTutorial/envlibs/lib/python3.10/site-packages/airflow/example_dags/example_bash_operator.py
[2023-06-22T15:41:54.489+0700] {logging_mixin.py:149} INFO - [2023-06-22T15:41:54.489+0700] {dag.py:2726} INFO - Sync 1 DAGs
[2023-06-22T15:41:54.512+0700] {logging_mixin.py:149} INFO - [2023-06-22T15:41:54.511+0700] {dag.py:3486} INFO - Setting next_dagrun for example_bash_operator to 2023-06-21T00:00:00+00:00, run_after=2023-06-22T00:00:00+00:00
[2023-06-22T15:41:54.534+0700] {processor.py:179} INFO - Processing /Users/macbook/Documents/Documents_MacBook_Pro/ISTT/AirflowTutorial/envlibs/lib/python3.10/site-packages/airflow/example_dags/example_bash_operator.py took 0.918 seconds
[2023-06-22T15:46:16.146+0700] {processor.py:157} INFO - Started process (PID=14504) to work on /Users/macbook/Documents/Documents_MacBook_Pro/ISTT/AirflowTutorial/envlibs/lib/python3.10/site-packages/airflow/example_dags/example_bash_operator.py
[2023-06-22T15:46:16.148+0700] {processor.py:826} INFO - Processing file /Users/macbook/Documents/Documents_MacBook_Pro/ISTT/AirflowTutorial/envlibs/lib/python3.10/site-packages/airflow/example_dags/example_bash_operator.py for tasks to queue
[2023-06-22T15:46:16.148+0700] {logging_mixin.py:149} INFO - [2023-06-22T15:46:16.148+0700] {dagbag.py:541} INFO - Filling up the DagBag from /Users/macbook/Documents/Documents_MacBook_Pro/ISTT/AirflowTutorial/envlibs/lib/python3.10/site-packages/airflow/example_dags/example_bash_operator.py
[2023-06-22T15:46:16.200+0700] {processor.py:836} INFO - DAG(s) dict_keys(['example_bash_operator']) retrieved from /Users/macbook/Documents/Documents_MacBook_Pro/ISTT/AirflowTutorial/envlibs/lib/python3.10/site-packages/airflow/example_dags/example_bash_operator.py
[2023-06-22T15:46:16.980+0700] {logging_mixin.py:149} INFO - [2023-06-22T15:46:16.979+0700] {dag.py:2726} INFO - Sync 1 DAGs
[2023-06-22T15:46:17.000+0700] {logging_mixin.py:149} INFO - [2023-06-22T15:46:17.000+0700] {dag.py:3486} INFO - Setting next_dagrun for example_bash_operator to 2023-06-21T00:00:00+00:00, run_after=2023-06-22T00:00:00+00:00
[2023-06-22T15:46:17.018+0700] {processor.py:179} INFO - Processing /Users/macbook/Documents/Documents_MacBook_Pro/ISTT/AirflowTutorial/envlibs/lib/python3.10/site-packages/airflow/example_dags/example_bash_operator.py took 0.873 seconds
[2023-06-22T15:50:44.319+0700] {processor.py:157} INFO - Started process (PID=14669) to work on /Users/macbook/Documents/Documents_MacBook_Pro/ISTT/AirflowTutorial/envlibs/lib/python3.10/site-packages/airflow/example_dags/example_bash_operator.py
[2023-06-22T15:50:44.321+0700] {processor.py:826} INFO - Processing file /Users/macbook/Documents/Documents_MacBook_Pro/ISTT/AirflowTutorial/envlibs/lib/python3.10/site-packages/airflow/example_dags/example_bash_operator.py for tasks to queue
[2023-06-22T15:50:44.322+0700] {logging_mixin.py:149} INFO - [2023-06-22T15:50:44.322+0700] {dagbag.py:541} INFO - Filling up the DagBag from /Users/macbook/Documents/Documents_MacBook_Pro/ISTT/AirflowTutorial/envlibs/lib/python3.10/site-packages/airflow/example_dags/example_bash_operator.py
[2023-06-22T15:50:44.378+0700] {processor.py:836} INFO - DAG(s) dict_keys(['example_bash_operator']) retrieved from /Users/macbook/Documents/Documents_MacBook_Pro/ISTT/AirflowTutorial/envlibs/lib/python3.10/site-packages/airflow/example_dags/example_bash_operator.py
[2023-06-22T15:50:45.233+0700] {logging_mixin.py:149} INFO - [2023-06-22T15:50:45.233+0700] {dag.py:2726} INFO - Sync 1 DAGs
[2023-06-22T15:50:45.257+0700] {logging_mixin.py:149} INFO - [2023-06-22T15:50:45.257+0700] {dag.py:3486} INFO - Setting next_dagrun for example_bash_operator to 2023-06-21T00:00:00+00:00, run_after=2023-06-22T00:00:00+00:00
[2023-06-22T15:50:45.282+0700] {processor.py:179} INFO - Processing /Users/macbook/Documents/Documents_MacBook_Pro/ISTT/AirflowTutorial/envlibs/lib/python3.10/site-packages/airflow/example_dags/example_bash_operator.py took 0.963 seconds
[2023-06-22T15:55:18.179+0700] {processor.py:157} INFO - Started process (PID=14849) to work on /Users/macbook/Documents/Documents_MacBook_Pro/ISTT/AirflowTutorial/envlibs/lib/python3.10/site-packages/airflow/example_dags/example_bash_operator.py
[2023-06-22T15:55:18.181+0700] {processor.py:826} INFO - Processing file /Users/macbook/Documents/Documents_MacBook_Pro/ISTT/AirflowTutorial/envlibs/lib/python3.10/site-packages/airflow/example_dags/example_bash_operator.py for tasks to queue
[2023-06-22T15:55:18.181+0700] {logging_mixin.py:149} INFO - [2023-06-22T15:55:18.181+0700] {dagbag.py:541} INFO - Filling up the DagBag from /Users/macbook/Documents/Documents_MacBook_Pro/ISTT/AirflowTutorial/envlibs/lib/python3.10/site-packages/airflow/example_dags/example_bash_operator.py
[2023-06-22T15:55:18.239+0700] {processor.py:836} INFO - DAG(s) dict_keys(['example_bash_operator']) retrieved from /Users/macbook/Documents/Documents_MacBook_Pro/ISTT/AirflowTutorial/envlibs/lib/python3.10/site-packages/airflow/example_dags/example_bash_operator.py
[2023-06-22T15:55:19.062+0700] {logging_mixin.py:149} INFO - [2023-06-22T15:55:19.062+0700] {dag.py:2726} INFO - Sync 1 DAGs
[2023-06-22T15:55:19.081+0700] {logging_mixin.py:149} INFO - [2023-06-22T15:55:19.081+0700] {dag.py:3486} INFO - Setting next_dagrun for example_bash_operator to 2023-06-21T00:00:00+00:00, run_after=2023-06-22T00:00:00+00:00
[2023-06-22T15:55:19.099+0700] {processor.py:179} INFO - Processing /Users/macbook/Documents/Documents_MacBook_Pro/ISTT/AirflowTutorial/envlibs/lib/python3.10/site-packages/airflow/example_dags/example_bash_operator.py took 0.921 seconds
[2023-06-22T15:59:50.360+0700] {processor.py:157} INFO - Started process (PID=14977) to work on /Users/macbook/Documents/Documents_MacBook_Pro/ISTT/AirflowTutorial/envlibs/lib/python3.10/site-packages/airflow/example_dags/example_bash_operator.py
[2023-06-22T15:59:50.362+0700] {processor.py:826} INFO - Processing file /Users/macbook/Documents/Documents_MacBook_Pro/ISTT/AirflowTutorial/envlibs/lib/python3.10/site-packages/airflow/example_dags/example_bash_operator.py for tasks to queue
[2023-06-22T15:59:50.363+0700] {logging_mixin.py:149} INFO - [2023-06-22T15:59:50.363+0700] {dagbag.py:541} INFO - Filling up the DagBag from /Users/macbook/Documents/Documents_MacBook_Pro/ISTT/AirflowTutorial/envlibs/lib/python3.10/site-packages/airflow/example_dags/example_bash_operator.py
[2023-06-22T15:59:50.419+0700] {processor.py:836} INFO - DAG(s) dict_keys(['example_bash_operator']) retrieved from /Users/macbook/Documents/Documents_MacBook_Pro/ISTT/AirflowTutorial/envlibs/lib/python3.10/site-packages/airflow/example_dags/example_bash_operator.py
[2023-06-22T15:59:51.272+0700] {logging_mixin.py:149} INFO - [2023-06-22T15:59:51.271+0700] {dag.py:2726} INFO - Sync 1 DAGs
[2023-06-22T15:59:51.292+0700] {logging_mixin.py:149} INFO - [2023-06-22T15:59:51.292+0700] {dag.py:3486} INFO - Setting next_dagrun for example_bash_operator to 2023-06-21T00:00:00+00:00, run_after=2023-06-22T00:00:00+00:00
[2023-06-22T15:59:51.312+0700] {processor.py:179} INFO - Processing /Users/macbook/Documents/Documents_MacBook_Pro/ISTT/AirflowTutorial/envlibs/lib/python3.10/site-packages/airflow/example_dags/example_bash_operator.py took 0.952 seconds
[2023-06-22T16:04:18.399+0700] {processor.py:157} INFO - Started process (PID=15098) to work on /Users/macbook/Documents/Documents_MacBook_Pro/ISTT/AirflowTutorial/envlibs/lib/python3.10/site-packages/airflow/example_dags/example_bash_operator.py
[2023-06-22T16:04:18.400+0700] {processor.py:826} INFO - Processing file /Users/macbook/Documents/Documents_MacBook_Pro/ISTT/AirflowTutorial/envlibs/lib/python3.10/site-packages/airflow/example_dags/example_bash_operator.py for tasks to queue
[2023-06-22T16:04:18.401+0700] {logging_mixin.py:149} INFO - [2023-06-22T16:04:18.401+0700] {dagbag.py:541} INFO - Filling up the DagBag from /Users/macbook/Documents/Documents_MacBook_Pro/ISTT/AirflowTutorial/envlibs/lib/python3.10/site-packages/airflow/example_dags/example_bash_operator.py
[2023-06-22T16:04:18.454+0700] {processor.py:836} INFO - DAG(s) dict_keys(['example_bash_operator']) retrieved from /Users/macbook/Documents/Documents_MacBook_Pro/ISTT/AirflowTutorial/envlibs/lib/python3.10/site-packages/airflow/example_dags/example_bash_operator.py
[2023-06-22T16:04:19.322+0700] {logging_mixin.py:149} INFO - [2023-06-22T16:04:19.321+0700] {dag.py:2726} INFO - Sync 1 DAGs
[2023-06-22T16:04:19.341+0700] {logging_mixin.py:149} INFO - [2023-06-22T16:04:19.341+0700] {dag.py:3486} INFO - Setting next_dagrun for example_bash_operator to 2023-06-21T00:00:00+00:00, run_after=2023-06-22T00:00:00+00:00
[2023-06-22T16:04:19.359+0700] {processor.py:179} INFO - Processing /Users/macbook/Documents/Documents_MacBook_Pro/ISTT/AirflowTutorial/envlibs/lib/python3.10/site-packages/airflow/example_dags/example_bash_operator.py took 0.961 seconds
[2023-06-22T16:08:36.126+0700] {processor.py:157} INFO - Started process (PID=15217) to work on /Users/macbook/Documents/Documents_MacBook_Pro/ISTT/AirflowTutorial/envlibs/lib/python3.10/site-packages/airflow/example_dags/example_bash_operator.py
[2023-06-22T16:08:36.127+0700] {processor.py:826} INFO - Processing file /Users/macbook/Documents/Documents_MacBook_Pro/ISTT/AirflowTutorial/envlibs/lib/python3.10/site-packages/airflow/example_dags/example_bash_operator.py for tasks to queue
[2023-06-22T16:08:36.128+0700] {logging_mixin.py:149} INFO - [2023-06-22T16:08:36.128+0700] {dagbag.py:541} INFO - Filling up the DagBag from /Users/macbook/Documents/Documents_MacBook_Pro/ISTT/AirflowTutorial/envlibs/lib/python3.10/site-packages/airflow/example_dags/example_bash_operator.py
[2023-06-22T16:08:36.179+0700] {processor.py:836} INFO - DAG(s) dict_keys(['example_bash_operator']) retrieved from /Users/macbook/Documents/Documents_MacBook_Pro/ISTT/AirflowTutorial/envlibs/lib/python3.10/site-packages/airflow/example_dags/example_bash_operator.py
[2023-06-22T16:08:36.999+0700] {logging_mixin.py:149} INFO - [2023-06-22T16:08:36.999+0700] {dag.py:2726} INFO - Sync 1 DAGs
[2023-06-22T16:08:37.020+0700] {logging_mixin.py:149} INFO - [2023-06-22T16:08:37.020+0700] {dag.py:3486} INFO - Setting next_dagrun for example_bash_operator to 2023-06-21T00:00:00+00:00, run_after=2023-06-22T00:00:00+00:00
[2023-06-22T16:08:37.041+0700] {processor.py:179} INFO - Processing /Users/macbook/Documents/Documents_MacBook_Pro/ISTT/AirflowTutorial/envlibs/lib/python3.10/site-packages/airflow/example_dags/example_bash_operator.py took 0.917 seconds
[2023-06-22T16:12:31.844+0700] {processor.py:157} INFO - Started process (PID=15331) to work on /Users/macbook/Documents/Documents_MacBook_Pro/ISTT/AirflowTutorial/envlibs/lib/python3.10/site-packages/airflow/example_dags/example_bash_operator.py
[2023-06-22T16:12:31.845+0700] {processor.py:826} INFO - Processing file /Users/macbook/Documents/Documents_MacBook_Pro/ISTT/AirflowTutorial/envlibs/lib/python3.10/site-packages/airflow/example_dags/example_bash_operator.py for tasks to queue
[2023-06-22T16:12:31.846+0700] {logging_mixin.py:149} INFO - [2023-06-22T16:12:31.846+0700] {dagbag.py:541} INFO - Filling up the DagBag from /Users/macbook/Documents/Documents_MacBook_Pro/ISTT/AirflowTutorial/envlibs/lib/python3.10/site-packages/airflow/example_dags/example_bash_operator.py
[2023-06-22T16:12:31.898+0700] {processor.py:836} INFO - DAG(s) dict_keys(['example_bash_operator']) retrieved from /Users/macbook/Documents/Documents_MacBook_Pro/ISTT/AirflowTutorial/envlibs/lib/python3.10/site-packages/airflow/example_dags/example_bash_operator.py
[2023-06-22T16:12:32.556+0700] {logging_mixin.py:149} INFO - [2023-06-22T16:12:32.556+0700] {dag.py:2726} INFO - Sync 1 DAGs
[2023-06-22T16:12:32.572+0700] {logging_mixin.py:149} INFO - [2023-06-22T16:12:32.572+0700] {dag.py:3486} INFO - Setting next_dagrun for example_bash_operator to 2023-06-21T00:00:00+00:00, run_after=2023-06-22T00:00:00+00:00
[2023-06-22T16:12:32.588+0700] {processor.py:179} INFO - Processing /Users/macbook/Documents/Documents_MacBook_Pro/ISTT/AirflowTutorial/envlibs/lib/python3.10/site-packages/airflow/example_dags/example_bash_operator.py took 0.745 seconds
[2023-06-22T16:16:37.734+0700] {processor.py:157} INFO - Started process (PID=15439) to work on /Users/macbook/Documents/Documents_MacBook_Pro/ISTT/AirflowTutorial/envlibs/lib/python3.10/site-packages/airflow/example_dags/example_bash_operator.py
[2023-06-22T16:16:37.735+0700] {processor.py:826} INFO - Processing file /Users/macbook/Documents/Documents_MacBook_Pro/ISTT/AirflowTutorial/envlibs/lib/python3.10/site-packages/airflow/example_dags/example_bash_operator.py for tasks to queue
[2023-06-22T16:16:37.736+0700] {logging_mixin.py:149} INFO - [2023-06-22T16:16:37.736+0700] {dagbag.py:541} INFO - Filling up the DagBag from /Users/macbook/Documents/Documents_MacBook_Pro/ISTT/AirflowTutorial/envlibs/lib/python3.10/site-packages/airflow/example_dags/example_bash_operator.py
[2023-06-22T16:16:37.794+0700] {processor.py:836} INFO - DAG(s) dict_keys(['example_bash_operator']) retrieved from /Users/macbook/Documents/Documents_MacBook_Pro/ISTT/AirflowTutorial/envlibs/lib/python3.10/site-packages/airflow/example_dags/example_bash_operator.py
[2023-06-22T16:16:38.694+0700] {logging_mixin.py:149} INFO - [2023-06-22T16:16:38.694+0700] {dag.py:2726} INFO - Sync 1 DAGs
[2023-06-22T16:16:38.714+0700] {logging_mixin.py:149} INFO - [2023-06-22T16:16:38.714+0700] {dag.py:3486} INFO - Setting next_dagrun for example_bash_operator to 2023-06-21T00:00:00+00:00, run_after=2023-06-22T00:00:00+00:00
[2023-06-22T16:16:38.734+0700] {processor.py:179} INFO - Processing /Users/macbook/Documents/Documents_MacBook_Pro/ISTT/AirflowTutorial/envlibs/lib/python3.10/site-packages/airflow/example_dags/example_bash_operator.py took 1.001 seconds
[2023-06-22T16:21:07.905+0700] {processor.py:157} INFO - Started process (PID=15599) to work on /Users/macbook/Documents/Documents_MacBook_Pro/ISTT/AirflowTutorial/envlibs/lib/python3.10/site-packages/airflow/example_dags/example_bash_operator.py
[2023-06-22T16:21:07.907+0700] {processor.py:826} INFO - Processing file /Users/macbook/Documents/Documents_MacBook_Pro/ISTT/AirflowTutorial/envlibs/lib/python3.10/site-packages/airflow/example_dags/example_bash_operator.py for tasks to queue
[2023-06-22T16:21:07.908+0700] {logging_mixin.py:149} INFO - [2023-06-22T16:21:07.907+0700] {dagbag.py:541} INFO - Filling up the DagBag from /Users/macbook/Documents/Documents_MacBook_Pro/ISTT/AirflowTutorial/envlibs/lib/python3.10/site-packages/airflow/example_dags/example_bash_operator.py
[2023-06-22T16:21:07.961+0700] {processor.py:836} INFO - DAG(s) dict_keys(['example_bash_operator']) retrieved from /Users/macbook/Documents/Documents_MacBook_Pro/ISTT/AirflowTutorial/envlibs/lib/python3.10/site-packages/airflow/example_dags/example_bash_operator.py
[2023-06-22T16:21:08.682+0700] {logging_mixin.py:149} INFO - [2023-06-22T16:21:08.682+0700] {dag.py:2726} INFO - Sync 1 DAGs
[2023-06-22T16:21:08.700+0700] {logging_mixin.py:149} INFO - [2023-06-22T16:21:08.700+0700] {dag.py:3486} INFO - Setting next_dagrun for example_bash_operator to 2023-06-21T00:00:00+00:00, run_after=2023-06-22T00:00:00+00:00
[2023-06-22T16:21:08.718+0700] {processor.py:179} INFO - Processing /Users/macbook/Documents/Documents_MacBook_Pro/ISTT/AirflowTutorial/envlibs/lib/python3.10/site-packages/airflow/example_dags/example_bash_operator.py took 0.815 seconds
[2023-06-22T16:25:00.656+0700] {processor.py:157} INFO - Started process (PID=15706) to work on /Users/macbook/Documents/Documents_MacBook_Pro/ISTT/AirflowTutorial/envlibs/lib/python3.10/site-packages/airflow/example_dags/example_bash_operator.py
[2023-06-22T16:25:00.657+0700] {processor.py:826} INFO - Processing file /Users/macbook/Documents/Documents_MacBook_Pro/ISTT/AirflowTutorial/envlibs/lib/python3.10/site-packages/airflow/example_dags/example_bash_operator.py for tasks to queue
[2023-06-22T16:25:00.657+0700] {logging_mixin.py:149} INFO - [2023-06-22T16:25:00.657+0700] {dagbag.py:541} INFO - Filling up the DagBag from /Users/macbook/Documents/Documents_MacBook_Pro/ISTT/AirflowTutorial/envlibs/lib/python3.10/site-packages/airflow/example_dags/example_bash_operator.py
[2023-06-22T16:25:00.712+0700] {processor.py:836} INFO - DAG(s) dict_keys(['example_bash_operator']) retrieved from /Users/macbook/Documents/Documents_MacBook_Pro/ISTT/AirflowTutorial/envlibs/lib/python3.10/site-packages/airflow/example_dags/example_bash_operator.py
[2023-06-22T16:25:01.381+0700] {logging_mixin.py:149} INFO - [2023-06-22T16:25:01.380+0700] {dag.py:2726} INFO - Sync 1 DAGs
[2023-06-22T16:25:01.398+0700] {logging_mixin.py:149} INFO - [2023-06-22T16:25:01.398+0700] {dag.py:3486} INFO - Setting next_dagrun for example_bash_operator to 2023-06-21T00:00:00+00:00, run_after=2023-06-22T00:00:00+00:00
[2023-06-22T16:25:01.414+0700] {processor.py:179} INFO - Processing /Users/macbook/Documents/Documents_MacBook_Pro/ISTT/AirflowTutorial/envlibs/lib/python3.10/site-packages/airflow/example_dags/example_bash_operator.py took 0.759 seconds
