[2023-06-22T14:28:17.498+0700] {processor.py:157} INFO - Started process (PID=11891) to work on /Users/macbook/Documents/Documents_MacBook_Pro/ISTT/AirflowTutorial/envlibs/lib/python3.10/site-packages/airflow/example_dags/example_local_kubernetes_executor.py
[2023-06-22T14:28:17.498+0700] {processor.py:826} INFO - Processing file /Users/macbook/Documents/Documents_MacBook_Pro/ISTT/AirflowTutorial/envlibs/lib/python3.10/site-packages/airflow/example_dags/example_local_kubernetes_executor.py for tasks to queue
[2023-06-22T14:28:17.499+0700] {logging_mixin.py:149} INFO - [2023-06-22T14:28:17.499+0700] {dagbag.py:541} INFO - Filling up the DagBag from /Users/macbook/Documents/Documents_MacBook_Pro/ISTT/AirflowTutorial/envlibs/lib/python3.10/site-packages/airflow/example_dags/example_local_kubernetes_executor.py
[2023-06-22T14:28:18.041+0700] {processor.py:836} INFO - DAG(s) dict_keys(['example_local_kubernetes_executor']) retrieved from /Users/macbook/Documents/Documents_MacBook_Pro/ISTT/AirflowTutorial/envlibs/lib/python3.10/site-packages/airflow/example_dags/example_local_kubernetes_executor.py
[2023-06-22T14:28:18.840+0700] {logging_mixin.py:149} INFO - [2023-06-22T14:28:18.839+0700] {dag.py:2726} INFO - Sync 1 DAGs
[2023-06-22T14:28:18.854+0700] {logging_mixin.py:149} INFO - [2023-06-22T14:28:18.854+0700] {dag.py:3486} INFO - Setting next_dagrun for example_local_kubernetes_executor to None, run_after=None
[2023-06-22T14:28:18.875+0700] {processor.py:179} INFO - Processing /Users/macbook/Documents/Documents_MacBook_Pro/ISTT/AirflowTutorial/envlibs/lib/python3.10/site-packages/airflow/example_dags/example_local_kubernetes_executor.py took 1.378 seconds
[2023-06-22T14:30:48.465+0700] {processor.py:157} INFO - Started process (PID=11966) to work on /Users/macbook/Documents/Documents_MacBook_Pro/ISTT/AirflowTutorial/envlibs/lib/python3.10/site-packages/airflow/example_dags/example_local_kubernetes_executor.py
[2023-06-22T14:30:48.467+0700] {processor.py:826} INFO - Processing file /Users/macbook/Documents/Documents_MacBook_Pro/ISTT/AirflowTutorial/envlibs/lib/python3.10/site-packages/airflow/example_dags/example_local_kubernetes_executor.py for tasks to queue
[2023-06-22T14:30:48.468+0700] {logging_mixin.py:149} INFO - [2023-06-22T14:30:48.467+0700] {dagbag.py:541} INFO - Filling up the DagBag from /Users/macbook/Documents/Documents_MacBook_Pro/ISTT/AirflowTutorial/envlibs/lib/python3.10/site-packages/airflow/example_dags/example_local_kubernetes_executor.py
[2023-06-22T14:30:49.005+0700] {processor.py:836} INFO - DAG(s) dict_keys(['example_local_kubernetes_executor']) retrieved from /Users/macbook/Documents/Documents_MacBook_Pro/ISTT/AirflowTutorial/envlibs/lib/python3.10/site-packages/airflow/example_dags/example_local_kubernetes_executor.py
[2023-06-22T14:30:49.818+0700] {logging_mixin.py:149} INFO - [2023-06-22T14:30:49.818+0700] {dag.py:2726} INFO - Sync 1 DAGs
[2023-06-22T14:30:49.836+0700] {logging_mixin.py:149} INFO - [2023-06-22T14:30:49.836+0700] {dag.py:3486} INFO - Setting next_dagrun for example_local_kubernetes_executor to None, run_after=None
[2023-06-22T14:30:49.857+0700] {processor.py:179} INFO - Processing /Users/macbook/Documents/Documents_MacBook_Pro/ISTT/AirflowTutorial/envlibs/lib/python3.10/site-packages/airflow/example_dags/example_local_kubernetes_executor.py took 1.392 seconds
[2023-06-22T14:35:39.516+0700] {processor.py:157} INFO - Started process (PID=12227) to work on /Users/macbook/Documents/Documents_MacBook_Pro/ISTT/AirflowTutorial/envlibs/lib/python3.10/site-packages/airflow/example_dags/example_local_kubernetes_executor.py
[2023-06-22T14:35:39.517+0700] {processor.py:826} INFO - Processing file /Users/macbook/Documents/Documents_MacBook_Pro/ISTT/AirflowTutorial/envlibs/lib/python3.10/site-packages/airflow/example_dags/example_local_kubernetes_executor.py for tasks to queue
[2023-06-22T14:35:39.518+0700] {logging_mixin.py:149} INFO - [2023-06-22T14:35:39.518+0700] {dagbag.py:541} INFO - Filling up the DagBag from /Users/macbook/Documents/Documents_MacBook_Pro/ISTT/AirflowTutorial/envlibs/lib/python3.10/site-packages/airflow/example_dags/example_local_kubernetes_executor.py
[2023-06-22T14:35:40.358+0700] {processor.py:836} INFO - DAG(s) dict_keys(['example_local_kubernetes_executor']) retrieved from /Users/macbook/Documents/Documents_MacBook_Pro/ISTT/AirflowTutorial/envlibs/lib/python3.10/site-packages/airflow/example_dags/example_local_kubernetes_executor.py
[2023-06-22T14:35:41.802+0700] {logging_mixin.py:149} INFO - [2023-06-22T14:35:41.801+0700] {dag.py:2726} INFO - Sync 1 DAGs
[2023-06-22T14:35:41.834+0700] {logging_mixin.py:149} INFO - [2023-06-22T14:35:41.834+0700] {dag.py:3486} INFO - Setting next_dagrun for example_local_kubernetes_executor to None, run_after=None
[2023-06-22T14:35:41.861+0700] {processor.py:179} INFO - Processing /Users/macbook/Documents/Documents_MacBook_Pro/ISTT/AirflowTutorial/envlibs/lib/python3.10/site-packages/airflow/example_dags/example_local_kubernetes_executor.py took 2.346 seconds
[2023-06-22T14:38:29.393+0700] {processor.py:157} INFO - Started process (PID=12365) to work on /Users/macbook/Documents/Documents_MacBook_Pro/ISTT/AirflowTutorial/envlibs/lib/python3.10/site-packages/airflow/example_dags/example_local_kubernetes_executor.py
[2023-06-22T14:38:29.394+0700] {processor.py:826} INFO - Processing file /Users/macbook/Documents/Documents_MacBook_Pro/ISTT/AirflowTutorial/envlibs/lib/python3.10/site-packages/airflow/example_dags/example_local_kubernetes_executor.py for tasks to queue
[2023-06-22T14:38:29.395+0700] {logging_mixin.py:149} INFO - [2023-06-22T14:38:29.395+0700] {dagbag.py:541} INFO - Filling up the DagBag from /Users/macbook/Documents/Documents_MacBook_Pro/ISTT/AirflowTutorial/envlibs/lib/python3.10/site-packages/airflow/example_dags/example_local_kubernetes_executor.py
[2023-06-22T14:38:30.059+0700] {processor.py:836} INFO - DAG(s) dict_keys(['example_local_kubernetes_executor']) retrieved from /Users/macbook/Documents/Documents_MacBook_Pro/ISTT/AirflowTutorial/envlibs/lib/python3.10/site-packages/airflow/example_dags/example_local_kubernetes_executor.py
[2023-06-22T14:38:31.046+0700] {logging_mixin.py:149} INFO - [2023-06-22T14:38:31.045+0700] {dag.py:2726} INFO - Sync 1 DAGs
[2023-06-22T14:38:31.057+0700] {logging_mixin.py:149} INFO - [2023-06-22T14:38:31.057+0700] {dag.py:2747} INFO - Creating ORM DAG for example_local_kubernetes_executor
[2023-06-22T14:38:31.066+0700] {logging_mixin.py:149} INFO - [2023-06-22T14:38:31.066+0700] {dag.py:3486} INFO - Setting next_dagrun for example_local_kubernetes_executor to None, run_after=None
[2023-06-22T14:38:31.089+0700] {processor.py:179} INFO - Processing /Users/macbook/Documents/Documents_MacBook_Pro/ISTT/AirflowTutorial/envlibs/lib/python3.10/site-packages/airflow/example_dags/example_local_kubernetes_executor.py took 1.697 seconds
[2023-06-22T14:40:51.277+0700] {processor.py:157} INFO - Started process (PID=12478) to work on /Users/macbook/Documents/Documents_MacBook_Pro/ISTT/AirflowTutorial/envlibs/lib/python3.10/site-packages/airflow/example_dags/example_local_kubernetes_executor.py
[2023-06-22T14:40:51.278+0700] {processor.py:826} INFO - Processing file /Users/macbook/Documents/Documents_MacBook_Pro/ISTT/AirflowTutorial/envlibs/lib/python3.10/site-packages/airflow/example_dags/example_local_kubernetes_executor.py for tasks to queue
[2023-06-22T14:40:51.279+0700] {logging_mixin.py:149} INFO - [2023-06-22T14:40:51.279+0700] {dagbag.py:541} INFO - Filling up the DagBag from /Users/macbook/Documents/Documents_MacBook_Pro/ISTT/AirflowTutorial/envlibs/lib/python3.10/site-packages/airflow/example_dags/example_local_kubernetes_executor.py
[2023-06-22T14:40:51.958+0700] {processor.py:836} INFO - DAG(s) dict_keys(['example_local_kubernetes_executor']) retrieved from /Users/macbook/Documents/Documents_MacBook_Pro/ISTT/AirflowTutorial/envlibs/lib/python3.10/site-packages/airflow/example_dags/example_local_kubernetes_executor.py
[2023-06-22T14:40:52.935+0700] {logging_mixin.py:149} INFO - [2023-06-22T14:40:52.934+0700] {dag.py:2726} INFO - Sync 1 DAGs
[2023-06-22T14:40:52.953+0700] {logging_mixin.py:149} INFO - [2023-06-22T14:40:52.953+0700] {dag.py:3486} INFO - Setting next_dagrun for example_local_kubernetes_executor to None, run_after=None
[2023-06-22T14:40:52.977+0700] {processor.py:179} INFO - Processing /Users/macbook/Documents/Documents_MacBook_Pro/ISTT/AirflowTutorial/envlibs/lib/python3.10/site-packages/airflow/example_dags/example_local_kubernetes_executor.py took 1.700 seconds
[2023-06-22T14:45:05.359+0700] {processor.py:157} INFO - Started process (PID=12598) to work on /Users/macbook/Documents/Documents_MacBook_Pro/ISTT/AirflowTutorial/envlibs/lib/python3.10/site-packages/airflow/example_dags/example_local_kubernetes_executor.py
[2023-06-22T14:45:05.361+0700] {processor.py:826} INFO - Processing file /Users/macbook/Documents/Documents_MacBook_Pro/ISTT/AirflowTutorial/envlibs/lib/python3.10/site-packages/airflow/example_dags/example_local_kubernetes_executor.py for tasks to queue
[2023-06-22T14:45:05.363+0700] {logging_mixin.py:149} INFO - [2023-06-22T14:45:05.363+0700] {dagbag.py:541} INFO - Filling up the DagBag from /Users/macbook/Documents/Documents_MacBook_Pro/ISTT/AirflowTutorial/envlibs/lib/python3.10/site-packages/airflow/example_dags/example_local_kubernetes_executor.py
[2023-06-22T14:45:05.989+0700] {processor.py:836} INFO - DAG(s) dict_keys(['example_local_kubernetes_executor']) retrieved from /Users/macbook/Documents/Documents_MacBook_Pro/ISTT/AirflowTutorial/envlibs/lib/python3.10/site-packages/airflow/example_dags/example_local_kubernetes_executor.py
[2023-06-22T14:45:06.841+0700] {logging_mixin.py:149} INFO - [2023-06-22T14:45:06.841+0700] {dag.py:2726} INFO - Sync 1 DAGs
[2023-06-22T14:45:06.858+0700] {logging_mixin.py:149} INFO - [2023-06-22T14:45:06.858+0700] {dag.py:3486} INFO - Setting next_dagrun for example_local_kubernetes_executor to None, run_after=None
[2023-06-22T14:45:06.880+0700] {processor.py:179} INFO - Processing /Users/macbook/Documents/Documents_MacBook_Pro/ISTT/AirflowTutorial/envlibs/lib/python3.10/site-packages/airflow/example_dags/example_local_kubernetes_executor.py took 1.522 seconds
[2023-06-22T14:49:18.700+0700] {processor.py:157} INFO - Started process (PID=12719) to work on /Users/macbook/Documents/Documents_MacBook_Pro/ISTT/AirflowTutorial/envlibs/lib/python3.10/site-packages/airflow/example_dags/example_local_kubernetes_executor.py
[2023-06-22T14:49:18.702+0700] {processor.py:826} INFO - Processing file /Users/macbook/Documents/Documents_MacBook_Pro/ISTT/AirflowTutorial/envlibs/lib/python3.10/site-packages/airflow/example_dags/example_local_kubernetes_executor.py for tasks to queue
[2023-06-22T14:49:18.702+0700] {logging_mixin.py:149} INFO - [2023-06-22T14:49:18.702+0700] {dagbag.py:541} INFO - Filling up the DagBag from /Users/macbook/Documents/Documents_MacBook_Pro/ISTT/AirflowTutorial/envlibs/lib/python3.10/site-packages/airflow/example_dags/example_local_kubernetes_executor.py
[2023-06-22T14:49:19.406+0700] {processor.py:836} INFO - DAG(s) dict_keys(['example_local_kubernetes_executor']) retrieved from /Users/macbook/Documents/Documents_MacBook_Pro/ISTT/AirflowTutorial/envlibs/lib/python3.10/site-packages/airflow/example_dags/example_local_kubernetes_executor.py
[2023-06-22T14:49:20.323+0700] {logging_mixin.py:149} INFO - [2023-06-22T14:49:20.323+0700] {dag.py:2726} INFO - Sync 1 DAGs
[2023-06-22T14:49:20.341+0700] {logging_mixin.py:149} INFO - [2023-06-22T14:49:20.341+0700] {dag.py:3486} INFO - Setting next_dagrun for example_local_kubernetes_executor to None, run_after=None
[2023-06-22T14:49:20.361+0700] {processor.py:179} INFO - Processing /Users/macbook/Documents/Documents_MacBook_Pro/ISTT/AirflowTutorial/envlibs/lib/python3.10/site-packages/airflow/example_dags/example_local_kubernetes_executor.py took 1.661 seconds
[2023-06-22T14:53:21.156+0700] {processor.py:157} INFO - Started process (PID=12830) to work on /Users/macbook/Documents/Documents_MacBook_Pro/ISTT/AirflowTutorial/envlibs/lib/python3.10/site-packages/airflow/example_dags/example_local_kubernetes_executor.py
[2023-06-22T14:53:21.157+0700] {processor.py:826} INFO - Processing file /Users/macbook/Documents/Documents_MacBook_Pro/ISTT/AirflowTutorial/envlibs/lib/python3.10/site-packages/airflow/example_dags/example_local_kubernetes_executor.py for tasks to queue
[2023-06-22T14:53:21.158+0700] {logging_mixin.py:149} INFO - [2023-06-22T14:53:21.158+0700] {dagbag.py:541} INFO - Filling up the DagBag from /Users/macbook/Documents/Documents_MacBook_Pro/ISTT/AirflowTutorial/envlibs/lib/python3.10/site-packages/airflow/example_dags/example_local_kubernetes_executor.py
[2023-06-22T14:53:21.736+0700] {processor.py:836} INFO - DAG(s) dict_keys(['example_local_kubernetes_executor']) retrieved from /Users/macbook/Documents/Documents_MacBook_Pro/ISTT/AirflowTutorial/envlibs/lib/python3.10/site-packages/airflow/example_dags/example_local_kubernetes_executor.py
[2023-06-22T14:53:22.567+0700] {logging_mixin.py:149} INFO - [2023-06-22T14:53:22.566+0700] {dag.py:2726} INFO - Sync 1 DAGs
[2023-06-22T14:53:22.583+0700] {logging_mixin.py:149} INFO - [2023-06-22T14:53:22.583+0700] {dag.py:3486} INFO - Setting next_dagrun for example_local_kubernetes_executor to None, run_after=None
[2023-06-22T14:53:22.603+0700] {processor.py:179} INFO - Processing /Users/macbook/Documents/Documents_MacBook_Pro/ISTT/AirflowTutorial/envlibs/lib/python3.10/site-packages/airflow/example_dags/example_local_kubernetes_executor.py took 1.448 seconds
[2023-06-22T14:57:14.544+0700] {processor.py:157} INFO - Started process (PID=12935) to work on /Users/macbook/Documents/Documents_MacBook_Pro/ISTT/AirflowTutorial/envlibs/lib/python3.10/site-packages/airflow/example_dags/example_local_kubernetes_executor.py
[2023-06-22T14:57:14.545+0700] {processor.py:826} INFO - Processing file /Users/macbook/Documents/Documents_MacBook_Pro/ISTT/AirflowTutorial/envlibs/lib/python3.10/site-packages/airflow/example_dags/example_local_kubernetes_executor.py for tasks to queue
[2023-06-22T14:57:14.546+0700] {logging_mixin.py:149} INFO - [2023-06-22T14:57:14.546+0700] {dagbag.py:541} INFO - Filling up the DagBag from /Users/macbook/Documents/Documents_MacBook_Pro/ISTT/AirflowTutorial/envlibs/lib/python3.10/site-packages/airflow/example_dags/example_local_kubernetes_executor.py
[2023-06-22T14:57:15.165+0700] {processor.py:836} INFO - DAG(s) dict_keys(['example_local_kubernetes_executor']) retrieved from /Users/macbook/Documents/Documents_MacBook_Pro/ISTT/AirflowTutorial/envlibs/lib/python3.10/site-packages/airflow/example_dags/example_local_kubernetes_executor.py
[2023-06-22T14:57:15.962+0700] {logging_mixin.py:149} INFO - [2023-06-22T14:57:15.961+0700] {dag.py:2726} INFO - Sync 1 DAGs
[2023-06-22T14:57:15.977+0700] {logging_mixin.py:149} INFO - [2023-06-22T14:57:15.977+0700] {dag.py:3486} INFO - Setting next_dagrun for example_local_kubernetes_executor to None, run_after=None
[2023-06-22T14:57:15.999+0700] {processor.py:179} INFO - Processing /Users/macbook/Documents/Documents_MacBook_Pro/ISTT/AirflowTutorial/envlibs/lib/python3.10/site-packages/airflow/example_dags/example_local_kubernetes_executor.py took 1.456 seconds
[2023-06-22T15:01:20.480+0700] {processor.py:157} INFO - Started process (PID=13043) to work on /Users/macbook/Documents/Documents_MacBook_Pro/ISTT/AirflowTutorial/envlibs/lib/python3.10/site-packages/airflow/example_dags/example_local_kubernetes_executor.py
[2023-06-22T15:01:20.482+0700] {processor.py:826} INFO - Processing file /Users/macbook/Documents/Documents_MacBook_Pro/ISTT/AirflowTutorial/envlibs/lib/python3.10/site-packages/airflow/example_dags/example_local_kubernetes_executor.py for tasks to queue
[2023-06-22T15:01:20.483+0700] {logging_mixin.py:149} INFO - [2023-06-22T15:01:20.483+0700] {dagbag.py:541} INFO - Filling up the DagBag from /Users/macbook/Documents/Documents_MacBook_Pro/ISTT/AirflowTutorial/envlibs/lib/python3.10/site-packages/airflow/example_dags/example_local_kubernetes_executor.py
[2023-06-22T15:01:21.157+0700] {processor.py:836} INFO - DAG(s) dict_keys(['example_local_kubernetes_executor']) retrieved from /Users/macbook/Documents/Documents_MacBook_Pro/ISTT/AirflowTutorial/envlibs/lib/python3.10/site-packages/airflow/example_dags/example_local_kubernetes_executor.py
[2023-06-22T15:01:22.117+0700] {logging_mixin.py:149} INFO - [2023-06-22T15:01:22.117+0700] {dag.py:2726} INFO - Sync 1 DAGs
[2023-06-22T15:01:22.136+0700] {logging_mixin.py:149} INFO - [2023-06-22T15:01:22.136+0700] {dag.py:3486} INFO - Setting next_dagrun for example_local_kubernetes_executor to None, run_after=None
[2023-06-22T15:01:22.157+0700] {processor.py:179} INFO - Processing /Users/macbook/Documents/Documents_MacBook_Pro/ISTT/AirflowTutorial/envlibs/lib/python3.10/site-packages/airflow/example_dags/example_local_kubernetes_executor.py took 1.678 seconds
[2023-06-22T15:05:24.614+0700] {processor.py:157} INFO - Started process (PID=13160) to work on /Users/macbook/Documents/Documents_MacBook_Pro/ISTT/AirflowTutorial/envlibs/lib/python3.10/site-packages/airflow/example_dags/example_local_kubernetes_executor.py
[2023-06-22T15:05:24.615+0700] {processor.py:826} INFO - Processing file /Users/macbook/Documents/Documents_MacBook_Pro/ISTT/AirflowTutorial/envlibs/lib/python3.10/site-packages/airflow/example_dags/example_local_kubernetes_executor.py for tasks to queue
[2023-06-22T15:05:24.616+0700] {logging_mixin.py:149} INFO - [2023-06-22T15:05:24.616+0700] {dagbag.py:541} INFO - Filling up the DagBag from /Users/macbook/Documents/Documents_MacBook_Pro/ISTT/AirflowTutorial/envlibs/lib/python3.10/site-packages/airflow/example_dags/example_local_kubernetes_executor.py
[2023-06-22T15:05:25.242+0700] {processor.py:836} INFO - DAG(s) dict_keys(['example_local_kubernetes_executor']) retrieved from /Users/macbook/Documents/Documents_MacBook_Pro/ISTT/AirflowTutorial/envlibs/lib/python3.10/site-packages/airflow/example_dags/example_local_kubernetes_executor.py
[2023-06-22T15:05:26.021+0700] {logging_mixin.py:149} INFO - [2023-06-22T15:05:26.021+0700] {dag.py:2726} INFO - Sync 1 DAGs
[2023-06-22T15:05:26.036+0700] {logging_mixin.py:149} INFO - [2023-06-22T15:05:26.036+0700] {dag.py:3486} INFO - Setting next_dagrun for example_local_kubernetes_executor to None, run_after=None
[2023-06-22T15:05:26.054+0700] {processor.py:179} INFO - Processing /Users/macbook/Documents/Documents_MacBook_Pro/ISTT/AirflowTutorial/envlibs/lib/python3.10/site-packages/airflow/example_dags/example_local_kubernetes_executor.py took 1.441 seconds
[2023-06-22T15:09:32.682+0700] {processor.py:157} INFO - Started process (PID=13312) to work on /Users/macbook/Documents/Documents_MacBook_Pro/ISTT/AirflowTutorial/envlibs/lib/python3.10/site-packages/airflow/example_dags/example_local_kubernetes_executor.py
[2023-06-22T15:09:32.684+0700] {processor.py:826} INFO - Processing file /Users/macbook/Documents/Documents_MacBook_Pro/ISTT/AirflowTutorial/envlibs/lib/python3.10/site-packages/airflow/example_dags/example_local_kubernetes_executor.py for tasks to queue
[2023-06-22T15:09:32.684+0700] {logging_mixin.py:149} INFO - [2023-06-22T15:09:32.684+0700] {dagbag.py:541} INFO - Filling up the DagBag from /Users/macbook/Documents/Documents_MacBook_Pro/ISTT/AirflowTutorial/envlibs/lib/python3.10/site-packages/airflow/example_dags/example_local_kubernetes_executor.py
[2023-06-22T15:09:33.373+0700] {processor.py:836} INFO - DAG(s) dict_keys(['example_local_kubernetes_executor']) retrieved from /Users/macbook/Documents/Documents_MacBook_Pro/ISTT/AirflowTutorial/envlibs/lib/python3.10/site-packages/airflow/example_dags/example_local_kubernetes_executor.py
[2023-06-22T15:09:34.205+0700] {logging_mixin.py:149} INFO - [2023-06-22T15:09:34.204+0700] {dag.py:2726} INFO - Sync 1 DAGs
[2023-06-22T15:09:34.220+0700] {logging_mixin.py:149} INFO - [2023-06-22T15:09:34.220+0700] {dag.py:3486} INFO - Setting next_dagrun for example_local_kubernetes_executor to None, run_after=None
[2023-06-22T15:09:34.239+0700] {processor.py:179} INFO - Processing /Users/macbook/Documents/Documents_MacBook_Pro/ISTT/AirflowTutorial/envlibs/lib/python3.10/site-packages/airflow/example_dags/example_local_kubernetes_executor.py took 1.557 seconds
[2023-06-22T15:13:44.637+0700] {processor.py:157} INFO - Started process (PID=13491) to work on /Users/macbook/Documents/Documents_MacBook_Pro/ISTT/AirflowTutorial/envlibs/lib/python3.10/site-packages/airflow/example_dags/example_local_kubernetes_executor.py
[2023-06-22T15:13:44.638+0700] {processor.py:826} INFO - Processing file /Users/macbook/Documents/Documents_MacBook_Pro/ISTT/AirflowTutorial/envlibs/lib/python3.10/site-packages/airflow/example_dags/example_local_kubernetes_executor.py for tasks to queue
[2023-06-22T15:13:44.639+0700] {logging_mixin.py:149} INFO - [2023-06-22T15:13:44.639+0700] {dagbag.py:541} INFO - Filling up the DagBag from /Users/macbook/Documents/Documents_MacBook_Pro/ISTT/AirflowTutorial/envlibs/lib/python3.10/site-packages/airflow/example_dags/example_local_kubernetes_executor.py
[2023-06-22T15:13:45.089+0700] {processor.py:836} INFO - DAG(s) dict_keys(['example_local_kubernetes_executor']) retrieved from /Users/macbook/Documents/Documents_MacBook_Pro/ISTT/AirflowTutorial/envlibs/lib/python3.10/site-packages/airflow/example_dags/example_local_kubernetes_executor.py
[2023-06-22T15:13:46.034+0700] {logging_mixin.py:149} INFO - [2023-06-22T15:13:46.033+0700] {dag.py:2726} INFO - Sync 1 DAGs
[2023-06-22T15:13:46.060+0700] {logging_mixin.py:149} INFO - [2023-06-22T15:13:46.060+0700] {dag.py:3486} INFO - Setting next_dagrun for example_local_kubernetes_executor to None, run_after=None
[2023-06-22T15:13:46.090+0700] {processor.py:179} INFO - Processing /Users/macbook/Documents/Documents_MacBook_Pro/ISTT/AirflowTutorial/envlibs/lib/python3.10/site-packages/airflow/example_dags/example_local_kubernetes_executor.py took 1.454 seconds
