[2023-06-22T14:27:23.299+0700] {processor.py:157} INFO - Started process (PID=11867) to work on /Users/macbook/Documents/Documents_MacBook_Pro/ISTT/AirflowTutorial/envlibs/lib/python3.10/site-packages/airflow/example_dags/example_trigger_controller_dag.py
[2023-06-22T14:27:23.299+0700] {processor.py:826} INFO - Processing file /Users/macbook/Documents/Documents_MacBook_Pro/ISTT/AirflowTutorial/envlibs/lib/python3.10/site-packages/airflow/example_dags/example_trigger_controller_dag.py for tasks to queue
[2023-06-22T14:27:23.300+0700] {logging_mixin.py:149} INFO - [2023-06-22T14:27:23.300+0700] {dagbag.py:541} INFO - Filling up the DagBag from /Users/macbook/Documents/Documents_MacBook_Pro/ISTT/AirflowTutorial/envlibs/lib/python3.10/site-packages/airflow/example_dags/example_trigger_controller_dag.py
[2023-06-22T14:27:23.322+0700] {processor.py:836} INFO - DAG(s) dict_keys(['example_trigger_controller_dag']) retrieved from /Users/macbook/Documents/Documents_MacBook_Pro/ISTT/AirflowTutorial/envlibs/lib/python3.10/site-packages/airflow/example_dags/example_trigger_controller_dag.py
[2023-06-22T14:27:24.056+0700] {logging_mixin.py:149} INFO - [2023-06-22T14:27:24.055+0700] {dag.py:2726} INFO - Sync 1 DAGs
[2023-06-22T14:27:24.071+0700] {logging_mixin.py:149} INFO - [2023-06-22T14:27:24.071+0700] {dag.py:3486} INFO - Setting next_dagrun for example_trigger_controller_dag to 2021-01-01T00:00:00+00:00, run_after=2021-01-01T00:00:00+00:00
[2023-06-22T14:27:24.087+0700] {processor.py:179} INFO - Processing /Users/macbook/Documents/Documents_MacBook_Pro/ISTT/AirflowTutorial/envlibs/lib/python3.10/site-packages/airflow/example_dags/example_trigger_controller_dag.py took 0.790 seconds
[2023-06-22T14:29:50.636+0700] {processor.py:157} INFO - Started process (PID=11935) to work on /Users/macbook/Documents/Documents_MacBook_Pro/ISTT/AirflowTutorial/envlibs/lib/python3.10/site-packages/airflow/example_dags/example_trigger_controller_dag.py
[2023-06-22T14:29:50.637+0700] {processor.py:826} INFO - Processing file /Users/macbook/Documents/Documents_MacBook_Pro/ISTT/AirflowTutorial/envlibs/lib/python3.10/site-packages/airflow/example_dags/example_trigger_controller_dag.py for tasks to queue
[2023-06-22T14:29:50.637+0700] {logging_mixin.py:149} INFO - [2023-06-22T14:29:50.637+0700] {dagbag.py:541} INFO - Filling up the DagBag from /Users/macbook/Documents/Documents_MacBook_Pro/ISTT/AirflowTutorial/envlibs/lib/python3.10/site-packages/airflow/example_dags/example_trigger_controller_dag.py
[2023-06-22T14:29:50.663+0700] {processor.py:836} INFO - DAG(s) dict_keys(['example_trigger_controller_dag']) retrieved from /Users/macbook/Documents/Documents_MacBook_Pro/ISTT/AirflowTutorial/envlibs/lib/python3.10/site-packages/airflow/example_dags/example_trigger_controller_dag.py
[2023-06-22T14:29:51.389+0700] {logging_mixin.py:149} INFO - [2023-06-22T14:29:51.389+0700] {dag.py:2726} INFO - Sync 1 DAGs
[2023-06-22T14:29:51.406+0700] {logging_mixin.py:149} INFO - [2023-06-22T14:29:51.406+0700] {dag.py:3486} INFO - Setting next_dagrun for example_trigger_controller_dag to 2021-01-01T00:00:00+00:00, run_after=2021-01-01T00:00:00+00:00
[2023-06-22T14:29:51.423+0700] {processor.py:179} INFO - Processing /Users/macbook/Documents/Documents_MacBook_Pro/ISTT/AirflowTutorial/envlibs/lib/python3.10/site-packages/airflow/example_dags/example_trigger_controller_dag.py took 0.788 seconds
[2023-06-22T14:32:02.735+0700] {processor.py:157} INFO - Started process (PID=12035) to work on /Users/macbook/Documents/Documents_MacBook_Pro/ISTT/AirflowTutorial/envlibs/lib/python3.10/site-packages/airflow/example_dags/example_trigger_controller_dag.py
[2023-06-22T14:32:02.736+0700] {processor.py:826} INFO - Processing file /Users/macbook/Documents/Documents_MacBook_Pro/ISTT/AirflowTutorial/envlibs/lib/python3.10/site-packages/airflow/example_dags/example_trigger_controller_dag.py for tasks to queue
[2023-06-22T14:32:02.737+0700] {logging_mixin.py:149} INFO - [2023-06-22T14:32:02.736+0700] {dagbag.py:541} INFO - Filling up the DagBag from /Users/macbook/Documents/Documents_MacBook_Pro/ISTT/AirflowTutorial/envlibs/lib/python3.10/site-packages/airflow/example_dags/example_trigger_controller_dag.py
[2023-06-22T14:32:02.766+0700] {processor.py:836} INFO - DAG(s) dict_keys(['example_trigger_controller_dag']) retrieved from /Users/macbook/Documents/Documents_MacBook_Pro/ISTT/AirflowTutorial/envlibs/lib/python3.10/site-packages/airflow/example_dags/example_trigger_controller_dag.py
[2023-06-22T14:32:03.699+0700] {logging_mixin.py:149} INFO - [2023-06-22T14:32:03.699+0700] {dag.py:2726} INFO - Sync 1 DAGs
[2023-06-22T14:32:03.718+0700] {logging_mixin.py:149} INFO - [2023-06-22T14:32:03.718+0700] {dag.py:3486} INFO - Setting next_dagrun for example_trigger_controller_dag to 2021-01-01T00:00:00+00:00, run_after=2021-01-01T00:00:00+00:00
[2023-06-22T14:32:03.739+0700] {processor.py:179} INFO - Processing /Users/macbook/Documents/Documents_MacBook_Pro/ISTT/AirflowTutorial/envlibs/lib/python3.10/site-packages/airflow/example_dags/example_trigger_controller_dag.py took 1.004 seconds
[2023-06-22T14:34:29.601+0700] {processor.py:157} INFO - Started process (PID=12156) to work on /Users/macbook/Documents/Documents_MacBook_Pro/ISTT/AirflowTutorial/envlibs/lib/python3.10/site-packages/airflow/example_dags/example_trigger_controller_dag.py
[2023-06-22T14:34:29.603+0700] {processor.py:826} INFO - Processing file /Users/macbook/Documents/Documents_MacBook_Pro/ISTT/AirflowTutorial/envlibs/lib/python3.10/site-packages/airflow/example_dags/example_trigger_controller_dag.py for tasks to queue
[2023-06-22T14:34:29.604+0700] {logging_mixin.py:149} INFO - [2023-06-22T14:34:29.604+0700] {dagbag.py:541} INFO - Filling up the DagBag from /Users/macbook/Documents/Documents_MacBook_Pro/ISTT/AirflowTutorial/envlibs/lib/python3.10/site-packages/airflow/example_dags/example_trigger_controller_dag.py
[2023-06-22T14:34:29.632+0700] {processor.py:836} INFO - DAG(s) dict_keys(['example_trigger_controller_dag']) retrieved from /Users/macbook/Documents/Documents_MacBook_Pro/ISTT/AirflowTutorial/envlibs/lib/python3.10/site-packages/airflow/example_dags/example_trigger_controller_dag.py
[2023-06-22T14:34:30.431+0700] {logging_mixin.py:149} INFO - [2023-06-22T14:34:30.431+0700] {dag.py:2726} INFO - Sync 1 DAGs
[2023-06-22T14:34:30.450+0700] {logging_mixin.py:149} INFO - [2023-06-22T14:34:30.450+0700] {dag.py:3486} INFO - Setting next_dagrun for example_trigger_controller_dag to 2021-01-01T00:00:00+00:00, run_after=2021-01-01T00:00:00+00:00
[2023-06-22T14:34:30.472+0700] {processor.py:179} INFO - Processing /Users/macbook/Documents/Documents_MacBook_Pro/ISTT/AirflowTutorial/envlibs/lib/python3.10/site-packages/airflow/example_dags/example_trigger_controller_dag.py took 0.871 seconds
[2023-06-22T14:37:10.743+0700] {processor.py:157} INFO - Started process (PID=12304) to work on /Users/macbook/Documents/Documents_MacBook_Pro/ISTT/AirflowTutorial/envlibs/lib/python3.10/site-packages/airflow/example_dags/example_trigger_controller_dag.py
[2023-06-22T14:37:10.746+0700] {processor.py:826} INFO - Processing file /Users/macbook/Documents/Documents_MacBook_Pro/ISTT/AirflowTutorial/envlibs/lib/python3.10/site-packages/airflow/example_dags/example_trigger_controller_dag.py for tasks to queue
[2023-06-22T14:37:10.747+0700] {logging_mixin.py:149} INFO - [2023-06-22T14:37:10.747+0700] {dagbag.py:541} INFO - Filling up the DagBag from /Users/macbook/Documents/Documents_MacBook_Pro/ISTT/AirflowTutorial/envlibs/lib/python3.10/site-packages/airflow/example_dags/example_trigger_controller_dag.py
[2023-06-22T14:37:10.807+0700] {processor.py:836} INFO - DAG(s) dict_keys(['example_trigger_controller_dag']) retrieved from /Users/macbook/Documents/Documents_MacBook_Pro/ISTT/AirflowTutorial/envlibs/lib/python3.10/site-packages/airflow/example_dags/example_trigger_controller_dag.py
[2023-06-22T14:37:12.466+0700] {logging_mixin.py:149} INFO - [2023-06-22T14:37:12.465+0700] {dag.py:2726} INFO - Sync 1 DAGs
[2023-06-22T14:37:12.496+0700] {logging_mixin.py:149} INFO - [2023-06-22T14:37:12.496+0700] {dag.py:3486} INFO - Setting next_dagrun for example_trigger_controller_dag to 2021-01-01T00:00:00+00:00, run_after=2021-01-01T00:00:00+00:00
[2023-06-22T14:37:12.524+0700] {processor.py:179} INFO - Processing /Users/macbook/Documents/Documents_MacBook_Pro/ISTT/AirflowTutorial/envlibs/lib/python3.10/site-packages/airflow/example_dags/example_trigger_controller_dag.py took 1.782 seconds
[2023-06-22T14:39:47.887+0700] {processor.py:157} INFO - Started process (PID=12420) to work on /Users/macbook/Documents/Documents_MacBook_Pro/ISTT/AirflowTutorial/envlibs/lib/python3.10/site-packages/airflow/example_dags/example_trigger_controller_dag.py
[2023-06-22T14:39:47.888+0700] {processor.py:826} INFO - Processing file /Users/macbook/Documents/Documents_MacBook_Pro/ISTT/AirflowTutorial/envlibs/lib/python3.10/site-packages/airflow/example_dags/example_trigger_controller_dag.py for tasks to queue
[2023-06-22T14:39:47.889+0700] {logging_mixin.py:149} INFO - [2023-06-22T14:39:47.889+0700] {dagbag.py:541} INFO - Filling up the DagBag from /Users/macbook/Documents/Documents_MacBook_Pro/ISTT/AirflowTutorial/envlibs/lib/python3.10/site-packages/airflow/example_dags/example_trigger_controller_dag.py
[2023-06-22T14:39:47.916+0700] {processor.py:836} INFO - DAG(s) dict_keys(['example_trigger_controller_dag']) retrieved from /Users/macbook/Documents/Documents_MacBook_Pro/ISTT/AirflowTutorial/envlibs/lib/python3.10/site-packages/airflow/example_dags/example_trigger_controller_dag.py
[2023-06-22T14:39:48.786+0700] {logging_mixin.py:149} INFO - [2023-06-22T14:39:48.786+0700] {dag.py:2726} INFO - Sync 1 DAGs
[2023-06-22T14:39:48.795+0700] {logging_mixin.py:149} INFO - [2023-06-22T14:39:48.794+0700] {dag.py:2747} INFO - Creating ORM DAG for example_trigger_controller_dag
[2023-06-22T14:39:48.803+0700] {logging_mixin.py:149} INFO - [2023-06-22T14:39:48.803+0700] {dag.py:3486} INFO - Setting next_dagrun for example_trigger_controller_dag to 2021-01-01T00:00:00+00:00, run_after=2021-01-01T00:00:00+00:00
[2023-06-22T14:39:48.821+0700] {processor.py:179} INFO - Processing /Users/macbook/Documents/Documents_MacBook_Pro/ISTT/AirflowTutorial/envlibs/lib/python3.10/site-packages/airflow/example_dags/example_trigger_controller_dag.py took 0.935 seconds
[2023-06-22T14:42:00.539+0700] {processor.py:157} INFO - Started process (PID=12518) to work on /Users/macbook/Documents/Documents_MacBook_Pro/ISTT/AirflowTutorial/envlibs/lib/python3.10/site-packages/airflow/example_dags/example_trigger_controller_dag.py
[2023-06-22T14:42:00.541+0700] {processor.py:826} INFO - Processing file /Users/macbook/Documents/Documents_MacBook_Pro/ISTT/AirflowTutorial/envlibs/lib/python3.10/site-packages/airflow/example_dags/example_trigger_controller_dag.py for tasks to queue
[2023-06-22T14:42:00.542+0700] {logging_mixin.py:149} INFO - [2023-06-22T14:42:00.541+0700] {dagbag.py:541} INFO - Filling up the DagBag from /Users/macbook/Documents/Documents_MacBook_Pro/ISTT/AirflowTutorial/envlibs/lib/python3.10/site-packages/airflow/example_dags/example_trigger_controller_dag.py
[2023-06-22T14:42:00.567+0700] {processor.py:836} INFO - DAG(s) dict_keys(['example_trigger_controller_dag']) retrieved from /Users/macbook/Documents/Documents_MacBook_Pro/ISTT/AirflowTutorial/envlibs/lib/python3.10/site-packages/airflow/example_dags/example_trigger_controller_dag.py
[2023-06-22T14:42:01.351+0700] {logging_mixin.py:149} INFO - [2023-06-22T14:42:01.350+0700] {dag.py:2726} INFO - Sync 1 DAGs
[2023-06-22T14:42:01.372+0700] {logging_mixin.py:149} INFO - [2023-06-22T14:42:01.372+0700] {dag.py:3486} INFO - Setting next_dagrun for example_trigger_controller_dag to 2021-01-01T00:00:00+00:00, run_after=2021-01-01T00:00:00+00:00
[2023-06-22T14:42:01.391+0700] {processor.py:179} INFO - Processing /Users/macbook/Documents/Documents_MacBook_Pro/ISTT/AirflowTutorial/envlibs/lib/python3.10/site-packages/airflow/example_dags/example_trigger_controller_dag.py took 0.852 seconds
[2023-06-22T14:44:08.314+0700] {processor.py:157} INFO - Started process (PID=12573) to work on /Users/macbook/Documents/Documents_MacBook_Pro/ISTT/AirflowTutorial/envlibs/lib/python3.10/site-packages/airflow/example_dags/example_trigger_controller_dag.py
[2023-06-22T14:44:08.315+0700] {processor.py:826} INFO - Processing file /Users/macbook/Documents/Documents_MacBook_Pro/ISTT/AirflowTutorial/envlibs/lib/python3.10/site-packages/airflow/example_dags/example_trigger_controller_dag.py for tasks to queue
[2023-06-22T14:44:08.316+0700] {logging_mixin.py:149} INFO - [2023-06-22T14:44:08.316+0700] {dagbag.py:541} INFO - Filling up the DagBag from /Users/macbook/Documents/Documents_MacBook_Pro/ISTT/AirflowTutorial/envlibs/lib/python3.10/site-packages/airflow/example_dags/example_trigger_controller_dag.py
[2023-06-22T14:44:08.338+0700] {processor.py:836} INFO - DAG(s) dict_keys(['example_trigger_controller_dag']) retrieved from /Users/macbook/Documents/Documents_MacBook_Pro/ISTT/AirflowTutorial/envlibs/lib/python3.10/site-packages/airflow/example_dags/example_trigger_controller_dag.py
[2023-06-22T14:44:09.115+0700] {logging_mixin.py:149} INFO - [2023-06-22T14:44:09.115+0700] {dag.py:2726} INFO - Sync 1 DAGs
[2023-06-22T14:44:09.132+0700] {logging_mixin.py:149} INFO - [2023-06-22T14:44:09.131+0700] {dag.py:3486} INFO - Setting next_dagrun for example_trigger_controller_dag to 2021-01-01T00:00:00+00:00, run_after=2021-01-01T00:00:00+00:00
[2023-06-22T14:44:09.150+0700] {processor.py:179} INFO - Processing /Users/macbook/Documents/Documents_MacBook_Pro/ISTT/AirflowTutorial/envlibs/lib/python3.10/site-packages/airflow/example_dags/example_trigger_controller_dag.py took 0.836 seconds
[2023-06-22T14:46:12.972+0700] {processor.py:157} INFO - Started process (PID=12627) to work on /Users/macbook/Documents/Documents_MacBook_Pro/ISTT/AirflowTutorial/envlibs/lib/python3.10/site-packages/airflow/example_dags/example_trigger_controller_dag.py
[2023-06-22T14:46:12.973+0700] {processor.py:826} INFO - Processing file /Users/macbook/Documents/Documents_MacBook_Pro/ISTT/AirflowTutorial/envlibs/lib/python3.10/site-packages/airflow/example_dags/example_trigger_controller_dag.py for tasks to queue
[2023-06-22T14:46:12.974+0700] {logging_mixin.py:149} INFO - [2023-06-22T14:46:12.973+0700] {dagbag.py:541} INFO - Filling up the DagBag from /Users/macbook/Documents/Documents_MacBook_Pro/ISTT/AirflowTutorial/envlibs/lib/python3.10/site-packages/airflow/example_dags/example_trigger_controller_dag.py
[2023-06-22T14:46:12.995+0700] {processor.py:836} INFO - DAG(s) dict_keys(['example_trigger_controller_dag']) retrieved from /Users/macbook/Documents/Documents_MacBook_Pro/ISTT/AirflowTutorial/envlibs/lib/python3.10/site-packages/airflow/example_dags/example_trigger_controller_dag.py
[2023-06-22T14:46:13.702+0700] {logging_mixin.py:149} INFO - [2023-06-22T14:46:13.701+0700] {dag.py:2726} INFO - Sync 1 DAGs
[2023-06-22T14:46:13.717+0700] {logging_mixin.py:149} INFO - [2023-06-22T14:46:13.717+0700] {dag.py:3486} INFO - Setting next_dagrun for example_trigger_controller_dag to 2021-01-01T00:00:00+00:00, run_after=2021-01-01T00:00:00+00:00
[2023-06-22T14:46:13.735+0700] {processor.py:179} INFO - Processing /Users/macbook/Documents/Documents_MacBook_Pro/ISTT/AirflowTutorial/envlibs/lib/python3.10/site-packages/airflow/example_dags/example_trigger_controller_dag.py took 0.763 seconds
[2023-06-22T14:48:18.589+0700] {processor.py:157} INFO - Started process (PID=12691) to work on /Users/macbook/Documents/Documents_MacBook_Pro/ISTT/AirflowTutorial/envlibs/lib/python3.10/site-packages/airflow/example_dags/example_trigger_controller_dag.py
[2023-06-22T14:48:18.590+0700] {processor.py:826} INFO - Processing file /Users/macbook/Documents/Documents_MacBook_Pro/ISTT/AirflowTutorial/envlibs/lib/python3.10/site-packages/airflow/example_dags/example_trigger_controller_dag.py for tasks to queue
[2023-06-22T14:48:18.591+0700] {logging_mixin.py:149} INFO - [2023-06-22T14:48:18.591+0700] {dagbag.py:541} INFO - Filling up the DagBag from /Users/macbook/Documents/Documents_MacBook_Pro/ISTT/AirflowTutorial/envlibs/lib/python3.10/site-packages/airflow/example_dags/example_trigger_controller_dag.py
[2023-06-22T14:48:18.618+0700] {processor.py:836} INFO - DAG(s) dict_keys(['example_trigger_controller_dag']) retrieved from /Users/macbook/Documents/Documents_MacBook_Pro/ISTT/AirflowTutorial/envlibs/lib/python3.10/site-packages/airflow/example_dags/example_trigger_controller_dag.py
[2023-06-22T14:48:19.411+0700] {logging_mixin.py:149} INFO - [2023-06-22T14:48:19.411+0700] {dag.py:2726} INFO - Sync 1 DAGs
[2023-06-22T14:48:19.431+0700] {logging_mixin.py:149} INFO - [2023-06-22T14:48:19.430+0700] {dag.py:3486} INFO - Setting next_dagrun for example_trigger_controller_dag to 2021-01-01T00:00:00+00:00, run_after=2021-01-01T00:00:00+00:00
[2023-06-22T14:48:19.450+0700] {processor.py:179} INFO - Processing /Users/macbook/Documents/Documents_MacBook_Pro/ISTT/AirflowTutorial/envlibs/lib/python3.10/site-packages/airflow/example_dags/example_trigger_controller_dag.py took 0.862 seconds
[2023-06-22T14:50:24.637+0700] {processor.py:157} INFO - Started process (PID=12751) to work on /Users/macbook/Documents/Documents_MacBook_Pro/ISTT/AirflowTutorial/envlibs/lib/python3.10/site-packages/airflow/example_dags/example_trigger_controller_dag.py
[2023-06-22T14:50:24.638+0700] {processor.py:826} INFO - Processing file /Users/macbook/Documents/Documents_MacBook_Pro/ISTT/AirflowTutorial/envlibs/lib/python3.10/site-packages/airflow/example_dags/example_trigger_controller_dag.py for tasks to queue
[2023-06-22T14:50:24.639+0700] {logging_mixin.py:149} INFO - [2023-06-22T14:50:24.639+0700] {dagbag.py:541} INFO - Filling up the DagBag from /Users/macbook/Documents/Documents_MacBook_Pro/ISTT/AirflowTutorial/envlibs/lib/python3.10/site-packages/airflow/example_dags/example_trigger_controller_dag.py
[2023-06-22T14:50:24.662+0700] {processor.py:836} INFO - DAG(s) dict_keys(['example_trigger_controller_dag']) retrieved from /Users/macbook/Documents/Documents_MacBook_Pro/ISTT/AirflowTutorial/envlibs/lib/python3.10/site-packages/airflow/example_dags/example_trigger_controller_dag.py
[2023-06-22T14:50:25.502+0700] {logging_mixin.py:149} INFO - [2023-06-22T14:50:25.502+0700] {dag.py:2726} INFO - Sync 1 DAGs
[2023-06-22T14:50:25.520+0700] {logging_mixin.py:149} INFO - [2023-06-22T14:50:25.520+0700] {dag.py:3486} INFO - Setting next_dagrun for example_trigger_controller_dag to 2021-01-01T00:00:00+00:00, run_after=2021-01-01T00:00:00+00:00
[2023-06-22T14:50:25.540+0700] {processor.py:179} INFO - Processing /Users/macbook/Documents/Documents_MacBook_Pro/ISTT/AirflowTutorial/envlibs/lib/python3.10/site-packages/airflow/example_dags/example_trigger_controller_dag.py took 0.904 seconds
[2023-06-22T14:52:24.812+0700] {processor.py:157} INFO - Started process (PID=12806) to work on /Users/macbook/Documents/Documents_MacBook_Pro/ISTT/AirflowTutorial/envlibs/lib/python3.10/site-packages/airflow/example_dags/example_trigger_controller_dag.py
[2023-06-22T14:52:24.813+0700] {processor.py:826} INFO - Processing file /Users/macbook/Documents/Documents_MacBook_Pro/ISTT/AirflowTutorial/envlibs/lib/python3.10/site-packages/airflow/example_dags/example_trigger_controller_dag.py for tasks to queue
[2023-06-22T14:52:24.814+0700] {logging_mixin.py:149} INFO - [2023-06-22T14:52:24.814+0700] {dagbag.py:541} INFO - Filling up the DagBag from /Users/macbook/Documents/Documents_MacBook_Pro/ISTT/AirflowTutorial/envlibs/lib/python3.10/site-packages/airflow/example_dags/example_trigger_controller_dag.py
[2023-06-22T14:52:24.833+0700] {processor.py:836} INFO - DAG(s) dict_keys(['example_trigger_controller_dag']) retrieved from /Users/macbook/Documents/Documents_MacBook_Pro/ISTT/AirflowTutorial/envlibs/lib/python3.10/site-packages/airflow/example_dags/example_trigger_controller_dag.py
[2023-06-22T14:52:25.582+0700] {logging_mixin.py:149} INFO - [2023-06-22T14:52:25.582+0700] {dag.py:2726} INFO - Sync 1 DAGs
[2023-06-22T14:52:25.598+0700] {logging_mixin.py:149} INFO - [2023-06-22T14:52:25.598+0700] {dag.py:3486} INFO - Setting next_dagrun for example_trigger_controller_dag to 2021-01-01T00:00:00+00:00, run_after=2021-01-01T00:00:00+00:00
[2023-06-22T14:52:25.616+0700] {processor.py:179} INFO - Processing /Users/macbook/Documents/Documents_MacBook_Pro/ISTT/AirflowTutorial/envlibs/lib/python3.10/site-packages/airflow/example_dags/example_trigger_controller_dag.py took 0.804 seconds
[2023-06-22T14:54:25.516+0700] {processor.py:157} INFO - Started process (PID=12859) to work on /Users/macbook/Documents/Documents_MacBook_Pro/ISTT/AirflowTutorial/envlibs/lib/python3.10/site-packages/airflow/example_dags/example_trigger_controller_dag.py
[2023-06-22T14:54:25.517+0700] {processor.py:826} INFO - Processing file /Users/macbook/Documents/Documents_MacBook_Pro/ISTT/AirflowTutorial/envlibs/lib/python3.10/site-packages/airflow/example_dags/example_trigger_controller_dag.py for tasks to queue
[2023-06-22T14:54:25.518+0700] {logging_mixin.py:149} INFO - [2023-06-22T14:54:25.518+0700] {dagbag.py:541} INFO - Filling up the DagBag from /Users/macbook/Documents/Documents_MacBook_Pro/ISTT/AirflowTutorial/envlibs/lib/python3.10/site-packages/airflow/example_dags/example_trigger_controller_dag.py
[2023-06-22T14:54:25.542+0700] {processor.py:836} INFO - DAG(s) dict_keys(['example_trigger_controller_dag']) retrieved from /Users/macbook/Documents/Documents_MacBook_Pro/ISTT/AirflowTutorial/envlibs/lib/python3.10/site-packages/airflow/example_dags/example_trigger_controller_dag.py
[2023-06-22T14:54:26.452+0700] {logging_mixin.py:149} INFO - [2023-06-22T14:54:26.452+0700] {dag.py:2726} INFO - Sync 1 DAGs
[2023-06-22T14:54:26.471+0700] {logging_mixin.py:149} INFO - [2023-06-22T14:54:26.471+0700] {dag.py:3486} INFO - Setting next_dagrun for example_trigger_controller_dag to 2021-01-01T00:00:00+00:00, run_after=2021-01-01T00:00:00+00:00
[2023-06-22T14:54:26.491+0700] {processor.py:179} INFO - Processing /Users/macbook/Documents/Documents_MacBook_Pro/ISTT/AirflowTutorial/envlibs/lib/python3.10/site-packages/airflow/example_dags/example_trigger_controller_dag.py took 0.976 seconds
[2023-06-22T14:56:20.192+0700] {processor.py:157} INFO - Started process (PID=12910) to work on /Users/macbook/Documents/Documents_MacBook_Pro/ISTT/AirflowTutorial/envlibs/lib/python3.10/site-packages/airflow/example_dags/example_trigger_controller_dag.py
[2023-06-22T14:56:20.192+0700] {processor.py:826} INFO - Processing file /Users/macbook/Documents/Documents_MacBook_Pro/ISTT/AirflowTutorial/envlibs/lib/python3.10/site-packages/airflow/example_dags/example_trigger_controller_dag.py for tasks to queue
[2023-06-22T14:56:20.193+0700] {logging_mixin.py:149} INFO - [2023-06-22T14:56:20.193+0700] {dagbag.py:541} INFO - Filling up the DagBag from /Users/macbook/Documents/Documents_MacBook_Pro/ISTT/AirflowTutorial/envlibs/lib/python3.10/site-packages/airflow/example_dags/example_trigger_controller_dag.py
[2023-06-22T14:56:20.213+0700] {processor.py:836} INFO - DAG(s) dict_keys(['example_trigger_controller_dag']) retrieved from /Users/macbook/Documents/Documents_MacBook_Pro/ISTT/AirflowTutorial/envlibs/lib/python3.10/site-packages/airflow/example_dags/example_trigger_controller_dag.py
[2023-06-22T14:56:20.899+0700] {logging_mixin.py:149} INFO - [2023-06-22T14:56:20.898+0700] {dag.py:2726} INFO - Sync 1 DAGs
[2023-06-22T14:56:20.914+0700] {logging_mixin.py:149} INFO - [2023-06-22T14:56:20.913+0700] {dag.py:3486} INFO - Setting next_dagrun for example_trigger_controller_dag to 2021-01-01T00:00:00+00:00, run_after=2021-01-01T00:00:00+00:00
[2023-06-22T14:56:20.929+0700] {processor.py:179} INFO - Processing /Users/macbook/Documents/Documents_MacBook_Pro/ISTT/AirflowTutorial/envlibs/lib/python3.10/site-packages/airflow/example_dags/example_trigger_controller_dag.py took 0.738 seconds
[2023-06-22T14:58:21.212+0700] {processor.py:157} INFO - Started process (PID=12964) to work on /Users/macbook/Documents/Documents_MacBook_Pro/ISTT/AirflowTutorial/envlibs/lib/python3.10/site-packages/airflow/example_dags/example_trigger_controller_dag.py
[2023-06-22T14:58:21.213+0700] {processor.py:826} INFO - Processing file /Users/macbook/Documents/Documents_MacBook_Pro/ISTT/AirflowTutorial/envlibs/lib/python3.10/site-packages/airflow/example_dags/example_trigger_controller_dag.py for tasks to queue
[2023-06-22T14:58:21.214+0700] {logging_mixin.py:149} INFO - [2023-06-22T14:58:21.214+0700] {dagbag.py:541} INFO - Filling up the DagBag from /Users/macbook/Documents/Documents_MacBook_Pro/ISTT/AirflowTutorial/envlibs/lib/python3.10/site-packages/airflow/example_dags/example_trigger_controller_dag.py
[2023-06-22T14:58:21.237+0700] {processor.py:836} INFO - DAG(s) dict_keys(['example_trigger_controller_dag']) retrieved from /Users/macbook/Documents/Documents_MacBook_Pro/ISTT/AirflowTutorial/envlibs/lib/python3.10/site-packages/airflow/example_dags/example_trigger_controller_dag.py
[2023-06-22T14:58:21.990+0700] {logging_mixin.py:149} INFO - [2023-06-22T14:58:21.989+0700] {dag.py:2726} INFO - Sync 1 DAGs
[2023-06-22T14:58:22.006+0700] {logging_mixin.py:149} INFO - [2023-06-22T14:58:22.006+0700] {dag.py:3486} INFO - Setting next_dagrun for example_trigger_controller_dag to 2021-01-01T00:00:00+00:00, run_after=2021-01-01T00:00:00+00:00
[2023-06-22T14:58:22.032+0700] {processor.py:179} INFO - Processing /Users/macbook/Documents/Documents_MacBook_Pro/ISTT/AirflowTutorial/envlibs/lib/python3.10/site-packages/airflow/example_dags/example_trigger_controller_dag.py took 0.821 seconds
[2023-06-22T15:00:25.716+0700] {processor.py:157} INFO - Started process (PID=13017) to work on /Users/macbook/Documents/Documents_MacBook_Pro/ISTT/AirflowTutorial/envlibs/lib/python3.10/site-packages/airflow/example_dags/example_trigger_controller_dag.py
[2023-06-22T15:00:25.717+0700] {processor.py:826} INFO - Processing file /Users/macbook/Documents/Documents_MacBook_Pro/ISTT/AirflowTutorial/envlibs/lib/python3.10/site-packages/airflow/example_dags/example_trigger_controller_dag.py for tasks to queue
[2023-06-22T15:00:25.718+0700] {logging_mixin.py:149} INFO - [2023-06-22T15:00:25.718+0700] {dagbag.py:541} INFO - Filling up the DagBag from /Users/macbook/Documents/Documents_MacBook_Pro/ISTT/AirflowTutorial/envlibs/lib/python3.10/site-packages/airflow/example_dags/example_trigger_controller_dag.py
[2023-06-22T15:00:25.741+0700] {processor.py:836} INFO - DAG(s) dict_keys(['example_trigger_controller_dag']) retrieved from /Users/macbook/Documents/Documents_MacBook_Pro/ISTT/AirflowTutorial/envlibs/lib/python3.10/site-packages/airflow/example_dags/example_trigger_controller_dag.py
[2023-06-22T15:00:26.505+0700] {logging_mixin.py:149} INFO - [2023-06-22T15:00:26.505+0700] {dag.py:2726} INFO - Sync 1 DAGs
[2023-06-22T15:00:26.522+0700] {logging_mixin.py:149} INFO - [2023-06-22T15:00:26.522+0700] {dag.py:3486} INFO - Setting next_dagrun for example_trigger_controller_dag to 2021-01-01T00:00:00+00:00, run_after=2021-01-01T00:00:00+00:00
[2023-06-22T15:00:26.542+0700] {processor.py:179} INFO - Processing /Users/macbook/Documents/Documents_MacBook_Pro/ISTT/AirflowTutorial/envlibs/lib/python3.10/site-packages/airflow/example_dags/example_trigger_controller_dag.py took 0.827 seconds
[2023-06-22T15:02:28.253+0700] {processor.py:157} INFO - Started process (PID=13075) to work on /Users/macbook/Documents/Documents_MacBook_Pro/ISTT/AirflowTutorial/envlibs/lib/python3.10/site-packages/airflow/example_dags/example_trigger_controller_dag.py
[2023-06-22T15:02:28.255+0700] {processor.py:826} INFO - Processing file /Users/macbook/Documents/Documents_MacBook_Pro/ISTT/AirflowTutorial/envlibs/lib/python3.10/site-packages/airflow/example_dags/example_trigger_controller_dag.py for tasks to queue
[2023-06-22T15:02:28.256+0700] {logging_mixin.py:149} INFO - [2023-06-22T15:02:28.255+0700] {dagbag.py:541} INFO - Filling up the DagBag from /Users/macbook/Documents/Documents_MacBook_Pro/ISTT/AirflowTutorial/envlibs/lib/python3.10/site-packages/airflow/example_dags/example_trigger_controller_dag.py
[2023-06-22T15:02:28.281+0700] {processor.py:836} INFO - DAG(s) dict_keys(['example_trigger_controller_dag']) retrieved from /Users/macbook/Documents/Documents_MacBook_Pro/ISTT/AirflowTutorial/envlibs/lib/python3.10/site-packages/airflow/example_dags/example_trigger_controller_dag.py
[2023-06-22T15:02:29.114+0700] {logging_mixin.py:149} INFO - [2023-06-22T15:02:29.113+0700] {dag.py:2726} INFO - Sync 1 DAGs
[2023-06-22T15:02:29.130+0700] {logging_mixin.py:149} INFO - [2023-06-22T15:02:29.130+0700] {dag.py:3486} INFO - Setting next_dagrun for example_trigger_controller_dag to 2021-01-01T00:00:00+00:00, run_after=2021-01-01T00:00:00+00:00
[2023-06-22T15:02:29.150+0700] {processor.py:179} INFO - Processing /Users/macbook/Documents/Documents_MacBook_Pro/ISTT/AirflowTutorial/envlibs/lib/python3.10/site-packages/airflow/example_dags/example_trigger_controller_dag.py took 0.898 seconds
[2023-06-22T15:04:29.698+0700] {processor.py:157} INFO - Started process (PID=13132) to work on /Users/macbook/Documents/Documents_MacBook_Pro/ISTT/AirflowTutorial/envlibs/lib/python3.10/site-packages/airflow/example_dags/example_trigger_controller_dag.py
[2023-06-22T15:04:29.699+0700] {processor.py:826} INFO - Processing file /Users/macbook/Documents/Documents_MacBook_Pro/ISTT/AirflowTutorial/envlibs/lib/python3.10/site-packages/airflow/example_dags/example_trigger_controller_dag.py for tasks to queue
[2023-06-22T15:04:29.699+0700] {logging_mixin.py:149} INFO - [2023-06-22T15:04:29.699+0700] {dagbag.py:541} INFO - Filling up the DagBag from /Users/macbook/Documents/Documents_MacBook_Pro/ISTT/AirflowTutorial/envlibs/lib/python3.10/site-packages/airflow/example_dags/example_trigger_controller_dag.py
[2023-06-22T15:04:29.721+0700] {processor.py:836} INFO - DAG(s) dict_keys(['example_trigger_controller_dag']) retrieved from /Users/macbook/Documents/Documents_MacBook_Pro/ISTT/AirflowTutorial/envlibs/lib/python3.10/site-packages/airflow/example_dags/example_trigger_controller_dag.py
[2023-06-22T15:04:30.533+0700] {logging_mixin.py:149} INFO - [2023-06-22T15:04:30.533+0700] {dag.py:2726} INFO - Sync 1 DAGs
[2023-06-22T15:04:30.549+0700] {logging_mixin.py:149} INFO - [2023-06-22T15:04:30.549+0700] {dag.py:3486} INFO - Setting next_dagrun for example_trigger_controller_dag to 2021-01-01T00:00:00+00:00, run_after=2021-01-01T00:00:00+00:00
[2023-06-22T15:04:30.565+0700] {processor.py:179} INFO - Processing /Users/macbook/Documents/Documents_MacBook_Pro/ISTT/AirflowTutorial/envlibs/lib/python3.10/site-packages/airflow/example_dags/example_trigger_controller_dag.py took 0.868 seconds
[2023-06-22T15:06:40.061+0700] {processor.py:157} INFO - Started process (PID=13235) to work on /Users/macbook/Documents/Documents_MacBook_Pro/ISTT/AirflowTutorial/envlibs/lib/python3.10/site-packages/airflow/example_dags/example_trigger_controller_dag.py
[2023-06-22T15:06:40.063+0700] {processor.py:826} INFO - Processing file /Users/macbook/Documents/Documents_MacBook_Pro/ISTT/AirflowTutorial/envlibs/lib/python3.10/site-packages/airflow/example_dags/example_trigger_controller_dag.py for tasks to queue
[2023-06-22T15:06:40.063+0700] {logging_mixin.py:149} INFO - [2023-06-22T15:06:40.063+0700] {dagbag.py:541} INFO - Filling up the DagBag from /Users/macbook/Documents/Documents_MacBook_Pro/ISTT/AirflowTutorial/envlibs/lib/python3.10/site-packages/airflow/example_dags/example_trigger_controller_dag.py
[2023-06-22T15:06:40.090+0700] {processor.py:836} INFO - DAG(s) dict_keys(['example_trigger_controller_dag']) retrieved from /Users/macbook/Documents/Documents_MacBook_Pro/ISTT/AirflowTutorial/envlibs/lib/python3.10/site-packages/airflow/example_dags/example_trigger_controller_dag.py
[2023-06-22T15:06:40.871+0700] {logging_mixin.py:149} INFO - [2023-06-22T15:06:40.871+0700] {dag.py:2726} INFO - Sync 1 DAGs
[2023-06-22T15:06:40.887+0700] {logging_mixin.py:149} INFO - [2023-06-22T15:06:40.887+0700] {dag.py:3486} INFO - Setting next_dagrun for example_trigger_controller_dag to 2021-01-01T00:00:00+00:00, run_after=2021-01-01T00:00:00+00:00
[2023-06-22T15:06:40.905+0700] {processor.py:179} INFO - Processing /Users/macbook/Documents/Documents_MacBook_Pro/ISTT/AirflowTutorial/envlibs/lib/python3.10/site-packages/airflow/example_dags/example_trigger_controller_dag.py took 0.845 seconds
[2023-06-22T15:08:40.352+0700] {processor.py:157} INFO - Started process (PID=13289) to work on /Users/macbook/Documents/Documents_MacBook_Pro/ISTT/AirflowTutorial/envlibs/lib/python3.10/site-packages/airflow/example_dags/example_trigger_controller_dag.py
[2023-06-22T15:08:40.353+0700] {processor.py:826} INFO - Processing file /Users/macbook/Documents/Documents_MacBook_Pro/ISTT/AirflowTutorial/envlibs/lib/python3.10/site-packages/airflow/example_dags/example_trigger_controller_dag.py for tasks to queue
[2023-06-22T15:08:40.353+0700] {logging_mixin.py:149} INFO - [2023-06-22T15:08:40.353+0700] {dagbag.py:541} INFO - Filling up the DagBag from /Users/macbook/Documents/Documents_MacBook_Pro/ISTT/AirflowTutorial/envlibs/lib/python3.10/site-packages/airflow/example_dags/example_trigger_controller_dag.py
[2023-06-22T15:08:40.376+0700] {processor.py:836} INFO - DAG(s) dict_keys(['example_trigger_controller_dag']) retrieved from /Users/macbook/Documents/Documents_MacBook_Pro/ISTT/AirflowTutorial/envlibs/lib/python3.10/site-packages/airflow/example_dags/example_trigger_controller_dag.py
[2023-06-22T15:08:41.148+0700] {logging_mixin.py:149} INFO - [2023-06-22T15:08:41.148+0700] {dag.py:2726} INFO - Sync 1 DAGs
[2023-06-22T15:08:41.165+0700] {logging_mixin.py:149} INFO - [2023-06-22T15:08:41.165+0700] {dag.py:3486} INFO - Setting next_dagrun for example_trigger_controller_dag to 2021-01-01T00:00:00+00:00, run_after=2021-01-01T00:00:00+00:00
[2023-06-22T15:08:41.182+0700] {processor.py:179} INFO - Processing /Users/macbook/Documents/Documents_MacBook_Pro/ISTT/AirflowTutorial/envlibs/lib/python3.10/site-packages/airflow/example_dags/example_trigger_controller_dag.py took 0.831 seconds
[2023-06-22T15:10:44.161+0700] {processor.py:157} INFO - Started process (PID=13386) to work on /Users/macbook/Documents/Documents_MacBook_Pro/ISTT/AirflowTutorial/envlibs/lib/python3.10/site-packages/airflow/example_dags/example_trigger_controller_dag.py
[2023-06-22T15:10:44.162+0700] {processor.py:826} INFO - Processing file /Users/macbook/Documents/Documents_MacBook_Pro/ISTT/AirflowTutorial/envlibs/lib/python3.10/site-packages/airflow/example_dags/example_trigger_controller_dag.py for tasks to queue
[2023-06-22T15:10:44.163+0700] {logging_mixin.py:149} INFO - [2023-06-22T15:10:44.163+0700] {dagbag.py:541} INFO - Filling up the DagBag from /Users/macbook/Documents/Documents_MacBook_Pro/ISTT/AirflowTutorial/envlibs/lib/python3.10/site-packages/airflow/example_dags/example_trigger_controller_dag.py
[2023-06-22T15:10:44.186+0700] {processor.py:836} INFO - DAG(s) dict_keys(['example_trigger_controller_dag']) retrieved from /Users/macbook/Documents/Documents_MacBook_Pro/ISTT/AirflowTutorial/envlibs/lib/python3.10/site-packages/airflow/example_dags/example_trigger_controller_dag.py
[2023-06-22T15:10:44.949+0700] {logging_mixin.py:149} INFO - [2023-06-22T15:10:44.949+0700] {dag.py:2726} INFO - Sync 1 DAGs
[2023-06-22T15:10:44.966+0700] {logging_mixin.py:149} INFO - [2023-06-22T15:10:44.966+0700] {dag.py:3486} INFO - Setting next_dagrun for example_trigger_controller_dag to 2021-01-01T00:00:00+00:00, run_after=2021-01-01T00:00:00+00:00
[2023-06-22T15:10:44.985+0700] {processor.py:179} INFO - Processing /Users/macbook/Documents/Documents_MacBook_Pro/ISTT/AirflowTutorial/envlibs/lib/python3.10/site-packages/airflow/example_dags/example_trigger_controller_dag.py took 0.825 seconds
[2023-06-22T15:12:49.422+0700] {processor.py:157} INFO - Started process (PID=13440) to work on /Users/macbook/Documents/Documents_MacBook_Pro/ISTT/AirflowTutorial/envlibs/lib/python3.10/site-packages/airflow/example_dags/example_trigger_controller_dag.py
[2023-06-22T15:12:49.423+0700] {processor.py:826} INFO - Processing file /Users/macbook/Documents/Documents_MacBook_Pro/ISTT/AirflowTutorial/envlibs/lib/python3.10/site-packages/airflow/example_dags/example_trigger_controller_dag.py for tasks to queue
[2023-06-22T15:12:49.423+0700] {logging_mixin.py:149} INFO - [2023-06-22T15:12:49.423+0700] {dagbag.py:541} INFO - Filling up the DagBag from /Users/macbook/Documents/Documents_MacBook_Pro/ISTT/AirflowTutorial/envlibs/lib/python3.10/site-packages/airflow/example_dags/example_trigger_controller_dag.py
[2023-06-22T15:12:49.450+0700] {processor.py:836} INFO - DAG(s) dict_keys(['example_trigger_controller_dag']) retrieved from /Users/macbook/Documents/Documents_MacBook_Pro/ISTT/AirflowTutorial/envlibs/lib/python3.10/site-packages/airflow/example_dags/example_trigger_controller_dag.py
[2023-06-22T15:12:50.378+0700] {logging_mixin.py:149} INFO - [2023-06-22T15:12:50.378+0700] {dag.py:2726} INFO - Sync 1 DAGs
[2023-06-22T15:12:50.402+0700] {logging_mixin.py:149} INFO - [2023-06-22T15:12:50.402+0700] {dag.py:3486} INFO - Setting next_dagrun for example_trigger_controller_dag to 2021-01-01T00:00:00+00:00, run_after=2021-01-01T00:00:00+00:00
[2023-06-22T15:12:50.426+0700] {processor.py:179} INFO - Processing /Users/macbook/Documents/Documents_MacBook_Pro/ISTT/AirflowTutorial/envlibs/lib/python3.10/site-packages/airflow/example_dags/example_trigger_controller_dag.py took 1.005 seconds
[2023-06-22T15:14:56.612+0700] {processor.py:157} INFO - Started process (PID=13534) to work on /Users/macbook/Documents/Documents_MacBook_Pro/ISTT/AirflowTutorial/envlibs/lib/python3.10/site-packages/airflow/example_dags/example_trigger_controller_dag.py
[2023-06-22T15:14:56.612+0700] {processor.py:826} INFO - Processing file /Users/macbook/Documents/Documents_MacBook_Pro/ISTT/AirflowTutorial/envlibs/lib/python3.10/site-packages/airflow/example_dags/example_trigger_controller_dag.py for tasks to queue
[2023-06-22T15:14:56.613+0700] {logging_mixin.py:149} INFO - [2023-06-22T15:14:56.613+0700] {dagbag.py:541} INFO - Filling up the DagBag from /Users/macbook/Documents/Documents_MacBook_Pro/ISTT/AirflowTutorial/envlibs/lib/python3.10/site-packages/airflow/example_dags/example_trigger_controller_dag.py
[2023-06-22T15:14:56.636+0700] {processor.py:836} INFO - DAG(s) dict_keys(['example_trigger_controller_dag']) retrieved from /Users/macbook/Documents/Documents_MacBook_Pro/ISTT/AirflowTutorial/envlibs/lib/python3.10/site-packages/airflow/example_dags/example_trigger_controller_dag.py
[2023-06-22T15:14:57.348+0700] {logging_mixin.py:149} INFO - [2023-06-22T15:14:57.348+0700] {dag.py:2726} INFO - Sync 1 DAGs
[2023-06-22T15:14:57.366+0700] {logging_mixin.py:149} INFO - [2023-06-22T15:14:57.366+0700] {dag.py:3486} INFO - Setting next_dagrun for example_trigger_controller_dag to 2021-01-01T00:00:00+00:00, run_after=2021-01-01T00:00:00+00:00
[2023-06-22T15:14:57.384+0700] {processor.py:179} INFO - Processing /Users/macbook/Documents/Documents_MacBook_Pro/ISTT/AirflowTutorial/envlibs/lib/python3.10/site-packages/airflow/example_dags/example_trigger_controller_dag.py took 0.773 seconds
