[2023-06-22T14:29:02.806+0700] {processor.py:157} INFO - Started process (PID=11910) to work on /Users/macbook/Documents/Documents_MacBook_Pro/ISTT/AirflowTutorial/envlibs/lib/python3.10/site-packages/airflow/example_dags/example_branch_day_of_week_operator.py
[2023-06-22T14:29:02.806+0700] {processor.py:826} INFO - Processing file /Users/macbook/Documents/Documents_MacBook_Pro/ISTT/AirflowTutorial/envlibs/lib/python3.10/site-packages/airflow/example_dags/example_branch_day_of_week_operator.py for tasks to queue
[2023-06-22T14:29:02.807+0700] {logging_mixin.py:149} INFO - [2023-06-22T14:29:02.807+0700] {dagbag.py:541} INFO - Filling up the DagBag from /Users/macbook/Documents/Documents_MacBook_Pro/ISTT/AirflowTutorial/envlibs/lib/python3.10/site-packages/airflow/example_dags/example_branch_day_of_week_operator.py
[2023-06-22T14:29:02.830+0700] {processor.py:836} INFO - DAG(s) dict_keys(['example_weekday_branch_operator']) retrieved from /Users/macbook/Documents/Documents_MacBook_Pro/ISTT/AirflowTutorial/envlibs/lib/python3.10/site-packages/airflow/example_dags/example_branch_day_of_week_operator.py
[2023-06-22T14:29:03.598+0700] {logging_mixin.py:149} INFO - [2023-06-22T14:29:03.598+0700] {dag.py:2726} INFO - Sync 1 DAGs
[2023-06-22T14:29:03.615+0700] {logging_mixin.py:149} INFO - [2023-06-22T14:29:03.615+0700] {dag.py:3486} INFO - Setting next_dagrun for example_weekday_branch_operator to 2023-06-21T00:00:00+00:00, run_after=2023-06-22T00:00:00+00:00
[2023-06-22T14:29:03.632+0700] {processor.py:179} INFO - Processing /Users/macbook/Documents/Documents_MacBook_Pro/ISTT/AirflowTutorial/envlibs/lib/python3.10/site-packages/airflow/example_dags/example_branch_day_of_week_operator.py took 0.827 seconds
[2023-06-22T14:33:31.696+0700] {processor.py:157} INFO - Started process (PID=12108) to work on /Users/macbook/Documents/Documents_MacBook_Pro/ISTT/AirflowTutorial/envlibs/lib/python3.10/site-packages/airflow/example_dags/example_branch_day_of_week_operator.py
[2023-06-22T14:33:31.697+0700] {processor.py:826} INFO - Processing file /Users/macbook/Documents/Documents_MacBook_Pro/ISTT/AirflowTutorial/envlibs/lib/python3.10/site-packages/airflow/example_dags/example_branch_day_of_week_operator.py for tasks to queue
[2023-06-22T14:33:31.698+0700] {logging_mixin.py:149} INFO - [2023-06-22T14:33:31.698+0700] {dagbag.py:541} INFO - Filling up the DagBag from /Users/macbook/Documents/Documents_MacBook_Pro/ISTT/AirflowTutorial/envlibs/lib/python3.10/site-packages/airflow/example_dags/example_branch_day_of_week_operator.py
[2023-06-22T14:33:31.736+0700] {processor.py:836} INFO - DAG(s) dict_keys(['example_weekday_branch_operator']) retrieved from /Users/macbook/Documents/Documents_MacBook_Pro/ISTT/AirflowTutorial/envlibs/lib/python3.10/site-packages/airflow/example_dags/example_branch_day_of_week_operator.py
[2023-06-22T14:33:32.570+0700] {logging_mixin.py:149} INFO - [2023-06-22T14:33:32.569+0700] {dag.py:2726} INFO - Sync 1 DAGs
[2023-06-22T14:33:32.594+0700] {logging_mixin.py:149} INFO - [2023-06-22T14:33:32.594+0700] {dag.py:3486} INFO - Setting next_dagrun for example_weekday_branch_operator to 2023-06-21T00:00:00+00:00, run_after=2023-06-22T00:00:00+00:00
[2023-06-22T14:33:32.619+0700] {processor.py:179} INFO - Processing /Users/macbook/Documents/Documents_MacBook_Pro/ISTT/AirflowTutorial/envlibs/lib/python3.10/site-packages/airflow/example_dags/example_branch_day_of_week_operator.py took 0.924 seconds
[2023-06-22T14:38:53.980+0700] {processor.py:157} INFO - Started process (PID=12379) to work on /Users/macbook/Documents/Documents_MacBook_Pro/ISTT/AirflowTutorial/envlibs/lib/python3.10/site-packages/airflow/example_dags/example_branch_day_of_week_operator.py
[2023-06-22T14:38:53.982+0700] {processor.py:826} INFO - Processing file /Users/macbook/Documents/Documents_MacBook_Pro/ISTT/AirflowTutorial/envlibs/lib/python3.10/site-packages/airflow/example_dags/example_branch_day_of_week_operator.py for tasks to queue
[2023-06-22T14:38:53.983+0700] {logging_mixin.py:149} INFO - [2023-06-22T14:38:53.982+0700] {dagbag.py:541} INFO - Filling up the DagBag from /Users/macbook/Documents/Documents_MacBook_Pro/ISTT/AirflowTutorial/envlibs/lib/python3.10/site-packages/airflow/example_dags/example_branch_day_of_week_operator.py
[2023-06-22T14:38:54.011+0700] {processor.py:836} INFO - DAG(s) dict_keys(['example_weekday_branch_operator']) retrieved from /Users/macbook/Documents/Documents_MacBook_Pro/ISTT/AirflowTutorial/envlibs/lib/python3.10/site-packages/airflow/example_dags/example_branch_day_of_week_operator.py
[2023-06-22T14:38:55.034+0700] {logging_mixin.py:149} INFO - [2023-06-22T14:38:55.033+0700] {dag.py:2726} INFO - Sync 1 DAGs
[2023-06-22T14:38:55.043+0700] {logging_mixin.py:149} INFO - [2023-06-22T14:38:55.043+0700] {dag.py:2747} INFO - Creating ORM DAG for example_weekday_branch_operator
[2023-06-22T14:38:55.053+0700] {logging_mixin.py:149} INFO - [2023-06-22T14:38:55.053+0700] {dag.py:3486} INFO - Setting next_dagrun for example_weekday_branch_operator to 2023-06-21T00:00:00+00:00, run_after=2023-06-22T00:00:00+00:00
[2023-06-22T14:38:55.073+0700] {processor.py:179} INFO - Processing /Users/macbook/Documents/Documents_MacBook_Pro/ISTT/AirflowTutorial/envlibs/lib/python3.10/site-packages/airflow/example_dags/example_branch_day_of_week_operator.py took 1.094 seconds
[2023-06-22T14:43:15.241+0700] {processor.py:157} INFO - Started process (PID=12549) to work on /Users/macbook/Documents/Documents_MacBook_Pro/ISTT/AirflowTutorial/envlibs/lib/python3.10/site-packages/airflow/example_dags/example_branch_day_of_week_operator.py
[2023-06-22T14:43:15.243+0700] {processor.py:826} INFO - Processing file /Users/macbook/Documents/Documents_MacBook_Pro/ISTT/AirflowTutorial/envlibs/lib/python3.10/site-packages/airflow/example_dags/example_branch_day_of_week_operator.py for tasks to queue
[2023-06-22T14:43:15.243+0700] {logging_mixin.py:149} INFO - [2023-06-22T14:43:15.243+0700] {dagbag.py:541} INFO - Filling up the DagBag from /Users/macbook/Documents/Documents_MacBook_Pro/ISTT/AirflowTutorial/envlibs/lib/python3.10/site-packages/airflow/example_dags/example_branch_day_of_week_operator.py
[2023-06-22T14:43:15.269+0700] {processor.py:836} INFO - DAG(s) dict_keys(['example_weekday_branch_operator']) retrieved from /Users/macbook/Documents/Documents_MacBook_Pro/ISTT/AirflowTutorial/envlibs/lib/python3.10/site-packages/airflow/example_dags/example_branch_day_of_week_operator.py
[2023-06-22T14:43:16.199+0700] {logging_mixin.py:149} INFO - [2023-06-22T14:43:16.198+0700] {dag.py:2726} INFO - Sync 1 DAGs
[2023-06-22T14:43:16.228+0700] {logging_mixin.py:149} INFO - [2023-06-22T14:43:16.228+0700] {dag.py:3486} INFO - Setting next_dagrun for example_weekday_branch_operator to 2023-06-21T00:00:00+00:00, run_after=2023-06-22T00:00:00+00:00
[2023-06-22T14:43:16.269+0700] {processor.py:179} INFO - Processing /Users/macbook/Documents/Documents_MacBook_Pro/ISTT/AirflowTutorial/envlibs/lib/python3.10/site-packages/airflow/example_dags/example_branch_day_of_week_operator.py took 1.029 seconds
[2023-06-22T14:47:26.907+0700] {processor.py:157} INFO - Started process (PID=12660) to work on /Users/macbook/Documents/Documents_MacBook_Pro/ISTT/AirflowTutorial/envlibs/lib/python3.10/site-packages/airflow/example_dags/example_branch_day_of_week_operator.py
[2023-06-22T14:47:26.908+0700] {processor.py:826} INFO - Processing file /Users/macbook/Documents/Documents_MacBook_Pro/ISTT/AirflowTutorial/envlibs/lib/python3.10/site-packages/airflow/example_dags/example_branch_day_of_week_operator.py for tasks to queue
[2023-06-22T14:47:26.909+0700] {logging_mixin.py:149} INFO - [2023-06-22T14:47:26.909+0700] {dagbag.py:541} INFO - Filling up the DagBag from /Users/macbook/Documents/Documents_MacBook_Pro/ISTT/AirflowTutorial/envlibs/lib/python3.10/site-packages/airflow/example_dags/example_branch_day_of_week_operator.py
[2023-06-22T14:47:26.935+0700] {processor.py:836} INFO - DAG(s) dict_keys(['example_weekday_branch_operator']) retrieved from /Users/macbook/Documents/Documents_MacBook_Pro/ISTT/AirflowTutorial/envlibs/lib/python3.10/site-packages/airflow/example_dags/example_branch_day_of_week_operator.py
[2023-06-22T14:47:27.835+0700] {logging_mixin.py:149} INFO - [2023-06-22T14:47:27.835+0700] {dag.py:2726} INFO - Sync 1 DAGs
[2023-06-22T14:47:27.857+0700] {logging_mixin.py:149} INFO - [2023-06-22T14:47:27.856+0700] {dag.py:3486} INFO - Setting next_dagrun for example_weekday_branch_operator to 2023-06-21T00:00:00+00:00, run_after=2023-06-22T00:00:00+00:00
[2023-06-22T14:47:27.877+0700] {processor.py:179} INFO - Processing /Users/macbook/Documents/Documents_MacBook_Pro/ISTT/AirflowTutorial/envlibs/lib/python3.10/site-packages/airflow/example_dags/example_branch_day_of_week_operator.py took 0.971 seconds
[2023-06-22T14:51:38.595+0700] {processor.py:157} INFO - Started process (PID=12781) to work on /Users/macbook/Documents/Documents_MacBook_Pro/ISTT/AirflowTutorial/envlibs/lib/python3.10/site-packages/airflow/example_dags/example_branch_day_of_week_operator.py
[2023-06-22T14:51:38.597+0700] {processor.py:826} INFO - Processing file /Users/macbook/Documents/Documents_MacBook_Pro/ISTT/AirflowTutorial/envlibs/lib/python3.10/site-packages/airflow/example_dags/example_branch_day_of_week_operator.py for tasks to queue
[2023-06-22T14:51:38.598+0700] {logging_mixin.py:149} INFO - [2023-06-22T14:51:38.598+0700] {dagbag.py:541} INFO - Filling up the DagBag from /Users/macbook/Documents/Documents_MacBook_Pro/ISTT/AirflowTutorial/envlibs/lib/python3.10/site-packages/airflow/example_dags/example_branch_day_of_week_operator.py
[2023-06-22T14:51:38.625+0700] {processor.py:836} INFO - DAG(s) dict_keys(['example_weekday_branch_operator']) retrieved from /Users/macbook/Documents/Documents_MacBook_Pro/ISTT/AirflowTutorial/envlibs/lib/python3.10/site-packages/airflow/example_dags/example_branch_day_of_week_operator.py
[2023-06-22T14:51:39.432+0700] {logging_mixin.py:149} INFO - [2023-06-22T14:51:39.432+0700] {dag.py:2726} INFO - Sync 1 DAGs
[2023-06-22T14:51:39.450+0700] {logging_mixin.py:149} INFO - [2023-06-22T14:51:39.450+0700] {dag.py:3486} INFO - Setting next_dagrun for example_weekday_branch_operator to 2023-06-21T00:00:00+00:00, run_after=2023-06-22T00:00:00+00:00
[2023-06-22T14:51:39.467+0700] {processor.py:179} INFO - Processing /Users/macbook/Documents/Documents_MacBook_Pro/ISTT/AirflowTutorial/envlibs/lib/python3.10/site-packages/airflow/example_dags/example_branch_day_of_week_operator.py took 0.872 seconds
[2023-06-22T14:55:34.459+0700] {processor.py:157} INFO - Started process (PID=12891) to work on /Users/macbook/Documents/Documents_MacBook_Pro/ISTT/AirflowTutorial/envlibs/lib/python3.10/site-packages/airflow/example_dags/example_branch_day_of_week_operator.py
[2023-06-22T14:55:34.461+0700] {processor.py:826} INFO - Processing file /Users/macbook/Documents/Documents_MacBook_Pro/ISTT/AirflowTutorial/envlibs/lib/python3.10/site-packages/airflow/example_dags/example_branch_day_of_week_operator.py for tasks to queue
[2023-06-22T14:55:34.461+0700] {logging_mixin.py:149} INFO - [2023-06-22T14:55:34.461+0700] {dagbag.py:541} INFO - Filling up the DagBag from /Users/macbook/Documents/Documents_MacBook_Pro/ISTT/AirflowTutorial/envlibs/lib/python3.10/site-packages/airflow/example_dags/example_branch_day_of_week_operator.py
[2023-06-22T14:55:34.483+0700] {processor.py:836} INFO - DAG(s) dict_keys(['example_weekday_branch_operator']) retrieved from /Users/macbook/Documents/Documents_MacBook_Pro/ISTT/AirflowTutorial/envlibs/lib/python3.10/site-packages/airflow/example_dags/example_branch_day_of_week_operator.py
[2023-06-22T14:55:35.244+0700] {logging_mixin.py:149} INFO - [2023-06-22T14:55:35.243+0700] {dag.py:2726} INFO - Sync 1 DAGs
[2023-06-22T14:55:35.264+0700] {logging_mixin.py:149} INFO - [2023-06-22T14:55:35.264+0700] {dag.py:3486} INFO - Setting next_dagrun for example_weekday_branch_operator to 2023-06-21T00:00:00+00:00, run_after=2023-06-22T00:00:00+00:00
[2023-06-22T14:55:35.282+0700] {processor.py:179} INFO - Processing /Users/macbook/Documents/Documents_MacBook_Pro/ISTT/AirflowTutorial/envlibs/lib/python3.10/site-packages/airflow/example_dags/example_branch_day_of_week_operator.py took 0.823 seconds
[2023-06-22T14:59:33.807+0700] {processor.py:157} INFO - Started process (PID=12995) to work on /Users/macbook/Documents/Documents_MacBook_Pro/ISTT/AirflowTutorial/envlibs/lib/python3.10/site-packages/airflow/example_dags/example_branch_day_of_week_operator.py
[2023-06-22T14:59:33.808+0700] {processor.py:826} INFO - Processing file /Users/macbook/Documents/Documents_MacBook_Pro/ISTT/AirflowTutorial/envlibs/lib/python3.10/site-packages/airflow/example_dags/example_branch_day_of_week_operator.py for tasks to queue
[2023-06-22T14:59:33.809+0700] {logging_mixin.py:149} INFO - [2023-06-22T14:59:33.809+0700] {dagbag.py:541} INFO - Filling up the DagBag from /Users/macbook/Documents/Documents_MacBook_Pro/ISTT/AirflowTutorial/envlibs/lib/python3.10/site-packages/airflow/example_dags/example_branch_day_of_week_operator.py
[2023-06-22T14:59:33.833+0700] {processor.py:836} INFO - DAG(s) dict_keys(['example_weekday_branch_operator']) retrieved from /Users/macbook/Documents/Documents_MacBook_Pro/ISTT/AirflowTutorial/envlibs/lib/python3.10/site-packages/airflow/example_dags/example_branch_day_of_week_operator.py
[2023-06-22T14:59:34.656+0700] {logging_mixin.py:149} INFO - [2023-06-22T14:59:34.656+0700] {dag.py:2726} INFO - Sync 1 DAGs
[2023-06-22T14:59:34.675+0700] {logging_mixin.py:149} INFO - [2023-06-22T14:59:34.675+0700] {dag.py:3486} INFO - Setting next_dagrun for example_weekday_branch_operator to 2023-06-21T00:00:00+00:00, run_after=2023-06-22T00:00:00+00:00
[2023-06-22T14:59:34.696+0700] {processor.py:179} INFO - Processing /Users/macbook/Documents/Documents_MacBook_Pro/ISTT/AirflowTutorial/envlibs/lib/python3.10/site-packages/airflow/example_dags/example_branch_day_of_week_operator.py took 0.889 seconds
[2023-06-22T15:03:40.901+0700] {processor.py:157} INFO - Started process (PID=13107) to work on /Users/macbook/Documents/Documents_MacBook_Pro/ISTT/AirflowTutorial/envlibs/lib/python3.10/site-packages/airflow/example_dags/example_branch_day_of_week_operator.py
[2023-06-22T15:03:40.902+0700] {processor.py:826} INFO - Processing file /Users/macbook/Documents/Documents_MacBook_Pro/ISTT/AirflowTutorial/envlibs/lib/python3.10/site-packages/airflow/example_dags/example_branch_day_of_week_operator.py for tasks to queue
[2023-06-22T15:03:40.903+0700] {logging_mixin.py:149} INFO - [2023-06-22T15:03:40.902+0700] {dagbag.py:541} INFO - Filling up the DagBag from /Users/macbook/Documents/Documents_MacBook_Pro/ISTT/AirflowTutorial/envlibs/lib/python3.10/site-packages/airflow/example_dags/example_branch_day_of_week_operator.py
[2023-06-22T15:03:40.926+0700] {processor.py:836} INFO - DAG(s) dict_keys(['example_weekday_branch_operator']) retrieved from /Users/macbook/Documents/Documents_MacBook_Pro/ISTT/AirflowTutorial/envlibs/lib/python3.10/site-packages/airflow/example_dags/example_branch_day_of_week_operator.py
[2023-06-22T15:03:41.702+0700] {logging_mixin.py:149} INFO - [2023-06-22T15:03:41.702+0700] {dag.py:2726} INFO - Sync 1 DAGs
[2023-06-22T15:03:41.720+0700] {logging_mixin.py:149} INFO - [2023-06-22T15:03:41.720+0700] {dag.py:3486} INFO - Setting next_dagrun for example_weekday_branch_operator to 2023-06-21T00:00:00+00:00, run_after=2023-06-22T00:00:00+00:00
[2023-06-22T15:03:41.738+0700] {processor.py:179} INFO - Processing /Users/macbook/Documents/Documents_MacBook_Pro/ISTT/AirflowTutorial/envlibs/lib/python3.10/site-packages/airflow/example_dags/example_branch_day_of_week_operator.py took 0.838 seconds
[2023-06-22T15:07:52.927+0700] {processor.py:157} INFO - Started process (PID=13269) to work on /Users/macbook/Documents/Documents_MacBook_Pro/ISTT/AirflowTutorial/envlibs/lib/python3.10/site-packages/airflow/example_dags/example_branch_day_of_week_operator.py
[2023-06-22T15:07:52.929+0700] {processor.py:826} INFO - Processing file /Users/macbook/Documents/Documents_MacBook_Pro/ISTT/AirflowTutorial/envlibs/lib/python3.10/site-packages/airflow/example_dags/example_branch_day_of_week_operator.py for tasks to queue
[2023-06-22T15:07:52.929+0700] {logging_mixin.py:149} INFO - [2023-06-22T15:07:52.929+0700] {dagbag.py:541} INFO - Filling up the DagBag from /Users/macbook/Documents/Documents_MacBook_Pro/ISTT/AirflowTutorial/envlibs/lib/python3.10/site-packages/airflow/example_dags/example_branch_day_of_week_operator.py
[2023-06-22T15:07:52.952+0700] {processor.py:836} INFO - DAG(s) dict_keys(['example_weekday_branch_operator']) retrieved from /Users/macbook/Documents/Documents_MacBook_Pro/ISTT/AirflowTutorial/envlibs/lib/python3.10/site-packages/airflow/example_dags/example_branch_day_of_week_operator.py
[2023-06-22T15:07:53.690+0700] {logging_mixin.py:149} INFO - [2023-06-22T15:07:53.690+0700] {dag.py:2726} INFO - Sync 1 DAGs
[2023-06-22T15:07:53.708+0700] {logging_mixin.py:149} INFO - [2023-06-22T15:07:53.708+0700] {dag.py:3486} INFO - Setting next_dagrun for example_weekday_branch_operator to 2023-06-21T00:00:00+00:00, run_after=2023-06-22T00:00:00+00:00
[2023-06-22T15:07:53.725+0700] {processor.py:179} INFO - Processing /Users/macbook/Documents/Documents_MacBook_Pro/ISTT/AirflowTutorial/envlibs/lib/python3.10/site-packages/airflow/example_dags/example_branch_day_of_week_operator.py took 0.799 seconds
[2023-06-22T15:12:01.764+0700] {processor.py:157} INFO - Started process (PID=13420) to work on /Users/macbook/Documents/Documents_MacBook_Pro/ISTT/AirflowTutorial/envlibs/lib/python3.10/site-packages/airflow/example_dags/example_branch_day_of_week_operator.py
[2023-06-22T15:12:01.765+0700] {processor.py:826} INFO - Processing file /Users/macbook/Documents/Documents_MacBook_Pro/ISTT/AirflowTutorial/envlibs/lib/python3.10/site-packages/airflow/example_dags/example_branch_day_of_week_operator.py for tasks to queue
[2023-06-22T15:12:01.766+0700] {logging_mixin.py:149} INFO - [2023-06-22T15:12:01.765+0700] {dagbag.py:541} INFO - Filling up the DagBag from /Users/macbook/Documents/Documents_MacBook_Pro/ISTT/AirflowTutorial/envlibs/lib/python3.10/site-packages/airflow/example_dags/example_branch_day_of_week_operator.py
[2023-06-22T15:12:01.789+0700] {processor.py:836} INFO - DAG(s) dict_keys(['example_weekday_branch_operator']) retrieved from /Users/macbook/Documents/Documents_MacBook_Pro/ISTT/AirflowTutorial/envlibs/lib/python3.10/site-packages/airflow/example_dags/example_branch_day_of_week_operator.py
[2023-06-22T15:12:02.584+0700] {logging_mixin.py:149} INFO - [2023-06-22T15:12:02.584+0700] {dag.py:2726} INFO - Sync 1 DAGs
[2023-06-22T15:12:02.604+0700] {logging_mixin.py:149} INFO - [2023-06-22T15:12:02.604+0700] {dag.py:3486} INFO - Setting next_dagrun for example_weekday_branch_operator to 2023-06-21T00:00:00+00:00, run_after=2023-06-22T00:00:00+00:00
[2023-06-22T15:12:02.622+0700] {processor.py:179} INFO - Processing /Users/macbook/Documents/Documents_MacBook_Pro/ISTT/AirflowTutorial/envlibs/lib/python3.10/site-packages/airflow/example_dags/example_branch_day_of_week_operator.py took 0.859 seconds
[2023-06-22T15:16:16.721+0700] {processor.py:157} INFO - Started process (PID=13577) to work on /Users/macbook/Documents/Documents_MacBook_Pro/ISTT/AirflowTutorial/envlibs/lib/python3.10/site-packages/airflow/example_dags/example_branch_day_of_week_operator.py
[2023-06-22T15:16:16.722+0700] {processor.py:826} INFO - Processing file /Users/macbook/Documents/Documents_MacBook_Pro/ISTT/AirflowTutorial/envlibs/lib/python3.10/site-packages/airflow/example_dags/example_branch_day_of_week_operator.py for tasks to queue
[2023-06-22T15:16:16.723+0700] {logging_mixin.py:149} INFO - [2023-06-22T15:16:16.723+0700] {dagbag.py:541} INFO - Filling up the DagBag from /Users/macbook/Documents/Documents_MacBook_Pro/ISTT/AirflowTutorial/envlibs/lib/python3.10/site-packages/airflow/example_dags/example_branch_day_of_week_operator.py
[2023-06-22T15:16:16.747+0700] {processor.py:836} INFO - DAG(s) dict_keys(['example_weekday_branch_operator']) retrieved from /Users/macbook/Documents/Documents_MacBook_Pro/ISTT/AirflowTutorial/envlibs/lib/python3.10/site-packages/airflow/example_dags/example_branch_day_of_week_operator.py
[2023-06-22T15:16:17.711+0700] {logging_mixin.py:149} INFO - [2023-06-22T15:16:17.711+0700] {dag.py:2726} INFO - Sync 1 DAGs
[2023-06-22T15:16:17.735+0700] {logging_mixin.py:149} INFO - [2023-06-22T15:16:17.735+0700] {dag.py:3486} INFO - Setting next_dagrun for example_weekday_branch_operator to 2023-06-21T00:00:00+00:00, run_after=2023-06-22T00:00:00+00:00
[2023-06-22T15:16:17.753+0700] {processor.py:179} INFO - Processing /Users/macbook/Documents/Documents_MacBook_Pro/ISTT/AirflowTutorial/envlibs/lib/python3.10/site-packages/airflow/example_dags/example_branch_day_of_week_operator.py took 1.033 seconds
[2023-06-22T15:20:20.503+0700] {processor.py:157} INFO - Started process (PID=13745) to work on /Users/macbook/Documents/Documents_MacBook_Pro/ISTT/AirflowTutorial/envlibs/lib/python3.10/site-packages/airflow/example_dags/example_branch_day_of_week_operator.py
[2023-06-22T15:20:20.504+0700] {processor.py:826} INFO - Processing file /Users/macbook/Documents/Documents_MacBook_Pro/ISTT/AirflowTutorial/envlibs/lib/python3.10/site-packages/airflow/example_dags/example_branch_day_of_week_operator.py for tasks to queue
[2023-06-22T15:20:20.504+0700] {logging_mixin.py:149} INFO - [2023-06-22T15:20:20.504+0700] {dagbag.py:541} INFO - Filling up the DagBag from /Users/macbook/Documents/Documents_MacBook_Pro/ISTT/AirflowTutorial/envlibs/lib/python3.10/site-packages/airflow/example_dags/example_branch_day_of_week_operator.py
[2023-06-22T15:20:20.533+0700] {processor.py:836} INFO - DAG(s) dict_keys(['example_weekday_branch_operator']) retrieved from /Users/macbook/Documents/Documents_MacBook_Pro/ISTT/AirflowTutorial/envlibs/lib/python3.10/site-packages/airflow/example_dags/example_branch_day_of_week_operator.py
[2023-06-22T15:20:21.354+0700] {logging_mixin.py:149} INFO - [2023-06-22T15:20:21.354+0700] {dag.py:2726} INFO - Sync 1 DAGs
[2023-06-22T15:20:21.373+0700] {logging_mixin.py:149} INFO - [2023-06-22T15:20:21.373+0700] {dag.py:3486} INFO - Setting next_dagrun for example_weekday_branch_operator to 2023-06-21T00:00:00+00:00, run_after=2023-06-22T00:00:00+00:00
[2023-06-22T15:20:21.394+0700] {processor.py:179} INFO - Processing /Users/macbook/Documents/Documents_MacBook_Pro/ISTT/AirflowTutorial/envlibs/lib/python3.10/site-packages/airflow/example_dags/example_branch_day_of_week_operator.py took 0.892 seconds
[2023-06-22T15:24:42.416+0700] {processor.py:157} INFO - Started process (PID=13869) to work on /Users/macbook/Documents/Documents_MacBook_Pro/ISTT/AirflowTutorial/envlibs/lib/python3.10/site-packages/airflow/example_dags/example_branch_day_of_week_operator.py
[2023-06-22T15:24:42.417+0700] {processor.py:826} INFO - Processing file /Users/macbook/Documents/Documents_MacBook_Pro/ISTT/AirflowTutorial/envlibs/lib/python3.10/site-packages/airflow/example_dags/example_branch_day_of_week_operator.py for tasks to queue
[2023-06-22T15:24:42.418+0700] {logging_mixin.py:149} INFO - [2023-06-22T15:24:42.418+0700] {dagbag.py:541} INFO - Filling up the DagBag from /Users/macbook/Documents/Documents_MacBook_Pro/ISTT/AirflowTutorial/envlibs/lib/python3.10/site-packages/airflow/example_dags/example_branch_day_of_week_operator.py
[2023-06-22T15:24:42.471+0700] {processor.py:836} INFO - DAG(s) dict_keys(['example_weekday_branch_operator']) retrieved from /Users/macbook/Documents/Documents_MacBook_Pro/ISTT/AirflowTutorial/envlibs/lib/python3.10/site-packages/airflow/example_dags/example_branch_day_of_week_operator.py
[2023-06-22T15:24:43.577+0700] {logging_mixin.py:149} INFO - [2023-06-22T15:24:43.576+0700] {dag.py:2726} INFO - Sync 1 DAGs
[2023-06-22T15:24:43.602+0700] {logging_mixin.py:149} INFO - [2023-06-22T15:24:43.602+0700] {dag.py:3486} INFO - Setting next_dagrun for example_weekday_branch_operator to 2023-06-21T00:00:00+00:00, run_after=2023-06-22T00:00:00+00:00
[2023-06-22T15:24:43.626+0700] {processor.py:179} INFO - Processing /Users/macbook/Documents/Documents_MacBook_Pro/ISTT/AirflowTutorial/envlibs/lib/python3.10/site-packages/airflow/example_dags/example_branch_day_of_week_operator.py took 1.211 seconds
[2023-06-22T15:29:03.144+0700] {processor.py:157} INFO - Started process (PID=13984) to work on /Users/macbook/Documents/Documents_MacBook_Pro/ISTT/AirflowTutorial/envlibs/lib/python3.10/site-packages/airflow/example_dags/example_branch_day_of_week_operator.py
[2023-06-22T15:29:03.146+0700] {processor.py:826} INFO - Processing file /Users/macbook/Documents/Documents_MacBook_Pro/ISTT/AirflowTutorial/envlibs/lib/python3.10/site-packages/airflow/example_dags/example_branch_day_of_week_operator.py for tasks to queue
[2023-06-22T15:29:03.147+0700] {logging_mixin.py:149} INFO - [2023-06-22T15:29:03.146+0700] {dagbag.py:541} INFO - Filling up the DagBag from /Users/macbook/Documents/Documents_MacBook_Pro/ISTT/AirflowTutorial/envlibs/lib/python3.10/site-packages/airflow/example_dags/example_branch_day_of_week_operator.py
[2023-06-22T15:29:03.178+0700] {processor.py:836} INFO - DAG(s) dict_keys(['example_weekday_branch_operator']) retrieved from /Users/macbook/Documents/Documents_MacBook_Pro/ISTT/AirflowTutorial/envlibs/lib/python3.10/site-packages/airflow/example_dags/example_branch_day_of_week_operator.py
[2023-06-22T15:29:04.200+0700] {logging_mixin.py:149} INFO - [2023-06-22T15:29:04.200+0700] {dag.py:2726} INFO - Sync 1 DAGs
[2023-06-22T15:29:04.226+0700] {logging_mixin.py:149} INFO - [2023-06-22T15:29:04.226+0700] {dag.py:3486} INFO - Setting next_dagrun for example_weekday_branch_operator to 2023-06-21T00:00:00+00:00, run_after=2023-06-22T00:00:00+00:00
[2023-06-22T15:29:04.252+0700] {processor.py:179} INFO - Processing /Users/macbook/Documents/Documents_MacBook_Pro/ISTT/AirflowTutorial/envlibs/lib/python3.10/site-packages/airflow/example_dags/example_branch_day_of_week_operator.py took 1.109 seconds
[2023-06-22T15:33:14.692+0700] {processor.py:157} INFO - Started process (PID=14106) to work on /Users/macbook/Documents/Documents_MacBook_Pro/ISTT/AirflowTutorial/envlibs/lib/python3.10/site-packages/airflow/example_dags/example_branch_day_of_week_operator.py
[2023-06-22T15:33:14.694+0700] {processor.py:826} INFO - Processing file /Users/macbook/Documents/Documents_MacBook_Pro/ISTT/AirflowTutorial/envlibs/lib/python3.10/site-packages/airflow/example_dags/example_branch_day_of_week_operator.py for tasks to queue
[2023-06-22T15:33:14.694+0700] {logging_mixin.py:149} INFO - [2023-06-22T15:33:14.694+0700] {dagbag.py:541} INFO - Filling up the DagBag from /Users/macbook/Documents/Documents_MacBook_Pro/ISTT/AirflowTutorial/envlibs/lib/python3.10/site-packages/airflow/example_dags/example_branch_day_of_week_operator.py
[2023-06-22T15:33:14.721+0700] {processor.py:836} INFO - DAG(s) dict_keys(['example_weekday_branch_operator']) retrieved from /Users/macbook/Documents/Documents_MacBook_Pro/ISTT/AirflowTutorial/envlibs/lib/python3.10/site-packages/airflow/example_dags/example_branch_day_of_week_operator.py
[2023-06-22T15:33:15.510+0700] {logging_mixin.py:149} INFO - [2023-06-22T15:33:15.509+0700] {dag.py:2726} INFO - Sync 1 DAGs
[2023-06-22T15:33:15.528+0700] {logging_mixin.py:149} INFO - [2023-06-22T15:33:15.528+0700] {dag.py:3486} INFO - Setting next_dagrun for example_weekday_branch_operator to 2023-06-21T00:00:00+00:00, run_after=2023-06-22T00:00:00+00:00
[2023-06-22T15:33:15.550+0700] {processor.py:179} INFO - Processing /Users/macbook/Documents/Documents_MacBook_Pro/ISTT/AirflowTutorial/envlibs/lib/python3.10/site-packages/airflow/example_dags/example_branch_day_of_week_operator.py took 0.859 seconds
[2023-06-22T15:37:24.720+0700] {processor.py:157} INFO - Started process (PID=14221) to work on /Users/macbook/Documents/Documents_MacBook_Pro/ISTT/AirflowTutorial/envlibs/lib/python3.10/site-packages/airflow/example_dags/example_branch_day_of_week_operator.py
[2023-06-22T15:37:24.721+0700] {processor.py:826} INFO - Processing file /Users/macbook/Documents/Documents_MacBook_Pro/ISTT/AirflowTutorial/envlibs/lib/python3.10/site-packages/airflow/example_dags/example_branch_day_of_week_operator.py for tasks to queue
[2023-06-22T15:37:24.721+0700] {logging_mixin.py:149} INFO - [2023-06-22T15:37:24.721+0700] {dagbag.py:541} INFO - Filling up the DagBag from /Users/macbook/Documents/Documents_MacBook_Pro/ISTT/AirflowTutorial/envlibs/lib/python3.10/site-packages/airflow/example_dags/example_branch_day_of_week_operator.py
[2023-06-22T15:37:24.747+0700] {processor.py:836} INFO - DAG(s) dict_keys(['example_weekday_branch_operator']) retrieved from /Users/macbook/Documents/Documents_MacBook_Pro/ISTT/AirflowTutorial/envlibs/lib/python3.10/site-packages/airflow/example_dags/example_branch_day_of_week_operator.py
[2023-06-22T15:37:25.565+0700] {logging_mixin.py:149} INFO - [2023-06-22T15:37:25.565+0700] {dag.py:2726} INFO - Sync 1 DAGs
[2023-06-22T15:37:25.584+0700] {logging_mixin.py:149} INFO - [2023-06-22T15:37:25.584+0700] {dag.py:3486} INFO - Setting next_dagrun for example_weekday_branch_operator to 2023-06-21T00:00:00+00:00, run_after=2023-06-22T00:00:00+00:00
[2023-06-22T15:37:25.604+0700] {processor.py:179} INFO - Processing /Users/macbook/Documents/Documents_MacBook_Pro/ISTT/AirflowTutorial/envlibs/lib/python3.10/site-packages/airflow/example_dags/example_branch_day_of_week_operator.py took 0.885 seconds
[2023-06-22T15:41:46.482+0700] {processor.py:157} INFO - Started process (PID=14362) to work on /Users/macbook/Documents/Documents_MacBook_Pro/ISTT/AirflowTutorial/envlibs/lib/python3.10/site-packages/airflow/example_dags/example_branch_day_of_week_operator.py
[2023-06-22T15:41:46.483+0700] {processor.py:826} INFO - Processing file /Users/macbook/Documents/Documents_MacBook_Pro/ISTT/AirflowTutorial/envlibs/lib/python3.10/site-packages/airflow/example_dags/example_branch_day_of_week_operator.py for tasks to queue
[2023-06-22T15:41:46.484+0700] {logging_mixin.py:149} INFO - [2023-06-22T15:41:46.484+0700] {dagbag.py:541} INFO - Filling up the DagBag from /Users/macbook/Documents/Documents_MacBook_Pro/ISTT/AirflowTutorial/envlibs/lib/python3.10/site-packages/airflow/example_dags/example_branch_day_of_week_operator.py
[2023-06-22T15:41:46.512+0700] {processor.py:836} INFO - DAG(s) dict_keys(['example_weekday_branch_operator']) retrieved from /Users/macbook/Documents/Documents_MacBook_Pro/ISTT/AirflowTutorial/envlibs/lib/python3.10/site-packages/airflow/example_dags/example_branch_day_of_week_operator.py
[2023-06-22T15:41:47.467+0700] {logging_mixin.py:149} INFO - [2023-06-22T15:41:47.467+0700] {dag.py:2726} INFO - Sync 1 DAGs
[2023-06-22T15:41:47.486+0700] {logging_mixin.py:149} INFO - [2023-06-22T15:41:47.486+0700] {dag.py:3486} INFO - Setting next_dagrun for example_weekday_branch_operator to 2023-06-21T00:00:00+00:00, run_after=2023-06-22T00:00:00+00:00
[2023-06-22T15:41:47.508+0700] {processor.py:179} INFO - Processing /Users/macbook/Documents/Documents_MacBook_Pro/ISTT/AirflowTutorial/envlibs/lib/python3.10/site-packages/airflow/example_dags/example_branch_day_of_week_operator.py took 1.026 seconds
[2023-06-22T15:46:09.482+0700] {processor.py:157} INFO - Started process (PID=14500) to work on /Users/macbook/Documents/Documents_MacBook_Pro/ISTT/AirflowTutorial/envlibs/lib/python3.10/site-packages/airflow/example_dags/example_branch_day_of_week_operator.py
[2023-06-22T15:46:09.483+0700] {processor.py:826} INFO - Processing file /Users/macbook/Documents/Documents_MacBook_Pro/ISTT/AirflowTutorial/envlibs/lib/python3.10/site-packages/airflow/example_dags/example_branch_day_of_week_operator.py for tasks to queue
[2023-06-22T15:46:09.484+0700] {logging_mixin.py:149} INFO - [2023-06-22T15:46:09.483+0700] {dagbag.py:541} INFO - Filling up the DagBag from /Users/macbook/Documents/Documents_MacBook_Pro/ISTT/AirflowTutorial/envlibs/lib/python3.10/site-packages/airflow/example_dags/example_branch_day_of_week_operator.py
[2023-06-22T15:46:09.509+0700] {processor.py:836} INFO - DAG(s) dict_keys(['example_weekday_branch_operator']) retrieved from /Users/macbook/Documents/Documents_MacBook_Pro/ISTT/AirflowTutorial/envlibs/lib/python3.10/site-packages/airflow/example_dags/example_branch_day_of_week_operator.py
[2023-06-22T15:46:10.247+0700] {logging_mixin.py:149} INFO - [2023-06-22T15:46:10.247+0700] {dag.py:2726} INFO - Sync 1 DAGs
[2023-06-22T15:46:10.265+0700] {logging_mixin.py:149} INFO - [2023-06-22T15:46:10.265+0700] {dag.py:3486} INFO - Setting next_dagrun for example_weekday_branch_operator to 2023-06-21T00:00:00+00:00, run_after=2023-06-22T00:00:00+00:00
[2023-06-22T15:46:10.283+0700] {processor.py:179} INFO - Processing /Users/macbook/Documents/Documents_MacBook_Pro/ISTT/AirflowTutorial/envlibs/lib/python3.10/site-packages/airflow/example_dags/example_branch_day_of_week_operator.py took 0.802 seconds
[2023-06-22T15:50:36.849+0700] {processor.py:157} INFO - Started process (PID=14667) to work on /Users/macbook/Documents/Documents_MacBook_Pro/ISTT/AirflowTutorial/envlibs/lib/python3.10/site-packages/airflow/example_dags/example_branch_day_of_week_operator.py
[2023-06-22T15:50:36.851+0700] {processor.py:826} INFO - Processing file /Users/macbook/Documents/Documents_MacBook_Pro/ISTT/AirflowTutorial/envlibs/lib/python3.10/site-packages/airflow/example_dags/example_branch_day_of_week_operator.py for tasks to queue
[2023-06-22T15:50:36.851+0700] {logging_mixin.py:149} INFO - [2023-06-22T15:50:36.851+0700] {dagbag.py:541} INFO - Filling up the DagBag from /Users/macbook/Documents/Documents_MacBook_Pro/ISTT/AirflowTutorial/envlibs/lib/python3.10/site-packages/airflow/example_dags/example_branch_day_of_week_operator.py
[2023-06-22T15:50:36.888+0700] {processor.py:836} INFO - DAG(s) dict_keys(['example_weekday_branch_operator']) retrieved from /Users/macbook/Documents/Documents_MacBook_Pro/ISTT/AirflowTutorial/envlibs/lib/python3.10/site-packages/airflow/example_dags/example_branch_day_of_week_operator.py
[2023-06-22T15:50:37.863+0700] {logging_mixin.py:149} INFO - [2023-06-22T15:50:37.862+0700] {dag.py:2726} INFO - Sync 1 DAGs
[2023-06-22T15:50:37.886+0700] {logging_mixin.py:149} INFO - [2023-06-22T15:50:37.886+0700] {dag.py:3486} INFO - Setting next_dagrun for example_weekday_branch_operator to 2023-06-21T00:00:00+00:00, run_after=2023-06-22T00:00:00+00:00
[2023-06-22T15:50:37.910+0700] {processor.py:179} INFO - Processing /Users/macbook/Documents/Documents_MacBook_Pro/ISTT/AirflowTutorial/envlibs/lib/python3.10/site-packages/airflow/example_dags/example_branch_day_of_week_operator.py took 1.061 seconds
[2023-06-22T15:55:11.078+0700] {processor.py:157} INFO - Started process (PID=14844) to work on /Users/macbook/Documents/Documents_MacBook_Pro/ISTT/AirflowTutorial/envlibs/lib/python3.10/site-packages/airflow/example_dags/example_branch_day_of_week_operator.py
[2023-06-22T15:55:11.080+0700] {processor.py:826} INFO - Processing file /Users/macbook/Documents/Documents_MacBook_Pro/ISTT/AirflowTutorial/envlibs/lib/python3.10/site-packages/airflow/example_dags/example_branch_day_of_week_operator.py for tasks to queue
[2023-06-22T15:55:11.080+0700] {logging_mixin.py:149} INFO - [2023-06-22T15:55:11.080+0700] {dagbag.py:541} INFO - Filling up the DagBag from /Users/macbook/Documents/Documents_MacBook_Pro/ISTT/AirflowTutorial/envlibs/lib/python3.10/site-packages/airflow/example_dags/example_branch_day_of_week_operator.py
[2023-06-22T15:55:11.106+0700] {processor.py:836} INFO - DAG(s) dict_keys(['example_weekday_branch_operator']) retrieved from /Users/macbook/Documents/Documents_MacBook_Pro/ISTT/AirflowTutorial/envlibs/lib/python3.10/site-packages/airflow/example_dags/example_branch_day_of_week_operator.py
[2023-06-22T15:55:12.061+0700] {logging_mixin.py:149} INFO - [2023-06-22T15:55:12.061+0700] {dag.py:2726} INFO - Sync 1 DAGs
[2023-06-22T15:55:12.087+0700] {logging_mixin.py:149} INFO - [2023-06-22T15:55:12.087+0700] {dag.py:3486} INFO - Setting next_dagrun for example_weekday_branch_operator to 2023-06-21T00:00:00+00:00, run_after=2023-06-22T00:00:00+00:00
[2023-06-22T15:55:12.113+0700] {processor.py:179} INFO - Processing /Users/macbook/Documents/Documents_MacBook_Pro/ISTT/AirflowTutorial/envlibs/lib/python3.10/site-packages/airflow/example_dags/example_branch_day_of_week_operator.py took 1.035 seconds
[2023-06-22T15:59:43.778+0700] {processor.py:157} INFO - Started process (PID=14974) to work on /Users/macbook/Documents/Documents_MacBook_Pro/ISTT/AirflowTutorial/envlibs/lib/python3.10/site-packages/airflow/example_dags/example_branch_day_of_week_operator.py
[2023-06-22T15:59:43.779+0700] {processor.py:826} INFO - Processing file /Users/macbook/Documents/Documents_MacBook_Pro/ISTT/AirflowTutorial/envlibs/lib/python3.10/site-packages/airflow/example_dags/example_branch_day_of_week_operator.py for tasks to queue
[2023-06-22T15:59:43.780+0700] {logging_mixin.py:149} INFO - [2023-06-22T15:59:43.780+0700] {dagbag.py:541} INFO - Filling up the DagBag from /Users/macbook/Documents/Documents_MacBook_Pro/ISTT/AirflowTutorial/envlibs/lib/python3.10/site-packages/airflow/example_dags/example_branch_day_of_week_operator.py
[2023-06-22T15:59:43.806+0700] {processor.py:836} INFO - DAG(s) dict_keys(['example_weekday_branch_operator']) retrieved from /Users/macbook/Documents/Documents_MacBook_Pro/ISTT/AirflowTutorial/envlibs/lib/python3.10/site-packages/airflow/example_dags/example_branch_day_of_week_operator.py
[2023-06-22T15:59:44.653+0700] {logging_mixin.py:149} INFO - [2023-06-22T15:59:44.652+0700] {dag.py:2726} INFO - Sync 1 DAGs
[2023-06-22T15:59:44.673+0700] {logging_mixin.py:149} INFO - [2023-06-22T15:59:44.673+0700] {dag.py:3486} INFO - Setting next_dagrun for example_weekday_branch_operator to 2023-06-21T00:00:00+00:00, run_after=2023-06-22T00:00:00+00:00
[2023-06-22T15:59:44.692+0700] {processor.py:179} INFO - Processing /Users/macbook/Documents/Documents_MacBook_Pro/ISTT/AirflowTutorial/envlibs/lib/python3.10/site-packages/airflow/example_dags/example_branch_day_of_week_operator.py took 0.915 seconds
[2023-06-22T16:04:11.777+0700] {processor.py:157} INFO - Started process (PID=15095) to work on /Users/macbook/Documents/Documents_MacBook_Pro/ISTT/AirflowTutorial/envlibs/lib/python3.10/site-packages/airflow/example_dags/example_branch_day_of_week_operator.py
[2023-06-22T16:04:11.778+0700] {processor.py:826} INFO - Processing file /Users/macbook/Documents/Documents_MacBook_Pro/ISTT/AirflowTutorial/envlibs/lib/python3.10/site-packages/airflow/example_dags/example_branch_day_of_week_operator.py for tasks to queue
[2023-06-22T16:04:11.779+0700] {logging_mixin.py:149} INFO - [2023-06-22T16:04:11.778+0700] {dagbag.py:541} INFO - Filling up the DagBag from /Users/macbook/Documents/Documents_MacBook_Pro/ISTT/AirflowTutorial/envlibs/lib/python3.10/site-packages/airflow/example_dags/example_branch_day_of_week_operator.py
[2023-06-22T16:04:11.802+0700] {processor.py:836} INFO - DAG(s) dict_keys(['example_weekday_branch_operator']) retrieved from /Users/macbook/Documents/Documents_MacBook_Pro/ISTT/AirflowTutorial/envlibs/lib/python3.10/site-packages/airflow/example_dags/example_branch_day_of_week_operator.py
[2023-06-22T16:04:12.563+0700] {logging_mixin.py:149} INFO - [2023-06-22T16:04:12.562+0700] {dag.py:2726} INFO - Sync 1 DAGs
[2023-06-22T16:04:12.581+0700] {logging_mixin.py:149} INFO - [2023-06-22T16:04:12.581+0700] {dag.py:3486} INFO - Setting next_dagrun for example_weekday_branch_operator to 2023-06-21T00:00:00+00:00, run_after=2023-06-22T00:00:00+00:00
[2023-06-22T16:04:12.599+0700] {processor.py:179} INFO - Processing /Users/macbook/Documents/Documents_MacBook_Pro/ISTT/AirflowTutorial/envlibs/lib/python3.10/site-packages/airflow/example_dags/example_branch_day_of_week_operator.py took 0.823 seconds
[2023-06-22T16:08:28.919+0700] {processor.py:157} INFO - Started process (PID=15215) to work on /Users/macbook/Documents/Documents_MacBook_Pro/ISTT/AirflowTutorial/envlibs/lib/python3.10/site-packages/airflow/example_dags/example_branch_day_of_week_operator.py
[2023-06-22T16:08:28.921+0700] {processor.py:826} INFO - Processing file /Users/macbook/Documents/Documents_MacBook_Pro/ISTT/AirflowTutorial/envlibs/lib/python3.10/site-packages/airflow/example_dags/example_branch_day_of_week_operator.py for tasks to queue
[2023-06-22T16:08:28.921+0700] {logging_mixin.py:149} INFO - [2023-06-22T16:08:28.921+0700] {dagbag.py:541} INFO - Filling up the DagBag from /Users/macbook/Documents/Documents_MacBook_Pro/ISTT/AirflowTutorial/envlibs/lib/python3.10/site-packages/airflow/example_dags/example_branch_day_of_week_operator.py
[2023-06-22T16:08:28.948+0700] {processor.py:836} INFO - DAG(s) dict_keys(['example_weekday_branch_operator']) retrieved from /Users/macbook/Documents/Documents_MacBook_Pro/ISTT/AirflowTutorial/envlibs/lib/python3.10/site-packages/airflow/example_dags/example_branch_day_of_week_operator.py
[2023-06-22T16:08:29.858+0700] {logging_mixin.py:149} INFO - [2023-06-22T16:08:29.858+0700] {dag.py:2726} INFO - Sync 1 DAGs
[2023-06-22T16:08:29.883+0700] {logging_mixin.py:149} INFO - [2023-06-22T16:08:29.883+0700] {dag.py:3486} INFO - Setting next_dagrun for example_weekday_branch_operator to 2023-06-21T00:00:00+00:00, run_after=2023-06-22T00:00:00+00:00
[2023-06-22T16:08:29.902+0700] {processor.py:179} INFO - Processing /Users/macbook/Documents/Documents_MacBook_Pro/ISTT/AirflowTutorial/envlibs/lib/python3.10/site-packages/airflow/example_dags/example_branch_day_of_week_operator.py took 0.984 seconds
[2023-06-22T16:12:25.915+0700] {processor.py:157} INFO - Started process (PID=15328) to work on /Users/macbook/Documents/Documents_MacBook_Pro/ISTT/AirflowTutorial/envlibs/lib/python3.10/site-packages/airflow/example_dags/example_branch_day_of_week_operator.py
[2023-06-22T16:12:25.917+0700] {processor.py:826} INFO - Processing file /Users/macbook/Documents/Documents_MacBook_Pro/ISTT/AirflowTutorial/envlibs/lib/python3.10/site-packages/airflow/example_dags/example_branch_day_of_week_operator.py for tasks to queue
[2023-06-22T16:12:25.917+0700] {logging_mixin.py:149} INFO - [2023-06-22T16:12:25.917+0700] {dagbag.py:541} INFO - Filling up the DagBag from /Users/macbook/Documents/Documents_MacBook_Pro/ISTT/AirflowTutorial/envlibs/lib/python3.10/site-packages/airflow/example_dags/example_branch_day_of_week_operator.py
[2023-06-22T16:12:25.938+0700] {processor.py:836} INFO - DAG(s) dict_keys(['example_weekday_branch_operator']) retrieved from /Users/macbook/Documents/Documents_MacBook_Pro/ISTT/AirflowTutorial/envlibs/lib/python3.10/site-packages/airflow/example_dags/example_branch_day_of_week_operator.py
[2023-06-22T16:12:26.661+0700] {logging_mixin.py:149} INFO - [2023-06-22T16:12:26.661+0700] {dag.py:2726} INFO - Sync 1 DAGs
[2023-06-22T16:12:26.681+0700] {logging_mixin.py:149} INFO - [2023-06-22T16:12:26.680+0700] {dag.py:3486} INFO - Setting next_dagrun for example_weekday_branch_operator to 2023-06-21T00:00:00+00:00, run_after=2023-06-22T00:00:00+00:00
[2023-06-22T16:12:26.698+0700] {processor.py:179} INFO - Processing /Users/macbook/Documents/Documents_MacBook_Pro/ISTT/AirflowTutorial/envlibs/lib/python3.10/site-packages/airflow/example_dags/example_branch_day_of_week_operator.py took 0.784 seconds
[2023-06-22T16:16:30.799+0700] {processor.py:157} INFO - Started process (PID=15436) to work on /Users/macbook/Documents/Documents_MacBook_Pro/ISTT/AirflowTutorial/envlibs/lib/python3.10/site-packages/airflow/example_dags/example_branch_day_of_week_operator.py
[2023-06-22T16:16:30.802+0700] {processor.py:826} INFO - Processing file /Users/macbook/Documents/Documents_MacBook_Pro/ISTT/AirflowTutorial/envlibs/lib/python3.10/site-packages/airflow/example_dags/example_branch_day_of_week_operator.py for tasks to queue
[2023-06-22T16:16:30.802+0700] {logging_mixin.py:149} INFO - [2023-06-22T16:16:30.802+0700] {dagbag.py:541} INFO - Filling up the DagBag from /Users/macbook/Documents/Documents_MacBook_Pro/ISTT/AirflowTutorial/envlibs/lib/python3.10/site-packages/airflow/example_dags/example_branch_day_of_week_operator.py
[2023-06-22T16:16:30.837+0700] {processor.py:836} INFO - DAG(s) dict_keys(['example_weekday_branch_operator']) retrieved from /Users/macbook/Documents/Documents_MacBook_Pro/ISTT/AirflowTutorial/envlibs/lib/python3.10/site-packages/airflow/example_dags/example_branch_day_of_week_operator.py
[2023-06-22T16:16:31.702+0700] {logging_mixin.py:149} INFO - [2023-06-22T16:16:31.701+0700] {dag.py:2726} INFO - Sync 1 DAGs
[2023-06-22T16:16:31.721+0700] {logging_mixin.py:149} INFO - [2023-06-22T16:16:31.721+0700] {dag.py:3486} INFO - Setting next_dagrun for example_weekday_branch_operator to 2023-06-21T00:00:00+00:00, run_after=2023-06-22T00:00:00+00:00
[2023-06-22T16:16:31.742+0700] {processor.py:179} INFO - Processing /Users/macbook/Documents/Documents_MacBook_Pro/ISTT/AirflowTutorial/envlibs/lib/python3.10/site-packages/airflow/example_dags/example_branch_day_of_week_operator.py took 0.944 seconds
[2023-06-22T16:21:02.005+0700] {processor.py:157} INFO - Started process (PID=15596) to work on /Users/macbook/Documents/Documents_MacBook_Pro/ISTT/AirflowTutorial/envlibs/lib/python3.10/site-packages/airflow/example_dags/example_branch_day_of_week_operator.py
[2023-06-22T16:21:02.007+0700] {processor.py:826} INFO - Processing file /Users/macbook/Documents/Documents_MacBook_Pro/ISTT/AirflowTutorial/envlibs/lib/python3.10/site-packages/airflow/example_dags/example_branch_day_of_week_operator.py for tasks to queue
[2023-06-22T16:21:02.007+0700] {logging_mixin.py:149} INFO - [2023-06-22T16:21:02.007+0700] {dagbag.py:541} INFO - Filling up the DagBag from /Users/macbook/Documents/Documents_MacBook_Pro/ISTT/AirflowTutorial/envlibs/lib/python3.10/site-packages/airflow/example_dags/example_branch_day_of_week_operator.py
[2023-06-22T16:21:02.033+0700] {processor.py:836} INFO - DAG(s) dict_keys(['example_weekday_branch_operator']) retrieved from /Users/macbook/Documents/Documents_MacBook_Pro/ISTT/AirflowTutorial/envlibs/lib/python3.10/site-packages/airflow/example_dags/example_branch_day_of_week_operator.py
[2023-06-22T16:21:02.846+0700] {logging_mixin.py:149} INFO - [2023-06-22T16:21:02.846+0700] {dag.py:2726} INFO - Sync 1 DAGs
[2023-06-22T16:21:02.863+0700] {logging_mixin.py:149} INFO - [2023-06-22T16:21:02.863+0700] {dag.py:3486} INFO - Setting next_dagrun for example_weekday_branch_operator to 2023-06-21T00:00:00+00:00, run_after=2023-06-22T00:00:00+00:00
[2023-06-22T16:21:02.887+0700] {processor.py:179} INFO - Processing /Users/macbook/Documents/Documents_MacBook_Pro/ISTT/AirflowTutorial/envlibs/lib/python3.10/site-packages/airflow/example_dags/example_branch_day_of_week_operator.py took 0.882 seconds
[2023-06-22T16:24:54.589+0700] {processor.py:157} INFO - Started process (PID=15703) to work on /Users/macbook/Documents/Documents_MacBook_Pro/ISTT/AirflowTutorial/envlibs/lib/python3.10/site-packages/airflow/example_dags/example_branch_day_of_week_operator.py
[2023-06-22T16:24:54.590+0700] {processor.py:826} INFO - Processing file /Users/macbook/Documents/Documents_MacBook_Pro/ISTT/AirflowTutorial/envlibs/lib/python3.10/site-packages/airflow/example_dags/example_branch_day_of_week_operator.py for tasks to queue
[2023-06-22T16:24:54.591+0700] {logging_mixin.py:149} INFO - [2023-06-22T16:24:54.590+0700] {dagbag.py:541} INFO - Filling up the DagBag from /Users/macbook/Documents/Documents_MacBook_Pro/ISTT/AirflowTutorial/envlibs/lib/python3.10/site-packages/airflow/example_dags/example_branch_day_of_week_operator.py
[2023-06-22T16:24:54.612+0700] {processor.py:836} INFO - DAG(s) dict_keys(['example_weekday_branch_operator']) retrieved from /Users/macbook/Documents/Documents_MacBook_Pro/ISTT/AirflowTutorial/envlibs/lib/python3.10/site-packages/airflow/example_dags/example_branch_day_of_week_operator.py
[2023-06-22T16:24:55.308+0700] {logging_mixin.py:149} INFO - [2023-06-22T16:24:55.308+0700] {dag.py:2726} INFO - Sync 1 DAGs
[2023-06-22T16:24:55.336+0700] {logging_mixin.py:149} INFO - [2023-06-22T16:24:55.335+0700] {dag.py:3486} INFO - Setting next_dagrun for example_weekday_branch_operator to 2023-06-21T00:00:00+00:00, run_after=2023-06-22T00:00:00+00:00
[2023-06-22T16:24:55.354+0700] {processor.py:179} INFO - Processing /Users/macbook/Documents/Documents_MacBook_Pro/ISTT/AirflowTutorial/envlibs/lib/python3.10/site-packages/airflow/example_dags/example_branch_day_of_week_operator.py took 0.766 seconds
