[2023-06-22T14:27:16.060+0700] {processor.py:157} INFO - Started process (PID=11864) to work on /Users/macbook/Documents/Documents_MacBook_Pro/ISTT/AirflowTutorial/envlibs/lib/python3.10/site-packages/airflow/example_dags/example_xcom.py
[2023-06-22T14:27:16.061+0700] {processor.py:826} INFO - Processing file /Users/macbook/Documents/Documents_MacBook_Pro/ISTT/AirflowTutorial/envlibs/lib/python3.10/site-packages/airflow/example_dags/example_xcom.py for tasks to queue
[2023-06-22T14:27:16.061+0700] {logging_mixin.py:149} INFO - [2023-06-22T14:27:16.061+0700] {dagbag.py:541} INFO - Filling up the DagBag from /Users/macbook/Documents/Documents_MacBook_Pro/ISTT/AirflowTutorial/envlibs/lib/python3.10/site-packages/airflow/example_dags/example_xcom.py
[2023-06-22T14:27:16.129+0700] {processor.py:836} INFO - DAG(s) dict_keys(['example_xcom']) retrieved from /Users/macbook/Documents/Documents_MacBook_Pro/ISTT/AirflowTutorial/envlibs/lib/python3.10/site-packages/airflow/example_dags/example_xcom.py
[2023-06-22T14:27:17.405+0700] {logging_mixin.py:149} INFO - [2023-06-22T14:27:17.404+0700] {dag.py:2726} INFO - Sync 1 DAGs
[2023-06-22T14:27:17.433+0700] {logging_mixin.py:149} INFO - [2023-06-22T14:27:17.433+0700] {dag.py:3486} INFO - Setting next_dagrun for example_xcom to 2021-01-01T00:00:00+00:00, run_after=2021-01-01T00:00:00+00:00
[2023-06-22T14:27:17.457+0700] {processor.py:179} INFO - Processing /Users/macbook/Documents/Documents_MacBook_Pro/ISTT/AirflowTutorial/envlibs/lib/python3.10/site-packages/airflow/example_dags/example_xcom.py took 1.398 seconds
[2023-06-22T14:29:44.776+0700] {processor.py:157} INFO - Started process (PID=11933) to work on /Users/macbook/Documents/Documents_MacBook_Pro/ISTT/AirflowTutorial/envlibs/lib/python3.10/site-packages/airflow/example_dags/example_xcom.py
[2023-06-22T14:29:44.777+0700] {processor.py:826} INFO - Processing file /Users/macbook/Documents/Documents_MacBook_Pro/ISTT/AirflowTutorial/envlibs/lib/python3.10/site-packages/airflow/example_dags/example_xcom.py for tasks to queue
[2023-06-22T14:29:44.778+0700] {logging_mixin.py:149} INFO - [2023-06-22T14:29:44.778+0700] {dagbag.py:541} INFO - Filling up the DagBag from /Users/macbook/Documents/Documents_MacBook_Pro/ISTT/AirflowTutorial/envlibs/lib/python3.10/site-packages/airflow/example_dags/example_xcom.py
[2023-06-22T14:29:44.836+0700] {processor.py:836} INFO - DAG(s) dict_keys(['example_xcom']) retrieved from /Users/macbook/Documents/Documents_MacBook_Pro/ISTT/AirflowTutorial/envlibs/lib/python3.10/site-packages/airflow/example_dags/example_xcom.py
[2023-06-22T14:29:45.624+0700] {logging_mixin.py:149} INFO - [2023-06-22T14:29:45.624+0700] {dag.py:2726} INFO - Sync 1 DAGs
[2023-06-22T14:29:45.641+0700] {logging_mixin.py:149} INFO - [2023-06-22T14:29:45.640+0700] {dag.py:3486} INFO - Setting next_dagrun for example_xcom to 2021-01-01T00:00:00+00:00, run_after=2021-01-01T00:00:00+00:00
[2023-06-22T14:29:45.660+0700] {processor.py:179} INFO - Processing /Users/macbook/Documents/Documents_MacBook_Pro/ISTT/AirflowTutorial/envlibs/lib/python3.10/site-packages/airflow/example_dags/example_xcom.py took 0.885 seconds
[2023-06-22T14:31:54.763+0700] {processor.py:157} INFO - Started process (PID=12026) to work on /Users/macbook/Documents/Documents_MacBook_Pro/ISTT/AirflowTutorial/envlibs/lib/python3.10/site-packages/airflow/example_dags/example_xcom.py
[2023-06-22T14:31:54.764+0700] {processor.py:826} INFO - Processing file /Users/macbook/Documents/Documents_MacBook_Pro/ISTT/AirflowTutorial/envlibs/lib/python3.10/site-packages/airflow/example_dags/example_xcom.py for tasks to queue
[2023-06-22T14:31:54.764+0700] {logging_mixin.py:149} INFO - [2023-06-22T14:31:54.764+0700] {dagbag.py:541} INFO - Filling up the DagBag from /Users/macbook/Documents/Documents_MacBook_Pro/ISTT/AirflowTutorial/envlibs/lib/python3.10/site-packages/airflow/example_dags/example_xcom.py
[2023-06-22T14:31:54.825+0700] {processor.py:836} INFO - DAG(s) dict_keys(['example_xcom']) retrieved from /Users/macbook/Documents/Documents_MacBook_Pro/ISTT/AirflowTutorial/envlibs/lib/python3.10/site-packages/airflow/example_dags/example_xcom.py
[2023-06-22T14:31:55.991+0700] {logging_mixin.py:149} INFO - [2023-06-22T14:31:55.991+0700] {dag.py:2726} INFO - Sync 1 DAGs
[2023-06-22T14:31:56.010+0700] {logging_mixin.py:149} INFO - [2023-06-22T14:31:56.009+0700] {dag.py:3486} INFO - Setting next_dagrun for example_xcom to 2021-01-01T00:00:00+00:00, run_after=2021-01-01T00:00:00+00:00
[2023-06-22T14:31:56.031+0700] {processor.py:179} INFO - Processing /Users/macbook/Documents/Documents_MacBook_Pro/ISTT/AirflowTutorial/envlibs/lib/python3.10/site-packages/airflow/example_dags/example_xcom.py took 1.269 seconds
[2023-06-22T14:34:21.996+0700] {processor.py:157} INFO - Started process (PID=12150) to work on /Users/macbook/Documents/Documents_MacBook_Pro/ISTT/AirflowTutorial/envlibs/lib/python3.10/site-packages/airflow/example_dags/example_xcom.py
[2023-06-22T14:34:21.997+0700] {processor.py:826} INFO - Processing file /Users/macbook/Documents/Documents_MacBook_Pro/ISTT/AirflowTutorial/envlibs/lib/python3.10/site-packages/airflow/example_dags/example_xcom.py for tasks to queue
[2023-06-22T14:34:21.998+0700] {logging_mixin.py:149} INFO - [2023-06-22T14:34:21.998+0700] {dagbag.py:541} INFO - Filling up the DagBag from /Users/macbook/Documents/Documents_MacBook_Pro/ISTT/AirflowTutorial/envlibs/lib/python3.10/site-packages/airflow/example_dags/example_xcom.py
[2023-06-22T14:34:22.090+0700] {processor.py:836} INFO - DAG(s) dict_keys(['example_xcom']) retrieved from /Users/macbook/Documents/Documents_MacBook_Pro/ISTT/AirflowTutorial/envlibs/lib/python3.10/site-packages/airflow/example_dags/example_xcom.py
[2023-06-22T14:34:22.963+0700] {logging_mixin.py:149} INFO - [2023-06-22T14:34:22.963+0700] {dag.py:2726} INFO - Sync 1 DAGs
[2023-06-22T14:34:22.983+0700] {logging_mixin.py:149} INFO - [2023-06-22T14:34:22.983+0700] {dag.py:3486} INFO - Setting next_dagrun for example_xcom to 2021-01-01T00:00:00+00:00, run_after=2021-01-01T00:00:00+00:00
[2023-06-22T14:34:23.006+0700] {processor.py:179} INFO - Processing /Users/macbook/Documents/Documents_MacBook_Pro/ISTT/AirflowTutorial/envlibs/lib/python3.10/site-packages/airflow/example_dags/example_xcom.py took 1.011 seconds
[2023-06-22T14:37:02.583+0700] {processor.py:157} INFO - Started process (PID=12296) to work on /Users/macbook/Documents/Documents_MacBook_Pro/ISTT/AirflowTutorial/envlibs/lib/python3.10/site-packages/airflow/example_dags/example_xcom.py
[2023-06-22T14:37:02.585+0700] {processor.py:826} INFO - Processing file /Users/macbook/Documents/Documents_MacBook_Pro/ISTT/AirflowTutorial/envlibs/lib/python3.10/site-packages/airflow/example_dags/example_xcom.py for tasks to queue
[2023-06-22T14:37:02.586+0700] {logging_mixin.py:149} INFO - [2023-06-22T14:37:02.585+0700] {dagbag.py:541} INFO - Filling up the DagBag from /Users/macbook/Documents/Documents_MacBook_Pro/ISTT/AirflowTutorial/envlibs/lib/python3.10/site-packages/airflow/example_dags/example_xcom.py
[2023-06-22T14:37:02.657+0700] {processor.py:836} INFO - DAG(s) dict_keys(['example_xcom']) retrieved from /Users/macbook/Documents/Documents_MacBook_Pro/ISTT/AirflowTutorial/envlibs/lib/python3.10/site-packages/airflow/example_dags/example_xcom.py
[2023-06-22T14:37:03.769+0700] {logging_mixin.py:149} INFO - [2023-06-22T14:37:03.769+0700] {dag.py:2726} INFO - Sync 1 DAGs
[2023-06-22T14:37:03.799+0700] {logging_mixin.py:149} INFO - [2023-06-22T14:37:03.799+0700] {dag.py:3486} INFO - Setting next_dagrun for example_xcom to 2021-01-01T00:00:00+00:00, run_after=2021-01-01T00:00:00+00:00
[2023-06-22T14:37:03.822+0700] {processor.py:179} INFO - Processing /Users/macbook/Documents/Documents_MacBook_Pro/ISTT/AirflowTutorial/envlibs/lib/python3.10/site-packages/airflow/example_dags/example_xcom.py took 1.240 seconds
[2023-06-22T14:39:40.462+0700] {processor.py:157} INFO - Started process (PID=12417) to work on /Users/macbook/Documents/Documents_MacBook_Pro/ISTT/AirflowTutorial/envlibs/lib/python3.10/site-packages/airflow/example_dags/example_xcom.py
[2023-06-22T14:39:40.463+0700] {processor.py:826} INFO - Processing file /Users/macbook/Documents/Documents_MacBook_Pro/ISTT/AirflowTutorial/envlibs/lib/python3.10/site-packages/airflow/example_dags/example_xcom.py for tasks to queue
[2023-06-22T14:39:40.463+0700] {logging_mixin.py:149} INFO - [2023-06-22T14:39:40.463+0700] {dagbag.py:541} INFO - Filling up the DagBag from /Users/macbook/Documents/Documents_MacBook_Pro/ISTT/AirflowTutorial/envlibs/lib/python3.10/site-packages/airflow/example_dags/example_xcom.py
[2023-06-22T14:39:40.525+0700] {processor.py:836} INFO - DAG(s) dict_keys(['example_xcom']) retrieved from /Users/macbook/Documents/Documents_MacBook_Pro/ISTT/AirflowTutorial/envlibs/lib/python3.10/site-packages/airflow/example_dags/example_xcom.py
[2023-06-22T14:39:41.462+0700] {logging_mixin.py:149} INFO - [2023-06-22T14:39:41.462+0700] {dag.py:2726} INFO - Sync 1 DAGs
[2023-06-22T14:39:41.472+0700] {logging_mixin.py:149} INFO - [2023-06-22T14:39:41.472+0700] {dag.py:2747} INFO - Creating ORM DAG for example_xcom
[2023-06-22T14:39:41.482+0700] {logging_mixin.py:149} INFO - [2023-06-22T14:39:41.482+0700] {dag.py:3486} INFO - Setting next_dagrun for example_xcom to 2021-01-01T00:00:00+00:00, run_after=2021-01-01T00:00:00+00:00
[2023-06-22T14:39:41.506+0700] {processor.py:179} INFO - Processing /Users/macbook/Documents/Documents_MacBook_Pro/ISTT/AirflowTutorial/envlibs/lib/python3.10/site-packages/airflow/example_dags/example_xcom.py took 1.045 seconds
[2023-06-22T14:41:53.860+0700] {processor.py:157} INFO - Started process (PID=12516) to work on /Users/macbook/Documents/Documents_MacBook_Pro/ISTT/AirflowTutorial/envlibs/lib/python3.10/site-packages/airflow/example_dags/example_xcom.py
[2023-06-22T14:41:53.861+0700] {processor.py:826} INFO - Processing file /Users/macbook/Documents/Documents_MacBook_Pro/ISTT/AirflowTutorial/envlibs/lib/python3.10/site-packages/airflow/example_dags/example_xcom.py for tasks to queue
[2023-06-22T14:41:53.862+0700] {logging_mixin.py:149} INFO - [2023-06-22T14:41:53.862+0700] {dagbag.py:541} INFO - Filling up the DagBag from /Users/macbook/Documents/Documents_MacBook_Pro/ISTT/AirflowTutorial/envlibs/lib/python3.10/site-packages/airflow/example_dags/example_xcom.py
[2023-06-22T14:41:53.918+0700] {processor.py:836} INFO - DAG(s) dict_keys(['example_xcom']) retrieved from /Users/macbook/Documents/Documents_MacBook_Pro/ISTT/AirflowTutorial/envlibs/lib/python3.10/site-packages/airflow/example_dags/example_xcom.py
[2023-06-22T14:41:54.759+0700] {logging_mixin.py:149} INFO - [2023-06-22T14:41:54.759+0700] {dag.py:2726} INFO - Sync 1 DAGs
[2023-06-22T14:41:54.775+0700] {logging_mixin.py:149} INFO - [2023-06-22T14:41:54.774+0700] {dag.py:3486} INFO - Setting next_dagrun for example_xcom to 2021-01-01T00:00:00+00:00, run_after=2021-01-01T00:00:00+00:00
[2023-06-22T14:41:54.796+0700] {processor.py:179} INFO - Processing /Users/macbook/Documents/Documents_MacBook_Pro/ISTT/AirflowTutorial/envlibs/lib/python3.10/site-packages/airflow/example_dags/example_xcom.py took 0.936 seconds
[2023-06-22T14:44:02.446+0700] {processor.py:157} INFO - Started process (PID=12571) to work on /Users/macbook/Documents/Documents_MacBook_Pro/ISTT/AirflowTutorial/envlibs/lib/python3.10/site-packages/airflow/example_dags/example_xcom.py
[2023-06-22T14:44:02.447+0700] {processor.py:826} INFO - Processing file /Users/macbook/Documents/Documents_MacBook_Pro/ISTT/AirflowTutorial/envlibs/lib/python3.10/site-packages/airflow/example_dags/example_xcom.py for tasks to queue
[2023-06-22T14:44:02.448+0700] {logging_mixin.py:149} INFO - [2023-06-22T14:44:02.448+0700] {dagbag.py:541} INFO - Filling up the DagBag from /Users/macbook/Documents/Documents_MacBook_Pro/ISTT/AirflowTutorial/envlibs/lib/python3.10/site-packages/airflow/example_dags/example_xcom.py
[2023-06-22T14:44:02.499+0700] {processor.py:836} INFO - DAG(s) dict_keys(['example_xcom']) retrieved from /Users/macbook/Documents/Documents_MacBook_Pro/ISTT/AirflowTutorial/envlibs/lib/python3.10/site-packages/airflow/example_dags/example_xcom.py
[2023-06-22T14:44:03.232+0700] {logging_mixin.py:149} INFO - [2023-06-22T14:44:03.232+0700] {dag.py:2726} INFO - Sync 1 DAGs
[2023-06-22T14:44:03.247+0700] {logging_mixin.py:149} INFO - [2023-06-22T14:44:03.247+0700] {dag.py:3486} INFO - Setting next_dagrun for example_xcom to 2021-01-01T00:00:00+00:00, run_after=2021-01-01T00:00:00+00:00
[2023-06-22T14:44:03.272+0700] {processor.py:179} INFO - Processing /Users/macbook/Documents/Documents_MacBook_Pro/ISTT/AirflowTutorial/envlibs/lib/python3.10/site-packages/airflow/example_dags/example_xcom.py took 0.827 seconds
[2023-06-22T14:46:06.591+0700] {processor.py:157} INFO - Started process (PID=12622) to work on /Users/macbook/Documents/Documents_MacBook_Pro/ISTT/AirflowTutorial/envlibs/lib/python3.10/site-packages/airflow/example_dags/example_xcom.py
[2023-06-22T14:46:06.593+0700] {processor.py:826} INFO - Processing file /Users/macbook/Documents/Documents_MacBook_Pro/ISTT/AirflowTutorial/envlibs/lib/python3.10/site-packages/airflow/example_dags/example_xcom.py for tasks to queue
[2023-06-22T14:46:06.594+0700] {logging_mixin.py:149} INFO - [2023-06-22T14:46:06.594+0700] {dagbag.py:541} INFO - Filling up the DagBag from /Users/macbook/Documents/Documents_MacBook_Pro/ISTT/AirflowTutorial/envlibs/lib/python3.10/site-packages/airflow/example_dags/example_xcom.py
[2023-06-22T14:46:06.648+0700] {processor.py:836} INFO - DAG(s) dict_keys(['example_xcom']) retrieved from /Users/macbook/Documents/Documents_MacBook_Pro/ISTT/AirflowTutorial/envlibs/lib/python3.10/site-packages/airflow/example_dags/example_xcom.py
[2023-06-22T14:46:07.424+0700] {logging_mixin.py:149} INFO - [2023-06-22T14:46:07.424+0700] {dag.py:2726} INFO - Sync 1 DAGs
[2023-06-22T14:46:07.441+0700] {logging_mixin.py:149} INFO - [2023-06-22T14:46:07.441+0700] {dag.py:3486} INFO - Setting next_dagrun for example_xcom to 2021-01-01T00:00:00+00:00, run_after=2021-01-01T00:00:00+00:00
[2023-06-22T14:46:07.459+0700] {processor.py:179} INFO - Processing /Users/macbook/Documents/Documents_MacBook_Pro/ISTT/AirflowTutorial/envlibs/lib/python3.10/site-packages/airflow/example_dags/example_xcom.py took 0.868 seconds
[2023-06-22T14:48:11.736+0700] {processor.py:157} INFO - Started process (PID=12687) to work on /Users/macbook/Documents/Documents_MacBook_Pro/ISTT/AirflowTutorial/envlibs/lib/python3.10/site-packages/airflow/example_dags/example_xcom.py
[2023-06-22T14:48:11.738+0700] {processor.py:826} INFO - Processing file /Users/macbook/Documents/Documents_MacBook_Pro/ISTT/AirflowTutorial/envlibs/lib/python3.10/site-packages/airflow/example_dags/example_xcom.py for tasks to queue
[2023-06-22T14:48:11.739+0700] {logging_mixin.py:149} INFO - [2023-06-22T14:48:11.739+0700] {dagbag.py:541} INFO - Filling up the DagBag from /Users/macbook/Documents/Documents_MacBook_Pro/ISTT/AirflowTutorial/envlibs/lib/python3.10/site-packages/airflow/example_dags/example_xcom.py
[2023-06-22T14:48:11.825+0700] {processor.py:836} INFO - DAG(s) dict_keys(['example_xcom']) retrieved from /Users/macbook/Documents/Documents_MacBook_Pro/ISTT/AirflowTutorial/envlibs/lib/python3.10/site-packages/airflow/example_dags/example_xcom.py
[2023-06-22T14:48:12.640+0700] {logging_mixin.py:149} INFO - [2023-06-22T14:48:12.640+0700] {dag.py:2726} INFO - Sync 1 DAGs
[2023-06-22T14:48:12.658+0700] {logging_mixin.py:149} INFO - [2023-06-22T14:48:12.657+0700] {dag.py:3486} INFO - Setting next_dagrun for example_xcom to 2021-01-01T00:00:00+00:00, run_after=2021-01-01T00:00:00+00:00
[2023-06-22T14:48:12.677+0700] {processor.py:179} INFO - Processing /Users/macbook/Documents/Documents_MacBook_Pro/ISTT/AirflowTutorial/envlibs/lib/python3.10/site-packages/airflow/example_dags/example_xcom.py took 0.942 seconds
[2023-06-22T14:50:18.969+0700] {processor.py:157} INFO - Started process (PID=12747) to work on /Users/macbook/Documents/Documents_MacBook_Pro/ISTT/AirflowTutorial/envlibs/lib/python3.10/site-packages/airflow/example_dags/example_xcom.py
[2023-06-22T14:50:18.971+0700] {processor.py:826} INFO - Processing file /Users/macbook/Documents/Documents_MacBook_Pro/ISTT/AirflowTutorial/envlibs/lib/python3.10/site-packages/airflow/example_dags/example_xcom.py for tasks to queue
[2023-06-22T14:50:18.972+0700] {logging_mixin.py:149} INFO - [2023-06-22T14:50:18.972+0700] {dagbag.py:541} INFO - Filling up the DagBag from /Users/macbook/Documents/Documents_MacBook_Pro/ISTT/AirflowTutorial/envlibs/lib/python3.10/site-packages/airflow/example_dags/example_xcom.py
[2023-06-22T14:50:19.024+0700] {processor.py:836} INFO - DAG(s) dict_keys(['example_xcom']) retrieved from /Users/macbook/Documents/Documents_MacBook_Pro/ISTT/AirflowTutorial/envlibs/lib/python3.10/site-packages/airflow/example_dags/example_xcom.py
[2023-06-22T14:50:19.717+0700] {logging_mixin.py:149} INFO - [2023-06-22T14:50:19.717+0700] {dag.py:2726} INFO - Sync 1 DAGs
[2023-06-22T14:50:19.732+0700] {logging_mixin.py:149} INFO - [2023-06-22T14:50:19.732+0700] {dag.py:3486} INFO - Setting next_dagrun for example_xcom to 2021-01-01T00:00:00+00:00, run_after=2021-01-01T00:00:00+00:00
[2023-06-22T14:50:19.758+0700] {processor.py:179} INFO - Processing /Users/macbook/Documents/Documents_MacBook_Pro/ISTT/AirflowTutorial/envlibs/lib/python3.10/site-packages/airflow/example_dags/example_xcom.py took 0.789 seconds
[2023-06-22T14:52:19.664+0700] {processor.py:157} INFO - Started process (PID=12803) to work on /Users/macbook/Documents/Documents_MacBook_Pro/ISTT/AirflowTutorial/envlibs/lib/python3.10/site-packages/airflow/example_dags/example_xcom.py
[2023-06-22T14:52:19.665+0700] {processor.py:826} INFO - Processing file /Users/macbook/Documents/Documents_MacBook_Pro/ISTT/AirflowTutorial/envlibs/lib/python3.10/site-packages/airflow/example_dags/example_xcom.py for tasks to queue
[2023-06-22T14:52:19.665+0700] {logging_mixin.py:149} INFO - [2023-06-22T14:52:19.665+0700] {dagbag.py:541} INFO - Filling up the DagBag from /Users/macbook/Documents/Documents_MacBook_Pro/ISTT/AirflowTutorial/envlibs/lib/python3.10/site-packages/airflow/example_dags/example_xcom.py
[2023-06-22T14:52:19.712+0700] {processor.py:836} INFO - DAG(s) dict_keys(['example_xcom']) retrieved from /Users/macbook/Documents/Documents_MacBook_Pro/ISTT/AirflowTutorial/envlibs/lib/python3.10/site-packages/airflow/example_dags/example_xcom.py
[2023-06-22T14:52:20.373+0700] {logging_mixin.py:149} INFO - [2023-06-22T14:52:20.372+0700] {dag.py:2726} INFO - Sync 1 DAGs
[2023-06-22T14:52:20.386+0700] {logging_mixin.py:149} INFO - [2023-06-22T14:52:20.386+0700] {dag.py:3486} INFO - Setting next_dagrun for example_xcom to 2021-01-01T00:00:00+00:00, run_after=2021-01-01T00:00:00+00:00
[2023-06-22T14:52:20.403+0700] {processor.py:179} INFO - Processing /Users/macbook/Documents/Documents_MacBook_Pro/ISTT/AirflowTutorial/envlibs/lib/python3.10/site-packages/airflow/example_dags/example_xcom.py took 0.740 seconds
[2023-06-22T14:54:19.370+0700] {processor.py:157} INFO - Started process (PID=12856) to work on /Users/macbook/Documents/Documents_MacBook_Pro/ISTT/AirflowTutorial/envlibs/lib/python3.10/site-packages/airflow/example_dags/example_xcom.py
[2023-06-22T14:54:19.371+0700] {processor.py:826} INFO - Processing file /Users/macbook/Documents/Documents_MacBook_Pro/ISTT/AirflowTutorial/envlibs/lib/python3.10/site-packages/airflow/example_dags/example_xcom.py for tasks to queue
[2023-06-22T14:54:19.371+0700] {logging_mixin.py:149} INFO - [2023-06-22T14:54:19.371+0700] {dagbag.py:541} INFO - Filling up the DagBag from /Users/macbook/Documents/Documents_MacBook_Pro/ISTT/AirflowTutorial/envlibs/lib/python3.10/site-packages/airflow/example_dags/example_xcom.py
[2023-06-22T14:54:19.427+0700] {processor.py:836} INFO - DAG(s) dict_keys(['example_xcom']) retrieved from /Users/macbook/Documents/Documents_MacBook_Pro/ISTT/AirflowTutorial/envlibs/lib/python3.10/site-packages/airflow/example_dags/example_xcom.py
[2023-06-22T14:54:20.346+0700] {logging_mixin.py:149} INFO - [2023-06-22T14:54:20.345+0700] {dag.py:2726} INFO - Sync 1 DAGs
[2023-06-22T14:54:20.362+0700] {logging_mixin.py:149} INFO - [2023-06-22T14:54:20.362+0700] {dag.py:3486} INFO - Setting next_dagrun for example_xcom to 2021-01-01T00:00:00+00:00, run_after=2021-01-01T00:00:00+00:00
[2023-06-22T14:54:20.380+0700] {processor.py:179} INFO - Processing /Users/macbook/Documents/Documents_MacBook_Pro/ISTT/AirflowTutorial/envlibs/lib/python3.10/site-packages/airflow/example_dags/example_xcom.py took 1.011 seconds
[2023-06-22T14:56:14.433+0700] {processor.py:157} INFO - Started process (PID=12908) to work on /Users/macbook/Documents/Documents_MacBook_Pro/ISTT/AirflowTutorial/envlibs/lib/python3.10/site-packages/airflow/example_dags/example_xcom.py
[2023-06-22T14:56:14.433+0700] {processor.py:826} INFO - Processing file /Users/macbook/Documents/Documents_MacBook_Pro/ISTT/AirflowTutorial/envlibs/lib/python3.10/site-packages/airflow/example_dags/example_xcom.py for tasks to queue
[2023-06-22T14:56:14.434+0700] {logging_mixin.py:149} INFO - [2023-06-22T14:56:14.434+0700] {dagbag.py:541} INFO - Filling up the DagBag from /Users/macbook/Documents/Documents_MacBook_Pro/ISTT/AirflowTutorial/envlibs/lib/python3.10/site-packages/airflow/example_dags/example_xcom.py
[2023-06-22T14:56:14.484+0700] {processor.py:836} INFO - DAG(s) dict_keys(['example_xcom']) retrieved from /Users/macbook/Documents/Documents_MacBook_Pro/ISTT/AirflowTutorial/envlibs/lib/python3.10/site-packages/airflow/example_dags/example_xcom.py
[2023-06-22T14:56:15.219+0700] {logging_mixin.py:149} INFO - [2023-06-22T14:56:15.219+0700] {dag.py:2726} INFO - Sync 1 DAGs
[2023-06-22T14:56:15.235+0700] {logging_mixin.py:149} INFO - [2023-06-22T14:56:15.235+0700] {dag.py:3486} INFO - Setting next_dagrun for example_xcom to 2021-01-01T00:00:00+00:00, run_after=2021-01-01T00:00:00+00:00
[2023-06-22T14:56:15.253+0700] {processor.py:179} INFO - Processing /Users/macbook/Documents/Documents_MacBook_Pro/ISTT/AirflowTutorial/envlibs/lib/python3.10/site-packages/airflow/example_dags/example_xcom.py took 0.821 seconds
[2023-06-22T14:58:14.054+0700] {processor.py:157} INFO - Started process (PID=12962) to work on /Users/macbook/Documents/Documents_MacBook_Pro/ISTT/AirflowTutorial/envlibs/lib/python3.10/site-packages/airflow/example_dags/example_xcom.py
[2023-06-22T14:58:14.056+0700] {processor.py:826} INFO - Processing file /Users/macbook/Documents/Documents_MacBook_Pro/ISTT/AirflowTutorial/envlibs/lib/python3.10/site-packages/airflow/example_dags/example_xcom.py for tasks to queue
[2023-06-22T14:58:14.056+0700] {logging_mixin.py:149} INFO - [2023-06-22T14:58:14.056+0700] {dagbag.py:541} INFO - Filling up the DagBag from /Users/macbook/Documents/Documents_MacBook_Pro/ISTT/AirflowTutorial/envlibs/lib/python3.10/site-packages/airflow/example_dags/example_xcom.py
[2023-06-22T14:58:14.112+0700] {processor.py:836} INFO - DAG(s) dict_keys(['example_xcom']) retrieved from /Users/macbook/Documents/Documents_MacBook_Pro/ISTT/AirflowTutorial/envlibs/lib/python3.10/site-packages/airflow/example_dags/example_xcom.py
[2023-06-22T14:58:14.933+0700] {logging_mixin.py:149} INFO - [2023-06-22T14:58:14.932+0700] {dag.py:2726} INFO - Sync 1 DAGs
[2023-06-22T14:58:14.960+0700] {logging_mixin.py:149} INFO - [2023-06-22T14:58:14.960+0700] {dag.py:3486} INFO - Setting next_dagrun for example_xcom to 2021-01-01T00:00:00+00:00, run_after=2021-01-01T00:00:00+00:00
[2023-06-22T14:58:14.981+0700] {processor.py:179} INFO - Processing /Users/macbook/Documents/Documents_MacBook_Pro/ISTT/AirflowTutorial/envlibs/lib/python3.10/site-packages/airflow/example_dags/example_xcom.py took 0.928 seconds
[2023-06-22T15:00:19.961+0700] {processor.py:157} INFO - Started process (PID=13014) to work on /Users/macbook/Documents/Documents_MacBook_Pro/ISTT/AirflowTutorial/envlibs/lib/python3.10/site-packages/airflow/example_dags/example_xcom.py
[2023-06-22T15:00:19.963+0700] {processor.py:826} INFO - Processing file /Users/macbook/Documents/Documents_MacBook_Pro/ISTT/AirflowTutorial/envlibs/lib/python3.10/site-packages/airflow/example_dags/example_xcom.py for tasks to queue
[2023-06-22T15:00:19.963+0700] {logging_mixin.py:149} INFO - [2023-06-22T15:00:19.963+0700] {dagbag.py:541} INFO - Filling up the DagBag from /Users/macbook/Documents/Documents_MacBook_Pro/ISTT/AirflowTutorial/envlibs/lib/python3.10/site-packages/airflow/example_dags/example_xcom.py
[2023-06-22T15:00:20.023+0700] {processor.py:836} INFO - DAG(s) dict_keys(['example_xcom']) retrieved from /Users/macbook/Documents/Documents_MacBook_Pro/ISTT/AirflowTutorial/envlibs/lib/python3.10/site-packages/airflow/example_dags/example_xcom.py
[2023-06-22T15:00:20.709+0700] {logging_mixin.py:149} INFO - [2023-06-22T15:00:20.709+0700] {dag.py:2726} INFO - Sync 1 DAGs
[2023-06-22T15:00:20.724+0700] {logging_mixin.py:149} INFO - [2023-06-22T15:00:20.723+0700] {dag.py:3486} INFO - Setting next_dagrun for example_xcom to 2021-01-01T00:00:00+00:00, run_after=2021-01-01T00:00:00+00:00
[2023-06-22T15:00:20.748+0700] {processor.py:179} INFO - Processing /Users/macbook/Documents/Documents_MacBook_Pro/ISTT/AirflowTutorial/envlibs/lib/python3.10/site-packages/airflow/example_dags/example_xcom.py took 0.787 seconds
[2023-06-22T15:02:21.348+0700] {processor.py:157} INFO - Started process (PID=13072) to work on /Users/macbook/Documents/Documents_MacBook_Pro/ISTT/AirflowTutorial/envlibs/lib/python3.10/site-packages/airflow/example_dags/example_xcom.py
[2023-06-22T15:02:21.349+0700] {processor.py:826} INFO - Processing file /Users/macbook/Documents/Documents_MacBook_Pro/ISTT/AirflowTutorial/envlibs/lib/python3.10/site-packages/airflow/example_dags/example_xcom.py for tasks to queue
[2023-06-22T15:02:21.350+0700] {logging_mixin.py:149} INFO - [2023-06-22T15:02:21.350+0700] {dagbag.py:541} INFO - Filling up the DagBag from /Users/macbook/Documents/Documents_MacBook_Pro/ISTT/AirflowTutorial/envlibs/lib/python3.10/site-packages/airflow/example_dags/example_xcom.py
[2023-06-22T15:02:21.406+0700] {processor.py:836} INFO - DAG(s) dict_keys(['example_xcom']) retrieved from /Users/macbook/Documents/Documents_MacBook_Pro/ISTT/AirflowTutorial/envlibs/lib/python3.10/site-packages/airflow/example_dags/example_xcom.py
[2023-06-22T15:02:22.275+0700] {logging_mixin.py:149} INFO - [2023-06-22T15:02:22.275+0700] {dag.py:2726} INFO - Sync 1 DAGs
[2023-06-22T15:02:22.293+0700] {logging_mixin.py:149} INFO - [2023-06-22T15:02:22.293+0700] {dag.py:3486} INFO - Setting next_dagrun for example_xcom to 2021-01-01T00:00:00+00:00, run_after=2021-01-01T00:00:00+00:00
[2023-06-22T15:02:22.311+0700] {processor.py:179} INFO - Processing /Users/macbook/Documents/Documents_MacBook_Pro/ISTT/AirflowTutorial/envlibs/lib/python3.10/site-packages/airflow/example_dags/example_xcom.py took 0.964 seconds
[2023-06-22T15:04:23.114+0700] {processor.py:157} INFO - Started process (PID=13130) to work on /Users/macbook/Documents/Documents_MacBook_Pro/ISTT/AirflowTutorial/envlibs/lib/python3.10/site-packages/airflow/example_dags/example_xcom.py
[2023-06-22T15:04:23.115+0700] {processor.py:826} INFO - Processing file /Users/macbook/Documents/Documents_MacBook_Pro/ISTT/AirflowTutorial/envlibs/lib/python3.10/site-packages/airflow/example_dags/example_xcom.py for tasks to queue
[2023-06-22T15:04:23.116+0700] {logging_mixin.py:149} INFO - [2023-06-22T15:04:23.116+0700] {dagbag.py:541} INFO - Filling up the DagBag from /Users/macbook/Documents/Documents_MacBook_Pro/ISTT/AirflowTutorial/envlibs/lib/python3.10/site-packages/airflow/example_dags/example_xcom.py
[2023-06-22T15:04:23.173+0700] {processor.py:836} INFO - DAG(s) dict_keys(['example_xcom']) retrieved from /Users/macbook/Documents/Documents_MacBook_Pro/ISTT/AirflowTutorial/envlibs/lib/python3.10/site-packages/airflow/example_dags/example_xcom.py
[2023-06-22T15:04:24.017+0700] {logging_mixin.py:149} INFO - [2023-06-22T15:04:24.017+0700] {dag.py:2726} INFO - Sync 1 DAGs
[2023-06-22T15:04:24.034+0700] {logging_mixin.py:149} INFO - [2023-06-22T15:04:24.033+0700] {dag.py:3486} INFO - Setting next_dagrun for example_xcom to 2021-01-01T00:00:00+00:00, run_after=2021-01-01T00:00:00+00:00
[2023-06-22T15:04:24.054+0700] {processor.py:179} INFO - Processing /Users/macbook/Documents/Documents_MacBook_Pro/ISTT/AirflowTutorial/envlibs/lib/python3.10/site-packages/airflow/example_dags/example_xcom.py took 0.940 seconds
[2023-06-22T15:06:32.511+0700] {processor.py:157} INFO - Started process (PID=13226) to work on /Users/macbook/Documents/Documents_MacBook_Pro/ISTT/AirflowTutorial/envlibs/lib/python3.10/site-packages/airflow/example_dags/example_xcom.py
[2023-06-22T15:06:32.513+0700] {processor.py:826} INFO - Processing file /Users/macbook/Documents/Documents_MacBook_Pro/ISTT/AirflowTutorial/envlibs/lib/python3.10/site-packages/airflow/example_dags/example_xcom.py for tasks to queue
[2023-06-22T15:06:32.514+0700] {logging_mixin.py:149} INFO - [2023-06-22T15:06:32.513+0700] {dagbag.py:541} INFO - Filling up the DagBag from /Users/macbook/Documents/Documents_MacBook_Pro/ISTT/AirflowTutorial/envlibs/lib/python3.10/site-packages/airflow/example_dags/example_xcom.py
[2023-06-22T15:06:32.625+0700] {processor.py:836} INFO - DAG(s) dict_keys(['example_xcom']) retrieved from /Users/macbook/Documents/Documents_MacBook_Pro/ISTT/AirflowTutorial/envlibs/lib/python3.10/site-packages/airflow/example_dags/example_xcom.py
[2023-06-22T15:06:34.033+0700] {logging_mixin.py:149} INFO - [2023-06-22T15:06:34.032+0700] {dag.py:2726} INFO - Sync 1 DAGs
[2023-06-22T15:06:34.056+0700] {logging_mixin.py:149} INFO - [2023-06-22T15:06:34.056+0700] {dag.py:3486} INFO - Setting next_dagrun for example_xcom to 2021-01-01T00:00:00+00:00, run_after=2021-01-01T00:00:00+00:00
[2023-06-22T15:06:34.078+0700] {processor.py:179} INFO - Processing /Users/macbook/Documents/Documents_MacBook_Pro/ISTT/AirflowTutorial/envlibs/lib/python3.10/site-packages/airflow/example_dags/example_xcom.py took 1.568 seconds
[2023-06-22T15:08:33.822+0700] {processor.py:157} INFO - Started process (PID=13287) to work on /Users/macbook/Documents/Documents_MacBook_Pro/ISTT/AirflowTutorial/envlibs/lib/python3.10/site-packages/airflow/example_dags/example_xcom.py
[2023-06-22T15:08:33.822+0700] {processor.py:826} INFO - Processing file /Users/macbook/Documents/Documents_MacBook_Pro/ISTT/AirflowTutorial/envlibs/lib/python3.10/site-packages/airflow/example_dags/example_xcom.py for tasks to queue
[2023-06-22T15:08:33.823+0700] {logging_mixin.py:149} INFO - [2023-06-22T15:08:33.823+0700] {dagbag.py:541} INFO - Filling up the DagBag from /Users/macbook/Documents/Documents_MacBook_Pro/ISTT/AirflowTutorial/envlibs/lib/python3.10/site-packages/airflow/example_dags/example_xcom.py
[2023-06-22T15:08:33.877+0700] {processor.py:836} INFO - DAG(s) dict_keys(['example_xcom']) retrieved from /Users/macbook/Documents/Documents_MacBook_Pro/ISTT/AirflowTutorial/envlibs/lib/python3.10/site-packages/airflow/example_dags/example_xcom.py
[2023-06-22T15:08:34.693+0700] {logging_mixin.py:149} INFO - [2023-06-22T15:08:34.692+0700] {dag.py:2726} INFO - Sync 1 DAGs
[2023-06-22T15:08:34.710+0700] {logging_mixin.py:149} INFO - [2023-06-22T15:08:34.710+0700] {dag.py:3486} INFO - Setting next_dagrun for example_xcom to 2021-01-01T00:00:00+00:00, run_after=2021-01-01T00:00:00+00:00
[2023-06-22T15:08:34.729+0700] {processor.py:179} INFO - Processing /Users/macbook/Documents/Documents_MacBook_Pro/ISTT/AirflowTutorial/envlibs/lib/python3.10/site-packages/airflow/example_dags/example_xcom.py took 0.908 seconds
[2023-06-22T15:10:38.302+0700] {processor.py:157} INFO - Started process (PID=13383) to work on /Users/macbook/Documents/Documents_MacBook_Pro/ISTT/AirflowTutorial/envlibs/lib/python3.10/site-packages/airflow/example_dags/example_xcom.py
[2023-06-22T15:10:38.303+0700] {processor.py:826} INFO - Processing file /Users/macbook/Documents/Documents_MacBook_Pro/ISTT/AirflowTutorial/envlibs/lib/python3.10/site-packages/airflow/example_dags/example_xcom.py for tasks to queue
[2023-06-22T15:10:38.304+0700] {logging_mixin.py:149} INFO - [2023-06-22T15:10:38.304+0700] {dagbag.py:541} INFO - Filling up the DagBag from /Users/macbook/Documents/Documents_MacBook_Pro/ISTT/AirflowTutorial/envlibs/lib/python3.10/site-packages/airflow/example_dags/example_xcom.py
[2023-06-22T15:10:38.353+0700] {processor.py:836} INFO - DAG(s) dict_keys(['example_xcom']) retrieved from /Users/macbook/Documents/Documents_MacBook_Pro/ISTT/AirflowTutorial/envlibs/lib/python3.10/site-packages/airflow/example_dags/example_xcom.py
[2023-06-22T15:10:39.043+0700] {logging_mixin.py:149} INFO - [2023-06-22T15:10:39.042+0700] {dag.py:2726} INFO - Sync 1 DAGs
[2023-06-22T15:10:39.057+0700] {logging_mixin.py:149} INFO - [2023-06-22T15:10:39.057+0700] {dag.py:3486} INFO - Setting next_dagrun for example_xcom to 2021-01-01T00:00:00+00:00, run_after=2021-01-01T00:00:00+00:00
[2023-06-22T15:10:39.073+0700] {processor.py:179} INFO - Processing /Users/macbook/Documents/Documents_MacBook_Pro/ISTT/AirflowTutorial/envlibs/lib/python3.10/site-packages/airflow/example_dags/example_xcom.py took 0.772 seconds
[2023-06-22T15:12:43.126+0700] {processor.py:157} INFO - Started process (PID=13438) to work on /Users/macbook/Documents/Documents_MacBook_Pro/ISTT/AirflowTutorial/envlibs/lib/python3.10/site-packages/airflow/example_dags/example_xcom.py
[2023-06-22T15:12:43.127+0700] {processor.py:826} INFO - Processing file /Users/macbook/Documents/Documents_MacBook_Pro/ISTT/AirflowTutorial/envlibs/lib/python3.10/site-packages/airflow/example_dags/example_xcom.py for tasks to queue
[2023-06-22T15:12:43.128+0700] {logging_mixin.py:149} INFO - [2023-06-22T15:12:43.128+0700] {dagbag.py:541} INFO - Filling up the DagBag from /Users/macbook/Documents/Documents_MacBook_Pro/ISTT/AirflowTutorial/envlibs/lib/python3.10/site-packages/airflow/example_dags/example_xcom.py
[2023-06-22T15:12:43.176+0700] {processor.py:836} INFO - DAG(s) dict_keys(['example_xcom']) retrieved from /Users/macbook/Documents/Documents_MacBook_Pro/ISTT/AirflowTutorial/envlibs/lib/python3.10/site-packages/airflow/example_dags/example_xcom.py
[2023-06-22T15:12:43.827+0700] {logging_mixin.py:149} INFO - [2023-06-22T15:12:43.826+0700] {dag.py:2726} INFO - Sync 1 DAGs
[2023-06-22T15:12:43.840+0700] {logging_mixin.py:149} INFO - [2023-06-22T15:12:43.840+0700] {dag.py:3486} INFO - Setting next_dagrun for example_xcom to 2021-01-01T00:00:00+00:00, run_after=2021-01-01T00:00:00+00:00
[2023-06-22T15:12:43.856+0700] {processor.py:179} INFO - Processing /Users/macbook/Documents/Documents_MacBook_Pro/ISTT/AirflowTutorial/envlibs/lib/python3.10/site-packages/airflow/example_dags/example_xcom.py took 0.731 seconds
[2023-06-22T15:14:50.460+0700] {processor.py:157} INFO - Started process (PID=13529) to work on /Users/macbook/Documents/Documents_MacBook_Pro/ISTT/AirflowTutorial/envlibs/lib/python3.10/site-packages/airflow/example_dags/example_xcom.py
[2023-06-22T15:14:50.461+0700] {processor.py:826} INFO - Processing file /Users/macbook/Documents/Documents_MacBook_Pro/ISTT/AirflowTutorial/envlibs/lib/python3.10/site-packages/airflow/example_dags/example_xcom.py for tasks to queue
[2023-06-22T15:14:50.461+0700] {logging_mixin.py:149} INFO - [2023-06-22T15:14:50.461+0700] {dagbag.py:541} INFO - Filling up the DagBag from /Users/macbook/Documents/Documents_MacBook_Pro/ISTT/AirflowTutorial/envlibs/lib/python3.10/site-packages/airflow/example_dags/example_xcom.py
[2023-06-22T15:14:50.531+0700] {processor.py:836} INFO - DAG(s) dict_keys(['example_xcom']) retrieved from /Users/macbook/Documents/Documents_MacBook_Pro/ISTT/AirflowTutorial/envlibs/lib/python3.10/site-packages/airflow/example_dags/example_xcom.py
[2023-06-22T15:14:51.409+0700] {logging_mixin.py:149} INFO - [2023-06-22T15:14:51.409+0700] {dag.py:2726} INFO - Sync 1 DAGs
[2023-06-22T15:14:51.425+0700] {logging_mixin.py:149} INFO - [2023-06-22T15:14:51.425+0700] {dag.py:3486} INFO - Setting next_dagrun for example_xcom to 2021-01-01T00:00:00+00:00, run_after=2021-01-01T00:00:00+00:00
[2023-06-22T15:14:51.445+0700] {processor.py:179} INFO - Processing /Users/macbook/Documents/Documents_MacBook_Pro/ISTT/AirflowTutorial/envlibs/lib/python3.10/site-packages/airflow/example_dags/example_xcom.py took 0.985 seconds
[2023-06-22T15:17:00.390+0700] {processor.py:157} INFO - Started process (PID=13606) to work on /Users/macbook/Documents/Documents_MacBook_Pro/ISTT/AirflowTutorial/envlibs/lib/python3.10/site-packages/airflow/example_dags/example_xcom.py
[2023-06-22T15:17:00.391+0700] {processor.py:826} INFO - Processing file /Users/macbook/Documents/Documents_MacBook_Pro/ISTT/AirflowTutorial/envlibs/lib/python3.10/site-packages/airflow/example_dags/example_xcom.py for tasks to queue
[2023-06-22T15:17:00.391+0700] {logging_mixin.py:149} INFO - [2023-06-22T15:17:00.391+0700] {dagbag.py:541} INFO - Filling up the DagBag from /Users/macbook/Documents/Documents_MacBook_Pro/ISTT/AirflowTutorial/envlibs/lib/python3.10/site-packages/airflow/example_dags/example_xcom.py
[2023-06-22T15:17:00.445+0700] {processor.py:836} INFO - DAG(s) dict_keys(['example_xcom']) retrieved from /Users/macbook/Documents/Documents_MacBook_Pro/ISTT/AirflowTutorial/envlibs/lib/python3.10/site-packages/airflow/example_dags/example_xcom.py
[2023-06-22T15:17:01.179+0700] {logging_mixin.py:149} INFO - [2023-06-22T15:17:01.178+0700] {dag.py:2726} INFO - Sync 1 DAGs
[2023-06-22T15:17:01.195+0700] {logging_mixin.py:149} INFO - [2023-06-22T15:17:01.195+0700] {dag.py:3486} INFO - Setting next_dagrun for example_xcom to 2021-01-01T00:00:00+00:00, run_after=2021-01-01T00:00:00+00:00
[2023-06-22T15:17:01.212+0700] {processor.py:179} INFO - Processing /Users/macbook/Documents/Documents_MacBook_Pro/ISTT/AirflowTutorial/envlibs/lib/python3.10/site-packages/airflow/example_dags/example_xcom.py took 0.823 seconds
[2023-06-22T15:19:00.798+0700] {processor.py:157} INFO - Started process (PID=13711) to work on /Users/macbook/Documents/Documents_MacBook_Pro/ISTT/AirflowTutorial/envlibs/lib/python3.10/site-packages/airflow/example_dags/example_xcom.py
[2023-06-22T15:19:00.799+0700] {processor.py:826} INFO - Processing file /Users/macbook/Documents/Documents_MacBook_Pro/ISTT/AirflowTutorial/envlibs/lib/python3.10/site-packages/airflow/example_dags/example_xcom.py for tasks to queue
[2023-06-22T15:19:00.800+0700] {logging_mixin.py:149} INFO - [2023-06-22T15:19:00.800+0700] {dagbag.py:541} INFO - Filling up the DagBag from /Users/macbook/Documents/Documents_MacBook_Pro/ISTT/AirflowTutorial/envlibs/lib/python3.10/site-packages/airflow/example_dags/example_xcom.py
[2023-06-22T15:19:00.863+0700] {processor.py:836} INFO - DAG(s) dict_keys(['example_xcom']) retrieved from /Users/macbook/Documents/Documents_MacBook_Pro/ISTT/AirflowTutorial/envlibs/lib/python3.10/site-packages/airflow/example_dags/example_xcom.py
[2023-06-22T15:19:01.698+0700] {logging_mixin.py:149} INFO - [2023-06-22T15:19:01.697+0700] {dag.py:2726} INFO - Sync 1 DAGs
[2023-06-22T15:19:01.715+0700] {logging_mixin.py:149} INFO - [2023-06-22T15:19:01.715+0700] {dag.py:3486} INFO - Setting next_dagrun for example_xcom to 2021-01-01T00:00:00+00:00, run_after=2021-01-01T00:00:00+00:00
[2023-06-22T15:19:01.740+0700] {processor.py:179} INFO - Processing /Users/macbook/Documents/Documents_MacBook_Pro/ISTT/AirflowTutorial/envlibs/lib/python3.10/site-packages/airflow/example_dags/example_xcom.py took 0.943 seconds
[2023-06-22T15:21:02.154+0700] {processor.py:157} INFO - Started process (PID=13767) to work on /Users/macbook/Documents/Documents_MacBook_Pro/ISTT/AirflowTutorial/envlibs/lib/python3.10/site-packages/airflow/example_dags/example_xcom.py
[2023-06-22T15:21:02.155+0700] {processor.py:826} INFO - Processing file /Users/macbook/Documents/Documents_MacBook_Pro/ISTT/AirflowTutorial/envlibs/lib/python3.10/site-packages/airflow/example_dags/example_xcom.py for tasks to queue
[2023-06-22T15:21:02.156+0700] {logging_mixin.py:149} INFO - [2023-06-22T15:21:02.156+0700] {dagbag.py:541} INFO - Filling up the DagBag from /Users/macbook/Documents/Documents_MacBook_Pro/ISTT/AirflowTutorial/envlibs/lib/python3.10/site-packages/airflow/example_dags/example_xcom.py
[2023-06-22T15:21:02.205+0700] {processor.py:836} INFO - DAG(s) dict_keys(['example_xcom']) retrieved from /Users/macbook/Documents/Documents_MacBook_Pro/ISTT/AirflowTutorial/envlibs/lib/python3.10/site-packages/airflow/example_dags/example_xcom.py
[2023-06-22T15:21:02.915+0700] {logging_mixin.py:149} INFO - [2023-06-22T15:21:02.915+0700] {dag.py:2726} INFO - Sync 1 DAGs
[2023-06-22T15:21:02.930+0700] {logging_mixin.py:149} INFO - [2023-06-22T15:21:02.930+0700] {dag.py:3486} INFO - Setting next_dagrun for example_xcom to 2021-01-01T00:00:00+00:00, run_after=2021-01-01T00:00:00+00:00
[2023-06-22T15:21:02.948+0700] {processor.py:179} INFO - Processing /Users/macbook/Documents/Documents_MacBook_Pro/ISTT/AirflowTutorial/envlibs/lib/python3.10/site-packages/airflow/example_dags/example_xcom.py took 0.794 seconds
[2023-06-22T15:23:09.800+0700] {processor.py:157} INFO - Started process (PID=13832) to work on /Users/macbook/Documents/Documents_MacBook_Pro/ISTT/AirflowTutorial/envlibs/lib/python3.10/site-packages/airflow/example_dags/example_xcom.py
[2023-06-22T15:23:09.801+0700] {processor.py:826} INFO - Processing file /Users/macbook/Documents/Documents_MacBook_Pro/ISTT/AirflowTutorial/envlibs/lib/python3.10/site-packages/airflow/example_dags/example_xcom.py for tasks to queue
[2023-06-22T15:23:09.801+0700] {logging_mixin.py:149} INFO - [2023-06-22T15:23:09.801+0700] {dagbag.py:541} INFO - Filling up the DagBag from /Users/macbook/Documents/Documents_MacBook_Pro/ISTT/AirflowTutorial/envlibs/lib/python3.10/site-packages/airflow/example_dags/example_xcom.py
[2023-06-22T15:23:09.868+0700] {processor.py:836} INFO - DAG(s) dict_keys(['example_xcom']) retrieved from /Users/macbook/Documents/Documents_MacBook_Pro/ISTT/AirflowTutorial/envlibs/lib/python3.10/site-packages/airflow/example_dags/example_xcom.py
[2023-06-22T15:23:10.739+0700] {logging_mixin.py:149} INFO - [2023-06-22T15:23:10.738+0700] {dag.py:2726} INFO - Sync 1 DAGs
[2023-06-22T15:23:10.756+0700] {logging_mixin.py:149} INFO - [2023-06-22T15:23:10.756+0700] {dag.py:3486} INFO - Setting next_dagrun for example_xcom to 2021-01-01T00:00:00+00:00, run_after=2021-01-01T00:00:00+00:00
[2023-06-22T15:23:10.775+0700] {processor.py:179} INFO - Processing /Users/macbook/Documents/Documents_MacBook_Pro/ISTT/AirflowTutorial/envlibs/lib/python3.10/site-packages/airflow/example_dags/example_xcom.py took 0.976 seconds
[2023-06-22T15:25:29.061+0700] {processor.py:157} INFO - Started process (PID=13892) to work on /Users/macbook/Documents/Documents_MacBook_Pro/ISTT/AirflowTutorial/envlibs/lib/python3.10/site-packages/airflow/example_dags/example_xcom.py
[2023-06-22T15:25:29.063+0700] {processor.py:826} INFO - Processing file /Users/macbook/Documents/Documents_MacBook_Pro/ISTT/AirflowTutorial/envlibs/lib/python3.10/site-packages/airflow/example_dags/example_xcom.py for tasks to queue
[2023-06-22T15:25:29.064+0700] {logging_mixin.py:149} INFO - [2023-06-22T15:25:29.064+0700] {dagbag.py:541} INFO - Filling up the DagBag from /Users/macbook/Documents/Documents_MacBook_Pro/ISTT/AirflowTutorial/envlibs/lib/python3.10/site-packages/airflow/example_dags/example_xcom.py
[2023-06-22T15:25:29.122+0700] {processor.py:836} INFO - DAG(s) dict_keys(['example_xcom']) retrieved from /Users/macbook/Documents/Documents_MacBook_Pro/ISTT/AirflowTutorial/envlibs/lib/python3.10/site-packages/airflow/example_dags/example_xcom.py
[2023-06-22T15:25:29.937+0700] {logging_mixin.py:149} INFO - [2023-06-22T15:25:29.937+0700] {dag.py:2726} INFO - Sync 1 DAGs
[2023-06-22T15:25:29.954+0700] {logging_mixin.py:149} INFO - [2023-06-22T15:25:29.954+0700] {dag.py:3486} INFO - Setting next_dagrun for example_xcom to 2021-01-01T00:00:00+00:00, run_after=2021-01-01T00:00:00+00:00
[2023-06-22T15:25:29.974+0700] {processor.py:179} INFO - Processing /Users/macbook/Documents/Documents_MacBook_Pro/ISTT/AirflowTutorial/envlibs/lib/python3.10/site-packages/airflow/example_dags/example_xcom.py took 0.915 seconds
[2023-06-22T15:27:39.635+0700] {processor.py:157} INFO - Started process (PID=13948) to work on /Users/macbook/Documents/Documents_MacBook_Pro/ISTT/AirflowTutorial/envlibs/lib/python3.10/site-packages/airflow/example_dags/example_xcom.py
[2023-06-22T15:27:39.636+0700] {processor.py:826} INFO - Processing file /Users/macbook/Documents/Documents_MacBook_Pro/ISTT/AirflowTutorial/envlibs/lib/python3.10/site-packages/airflow/example_dags/example_xcom.py for tasks to queue
[2023-06-22T15:27:39.637+0700] {logging_mixin.py:149} INFO - [2023-06-22T15:27:39.637+0700] {dagbag.py:541} INFO - Filling up the DagBag from /Users/macbook/Documents/Documents_MacBook_Pro/ISTT/AirflowTutorial/envlibs/lib/python3.10/site-packages/airflow/example_dags/example_xcom.py
[2023-06-22T15:27:39.688+0700] {processor.py:836} INFO - DAG(s) dict_keys(['example_xcom']) retrieved from /Users/macbook/Documents/Documents_MacBook_Pro/ISTT/AirflowTutorial/envlibs/lib/python3.10/site-packages/airflow/example_dags/example_xcom.py
[2023-06-22T15:27:40.507+0700] {logging_mixin.py:149} INFO - [2023-06-22T15:27:40.507+0700] {dag.py:2726} INFO - Sync 1 DAGs
[2023-06-22T15:27:40.523+0700] {logging_mixin.py:149} INFO - [2023-06-22T15:27:40.523+0700] {dag.py:3486} INFO - Setting next_dagrun for example_xcom to 2021-01-01T00:00:00+00:00, run_after=2021-01-01T00:00:00+00:00
[2023-06-22T15:27:40.540+0700] {processor.py:179} INFO - Processing /Users/macbook/Documents/Documents_MacBook_Pro/ISTT/AirflowTutorial/envlibs/lib/python3.10/site-packages/airflow/example_dags/example_xcom.py took 0.906 seconds
[2023-06-22T15:29:47.947+0700] {processor.py:157} INFO - Started process (PID=14002) to work on /Users/macbook/Documents/Documents_MacBook_Pro/ISTT/AirflowTutorial/envlibs/lib/python3.10/site-packages/airflow/example_dags/example_xcom.py
[2023-06-22T15:29:47.948+0700] {processor.py:826} INFO - Processing file /Users/macbook/Documents/Documents_MacBook_Pro/ISTT/AirflowTutorial/envlibs/lib/python3.10/site-packages/airflow/example_dags/example_xcom.py for tasks to queue
[2023-06-22T15:29:47.949+0700] {logging_mixin.py:149} INFO - [2023-06-22T15:29:47.949+0700] {dagbag.py:541} INFO - Filling up the DagBag from /Users/macbook/Documents/Documents_MacBook_Pro/ISTT/AirflowTutorial/envlibs/lib/python3.10/site-packages/airflow/example_dags/example_xcom.py
[2023-06-22T15:29:48.006+0700] {processor.py:836} INFO - DAG(s) dict_keys(['example_xcom']) retrieved from /Users/macbook/Documents/Documents_MacBook_Pro/ISTT/AirflowTutorial/envlibs/lib/python3.10/site-packages/airflow/example_dags/example_xcom.py
[2023-06-22T15:29:48.730+0700] {logging_mixin.py:149} INFO - [2023-06-22T15:29:48.730+0700] {dag.py:2726} INFO - Sync 1 DAGs
[2023-06-22T15:29:48.745+0700] {logging_mixin.py:149} INFO - [2023-06-22T15:29:48.745+0700] {dag.py:3486} INFO - Setting next_dagrun for example_xcom to 2021-01-01T00:00:00+00:00, run_after=2021-01-01T00:00:00+00:00
[2023-06-22T15:29:48.762+0700] {processor.py:179} INFO - Processing /Users/macbook/Documents/Documents_MacBook_Pro/ISTT/AirflowTutorial/envlibs/lib/python3.10/site-packages/airflow/example_dags/example_xcom.py took 0.816 seconds
[2023-06-22T15:31:52.733+0700] {processor.py:157} INFO - Started process (PID=14066) to work on /Users/macbook/Documents/Documents_MacBook_Pro/ISTT/AirflowTutorial/envlibs/lib/python3.10/site-packages/airflow/example_dags/example_xcom.py
[2023-06-22T15:31:52.734+0700] {processor.py:826} INFO - Processing file /Users/macbook/Documents/Documents_MacBook_Pro/ISTT/AirflowTutorial/envlibs/lib/python3.10/site-packages/airflow/example_dags/example_xcom.py for tasks to queue
[2023-06-22T15:31:52.735+0700] {logging_mixin.py:149} INFO - [2023-06-22T15:31:52.735+0700] {dagbag.py:541} INFO - Filling up the DagBag from /Users/macbook/Documents/Documents_MacBook_Pro/ISTT/AirflowTutorial/envlibs/lib/python3.10/site-packages/airflow/example_dags/example_xcom.py
[2023-06-22T15:31:52.787+0700] {processor.py:836} INFO - DAG(s) dict_keys(['example_xcom']) retrieved from /Users/macbook/Documents/Documents_MacBook_Pro/ISTT/AirflowTutorial/envlibs/lib/python3.10/site-packages/airflow/example_dags/example_xcom.py
[2023-06-22T15:31:53.629+0700] {logging_mixin.py:149} INFO - [2023-06-22T15:31:53.629+0700] {dag.py:2726} INFO - Sync 1 DAGs
[2023-06-22T15:31:53.648+0700] {logging_mixin.py:149} INFO - [2023-06-22T15:31:53.648+0700] {dag.py:3486} INFO - Setting next_dagrun for example_xcom to 2021-01-01T00:00:00+00:00, run_after=2021-01-01T00:00:00+00:00
[2023-06-22T15:31:53.670+0700] {processor.py:179} INFO - Processing /Users/macbook/Documents/Documents_MacBook_Pro/ISTT/AirflowTutorial/envlibs/lib/python3.10/site-packages/airflow/example_dags/example_xcom.py took 0.938 seconds
[2023-06-22T15:33:57.214+0700] {processor.py:157} INFO - Started process (PID=14127) to work on /Users/macbook/Documents/Documents_MacBook_Pro/ISTT/AirflowTutorial/envlibs/lib/python3.10/site-packages/airflow/example_dags/example_xcom.py
[2023-06-22T15:33:57.215+0700] {processor.py:826} INFO - Processing file /Users/macbook/Documents/Documents_MacBook_Pro/ISTT/AirflowTutorial/envlibs/lib/python3.10/site-packages/airflow/example_dags/example_xcom.py for tasks to queue
[2023-06-22T15:33:57.215+0700] {logging_mixin.py:149} INFO - [2023-06-22T15:33:57.215+0700] {dagbag.py:541} INFO - Filling up the DagBag from /Users/macbook/Documents/Documents_MacBook_Pro/ISTT/AirflowTutorial/envlibs/lib/python3.10/site-packages/airflow/example_dags/example_xcom.py
[2023-06-22T15:33:57.266+0700] {processor.py:836} INFO - DAG(s) dict_keys(['example_xcom']) retrieved from /Users/macbook/Documents/Documents_MacBook_Pro/ISTT/AirflowTutorial/envlibs/lib/python3.10/site-packages/airflow/example_dags/example_xcom.py
[2023-06-22T15:33:57.980+0700] {logging_mixin.py:149} INFO - [2023-06-22T15:33:57.980+0700] {dag.py:2726} INFO - Sync 1 DAGs
[2023-06-22T15:33:57.995+0700] {logging_mixin.py:149} INFO - [2023-06-22T15:33:57.995+0700] {dag.py:3486} INFO - Setting next_dagrun for example_xcom to 2021-01-01T00:00:00+00:00, run_after=2021-01-01T00:00:00+00:00
[2023-06-22T15:33:58.011+0700] {processor.py:179} INFO - Processing /Users/macbook/Documents/Documents_MacBook_Pro/ISTT/AirflowTutorial/envlibs/lib/python3.10/site-packages/airflow/example_dags/example_xcom.py took 0.798 seconds
[2023-06-22T15:36:02.463+0700] {processor.py:157} INFO - Started process (PID=14184) to work on /Users/macbook/Documents/Documents_MacBook_Pro/ISTT/AirflowTutorial/envlibs/lib/python3.10/site-packages/airflow/example_dags/example_xcom.py
[2023-06-22T15:36:02.464+0700] {processor.py:826} INFO - Processing file /Users/macbook/Documents/Documents_MacBook_Pro/ISTT/AirflowTutorial/envlibs/lib/python3.10/site-packages/airflow/example_dags/example_xcom.py for tasks to queue
[2023-06-22T15:36:02.465+0700] {logging_mixin.py:149} INFO - [2023-06-22T15:36:02.465+0700] {dagbag.py:541} INFO - Filling up the DagBag from /Users/macbook/Documents/Documents_MacBook_Pro/ISTT/AirflowTutorial/envlibs/lib/python3.10/site-packages/airflow/example_dags/example_xcom.py
[2023-06-22T15:36:02.522+0700] {processor.py:836} INFO - DAG(s) dict_keys(['example_xcom']) retrieved from /Users/macbook/Documents/Documents_MacBook_Pro/ISTT/AirflowTutorial/envlibs/lib/python3.10/site-packages/airflow/example_dags/example_xcom.py
[2023-06-22T15:36:03.385+0700] {logging_mixin.py:149} INFO - [2023-06-22T15:36:03.385+0700] {dag.py:2726} INFO - Sync 1 DAGs
[2023-06-22T15:36:03.403+0700] {logging_mixin.py:149} INFO - [2023-06-22T15:36:03.403+0700] {dag.py:3486} INFO - Setting next_dagrun for example_xcom to 2021-01-01T00:00:00+00:00, run_after=2021-01-01T00:00:00+00:00
[2023-06-22T15:36:03.422+0700] {processor.py:179} INFO - Processing /Users/macbook/Documents/Documents_MacBook_Pro/ISTT/AirflowTutorial/envlibs/lib/python3.10/site-packages/airflow/example_dags/example_xcom.py took 0.960 seconds
[2023-06-22T15:38:14.376+0700] {processor.py:157} INFO - Started process (PID=14268) to work on /Users/macbook/Documents/Documents_MacBook_Pro/ISTT/AirflowTutorial/envlibs/lib/python3.10/site-packages/airflow/example_dags/example_xcom.py
[2023-06-22T15:38:14.378+0700] {processor.py:826} INFO - Processing file /Users/macbook/Documents/Documents_MacBook_Pro/ISTT/AirflowTutorial/envlibs/lib/python3.10/site-packages/airflow/example_dags/example_xcom.py for tasks to queue
[2023-06-22T15:38:14.378+0700] {logging_mixin.py:149} INFO - [2023-06-22T15:38:14.378+0700] {dagbag.py:541} INFO - Filling up the DagBag from /Users/macbook/Documents/Documents_MacBook_Pro/ISTT/AirflowTutorial/envlibs/lib/python3.10/site-packages/airflow/example_dags/example_xcom.py
[2023-06-22T15:38:14.435+0700] {processor.py:836} INFO - DAG(s) dict_keys(['example_xcom']) retrieved from /Users/macbook/Documents/Documents_MacBook_Pro/ISTT/AirflowTutorial/envlibs/lib/python3.10/site-packages/airflow/example_dags/example_xcom.py
[2023-06-22T15:38:15.354+0700] {logging_mixin.py:149} INFO - [2023-06-22T15:38:15.353+0700] {dag.py:2726} INFO - Sync 1 DAGs
[2023-06-22T15:38:15.370+0700] {logging_mixin.py:149} INFO - [2023-06-22T15:38:15.370+0700] {dag.py:3486} INFO - Setting next_dagrun for example_xcom to 2021-01-01T00:00:00+00:00, run_after=2021-01-01T00:00:00+00:00
[2023-06-22T15:38:15.388+0700] {processor.py:179} INFO - Processing /Users/macbook/Documents/Documents_MacBook_Pro/ISTT/AirflowTutorial/envlibs/lib/python3.10/site-packages/airflow/example_dags/example_xcom.py took 1.013 seconds
[2023-06-22T15:40:23.671+0700] {processor.py:157} INFO - Started process (PID=14322) to work on /Users/macbook/Documents/Documents_MacBook_Pro/ISTT/AirflowTutorial/envlibs/lib/python3.10/site-packages/airflow/example_dags/example_xcom.py
[2023-06-22T15:40:23.672+0700] {processor.py:826} INFO - Processing file /Users/macbook/Documents/Documents_MacBook_Pro/ISTT/AirflowTutorial/envlibs/lib/python3.10/site-packages/airflow/example_dags/example_xcom.py for tasks to queue
[2023-06-22T15:40:23.673+0700] {logging_mixin.py:149} INFO - [2023-06-22T15:40:23.673+0700] {dagbag.py:541} INFO - Filling up the DagBag from /Users/macbook/Documents/Documents_MacBook_Pro/ISTT/AirflowTutorial/envlibs/lib/python3.10/site-packages/airflow/example_dags/example_xcom.py
[2023-06-22T15:40:23.746+0700] {processor.py:836} INFO - DAG(s) dict_keys(['example_xcom']) retrieved from /Users/macbook/Documents/Documents_MacBook_Pro/ISTT/AirflowTutorial/envlibs/lib/python3.10/site-packages/airflow/example_dags/example_xcom.py
[2023-06-22T15:40:24.545+0700] {logging_mixin.py:149} INFO - [2023-06-22T15:40:24.545+0700] {dag.py:2726} INFO - Sync 1 DAGs
[2023-06-22T15:40:24.563+0700] {logging_mixin.py:149} INFO - [2023-06-22T15:40:24.563+0700] {dag.py:3486} INFO - Setting next_dagrun for example_xcom to 2021-01-01T00:00:00+00:00, run_after=2021-01-01T00:00:00+00:00
[2023-06-22T15:40:24.587+0700] {processor.py:179} INFO - Processing /Users/macbook/Documents/Documents_MacBook_Pro/ISTT/AirflowTutorial/envlibs/lib/python3.10/site-packages/airflow/example_dags/example_xcom.py took 0.917 seconds
[2023-06-22T15:42:33.520+0700] {processor.py:157} INFO - Started process (PID=14397) to work on /Users/macbook/Documents/Documents_MacBook_Pro/ISTT/AirflowTutorial/envlibs/lib/python3.10/site-packages/airflow/example_dags/example_xcom.py
[2023-06-22T15:42:33.521+0700] {processor.py:826} INFO - Processing file /Users/macbook/Documents/Documents_MacBook_Pro/ISTT/AirflowTutorial/envlibs/lib/python3.10/site-packages/airflow/example_dags/example_xcom.py for tasks to queue
[2023-06-22T15:42:33.522+0700] {logging_mixin.py:149} INFO - [2023-06-22T15:42:33.522+0700] {dagbag.py:541} INFO - Filling up the DagBag from /Users/macbook/Documents/Documents_MacBook_Pro/ISTT/AirflowTutorial/envlibs/lib/python3.10/site-packages/airflow/example_dags/example_xcom.py
[2023-06-22T15:42:33.638+0700] {processor.py:836} INFO - DAG(s) dict_keys(['example_xcom']) retrieved from /Users/macbook/Documents/Documents_MacBook_Pro/ISTT/AirflowTutorial/envlibs/lib/python3.10/site-packages/airflow/example_dags/example_xcom.py
[2023-06-22T15:42:34.804+0700] {logging_mixin.py:149} INFO - [2023-06-22T15:42:34.804+0700] {dag.py:2726} INFO - Sync 1 DAGs
[2023-06-22T15:42:34.825+0700] {logging_mixin.py:149} INFO - [2023-06-22T15:42:34.825+0700] {dag.py:3486} INFO - Setting next_dagrun for example_xcom to 2021-01-01T00:00:00+00:00, run_after=2021-01-01T00:00:00+00:00
[2023-06-22T15:42:34.846+0700] {processor.py:179} INFO - Processing /Users/macbook/Documents/Documents_MacBook_Pro/ISTT/AirflowTutorial/envlibs/lib/python3.10/site-packages/airflow/example_dags/example_xcom.py took 1.329 seconds
[2023-06-22T15:44:42.522+0700] {processor.py:157} INFO - Started process (PID=14459) to work on /Users/macbook/Documents/Documents_MacBook_Pro/ISTT/AirflowTutorial/envlibs/lib/python3.10/site-packages/airflow/example_dags/example_xcom.py
[2023-06-22T15:44:42.524+0700] {processor.py:826} INFO - Processing file /Users/macbook/Documents/Documents_MacBook_Pro/ISTT/AirflowTutorial/envlibs/lib/python3.10/site-packages/airflow/example_dags/example_xcom.py for tasks to queue
[2023-06-22T15:44:42.524+0700] {logging_mixin.py:149} INFO - [2023-06-22T15:44:42.524+0700] {dagbag.py:541} INFO - Filling up the DagBag from /Users/macbook/Documents/Documents_MacBook_Pro/ISTT/AirflowTutorial/envlibs/lib/python3.10/site-packages/airflow/example_dags/example_xcom.py
[2023-06-22T15:44:42.626+0700] {processor.py:836} INFO - DAG(s) dict_keys(['example_xcom']) retrieved from /Users/macbook/Documents/Documents_MacBook_Pro/ISTT/AirflowTutorial/envlibs/lib/python3.10/site-packages/airflow/example_dags/example_xcom.py
[2023-06-22T15:44:43.648+0700] {logging_mixin.py:149} INFO - [2023-06-22T15:44:43.647+0700] {dag.py:2726} INFO - Sync 1 DAGs
[2023-06-22T15:44:43.672+0700] {logging_mixin.py:149} INFO - [2023-06-22T15:44:43.671+0700] {dag.py:3486} INFO - Setting next_dagrun for example_xcom to 2021-01-01T00:00:00+00:00, run_after=2021-01-01T00:00:00+00:00
[2023-06-22T15:44:43.695+0700] {processor.py:179} INFO - Processing /Users/macbook/Documents/Documents_MacBook_Pro/ISTT/AirflowTutorial/envlibs/lib/python3.10/site-packages/airflow/example_dags/example_xcom.py took 1.175 seconds
[2023-06-22T15:46:56.250+0700] {processor.py:157} INFO - Started process (PID=14533) to work on /Users/macbook/Documents/Documents_MacBook_Pro/ISTT/AirflowTutorial/envlibs/lib/python3.10/site-packages/airflow/example_dags/example_xcom.py
[2023-06-22T15:46:56.251+0700] {processor.py:826} INFO - Processing file /Users/macbook/Documents/Documents_MacBook_Pro/ISTT/AirflowTutorial/envlibs/lib/python3.10/site-packages/airflow/example_dags/example_xcom.py for tasks to queue
[2023-06-22T15:46:56.252+0700] {logging_mixin.py:149} INFO - [2023-06-22T15:46:56.252+0700] {dagbag.py:541} INFO - Filling up the DagBag from /Users/macbook/Documents/Documents_MacBook_Pro/ISTT/AirflowTutorial/envlibs/lib/python3.10/site-packages/airflow/example_dags/example_xcom.py
[2023-06-22T15:46:56.363+0700] {processor.py:836} INFO - DAG(s) dict_keys(['example_xcom']) retrieved from /Users/macbook/Documents/Documents_MacBook_Pro/ISTT/AirflowTutorial/envlibs/lib/python3.10/site-packages/airflow/example_dags/example_xcom.py
[2023-06-22T15:46:57.469+0700] {logging_mixin.py:149} INFO - [2023-06-22T15:46:57.469+0700] {dag.py:2726} INFO - Sync 1 DAGs
[2023-06-22T15:46:57.488+0700] {logging_mixin.py:149} INFO - [2023-06-22T15:46:57.488+0700] {dag.py:3486} INFO - Setting next_dagrun for example_xcom to 2021-01-01T00:00:00+00:00, run_after=2021-01-01T00:00:00+00:00
[2023-06-22T15:46:57.509+0700] {processor.py:179} INFO - Processing /Users/macbook/Documents/Documents_MacBook_Pro/ISTT/AirflowTutorial/envlibs/lib/python3.10/site-packages/airflow/example_dags/example_xcom.py took 1.261 seconds
[2023-06-22T15:49:11.805+0700] {processor.py:157} INFO - Started process (PID=14632) to work on /Users/macbook/Documents/Documents_MacBook_Pro/ISTT/AirflowTutorial/envlibs/lib/python3.10/site-packages/airflow/example_dags/example_xcom.py
[2023-06-22T15:49:11.806+0700] {processor.py:826} INFO - Processing file /Users/macbook/Documents/Documents_MacBook_Pro/ISTT/AirflowTutorial/envlibs/lib/python3.10/site-packages/airflow/example_dags/example_xcom.py for tasks to queue
[2023-06-22T15:49:11.807+0700] {logging_mixin.py:149} INFO - [2023-06-22T15:49:11.807+0700] {dagbag.py:541} INFO - Filling up the DagBag from /Users/macbook/Documents/Documents_MacBook_Pro/ISTT/AirflowTutorial/envlibs/lib/python3.10/site-packages/airflow/example_dags/example_xcom.py
[2023-06-22T15:49:11.887+0700] {processor.py:836} INFO - DAG(s) dict_keys(['example_xcom']) retrieved from /Users/macbook/Documents/Documents_MacBook_Pro/ISTT/AirflowTutorial/envlibs/lib/python3.10/site-packages/airflow/example_dags/example_xcom.py
[2023-06-22T15:49:13.019+0700] {logging_mixin.py:149} INFO - [2023-06-22T15:49:13.018+0700] {dag.py:2726} INFO - Sync 1 DAGs
[2023-06-22T15:49:13.036+0700] {logging_mixin.py:149} INFO - [2023-06-22T15:49:13.036+0700] {dag.py:3486} INFO - Setting next_dagrun for example_xcom to 2021-01-01T00:00:00+00:00, run_after=2021-01-01T00:00:00+00:00
[2023-06-22T15:49:13.055+0700] {processor.py:179} INFO - Processing /Users/macbook/Documents/Documents_MacBook_Pro/ISTT/AirflowTutorial/envlibs/lib/python3.10/site-packages/airflow/example_dags/example_xcom.py took 1.251 seconds
[2023-06-22T15:51:22.994+0700] {processor.py:157} INFO - Started process (PID=14686) to work on /Users/macbook/Documents/Documents_MacBook_Pro/ISTT/AirflowTutorial/envlibs/lib/python3.10/site-packages/airflow/example_dags/example_xcom.py
[2023-06-22T15:51:22.995+0700] {processor.py:826} INFO - Processing file /Users/macbook/Documents/Documents_MacBook_Pro/ISTT/AirflowTutorial/envlibs/lib/python3.10/site-packages/airflow/example_dags/example_xcom.py for tasks to queue
[2023-06-22T15:51:22.996+0700] {logging_mixin.py:149} INFO - [2023-06-22T15:51:22.996+0700] {dagbag.py:541} INFO - Filling up the DagBag from /Users/macbook/Documents/Documents_MacBook_Pro/ISTT/AirflowTutorial/envlibs/lib/python3.10/site-packages/airflow/example_dags/example_xcom.py
[2023-06-22T15:51:23.053+0700] {processor.py:836} INFO - DAG(s) dict_keys(['example_xcom']) retrieved from /Users/macbook/Documents/Documents_MacBook_Pro/ISTT/AirflowTutorial/envlibs/lib/python3.10/site-packages/airflow/example_dags/example_xcom.py
[2023-06-22T15:51:23.842+0700] {logging_mixin.py:149} INFO - [2023-06-22T15:51:23.842+0700] {dag.py:2726} INFO - Sync 1 DAGs
[2023-06-22T15:51:23.859+0700] {logging_mixin.py:149} INFO - [2023-06-22T15:51:23.859+0700] {dag.py:3486} INFO - Setting next_dagrun for example_xcom to 2021-01-01T00:00:00+00:00, run_after=2021-01-01T00:00:00+00:00
[2023-06-22T15:51:23.879+0700] {processor.py:179} INFO - Processing /Users/macbook/Documents/Documents_MacBook_Pro/ISTT/AirflowTutorial/envlibs/lib/python3.10/site-packages/airflow/example_dags/example_xcom.py took 0.885 seconds
[2023-06-22T15:53:43.992+0700] {processor.py:157} INFO - Started process (PID=14782) to work on /Users/macbook/Documents/Documents_MacBook_Pro/ISTT/AirflowTutorial/envlibs/lib/python3.10/site-packages/airflow/example_dags/example_xcom.py
[2023-06-22T15:53:43.993+0700] {processor.py:826} INFO - Processing file /Users/macbook/Documents/Documents_MacBook_Pro/ISTT/AirflowTutorial/envlibs/lib/python3.10/site-packages/airflow/example_dags/example_xcom.py for tasks to queue
[2023-06-22T15:53:43.994+0700] {logging_mixin.py:149} INFO - [2023-06-22T15:53:43.994+0700] {dagbag.py:541} INFO - Filling up the DagBag from /Users/macbook/Documents/Documents_MacBook_Pro/ISTT/AirflowTutorial/envlibs/lib/python3.10/site-packages/airflow/example_dags/example_xcom.py
[2023-06-22T15:53:44.059+0700] {processor.py:836} INFO - DAG(s) dict_keys(['example_xcom']) retrieved from /Users/macbook/Documents/Documents_MacBook_Pro/ISTT/AirflowTutorial/envlibs/lib/python3.10/site-packages/airflow/example_dags/example_xcom.py
[2023-06-22T15:53:44.915+0700] {logging_mixin.py:149} INFO - [2023-06-22T15:53:44.915+0700] {dag.py:2726} INFO - Sync 1 DAGs
[2023-06-22T15:53:44.932+0700] {logging_mixin.py:149} INFO - [2023-06-22T15:53:44.932+0700] {dag.py:3486} INFO - Setting next_dagrun for example_xcom to 2021-01-01T00:00:00+00:00, run_after=2021-01-01T00:00:00+00:00
[2023-06-22T15:53:44.952+0700] {processor.py:179} INFO - Processing /Users/macbook/Documents/Documents_MacBook_Pro/ISTT/AirflowTutorial/envlibs/lib/python3.10/site-packages/airflow/example_dags/example_xcom.py took 0.961 seconds
[2023-06-22T15:55:56.429+0700] {processor.py:157} INFO - Started process (PID=14866) to work on /Users/macbook/Documents/Documents_MacBook_Pro/ISTT/AirflowTutorial/envlibs/lib/python3.10/site-packages/airflow/example_dags/example_xcom.py
[2023-06-22T15:55:56.431+0700] {processor.py:826} INFO - Processing file /Users/macbook/Documents/Documents_MacBook_Pro/ISTT/AirflowTutorial/envlibs/lib/python3.10/site-packages/airflow/example_dags/example_xcom.py for tasks to queue
[2023-06-22T15:55:56.432+0700] {logging_mixin.py:149} INFO - [2023-06-22T15:55:56.431+0700] {dagbag.py:541} INFO - Filling up the DagBag from /Users/macbook/Documents/Documents_MacBook_Pro/ISTT/AirflowTutorial/envlibs/lib/python3.10/site-packages/airflow/example_dags/example_xcom.py
[2023-06-22T15:55:56.516+0700] {processor.py:836} INFO - DAG(s) dict_keys(['example_xcom']) retrieved from /Users/macbook/Documents/Documents_MacBook_Pro/ISTT/AirflowTutorial/envlibs/lib/python3.10/site-packages/airflow/example_dags/example_xcom.py
[2023-06-22T15:55:57.474+0700] {logging_mixin.py:149} INFO - [2023-06-22T15:55:57.473+0700] {dag.py:2726} INFO - Sync 1 DAGs
[2023-06-22T15:55:57.494+0700] {logging_mixin.py:149} INFO - [2023-06-22T15:55:57.493+0700] {dag.py:3486} INFO - Setting next_dagrun for example_xcom to 2021-01-01T00:00:00+00:00, run_after=2021-01-01T00:00:00+00:00
[2023-06-22T15:55:57.516+0700] {processor.py:179} INFO - Processing /Users/macbook/Documents/Documents_MacBook_Pro/ISTT/AirflowTutorial/envlibs/lib/python3.10/site-packages/airflow/example_dags/example_xcom.py took 1.088 seconds
[2023-06-22T15:58:15.270+0700] {processor.py:157} INFO - Started process (PID=14939) to work on /Users/macbook/Documents/Documents_MacBook_Pro/ISTT/AirflowTutorial/envlibs/lib/python3.10/site-packages/airflow/example_dags/example_xcom.py
[2023-06-22T15:58:15.271+0700] {processor.py:826} INFO - Processing file /Users/macbook/Documents/Documents_MacBook_Pro/ISTT/AirflowTutorial/envlibs/lib/python3.10/site-packages/airflow/example_dags/example_xcom.py for tasks to queue
[2023-06-22T15:58:15.271+0700] {logging_mixin.py:149} INFO - [2023-06-22T15:58:15.271+0700] {dagbag.py:541} INFO - Filling up the DagBag from /Users/macbook/Documents/Documents_MacBook_Pro/ISTT/AirflowTutorial/envlibs/lib/python3.10/site-packages/airflow/example_dags/example_xcom.py
[2023-06-22T15:58:15.327+0700] {processor.py:836} INFO - DAG(s) dict_keys(['example_xcom']) retrieved from /Users/macbook/Documents/Documents_MacBook_Pro/ISTT/AirflowTutorial/envlibs/lib/python3.10/site-packages/airflow/example_dags/example_xcom.py
[2023-06-22T15:58:16.095+0700] {logging_mixin.py:149} INFO - [2023-06-22T15:58:16.095+0700] {dag.py:2726} INFO - Sync 1 DAGs
[2023-06-22T15:58:16.112+0700] {logging_mixin.py:149} INFO - [2023-06-22T15:58:16.112+0700] {dag.py:3486} INFO - Setting next_dagrun for example_xcom to 2021-01-01T00:00:00+00:00, run_after=2021-01-01T00:00:00+00:00
[2023-06-22T15:58:16.133+0700] {processor.py:179} INFO - Processing /Users/macbook/Documents/Documents_MacBook_Pro/ISTT/AirflowTutorial/envlibs/lib/python3.10/site-packages/airflow/example_dags/example_xcom.py took 0.864 seconds
[2023-06-22T16:00:29.362+0700] {processor.py:157} INFO - Started process (PID=14992) to work on /Users/macbook/Documents/Documents_MacBook_Pro/ISTT/AirflowTutorial/envlibs/lib/python3.10/site-packages/airflow/example_dags/example_xcom.py
[2023-06-22T16:00:29.364+0700] {processor.py:826} INFO - Processing file /Users/macbook/Documents/Documents_MacBook_Pro/ISTT/AirflowTutorial/envlibs/lib/python3.10/site-packages/airflow/example_dags/example_xcom.py for tasks to queue
[2023-06-22T16:00:29.364+0700] {logging_mixin.py:149} INFO - [2023-06-22T16:00:29.364+0700] {dagbag.py:541} INFO - Filling up the DagBag from /Users/macbook/Documents/Documents_MacBook_Pro/ISTT/AirflowTutorial/envlibs/lib/python3.10/site-packages/airflow/example_dags/example_xcom.py
[2023-06-22T16:00:29.423+0700] {processor.py:836} INFO - DAG(s) dict_keys(['example_xcom']) retrieved from /Users/macbook/Documents/Documents_MacBook_Pro/ISTT/AirflowTutorial/envlibs/lib/python3.10/site-packages/airflow/example_dags/example_xcom.py
[2023-06-22T16:00:30.305+0700] {logging_mixin.py:149} INFO - [2023-06-22T16:00:30.305+0700] {dag.py:2726} INFO - Sync 1 DAGs
[2023-06-22T16:00:30.323+0700] {logging_mixin.py:149} INFO - [2023-06-22T16:00:30.323+0700] {dag.py:3486} INFO - Setting next_dagrun for example_xcom to 2021-01-01T00:00:00+00:00, run_after=2021-01-01T00:00:00+00:00
[2023-06-22T16:00:30.346+0700] {processor.py:179} INFO - Processing /Users/macbook/Documents/Documents_MacBook_Pro/ISTT/AirflowTutorial/envlibs/lib/python3.10/site-packages/airflow/example_dags/example_xcom.py took 0.985 seconds
[2023-06-22T16:02:43.717+0700] {processor.py:157} INFO - Started process (PID=15052) to work on /Users/macbook/Documents/Documents_MacBook_Pro/ISTT/AirflowTutorial/envlibs/lib/python3.10/site-packages/airflow/example_dags/example_xcom.py
[2023-06-22T16:02:43.719+0700] {processor.py:826} INFO - Processing file /Users/macbook/Documents/Documents_MacBook_Pro/ISTT/AirflowTutorial/envlibs/lib/python3.10/site-packages/airflow/example_dags/example_xcom.py for tasks to queue
[2023-06-22T16:02:43.720+0700] {logging_mixin.py:149} INFO - [2023-06-22T16:02:43.719+0700] {dagbag.py:541} INFO - Filling up the DagBag from /Users/macbook/Documents/Documents_MacBook_Pro/ISTT/AirflowTutorial/envlibs/lib/python3.10/site-packages/airflow/example_dags/example_xcom.py
[2023-06-22T16:02:43.780+0700] {processor.py:836} INFO - DAG(s) dict_keys(['example_xcom']) retrieved from /Users/macbook/Documents/Documents_MacBook_Pro/ISTT/AirflowTutorial/envlibs/lib/python3.10/site-packages/airflow/example_dags/example_xcom.py
[2023-06-22T16:02:44.595+0700] {logging_mixin.py:149} INFO - [2023-06-22T16:02:44.595+0700] {dag.py:2726} INFO - Sync 1 DAGs
[2023-06-22T16:02:44.613+0700] {logging_mixin.py:149} INFO - [2023-06-22T16:02:44.613+0700] {dag.py:3486} INFO - Setting next_dagrun for example_xcom to 2021-01-01T00:00:00+00:00, run_after=2021-01-01T00:00:00+00:00
[2023-06-22T16:02:44.633+0700] {processor.py:179} INFO - Processing /Users/macbook/Documents/Documents_MacBook_Pro/ISTT/AirflowTutorial/envlibs/lib/python3.10/site-packages/airflow/example_dags/example_xcom.py took 0.918 seconds
[2023-06-22T16:04:55.962+0700] {processor.py:157} INFO - Started process (PID=15113) to work on /Users/macbook/Documents/Documents_MacBook_Pro/ISTT/AirflowTutorial/envlibs/lib/python3.10/site-packages/airflow/example_dags/example_xcom.py
[2023-06-22T16:04:55.964+0700] {processor.py:826} INFO - Processing file /Users/macbook/Documents/Documents_MacBook_Pro/ISTT/AirflowTutorial/envlibs/lib/python3.10/site-packages/airflow/example_dags/example_xcom.py for tasks to queue
[2023-06-22T16:04:55.964+0700] {logging_mixin.py:149} INFO - [2023-06-22T16:04:55.964+0700] {dagbag.py:541} INFO - Filling up the DagBag from /Users/macbook/Documents/Documents_MacBook_Pro/ISTT/AirflowTutorial/envlibs/lib/python3.10/site-packages/airflow/example_dags/example_xcom.py
[2023-06-22T16:04:56.038+0700] {processor.py:836} INFO - DAG(s) dict_keys(['example_xcom']) retrieved from /Users/macbook/Documents/Documents_MacBook_Pro/ISTT/AirflowTutorial/envlibs/lib/python3.10/site-packages/airflow/example_dags/example_xcom.py
[2023-06-22T16:04:56.953+0700] {logging_mixin.py:149} INFO - [2023-06-22T16:04:56.952+0700] {dag.py:2726} INFO - Sync 1 DAGs
[2023-06-22T16:04:56.974+0700] {logging_mixin.py:149} INFO - [2023-06-22T16:04:56.974+0700] {dag.py:3486} INFO - Setting next_dagrun for example_xcom to 2021-01-01T00:00:00+00:00, run_after=2021-01-01T00:00:00+00:00
[2023-06-22T16:04:56.997+0700] {processor.py:179} INFO - Processing /Users/macbook/Documents/Documents_MacBook_Pro/ISTT/AirflowTutorial/envlibs/lib/python3.10/site-packages/airflow/example_dags/example_xcom.py took 1.035 seconds
[2023-06-22T16:07:02.853+0700] {processor.py:157} INFO - Started process (PID=15176) to work on /Users/macbook/Documents/Documents_MacBook_Pro/ISTT/AirflowTutorial/envlibs/lib/python3.10/site-packages/airflow/example_dags/example_xcom.py
[2023-06-22T16:07:02.854+0700] {processor.py:826} INFO - Processing file /Users/macbook/Documents/Documents_MacBook_Pro/ISTT/AirflowTutorial/envlibs/lib/python3.10/site-packages/airflow/example_dags/example_xcom.py for tasks to queue
[2023-06-22T16:07:02.855+0700] {logging_mixin.py:149} INFO - [2023-06-22T16:07:02.855+0700] {dagbag.py:541} INFO - Filling up the DagBag from /Users/macbook/Documents/Documents_MacBook_Pro/ISTT/AirflowTutorial/envlibs/lib/python3.10/site-packages/airflow/example_dags/example_xcom.py
[2023-06-22T16:07:02.908+0700] {processor.py:836} INFO - DAG(s) dict_keys(['example_xcom']) retrieved from /Users/macbook/Documents/Documents_MacBook_Pro/ISTT/AirflowTutorial/envlibs/lib/python3.10/site-packages/airflow/example_dags/example_xcom.py
[2023-06-22T16:07:03.677+0700] {logging_mixin.py:149} INFO - [2023-06-22T16:07:03.677+0700] {dag.py:2726} INFO - Sync 1 DAGs
[2023-06-22T16:07:03.693+0700] {logging_mixin.py:149} INFO - [2023-06-22T16:07:03.693+0700] {dag.py:3486} INFO - Setting next_dagrun for example_xcom to 2021-01-01T00:00:00+00:00, run_after=2021-01-01T00:00:00+00:00
[2023-06-22T16:07:03.712+0700] {processor.py:179} INFO - Processing /Users/macbook/Documents/Documents_MacBook_Pro/ISTT/AirflowTutorial/envlibs/lib/python3.10/site-packages/airflow/example_dags/example_xcom.py took 0.859 seconds
[2023-06-22T16:09:16.150+0700] {processor.py:157} INFO - Started process (PID=15234) to work on /Users/macbook/Documents/Documents_MacBook_Pro/ISTT/AirflowTutorial/envlibs/lib/python3.10/site-packages/airflow/example_dags/example_xcom.py
[2023-06-22T16:09:16.151+0700] {processor.py:826} INFO - Processing file /Users/macbook/Documents/Documents_MacBook_Pro/ISTT/AirflowTutorial/envlibs/lib/python3.10/site-packages/airflow/example_dags/example_xcom.py for tasks to queue
[2023-06-22T16:09:16.152+0700] {logging_mixin.py:149} INFO - [2023-06-22T16:09:16.152+0700] {dagbag.py:541} INFO - Filling up the DagBag from /Users/macbook/Documents/Documents_MacBook_Pro/ISTT/AirflowTutorial/envlibs/lib/python3.10/site-packages/airflow/example_dags/example_xcom.py
[2023-06-22T16:09:16.204+0700] {processor.py:836} INFO - DAG(s) dict_keys(['example_xcom']) retrieved from /Users/macbook/Documents/Documents_MacBook_Pro/ISTT/AirflowTutorial/envlibs/lib/python3.10/site-packages/airflow/example_dags/example_xcom.py
[2023-06-22T16:09:16.964+0700] {logging_mixin.py:149} INFO - [2023-06-22T16:09:16.963+0700] {dag.py:2726} INFO - Sync 1 DAGs
[2023-06-22T16:09:16.980+0700] {logging_mixin.py:149} INFO - [2023-06-22T16:09:16.980+0700] {dag.py:3486} INFO - Setting next_dagrun for example_xcom to 2021-01-01T00:00:00+00:00, run_after=2021-01-01T00:00:00+00:00
[2023-06-22T16:09:16.998+0700] {processor.py:179} INFO - Processing /Users/macbook/Documents/Documents_MacBook_Pro/ISTT/AirflowTutorial/envlibs/lib/python3.10/site-packages/airflow/example_dags/example_xcom.py took 0.849 seconds
[2023-06-22T16:11:14.238+0700] {processor.py:157} INFO - Started process (PID=15291) to work on /Users/macbook/Documents/Documents_MacBook_Pro/ISTT/AirflowTutorial/envlibs/lib/python3.10/site-packages/airflow/example_dags/example_xcom.py
[2023-06-22T16:11:14.239+0700] {processor.py:826} INFO - Processing file /Users/macbook/Documents/Documents_MacBook_Pro/ISTT/AirflowTutorial/envlibs/lib/python3.10/site-packages/airflow/example_dags/example_xcom.py for tasks to queue
[2023-06-22T16:11:14.239+0700] {logging_mixin.py:149} INFO - [2023-06-22T16:11:14.239+0700] {dagbag.py:541} INFO - Filling up the DagBag from /Users/macbook/Documents/Documents_MacBook_Pro/ISTT/AirflowTutorial/envlibs/lib/python3.10/site-packages/airflow/example_dags/example_xcom.py
[2023-06-22T16:11:14.291+0700] {processor.py:836} INFO - DAG(s) dict_keys(['example_xcom']) retrieved from /Users/macbook/Documents/Documents_MacBook_Pro/ISTT/AirflowTutorial/envlibs/lib/python3.10/site-packages/airflow/example_dags/example_xcom.py
[2023-06-22T16:11:15.001+0700] {logging_mixin.py:149} INFO - [2023-06-22T16:11:15.000+0700] {dag.py:2726} INFO - Sync 1 DAGs
[2023-06-22T16:11:15.015+0700] {logging_mixin.py:149} INFO - [2023-06-22T16:11:15.015+0700] {dag.py:3486} INFO - Setting next_dagrun for example_xcom to 2021-01-01T00:00:00+00:00, run_after=2021-01-01T00:00:00+00:00
[2023-06-22T16:11:15.040+0700] {processor.py:179} INFO - Processing /Users/macbook/Documents/Documents_MacBook_Pro/ISTT/AirflowTutorial/envlibs/lib/python3.10/site-packages/airflow/example_dags/example_xcom.py took 0.803 seconds
[2023-06-22T16:13:02.965+0700] {processor.py:157} INFO - Started process (PID=15346) to work on /Users/macbook/Documents/Documents_MacBook_Pro/ISTT/AirflowTutorial/envlibs/lib/python3.10/site-packages/airflow/example_dags/example_xcom.py
[2023-06-22T16:13:02.966+0700] {processor.py:826} INFO - Processing file /Users/macbook/Documents/Documents_MacBook_Pro/ISTT/AirflowTutorial/envlibs/lib/python3.10/site-packages/airflow/example_dags/example_xcom.py for tasks to queue
[2023-06-22T16:13:02.966+0700] {logging_mixin.py:149} INFO - [2023-06-22T16:13:02.966+0700] {dagbag.py:541} INFO - Filling up the DagBag from /Users/macbook/Documents/Documents_MacBook_Pro/ISTT/AirflowTutorial/envlibs/lib/python3.10/site-packages/airflow/example_dags/example_xcom.py
[2023-06-22T16:13:03.013+0700] {processor.py:836} INFO - DAG(s) dict_keys(['example_xcom']) retrieved from /Users/macbook/Documents/Documents_MacBook_Pro/ISTT/AirflowTutorial/envlibs/lib/python3.10/site-packages/airflow/example_dags/example_xcom.py
[2023-06-22T16:13:03.711+0700] {logging_mixin.py:149} INFO - [2023-06-22T16:13:03.711+0700] {dag.py:2726} INFO - Sync 1 DAGs
[2023-06-22T16:13:03.726+0700] {logging_mixin.py:149} INFO - [2023-06-22T16:13:03.726+0700] {dag.py:3486} INFO - Setting next_dagrun for example_xcom to 2021-01-01T00:00:00+00:00, run_after=2021-01-01T00:00:00+00:00
[2023-06-22T16:13:03.742+0700] {processor.py:179} INFO - Processing /Users/macbook/Documents/Documents_MacBook_Pro/ISTT/AirflowTutorial/envlibs/lib/python3.10/site-packages/airflow/example_dags/example_xcom.py took 0.777 seconds
[2023-06-22T16:15:08.771+0700] {processor.py:157} INFO - Started process (PID=15400) to work on /Users/macbook/Documents/Documents_MacBook_Pro/ISTT/AirflowTutorial/envlibs/lib/python3.10/site-packages/airflow/example_dags/example_xcom.py
[2023-06-22T16:15:08.773+0700] {processor.py:826} INFO - Processing file /Users/macbook/Documents/Documents_MacBook_Pro/ISTT/AirflowTutorial/envlibs/lib/python3.10/site-packages/airflow/example_dags/example_xcom.py for tasks to queue
[2023-06-22T16:15:08.773+0700] {logging_mixin.py:149} INFO - [2023-06-22T16:15:08.773+0700] {dagbag.py:541} INFO - Filling up the DagBag from /Users/macbook/Documents/Documents_MacBook_Pro/ISTT/AirflowTutorial/envlibs/lib/python3.10/site-packages/airflow/example_dags/example_xcom.py
[2023-06-22T16:15:08.841+0700] {processor.py:836} INFO - DAG(s) dict_keys(['example_xcom']) retrieved from /Users/macbook/Documents/Documents_MacBook_Pro/ISTT/AirflowTutorial/envlibs/lib/python3.10/site-packages/airflow/example_dags/example_xcom.py
[2023-06-22T16:15:09.672+0700] {logging_mixin.py:149} INFO - [2023-06-22T16:15:09.672+0700] {dag.py:2726} INFO - Sync 1 DAGs
[2023-06-22T16:15:09.690+0700] {logging_mixin.py:149} INFO - [2023-06-22T16:15:09.690+0700] {dag.py:3486} INFO - Setting next_dagrun for example_xcom to 2021-01-01T00:00:00+00:00, run_after=2021-01-01T00:00:00+00:00
[2023-06-22T16:15:09.711+0700] {processor.py:179} INFO - Processing /Users/macbook/Documents/Documents_MacBook_Pro/ISTT/AirflowTutorial/envlibs/lib/python3.10/site-packages/airflow/example_dags/example_xcom.py took 0.940 seconds
[2023-06-22T16:17:15.503+0700] {processor.py:157} INFO - Started process (PID=15455) to work on /Users/macbook/Documents/Documents_MacBook_Pro/ISTT/AirflowTutorial/envlibs/lib/python3.10/site-packages/airflow/example_dags/example_xcom.py
[2023-06-22T16:17:15.504+0700] {processor.py:826} INFO - Processing file /Users/macbook/Documents/Documents_MacBook_Pro/ISTT/AirflowTutorial/envlibs/lib/python3.10/site-packages/airflow/example_dags/example_xcom.py for tasks to queue
[2023-06-22T16:17:15.505+0700] {logging_mixin.py:149} INFO - [2023-06-22T16:17:15.505+0700] {dagbag.py:541} INFO - Filling up the DagBag from /Users/macbook/Documents/Documents_MacBook_Pro/ISTT/AirflowTutorial/envlibs/lib/python3.10/site-packages/airflow/example_dags/example_xcom.py
[2023-06-22T16:17:15.561+0700] {processor.py:836} INFO - DAG(s) dict_keys(['example_xcom']) retrieved from /Users/macbook/Documents/Documents_MacBook_Pro/ISTT/AirflowTutorial/envlibs/lib/python3.10/site-packages/airflow/example_dags/example_xcom.py
[2023-06-22T16:17:16.417+0700] {logging_mixin.py:149} INFO - [2023-06-22T16:17:16.416+0700] {dag.py:2726} INFO - Sync 1 DAGs
[2023-06-22T16:17:16.432+0700] {logging_mixin.py:149} INFO - [2023-06-22T16:17:16.432+0700] {dag.py:3486} INFO - Setting next_dagrun for example_xcom to 2021-01-01T00:00:00+00:00, run_after=2021-01-01T00:00:00+00:00
[2023-06-22T16:17:16.450+0700] {processor.py:179} INFO - Processing /Users/macbook/Documents/Documents_MacBook_Pro/ISTT/AirflowTutorial/envlibs/lib/python3.10/site-packages/airflow/example_dags/example_xcom.py took 0.947 seconds
[2023-06-22T16:19:31.913+0700] {processor.py:157} INFO - Started process (PID=15559) to work on /Users/macbook/Documents/Documents_MacBook_Pro/ISTT/AirflowTutorial/envlibs/lib/python3.10/site-packages/airflow/example_dags/example_xcom.py
[2023-06-22T16:19:31.915+0700] {processor.py:826} INFO - Processing file /Users/macbook/Documents/Documents_MacBook_Pro/ISTT/AirflowTutorial/envlibs/lib/python3.10/site-packages/airflow/example_dags/example_xcom.py for tasks to queue
[2023-06-22T16:19:31.916+0700] {logging_mixin.py:149} INFO - [2023-06-22T16:19:31.916+0700] {dagbag.py:541} INFO - Filling up the DagBag from /Users/macbook/Documents/Documents_MacBook_Pro/ISTT/AirflowTutorial/envlibs/lib/python3.10/site-packages/airflow/example_dags/example_xcom.py
[2023-06-22T16:19:31.992+0700] {processor.py:836} INFO - DAG(s) dict_keys(['example_xcom']) retrieved from /Users/macbook/Documents/Documents_MacBook_Pro/ISTT/AirflowTutorial/envlibs/lib/python3.10/site-packages/airflow/example_dags/example_xcom.py
[2023-06-22T16:19:32.874+0700] {logging_mixin.py:149} INFO - [2023-06-22T16:19:32.874+0700] {dag.py:2726} INFO - Sync 1 DAGs
[2023-06-22T16:19:32.892+0700] {logging_mixin.py:149} INFO - [2023-06-22T16:19:32.892+0700] {dag.py:3486} INFO - Setting next_dagrun for example_xcom to 2021-01-01T00:00:00+00:00, run_after=2021-01-01T00:00:00+00:00
[2023-06-22T16:19:32.911+0700] {processor.py:179} INFO - Processing /Users/macbook/Documents/Documents_MacBook_Pro/ISTT/AirflowTutorial/envlibs/lib/python3.10/site-packages/airflow/example_dags/example_xcom.py took 0.999 seconds
[2023-06-22T16:21:45.082+0700] {processor.py:157} INFO - Started process (PID=15618) to work on /Users/macbook/Documents/Documents_MacBook_Pro/ISTT/AirflowTutorial/envlibs/lib/python3.10/site-packages/airflow/example_dags/example_xcom.py
[2023-06-22T16:21:45.083+0700] {processor.py:826} INFO - Processing file /Users/macbook/Documents/Documents_MacBook_Pro/ISTT/AirflowTutorial/envlibs/lib/python3.10/site-packages/airflow/example_dags/example_xcom.py for tasks to queue
[2023-06-22T16:21:45.085+0700] {logging_mixin.py:149} INFO - [2023-06-22T16:21:45.084+0700] {dagbag.py:541} INFO - Filling up the DagBag from /Users/macbook/Documents/Documents_MacBook_Pro/ISTT/AirflowTutorial/envlibs/lib/python3.10/site-packages/airflow/example_dags/example_xcom.py
[2023-06-22T16:21:45.173+0700] {processor.py:836} INFO - DAG(s) dict_keys(['example_xcom']) retrieved from /Users/macbook/Documents/Documents_MacBook_Pro/ISTT/AirflowTutorial/envlibs/lib/python3.10/site-packages/airflow/example_dags/example_xcom.py
[2023-06-22T16:21:45.908+0700] {logging_mixin.py:149} INFO - [2023-06-22T16:21:45.907+0700] {dag.py:2726} INFO - Sync 1 DAGs
[2023-06-22T16:21:45.923+0700] {logging_mixin.py:149} INFO - [2023-06-22T16:21:45.922+0700] {dag.py:3486} INFO - Setting next_dagrun for example_xcom to 2021-01-01T00:00:00+00:00, run_after=2021-01-01T00:00:00+00:00
[2023-06-22T16:21:45.939+0700] {processor.py:179} INFO - Processing /Users/macbook/Documents/Documents_MacBook_Pro/ISTT/AirflowTutorial/envlibs/lib/python3.10/site-packages/airflow/example_dags/example_xcom.py took 0.859 seconds
[2023-06-22T16:23:41.514+0700] {processor.py:157} INFO - Started process (PID=15671) to work on /Users/macbook/Documents/Documents_MacBook_Pro/ISTT/AirflowTutorial/envlibs/lib/python3.10/site-packages/airflow/example_dags/example_xcom.py
[2023-06-22T16:23:41.516+0700] {processor.py:826} INFO - Processing file /Users/macbook/Documents/Documents_MacBook_Pro/ISTT/AirflowTutorial/envlibs/lib/python3.10/site-packages/airflow/example_dags/example_xcom.py for tasks to queue
[2023-06-22T16:23:41.516+0700] {logging_mixin.py:149} INFO - [2023-06-22T16:23:41.516+0700] {dagbag.py:541} INFO - Filling up the DagBag from /Users/macbook/Documents/Documents_MacBook_Pro/ISTT/AirflowTutorial/envlibs/lib/python3.10/site-packages/airflow/example_dags/example_xcom.py
[2023-06-22T16:23:41.566+0700] {processor.py:836} INFO - DAG(s) dict_keys(['example_xcom']) retrieved from /Users/macbook/Documents/Documents_MacBook_Pro/ISTT/AirflowTutorial/envlibs/lib/python3.10/site-packages/airflow/example_dags/example_xcom.py
[2023-06-22T16:23:42.311+0700] {logging_mixin.py:149} INFO - [2023-06-22T16:23:42.311+0700] {dag.py:2726} INFO - Sync 1 DAGs
[2023-06-22T16:23:42.326+0700] {logging_mixin.py:149} INFO - [2023-06-22T16:23:42.326+0700] {dag.py:3486} INFO - Setting next_dagrun for example_xcom to 2021-01-01T00:00:00+00:00, run_after=2021-01-01T00:00:00+00:00
[2023-06-22T16:23:42.343+0700] {processor.py:179} INFO - Processing /Users/macbook/Documents/Documents_MacBook_Pro/ISTT/AirflowTutorial/envlibs/lib/python3.10/site-packages/airflow/example_dags/example_xcom.py took 0.829 seconds
[2023-06-22T16:25:36.264+0700] {processor.py:157} INFO - Started process (PID=15731) to work on /Users/macbook/Documents/Documents_MacBook_Pro/ISTT/AirflowTutorial/envlibs/lib/python3.10/site-packages/airflow/example_dags/example_xcom.py
[2023-06-22T16:25:36.265+0700] {processor.py:826} INFO - Processing file /Users/macbook/Documents/Documents_MacBook_Pro/ISTT/AirflowTutorial/envlibs/lib/python3.10/site-packages/airflow/example_dags/example_xcom.py for tasks to queue
[2023-06-22T16:25:36.266+0700] {logging_mixin.py:149} INFO - [2023-06-22T16:25:36.266+0700] {dagbag.py:541} INFO - Filling up the DagBag from /Users/macbook/Documents/Documents_MacBook_Pro/ISTT/AirflowTutorial/envlibs/lib/python3.10/site-packages/airflow/example_dags/example_xcom.py
[2023-06-22T16:25:36.322+0700] {processor.py:836} INFO - DAG(s) dict_keys(['example_xcom']) retrieved from /Users/macbook/Documents/Documents_MacBook_Pro/ISTT/AirflowTutorial/envlibs/lib/python3.10/site-packages/airflow/example_dags/example_xcom.py
[2023-06-22T16:25:37.081+0700] {logging_mixin.py:149} INFO - [2023-06-22T16:25:37.081+0700] {dag.py:2726} INFO - Sync 1 DAGs
[2023-06-22T16:25:37.096+0700] {logging_mixin.py:149} INFO - [2023-06-22T16:25:37.096+0700] {dag.py:3486} INFO - Setting next_dagrun for example_xcom to 2021-01-01T00:00:00+00:00, run_after=2021-01-01T00:00:00+00:00
[2023-06-22T16:25:37.114+0700] {processor.py:179} INFO - Processing /Users/macbook/Documents/Documents_MacBook_Pro/ISTT/AirflowTutorial/envlibs/lib/python3.10/site-packages/airflow/example_dags/example_xcom.py took 0.851 seconds
