[2023-06-22T14:27:35.258+0700] {processor.py:157} INFO - Started process (PID=11872) to work on /Users/macbook/Documents/Documents_MacBook_Pro/ISTT/AirflowTutorial/envlibs/lib/python3.10/site-packages/airflow/example_dags/example_subdag_operator.py
[2023-06-22T14:27:35.258+0700] {processor.py:826} INFO - Processing file /Users/macbook/Documents/Documents_MacBook_Pro/ISTT/AirflowTutorial/envlibs/lib/python3.10/site-packages/airflow/example_dags/example_subdag_operator.py for tasks to queue
[2023-06-22T14:27:35.259+0700] {logging_mixin.py:149} INFO - [2023-06-22T14:27:35.259+0700] {dagbag.py:541} INFO - Filling up the DagBag from /Users/macbook/Documents/Documents_MacBook_Pro/ISTT/AirflowTutorial/envlibs/lib/python3.10/site-packages/airflow/example_dags/example_subdag_operator.py
[2023-06-22T14:27:35.952+0700] {processor.py:836} INFO - DAG(s) dict_keys(['example_subdag_operator.section-1', 'example_subdag_operator.section-2', 'example_subdag_operator']) retrieved from /Users/macbook/Documents/Documents_MacBook_Pro/ISTT/AirflowTutorial/envlibs/lib/python3.10/site-packages/airflow/example_dags/example_subdag_operator.py
[2023-06-22T14:27:36.060+0700] {logging_mixin.py:149} INFO - [2023-06-22T14:27:36.060+0700] {dag.py:2726} INFO - Sync 3 DAGs
[2023-06-22T14:27:36.076+0700] {logging_mixin.py:149} INFO - [2023-06-22T14:27:36.075+0700] {dag.py:3486} INFO - Setting next_dagrun for example_subdag_operator to 2022-01-01T00:00:00+00:00, run_after=2022-01-01T00:00:00+00:00
[2023-06-22T14:27:36.078+0700] {logging_mixin.py:149} INFO - [2023-06-22T14:27:36.078+0700] {dag.py:3486} INFO - Setting next_dagrun for example_subdag_operator.section-1 to None, run_after=None
[2023-06-22T14:27:36.079+0700] {logging_mixin.py:149} INFO - [2023-06-22T14:27:36.079+0700] {dag.py:3486} INFO - Setting next_dagrun for example_subdag_operator.section-2 to None, run_after=None
[2023-06-22T14:27:36.087+0700] {logging_mixin.py:149} INFO - [2023-06-22T14:27:36.087+0700] {dag.py:2726} INFO - Sync 2 DAGs
[2023-06-22T14:27:36.090+0700] {logging_mixin.py:149} INFO - [2023-06-22T14:27:36.090+0700] {dag.py:3486} INFO - Setting next_dagrun for example_subdag_operator.section-1 to None, run_after=None
[2023-06-22T14:27:36.091+0700] {logging_mixin.py:149} INFO - [2023-06-22T14:27:36.091+0700] {dag.py:3486} INFO - Setting next_dagrun for example_subdag_operator.section-2 to None, run_after=None
[2023-06-22T14:27:36.102+0700] {processor.py:179} INFO - Processing /Users/macbook/Documents/Documents_MacBook_Pro/ISTT/AirflowTutorial/envlibs/lib/python3.10/site-packages/airflow/example_dags/example_subdag_operator.py took 0.845 seconds
[2023-06-22T14:30:02.872+0700] {processor.py:157} INFO - Started process (PID=11942) to work on /Users/macbook/Documents/Documents_MacBook_Pro/ISTT/AirflowTutorial/envlibs/lib/python3.10/site-packages/airflow/example_dags/example_subdag_operator.py
[2023-06-22T14:30:02.873+0700] {processor.py:826} INFO - Processing file /Users/macbook/Documents/Documents_MacBook_Pro/ISTT/AirflowTutorial/envlibs/lib/python3.10/site-packages/airflow/example_dags/example_subdag_operator.py for tasks to queue
[2023-06-22T14:30:02.874+0700] {logging_mixin.py:149} INFO - [2023-06-22T14:30:02.874+0700] {dagbag.py:541} INFO - Filling up the DagBag from /Users/macbook/Documents/Documents_MacBook_Pro/ISTT/AirflowTutorial/envlibs/lib/python3.10/site-packages/airflow/example_dags/example_subdag_operator.py
[2023-06-22T14:30:03.761+0700] {processor.py:836} INFO - DAG(s) dict_keys(['example_subdag_operator.section-1', 'example_subdag_operator.section-2', 'example_subdag_operator']) retrieved from /Users/macbook/Documents/Documents_MacBook_Pro/ISTT/AirflowTutorial/envlibs/lib/python3.10/site-packages/airflow/example_dags/example_subdag_operator.py
[2023-06-22T14:30:03.801+0700] {logging_mixin.py:149} INFO - [2023-06-22T14:30:03.801+0700] {dag.py:2726} INFO - Sync 3 DAGs
[2023-06-22T14:30:03.820+0700] {logging_mixin.py:149} INFO - [2023-06-22T14:30:03.820+0700] {dag.py:3486} INFO - Setting next_dagrun for example_subdag_operator to 2022-01-01T00:00:00+00:00, run_after=2022-01-01T00:00:00+00:00
[2023-06-22T14:30:03.823+0700] {logging_mixin.py:149} INFO - [2023-06-22T14:30:03.823+0700] {dag.py:3486} INFO - Setting next_dagrun for example_subdag_operator.section-1 to None, run_after=None
[2023-06-22T14:30:03.824+0700] {logging_mixin.py:149} INFO - [2023-06-22T14:30:03.824+0700] {dag.py:3486} INFO - Setting next_dagrun for example_subdag_operator.section-2 to None, run_after=None
[2023-06-22T14:30:03.830+0700] {logging_mixin.py:149} INFO - [2023-06-22T14:30:03.829+0700] {dag.py:2726} INFO - Sync 2 DAGs
[2023-06-22T14:30:03.833+0700] {logging_mixin.py:149} INFO - [2023-06-22T14:30:03.833+0700] {dag.py:3486} INFO - Setting next_dagrun for example_subdag_operator.section-1 to None, run_after=None
[2023-06-22T14:30:03.834+0700] {logging_mixin.py:149} INFO - [2023-06-22T14:30:03.834+0700] {dag.py:3486} INFO - Setting next_dagrun for example_subdag_operator.section-2 to None, run_after=None
[2023-06-22T14:30:03.847+0700] {processor.py:179} INFO - Processing /Users/macbook/Documents/Documents_MacBook_Pro/ISTT/AirflowTutorial/envlibs/lib/python3.10/site-packages/airflow/example_dags/example_subdag_operator.py took 0.977 seconds
[2023-06-22T14:32:16.179+0700] {processor.py:157} INFO - Started process (PID=12042) to work on /Users/macbook/Documents/Documents_MacBook_Pro/ISTT/AirflowTutorial/envlibs/lib/python3.10/site-packages/airflow/example_dags/example_subdag_operator.py
[2023-06-22T14:32:16.180+0700] {processor.py:826} INFO - Processing file /Users/macbook/Documents/Documents_MacBook_Pro/ISTT/AirflowTutorial/envlibs/lib/python3.10/site-packages/airflow/example_dags/example_subdag_operator.py for tasks to queue
[2023-06-22T14:32:16.181+0700] {logging_mixin.py:149} INFO - [2023-06-22T14:32:16.181+0700] {dagbag.py:541} INFO - Filling up the DagBag from /Users/macbook/Documents/Documents_MacBook_Pro/ISTT/AirflowTutorial/envlibs/lib/python3.10/site-packages/airflow/example_dags/example_subdag_operator.py
[2023-06-22T14:32:16.972+0700] {processor.py:836} INFO - DAG(s) dict_keys(['example_subdag_operator.section-1', 'example_subdag_operator.section-2', 'example_subdag_operator']) retrieved from /Users/macbook/Documents/Documents_MacBook_Pro/ISTT/AirflowTutorial/envlibs/lib/python3.10/site-packages/airflow/example_dags/example_subdag_operator.py
[2023-06-22T14:32:17.005+0700] {logging_mixin.py:149} INFO - [2023-06-22T14:32:17.005+0700] {dag.py:2726} INFO - Sync 3 DAGs
[2023-06-22T14:32:17.023+0700] {logging_mixin.py:149} INFO - [2023-06-22T14:32:17.023+0700] {dag.py:3486} INFO - Setting next_dagrun for example_subdag_operator to 2022-01-01T00:00:00+00:00, run_after=2022-01-01T00:00:00+00:00
[2023-06-22T14:32:17.026+0700] {logging_mixin.py:149} INFO - [2023-06-22T14:32:17.026+0700] {dag.py:3486} INFO - Setting next_dagrun for example_subdag_operator.section-1 to None, run_after=None
[2023-06-22T14:32:17.027+0700] {logging_mixin.py:149} INFO - [2023-06-22T14:32:17.026+0700] {dag.py:3486} INFO - Setting next_dagrun for example_subdag_operator.section-2 to None, run_after=None
[2023-06-22T14:32:17.033+0700] {logging_mixin.py:149} INFO - [2023-06-22T14:32:17.033+0700] {dag.py:2726} INFO - Sync 2 DAGs
[2023-06-22T14:32:17.037+0700] {logging_mixin.py:149} INFO - [2023-06-22T14:32:17.037+0700] {dag.py:3486} INFO - Setting next_dagrun for example_subdag_operator.section-1 to None, run_after=None
[2023-06-22T14:32:17.037+0700] {logging_mixin.py:149} INFO - [2023-06-22T14:32:17.037+0700] {dag.py:3486} INFO - Setting next_dagrun for example_subdag_operator.section-2 to None, run_after=None
[2023-06-22T14:32:17.051+0700] {processor.py:179} INFO - Processing /Users/macbook/Documents/Documents_MacBook_Pro/ISTT/AirflowTutorial/envlibs/lib/python3.10/site-packages/airflow/example_dags/example_subdag_operator.py took 0.873 seconds
[2023-06-22T14:34:44.506+0700] {processor.py:157} INFO - Started process (PID=12168) to work on /Users/macbook/Documents/Documents_MacBook_Pro/ISTT/AirflowTutorial/envlibs/lib/python3.10/site-packages/airflow/example_dags/example_subdag_operator.py
[2023-06-22T14:34:44.507+0700] {processor.py:826} INFO - Processing file /Users/macbook/Documents/Documents_MacBook_Pro/ISTT/AirflowTutorial/envlibs/lib/python3.10/site-packages/airflow/example_dags/example_subdag_operator.py for tasks to queue
[2023-06-22T14:34:44.508+0700] {logging_mixin.py:149} INFO - [2023-06-22T14:34:44.508+0700] {dagbag.py:541} INFO - Filling up the DagBag from /Users/macbook/Documents/Documents_MacBook_Pro/ISTT/AirflowTutorial/envlibs/lib/python3.10/site-packages/airflow/example_dags/example_subdag_operator.py
[2023-06-22T14:34:45.511+0700] {processor.py:836} INFO - DAG(s) dict_keys(['example_subdag_operator.section-1', 'example_subdag_operator.section-2', 'example_subdag_operator']) retrieved from /Users/macbook/Documents/Documents_MacBook_Pro/ISTT/AirflowTutorial/envlibs/lib/python3.10/site-packages/airflow/example_dags/example_subdag_operator.py
[2023-06-22T14:34:45.555+0700] {logging_mixin.py:149} INFO - [2023-06-22T14:34:45.555+0700] {dag.py:2726} INFO - Sync 3 DAGs
[2023-06-22T14:34:45.575+0700] {logging_mixin.py:149} INFO - [2023-06-22T14:34:45.575+0700] {dag.py:3486} INFO - Setting next_dagrun for example_subdag_operator to 2022-01-01T00:00:00+00:00, run_after=2022-01-01T00:00:00+00:00
[2023-06-22T14:34:45.578+0700] {logging_mixin.py:149} INFO - [2023-06-22T14:34:45.578+0700] {dag.py:3486} INFO - Setting next_dagrun for example_subdag_operator.section-1 to None, run_after=None
[2023-06-22T14:34:45.579+0700] {logging_mixin.py:149} INFO - [2023-06-22T14:34:45.579+0700] {dag.py:3486} INFO - Setting next_dagrun for example_subdag_operator.section-2 to None, run_after=None
[2023-06-22T14:34:45.587+0700] {logging_mixin.py:149} INFO - [2023-06-22T14:34:45.586+0700] {dag.py:2726} INFO - Sync 2 DAGs
[2023-06-22T14:34:45.591+0700] {logging_mixin.py:149} INFO - [2023-06-22T14:34:45.591+0700] {dag.py:3486} INFO - Setting next_dagrun for example_subdag_operator.section-1 to None, run_after=None
[2023-06-22T14:34:45.592+0700] {logging_mixin.py:149} INFO - [2023-06-22T14:34:45.592+0700] {dag.py:3486} INFO - Setting next_dagrun for example_subdag_operator.section-2 to None, run_after=None
[2023-06-22T14:34:45.606+0700] {processor.py:179} INFO - Processing /Users/macbook/Documents/Documents_MacBook_Pro/ISTT/AirflowTutorial/envlibs/lib/python3.10/site-packages/airflow/example_dags/example_subdag_operator.py took 1.101 seconds
[2023-06-22T14:37:29.263+0700] {processor.py:157} INFO - Started process (PID=12318) to work on /Users/macbook/Documents/Documents_MacBook_Pro/ISTT/AirflowTutorial/envlibs/lib/python3.10/site-packages/airflow/example_dags/example_subdag_operator.py
[2023-06-22T14:37:29.264+0700] {processor.py:826} INFO - Processing file /Users/macbook/Documents/Documents_MacBook_Pro/ISTT/AirflowTutorial/envlibs/lib/python3.10/site-packages/airflow/example_dags/example_subdag_operator.py for tasks to queue
[2023-06-22T14:37:29.265+0700] {logging_mixin.py:149} INFO - [2023-06-22T14:37:29.265+0700] {dagbag.py:541} INFO - Filling up the DagBag from /Users/macbook/Documents/Documents_MacBook_Pro/ISTT/AirflowTutorial/envlibs/lib/python3.10/site-packages/airflow/example_dags/example_subdag_operator.py
[2023-06-22T14:37:31.136+0700] {processor.py:836} INFO - DAG(s) dict_keys(['example_subdag_operator.section-1', 'example_subdag_operator.section-2', 'example_subdag_operator']) retrieved from /Users/macbook/Documents/Documents_MacBook_Pro/ISTT/AirflowTutorial/envlibs/lib/python3.10/site-packages/airflow/example_dags/example_subdag_operator.py
[2023-06-22T14:37:31.382+0700] {logging_mixin.py:149} INFO - [2023-06-22T14:37:31.382+0700] {dag.py:2726} INFO - Sync 3 DAGs
[2023-06-22T14:37:31.401+0700] {logging_mixin.py:149} INFO - [2023-06-22T14:37:31.400+0700] {dag.py:2747} INFO - Creating ORM DAG for example_subdag_operator
[2023-06-22T14:37:31.402+0700] {logging_mixin.py:149} INFO - [2023-06-22T14:37:31.401+0700] {dag.py:2747} INFO - Creating ORM DAG for example_subdag_operator.section-1
[2023-06-22T14:37:31.402+0700] {logging_mixin.py:149} INFO - [2023-06-22T14:37:31.402+0700] {dag.py:2747} INFO - Creating ORM DAG for example_subdag_operator.section-2
[2023-06-22T14:37:31.416+0700] {logging_mixin.py:149} INFO - [2023-06-22T14:37:31.416+0700] {dag.py:3486} INFO - Setting next_dagrun for example_subdag_operator to 2022-01-01T00:00:00+00:00, run_after=2022-01-01T00:00:00+00:00
[2023-06-22T14:37:31.417+0700] {logging_mixin.py:149} INFO - [2023-06-22T14:37:31.417+0700] {dag.py:3486} INFO - Setting next_dagrun for example_subdag_operator.section-1 to None, run_after=None
[2023-06-22T14:37:31.418+0700] {logging_mixin.py:149} INFO - [2023-06-22T14:37:31.417+0700] {dag.py:3486} INFO - Setting next_dagrun for example_subdag_operator.section-2 to None, run_after=None
[2023-06-22T14:37:31.429+0700] {logging_mixin.py:149} INFO - [2023-06-22T14:37:31.428+0700] {dag.py:2726} INFO - Sync 2 DAGs
[2023-06-22T14:37:31.434+0700] {logging_mixin.py:149} INFO - [2023-06-22T14:37:31.434+0700] {dag.py:3486} INFO - Setting next_dagrun for example_subdag_operator.section-1 to None, run_after=None
[2023-06-22T14:37:31.438+0700] {logging_mixin.py:149} INFO - [2023-06-22T14:37:31.437+0700] {dag.py:3486} INFO - Setting next_dagrun for example_subdag_operator.section-2 to None, run_after=None
[2023-06-22T14:37:31.457+0700] {processor.py:179} INFO - Processing /Users/macbook/Documents/Documents_MacBook_Pro/ISTT/AirflowTutorial/envlibs/lib/python3.10/site-packages/airflow/example_dags/example_subdag_operator.py took 2.194 seconds
[2023-06-22T14:40:01.922+0700] {processor.py:157} INFO - Started process (PID=12426) to work on /Users/macbook/Documents/Documents_MacBook_Pro/ISTT/AirflowTutorial/envlibs/lib/python3.10/site-packages/airflow/example_dags/example_subdag_operator.py
[2023-06-22T14:40:01.923+0700] {processor.py:826} INFO - Processing file /Users/macbook/Documents/Documents_MacBook_Pro/ISTT/AirflowTutorial/envlibs/lib/python3.10/site-packages/airflow/example_dags/example_subdag_operator.py for tasks to queue
[2023-06-22T14:40:01.924+0700] {logging_mixin.py:149} INFO - [2023-06-22T14:40:01.924+0700] {dagbag.py:541} INFO - Filling up the DagBag from /Users/macbook/Documents/Documents_MacBook_Pro/ISTT/AirflowTutorial/envlibs/lib/python3.10/site-packages/airflow/example_dags/example_subdag_operator.py
[2023-06-22T14:40:02.798+0700] {processor.py:836} INFO - DAG(s) dict_keys(['example_subdag_operator.section-1', 'example_subdag_operator.section-2', 'example_subdag_operator']) retrieved from /Users/macbook/Documents/Documents_MacBook_Pro/ISTT/AirflowTutorial/envlibs/lib/python3.10/site-packages/airflow/example_dags/example_subdag_operator.py
[2023-06-22T14:40:02.956+0700] {logging_mixin.py:149} INFO - [2023-06-22T14:40:02.956+0700] {dag.py:2726} INFO - Sync 3 DAGs
[2023-06-22T14:40:02.965+0700] {logging_mixin.py:149} INFO - [2023-06-22T14:40:02.965+0700] {dag.py:2747} INFO - Creating ORM DAG for example_subdag_operator.section-2
[2023-06-22T14:40:02.966+0700] {logging_mixin.py:149} INFO - [2023-06-22T14:40:02.966+0700] {dag.py:2747} INFO - Creating ORM DAG for example_subdag_operator.section-1
[2023-06-22T14:40:02.966+0700] {logging_mixin.py:149} INFO - [2023-06-22T14:40:02.966+0700] {dag.py:2747} INFO - Creating ORM DAG for example_subdag_operator
[2023-06-22T14:40:02.974+0700] {logging_mixin.py:149} INFO - [2023-06-22T14:40:02.974+0700] {dag.py:3486} INFO - Setting next_dagrun for example_subdag_operator to 2022-01-01T00:00:00+00:00, run_after=2022-01-01T00:00:00+00:00
[2023-06-22T14:40:02.975+0700] {logging_mixin.py:149} INFO - [2023-06-22T14:40:02.974+0700] {dag.py:3486} INFO - Setting next_dagrun for example_subdag_operator.section-1 to None, run_after=None
[2023-06-22T14:40:02.975+0700] {logging_mixin.py:149} INFO - [2023-06-22T14:40:02.975+0700] {dag.py:3486} INFO - Setting next_dagrun for example_subdag_operator.section-2 to None, run_after=None
[2023-06-22T14:40:02.983+0700] {logging_mixin.py:149} INFO - [2023-06-22T14:40:02.983+0700] {dag.py:2726} INFO - Sync 2 DAGs
[2023-06-22T14:40:02.988+0700] {logging_mixin.py:149} INFO - [2023-06-22T14:40:02.988+0700] {dag.py:3486} INFO - Setting next_dagrun for example_subdag_operator.section-1 to None, run_after=None
[2023-06-22T14:40:02.990+0700] {logging_mixin.py:149} INFO - [2023-06-22T14:40:02.990+0700] {dag.py:3486} INFO - Setting next_dagrun for example_subdag_operator.section-2 to None, run_after=None
[2023-06-22T14:40:03.004+0700] {processor.py:179} INFO - Processing /Users/macbook/Documents/Documents_MacBook_Pro/ISTT/AirflowTutorial/envlibs/lib/python3.10/site-packages/airflow/example_dags/example_subdag_operator.py took 1.083 seconds
[2023-06-22T14:42:13.142+0700] {processor.py:157} INFO - Started process (PID=12524) to work on /Users/macbook/Documents/Documents_MacBook_Pro/ISTT/AirflowTutorial/envlibs/lib/python3.10/site-packages/airflow/example_dags/example_subdag_operator.py
[2023-06-22T14:42:13.143+0700] {processor.py:826} INFO - Processing file /Users/macbook/Documents/Documents_MacBook_Pro/ISTT/AirflowTutorial/envlibs/lib/python3.10/site-packages/airflow/example_dags/example_subdag_operator.py for tasks to queue
[2023-06-22T14:42:13.144+0700] {logging_mixin.py:149} INFO - [2023-06-22T14:42:13.144+0700] {dagbag.py:541} INFO - Filling up the DagBag from /Users/macbook/Documents/Documents_MacBook_Pro/ISTT/AirflowTutorial/envlibs/lib/python3.10/site-packages/airflow/example_dags/example_subdag_operator.py
[2023-06-22T14:42:13.968+0700] {processor.py:836} INFO - DAG(s) dict_keys(['example_subdag_operator.section-1', 'example_subdag_operator.section-2', 'example_subdag_operator']) retrieved from /Users/macbook/Documents/Documents_MacBook_Pro/ISTT/AirflowTutorial/envlibs/lib/python3.10/site-packages/airflow/example_dags/example_subdag_operator.py
[2023-06-22T14:42:14.003+0700] {logging_mixin.py:149} INFO - [2023-06-22T14:42:14.003+0700] {dag.py:2726} INFO - Sync 3 DAGs
[2023-06-22T14:42:14.021+0700] {logging_mixin.py:149} INFO - [2023-06-22T14:42:14.021+0700] {dag.py:3486} INFO - Setting next_dagrun for example_subdag_operator to 2022-01-01T00:00:00+00:00, run_after=2022-01-01T00:00:00+00:00
[2023-06-22T14:42:14.024+0700] {logging_mixin.py:149} INFO - [2023-06-22T14:42:14.024+0700] {dag.py:3486} INFO - Setting next_dagrun for example_subdag_operator.section-1 to None, run_after=None
[2023-06-22T14:42:14.025+0700] {logging_mixin.py:149} INFO - [2023-06-22T14:42:14.025+0700] {dag.py:3486} INFO - Setting next_dagrun for example_subdag_operator.section-2 to None, run_after=None
[2023-06-22T14:42:14.031+0700] {logging_mixin.py:149} INFO - [2023-06-22T14:42:14.031+0700] {dag.py:2726} INFO - Sync 2 DAGs
[2023-06-22T14:42:14.036+0700] {logging_mixin.py:149} INFO - [2023-06-22T14:42:14.035+0700] {dag.py:3486} INFO - Setting next_dagrun for example_subdag_operator.section-1 to None, run_after=None
[2023-06-22T14:42:14.036+0700] {logging_mixin.py:149} INFO - [2023-06-22T14:42:14.036+0700] {dag.py:3486} INFO - Setting next_dagrun for example_subdag_operator.section-2 to None, run_after=None
[2023-06-22T14:42:14.049+0700] {processor.py:179} INFO - Processing /Users/macbook/Documents/Documents_MacBook_Pro/ISTT/AirflowTutorial/envlibs/lib/python3.10/site-packages/airflow/example_dags/example_subdag_operator.py took 0.908 seconds
[2023-06-22T14:44:20.786+0700] {processor.py:157} INFO - Started process (PID=12578) to work on /Users/macbook/Documents/Documents_MacBook_Pro/ISTT/AirflowTutorial/envlibs/lib/python3.10/site-packages/airflow/example_dags/example_subdag_operator.py
[2023-06-22T14:44:20.788+0700] {processor.py:826} INFO - Processing file /Users/macbook/Documents/Documents_MacBook_Pro/ISTT/AirflowTutorial/envlibs/lib/python3.10/site-packages/airflow/example_dags/example_subdag_operator.py for tasks to queue
[2023-06-22T14:44:20.789+0700] {logging_mixin.py:149} INFO - [2023-06-22T14:44:20.789+0700] {dagbag.py:541} INFO - Filling up the DagBag from /Users/macbook/Documents/Documents_MacBook_Pro/ISTT/AirflowTutorial/envlibs/lib/python3.10/site-packages/airflow/example_dags/example_subdag_operator.py
[2023-06-22T14:44:21.694+0700] {processor.py:836} INFO - DAG(s) dict_keys(['example_subdag_operator.section-1', 'example_subdag_operator.section-2', 'example_subdag_operator']) retrieved from /Users/macbook/Documents/Documents_MacBook_Pro/ISTT/AirflowTutorial/envlibs/lib/python3.10/site-packages/airflow/example_dags/example_subdag_operator.py
[2023-06-22T14:44:21.729+0700] {logging_mixin.py:149} INFO - [2023-06-22T14:44:21.729+0700] {dag.py:2726} INFO - Sync 3 DAGs
[2023-06-22T14:44:21.749+0700] {logging_mixin.py:149} INFO - [2023-06-22T14:44:21.749+0700] {dag.py:3486} INFO - Setting next_dagrun for example_subdag_operator to 2022-01-01T00:00:00+00:00, run_after=2022-01-01T00:00:00+00:00
[2023-06-22T14:44:21.751+0700] {logging_mixin.py:149} INFO - [2023-06-22T14:44:21.751+0700] {dag.py:3486} INFO - Setting next_dagrun for example_subdag_operator.section-1 to None, run_after=None
[2023-06-22T14:44:21.752+0700] {logging_mixin.py:149} INFO - [2023-06-22T14:44:21.752+0700] {dag.py:3486} INFO - Setting next_dagrun for example_subdag_operator.section-2 to None, run_after=None
[2023-06-22T14:44:21.758+0700] {logging_mixin.py:149} INFO - [2023-06-22T14:44:21.758+0700] {dag.py:2726} INFO - Sync 2 DAGs
[2023-06-22T14:44:21.763+0700] {logging_mixin.py:149} INFO - [2023-06-22T14:44:21.763+0700] {dag.py:3486} INFO - Setting next_dagrun for example_subdag_operator.section-1 to None, run_after=None
[2023-06-22T14:44:21.763+0700] {logging_mixin.py:149} INFO - [2023-06-22T14:44:21.763+0700] {dag.py:3486} INFO - Setting next_dagrun for example_subdag_operator.section-2 to None, run_after=None
[2023-06-22T14:44:21.776+0700] {processor.py:179} INFO - Processing /Users/macbook/Documents/Documents_MacBook_Pro/ISTT/AirflowTutorial/envlibs/lib/python3.10/site-packages/airflow/example_dags/example_subdag_operator.py took 0.991 seconds
[2023-06-22T14:46:25.005+0700] {processor.py:157} INFO - Started process (PID=12633) to work on /Users/macbook/Documents/Documents_MacBook_Pro/ISTT/AirflowTutorial/envlibs/lib/python3.10/site-packages/airflow/example_dags/example_subdag_operator.py
[2023-06-22T14:46:25.006+0700] {processor.py:826} INFO - Processing file /Users/macbook/Documents/Documents_MacBook_Pro/ISTT/AirflowTutorial/envlibs/lib/python3.10/site-packages/airflow/example_dags/example_subdag_operator.py for tasks to queue
[2023-06-22T14:46:25.007+0700] {logging_mixin.py:149} INFO - [2023-06-22T14:46:25.007+0700] {dagbag.py:541} INFO - Filling up the DagBag from /Users/macbook/Documents/Documents_MacBook_Pro/ISTT/AirflowTutorial/envlibs/lib/python3.10/site-packages/airflow/example_dags/example_subdag_operator.py
[2023-06-22T14:46:25.764+0700] {processor.py:836} INFO - DAG(s) dict_keys(['example_subdag_operator.section-1', 'example_subdag_operator.section-2', 'example_subdag_operator']) retrieved from /Users/macbook/Documents/Documents_MacBook_Pro/ISTT/AirflowTutorial/envlibs/lib/python3.10/site-packages/airflow/example_dags/example_subdag_operator.py
[2023-06-22T14:46:25.797+0700] {logging_mixin.py:149} INFO - [2023-06-22T14:46:25.797+0700] {dag.py:2726} INFO - Sync 3 DAGs
[2023-06-22T14:46:25.815+0700] {logging_mixin.py:149} INFO - [2023-06-22T14:46:25.815+0700] {dag.py:3486} INFO - Setting next_dagrun for example_subdag_operator to 2022-01-01T00:00:00+00:00, run_after=2022-01-01T00:00:00+00:00
[2023-06-22T14:46:25.818+0700] {logging_mixin.py:149} INFO - [2023-06-22T14:46:25.818+0700] {dag.py:3486} INFO - Setting next_dagrun for example_subdag_operator.section-1 to None, run_after=None
[2023-06-22T14:46:25.819+0700] {logging_mixin.py:149} INFO - [2023-06-22T14:46:25.818+0700] {dag.py:3486} INFO - Setting next_dagrun for example_subdag_operator.section-2 to None, run_after=None
[2023-06-22T14:46:25.824+0700] {logging_mixin.py:149} INFO - [2023-06-22T14:46:25.824+0700] {dag.py:2726} INFO - Sync 2 DAGs
[2023-06-22T14:46:25.828+0700] {logging_mixin.py:149} INFO - [2023-06-22T14:46:25.828+0700] {dag.py:3486} INFO - Setting next_dagrun for example_subdag_operator.section-1 to None, run_after=None
[2023-06-22T14:46:25.828+0700] {logging_mixin.py:149} INFO - [2023-06-22T14:46:25.828+0700] {dag.py:3486} INFO - Setting next_dagrun for example_subdag_operator.section-2 to None, run_after=None
[2023-06-22T14:46:25.843+0700] {processor.py:179} INFO - Processing /Users/macbook/Documents/Documents_MacBook_Pro/ISTT/AirflowTutorial/envlibs/lib/python3.10/site-packages/airflow/example_dags/example_subdag_operator.py took 0.839 seconds
[2023-06-22T14:48:31.090+0700] {processor.py:157} INFO - Started process (PID=12696) to work on /Users/macbook/Documents/Documents_MacBook_Pro/ISTT/AirflowTutorial/envlibs/lib/python3.10/site-packages/airflow/example_dags/example_subdag_operator.py
[2023-06-22T14:48:31.092+0700] {processor.py:826} INFO - Processing file /Users/macbook/Documents/Documents_MacBook_Pro/ISTT/AirflowTutorial/envlibs/lib/python3.10/site-packages/airflow/example_dags/example_subdag_operator.py for tasks to queue
[2023-06-22T14:48:31.093+0700] {logging_mixin.py:149} INFO - [2023-06-22T14:48:31.093+0700] {dagbag.py:541} INFO - Filling up the DagBag from /Users/macbook/Documents/Documents_MacBook_Pro/ISTT/AirflowTutorial/envlibs/lib/python3.10/site-packages/airflow/example_dags/example_subdag_operator.py
[2023-06-22T14:48:31.955+0700] {processor.py:836} INFO - DAG(s) dict_keys(['example_subdag_operator.section-1', 'example_subdag_operator.section-2', 'example_subdag_operator']) retrieved from /Users/macbook/Documents/Documents_MacBook_Pro/ISTT/AirflowTutorial/envlibs/lib/python3.10/site-packages/airflow/example_dags/example_subdag_operator.py
[2023-06-22T14:48:32.000+0700] {logging_mixin.py:149} INFO - [2023-06-22T14:48:32.000+0700] {dag.py:2726} INFO - Sync 3 DAGs
[2023-06-22T14:48:32.020+0700] {logging_mixin.py:149} INFO - [2023-06-22T14:48:32.019+0700] {dag.py:3486} INFO - Setting next_dagrun for example_subdag_operator to 2022-01-01T00:00:00+00:00, run_after=2022-01-01T00:00:00+00:00
[2023-06-22T14:48:32.022+0700] {logging_mixin.py:149} INFO - [2023-06-22T14:48:32.022+0700] {dag.py:3486} INFO - Setting next_dagrun for example_subdag_operator.section-1 to None, run_after=None
[2023-06-22T14:48:32.024+0700] {logging_mixin.py:149} INFO - [2023-06-22T14:48:32.023+0700] {dag.py:3486} INFO - Setting next_dagrun for example_subdag_operator.section-2 to None, run_after=None
[2023-06-22T14:48:32.030+0700] {logging_mixin.py:149} INFO - [2023-06-22T14:48:32.029+0700] {dag.py:2726} INFO - Sync 2 DAGs
[2023-06-22T14:48:32.035+0700] {logging_mixin.py:149} INFO - [2023-06-22T14:48:32.035+0700] {dag.py:3486} INFO - Setting next_dagrun for example_subdag_operator.section-1 to None, run_after=None
[2023-06-22T14:48:32.035+0700] {logging_mixin.py:149} INFO - [2023-06-22T14:48:32.035+0700] {dag.py:3486} INFO - Setting next_dagrun for example_subdag_operator.section-2 to None, run_after=None
[2023-06-22T14:48:32.050+0700] {processor.py:179} INFO - Processing /Users/macbook/Documents/Documents_MacBook_Pro/ISTT/AirflowTutorial/envlibs/lib/python3.10/site-packages/airflow/example_dags/example_subdag_operator.py took 0.961 seconds
[2023-06-22T14:50:38.016+0700] {processor.py:157} INFO - Started process (PID=12756) to work on /Users/macbook/Documents/Documents_MacBook_Pro/ISTT/AirflowTutorial/envlibs/lib/python3.10/site-packages/airflow/example_dags/example_subdag_operator.py
[2023-06-22T14:50:38.017+0700] {processor.py:826} INFO - Processing file /Users/macbook/Documents/Documents_MacBook_Pro/ISTT/AirflowTutorial/envlibs/lib/python3.10/site-packages/airflow/example_dags/example_subdag_operator.py for tasks to queue
[2023-06-22T14:50:38.018+0700] {logging_mixin.py:149} INFO - [2023-06-22T14:50:38.018+0700] {dagbag.py:541} INFO - Filling up the DagBag from /Users/macbook/Documents/Documents_MacBook_Pro/ISTT/AirflowTutorial/envlibs/lib/python3.10/site-packages/airflow/example_dags/example_subdag_operator.py
[2023-06-22T14:50:38.828+0700] {processor.py:836} INFO - DAG(s) dict_keys(['example_subdag_operator.section-1', 'example_subdag_operator.section-2', 'example_subdag_operator']) retrieved from /Users/macbook/Documents/Documents_MacBook_Pro/ISTT/AirflowTutorial/envlibs/lib/python3.10/site-packages/airflow/example_dags/example_subdag_operator.py
[2023-06-22T14:50:38.858+0700] {logging_mixin.py:149} INFO - [2023-06-22T14:50:38.858+0700] {dag.py:2726} INFO - Sync 3 DAGs
[2023-06-22T14:50:38.875+0700] {logging_mixin.py:149} INFO - [2023-06-22T14:50:38.875+0700] {dag.py:3486} INFO - Setting next_dagrun for example_subdag_operator to 2022-01-01T00:00:00+00:00, run_after=2022-01-01T00:00:00+00:00
[2023-06-22T14:50:38.877+0700] {logging_mixin.py:149} INFO - [2023-06-22T14:50:38.877+0700] {dag.py:3486} INFO - Setting next_dagrun for example_subdag_operator.section-1 to None, run_after=None
[2023-06-22T14:50:38.878+0700] {logging_mixin.py:149} INFO - [2023-06-22T14:50:38.878+0700] {dag.py:3486} INFO - Setting next_dagrun for example_subdag_operator.section-2 to None, run_after=None
[2023-06-22T14:50:38.883+0700] {logging_mixin.py:149} INFO - [2023-06-22T14:50:38.883+0700] {dag.py:2726} INFO - Sync 2 DAGs
[2023-06-22T14:50:38.887+0700] {logging_mixin.py:149} INFO - [2023-06-22T14:50:38.887+0700] {dag.py:3486} INFO - Setting next_dagrun for example_subdag_operator.section-1 to None, run_after=None
[2023-06-22T14:50:38.887+0700] {logging_mixin.py:149} INFO - [2023-06-22T14:50:38.887+0700] {dag.py:3486} INFO - Setting next_dagrun for example_subdag_operator.section-2 to None, run_after=None
[2023-06-22T14:50:38.902+0700] {processor.py:179} INFO - Processing /Users/macbook/Documents/Documents_MacBook_Pro/ISTT/AirflowTutorial/envlibs/lib/python3.10/site-packages/airflow/example_dags/example_subdag_operator.py took 0.887 seconds
[2023-06-22T14:52:38.400+0700] {processor.py:157} INFO - Started process (PID=12811) to work on /Users/macbook/Documents/Documents_MacBook_Pro/ISTT/AirflowTutorial/envlibs/lib/python3.10/site-packages/airflow/example_dags/example_subdag_operator.py
[2023-06-22T14:52:38.401+0700] {processor.py:826} INFO - Processing file /Users/macbook/Documents/Documents_MacBook_Pro/ISTT/AirflowTutorial/envlibs/lib/python3.10/site-packages/airflow/example_dags/example_subdag_operator.py for tasks to queue
[2023-06-22T14:52:38.402+0700] {logging_mixin.py:149} INFO - [2023-06-22T14:52:38.402+0700] {dagbag.py:541} INFO - Filling up the DagBag from /Users/macbook/Documents/Documents_MacBook_Pro/ISTT/AirflowTutorial/envlibs/lib/python3.10/site-packages/airflow/example_dags/example_subdag_operator.py
[2023-06-22T14:52:39.299+0700] {processor.py:836} INFO - DAG(s) dict_keys(['example_subdag_operator.section-1', 'example_subdag_operator.section-2', 'example_subdag_operator']) retrieved from /Users/macbook/Documents/Documents_MacBook_Pro/ISTT/AirflowTutorial/envlibs/lib/python3.10/site-packages/airflow/example_dags/example_subdag_operator.py
[2023-06-22T14:52:39.334+0700] {logging_mixin.py:149} INFO - [2023-06-22T14:52:39.334+0700] {dag.py:2726} INFO - Sync 3 DAGs
[2023-06-22T14:52:39.352+0700] {logging_mixin.py:149} INFO - [2023-06-22T14:52:39.352+0700] {dag.py:3486} INFO - Setting next_dagrun for example_subdag_operator to 2022-01-01T00:00:00+00:00, run_after=2022-01-01T00:00:00+00:00
[2023-06-22T14:52:39.355+0700] {logging_mixin.py:149} INFO - [2023-06-22T14:52:39.355+0700] {dag.py:3486} INFO - Setting next_dagrun for example_subdag_operator.section-1 to None, run_after=None
[2023-06-22T14:52:39.356+0700] {logging_mixin.py:149} INFO - [2023-06-22T14:52:39.356+0700] {dag.py:3486} INFO - Setting next_dagrun for example_subdag_operator.section-2 to None, run_after=None
[2023-06-22T14:52:39.361+0700] {logging_mixin.py:149} INFO - [2023-06-22T14:52:39.361+0700] {dag.py:2726} INFO - Sync 2 DAGs
[2023-06-22T14:52:39.365+0700] {logging_mixin.py:149} INFO - [2023-06-22T14:52:39.365+0700] {dag.py:3486} INFO - Setting next_dagrun for example_subdag_operator.section-1 to None, run_after=None
[2023-06-22T14:52:39.365+0700] {logging_mixin.py:149} INFO - [2023-06-22T14:52:39.365+0700] {dag.py:3486} INFO - Setting next_dagrun for example_subdag_operator.section-2 to None, run_after=None
[2023-06-22T14:52:39.379+0700] {processor.py:179} INFO - Processing /Users/macbook/Documents/Documents_MacBook_Pro/ISTT/AirflowTutorial/envlibs/lib/python3.10/site-packages/airflow/example_dags/example_subdag_operator.py took 0.980 seconds
[2023-06-22T14:54:38.578+0700] {processor.py:157} INFO - Started process (PID=12864) to work on /Users/macbook/Documents/Documents_MacBook_Pro/ISTT/AirflowTutorial/envlibs/lib/python3.10/site-packages/airflow/example_dags/example_subdag_operator.py
[2023-06-22T14:54:38.579+0700] {processor.py:826} INFO - Processing file /Users/macbook/Documents/Documents_MacBook_Pro/ISTT/AirflowTutorial/envlibs/lib/python3.10/site-packages/airflow/example_dags/example_subdag_operator.py for tasks to queue
[2023-06-22T14:54:38.580+0700] {logging_mixin.py:149} INFO - [2023-06-22T14:54:38.579+0700] {dagbag.py:541} INFO - Filling up the DagBag from /Users/macbook/Documents/Documents_MacBook_Pro/ISTT/AirflowTutorial/envlibs/lib/python3.10/site-packages/airflow/example_dags/example_subdag_operator.py
[2023-06-22T14:54:39.381+0700] {processor.py:836} INFO - DAG(s) dict_keys(['example_subdag_operator.section-1', 'example_subdag_operator.section-2', 'example_subdag_operator']) retrieved from /Users/macbook/Documents/Documents_MacBook_Pro/ISTT/AirflowTutorial/envlibs/lib/python3.10/site-packages/airflow/example_dags/example_subdag_operator.py
[2023-06-22T14:54:39.411+0700] {logging_mixin.py:149} INFO - [2023-06-22T14:54:39.411+0700] {dag.py:2726} INFO - Sync 3 DAGs
[2023-06-22T14:54:39.428+0700] {logging_mixin.py:149} INFO - [2023-06-22T14:54:39.428+0700] {dag.py:3486} INFO - Setting next_dagrun for example_subdag_operator to 2022-01-01T00:00:00+00:00, run_after=2022-01-01T00:00:00+00:00
[2023-06-22T14:54:39.430+0700] {logging_mixin.py:149} INFO - [2023-06-22T14:54:39.430+0700] {dag.py:3486} INFO - Setting next_dagrun for example_subdag_operator.section-1 to None, run_after=None
[2023-06-22T14:54:39.431+0700] {logging_mixin.py:149} INFO - [2023-06-22T14:54:39.431+0700] {dag.py:3486} INFO - Setting next_dagrun for example_subdag_operator.section-2 to None, run_after=None
[2023-06-22T14:54:39.435+0700] {logging_mixin.py:149} INFO - [2023-06-22T14:54:39.435+0700] {dag.py:2726} INFO - Sync 2 DAGs
[2023-06-22T14:54:39.439+0700] {logging_mixin.py:149} INFO - [2023-06-22T14:54:39.439+0700] {dag.py:3486} INFO - Setting next_dagrun for example_subdag_operator.section-1 to None, run_after=None
[2023-06-22T14:54:39.439+0700] {logging_mixin.py:149} INFO - [2023-06-22T14:54:39.439+0700] {dag.py:3486} INFO - Setting next_dagrun for example_subdag_operator.section-2 to None, run_after=None
[2023-06-22T14:54:39.452+0700] {processor.py:179} INFO - Processing /Users/macbook/Documents/Documents_MacBook_Pro/ISTT/AirflowTutorial/envlibs/lib/python3.10/site-packages/airflow/example_dags/example_subdag_operator.py took 0.876 seconds
[2023-06-22T14:56:32.371+0700] {processor.py:157} INFO - Started process (PID=12915) to work on /Users/macbook/Documents/Documents_MacBook_Pro/ISTT/AirflowTutorial/envlibs/lib/python3.10/site-packages/airflow/example_dags/example_subdag_operator.py
[2023-06-22T14:56:32.372+0700] {processor.py:826} INFO - Processing file /Users/macbook/Documents/Documents_MacBook_Pro/ISTT/AirflowTutorial/envlibs/lib/python3.10/site-packages/airflow/example_dags/example_subdag_operator.py for tasks to queue
[2023-06-22T14:56:32.372+0700] {logging_mixin.py:149} INFO - [2023-06-22T14:56:32.372+0700] {dagbag.py:541} INFO - Filling up the DagBag from /Users/macbook/Documents/Documents_MacBook_Pro/ISTT/AirflowTutorial/envlibs/lib/python3.10/site-packages/airflow/example_dags/example_subdag_operator.py
[2023-06-22T14:56:33.204+0700] {processor.py:836} INFO - DAG(s) dict_keys(['example_subdag_operator.section-1', 'example_subdag_operator.section-2', 'example_subdag_operator']) retrieved from /Users/macbook/Documents/Documents_MacBook_Pro/ISTT/AirflowTutorial/envlibs/lib/python3.10/site-packages/airflow/example_dags/example_subdag_operator.py
[2023-06-22T14:56:33.236+0700] {logging_mixin.py:149} INFO - [2023-06-22T14:56:33.236+0700] {dag.py:2726} INFO - Sync 3 DAGs
[2023-06-22T14:56:33.255+0700] {logging_mixin.py:149} INFO - [2023-06-22T14:56:33.255+0700] {dag.py:3486} INFO - Setting next_dagrun for example_subdag_operator to 2022-01-01T00:00:00+00:00, run_after=2022-01-01T00:00:00+00:00
[2023-06-22T14:56:33.258+0700] {logging_mixin.py:149} INFO - [2023-06-22T14:56:33.258+0700] {dag.py:3486} INFO - Setting next_dagrun for example_subdag_operator.section-1 to None, run_after=None
[2023-06-22T14:56:33.259+0700] {logging_mixin.py:149} INFO - [2023-06-22T14:56:33.258+0700] {dag.py:3486} INFO - Setting next_dagrun for example_subdag_operator.section-2 to None, run_after=None
[2023-06-22T14:56:33.263+0700] {logging_mixin.py:149} INFO - [2023-06-22T14:56:33.263+0700] {dag.py:2726} INFO - Sync 2 DAGs
[2023-06-22T14:56:33.267+0700] {logging_mixin.py:149} INFO - [2023-06-22T14:56:33.267+0700] {dag.py:3486} INFO - Setting next_dagrun for example_subdag_operator.section-1 to None, run_after=None
[2023-06-22T14:56:33.267+0700] {logging_mixin.py:149} INFO - [2023-06-22T14:56:33.267+0700] {dag.py:3486} INFO - Setting next_dagrun for example_subdag_operator.section-2 to None, run_after=None
[2023-06-22T14:56:33.278+0700] {processor.py:179} INFO - Processing /Users/macbook/Documents/Documents_MacBook_Pro/ISTT/AirflowTutorial/envlibs/lib/python3.10/site-packages/airflow/example_dags/example_subdag_operator.py took 0.908 seconds
[2023-06-22T14:58:34.346+0700] {processor.py:157} INFO - Started process (PID=12970) to work on /Users/macbook/Documents/Documents_MacBook_Pro/ISTT/AirflowTutorial/envlibs/lib/python3.10/site-packages/airflow/example_dags/example_subdag_operator.py
[2023-06-22T14:58:34.347+0700] {processor.py:826} INFO - Processing file /Users/macbook/Documents/Documents_MacBook_Pro/ISTT/AirflowTutorial/envlibs/lib/python3.10/site-packages/airflow/example_dags/example_subdag_operator.py for tasks to queue
[2023-06-22T14:58:34.348+0700] {logging_mixin.py:149} INFO - [2023-06-22T14:58:34.348+0700] {dagbag.py:541} INFO - Filling up the DagBag from /Users/macbook/Documents/Documents_MacBook_Pro/ISTT/AirflowTutorial/envlibs/lib/python3.10/site-packages/airflow/example_dags/example_subdag_operator.py
[2023-06-22T14:58:35.238+0700] {processor.py:836} INFO - DAG(s) dict_keys(['example_subdag_operator.section-1', 'example_subdag_operator.section-2', 'example_subdag_operator']) retrieved from /Users/macbook/Documents/Documents_MacBook_Pro/ISTT/AirflowTutorial/envlibs/lib/python3.10/site-packages/airflow/example_dags/example_subdag_operator.py
[2023-06-22T14:58:35.272+0700] {logging_mixin.py:149} INFO - [2023-06-22T14:58:35.272+0700] {dag.py:2726} INFO - Sync 3 DAGs
[2023-06-22T14:58:35.291+0700] {logging_mixin.py:149} INFO - [2023-06-22T14:58:35.291+0700] {dag.py:3486} INFO - Setting next_dagrun for example_subdag_operator to 2022-01-01T00:00:00+00:00, run_after=2022-01-01T00:00:00+00:00
[2023-06-22T14:58:35.293+0700] {logging_mixin.py:149} INFO - [2023-06-22T14:58:35.293+0700] {dag.py:3486} INFO - Setting next_dagrun for example_subdag_operator.section-1 to None, run_after=None
[2023-06-22T14:58:35.294+0700] {logging_mixin.py:149} INFO - [2023-06-22T14:58:35.294+0700] {dag.py:3486} INFO - Setting next_dagrun for example_subdag_operator.section-2 to None, run_after=None
[2023-06-22T14:58:35.300+0700] {logging_mixin.py:149} INFO - [2023-06-22T14:58:35.299+0700] {dag.py:2726} INFO - Sync 2 DAGs
[2023-06-22T14:58:35.304+0700] {logging_mixin.py:149} INFO - [2023-06-22T14:58:35.303+0700] {dag.py:3486} INFO - Setting next_dagrun for example_subdag_operator.section-1 to None, run_after=None
[2023-06-22T14:58:35.304+0700] {logging_mixin.py:149} INFO - [2023-06-22T14:58:35.304+0700] {dag.py:3486} INFO - Setting next_dagrun for example_subdag_operator.section-2 to None, run_after=None
[2023-06-22T14:58:35.317+0700] {processor.py:179} INFO - Processing /Users/macbook/Documents/Documents_MacBook_Pro/ISTT/AirflowTutorial/envlibs/lib/python3.10/site-packages/airflow/example_dags/example_subdag_operator.py took 0.972 seconds
[2023-06-22T15:00:39.359+0700] {processor.py:157} INFO - Started process (PID=13022) to work on /Users/macbook/Documents/Documents_MacBook_Pro/ISTT/AirflowTutorial/envlibs/lib/python3.10/site-packages/airflow/example_dags/example_subdag_operator.py
[2023-06-22T15:00:39.361+0700] {processor.py:826} INFO - Processing file /Users/macbook/Documents/Documents_MacBook_Pro/ISTT/AirflowTutorial/envlibs/lib/python3.10/site-packages/airflow/example_dags/example_subdag_operator.py for tasks to queue
[2023-06-22T15:00:39.362+0700] {logging_mixin.py:149} INFO - [2023-06-22T15:00:39.362+0700] {dagbag.py:541} INFO - Filling up the DagBag from /Users/macbook/Documents/Documents_MacBook_Pro/ISTT/AirflowTutorial/envlibs/lib/python3.10/site-packages/airflow/example_dags/example_subdag_operator.py
[2023-06-22T15:00:40.322+0700] {processor.py:836} INFO - DAG(s) dict_keys(['example_subdag_operator.section-1', 'example_subdag_operator.section-2', 'example_subdag_operator']) retrieved from /Users/macbook/Documents/Documents_MacBook_Pro/ISTT/AirflowTutorial/envlibs/lib/python3.10/site-packages/airflow/example_dags/example_subdag_operator.py
[2023-06-22T15:00:40.359+0700] {logging_mixin.py:149} INFO - [2023-06-22T15:00:40.358+0700] {dag.py:2726} INFO - Sync 3 DAGs
[2023-06-22T15:00:40.377+0700] {logging_mixin.py:149} INFO - [2023-06-22T15:00:40.377+0700] {dag.py:3486} INFO - Setting next_dagrun for example_subdag_operator to 2022-01-01T00:00:00+00:00, run_after=2022-01-01T00:00:00+00:00
[2023-06-22T15:00:40.380+0700] {logging_mixin.py:149} INFO - [2023-06-22T15:00:40.380+0700] {dag.py:3486} INFO - Setting next_dagrun for example_subdag_operator.section-1 to None, run_after=None
[2023-06-22T15:00:40.381+0700] {logging_mixin.py:149} INFO - [2023-06-22T15:00:40.381+0700] {dag.py:3486} INFO - Setting next_dagrun for example_subdag_operator.section-2 to None, run_after=None
[2023-06-22T15:00:40.387+0700] {logging_mixin.py:149} INFO - [2023-06-22T15:00:40.387+0700] {dag.py:2726} INFO - Sync 2 DAGs
[2023-06-22T15:00:40.391+0700] {logging_mixin.py:149} INFO - [2023-06-22T15:00:40.391+0700] {dag.py:3486} INFO - Setting next_dagrun for example_subdag_operator.section-1 to None, run_after=None
[2023-06-22T15:00:40.391+0700] {logging_mixin.py:149} INFO - [2023-06-22T15:00:40.391+0700] {dag.py:3486} INFO - Setting next_dagrun for example_subdag_operator.section-2 to None, run_after=None
[2023-06-22T15:00:40.405+0700] {processor.py:179} INFO - Processing /Users/macbook/Documents/Documents_MacBook_Pro/ISTT/AirflowTutorial/envlibs/lib/python3.10/site-packages/airflow/example_dags/example_subdag_operator.py took 1.047 seconds
[2023-06-22T15:02:41.412+0700] {processor.py:157} INFO - Started process (PID=13080) to work on /Users/macbook/Documents/Documents_MacBook_Pro/ISTT/AirflowTutorial/envlibs/lib/python3.10/site-packages/airflow/example_dags/example_subdag_operator.py
[2023-06-22T15:02:41.414+0700] {processor.py:826} INFO - Processing file /Users/macbook/Documents/Documents_MacBook_Pro/ISTT/AirflowTutorial/envlibs/lib/python3.10/site-packages/airflow/example_dags/example_subdag_operator.py for tasks to queue
[2023-06-22T15:02:41.415+0700] {logging_mixin.py:149} INFO - [2023-06-22T15:02:41.415+0700] {dagbag.py:541} INFO - Filling up the DagBag from /Users/macbook/Documents/Documents_MacBook_Pro/ISTT/AirflowTutorial/envlibs/lib/python3.10/site-packages/airflow/example_dags/example_subdag_operator.py
[2023-06-22T15:02:42.169+0700] {processor.py:836} INFO - DAG(s) dict_keys(['example_subdag_operator.section-1', 'example_subdag_operator.section-2', 'example_subdag_operator']) retrieved from /Users/macbook/Documents/Documents_MacBook_Pro/ISTT/AirflowTutorial/envlibs/lib/python3.10/site-packages/airflow/example_dags/example_subdag_operator.py
[2023-06-22T15:02:42.199+0700] {logging_mixin.py:149} INFO - [2023-06-22T15:02:42.198+0700] {dag.py:2726} INFO - Sync 3 DAGs
[2023-06-22T15:02:42.215+0700] {logging_mixin.py:149} INFO - [2023-06-22T15:02:42.214+0700] {dag.py:3486} INFO - Setting next_dagrun for example_subdag_operator to 2022-01-01T00:00:00+00:00, run_after=2022-01-01T00:00:00+00:00
[2023-06-22T15:02:42.217+0700] {logging_mixin.py:149} INFO - [2023-06-22T15:02:42.217+0700] {dag.py:3486} INFO - Setting next_dagrun for example_subdag_operator.section-1 to None, run_after=None
[2023-06-22T15:02:42.218+0700] {logging_mixin.py:149} INFO - [2023-06-22T15:02:42.217+0700] {dag.py:3486} INFO - Setting next_dagrun for example_subdag_operator.section-2 to None, run_after=None
[2023-06-22T15:02:42.222+0700] {logging_mixin.py:149} INFO - [2023-06-22T15:02:42.222+0700] {dag.py:2726} INFO - Sync 2 DAGs
[2023-06-22T15:02:42.225+0700] {logging_mixin.py:149} INFO - [2023-06-22T15:02:42.225+0700] {dag.py:3486} INFO - Setting next_dagrun for example_subdag_operator.section-1 to None, run_after=None
[2023-06-22T15:02:42.226+0700] {logging_mixin.py:149} INFO - [2023-06-22T15:02:42.226+0700] {dag.py:3486} INFO - Setting next_dagrun for example_subdag_operator.section-2 to None, run_after=None
[2023-06-22T15:02:42.238+0700] {processor.py:179} INFO - Processing /Users/macbook/Documents/Documents_MacBook_Pro/ISTT/AirflowTutorial/envlibs/lib/python3.10/site-packages/airflow/example_dags/example_subdag_operator.py took 0.826 seconds
[2023-06-22T15:04:41.551+0700] {processor.py:157} INFO - Started process (PID=13138) to work on /Users/macbook/Documents/Documents_MacBook_Pro/ISTT/AirflowTutorial/envlibs/lib/python3.10/site-packages/airflow/example_dags/example_subdag_operator.py
[2023-06-22T15:04:41.552+0700] {processor.py:826} INFO - Processing file /Users/macbook/Documents/Documents_MacBook_Pro/ISTT/AirflowTutorial/envlibs/lib/python3.10/site-packages/airflow/example_dags/example_subdag_operator.py for tasks to queue
[2023-06-22T15:04:41.552+0700] {logging_mixin.py:149} INFO - [2023-06-22T15:04:41.552+0700] {dagbag.py:541} INFO - Filling up the DagBag from /Users/macbook/Documents/Documents_MacBook_Pro/ISTT/AirflowTutorial/envlibs/lib/python3.10/site-packages/airflow/example_dags/example_subdag_operator.py
[2023-06-22T15:04:42.260+0700] {processor.py:836} INFO - DAG(s) dict_keys(['example_subdag_operator.section-1', 'example_subdag_operator.section-2', 'example_subdag_operator']) retrieved from /Users/macbook/Documents/Documents_MacBook_Pro/ISTT/AirflowTutorial/envlibs/lib/python3.10/site-packages/airflow/example_dags/example_subdag_operator.py
[2023-06-22T15:04:42.289+0700] {logging_mixin.py:149} INFO - [2023-06-22T15:04:42.289+0700] {dag.py:2726} INFO - Sync 3 DAGs
[2023-06-22T15:04:42.304+0700] {logging_mixin.py:149} INFO - [2023-06-22T15:04:42.304+0700] {dag.py:3486} INFO - Setting next_dagrun for example_subdag_operator to 2022-01-01T00:00:00+00:00, run_after=2022-01-01T00:00:00+00:00
[2023-06-22T15:04:42.306+0700] {logging_mixin.py:149} INFO - [2023-06-22T15:04:42.306+0700] {dag.py:3486} INFO - Setting next_dagrun for example_subdag_operator.section-1 to None, run_after=None
[2023-06-22T15:04:42.307+0700] {logging_mixin.py:149} INFO - [2023-06-22T15:04:42.307+0700] {dag.py:3486} INFO - Setting next_dagrun for example_subdag_operator.section-2 to None, run_after=None
[2023-06-22T15:04:42.312+0700] {logging_mixin.py:149} INFO - [2023-06-22T15:04:42.312+0700] {dag.py:2726} INFO - Sync 2 DAGs
[2023-06-22T15:04:42.315+0700] {logging_mixin.py:149} INFO - [2023-06-22T15:04:42.315+0700] {dag.py:3486} INFO - Setting next_dagrun for example_subdag_operator.section-1 to None, run_after=None
[2023-06-22T15:04:42.315+0700] {logging_mixin.py:149} INFO - [2023-06-22T15:04:42.315+0700] {dag.py:3486} INFO - Setting next_dagrun for example_subdag_operator.section-2 to None, run_after=None
[2023-06-22T15:04:42.327+0700] {processor.py:179} INFO - Processing /Users/macbook/Documents/Documents_MacBook_Pro/ISTT/AirflowTutorial/envlibs/lib/python3.10/site-packages/airflow/example_dags/example_subdag_operator.py took 0.777 seconds
[2023-06-22T15:06:51.823+0700] {processor.py:157} INFO - Started process (PID=13242) to work on /Users/macbook/Documents/Documents_MacBook_Pro/ISTT/AirflowTutorial/envlibs/lib/python3.10/site-packages/airflow/example_dags/example_subdag_operator.py
[2023-06-22T15:06:51.824+0700] {processor.py:826} INFO - Processing file /Users/macbook/Documents/Documents_MacBook_Pro/ISTT/AirflowTutorial/envlibs/lib/python3.10/site-packages/airflow/example_dags/example_subdag_operator.py for tasks to queue
[2023-06-22T15:06:51.825+0700] {logging_mixin.py:149} INFO - [2023-06-22T15:06:51.825+0700] {dagbag.py:541} INFO - Filling up the DagBag from /Users/macbook/Documents/Documents_MacBook_Pro/ISTT/AirflowTutorial/envlibs/lib/python3.10/site-packages/airflow/example_dags/example_subdag_operator.py
[2023-06-22T15:06:52.627+0700] {processor.py:836} INFO - DAG(s) dict_keys(['example_subdag_operator.section-1', 'example_subdag_operator.section-2', 'example_subdag_operator']) retrieved from /Users/macbook/Documents/Documents_MacBook_Pro/ISTT/AirflowTutorial/envlibs/lib/python3.10/site-packages/airflow/example_dags/example_subdag_operator.py
[2023-06-22T15:06:52.660+0700] {logging_mixin.py:149} INFO - [2023-06-22T15:06:52.659+0700] {dag.py:2726} INFO - Sync 3 DAGs
[2023-06-22T15:06:52.677+0700] {logging_mixin.py:149} INFO - [2023-06-22T15:06:52.677+0700] {dag.py:3486} INFO - Setting next_dagrun for example_subdag_operator to 2022-01-01T00:00:00+00:00, run_after=2022-01-01T00:00:00+00:00
[2023-06-22T15:06:52.680+0700] {logging_mixin.py:149} INFO - [2023-06-22T15:06:52.680+0700] {dag.py:3486} INFO - Setting next_dagrun for example_subdag_operator.section-1 to None, run_after=None
[2023-06-22T15:06:52.681+0700] {logging_mixin.py:149} INFO - [2023-06-22T15:06:52.680+0700] {dag.py:3486} INFO - Setting next_dagrun for example_subdag_operator.section-2 to None, run_after=None
[2023-06-22T15:06:52.686+0700] {logging_mixin.py:149} INFO - [2023-06-22T15:06:52.686+0700] {dag.py:2726} INFO - Sync 2 DAGs
[2023-06-22T15:06:52.691+0700] {logging_mixin.py:149} INFO - [2023-06-22T15:06:52.691+0700] {dag.py:3486} INFO - Setting next_dagrun for example_subdag_operator.section-1 to None, run_after=None
[2023-06-22T15:06:52.692+0700] {logging_mixin.py:149} INFO - [2023-06-22T15:06:52.692+0700] {dag.py:3486} INFO - Setting next_dagrun for example_subdag_operator.section-2 to None, run_after=None
[2023-06-22T15:06:52.705+0700] {processor.py:179} INFO - Processing /Users/macbook/Documents/Documents_MacBook_Pro/ISTT/AirflowTutorial/envlibs/lib/python3.10/site-packages/airflow/example_dags/example_subdag_operator.py took 0.883 seconds
[2023-06-22T15:08:52.056+0700] {processor.py:157} INFO - Started process (PID=13294) to work on /Users/macbook/Documents/Documents_MacBook_Pro/ISTT/AirflowTutorial/envlibs/lib/python3.10/site-packages/airflow/example_dags/example_subdag_operator.py
[2023-06-22T15:08:52.057+0700] {processor.py:826} INFO - Processing file /Users/macbook/Documents/Documents_MacBook_Pro/ISTT/AirflowTutorial/envlibs/lib/python3.10/site-packages/airflow/example_dags/example_subdag_operator.py for tasks to queue
[2023-06-22T15:08:52.057+0700] {logging_mixin.py:149} INFO - [2023-06-22T15:08:52.057+0700] {dagbag.py:541} INFO - Filling up the DagBag from /Users/macbook/Documents/Documents_MacBook_Pro/ISTT/AirflowTutorial/envlibs/lib/python3.10/site-packages/airflow/example_dags/example_subdag_operator.py
[2023-06-22T15:08:52.914+0700] {processor.py:836} INFO - DAG(s) dict_keys(['example_subdag_operator.section-1', 'example_subdag_operator.section-2', 'example_subdag_operator']) retrieved from /Users/macbook/Documents/Documents_MacBook_Pro/ISTT/AirflowTutorial/envlibs/lib/python3.10/site-packages/airflow/example_dags/example_subdag_operator.py
[2023-06-22T15:08:52.951+0700] {logging_mixin.py:149} INFO - [2023-06-22T15:08:52.950+0700] {dag.py:2726} INFO - Sync 3 DAGs
[2023-06-22T15:08:52.970+0700] {logging_mixin.py:149} INFO - [2023-06-22T15:08:52.970+0700] {dag.py:3486} INFO - Setting next_dagrun for example_subdag_operator to 2022-01-01T00:00:00+00:00, run_after=2022-01-01T00:00:00+00:00
[2023-06-22T15:08:52.973+0700] {logging_mixin.py:149} INFO - [2023-06-22T15:08:52.973+0700] {dag.py:3486} INFO - Setting next_dagrun for example_subdag_operator.section-1 to None, run_after=None
[2023-06-22T15:08:52.974+0700] {logging_mixin.py:149} INFO - [2023-06-22T15:08:52.974+0700] {dag.py:3486} INFO - Setting next_dagrun for example_subdag_operator.section-2 to None, run_after=None
[2023-06-22T15:08:52.980+0700] {logging_mixin.py:149} INFO - [2023-06-22T15:08:52.979+0700] {dag.py:2726} INFO - Sync 2 DAGs
[2023-06-22T15:08:52.983+0700] {logging_mixin.py:149} INFO - [2023-06-22T15:08:52.983+0700] {dag.py:3486} INFO - Setting next_dagrun for example_subdag_operator.section-1 to None, run_after=None
[2023-06-22T15:08:52.984+0700] {logging_mixin.py:149} INFO - [2023-06-22T15:08:52.984+0700] {dag.py:3486} INFO - Setting next_dagrun for example_subdag_operator.section-2 to None, run_after=None
[2023-06-22T15:08:52.997+0700] {processor.py:179} INFO - Processing /Users/macbook/Documents/Documents_MacBook_Pro/ISTT/AirflowTutorial/envlibs/lib/python3.10/site-packages/airflow/example_dags/example_subdag_operator.py took 0.942 seconds
[2023-06-22T15:10:56.587+0700] {processor.py:157} INFO - Started process (PID=13391) to work on /Users/macbook/Documents/Documents_MacBook_Pro/ISTT/AirflowTutorial/envlibs/lib/python3.10/site-packages/airflow/example_dags/example_subdag_operator.py
[2023-06-22T15:10:56.589+0700] {processor.py:826} INFO - Processing file /Users/macbook/Documents/Documents_MacBook_Pro/ISTT/AirflowTutorial/envlibs/lib/python3.10/site-packages/airflow/example_dags/example_subdag_operator.py for tasks to queue
[2023-06-22T15:10:56.590+0700] {logging_mixin.py:149} INFO - [2023-06-22T15:10:56.590+0700] {dagbag.py:541} INFO - Filling up the DagBag from /Users/macbook/Documents/Documents_MacBook_Pro/ISTT/AirflowTutorial/envlibs/lib/python3.10/site-packages/airflow/example_dags/example_subdag_operator.py
[2023-06-22T15:10:57.512+0700] {processor.py:836} INFO - DAG(s) dict_keys(['example_subdag_operator.section-1', 'example_subdag_operator.section-2', 'example_subdag_operator']) retrieved from /Users/macbook/Documents/Documents_MacBook_Pro/ISTT/AirflowTutorial/envlibs/lib/python3.10/site-packages/airflow/example_dags/example_subdag_operator.py
[2023-06-22T15:10:57.572+0700] {logging_mixin.py:149} INFO - [2023-06-22T15:10:57.572+0700] {dag.py:2726} INFO - Sync 3 DAGs
[2023-06-22T15:10:57.660+0700] {logging_mixin.py:149} INFO - [2023-06-22T15:10:57.660+0700] {dag.py:3486} INFO - Setting next_dagrun for example_subdag_operator to 2022-01-01T00:00:00+00:00, run_after=2022-01-01T00:00:00+00:00
[2023-06-22T15:10:57.664+0700] {logging_mixin.py:149} INFO - [2023-06-22T15:10:57.664+0700] {dag.py:3486} INFO - Setting next_dagrun for example_subdag_operator.section-1 to None, run_after=None
[2023-06-22T15:10:57.665+0700] {logging_mixin.py:149} INFO - [2023-06-22T15:10:57.665+0700] {dag.py:3486} INFO - Setting next_dagrun for example_subdag_operator.section-2 to None, run_after=None
[2023-06-22T15:10:57.676+0700] {logging_mixin.py:149} INFO - [2023-06-22T15:10:57.675+0700] {dag.py:2726} INFO - Sync 2 DAGs
[2023-06-22T15:10:57.683+0700] {logging_mixin.py:149} INFO - [2023-06-22T15:10:57.683+0700] {dag.py:3486} INFO - Setting next_dagrun for example_subdag_operator.section-1 to None, run_after=None
[2023-06-22T15:10:57.683+0700] {logging_mixin.py:149} INFO - [2023-06-22T15:10:57.683+0700] {dag.py:3486} INFO - Setting next_dagrun for example_subdag_operator.section-2 to None, run_after=None
[2023-06-22T15:10:57.703+0700] {processor.py:179} INFO - Processing /Users/macbook/Documents/Documents_MacBook_Pro/ISTT/AirflowTutorial/envlibs/lib/python3.10/site-packages/airflow/example_dags/example_subdag_operator.py took 1.117 seconds
[2023-06-22T15:13:02.552+0700] {processor.py:157} INFO - Started process (PID=13445) to work on /Users/macbook/Documents/Documents_MacBook_Pro/ISTT/AirflowTutorial/envlibs/lib/python3.10/site-packages/airflow/example_dags/example_subdag_operator.py
[2023-06-22T15:13:02.554+0700] {processor.py:826} INFO - Processing file /Users/macbook/Documents/Documents_MacBook_Pro/ISTT/AirflowTutorial/envlibs/lib/python3.10/site-packages/airflow/example_dags/example_subdag_operator.py for tasks to queue
[2023-06-22T15:13:02.555+0700] {logging_mixin.py:149} INFO - [2023-06-22T15:13:02.554+0700] {dagbag.py:541} INFO - Filling up the DagBag from /Users/macbook/Documents/Documents_MacBook_Pro/ISTT/AirflowTutorial/envlibs/lib/python3.10/site-packages/airflow/example_dags/example_subdag_operator.py
[2023-06-22T15:13:03.382+0700] {processor.py:836} INFO - DAG(s) dict_keys(['example_subdag_operator.section-1', 'example_subdag_operator.section-2', 'example_subdag_operator']) retrieved from /Users/macbook/Documents/Documents_MacBook_Pro/ISTT/AirflowTutorial/envlibs/lib/python3.10/site-packages/airflow/example_dags/example_subdag_operator.py
[2023-06-22T15:13:03.425+0700] {logging_mixin.py:149} INFO - [2023-06-22T15:13:03.425+0700] {dag.py:2726} INFO - Sync 3 DAGs
[2023-06-22T15:13:03.446+0700] {logging_mixin.py:149} INFO - [2023-06-22T15:13:03.446+0700] {dag.py:3486} INFO - Setting next_dagrun for example_subdag_operator to 2022-01-01T00:00:00+00:00, run_after=2022-01-01T00:00:00+00:00
[2023-06-22T15:13:03.449+0700] {logging_mixin.py:149} INFO - [2023-06-22T15:13:03.449+0700] {dag.py:3486} INFO - Setting next_dagrun for example_subdag_operator.section-1 to None, run_after=None
[2023-06-22T15:13:03.450+0700] {logging_mixin.py:149} INFO - [2023-06-22T15:13:03.449+0700] {dag.py:3486} INFO - Setting next_dagrun for example_subdag_operator.section-2 to None, run_after=None
[2023-06-22T15:13:03.456+0700] {logging_mixin.py:149} INFO - [2023-06-22T15:13:03.456+0700] {dag.py:2726} INFO - Sync 2 DAGs
[2023-06-22T15:13:03.460+0700] {logging_mixin.py:149} INFO - [2023-06-22T15:13:03.460+0700] {dag.py:3486} INFO - Setting next_dagrun for example_subdag_operator.section-1 to None, run_after=None
[2023-06-22T15:13:03.460+0700] {logging_mixin.py:149} INFO - [2023-06-22T15:13:03.460+0700] {dag.py:3486} INFO - Setting next_dagrun for example_subdag_operator.section-2 to None, run_after=None
[2023-06-22T15:13:03.475+0700] {processor.py:179} INFO - Processing /Users/macbook/Documents/Documents_MacBook_Pro/ISTT/AirflowTutorial/envlibs/lib/python3.10/site-packages/airflow/example_dags/example_subdag_operator.py took 0.924 seconds
[2023-06-22T15:15:08.743+0700] {processor.py:157} INFO - Started process (PID=13540) to work on /Users/macbook/Documents/Documents_MacBook_Pro/ISTT/AirflowTutorial/envlibs/lib/python3.10/site-packages/airflow/example_dags/example_subdag_operator.py
[2023-06-22T15:15:08.745+0700] {processor.py:826} INFO - Processing file /Users/macbook/Documents/Documents_MacBook_Pro/ISTT/AirflowTutorial/envlibs/lib/python3.10/site-packages/airflow/example_dags/example_subdag_operator.py for tasks to queue
[2023-06-22T15:15:08.745+0700] {logging_mixin.py:149} INFO - [2023-06-22T15:15:08.745+0700] {dagbag.py:541} INFO - Filling up the DagBag from /Users/macbook/Documents/Documents_MacBook_Pro/ISTT/AirflowTutorial/envlibs/lib/python3.10/site-packages/airflow/example_dags/example_subdag_operator.py
[2023-06-22T15:15:09.469+0700] {processor.py:836} INFO - DAG(s) dict_keys(['example_subdag_operator.section-1', 'example_subdag_operator.section-2', 'example_subdag_operator']) retrieved from /Users/macbook/Documents/Documents_MacBook_Pro/ISTT/AirflowTutorial/envlibs/lib/python3.10/site-packages/airflow/example_dags/example_subdag_operator.py
[2023-06-22T15:15:09.500+0700] {logging_mixin.py:149} INFO - [2023-06-22T15:15:09.499+0700] {dag.py:2726} INFO - Sync 3 DAGs
[2023-06-22T15:15:09.517+0700] {logging_mixin.py:149} INFO - [2023-06-22T15:15:09.517+0700] {dag.py:3486} INFO - Setting next_dagrun for example_subdag_operator to 2022-01-01T00:00:00+00:00, run_after=2022-01-01T00:00:00+00:00
[2023-06-22T15:15:09.519+0700] {logging_mixin.py:149} INFO - [2023-06-22T15:15:09.519+0700] {dag.py:3486} INFO - Setting next_dagrun for example_subdag_operator.section-1 to None, run_after=None
[2023-06-22T15:15:09.520+0700] {logging_mixin.py:149} INFO - [2023-06-22T15:15:09.520+0700] {dag.py:3486} INFO - Setting next_dagrun for example_subdag_operator.section-2 to None, run_after=None
[2023-06-22T15:15:09.526+0700] {logging_mixin.py:149} INFO - [2023-06-22T15:15:09.525+0700] {dag.py:2726} INFO - Sync 2 DAGs
[2023-06-22T15:15:09.530+0700] {logging_mixin.py:149} INFO - [2023-06-22T15:15:09.530+0700] {dag.py:3486} INFO - Setting next_dagrun for example_subdag_operator.section-1 to None, run_after=None
[2023-06-22T15:15:09.530+0700] {logging_mixin.py:149} INFO - [2023-06-22T15:15:09.530+0700] {dag.py:3486} INFO - Setting next_dagrun for example_subdag_operator.section-2 to None, run_after=None
[2023-06-22T15:15:09.545+0700] {processor.py:179} INFO - Processing /Users/macbook/Documents/Documents_MacBook_Pro/ISTT/AirflowTutorial/envlibs/lib/python3.10/site-packages/airflow/example_dags/example_subdag_operator.py took 0.803 seconds
