[2023-06-22T14:28:52.481+0700] {processor.py:157} INFO - Started process (PID=11906) to work on /Users/macbook/Documents/Documents_MacBook_Pro/ISTT/AirflowTutorial/envlibs/lib/python3.10/site-packages/airflow/example_dags/example_branch_operator_decorator.py
[2023-06-22T14:28:52.482+0700] {processor.py:826} INFO - Processing file /Users/macbook/Documents/Documents_MacBook_Pro/ISTT/AirflowTutorial/envlibs/lib/python3.10/site-packages/airflow/example_dags/example_branch_operator_decorator.py for tasks to queue
[2023-06-22T14:28:52.482+0700] {logging_mixin.py:149} INFO - [2023-06-22T14:28:52.482+0700] {dagbag.py:541} INFO - Filling up the DagBag from /Users/macbook/Documents/Documents_MacBook_Pro/ISTT/AirflowTutorial/envlibs/lib/python3.10/site-packages/airflow/example_dags/example_branch_operator_decorator.py
[2023-06-22T14:28:52.545+0700] {processor.py:836} INFO - DAG(s) dict_keys(['example_branch_python_operator_decorator']) retrieved from /Users/macbook/Documents/Documents_MacBook_Pro/ISTT/AirflowTutorial/envlibs/lib/python3.10/site-packages/airflow/example_dags/example_branch_operator_decorator.py
[2023-06-22T14:28:53.655+0700] {logging_mixin.py:149} INFO - [2023-06-22T14:28:53.655+0700] {dag.py:2726} INFO - Sync 1 DAGs
[2023-06-22T14:28:53.682+0700] {logging_mixin.py:149} INFO - [2023-06-22T14:28:53.682+0700] {dag.py:3486} INFO - Setting next_dagrun for example_branch_python_operator_decorator to 2023-06-21T00:00:00+00:00, run_after=2023-06-22T00:00:00+00:00
[2023-06-22T14:28:53.713+0700] {processor.py:179} INFO - Processing /Users/macbook/Documents/Documents_MacBook_Pro/ISTT/AirflowTutorial/envlibs/lib/python3.10/site-packages/airflow/example_dags/example_branch_operator_decorator.py took 1.233 seconds
[2023-06-22T14:33:20.265+0700] {processor.py:157} INFO - Started process (PID=12099) to work on /Users/macbook/Documents/Documents_MacBook_Pro/ISTT/AirflowTutorial/envlibs/lib/python3.10/site-packages/airflow/example_dags/example_branch_operator_decorator.py
[2023-06-22T14:33:20.266+0700] {processor.py:826} INFO - Processing file /Users/macbook/Documents/Documents_MacBook_Pro/ISTT/AirflowTutorial/envlibs/lib/python3.10/site-packages/airflow/example_dags/example_branch_operator_decorator.py for tasks to queue
[2023-06-22T14:33:20.266+0700] {logging_mixin.py:149} INFO - [2023-06-22T14:33:20.266+0700] {dagbag.py:541} INFO - Filling up the DagBag from /Users/macbook/Documents/Documents_MacBook_Pro/ISTT/AirflowTutorial/envlibs/lib/python3.10/site-packages/airflow/example_dags/example_branch_operator_decorator.py
[2023-06-22T14:33:20.374+0700] {processor.py:836} INFO - DAG(s) dict_keys(['example_branch_python_operator_decorator']) retrieved from /Users/macbook/Documents/Documents_MacBook_Pro/ISTT/AirflowTutorial/envlibs/lib/python3.10/site-packages/airflow/example_dags/example_branch_operator_decorator.py
[2023-06-22T14:33:21.336+0700] {logging_mixin.py:149} INFO - [2023-06-22T14:33:21.336+0700] {dag.py:2726} INFO - Sync 1 DAGs
[2023-06-22T14:33:21.355+0700] {logging_mixin.py:149} INFO - [2023-06-22T14:33:21.355+0700] {dag.py:3486} INFO - Setting next_dagrun for example_branch_python_operator_decorator to 2023-06-21T00:00:00+00:00, run_after=2023-06-22T00:00:00+00:00
[2023-06-22T14:33:21.377+0700] {processor.py:179} INFO - Processing /Users/macbook/Documents/Documents_MacBook_Pro/ISTT/AirflowTutorial/envlibs/lib/python3.10/site-packages/airflow/example_dags/example_branch_operator_decorator.py took 1.114 seconds
[2023-06-22T14:38:42.600+0700] {processor.py:157} INFO - Started process (PID=12375) to work on /Users/macbook/Documents/Documents_MacBook_Pro/ISTT/AirflowTutorial/envlibs/lib/python3.10/site-packages/airflow/example_dags/example_branch_operator_decorator.py
[2023-06-22T14:38:42.601+0700] {processor.py:826} INFO - Processing file /Users/macbook/Documents/Documents_MacBook_Pro/ISTT/AirflowTutorial/envlibs/lib/python3.10/site-packages/airflow/example_dags/example_branch_operator_decorator.py for tasks to queue
[2023-06-22T14:38:42.602+0700] {logging_mixin.py:149} INFO - [2023-06-22T14:38:42.602+0700] {dagbag.py:541} INFO - Filling up the DagBag from /Users/macbook/Documents/Documents_MacBook_Pro/ISTT/AirflowTutorial/envlibs/lib/python3.10/site-packages/airflow/example_dags/example_branch_operator_decorator.py
[2023-06-22T14:38:42.658+0700] {processor.py:836} INFO - DAG(s) dict_keys(['example_branch_python_operator_decorator']) retrieved from /Users/macbook/Documents/Documents_MacBook_Pro/ISTT/AirflowTutorial/envlibs/lib/python3.10/site-packages/airflow/example_dags/example_branch_operator_decorator.py
[2023-06-22T14:38:43.518+0700] {logging_mixin.py:149} INFO - [2023-06-22T14:38:43.518+0700] {dag.py:2726} INFO - Sync 1 DAGs
[2023-06-22T14:38:43.526+0700] {logging_mixin.py:149} INFO - [2023-06-22T14:38:43.526+0700] {dag.py:2747} INFO - Creating ORM DAG for example_branch_python_operator_decorator
[2023-06-22T14:38:43.536+0700] {logging_mixin.py:149} INFO - [2023-06-22T14:38:43.536+0700] {dag.py:3486} INFO - Setting next_dagrun for example_branch_python_operator_decorator to 2023-06-21T00:00:00+00:00, run_after=2023-06-22T00:00:00+00:00
[2023-06-22T14:38:43.555+0700] {processor.py:179} INFO - Processing /Users/macbook/Documents/Documents_MacBook_Pro/ISTT/AirflowTutorial/envlibs/lib/python3.10/site-packages/airflow/example_dags/example_branch_operator_decorator.py took 0.955 seconds
[2023-06-22T14:43:06.098+0700] {processor.py:157} INFO - Started process (PID=12545) to work on /Users/macbook/Documents/Documents_MacBook_Pro/ISTT/AirflowTutorial/envlibs/lib/python3.10/site-packages/airflow/example_dags/example_branch_operator_decorator.py
[2023-06-22T14:43:06.101+0700] {processor.py:826} INFO - Processing file /Users/macbook/Documents/Documents_MacBook_Pro/ISTT/AirflowTutorial/envlibs/lib/python3.10/site-packages/airflow/example_dags/example_branch_operator_decorator.py for tasks to queue
[2023-06-22T14:43:06.102+0700] {logging_mixin.py:149} INFO - [2023-06-22T14:43:06.102+0700] {dagbag.py:541} INFO - Filling up the DagBag from /Users/macbook/Documents/Documents_MacBook_Pro/ISTT/AirflowTutorial/envlibs/lib/python3.10/site-packages/airflow/example_dags/example_branch_operator_decorator.py
[2023-06-22T14:43:06.168+0700] {processor.py:836} INFO - DAG(s) dict_keys(['example_branch_python_operator_decorator']) retrieved from /Users/macbook/Documents/Documents_MacBook_Pro/ISTT/AirflowTutorial/envlibs/lib/python3.10/site-packages/airflow/example_dags/example_branch_operator_decorator.py
[2023-06-22T14:43:07.106+0700] {logging_mixin.py:149} INFO - [2023-06-22T14:43:07.106+0700] {dag.py:2726} INFO - Sync 1 DAGs
[2023-06-22T14:43:07.123+0700] {logging_mixin.py:149} INFO - [2023-06-22T14:43:07.123+0700] {dag.py:3486} INFO - Setting next_dagrun for example_branch_python_operator_decorator to 2023-06-21T00:00:00+00:00, run_after=2023-06-22T00:00:00+00:00
[2023-06-22T14:43:07.148+0700] {processor.py:179} INFO - Processing /Users/macbook/Documents/Documents_MacBook_Pro/ISTT/AirflowTutorial/envlibs/lib/python3.10/site-packages/airflow/example_dags/example_branch_operator_decorator.py took 1.051 seconds
[2023-06-22T14:47:17.166+0700] {processor.py:157} INFO - Started process (PID=12656) to work on /Users/macbook/Documents/Documents_MacBook_Pro/ISTT/AirflowTutorial/envlibs/lib/python3.10/site-packages/airflow/example_dags/example_branch_operator_decorator.py
[2023-06-22T14:47:17.167+0700] {processor.py:826} INFO - Processing file /Users/macbook/Documents/Documents_MacBook_Pro/ISTT/AirflowTutorial/envlibs/lib/python3.10/site-packages/airflow/example_dags/example_branch_operator_decorator.py for tasks to queue
[2023-06-22T14:47:17.168+0700] {logging_mixin.py:149} INFO - [2023-06-22T14:47:17.167+0700] {dagbag.py:541} INFO - Filling up the DagBag from /Users/macbook/Documents/Documents_MacBook_Pro/ISTT/AirflowTutorial/envlibs/lib/python3.10/site-packages/airflow/example_dags/example_branch_operator_decorator.py
[2023-06-22T14:47:17.221+0700] {processor.py:836} INFO - DAG(s) dict_keys(['example_branch_python_operator_decorator']) retrieved from /Users/macbook/Documents/Documents_MacBook_Pro/ISTT/AirflowTutorial/envlibs/lib/python3.10/site-packages/airflow/example_dags/example_branch_operator_decorator.py
[2023-06-22T14:47:17.979+0700] {logging_mixin.py:149} INFO - [2023-06-22T14:47:17.979+0700] {dag.py:2726} INFO - Sync 1 DAGs
[2023-06-22T14:47:17.996+0700] {logging_mixin.py:149} INFO - [2023-06-22T14:47:17.996+0700] {dag.py:3486} INFO - Setting next_dagrun for example_branch_python_operator_decorator to 2023-06-21T00:00:00+00:00, run_after=2023-06-22T00:00:00+00:00
[2023-06-22T14:47:18.022+0700] {processor.py:179} INFO - Processing /Users/macbook/Documents/Documents_MacBook_Pro/ISTT/AirflowTutorial/envlibs/lib/python3.10/site-packages/airflow/example_dags/example_branch_operator_decorator.py took 0.857 seconds
[2023-06-22T14:51:28.519+0700] {processor.py:157} INFO - Started process (PID=12777) to work on /Users/macbook/Documents/Documents_MacBook_Pro/ISTT/AirflowTutorial/envlibs/lib/python3.10/site-packages/airflow/example_dags/example_branch_operator_decorator.py
[2023-06-22T14:51:28.521+0700] {processor.py:826} INFO - Processing file /Users/macbook/Documents/Documents_MacBook_Pro/ISTT/AirflowTutorial/envlibs/lib/python3.10/site-packages/airflow/example_dags/example_branch_operator_decorator.py for tasks to queue
[2023-06-22T14:51:28.521+0700] {logging_mixin.py:149} INFO - [2023-06-22T14:51:28.521+0700] {dagbag.py:541} INFO - Filling up the DagBag from /Users/macbook/Documents/Documents_MacBook_Pro/ISTT/AirflowTutorial/envlibs/lib/python3.10/site-packages/airflow/example_dags/example_branch_operator_decorator.py
[2023-06-22T14:51:28.581+0700] {processor.py:836} INFO - DAG(s) dict_keys(['example_branch_python_operator_decorator']) retrieved from /Users/macbook/Documents/Documents_MacBook_Pro/ISTT/AirflowTutorial/envlibs/lib/python3.10/site-packages/airflow/example_dags/example_branch_operator_decorator.py
[2023-06-22T14:51:29.433+0700] {logging_mixin.py:149} INFO - [2023-06-22T14:51:29.433+0700] {dag.py:2726} INFO - Sync 1 DAGs
[2023-06-22T14:51:29.451+0700] {logging_mixin.py:149} INFO - [2023-06-22T14:51:29.451+0700] {dag.py:3486} INFO - Setting next_dagrun for example_branch_python_operator_decorator to 2023-06-21T00:00:00+00:00, run_after=2023-06-22T00:00:00+00:00
[2023-06-22T14:51:29.470+0700] {processor.py:179} INFO - Processing /Users/macbook/Documents/Documents_MacBook_Pro/ISTT/AirflowTutorial/envlibs/lib/python3.10/site-packages/airflow/example_dags/example_branch_operator_decorator.py took 0.952 seconds
[2023-06-22T14:55:25.846+0700] {processor.py:157} INFO - Started process (PID=12887) to work on /Users/macbook/Documents/Documents_MacBook_Pro/ISTT/AirflowTutorial/envlibs/lib/python3.10/site-packages/airflow/example_dags/example_branch_operator_decorator.py
[2023-06-22T14:55:25.848+0700] {processor.py:826} INFO - Processing file /Users/macbook/Documents/Documents_MacBook_Pro/ISTT/AirflowTutorial/envlibs/lib/python3.10/site-packages/airflow/example_dags/example_branch_operator_decorator.py for tasks to queue
[2023-06-22T14:55:25.848+0700] {logging_mixin.py:149} INFO - [2023-06-22T14:55:25.848+0700] {dagbag.py:541} INFO - Filling up the DagBag from /Users/macbook/Documents/Documents_MacBook_Pro/ISTT/AirflowTutorial/envlibs/lib/python3.10/site-packages/airflow/example_dags/example_branch_operator_decorator.py
[2023-06-22T14:55:25.900+0700] {processor.py:836} INFO - DAG(s) dict_keys(['example_branch_python_operator_decorator']) retrieved from /Users/macbook/Documents/Documents_MacBook_Pro/ISTT/AirflowTutorial/envlibs/lib/python3.10/site-packages/airflow/example_dags/example_branch_operator_decorator.py
[2023-06-22T14:55:26.603+0700] {logging_mixin.py:149} INFO - [2023-06-22T14:55:26.603+0700] {dag.py:2726} INFO - Sync 1 DAGs
[2023-06-22T14:55:26.620+0700] {logging_mixin.py:149} INFO - [2023-06-22T14:55:26.619+0700] {dag.py:3486} INFO - Setting next_dagrun for example_branch_python_operator_decorator to 2023-06-21T00:00:00+00:00, run_after=2023-06-22T00:00:00+00:00
[2023-06-22T14:55:26.636+0700] {processor.py:179} INFO - Processing /Users/macbook/Documents/Documents_MacBook_Pro/ISTT/AirflowTutorial/envlibs/lib/python3.10/site-packages/airflow/example_dags/example_branch_operator_decorator.py took 0.791 seconds
[2023-06-22T14:59:25.403+0700] {processor.py:157} INFO - Started process (PID=12991) to work on /Users/macbook/Documents/Documents_MacBook_Pro/ISTT/AirflowTutorial/envlibs/lib/python3.10/site-packages/airflow/example_dags/example_branch_operator_decorator.py
[2023-06-22T14:59:25.405+0700] {processor.py:826} INFO - Processing file /Users/macbook/Documents/Documents_MacBook_Pro/ISTT/AirflowTutorial/envlibs/lib/python3.10/site-packages/airflow/example_dags/example_branch_operator_decorator.py for tasks to queue
[2023-06-22T14:59:25.405+0700] {logging_mixin.py:149} INFO - [2023-06-22T14:59:25.405+0700] {dagbag.py:541} INFO - Filling up the DagBag from /Users/macbook/Documents/Documents_MacBook_Pro/ISTT/AirflowTutorial/envlibs/lib/python3.10/site-packages/airflow/example_dags/example_branch_operator_decorator.py
[2023-06-22T14:59:25.462+0700] {processor.py:836} INFO - DAG(s) dict_keys(['example_branch_python_operator_decorator']) retrieved from /Users/macbook/Documents/Documents_MacBook_Pro/ISTT/AirflowTutorial/envlibs/lib/python3.10/site-packages/airflow/example_dags/example_branch_operator_decorator.py
[2023-06-22T14:59:26.253+0700] {logging_mixin.py:149} INFO - [2023-06-22T14:59:26.253+0700] {dag.py:2726} INFO - Sync 1 DAGs
[2023-06-22T14:59:26.271+0700] {logging_mixin.py:149} INFO - [2023-06-22T14:59:26.271+0700] {dag.py:3486} INFO - Setting next_dagrun for example_branch_python_operator_decorator to 2023-06-21T00:00:00+00:00, run_after=2023-06-22T00:00:00+00:00
[2023-06-22T14:59:26.289+0700] {processor.py:179} INFO - Processing /Users/macbook/Documents/Documents_MacBook_Pro/ISTT/AirflowTutorial/envlibs/lib/python3.10/site-packages/airflow/example_dags/example_branch_operator_decorator.py took 0.886 seconds
[2023-06-22T15:03:30.891+0700] {processor.py:157} INFO - Started process (PID=13102) to work on /Users/macbook/Documents/Documents_MacBook_Pro/ISTT/AirflowTutorial/envlibs/lib/python3.10/site-packages/airflow/example_dags/example_branch_operator_decorator.py
[2023-06-22T15:03:30.892+0700] {processor.py:826} INFO - Processing file /Users/macbook/Documents/Documents_MacBook_Pro/ISTT/AirflowTutorial/envlibs/lib/python3.10/site-packages/airflow/example_dags/example_branch_operator_decorator.py for tasks to queue
[2023-06-22T15:03:30.893+0700] {logging_mixin.py:149} INFO - [2023-06-22T15:03:30.893+0700] {dagbag.py:541} INFO - Filling up the DagBag from /Users/macbook/Documents/Documents_MacBook_Pro/ISTT/AirflowTutorial/envlibs/lib/python3.10/site-packages/airflow/example_dags/example_branch_operator_decorator.py
[2023-06-22T15:03:30.949+0700] {processor.py:836} INFO - DAG(s) dict_keys(['example_branch_python_operator_decorator']) retrieved from /Users/macbook/Documents/Documents_MacBook_Pro/ISTT/AirflowTutorial/envlibs/lib/python3.10/site-packages/airflow/example_dags/example_branch_operator_decorator.py
[2023-06-22T15:03:31.752+0700] {logging_mixin.py:149} INFO - [2023-06-22T15:03:31.752+0700] {dag.py:2726} INFO - Sync 1 DAGs
[2023-06-22T15:03:31.769+0700] {logging_mixin.py:149} INFO - [2023-06-22T15:03:31.769+0700] {dag.py:3486} INFO - Setting next_dagrun for example_branch_python_operator_decorator to 2023-06-21T00:00:00+00:00, run_after=2023-06-22T00:00:00+00:00
[2023-06-22T15:03:31.788+0700] {processor.py:179} INFO - Processing /Users/macbook/Documents/Documents_MacBook_Pro/ISTT/AirflowTutorial/envlibs/lib/python3.10/site-packages/airflow/example_dags/example_branch_operator_decorator.py took 0.898 seconds
[2023-06-22T15:07:42.755+0700] {processor.py:157} INFO - Started process (PID=13265) to work on /Users/macbook/Documents/Documents_MacBook_Pro/ISTT/AirflowTutorial/envlibs/lib/python3.10/site-packages/airflow/example_dags/example_branch_operator_decorator.py
[2023-06-22T15:07:42.757+0700] {processor.py:826} INFO - Processing file /Users/macbook/Documents/Documents_MacBook_Pro/ISTT/AirflowTutorial/envlibs/lib/python3.10/site-packages/airflow/example_dags/example_branch_operator_decorator.py for tasks to queue
[2023-06-22T15:07:42.757+0700] {logging_mixin.py:149} INFO - [2023-06-22T15:07:42.757+0700] {dagbag.py:541} INFO - Filling up the DagBag from /Users/macbook/Documents/Documents_MacBook_Pro/ISTT/AirflowTutorial/envlibs/lib/python3.10/site-packages/airflow/example_dags/example_branch_operator_decorator.py
[2023-06-22T15:07:42.817+0700] {processor.py:836} INFO - DAG(s) dict_keys(['example_branch_python_operator_decorator']) retrieved from /Users/macbook/Documents/Documents_MacBook_Pro/ISTT/AirflowTutorial/envlibs/lib/python3.10/site-packages/airflow/example_dags/example_branch_operator_decorator.py
[2023-06-22T15:07:43.690+0700] {logging_mixin.py:149} INFO - [2023-06-22T15:07:43.690+0700] {dag.py:2726} INFO - Sync 1 DAGs
[2023-06-22T15:07:43.711+0700] {logging_mixin.py:149} INFO - [2023-06-22T15:07:43.711+0700] {dag.py:3486} INFO - Setting next_dagrun for example_branch_python_operator_decorator to 2023-06-21T00:00:00+00:00, run_after=2023-06-22T00:00:00+00:00
[2023-06-22T15:07:43.732+0700] {processor.py:179} INFO - Processing /Users/macbook/Documents/Documents_MacBook_Pro/ISTT/AirflowTutorial/envlibs/lib/python3.10/site-packages/airflow/example_dags/example_branch_operator_decorator.py took 0.977 seconds
[2023-06-22T15:11:52.763+0700] {processor.py:157} INFO - Started process (PID=13416) to work on /Users/macbook/Documents/Documents_MacBook_Pro/ISTT/AirflowTutorial/envlibs/lib/python3.10/site-packages/airflow/example_dags/example_branch_operator_decorator.py
[2023-06-22T15:11:52.764+0700] {processor.py:826} INFO - Processing file /Users/macbook/Documents/Documents_MacBook_Pro/ISTT/AirflowTutorial/envlibs/lib/python3.10/site-packages/airflow/example_dags/example_branch_operator_decorator.py for tasks to queue
[2023-06-22T15:11:52.764+0700] {logging_mixin.py:149} INFO - [2023-06-22T15:11:52.764+0700] {dagbag.py:541} INFO - Filling up the DagBag from /Users/macbook/Documents/Documents_MacBook_Pro/ISTT/AirflowTutorial/envlibs/lib/python3.10/site-packages/airflow/example_dags/example_branch_operator_decorator.py
[2023-06-22T15:11:52.835+0700] {processor.py:836} INFO - DAG(s) dict_keys(['example_branch_python_operator_decorator']) retrieved from /Users/macbook/Documents/Documents_MacBook_Pro/ISTT/AirflowTutorial/envlibs/lib/python3.10/site-packages/airflow/example_dags/example_branch_operator_decorator.py
[2023-06-22T15:11:53.562+0700] {logging_mixin.py:149} INFO - [2023-06-22T15:11:53.562+0700] {dag.py:2726} INFO - Sync 1 DAGs
[2023-06-22T15:11:53.580+0700] {logging_mixin.py:149} INFO - [2023-06-22T15:11:53.579+0700] {dag.py:3486} INFO - Setting next_dagrun for example_branch_python_operator_decorator to 2023-06-21T00:00:00+00:00, run_after=2023-06-22T00:00:00+00:00
[2023-06-22T15:11:53.599+0700] {processor.py:179} INFO - Processing /Users/macbook/Documents/Documents_MacBook_Pro/ISTT/AirflowTutorial/envlibs/lib/python3.10/site-packages/airflow/example_dags/example_branch_operator_decorator.py took 0.837 seconds
[2023-06-22T15:16:06.035+0700] {processor.py:157} INFO - Started process (PID=13573) to work on /Users/macbook/Documents/Documents_MacBook_Pro/ISTT/AirflowTutorial/envlibs/lib/python3.10/site-packages/airflow/example_dags/example_branch_operator_decorator.py
[2023-06-22T15:16:06.037+0700] {processor.py:826} INFO - Processing file /Users/macbook/Documents/Documents_MacBook_Pro/ISTT/AirflowTutorial/envlibs/lib/python3.10/site-packages/airflow/example_dags/example_branch_operator_decorator.py for tasks to queue
[2023-06-22T15:16:06.038+0700] {logging_mixin.py:149} INFO - [2023-06-22T15:16:06.038+0700] {dagbag.py:541} INFO - Filling up the DagBag from /Users/macbook/Documents/Documents_MacBook_Pro/ISTT/AirflowTutorial/envlibs/lib/python3.10/site-packages/airflow/example_dags/example_branch_operator_decorator.py
[2023-06-22T15:16:06.134+0700] {processor.py:836} INFO - DAG(s) dict_keys(['example_branch_python_operator_decorator']) retrieved from /Users/macbook/Documents/Documents_MacBook_Pro/ISTT/AirflowTutorial/envlibs/lib/python3.10/site-packages/airflow/example_dags/example_branch_operator_decorator.py
[2023-06-22T15:16:07.158+0700] {logging_mixin.py:149} INFO - [2023-06-22T15:16:07.157+0700] {dag.py:2726} INFO - Sync 1 DAGs
[2023-06-22T15:16:07.181+0700] {logging_mixin.py:149} INFO - [2023-06-22T15:16:07.181+0700] {dag.py:3486} INFO - Setting next_dagrun for example_branch_python_operator_decorator to 2023-06-21T00:00:00+00:00, run_after=2023-06-22T00:00:00+00:00
[2023-06-22T15:16:07.205+0700] {processor.py:179} INFO - Processing /Users/macbook/Documents/Documents_MacBook_Pro/ISTT/AirflowTutorial/envlibs/lib/python3.10/site-packages/airflow/example_dags/example_branch_operator_decorator.py took 1.171 seconds
