[2023-06-22T14:28:33.667+0700] {processor.py:157} INFO - Started process (PID=11898) to work on /Users/macbook/Documents/Documents_MacBook_Pro/ISTT/AirflowTutorial/envlibs/lib/python3.10/site-packages/airflow/example_dags/example_dynamic_task_mapping_with_no_taskflow_operators.py
[2023-06-22T14:28:33.668+0700] {processor.py:826} INFO - Processing file /Users/macbook/Documents/Documents_MacBook_Pro/ISTT/AirflowTutorial/envlibs/lib/python3.10/site-packages/airflow/example_dags/example_dynamic_task_mapping_with_no_taskflow_operators.py for tasks to queue
[2023-06-22T14:28:33.669+0700] {logging_mixin.py:149} INFO - [2023-06-22T14:28:33.668+0700] {dagbag.py:541} INFO - Filling up the DagBag from /Users/macbook/Documents/Documents_MacBook_Pro/ISTT/AirflowTutorial/envlibs/lib/python3.10/site-packages/airflow/example_dags/example_dynamic_task_mapping_with_no_taskflow_operators.py
[2023-06-22T14:28:33.696+0700] {processor.py:836} INFO - DAG(s) dict_keys(['example_dynamic_task_mapping_with_no_taskflow_operators']) retrieved from /Users/macbook/Documents/Documents_MacBook_Pro/ISTT/AirflowTutorial/envlibs/lib/python3.10/site-packages/airflow/example_dags/example_dynamic_task_mapping_with_no_taskflow_operators.py
[2023-06-22T14:28:34.478+0700] {logging_mixin.py:149} INFO - [2023-06-22T14:28:34.478+0700] {dag.py:2726} INFO - Sync 1 DAGs
[2023-06-22T14:28:34.493+0700] {logging_mixin.py:149} INFO - [2023-06-22T14:28:34.493+0700] {dag.py:3486} INFO - Setting next_dagrun for example_dynamic_task_mapping_with_no_taskflow_operators to 2023-06-21T07:28:34.492983+00:00, run_after=2023-06-22T07:28:34.492983+00:00
[2023-06-22T14:28:34.511+0700] {processor.py:179} INFO - Processing /Users/macbook/Documents/Documents_MacBook_Pro/ISTT/AirflowTutorial/envlibs/lib/python3.10/site-packages/airflow/example_dags/example_dynamic_task_mapping_with_no_taskflow_operators.py took 0.845 seconds
[2023-06-22T14:31:06.219+0700] {processor.py:157} INFO - Started process (PID=11979) to work on /Users/macbook/Documents/Documents_MacBook_Pro/ISTT/AirflowTutorial/envlibs/lib/python3.10/site-packages/airflow/example_dags/example_dynamic_task_mapping_with_no_taskflow_operators.py
[2023-06-22T14:31:06.220+0700] {processor.py:826} INFO - Processing file /Users/macbook/Documents/Documents_MacBook_Pro/ISTT/AirflowTutorial/envlibs/lib/python3.10/site-packages/airflow/example_dags/example_dynamic_task_mapping_with_no_taskflow_operators.py for tasks to queue
[2023-06-22T14:31:06.220+0700] {logging_mixin.py:149} INFO - [2023-06-22T14:31:06.220+0700] {dagbag.py:541} INFO - Filling up the DagBag from /Users/macbook/Documents/Documents_MacBook_Pro/ISTT/AirflowTutorial/envlibs/lib/python3.10/site-packages/airflow/example_dags/example_dynamic_task_mapping_with_no_taskflow_operators.py
[2023-06-22T14:31:06.240+0700] {processor.py:836} INFO - DAG(s) dict_keys(['example_dynamic_task_mapping_with_no_taskflow_operators']) retrieved from /Users/macbook/Documents/Documents_MacBook_Pro/ISTT/AirflowTutorial/envlibs/lib/python3.10/site-packages/airflow/example_dags/example_dynamic_task_mapping_with_no_taskflow_operators.py
[2023-06-22T14:31:06.995+0700] {logging_mixin.py:149} INFO - [2023-06-22T14:31:06.994+0700] {dag.py:2726} INFO - Sync 1 DAGs
[2023-06-22T14:31:07.011+0700] {logging_mixin.py:149} INFO - [2023-06-22T14:31:07.011+0700] {dag.py:3486} INFO - Setting next_dagrun for example_dynamic_task_mapping_with_no_taskflow_operators to 2023-06-21T07:31:07.011053+00:00, run_after=2023-06-22T07:31:07.011053+00:00
[2023-06-22T14:31:07.028+0700] {processor.py:179} INFO - Processing /Users/macbook/Documents/Documents_MacBook_Pro/ISTT/AirflowTutorial/envlibs/lib/python3.10/site-packages/airflow/example_dags/example_dynamic_task_mapping_with_no_taskflow_operators.py took 0.809 seconds
[2023-06-22T14:36:03.107+0700] {processor.py:157} INFO - Started process (PID=12245) to work on /Users/macbook/Documents/Documents_MacBook_Pro/ISTT/AirflowTutorial/envlibs/lib/python3.10/site-packages/airflow/example_dags/example_dynamic_task_mapping_with_no_taskflow_operators.py
[2023-06-22T14:36:03.109+0700] {processor.py:826} INFO - Processing file /Users/macbook/Documents/Documents_MacBook_Pro/ISTT/AirflowTutorial/envlibs/lib/python3.10/site-packages/airflow/example_dags/example_dynamic_task_mapping_with_no_taskflow_operators.py for tasks to queue
[2023-06-22T14:36:03.110+0700] {logging_mixin.py:149} INFO - [2023-06-22T14:36:03.110+0700] {dagbag.py:541} INFO - Filling up the DagBag from /Users/macbook/Documents/Documents_MacBook_Pro/ISTT/AirflowTutorial/envlibs/lib/python3.10/site-packages/airflow/example_dags/example_dynamic_task_mapping_with_no_taskflow_operators.py
[2023-06-22T14:36:03.133+0700] {processor.py:836} INFO - DAG(s) dict_keys(['example_dynamic_task_mapping_with_no_taskflow_operators']) retrieved from /Users/macbook/Documents/Documents_MacBook_Pro/ISTT/AirflowTutorial/envlibs/lib/python3.10/site-packages/airflow/example_dags/example_dynamic_task_mapping_with_no_taskflow_operators.py
[2023-06-22T14:36:04.608+0700] {logging_mixin.py:149} INFO - [2023-06-22T14:36:04.607+0700] {dag.py:2726} INFO - Sync 1 DAGs
[2023-06-22T14:36:04.619+0700] {logging_mixin.py:149} INFO - [2023-06-22T14:36:04.619+0700] {dag.py:2747} INFO - Creating ORM DAG for example_dynamic_task_mapping_with_no_taskflow_operators
[2023-06-22T14:36:04.629+0700] {logging_mixin.py:149} INFO - [2023-06-22T14:36:04.629+0700] {dag.py:3486} INFO - Setting next_dagrun for example_dynamic_task_mapping_with_no_taskflow_operators to 2023-06-21T07:36:04.629361+00:00, run_after=2023-06-22T07:36:04.629361+00:00
[2023-06-22T14:36:04.654+0700] {processor.py:179} INFO - Processing /Users/macbook/Documents/Documents_MacBook_Pro/ISTT/AirflowTutorial/envlibs/lib/python3.10/site-packages/airflow/example_dags/example_dynamic_task_mapping_with_no_taskflow_operators.py took 1.548 seconds
[2023-06-22T14:41:06.964+0700] {processor.py:157} INFO - Started process (PID=12488) to work on /Users/macbook/Documents/Documents_MacBook_Pro/ISTT/AirflowTutorial/envlibs/lib/python3.10/site-packages/airflow/example_dags/example_dynamic_task_mapping_with_no_taskflow_operators.py
[2023-06-22T14:41:06.965+0700] {processor.py:826} INFO - Processing file /Users/macbook/Documents/Documents_MacBook_Pro/ISTT/AirflowTutorial/envlibs/lib/python3.10/site-packages/airflow/example_dags/example_dynamic_task_mapping_with_no_taskflow_operators.py for tasks to queue
[2023-06-22T14:41:06.966+0700] {logging_mixin.py:149} INFO - [2023-06-22T14:41:06.966+0700] {dagbag.py:541} INFO - Filling up the DagBag from /Users/macbook/Documents/Documents_MacBook_Pro/ISTT/AirflowTutorial/envlibs/lib/python3.10/site-packages/airflow/example_dags/example_dynamic_task_mapping_with_no_taskflow_operators.py
[2023-06-22T14:41:06.992+0700] {processor.py:836} INFO - DAG(s) dict_keys(['example_dynamic_task_mapping_with_no_taskflow_operators']) retrieved from /Users/macbook/Documents/Documents_MacBook_Pro/ISTT/AirflowTutorial/envlibs/lib/python3.10/site-packages/airflow/example_dags/example_dynamic_task_mapping_with_no_taskflow_operators.py
[2023-06-22T14:41:07.860+0700] {logging_mixin.py:149} INFO - [2023-06-22T14:41:07.859+0700] {dag.py:2726} INFO - Sync 1 DAGs
[2023-06-22T14:41:07.867+0700] {logging_mixin.py:149} INFO - [2023-06-22T14:41:07.867+0700] {dag.py:2747} INFO - Creating ORM DAG for example_dynamic_task_mapping_with_no_taskflow_operators
[2023-06-22T14:41:07.874+0700] {logging_mixin.py:149} INFO - [2023-06-22T14:41:07.874+0700] {dag.py:3486} INFO - Setting next_dagrun for example_dynamic_task_mapping_with_no_taskflow_operators to 2023-06-21T07:41:07.874565+00:00, run_after=2023-06-22T07:41:07.874565+00:00
[2023-06-22T14:41:07.891+0700] {processor.py:179} INFO - Processing /Users/macbook/Documents/Documents_MacBook_Pro/ISTT/AirflowTutorial/envlibs/lib/python3.10/site-packages/airflow/example_dags/example_dynamic_task_mapping_with_no_taskflow_operators.py took 0.928 seconds
[2023-06-22T14:45:19.891+0700] {processor.py:157} INFO - Started process (PID=12603) to work on /Users/macbook/Documents/Documents_MacBook_Pro/ISTT/AirflowTutorial/envlibs/lib/python3.10/site-packages/airflow/example_dags/example_dynamic_task_mapping_with_no_taskflow_operators.py
[2023-06-22T14:45:19.892+0700] {processor.py:826} INFO - Processing file /Users/macbook/Documents/Documents_MacBook_Pro/ISTT/AirflowTutorial/envlibs/lib/python3.10/site-packages/airflow/example_dags/example_dynamic_task_mapping_with_no_taskflow_operators.py for tasks to queue
[2023-06-22T14:45:19.893+0700] {logging_mixin.py:149} INFO - [2023-06-22T14:45:19.893+0700] {dagbag.py:541} INFO - Filling up the DagBag from /Users/macbook/Documents/Documents_MacBook_Pro/ISTT/AirflowTutorial/envlibs/lib/python3.10/site-packages/airflow/example_dags/example_dynamic_task_mapping_with_no_taskflow_operators.py
[2023-06-22T14:45:19.913+0700] {processor.py:836} INFO - DAG(s) dict_keys(['example_dynamic_task_mapping_with_no_taskflow_operators']) retrieved from /Users/macbook/Documents/Documents_MacBook_Pro/ISTT/AirflowTutorial/envlibs/lib/python3.10/site-packages/airflow/example_dags/example_dynamic_task_mapping_with_no_taskflow_operators.py
[2023-06-22T14:45:20.668+0700] {logging_mixin.py:149} INFO - [2023-06-22T14:45:20.668+0700] {dag.py:2726} INFO - Sync 1 DAGs
[2023-06-22T14:45:20.685+0700] {logging_mixin.py:149} INFO - [2023-06-22T14:45:20.684+0700] {dag.py:3486} INFO - Setting next_dagrun for example_dynamic_task_mapping_with_no_taskflow_operators to 2023-06-21T07:45:20.684779+00:00, run_after=2023-06-22T07:45:20.684779+00:00
[2023-06-22T14:45:20.702+0700] {processor.py:179} INFO - Processing /Users/macbook/Documents/Documents_MacBook_Pro/ISTT/AirflowTutorial/envlibs/lib/python3.10/site-packages/airflow/example_dags/example_dynamic_task_mapping_with_no_taskflow_operators.py took 0.811 seconds
[2023-06-22T14:49:33.361+0700] {processor.py:157} INFO - Started process (PID=12725) to work on /Users/macbook/Documents/Documents_MacBook_Pro/ISTT/AirflowTutorial/envlibs/lib/python3.10/site-packages/airflow/example_dags/example_dynamic_task_mapping_with_no_taskflow_operators.py
[2023-06-22T14:49:33.362+0700] {processor.py:826} INFO - Processing file /Users/macbook/Documents/Documents_MacBook_Pro/ISTT/AirflowTutorial/envlibs/lib/python3.10/site-packages/airflow/example_dags/example_dynamic_task_mapping_with_no_taskflow_operators.py for tasks to queue
[2023-06-22T14:49:33.363+0700] {logging_mixin.py:149} INFO - [2023-06-22T14:49:33.363+0700] {dagbag.py:541} INFO - Filling up the DagBag from /Users/macbook/Documents/Documents_MacBook_Pro/ISTT/AirflowTutorial/envlibs/lib/python3.10/site-packages/airflow/example_dags/example_dynamic_task_mapping_with_no_taskflow_operators.py
[2023-06-22T14:49:33.382+0700] {processor.py:836} INFO - DAG(s) dict_keys(['example_dynamic_task_mapping_with_no_taskflow_operators']) retrieved from /Users/macbook/Documents/Documents_MacBook_Pro/ISTT/AirflowTutorial/envlibs/lib/python3.10/site-packages/airflow/example_dags/example_dynamic_task_mapping_with_no_taskflow_operators.py
[2023-06-22T14:49:34.159+0700] {logging_mixin.py:149} INFO - [2023-06-22T14:49:34.159+0700] {dag.py:2726} INFO - Sync 1 DAGs
[2023-06-22T14:49:34.176+0700] {logging_mixin.py:149} INFO - [2023-06-22T14:49:34.176+0700] {dag.py:3486} INFO - Setting next_dagrun for example_dynamic_task_mapping_with_no_taskflow_operators to 2023-06-21T07:49:34.175960+00:00, run_after=2023-06-22T07:49:34.175960+00:00
[2023-06-22T14:49:34.194+0700] {processor.py:179} INFO - Processing /Users/macbook/Documents/Documents_MacBook_Pro/ISTT/AirflowTutorial/envlibs/lib/python3.10/site-packages/airflow/example_dags/example_dynamic_task_mapping_with_no_taskflow_operators.py took 0.834 seconds
[2023-06-22T14:53:34.073+0700] {processor.py:157} INFO - Started process (PID=12836) to work on /Users/macbook/Documents/Documents_MacBook_Pro/ISTT/AirflowTutorial/envlibs/lib/python3.10/site-packages/airflow/example_dags/example_dynamic_task_mapping_with_no_taskflow_operators.py
[2023-06-22T14:53:34.074+0700] {processor.py:826} INFO - Processing file /Users/macbook/Documents/Documents_MacBook_Pro/ISTT/AirflowTutorial/envlibs/lib/python3.10/site-packages/airflow/example_dags/example_dynamic_task_mapping_with_no_taskflow_operators.py for tasks to queue
[2023-06-22T14:53:34.075+0700] {logging_mixin.py:149} INFO - [2023-06-22T14:53:34.075+0700] {dagbag.py:541} INFO - Filling up the DagBag from /Users/macbook/Documents/Documents_MacBook_Pro/ISTT/AirflowTutorial/envlibs/lib/python3.10/site-packages/airflow/example_dags/example_dynamic_task_mapping_with_no_taskflow_operators.py
[2023-06-22T14:53:34.094+0700] {processor.py:836} INFO - DAG(s) dict_keys(['example_dynamic_task_mapping_with_no_taskflow_operators']) retrieved from /Users/macbook/Documents/Documents_MacBook_Pro/ISTT/AirflowTutorial/envlibs/lib/python3.10/site-packages/airflow/example_dags/example_dynamic_task_mapping_with_no_taskflow_operators.py
[2023-06-22T14:53:34.896+0700] {logging_mixin.py:149} INFO - [2023-06-22T14:53:34.895+0700] {dag.py:2726} INFO - Sync 1 DAGs
[2023-06-22T14:53:34.913+0700] {logging_mixin.py:149} INFO - [2023-06-22T14:53:34.913+0700] {dag.py:3486} INFO - Setting next_dagrun for example_dynamic_task_mapping_with_no_taskflow_operators to 2023-06-21T07:53:34.913275+00:00, run_after=2023-06-22T07:53:34.913275+00:00
[2023-06-22T14:53:34.934+0700] {processor.py:179} INFO - Processing /Users/macbook/Documents/Documents_MacBook_Pro/ISTT/AirflowTutorial/envlibs/lib/python3.10/site-packages/airflow/example_dags/example_dynamic_task_mapping_with_no_taskflow_operators.py took 0.862 seconds
[2023-06-22T14:57:28.419+0700] {processor.py:157} INFO - Started process (PID=12942) to work on /Users/macbook/Documents/Documents_MacBook_Pro/ISTT/AirflowTutorial/envlibs/lib/python3.10/site-packages/airflow/example_dags/example_dynamic_task_mapping_with_no_taskflow_operators.py
[2023-06-22T14:57:28.420+0700] {processor.py:826} INFO - Processing file /Users/macbook/Documents/Documents_MacBook_Pro/ISTT/AirflowTutorial/envlibs/lib/python3.10/site-packages/airflow/example_dags/example_dynamic_task_mapping_with_no_taskflow_operators.py for tasks to queue
[2023-06-22T14:57:28.421+0700] {logging_mixin.py:149} INFO - [2023-06-22T14:57:28.421+0700] {dagbag.py:541} INFO - Filling up the DagBag from /Users/macbook/Documents/Documents_MacBook_Pro/ISTT/AirflowTutorial/envlibs/lib/python3.10/site-packages/airflow/example_dags/example_dynamic_task_mapping_with_no_taskflow_operators.py
[2023-06-22T14:57:28.438+0700] {processor.py:836} INFO - DAG(s) dict_keys(['example_dynamic_task_mapping_with_no_taskflow_operators']) retrieved from /Users/macbook/Documents/Documents_MacBook_Pro/ISTT/AirflowTutorial/envlibs/lib/python3.10/site-packages/airflow/example_dags/example_dynamic_task_mapping_with_no_taskflow_operators.py
[2023-06-22T14:57:29.147+0700] {logging_mixin.py:149} INFO - [2023-06-22T14:57:29.147+0700] {dag.py:2726} INFO - Sync 1 DAGs
[2023-06-22T14:57:29.164+0700] {logging_mixin.py:149} INFO - [2023-06-22T14:57:29.164+0700] {dag.py:3486} INFO - Setting next_dagrun for example_dynamic_task_mapping_with_no_taskflow_operators to 2023-06-21T07:57:29.164276+00:00, run_after=2023-06-22T07:57:29.164276+00:00
[2023-06-22T14:57:29.183+0700] {processor.py:179} INFO - Processing /Users/macbook/Documents/Documents_MacBook_Pro/ISTT/AirflowTutorial/envlibs/lib/python3.10/site-packages/airflow/example_dags/example_dynamic_task_mapping_with_no_taskflow_operators.py took 0.765 seconds
[2023-06-22T15:01:35.390+0700] {processor.py:157} INFO - Started process (PID=13050) to work on /Users/macbook/Documents/Documents_MacBook_Pro/ISTT/AirflowTutorial/envlibs/lib/python3.10/site-packages/airflow/example_dags/example_dynamic_task_mapping_with_no_taskflow_operators.py
[2023-06-22T15:01:35.392+0700] {processor.py:826} INFO - Processing file /Users/macbook/Documents/Documents_MacBook_Pro/ISTT/AirflowTutorial/envlibs/lib/python3.10/site-packages/airflow/example_dags/example_dynamic_task_mapping_with_no_taskflow_operators.py for tasks to queue
[2023-06-22T15:01:35.393+0700] {logging_mixin.py:149} INFO - [2023-06-22T15:01:35.392+0700] {dagbag.py:541} INFO - Filling up the DagBag from /Users/macbook/Documents/Documents_MacBook_Pro/ISTT/AirflowTutorial/envlibs/lib/python3.10/site-packages/airflow/example_dags/example_dynamic_task_mapping_with_no_taskflow_operators.py
[2023-06-22T15:01:35.413+0700] {processor.py:836} INFO - DAG(s) dict_keys(['example_dynamic_task_mapping_with_no_taskflow_operators']) retrieved from /Users/macbook/Documents/Documents_MacBook_Pro/ISTT/AirflowTutorial/envlibs/lib/python3.10/site-packages/airflow/example_dags/example_dynamic_task_mapping_with_no_taskflow_operators.py
[2023-06-22T15:01:36.302+0700] {logging_mixin.py:149} INFO - [2023-06-22T15:01:36.302+0700] {dag.py:2726} INFO - Sync 1 DAGs
[2023-06-22T15:01:36.320+0700] {logging_mixin.py:149} INFO - [2023-06-22T15:01:36.320+0700] {dag.py:3486} INFO - Setting next_dagrun for example_dynamic_task_mapping_with_no_taskflow_operators to 2023-06-21T08:01:36.320596+00:00, run_after=2023-06-22T08:01:36.320596+00:00
[2023-06-22T15:01:36.339+0700] {processor.py:179} INFO - Processing /Users/macbook/Documents/Documents_MacBook_Pro/ISTT/AirflowTutorial/envlibs/lib/python3.10/site-packages/airflow/example_dags/example_dynamic_task_mapping_with_no_taskflow_operators.py took 0.949 seconds
[2023-06-22T15:05:40.976+0700] {processor.py:157} INFO - Started process (PID=13178) to work on /Users/macbook/Documents/Documents_MacBook_Pro/ISTT/AirflowTutorial/envlibs/lib/python3.10/site-packages/airflow/example_dags/example_dynamic_task_mapping_with_no_taskflow_operators.py
[2023-06-22T15:05:40.978+0700] {processor.py:826} INFO - Processing file /Users/macbook/Documents/Documents_MacBook_Pro/ISTT/AirflowTutorial/envlibs/lib/python3.10/site-packages/airflow/example_dags/example_dynamic_task_mapping_with_no_taskflow_operators.py for tasks to queue
[2023-06-22T15:05:40.978+0700] {logging_mixin.py:149} INFO - [2023-06-22T15:05:40.978+0700] {dagbag.py:541} INFO - Filling up the DagBag from /Users/macbook/Documents/Documents_MacBook_Pro/ISTT/AirflowTutorial/envlibs/lib/python3.10/site-packages/airflow/example_dags/example_dynamic_task_mapping_with_no_taskflow_operators.py
[2023-06-22T15:05:41.002+0700] {processor.py:836} INFO - DAG(s) dict_keys(['example_dynamic_task_mapping_with_no_taskflow_operators']) retrieved from /Users/macbook/Documents/Documents_MacBook_Pro/ISTT/AirflowTutorial/envlibs/lib/python3.10/site-packages/airflow/example_dags/example_dynamic_task_mapping_with_no_taskflow_operators.py
[2023-06-22T15:05:42.189+0700] {logging_mixin.py:149} INFO - [2023-06-22T15:05:42.188+0700] {dag.py:2726} INFO - Sync 1 DAGs
[2023-06-22T15:05:42.212+0700] {logging_mixin.py:149} INFO - [2023-06-22T15:05:42.212+0700] {dag.py:3486} INFO - Setting next_dagrun for example_dynamic_task_mapping_with_no_taskflow_operators to 2023-06-21T08:05:42.212496+00:00, run_after=2023-06-22T08:05:42.212496+00:00
[2023-06-22T15:05:42.234+0700] {processor.py:179} INFO - Processing /Users/macbook/Documents/Documents_MacBook_Pro/ISTT/AirflowTutorial/envlibs/lib/python3.10/site-packages/airflow/example_dags/example_dynamic_task_mapping_with_no_taskflow_operators.py took 1.258 seconds
[2023-06-22T15:09:50.033+0700] {processor.py:157} INFO - Started process (PID=13334) to work on /Users/macbook/Documents/Documents_MacBook_Pro/ISTT/AirflowTutorial/envlibs/lib/python3.10/site-packages/airflow/example_dags/example_dynamic_task_mapping_with_no_taskflow_operators.py
[2023-06-22T15:09:50.034+0700] {processor.py:826} INFO - Processing file /Users/macbook/Documents/Documents_MacBook_Pro/ISTT/AirflowTutorial/envlibs/lib/python3.10/site-packages/airflow/example_dags/example_dynamic_task_mapping_with_no_taskflow_operators.py for tasks to queue
[2023-06-22T15:09:50.035+0700] {logging_mixin.py:149} INFO - [2023-06-22T15:09:50.035+0700] {dagbag.py:541} INFO - Filling up the DagBag from /Users/macbook/Documents/Documents_MacBook_Pro/ISTT/AirflowTutorial/envlibs/lib/python3.10/site-packages/airflow/example_dags/example_dynamic_task_mapping_with_no_taskflow_operators.py
[2023-06-22T15:09:50.065+0700] {processor.py:836} INFO - DAG(s) dict_keys(['example_dynamic_task_mapping_with_no_taskflow_operators']) retrieved from /Users/macbook/Documents/Documents_MacBook_Pro/ISTT/AirflowTutorial/envlibs/lib/python3.10/site-packages/airflow/example_dags/example_dynamic_task_mapping_with_no_taskflow_operators.py
[2023-06-22T15:09:51.005+0700] {logging_mixin.py:149} INFO - [2023-06-22T15:09:51.004+0700] {dag.py:2726} INFO - Sync 1 DAGs
[2023-06-22T15:09:51.024+0700] {logging_mixin.py:149} INFO - [2023-06-22T15:09:51.024+0700] {dag.py:3486} INFO - Setting next_dagrun for example_dynamic_task_mapping_with_no_taskflow_operators to 2023-06-21T08:09:51.024238+00:00, run_after=2023-06-22T08:09:51.024238+00:00
[2023-06-22T15:09:51.047+0700] {processor.py:179} INFO - Processing /Users/macbook/Documents/Documents_MacBook_Pro/ISTT/AirflowTutorial/envlibs/lib/python3.10/site-packages/airflow/example_dags/example_dynamic_task_mapping_with_no_taskflow_operators.py took 1.015 seconds
[2023-06-22T15:14:01.710+0700] {processor.py:157} INFO - Started process (PID=13497) to work on /Users/macbook/Documents/Documents_MacBook_Pro/ISTT/AirflowTutorial/envlibs/lib/python3.10/site-packages/airflow/example_dags/example_dynamic_task_mapping_with_no_taskflow_operators.py
[2023-06-22T15:14:01.711+0700] {processor.py:826} INFO - Processing file /Users/macbook/Documents/Documents_MacBook_Pro/ISTT/AirflowTutorial/envlibs/lib/python3.10/site-packages/airflow/example_dags/example_dynamic_task_mapping_with_no_taskflow_operators.py for tasks to queue
[2023-06-22T15:14:01.712+0700] {logging_mixin.py:149} INFO - [2023-06-22T15:14:01.712+0700] {dagbag.py:541} INFO - Filling up the DagBag from /Users/macbook/Documents/Documents_MacBook_Pro/ISTT/AirflowTutorial/envlibs/lib/python3.10/site-packages/airflow/example_dags/example_dynamic_task_mapping_with_no_taskflow_operators.py
[2023-06-22T15:14:01.735+0700] {processor.py:836} INFO - DAG(s) dict_keys(['example_dynamic_task_mapping_with_no_taskflow_operators']) retrieved from /Users/macbook/Documents/Documents_MacBook_Pro/ISTT/AirflowTutorial/envlibs/lib/python3.10/site-packages/airflow/example_dags/example_dynamic_task_mapping_with_no_taskflow_operators.py
[2023-06-22T15:14:02.562+0700] {logging_mixin.py:149} INFO - [2023-06-22T15:14:02.562+0700] {dag.py:2726} INFO - Sync 1 DAGs
[2023-06-22T15:14:02.581+0700] {logging_mixin.py:149} INFO - [2023-06-22T15:14:02.581+0700] {dag.py:3486} INFO - Setting next_dagrun for example_dynamic_task_mapping_with_no_taskflow_operators to 2023-06-21T08:14:02.581433+00:00, run_after=2023-06-22T08:14:02.581433+00:00
[2023-06-22T15:14:02.613+0700] {processor.py:179} INFO - Processing /Users/macbook/Documents/Documents_MacBook_Pro/ISTT/AirflowTutorial/envlibs/lib/python3.10/site-packages/airflow/example_dags/example_dynamic_task_mapping_with_no_taskflow_operators.py took 0.904 seconds
[2023-06-22T15:18:16.089+0700] {processor.py:157} INFO - Started process (PID=13656) to work on /Users/macbook/Documents/Documents_MacBook_Pro/ISTT/AirflowTutorial/envlibs/lib/python3.10/site-packages/airflow/example_dags/example_dynamic_task_mapping_with_no_taskflow_operators.py
[2023-06-22T15:18:16.090+0700] {processor.py:826} INFO - Processing file /Users/macbook/Documents/Documents_MacBook_Pro/ISTT/AirflowTutorial/envlibs/lib/python3.10/site-packages/airflow/example_dags/example_dynamic_task_mapping_with_no_taskflow_operators.py for tasks to queue
[2023-06-22T15:18:16.091+0700] {logging_mixin.py:149} INFO - [2023-06-22T15:18:16.091+0700] {dagbag.py:541} INFO - Filling up the DagBag from /Users/macbook/Documents/Documents_MacBook_Pro/ISTT/AirflowTutorial/envlibs/lib/python3.10/site-packages/airflow/example_dags/example_dynamic_task_mapping_with_no_taskflow_operators.py
[2023-06-22T15:18:16.110+0700] {processor.py:836} INFO - DAG(s) dict_keys(['example_dynamic_task_mapping_with_no_taskflow_operators']) retrieved from /Users/macbook/Documents/Documents_MacBook_Pro/ISTT/AirflowTutorial/envlibs/lib/python3.10/site-packages/airflow/example_dags/example_dynamic_task_mapping_with_no_taskflow_operators.py
[2023-06-22T15:18:16.826+0700] {logging_mixin.py:149} INFO - [2023-06-22T15:18:16.825+0700] {dag.py:2726} INFO - Sync 1 DAGs
[2023-06-22T15:18:16.842+0700] {logging_mixin.py:149} INFO - [2023-06-22T15:18:16.842+0700] {dag.py:3486} INFO - Setting next_dagrun for example_dynamic_task_mapping_with_no_taskflow_operators to 2023-06-21T08:18:16.842221+00:00, run_after=2023-06-22T08:18:16.842221+00:00
[2023-06-22T15:18:16.859+0700] {processor.py:179} INFO - Processing /Users/macbook/Documents/Documents_MacBook_Pro/ISTT/AirflowTutorial/envlibs/lib/python3.10/site-packages/airflow/example_dags/example_dynamic_task_mapping_with_no_taskflow_operators.py took 0.771 seconds
[2023-06-22T15:22:17.362+0700] {processor.py:157} INFO - Started process (PID=13801) to work on /Users/macbook/Documents/Documents_MacBook_Pro/ISTT/AirflowTutorial/envlibs/lib/python3.10/site-packages/airflow/example_dags/example_dynamic_task_mapping_with_no_taskflow_operators.py
[2023-06-22T15:22:17.364+0700] {processor.py:826} INFO - Processing file /Users/macbook/Documents/Documents_MacBook_Pro/ISTT/AirflowTutorial/envlibs/lib/python3.10/site-packages/airflow/example_dags/example_dynamic_task_mapping_with_no_taskflow_operators.py for tasks to queue
[2023-06-22T15:22:17.365+0700] {logging_mixin.py:149} INFO - [2023-06-22T15:22:17.365+0700] {dagbag.py:541} INFO - Filling up the DagBag from /Users/macbook/Documents/Documents_MacBook_Pro/ISTT/AirflowTutorial/envlibs/lib/python3.10/site-packages/airflow/example_dags/example_dynamic_task_mapping_with_no_taskflow_operators.py
[2023-06-22T15:22:17.384+0700] {processor.py:836} INFO - DAG(s) dict_keys(['example_dynamic_task_mapping_with_no_taskflow_operators']) retrieved from /Users/macbook/Documents/Documents_MacBook_Pro/ISTT/AirflowTutorial/envlibs/lib/python3.10/site-packages/airflow/example_dags/example_dynamic_task_mapping_with_no_taskflow_operators.py
[2023-06-22T15:22:18.112+0700] {logging_mixin.py:149} INFO - [2023-06-22T15:22:18.112+0700] {dag.py:2726} INFO - Sync 1 DAGs
[2023-06-22T15:22:18.129+0700] {logging_mixin.py:149} INFO - [2023-06-22T15:22:18.129+0700] {dag.py:3486} INFO - Setting next_dagrun for example_dynamic_task_mapping_with_no_taskflow_operators to 2023-06-21T08:22:18.129406+00:00, run_after=2023-06-22T08:22:18.129406+00:00
[2023-06-22T15:22:18.151+0700] {processor.py:179} INFO - Processing /Users/macbook/Documents/Documents_MacBook_Pro/ISTT/AirflowTutorial/envlibs/lib/python3.10/site-packages/airflow/example_dags/example_dynamic_task_mapping_with_no_taskflow_operators.py took 0.790 seconds
[2023-06-22T15:26:54.598+0700] {processor.py:157} INFO - Started process (PID=13928) to work on /Users/macbook/Documents/Documents_MacBook_Pro/ISTT/AirflowTutorial/envlibs/lib/python3.10/site-packages/airflow/example_dags/example_dynamic_task_mapping_with_no_taskflow_operators.py
[2023-06-22T15:26:54.599+0700] {processor.py:826} INFO - Processing file /Users/macbook/Documents/Documents_MacBook_Pro/ISTT/AirflowTutorial/envlibs/lib/python3.10/site-packages/airflow/example_dags/example_dynamic_task_mapping_with_no_taskflow_operators.py for tasks to queue
[2023-06-22T15:26:54.600+0700] {logging_mixin.py:149} INFO - [2023-06-22T15:26:54.600+0700] {dagbag.py:541} INFO - Filling up the DagBag from /Users/macbook/Documents/Documents_MacBook_Pro/ISTT/AirflowTutorial/envlibs/lib/python3.10/site-packages/airflow/example_dags/example_dynamic_task_mapping_with_no_taskflow_operators.py
[2023-06-22T15:26:54.623+0700] {processor.py:836} INFO - DAG(s) dict_keys(['example_dynamic_task_mapping_with_no_taskflow_operators']) retrieved from /Users/macbook/Documents/Documents_MacBook_Pro/ISTT/AirflowTutorial/envlibs/lib/python3.10/site-packages/airflow/example_dags/example_dynamic_task_mapping_with_no_taskflow_operators.py
[2023-06-22T15:26:55.481+0700] {logging_mixin.py:149} INFO - [2023-06-22T15:26:55.481+0700] {dag.py:2726} INFO - Sync 1 DAGs
[2023-06-22T15:26:55.506+0700] {logging_mixin.py:149} INFO - [2023-06-22T15:26:55.506+0700] {dag.py:3486} INFO - Setting next_dagrun for example_dynamic_task_mapping_with_no_taskflow_operators to 2023-06-21T08:26:55.506021+00:00, run_after=2023-06-22T08:26:55.506021+00:00
[2023-06-22T15:26:55.529+0700] {processor.py:179} INFO - Processing /Users/macbook/Documents/Documents_MacBook_Pro/ISTT/AirflowTutorial/envlibs/lib/python3.10/site-packages/airflow/example_dags/example_dynamic_task_mapping_with_no_taskflow_operators.py took 0.932 seconds
[2023-06-22T15:31:06.340+0700] {processor.py:157} INFO - Started process (PID=14038) to work on /Users/macbook/Documents/Documents_MacBook_Pro/ISTT/AirflowTutorial/envlibs/lib/python3.10/site-packages/airflow/example_dags/example_dynamic_task_mapping_with_no_taskflow_operators.py
[2023-06-22T15:31:06.342+0700] {processor.py:826} INFO - Processing file /Users/macbook/Documents/Documents_MacBook_Pro/ISTT/AirflowTutorial/envlibs/lib/python3.10/site-packages/airflow/example_dags/example_dynamic_task_mapping_with_no_taskflow_operators.py for tasks to queue
[2023-06-22T15:31:06.342+0700] {logging_mixin.py:149} INFO - [2023-06-22T15:31:06.342+0700] {dagbag.py:541} INFO - Filling up the DagBag from /Users/macbook/Documents/Documents_MacBook_Pro/ISTT/AirflowTutorial/envlibs/lib/python3.10/site-packages/airflow/example_dags/example_dynamic_task_mapping_with_no_taskflow_operators.py
[2023-06-22T15:31:06.380+0700] {processor.py:836} INFO - DAG(s) dict_keys(['example_dynamic_task_mapping_with_no_taskflow_operators']) retrieved from /Users/macbook/Documents/Documents_MacBook_Pro/ISTT/AirflowTutorial/envlibs/lib/python3.10/site-packages/airflow/example_dags/example_dynamic_task_mapping_with_no_taskflow_operators.py
[2023-06-22T15:31:07.178+0700] {logging_mixin.py:149} INFO - [2023-06-22T15:31:07.178+0700] {dag.py:2726} INFO - Sync 1 DAGs
[2023-06-22T15:31:07.197+0700] {logging_mixin.py:149} INFO - [2023-06-22T15:31:07.197+0700] {dag.py:3486} INFO - Setting next_dagrun for example_dynamic_task_mapping_with_no_taskflow_operators to 2023-06-21T08:31:07.197108+00:00, run_after=2023-06-22T08:31:07.197108+00:00
[2023-06-22T15:31:07.215+0700] {processor.py:179} INFO - Processing /Users/macbook/Documents/Documents_MacBook_Pro/ISTT/AirflowTutorial/envlibs/lib/python3.10/site-packages/airflow/example_dags/example_dynamic_task_mapping_with_no_taskflow_operators.py took 0.875 seconds
[2023-06-22T15:35:15.210+0700] {processor.py:157} INFO - Started process (PID=14165) to work on /Users/macbook/Documents/Documents_MacBook_Pro/ISTT/AirflowTutorial/envlibs/lib/python3.10/site-packages/airflow/example_dags/example_dynamic_task_mapping_with_no_taskflow_operators.py
[2023-06-22T15:35:15.212+0700] {processor.py:826} INFO - Processing file /Users/macbook/Documents/Documents_MacBook_Pro/ISTT/AirflowTutorial/envlibs/lib/python3.10/site-packages/airflow/example_dags/example_dynamic_task_mapping_with_no_taskflow_operators.py for tasks to queue
[2023-06-22T15:35:15.212+0700] {logging_mixin.py:149} INFO - [2023-06-22T15:35:15.212+0700] {dagbag.py:541} INFO - Filling up the DagBag from /Users/macbook/Documents/Documents_MacBook_Pro/ISTT/AirflowTutorial/envlibs/lib/python3.10/site-packages/airflow/example_dags/example_dynamic_task_mapping_with_no_taskflow_operators.py
[2023-06-22T15:35:15.232+0700] {processor.py:836} INFO - DAG(s) dict_keys(['example_dynamic_task_mapping_with_no_taskflow_operators']) retrieved from /Users/macbook/Documents/Documents_MacBook_Pro/ISTT/AirflowTutorial/envlibs/lib/python3.10/site-packages/airflow/example_dags/example_dynamic_task_mapping_with_no_taskflow_operators.py
[2023-06-22T15:35:15.997+0700] {logging_mixin.py:149} INFO - [2023-06-22T15:35:15.996+0700] {dag.py:2726} INFO - Sync 1 DAGs
[2023-06-22T15:35:16.015+0700] {logging_mixin.py:149} INFO - [2023-06-22T15:35:16.015+0700] {dag.py:3486} INFO - Setting next_dagrun for example_dynamic_task_mapping_with_no_taskflow_operators to 2023-06-21T08:35:16.014942+00:00, run_after=2023-06-22T08:35:16.014942+00:00
[2023-06-22T15:35:16.032+0700] {processor.py:179} INFO - Processing /Users/macbook/Documents/Documents_MacBook_Pro/ISTT/AirflowTutorial/envlibs/lib/python3.10/site-packages/airflow/example_dags/example_dynamic_task_mapping_with_no_taskflow_operators.py took 0.823 seconds
[2023-06-22T15:39:35.230+0700] {processor.py:157} INFO - Started process (PID=14303) to work on /Users/macbook/Documents/Documents_MacBook_Pro/ISTT/AirflowTutorial/envlibs/lib/python3.10/site-packages/airflow/example_dags/example_dynamic_task_mapping_with_no_taskflow_operators.py
[2023-06-22T15:39:35.232+0700] {processor.py:826} INFO - Processing file /Users/macbook/Documents/Documents_MacBook_Pro/ISTT/AirflowTutorial/envlibs/lib/python3.10/site-packages/airflow/example_dags/example_dynamic_task_mapping_with_no_taskflow_operators.py for tasks to queue
[2023-06-22T15:39:35.232+0700] {logging_mixin.py:149} INFO - [2023-06-22T15:39:35.232+0700] {dagbag.py:541} INFO - Filling up the DagBag from /Users/macbook/Documents/Documents_MacBook_Pro/ISTT/AirflowTutorial/envlibs/lib/python3.10/site-packages/airflow/example_dags/example_dynamic_task_mapping_with_no_taskflow_operators.py
[2023-06-22T15:39:35.255+0700] {processor.py:836} INFO - DAG(s) dict_keys(['example_dynamic_task_mapping_with_no_taskflow_operators']) retrieved from /Users/macbook/Documents/Documents_MacBook_Pro/ISTT/AirflowTutorial/envlibs/lib/python3.10/site-packages/airflow/example_dags/example_dynamic_task_mapping_with_no_taskflow_operators.py
[2023-06-22T15:39:36.091+0700] {logging_mixin.py:149} INFO - [2023-06-22T15:39:36.091+0700] {dag.py:2726} INFO - Sync 1 DAGs
[2023-06-22T15:39:36.109+0700] {logging_mixin.py:149} INFO - [2023-06-22T15:39:36.109+0700] {dag.py:3486} INFO - Setting next_dagrun for example_dynamic_task_mapping_with_no_taskflow_operators to 2023-06-21T08:39:36.108935+00:00, run_after=2023-06-22T08:39:36.108935+00:00
[2023-06-22T15:39:36.129+0700] {processor.py:179} INFO - Processing /Users/macbook/Documents/Documents_MacBook_Pro/ISTT/AirflowTutorial/envlibs/lib/python3.10/site-packages/airflow/example_dags/example_dynamic_task_mapping_with_no_taskflow_operators.py took 0.900 seconds
[2023-06-22T15:43:54.574+0700] {processor.py:157} INFO - Started process (PID=14439) to work on /Users/macbook/Documents/Documents_MacBook_Pro/ISTT/AirflowTutorial/envlibs/lib/python3.10/site-packages/airflow/example_dags/example_dynamic_task_mapping_with_no_taskflow_operators.py
[2023-06-22T15:43:54.575+0700] {processor.py:826} INFO - Processing file /Users/macbook/Documents/Documents_MacBook_Pro/ISTT/AirflowTutorial/envlibs/lib/python3.10/site-packages/airflow/example_dags/example_dynamic_task_mapping_with_no_taskflow_operators.py for tasks to queue
[2023-06-22T15:43:54.576+0700] {logging_mixin.py:149} INFO - [2023-06-22T15:43:54.576+0700] {dagbag.py:541} INFO - Filling up the DagBag from /Users/macbook/Documents/Documents_MacBook_Pro/ISTT/AirflowTutorial/envlibs/lib/python3.10/site-packages/airflow/example_dags/example_dynamic_task_mapping_with_no_taskflow_operators.py
[2023-06-22T15:43:54.599+0700] {processor.py:836} INFO - DAG(s) dict_keys(['example_dynamic_task_mapping_with_no_taskflow_operators']) retrieved from /Users/macbook/Documents/Documents_MacBook_Pro/ISTT/AirflowTutorial/envlibs/lib/python3.10/site-packages/airflow/example_dags/example_dynamic_task_mapping_with_no_taskflow_operators.py
[2023-06-22T15:43:55.421+0700] {logging_mixin.py:149} INFO - [2023-06-22T15:43:55.421+0700] {dag.py:2726} INFO - Sync 1 DAGs
[2023-06-22T15:43:55.438+0700] {logging_mixin.py:149} INFO - [2023-06-22T15:43:55.438+0700] {dag.py:3486} INFO - Setting next_dagrun for example_dynamic_task_mapping_with_no_taskflow_operators to 2023-06-21T08:43:55.438330+00:00, run_after=2023-06-22T08:43:55.438330+00:00
[2023-06-22T15:43:55.456+0700] {processor.py:179} INFO - Processing /Users/macbook/Documents/Documents_MacBook_Pro/ISTT/AirflowTutorial/envlibs/lib/python3.10/site-packages/airflow/example_dags/example_dynamic_task_mapping_with_no_taskflow_operators.py took 0.883 seconds
[2023-06-22T15:48:15.804+0700] {processor.py:157} INFO - Started process (PID=14583) to work on /Users/macbook/Documents/Documents_MacBook_Pro/ISTT/AirflowTutorial/envlibs/lib/python3.10/site-packages/airflow/example_dags/example_dynamic_task_mapping_with_no_taskflow_operators.py
[2023-06-22T15:48:15.805+0700] {processor.py:826} INFO - Processing file /Users/macbook/Documents/Documents_MacBook_Pro/ISTT/AirflowTutorial/envlibs/lib/python3.10/site-packages/airflow/example_dags/example_dynamic_task_mapping_with_no_taskflow_operators.py for tasks to queue
[2023-06-22T15:48:15.806+0700] {logging_mixin.py:149} INFO - [2023-06-22T15:48:15.806+0700] {dagbag.py:541} INFO - Filling up the DagBag from /Users/macbook/Documents/Documents_MacBook_Pro/ISTT/AirflowTutorial/envlibs/lib/python3.10/site-packages/airflow/example_dags/example_dynamic_task_mapping_with_no_taskflow_operators.py
[2023-06-22T15:48:15.826+0700] {processor.py:836} INFO - DAG(s) dict_keys(['example_dynamic_task_mapping_with_no_taskflow_operators']) retrieved from /Users/macbook/Documents/Documents_MacBook_Pro/ISTT/AirflowTutorial/envlibs/lib/python3.10/site-packages/airflow/example_dags/example_dynamic_task_mapping_with_no_taskflow_operators.py
[2023-06-22T15:48:16.549+0700] {logging_mixin.py:149} INFO - [2023-06-22T15:48:16.548+0700] {dag.py:2726} INFO - Sync 1 DAGs
[2023-06-22T15:48:16.565+0700] {logging_mixin.py:149} INFO - [2023-06-22T15:48:16.565+0700] {dag.py:3486} INFO - Setting next_dagrun for example_dynamic_task_mapping_with_no_taskflow_operators to 2023-06-21T08:48:16.565387+00:00, run_after=2023-06-22T08:48:16.565387+00:00
[2023-06-22T15:48:16.582+0700] {processor.py:179} INFO - Processing /Users/macbook/Documents/Documents_MacBook_Pro/ISTT/AirflowTutorial/envlibs/lib/python3.10/site-packages/airflow/example_dags/example_dynamic_task_mapping_with_no_taskflow_operators.py took 0.779 seconds
[2023-06-22T15:52:50.930+0700] {processor.py:157} INFO - Started process (PID=14722) to work on /Users/macbook/Documents/Documents_MacBook_Pro/ISTT/AirflowTutorial/envlibs/lib/python3.10/site-packages/airflow/example_dags/example_dynamic_task_mapping_with_no_taskflow_operators.py
[2023-06-22T15:52:50.932+0700] {processor.py:826} INFO - Processing file /Users/macbook/Documents/Documents_MacBook_Pro/ISTT/AirflowTutorial/envlibs/lib/python3.10/site-packages/airflow/example_dags/example_dynamic_task_mapping_with_no_taskflow_operators.py for tasks to queue
[2023-06-22T15:52:50.932+0700] {logging_mixin.py:149} INFO - [2023-06-22T15:52:50.932+0700] {dagbag.py:541} INFO - Filling up the DagBag from /Users/macbook/Documents/Documents_MacBook_Pro/ISTT/AirflowTutorial/envlibs/lib/python3.10/site-packages/airflow/example_dags/example_dynamic_task_mapping_with_no_taskflow_operators.py
[2023-06-22T15:52:50.956+0700] {processor.py:836} INFO - DAG(s) dict_keys(['example_dynamic_task_mapping_with_no_taskflow_operators']) retrieved from /Users/macbook/Documents/Documents_MacBook_Pro/ISTT/AirflowTutorial/envlibs/lib/python3.10/site-packages/airflow/example_dags/example_dynamic_task_mapping_with_no_taskflow_operators.py
[2023-06-22T15:52:51.835+0700] {logging_mixin.py:149} INFO - [2023-06-22T15:52:51.835+0700] {dag.py:2726} INFO - Sync 1 DAGs
[2023-06-22T15:52:51.854+0700] {logging_mixin.py:149} INFO - [2023-06-22T15:52:51.854+0700] {dag.py:3486} INFO - Setting next_dagrun for example_dynamic_task_mapping_with_no_taskflow_operators to 2023-06-21T08:52:51.854651+00:00, run_after=2023-06-22T08:52:51.854651+00:00
[2023-06-22T15:52:51.876+0700] {processor.py:179} INFO - Processing /Users/macbook/Documents/Documents_MacBook_Pro/ISTT/AirflowTutorial/envlibs/lib/python3.10/site-packages/airflow/example_dags/example_dynamic_task_mapping_with_no_taskflow_operators.py took 0.947 seconds
[2023-06-22T15:57:23.765+0700] {processor.py:157} INFO - Started process (PID=14914) to work on /Users/macbook/Documents/Documents_MacBook_Pro/ISTT/AirflowTutorial/envlibs/lib/python3.10/site-packages/airflow/example_dags/example_dynamic_task_mapping_with_no_taskflow_operators.py
[2023-06-22T15:57:23.766+0700] {processor.py:826} INFO - Processing file /Users/macbook/Documents/Documents_MacBook_Pro/ISTT/AirflowTutorial/envlibs/lib/python3.10/site-packages/airflow/example_dags/example_dynamic_task_mapping_with_no_taskflow_operators.py for tasks to queue
[2023-06-22T15:57:23.767+0700] {logging_mixin.py:149} INFO - [2023-06-22T15:57:23.767+0700] {dagbag.py:541} INFO - Filling up the DagBag from /Users/macbook/Documents/Documents_MacBook_Pro/ISTT/AirflowTutorial/envlibs/lib/python3.10/site-packages/airflow/example_dags/example_dynamic_task_mapping_with_no_taskflow_operators.py
[2023-06-22T15:57:23.792+0700] {processor.py:836} INFO - DAG(s) dict_keys(['example_dynamic_task_mapping_with_no_taskflow_operators']) retrieved from /Users/macbook/Documents/Documents_MacBook_Pro/ISTT/AirflowTutorial/envlibs/lib/python3.10/site-packages/airflow/example_dags/example_dynamic_task_mapping_with_no_taskflow_operators.py
[2023-06-22T15:57:24.755+0700] {logging_mixin.py:149} INFO - [2023-06-22T15:57:24.754+0700] {dag.py:2726} INFO - Sync 1 DAGs
[2023-06-22T15:57:24.784+0700] {logging_mixin.py:149} INFO - [2023-06-22T15:57:24.783+0700] {dag.py:3486} INFO - Setting next_dagrun for example_dynamic_task_mapping_with_no_taskflow_operators to 2023-06-21T08:57:24.783848+00:00, run_after=2023-06-22T08:57:24.783848+00:00
[2023-06-22T15:57:24.809+0700] {processor.py:179} INFO - Processing /Users/macbook/Documents/Documents_MacBook_Pro/ISTT/AirflowTutorial/envlibs/lib/python3.10/site-packages/airflow/example_dags/example_dynamic_task_mapping_with_no_taskflow_operators.py took 1.045 seconds
[2023-06-22T16:01:55.036+0700] {processor.py:157} INFO - Started process (PID=15029) to work on /Users/macbook/Documents/Documents_MacBook_Pro/ISTT/AirflowTutorial/envlibs/lib/python3.10/site-packages/airflow/example_dags/example_dynamic_task_mapping_with_no_taskflow_operators.py
[2023-06-22T16:01:55.037+0700] {processor.py:826} INFO - Processing file /Users/macbook/Documents/Documents_MacBook_Pro/ISTT/AirflowTutorial/envlibs/lib/python3.10/site-packages/airflow/example_dags/example_dynamic_task_mapping_with_no_taskflow_operators.py for tasks to queue
[2023-06-22T16:01:55.038+0700] {logging_mixin.py:149} INFO - [2023-06-22T16:01:55.038+0700] {dagbag.py:541} INFO - Filling up the DagBag from /Users/macbook/Documents/Documents_MacBook_Pro/ISTT/AirflowTutorial/envlibs/lib/python3.10/site-packages/airflow/example_dags/example_dynamic_task_mapping_with_no_taskflow_operators.py
[2023-06-22T16:01:55.062+0700] {processor.py:836} INFO - DAG(s) dict_keys(['example_dynamic_task_mapping_with_no_taskflow_operators']) retrieved from /Users/macbook/Documents/Documents_MacBook_Pro/ISTT/AirflowTutorial/envlibs/lib/python3.10/site-packages/airflow/example_dags/example_dynamic_task_mapping_with_no_taskflow_operators.py
[2023-06-22T16:01:56.076+0700] {logging_mixin.py:149} INFO - [2023-06-22T16:01:56.075+0700] {dag.py:2726} INFO - Sync 1 DAGs
[2023-06-22T16:01:56.099+0700] {logging_mixin.py:149} INFO - [2023-06-22T16:01:56.098+0700] {dag.py:3486} INFO - Setting next_dagrun for example_dynamic_task_mapping_with_no_taskflow_operators to 2023-06-21T09:01:56.098663+00:00, run_after=2023-06-22T09:01:56.098663+00:00
[2023-06-22T16:01:56.128+0700] {processor.py:179} INFO - Processing /Users/macbook/Documents/Documents_MacBook_Pro/ISTT/AirflowTutorial/envlibs/lib/python3.10/site-packages/airflow/example_dags/example_dynamic_task_mapping_with_no_taskflow_operators.py took 1.094 seconds
[2023-06-22T16:06:14.766+0700] {processor.py:157} INFO - Started process (PID=15149) to work on /Users/macbook/Documents/Documents_MacBook_Pro/ISTT/AirflowTutorial/envlibs/lib/python3.10/site-packages/airflow/example_dags/example_dynamic_task_mapping_with_no_taskflow_operators.py
[2023-06-22T16:06:14.767+0700] {processor.py:826} INFO - Processing file /Users/macbook/Documents/Documents_MacBook_Pro/ISTT/AirflowTutorial/envlibs/lib/python3.10/site-packages/airflow/example_dags/example_dynamic_task_mapping_with_no_taskflow_operators.py for tasks to queue
[2023-06-22T16:06:14.768+0700] {logging_mixin.py:149} INFO - [2023-06-22T16:06:14.768+0700] {dagbag.py:541} INFO - Filling up the DagBag from /Users/macbook/Documents/Documents_MacBook_Pro/ISTT/AirflowTutorial/envlibs/lib/python3.10/site-packages/airflow/example_dags/example_dynamic_task_mapping_with_no_taskflow_operators.py
[2023-06-22T16:06:14.798+0700] {processor.py:836} INFO - DAG(s) dict_keys(['example_dynamic_task_mapping_with_no_taskflow_operators']) retrieved from /Users/macbook/Documents/Documents_MacBook_Pro/ISTT/AirflowTutorial/envlibs/lib/python3.10/site-packages/airflow/example_dags/example_dynamic_task_mapping_with_no_taskflow_operators.py
[2023-06-22T16:06:15.748+0700] {logging_mixin.py:149} INFO - [2023-06-22T16:06:15.748+0700] {dag.py:2726} INFO - Sync 1 DAGs
[2023-06-22T16:06:15.771+0700] {logging_mixin.py:149} INFO - [2023-06-22T16:06:15.771+0700] {dag.py:3486} INFO - Setting next_dagrun for example_dynamic_task_mapping_with_no_taskflow_operators to 2023-06-21T09:06:15.771598+00:00, run_after=2023-06-22T09:06:15.771598+00:00
[2023-06-22T16:06:15.793+0700] {processor.py:179} INFO - Processing /Users/macbook/Documents/Documents_MacBook_Pro/ISTT/AirflowTutorial/envlibs/lib/python3.10/site-packages/airflow/example_dags/example_dynamic_task_mapping_with_no_taskflow_operators.py took 1.029 seconds
[2023-06-22T16:10:31.262+0700] {processor.py:157} INFO - Started process (PID=15272) to work on /Users/macbook/Documents/Documents_MacBook_Pro/ISTT/AirflowTutorial/envlibs/lib/python3.10/site-packages/airflow/example_dags/example_dynamic_task_mapping_with_no_taskflow_operators.py
[2023-06-22T16:10:31.264+0700] {processor.py:826} INFO - Processing file /Users/macbook/Documents/Documents_MacBook_Pro/ISTT/AirflowTutorial/envlibs/lib/python3.10/site-packages/airflow/example_dags/example_dynamic_task_mapping_with_no_taskflow_operators.py for tasks to queue
[2023-06-22T16:10:31.264+0700] {logging_mixin.py:149} INFO - [2023-06-22T16:10:31.264+0700] {dagbag.py:541} INFO - Filling up the DagBag from /Users/macbook/Documents/Documents_MacBook_Pro/ISTT/AirflowTutorial/envlibs/lib/python3.10/site-packages/airflow/example_dags/example_dynamic_task_mapping_with_no_taskflow_operators.py
[2023-06-22T16:10:31.288+0700] {processor.py:836} INFO - DAG(s) dict_keys(['example_dynamic_task_mapping_with_no_taskflow_operators']) retrieved from /Users/macbook/Documents/Documents_MacBook_Pro/ISTT/AirflowTutorial/envlibs/lib/python3.10/site-packages/airflow/example_dags/example_dynamic_task_mapping_with_no_taskflow_operators.py
[2023-06-22T16:10:31.990+0700] {logging_mixin.py:149} INFO - [2023-06-22T16:10:31.990+0700] {dag.py:2726} INFO - Sync 1 DAGs
[2023-06-22T16:10:32.006+0700] {logging_mixin.py:149} INFO - [2023-06-22T16:10:32.006+0700] {dag.py:3486} INFO - Setting next_dagrun for example_dynamic_task_mapping_with_no_taskflow_operators to 2023-06-21T09:10:32.006554+00:00, run_after=2023-06-22T09:10:32.006554+00:00
[2023-06-22T16:10:32.023+0700] {processor.py:179} INFO - Processing /Users/macbook/Documents/Documents_MacBook_Pro/ISTT/AirflowTutorial/envlibs/lib/python3.10/site-packages/airflow/example_dags/example_dynamic_task_mapping_with_no_taskflow_operators.py took 0.761 seconds
[2023-06-22T16:14:22.086+0700] {processor.py:157} INFO - Started process (PID=15379) to work on /Users/macbook/Documents/Documents_MacBook_Pro/ISTT/AirflowTutorial/envlibs/lib/python3.10/site-packages/airflow/example_dags/example_dynamic_task_mapping_with_no_taskflow_operators.py
[2023-06-22T16:14:22.087+0700] {processor.py:826} INFO - Processing file /Users/macbook/Documents/Documents_MacBook_Pro/ISTT/AirflowTutorial/envlibs/lib/python3.10/site-packages/airflow/example_dags/example_dynamic_task_mapping_with_no_taskflow_operators.py for tasks to queue
[2023-06-22T16:14:22.088+0700] {logging_mixin.py:149} INFO - [2023-06-22T16:14:22.088+0700] {dagbag.py:541} INFO - Filling up the DagBag from /Users/macbook/Documents/Documents_MacBook_Pro/ISTT/AirflowTutorial/envlibs/lib/python3.10/site-packages/airflow/example_dags/example_dynamic_task_mapping_with_no_taskflow_operators.py
[2023-06-22T16:14:22.107+0700] {processor.py:836} INFO - DAG(s) dict_keys(['example_dynamic_task_mapping_with_no_taskflow_operators']) retrieved from /Users/macbook/Documents/Documents_MacBook_Pro/ISTT/AirflowTutorial/envlibs/lib/python3.10/site-packages/airflow/example_dags/example_dynamic_task_mapping_with_no_taskflow_operators.py
[2023-06-22T16:14:22.893+0700] {logging_mixin.py:149} INFO - [2023-06-22T16:14:22.893+0700] {dag.py:2726} INFO - Sync 1 DAGs
[2023-06-22T16:14:22.911+0700] {logging_mixin.py:149} INFO - [2023-06-22T16:14:22.911+0700] {dag.py:3486} INFO - Setting next_dagrun for example_dynamic_task_mapping_with_no_taskflow_operators to 2023-06-21T09:14:22.911672+00:00, run_after=2023-06-22T09:14:22.911672+00:00
[2023-06-22T16:14:22.937+0700] {processor.py:179} INFO - Processing /Users/macbook/Documents/Documents_MacBook_Pro/ISTT/AirflowTutorial/envlibs/lib/python3.10/site-packages/airflow/example_dags/example_dynamic_task_mapping_with_no_taskflow_operators.py took 0.851 seconds
[2023-06-22T16:18:41.878+0700] {processor.py:157} INFO - Started process (PID=15536) to work on /Users/macbook/Documents/Documents_MacBook_Pro/ISTT/AirflowTutorial/envlibs/lib/python3.10/site-packages/airflow/example_dags/example_dynamic_task_mapping_with_no_taskflow_operators.py
[2023-06-22T16:18:41.880+0700] {processor.py:826} INFO - Processing file /Users/macbook/Documents/Documents_MacBook_Pro/ISTT/AirflowTutorial/envlibs/lib/python3.10/site-packages/airflow/example_dags/example_dynamic_task_mapping_with_no_taskflow_operators.py for tasks to queue
[2023-06-22T16:18:41.881+0700] {logging_mixin.py:149} INFO - [2023-06-22T16:18:41.880+0700] {dagbag.py:541} INFO - Filling up the DagBag from /Users/macbook/Documents/Documents_MacBook_Pro/ISTT/AirflowTutorial/envlibs/lib/python3.10/site-packages/airflow/example_dags/example_dynamic_task_mapping_with_no_taskflow_operators.py
[2023-06-22T16:18:41.900+0700] {processor.py:836} INFO - DAG(s) dict_keys(['example_dynamic_task_mapping_with_no_taskflow_operators']) retrieved from /Users/macbook/Documents/Documents_MacBook_Pro/ISTT/AirflowTutorial/envlibs/lib/python3.10/site-packages/airflow/example_dags/example_dynamic_task_mapping_with_no_taskflow_operators.py
[2023-06-22T16:18:42.722+0700] {logging_mixin.py:149} INFO - [2023-06-22T16:18:42.721+0700] {dag.py:2726} INFO - Sync 1 DAGs
[2023-06-22T16:18:42.739+0700] {logging_mixin.py:149} INFO - [2023-06-22T16:18:42.739+0700] {dag.py:3486} INFO - Setting next_dagrun for example_dynamic_task_mapping_with_no_taskflow_operators to 2023-06-21T09:18:42.739349+00:00, run_after=2023-06-22T09:18:42.739349+00:00
[2023-06-22T16:18:42.757+0700] {processor.py:179} INFO - Processing /Users/macbook/Documents/Documents_MacBook_Pro/ISTT/AirflowTutorial/envlibs/lib/python3.10/site-packages/airflow/example_dags/example_dynamic_task_mapping_with_no_taskflow_operators.py took 0.880 seconds
[2023-06-22T16:22:58.675+0700] {processor.py:157} INFO - Started process (PID=15653) to work on /Users/macbook/Documents/Documents_MacBook_Pro/ISTT/AirflowTutorial/envlibs/lib/python3.10/site-packages/airflow/example_dags/example_dynamic_task_mapping_with_no_taskflow_operators.py
[2023-06-22T16:22:58.676+0700] {processor.py:826} INFO - Processing file /Users/macbook/Documents/Documents_MacBook_Pro/ISTT/AirflowTutorial/envlibs/lib/python3.10/site-packages/airflow/example_dags/example_dynamic_task_mapping_with_no_taskflow_operators.py for tasks to queue
[2023-06-22T16:22:58.677+0700] {logging_mixin.py:149} INFO - [2023-06-22T16:22:58.677+0700] {dagbag.py:541} INFO - Filling up the DagBag from /Users/macbook/Documents/Documents_MacBook_Pro/ISTT/AirflowTutorial/envlibs/lib/python3.10/site-packages/airflow/example_dags/example_dynamic_task_mapping_with_no_taskflow_operators.py
[2023-06-22T16:22:58.695+0700] {processor.py:836} INFO - DAG(s) dict_keys(['example_dynamic_task_mapping_with_no_taskflow_operators']) retrieved from /Users/macbook/Documents/Documents_MacBook_Pro/ISTT/AirflowTutorial/envlibs/lib/python3.10/site-packages/airflow/example_dags/example_dynamic_task_mapping_with_no_taskflow_operators.py
[2023-06-22T16:22:59.417+0700] {logging_mixin.py:149} INFO - [2023-06-22T16:22:59.417+0700] {dag.py:2726} INFO - Sync 1 DAGs
[2023-06-22T16:22:59.434+0700] {logging_mixin.py:149} INFO - [2023-06-22T16:22:59.434+0700] {dag.py:3486} INFO - Setting next_dagrun for example_dynamic_task_mapping_with_no_taskflow_operators to 2023-06-21T09:22:59.434306+00:00, run_after=2023-06-22T09:22:59.434306+00:00
[2023-06-22T16:22:59.451+0700] {processor.py:179} INFO - Processing /Users/macbook/Documents/Documents_MacBook_Pro/ISTT/AirflowTutorial/envlibs/lib/python3.10/site-packages/airflow/example_dags/example_dynamic_task_mapping_with_no_taskflow_operators.py took 0.777 seconds
[2023-06-22T16:26:54.260+0700] {processor.py:157} INFO - Started process (PID=15806) to work on /Users/macbook/Documents/Documents_MacBook_Pro/ISTT/AirflowTutorial/envlibs/lib/python3.10/site-packages/airflow/example_dags/example_dynamic_task_mapping_with_no_taskflow_operators.py
[2023-06-22T16:26:54.260+0700] {processor.py:826} INFO - Processing file /Users/macbook/Documents/Documents_MacBook_Pro/ISTT/AirflowTutorial/envlibs/lib/python3.10/site-packages/airflow/example_dags/example_dynamic_task_mapping_with_no_taskflow_operators.py for tasks to queue
[2023-06-22T16:26:54.261+0700] {logging_mixin.py:149} INFO - [2023-06-22T16:26:54.261+0700] {dagbag.py:541} INFO - Filling up the DagBag from /Users/macbook/Documents/Documents_MacBook_Pro/ISTT/AirflowTutorial/envlibs/lib/python3.10/site-packages/airflow/example_dags/example_dynamic_task_mapping_with_no_taskflow_operators.py
[2023-06-22T16:26:54.280+0700] {processor.py:836} INFO - DAG(s) dict_keys(['example_dynamic_task_mapping_with_no_taskflow_operators']) retrieved from /Users/macbook/Documents/Documents_MacBook_Pro/ISTT/AirflowTutorial/envlibs/lib/python3.10/site-packages/airflow/example_dags/example_dynamic_task_mapping_with_no_taskflow_operators.py
[2023-06-22T16:26:55.027+0700] {logging_mixin.py:149} INFO - [2023-06-22T16:26:55.027+0700] {dag.py:2726} INFO - Sync 1 DAGs
[2023-06-22T16:26:55.043+0700] {logging_mixin.py:149} INFO - [2023-06-22T16:26:55.043+0700] {dag.py:3486} INFO - Setting next_dagrun for example_dynamic_task_mapping_with_no_taskflow_operators to 2023-06-21T09:26:55.043404+00:00, run_after=2023-06-22T09:26:55.043404+00:00
[2023-06-22T16:26:55.059+0700] {processor.py:179} INFO - Processing /Users/macbook/Documents/Documents_MacBook_Pro/ISTT/AirflowTutorial/envlibs/lib/python3.10/site-packages/airflow/example_dags/example_dynamic_task_mapping_with_no_taskflow_operators.py took 0.800 seconds
