[2023-06-22T14:27:48.275+0700] {processor.py:157} INFO - Started process (PID=11877) to work on /Users/macbook/Documents/Documents_MacBook_Pro/ISTT/AirflowTutorial/envlibs/lib/python3.10/site-packages/airflow/example_dags/example_short_circuit_decorator.py
[2023-06-22T14:27:48.276+0700] {processor.py:826} INFO - Processing file /Users/macbook/Documents/Documents_MacBook_Pro/ISTT/AirflowTutorial/envlibs/lib/python3.10/site-packages/airflow/example_dags/example_short_circuit_decorator.py for tasks to queue
[2023-06-22T14:27:48.276+0700] {logging_mixin.py:149} INFO - [2023-06-22T14:27:48.276+0700] {dagbag.py:541} INFO - Filling up the DagBag from /Users/macbook/Documents/Documents_MacBook_Pro/ISTT/AirflowTutorial/envlibs/lib/python3.10/site-packages/airflow/example_dags/example_short_circuit_decorator.py
[2023-06-22T14:27:48.326+0700] {processor.py:836} INFO - DAG(s) dict_keys(['example_short_circuit_decorator']) retrieved from /Users/macbook/Documents/Documents_MacBook_Pro/ISTT/AirflowTutorial/envlibs/lib/python3.10/site-packages/airflow/example_dags/example_short_circuit_decorator.py
[2023-06-22T14:27:49.158+0700] {logging_mixin.py:149} INFO - [2023-06-22T14:27:49.158+0700] {dag.py:2726} INFO - Sync 1 DAGs
[2023-06-22T14:27:49.175+0700] {logging_mixin.py:149} INFO - [2023-06-22T14:27:49.174+0700] {dag.py:3486} INFO - Setting next_dagrun for example_short_circuit_decorator to 2023-06-21T07:27:49.174806+00:00, run_after=2023-06-22T07:27:49.174806+00:00
[2023-06-22T14:27:49.193+0700] {processor.py:179} INFO - Processing /Users/macbook/Documents/Documents_MacBook_Pro/ISTT/AirflowTutorial/envlibs/lib/python3.10/site-packages/airflow/example_dags/example_short_circuit_decorator.py took 0.919 seconds
[2023-06-22T14:30:17.680+0700] {processor.py:157} INFO - Started process (PID=11953) to work on /Users/macbook/Documents/Documents_MacBook_Pro/ISTT/AirflowTutorial/envlibs/lib/python3.10/site-packages/airflow/example_dags/example_short_circuit_decorator.py
[2023-06-22T14:30:17.681+0700] {processor.py:826} INFO - Processing file /Users/macbook/Documents/Documents_MacBook_Pro/ISTT/AirflowTutorial/envlibs/lib/python3.10/site-packages/airflow/example_dags/example_short_circuit_decorator.py for tasks to queue
[2023-06-22T14:30:17.682+0700] {logging_mixin.py:149} INFO - [2023-06-22T14:30:17.682+0700] {dagbag.py:541} INFO - Filling up the DagBag from /Users/macbook/Documents/Documents_MacBook_Pro/ISTT/AirflowTutorial/envlibs/lib/python3.10/site-packages/airflow/example_dags/example_short_circuit_decorator.py
[2023-06-22T14:30:17.737+0700] {processor.py:836} INFO - DAG(s) dict_keys(['example_short_circuit_decorator']) retrieved from /Users/macbook/Documents/Documents_MacBook_Pro/ISTT/AirflowTutorial/envlibs/lib/python3.10/site-packages/airflow/example_dags/example_short_circuit_decorator.py
[2023-06-22T14:30:18.515+0700] {logging_mixin.py:149} INFO - [2023-06-22T14:30:18.515+0700] {dag.py:2726} INFO - Sync 1 DAGs
[2023-06-22T14:30:18.532+0700] {logging_mixin.py:149} INFO - [2023-06-22T14:30:18.532+0700] {dag.py:3486} INFO - Setting next_dagrun for example_short_circuit_decorator to 2023-06-21T07:30:18.532214+00:00, run_after=2023-06-22T07:30:18.532214+00:00
[2023-06-22T14:30:18.551+0700] {processor.py:179} INFO - Processing /Users/macbook/Documents/Documents_MacBook_Pro/ISTT/AirflowTutorial/envlibs/lib/python3.10/site-packages/airflow/example_dags/example_short_circuit_decorator.py took 0.871 seconds
[2023-06-22T14:32:28.939+0700] {processor.py:157} INFO - Started process (PID=12048) to work on /Users/macbook/Documents/Documents_MacBook_Pro/ISTT/AirflowTutorial/envlibs/lib/python3.10/site-packages/airflow/example_dags/example_short_circuit_decorator.py
[2023-06-22T14:32:28.940+0700] {processor.py:826} INFO - Processing file /Users/macbook/Documents/Documents_MacBook_Pro/ISTT/AirflowTutorial/envlibs/lib/python3.10/site-packages/airflow/example_dags/example_short_circuit_decorator.py for tasks to queue
[2023-06-22T14:32:28.941+0700] {logging_mixin.py:149} INFO - [2023-06-22T14:32:28.940+0700] {dagbag.py:541} INFO - Filling up the DagBag from /Users/macbook/Documents/Documents_MacBook_Pro/ISTT/AirflowTutorial/envlibs/lib/python3.10/site-packages/airflow/example_dags/example_short_circuit_decorator.py
[2023-06-22T14:32:29.027+0700] {processor.py:836} INFO - DAG(s) dict_keys(['example_short_circuit_decorator']) retrieved from /Users/macbook/Documents/Documents_MacBook_Pro/ISTT/AirflowTutorial/envlibs/lib/python3.10/site-packages/airflow/example_dags/example_short_circuit_decorator.py
[2023-06-22T14:32:29.955+0700] {logging_mixin.py:149} INFO - [2023-06-22T14:32:29.955+0700] {dag.py:2726} INFO - Sync 1 DAGs
[2023-06-22T14:32:29.972+0700] {logging_mixin.py:149} INFO - [2023-06-22T14:32:29.972+0700] {dag.py:3486} INFO - Setting next_dagrun for example_short_circuit_decorator to 2023-06-21T07:32:29.972443+00:00, run_after=2023-06-22T07:32:29.972443+00:00
[2023-06-22T14:32:29.994+0700] {processor.py:179} INFO - Processing /Users/macbook/Documents/Documents_MacBook_Pro/ISTT/AirflowTutorial/envlibs/lib/python3.10/site-packages/airflow/example_dags/example_short_circuit_decorator.py took 1.056 seconds
[2023-06-22T14:34:59.817+0700] {processor.py:157} INFO - Started process (PID=12179) to work on /Users/macbook/Documents/Documents_MacBook_Pro/ISTT/AirflowTutorial/envlibs/lib/python3.10/site-packages/airflow/example_dags/example_short_circuit_decorator.py
[2023-06-22T14:34:59.818+0700] {processor.py:826} INFO - Processing file /Users/macbook/Documents/Documents_MacBook_Pro/ISTT/AirflowTutorial/envlibs/lib/python3.10/site-packages/airflow/example_dags/example_short_circuit_decorator.py for tasks to queue
[2023-06-22T14:34:59.818+0700] {logging_mixin.py:149} INFO - [2023-06-22T14:34:59.818+0700] {dagbag.py:541} INFO - Filling up the DagBag from /Users/macbook/Documents/Documents_MacBook_Pro/ISTT/AirflowTutorial/envlibs/lib/python3.10/site-packages/airflow/example_dags/example_short_circuit_decorator.py
[2023-06-22T14:34:59.877+0700] {processor.py:836} INFO - DAG(s) dict_keys(['example_short_circuit_decorator']) retrieved from /Users/macbook/Documents/Documents_MacBook_Pro/ISTT/AirflowTutorial/envlibs/lib/python3.10/site-packages/airflow/example_dags/example_short_circuit_decorator.py
[2023-06-22T14:35:00.820+0700] {logging_mixin.py:149} INFO - [2023-06-22T14:35:00.820+0700] {dag.py:2726} INFO - Sync 1 DAGs
[2023-06-22T14:35:00.839+0700] {logging_mixin.py:149} INFO - [2023-06-22T14:35:00.839+0700] {dag.py:3486} INFO - Setting next_dagrun for example_short_circuit_decorator to 2023-06-21T07:35:00.839114+00:00, run_after=2023-06-22T07:35:00.839114+00:00
[2023-06-22T14:35:00.859+0700] {processor.py:179} INFO - Processing /Users/macbook/Documents/Documents_MacBook_Pro/ISTT/AirflowTutorial/envlibs/lib/python3.10/site-packages/airflow/example_dags/example_short_circuit_decorator.py took 1.043 seconds
[2023-06-22T14:37:52.047+0700] {processor.py:157} INFO - Started process (PID=12332) to work on /Users/macbook/Documents/Documents_MacBook_Pro/ISTT/AirflowTutorial/envlibs/lib/python3.10/site-packages/airflow/example_dags/example_short_circuit_decorator.py
[2023-06-22T14:37:52.049+0700] {processor.py:826} INFO - Processing file /Users/macbook/Documents/Documents_MacBook_Pro/ISTT/AirflowTutorial/envlibs/lib/python3.10/site-packages/airflow/example_dags/example_short_circuit_decorator.py for tasks to queue
[2023-06-22T14:37:52.050+0700] {logging_mixin.py:149} INFO - [2023-06-22T14:37:52.050+0700] {dagbag.py:541} INFO - Filling up the DagBag from /Users/macbook/Documents/Documents_MacBook_Pro/ISTT/AirflowTutorial/envlibs/lib/python3.10/site-packages/airflow/example_dags/example_short_circuit_decorator.py
[2023-06-22T14:37:52.176+0700] {processor.py:836} INFO - DAG(s) dict_keys(['example_short_circuit_decorator']) retrieved from /Users/macbook/Documents/Documents_MacBook_Pro/ISTT/AirflowTutorial/envlibs/lib/python3.10/site-packages/airflow/example_dags/example_short_circuit_decorator.py
[2023-06-22T14:37:53.792+0700] {logging_mixin.py:149} INFO - [2023-06-22T14:37:53.791+0700] {dag.py:2726} INFO - Sync 1 DAGs
[2023-06-22T14:37:53.813+0700] {logging_mixin.py:149} INFO - [2023-06-22T14:37:53.812+0700] {dag.py:2747} INFO - Creating ORM DAG for example_short_circuit_decorator
[2023-06-22T14:37:53.831+0700] {logging_mixin.py:149} INFO - [2023-06-22T14:37:53.831+0700] {dag.py:3486} INFO - Setting next_dagrun for example_short_circuit_decorator to 2023-06-21T07:37:53.831011+00:00, run_after=2023-06-22T07:37:53.831011+00:00
[2023-06-22T14:37:53.900+0700] {processor.py:179} INFO - Processing /Users/macbook/Documents/Documents_MacBook_Pro/ISTT/AirflowTutorial/envlibs/lib/python3.10/site-packages/airflow/example_dags/example_short_circuit_decorator.py took 1.854 seconds
[2023-06-22T14:40:15.909+0700] {processor.py:157} INFO - Started process (PID=12454) to work on /Users/macbook/Documents/Documents_MacBook_Pro/ISTT/AirflowTutorial/envlibs/lib/python3.10/site-packages/airflow/example_dags/example_short_circuit_decorator.py
[2023-06-22T14:40:15.910+0700] {processor.py:826} INFO - Processing file /Users/macbook/Documents/Documents_MacBook_Pro/ISTT/AirflowTutorial/envlibs/lib/python3.10/site-packages/airflow/example_dags/example_short_circuit_decorator.py for tasks to queue
[2023-06-22T14:40:15.911+0700] {logging_mixin.py:149} INFO - [2023-06-22T14:40:15.911+0700] {dagbag.py:541} INFO - Filling up the DagBag from /Users/macbook/Documents/Documents_MacBook_Pro/ISTT/AirflowTutorial/envlibs/lib/python3.10/site-packages/airflow/example_dags/example_short_circuit_decorator.py
[2023-06-22T14:40:15.979+0700] {processor.py:836} INFO - DAG(s) dict_keys(['example_short_circuit_decorator']) retrieved from /Users/macbook/Documents/Documents_MacBook_Pro/ISTT/AirflowTutorial/envlibs/lib/python3.10/site-packages/airflow/example_dags/example_short_circuit_decorator.py
[2023-06-22T14:40:16.957+0700] {logging_mixin.py:149} INFO - [2023-06-22T14:40:16.957+0700] {dag.py:2726} INFO - Sync 1 DAGs
[2023-06-22T14:40:16.968+0700] {logging_mixin.py:149} INFO - [2023-06-22T14:40:16.967+0700] {dag.py:2747} INFO - Creating ORM DAG for example_short_circuit_decorator
[2023-06-22T14:40:16.980+0700] {logging_mixin.py:149} INFO - [2023-06-22T14:40:16.980+0700] {dag.py:3486} INFO - Setting next_dagrun for example_short_circuit_decorator to 2023-06-21T07:40:16.980470+00:00, run_after=2023-06-22T07:40:16.980470+00:00
[2023-06-22T14:40:17.007+0700] {processor.py:179} INFO - Processing /Users/macbook/Documents/Documents_MacBook_Pro/ISTT/AirflowTutorial/envlibs/lib/python3.10/site-packages/airflow/example_dags/example_short_circuit_decorator.py took 1.098 seconds
[2023-06-22T14:42:26.437+0700] {processor.py:157} INFO - Started process (PID=12529) to work on /Users/macbook/Documents/Documents_MacBook_Pro/ISTT/AirflowTutorial/envlibs/lib/python3.10/site-packages/airflow/example_dags/example_short_circuit_decorator.py
[2023-06-22T14:42:26.438+0700] {processor.py:826} INFO - Processing file /Users/macbook/Documents/Documents_MacBook_Pro/ISTT/AirflowTutorial/envlibs/lib/python3.10/site-packages/airflow/example_dags/example_short_circuit_decorator.py for tasks to queue
[2023-06-22T14:42:26.439+0700] {logging_mixin.py:149} INFO - [2023-06-22T14:42:26.439+0700] {dagbag.py:541} INFO - Filling up the DagBag from /Users/macbook/Documents/Documents_MacBook_Pro/ISTT/AirflowTutorial/envlibs/lib/python3.10/site-packages/airflow/example_dags/example_short_circuit_decorator.py
[2023-06-22T14:42:26.487+0700] {processor.py:836} INFO - DAG(s) dict_keys(['example_short_circuit_decorator']) retrieved from /Users/macbook/Documents/Documents_MacBook_Pro/ISTT/AirflowTutorial/envlibs/lib/python3.10/site-packages/airflow/example_dags/example_short_circuit_decorator.py
[2023-06-22T14:42:27.254+0700] {logging_mixin.py:149} INFO - [2023-06-22T14:42:27.254+0700] {dag.py:2726} INFO - Sync 1 DAGs
[2023-06-22T14:42:27.270+0700] {logging_mixin.py:149} INFO - [2023-06-22T14:42:27.270+0700] {dag.py:3486} INFO - Setting next_dagrun for example_short_circuit_decorator to 2023-06-21T07:42:27.270406+00:00, run_after=2023-06-22T07:42:27.270406+00:00
[2023-06-22T14:42:27.288+0700] {processor.py:179} INFO - Processing /Users/macbook/Documents/Documents_MacBook_Pro/ISTT/AirflowTutorial/envlibs/lib/python3.10/site-packages/airflow/example_dags/example_short_circuit_decorator.py took 0.852 seconds
[2023-06-22T14:44:34.097+0700] {processor.py:157} INFO - Started process (PID=12584) to work on /Users/macbook/Documents/Documents_MacBook_Pro/ISTT/AirflowTutorial/envlibs/lib/python3.10/site-packages/airflow/example_dags/example_short_circuit_decorator.py
[2023-06-22T14:44:34.098+0700] {processor.py:826} INFO - Processing file /Users/macbook/Documents/Documents_MacBook_Pro/ISTT/AirflowTutorial/envlibs/lib/python3.10/site-packages/airflow/example_dags/example_short_circuit_decorator.py for tasks to queue
[2023-06-22T14:44:34.099+0700] {logging_mixin.py:149} INFO - [2023-06-22T14:44:34.098+0700] {dagbag.py:541} INFO - Filling up the DagBag from /Users/macbook/Documents/Documents_MacBook_Pro/ISTT/AirflowTutorial/envlibs/lib/python3.10/site-packages/airflow/example_dags/example_short_circuit_decorator.py
[2023-06-22T14:44:34.151+0700] {processor.py:836} INFO - DAG(s) dict_keys(['example_short_circuit_decorator']) retrieved from /Users/macbook/Documents/Documents_MacBook_Pro/ISTT/AirflowTutorial/envlibs/lib/python3.10/site-packages/airflow/example_dags/example_short_circuit_decorator.py
[2023-06-22T14:44:34.958+0700] {logging_mixin.py:149} INFO - [2023-06-22T14:44:34.958+0700] {dag.py:2726} INFO - Sync 1 DAGs
[2023-06-22T14:44:34.975+0700] {logging_mixin.py:149} INFO - [2023-06-22T14:44:34.974+0700] {dag.py:3486} INFO - Setting next_dagrun for example_short_circuit_decorator to 2023-06-21T07:44:34.974777+00:00, run_after=2023-06-22T07:44:34.974777+00:00
[2023-06-22T14:44:34.994+0700] {processor.py:179} INFO - Processing /Users/macbook/Documents/Documents_MacBook_Pro/ISTT/AirflowTutorial/envlibs/lib/python3.10/site-packages/airflow/example_dags/example_short_circuit_decorator.py took 0.898 seconds
[2023-06-22T14:46:37.845+0700] {processor.py:157} INFO - Started process (PID=12638) to work on /Users/macbook/Documents/Documents_MacBook_Pro/ISTT/AirflowTutorial/envlibs/lib/python3.10/site-packages/airflow/example_dags/example_short_circuit_decorator.py
[2023-06-22T14:46:37.846+0700] {processor.py:826} INFO - Processing file /Users/macbook/Documents/Documents_MacBook_Pro/ISTT/AirflowTutorial/envlibs/lib/python3.10/site-packages/airflow/example_dags/example_short_circuit_decorator.py for tasks to queue
[2023-06-22T14:46:37.847+0700] {logging_mixin.py:149} INFO - [2023-06-22T14:46:37.847+0700] {dagbag.py:541} INFO - Filling up the DagBag from /Users/macbook/Documents/Documents_MacBook_Pro/ISTT/AirflowTutorial/envlibs/lib/python3.10/site-packages/airflow/example_dags/example_short_circuit_decorator.py
[2023-06-22T14:46:37.909+0700] {processor.py:836} INFO - DAG(s) dict_keys(['example_short_circuit_decorator']) retrieved from /Users/macbook/Documents/Documents_MacBook_Pro/ISTT/AirflowTutorial/envlibs/lib/python3.10/site-packages/airflow/example_dags/example_short_circuit_decorator.py
[2023-06-22T14:46:38.797+0700] {logging_mixin.py:149} INFO - [2023-06-22T14:46:38.796+0700] {dag.py:2726} INFO - Sync 1 DAGs
[2023-06-22T14:46:38.816+0700] {logging_mixin.py:149} INFO - [2023-06-22T14:46:38.816+0700] {dag.py:3486} INFO - Setting next_dagrun for example_short_circuit_decorator to 2023-06-21T07:46:38.815857+00:00, run_after=2023-06-22T07:46:38.815857+00:00
[2023-06-22T14:46:38.841+0700] {processor.py:179} INFO - Processing /Users/macbook/Documents/Documents_MacBook_Pro/ISTT/AirflowTutorial/envlibs/lib/python3.10/site-packages/airflow/example_dags/example_short_circuit_decorator.py took 0.997 seconds
[2023-06-22T14:48:45.447+0700] {processor.py:157} INFO - Started process (PID=12706) to work on /Users/macbook/Documents/Documents_MacBook_Pro/ISTT/AirflowTutorial/envlibs/lib/python3.10/site-packages/airflow/example_dags/example_short_circuit_decorator.py
[2023-06-22T14:48:45.449+0700] {processor.py:826} INFO - Processing file /Users/macbook/Documents/Documents_MacBook_Pro/ISTT/AirflowTutorial/envlibs/lib/python3.10/site-packages/airflow/example_dags/example_short_circuit_decorator.py for tasks to queue
[2023-06-22T14:48:45.449+0700] {logging_mixin.py:149} INFO - [2023-06-22T14:48:45.449+0700] {dagbag.py:541} INFO - Filling up the DagBag from /Users/macbook/Documents/Documents_MacBook_Pro/ISTT/AirflowTutorial/envlibs/lib/python3.10/site-packages/airflow/example_dags/example_short_circuit_decorator.py
[2023-06-22T14:48:45.508+0700] {processor.py:836} INFO - DAG(s) dict_keys(['example_short_circuit_decorator']) retrieved from /Users/macbook/Documents/Documents_MacBook_Pro/ISTT/AirflowTutorial/envlibs/lib/python3.10/site-packages/airflow/example_dags/example_short_circuit_decorator.py
[2023-06-22T14:48:46.370+0700] {logging_mixin.py:149} INFO - [2023-06-22T14:48:46.370+0700] {dag.py:2726} INFO - Sync 1 DAGs
[2023-06-22T14:48:46.390+0700] {logging_mixin.py:149} INFO - [2023-06-22T14:48:46.389+0700] {dag.py:3486} INFO - Setting next_dagrun for example_short_circuit_decorator to 2023-06-21T07:48:46.389793+00:00, run_after=2023-06-22T07:48:46.389793+00:00
[2023-06-22T14:48:46.411+0700] {processor.py:179} INFO - Processing /Users/macbook/Documents/Documents_MacBook_Pro/ISTT/AirflowTutorial/envlibs/lib/python3.10/site-packages/airflow/example_dags/example_short_circuit_decorator.py took 0.964 seconds
[2023-06-22T14:50:50.348+0700] {processor.py:157} INFO - Started process (PID=12761) to work on /Users/macbook/Documents/Documents_MacBook_Pro/ISTT/AirflowTutorial/envlibs/lib/python3.10/site-packages/airflow/example_dags/example_short_circuit_decorator.py
[2023-06-22T14:50:50.349+0700] {processor.py:826} INFO - Processing file /Users/macbook/Documents/Documents_MacBook_Pro/ISTT/AirflowTutorial/envlibs/lib/python3.10/site-packages/airflow/example_dags/example_short_circuit_decorator.py for tasks to queue
[2023-06-22T14:50:50.350+0700] {logging_mixin.py:149} INFO - [2023-06-22T14:50:50.350+0700] {dagbag.py:541} INFO - Filling up the DagBag from /Users/macbook/Documents/Documents_MacBook_Pro/ISTT/AirflowTutorial/envlibs/lib/python3.10/site-packages/airflow/example_dags/example_short_circuit_decorator.py
[2023-06-22T14:50:50.405+0700] {processor.py:836} INFO - DAG(s) dict_keys(['example_short_circuit_decorator']) retrieved from /Users/macbook/Documents/Documents_MacBook_Pro/ISTT/AirflowTutorial/envlibs/lib/python3.10/site-packages/airflow/example_dags/example_short_circuit_decorator.py
[2023-06-22T14:50:51.209+0700] {logging_mixin.py:149} INFO - [2023-06-22T14:50:51.209+0700] {dag.py:2726} INFO - Sync 1 DAGs
[2023-06-22T14:50:51.225+0700] {logging_mixin.py:149} INFO - [2023-06-22T14:50:51.224+0700] {dag.py:3486} INFO - Setting next_dagrun for example_short_circuit_decorator to 2023-06-21T07:50:51.224808+00:00, run_after=2023-06-22T07:50:51.224808+00:00
[2023-06-22T14:50:51.243+0700] {processor.py:179} INFO - Processing /Users/macbook/Documents/Documents_MacBook_Pro/ISTT/AirflowTutorial/envlibs/lib/python3.10/site-packages/airflow/example_dags/example_short_circuit_decorator.py took 0.896 seconds
[2023-06-22T14:52:52.320+0700] {processor.py:157} INFO - Started process (PID=12818) to work on /Users/macbook/Documents/Documents_MacBook_Pro/ISTT/AirflowTutorial/envlibs/lib/python3.10/site-packages/airflow/example_dags/example_short_circuit_decorator.py
[2023-06-22T14:52:52.321+0700] {processor.py:826} INFO - Processing file /Users/macbook/Documents/Documents_MacBook_Pro/ISTT/AirflowTutorial/envlibs/lib/python3.10/site-packages/airflow/example_dags/example_short_circuit_decorator.py for tasks to queue
[2023-06-22T14:52:52.322+0700] {logging_mixin.py:149} INFO - [2023-06-22T14:52:52.321+0700] {dagbag.py:541} INFO - Filling up the DagBag from /Users/macbook/Documents/Documents_MacBook_Pro/ISTT/AirflowTutorial/envlibs/lib/python3.10/site-packages/airflow/example_dags/example_short_circuit_decorator.py
[2023-06-22T14:52:52.376+0700] {processor.py:836} INFO - DAG(s) dict_keys(['example_short_circuit_decorator']) retrieved from /Users/macbook/Documents/Documents_MacBook_Pro/ISTT/AirflowTutorial/envlibs/lib/python3.10/site-packages/airflow/example_dags/example_short_circuit_decorator.py
[2023-06-22T14:52:53.141+0700] {logging_mixin.py:149} INFO - [2023-06-22T14:52:53.141+0700] {dag.py:2726} INFO - Sync 1 DAGs
[2023-06-22T14:52:53.156+0700] {logging_mixin.py:149} INFO - [2023-06-22T14:52:53.156+0700] {dag.py:3486} INFO - Setting next_dagrun for example_short_circuit_decorator to 2023-06-21T07:52:53.156538+00:00, run_after=2023-06-22T07:52:53.156538+00:00
[2023-06-22T14:52:53.176+0700] {processor.py:179} INFO - Processing /Users/macbook/Documents/Documents_MacBook_Pro/ISTT/AirflowTutorial/envlibs/lib/python3.10/site-packages/airflow/example_dags/example_short_circuit_decorator.py took 0.857 seconds
[2023-06-22T14:54:50.215+0700] {processor.py:157} INFO - Started process (PID=12870) to work on /Users/macbook/Documents/Documents_MacBook_Pro/ISTT/AirflowTutorial/envlibs/lib/python3.10/site-packages/airflow/example_dags/example_short_circuit_decorator.py
[2023-06-22T14:54:50.217+0700] {processor.py:826} INFO - Processing file /Users/macbook/Documents/Documents_MacBook_Pro/ISTT/AirflowTutorial/envlibs/lib/python3.10/site-packages/airflow/example_dags/example_short_circuit_decorator.py for tasks to queue
[2023-06-22T14:54:50.217+0700] {logging_mixin.py:149} INFO - [2023-06-22T14:54:50.217+0700] {dagbag.py:541} INFO - Filling up the DagBag from /Users/macbook/Documents/Documents_MacBook_Pro/ISTT/AirflowTutorial/envlibs/lib/python3.10/site-packages/airflow/example_dags/example_short_circuit_decorator.py
[2023-06-22T14:54:50.267+0700] {processor.py:836} INFO - DAG(s) dict_keys(['example_short_circuit_decorator']) retrieved from /Users/macbook/Documents/Documents_MacBook_Pro/ISTT/AirflowTutorial/envlibs/lib/python3.10/site-packages/airflow/example_dags/example_short_circuit_decorator.py
[2023-06-22T14:54:50.970+0700] {logging_mixin.py:149} INFO - [2023-06-22T14:54:50.970+0700] {dag.py:2726} INFO - Sync 1 DAGs
[2023-06-22T14:54:50.986+0700] {logging_mixin.py:149} INFO - [2023-06-22T14:54:50.986+0700] {dag.py:3486} INFO - Setting next_dagrun for example_short_circuit_decorator to 2023-06-21T07:54:50.986322+00:00, run_after=2023-06-22T07:54:50.986322+00:00
[2023-06-22T14:54:51.004+0700] {processor.py:179} INFO - Processing /Users/macbook/Documents/Documents_MacBook_Pro/ISTT/AirflowTutorial/envlibs/lib/python3.10/site-packages/airflow/example_dags/example_short_circuit_decorator.py took 0.790 seconds
[2023-06-22T14:56:44.799+0700] {processor.py:157} INFO - Started process (PID=12921) to work on /Users/macbook/Documents/Documents_MacBook_Pro/ISTT/AirflowTutorial/envlibs/lib/python3.10/site-packages/airflow/example_dags/example_short_circuit_decorator.py
[2023-06-22T14:56:44.800+0700] {processor.py:826} INFO - Processing file /Users/macbook/Documents/Documents_MacBook_Pro/ISTT/AirflowTutorial/envlibs/lib/python3.10/site-packages/airflow/example_dags/example_short_circuit_decorator.py for tasks to queue
[2023-06-22T14:56:44.801+0700] {logging_mixin.py:149} INFO - [2023-06-22T14:56:44.801+0700] {dagbag.py:541} INFO - Filling up the DagBag from /Users/macbook/Documents/Documents_MacBook_Pro/ISTT/AirflowTutorial/envlibs/lib/python3.10/site-packages/airflow/example_dags/example_short_circuit_decorator.py
[2023-06-22T14:56:44.855+0700] {processor.py:836} INFO - DAG(s) dict_keys(['example_short_circuit_decorator']) retrieved from /Users/macbook/Documents/Documents_MacBook_Pro/ISTT/AirflowTutorial/envlibs/lib/python3.10/site-packages/airflow/example_dags/example_short_circuit_decorator.py
[2023-06-22T14:56:45.708+0700] {logging_mixin.py:149} INFO - [2023-06-22T14:56:45.707+0700] {dag.py:2726} INFO - Sync 1 DAGs
[2023-06-22T14:56:45.725+0700] {logging_mixin.py:149} INFO - [2023-06-22T14:56:45.725+0700] {dag.py:3486} INFO - Setting next_dagrun for example_short_circuit_decorator to 2023-06-21T07:56:45.725052+00:00, run_after=2023-06-22T07:56:45.725052+00:00
[2023-06-22T14:56:45.745+0700] {processor.py:179} INFO - Processing /Users/macbook/Documents/Documents_MacBook_Pro/ISTT/AirflowTutorial/envlibs/lib/python3.10/site-packages/airflow/example_dags/example_short_circuit_decorator.py took 0.946 seconds
[2023-06-22T14:58:48.367+0700] {processor.py:157} INFO - Started process (PID=12975) to work on /Users/macbook/Documents/Documents_MacBook_Pro/ISTT/AirflowTutorial/envlibs/lib/python3.10/site-packages/airflow/example_dags/example_short_circuit_decorator.py
[2023-06-22T14:58:48.368+0700] {processor.py:826} INFO - Processing file /Users/macbook/Documents/Documents_MacBook_Pro/ISTT/AirflowTutorial/envlibs/lib/python3.10/site-packages/airflow/example_dags/example_short_circuit_decorator.py for tasks to queue
[2023-06-22T14:58:48.369+0700] {logging_mixin.py:149} INFO - [2023-06-22T14:58:48.369+0700] {dagbag.py:541} INFO - Filling up the DagBag from /Users/macbook/Documents/Documents_MacBook_Pro/ISTT/AirflowTutorial/envlibs/lib/python3.10/site-packages/airflow/example_dags/example_short_circuit_decorator.py
[2023-06-22T14:58:48.423+0700] {processor.py:836} INFO - DAG(s) dict_keys(['example_short_circuit_decorator']) retrieved from /Users/macbook/Documents/Documents_MacBook_Pro/ISTT/AirflowTutorial/envlibs/lib/python3.10/site-packages/airflow/example_dags/example_short_circuit_decorator.py
[2023-06-22T14:58:49.251+0700] {logging_mixin.py:149} INFO - [2023-06-22T14:58:49.251+0700] {dag.py:2726} INFO - Sync 1 DAGs
[2023-06-22T14:58:49.267+0700] {logging_mixin.py:149} INFO - [2023-06-22T14:58:49.267+0700] {dag.py:3486} INFO - Setting next_dagrun for example_short_circuit_decorator to 2023-06-21T07:58:49.267208+00:00, run_after=2023-06-22T07:58:49.267208+00:00
[2023-06-22T14:58:49.284+0700] {processor.py:179} INFO - Processing /Users/macbook/Documents/Documents_MacBook_Pro/ISTT/AirflowTutorial/envlibs/lib/python3.10/site-packages/airflow/example_dags/example_short_circuit_decorator.py took 0.918 seconds
[2023-06-22T15:00:51.629+0700] {processor.py:157} INFO - Started process (PID=13027) to work on /Users/macbook/Documents/Documents_MacBook_Pro/ISTT/AirflowTutorial/envlibs/lib/python3.10/site-packages/airflow/example_dags/example_short_circuit_decorator.py
[2023-06-22T15:00:51.631+0700] {processor.py:826} INFO - Processing file /Users/macbook/Documents/Documents_MacBook_Pro/ISTT/AirflowTutorial/envlibs/lib/python3.10/site-packages/airflow/example_dags/example_short_circuit_decorator.py for tasks to queue
[2023-06-22T15:00:51.632+0700] {logging_mixin.py:149} INFO - [2023-06-22T15:00:51.631+0700] {dagbag.py:541} INFO - Filling up the DagBag from /Users/macbook/Documents/Documents_MacBook_Pro/ISTT/AirflowTutorial/envlibs/lib/python3.10/site-packages/airflow/example_dags/example_short_circuit_decorator.py
[2023-06-22T15:00:51.690+0700] {processor.py:836} INFO - DAG(s) dict_keys(['example_short_circuit_decorator']) retrieved from /Users/macbook/Documents/Documents_MacBook_Pro/ISTT/AirflowTutorial/envlibs/lib/python3.10/site-packages/airflow/example_dags/example_short_circuit_decorator.py
[2023-06-22T15:00:52.482+0700] {logging_mixin.py:149} INFO - [2023-06-22T15:00:52.481+0700] {dag.py:2726} INFO - Sync 1 DAGs
[2023-06-22T15:00:52.497+0700] {logging_mixin.py:149} INFO - [2023-06-22T15:00:52.497+0700] {dag.py:3486} INFO - Setting next_dagrun for example_short_circuit_decorator to 2023-06-21T08:00:52.497633+00:00, run_after=2023-06-22T08:00:52.497633+00:00
[2023-06-22T15:00:52.515+0700] {processor.py:179} INFO - Processing /Users/macbook/Documents/Documents_MacBook_Pro/ISTT/AirflowTutorial/envlibs/lib/python3.10/site-packages/airflow/example_dags/example_short_circuit_decorator.py took 0.887 seconds
[2023-06-22T15:02:53.665+0700] {processor.py:157} INFO - Started process (PID=13087) to work on /Users/macbook/Documents/Documents_MacBook_Pro/ISTT/AirflowTutorial/envlibs/lib/python3.10/site-packages/airflow/example_dags/example_short_circuit_decorator.py
[2023-06-22T15:02:53.666+0700] {processor.py:826} INFO - Processing file /Users/macbook/Documents/Documents_MacBook_Pro/ISTT/AirflowTutorial/envlibs/lib/python3.10/site-packages/airflow/example_dags/example_short_circuit_decorator.py for tasks to queue
[2023-06-22T15:02:53.667+0700] {logging_mixin.py:149} INFO - [2023-06-22T15:02:53.667+0700] {dagbag.py:541} INFO - Filling up the DagBag from /Users/macbook/Documents/Documents_MacBook_Pro/ISTT/AirflowTutorial/envlibs/lib/python3.10/site-packages/airflow/example_dags/example_short_circuit_decorator.py
[2023-06-22T15:02:53.723+0700] {processor.py:836} INFO - DAG(s) dict_keys(['example_short_circuit_decorator']) retrieved from /Users/macbook/Documents/Documents_MacBook_Pro/ISTT/AirflowTutorial/envlibs/lib/python3.10/site-packages/airflow/example_dags/example_short_circuit_decorator.py
[2023-06-22T15:02:54.586+0700] {logging_mixin.py:149} INFO - [2023-06-22T15:02:54.586+0700] {dag.py:2726} INFO - Sync 1 DAGs
[2023-06-22T15:02:54.602+0700] {logging_mixin.py:149} INFO - [2023-06-22T15:02:54.602+0700] {dag.py:3486} INFO - Setting next_dagrun for example_short_circuit_decorator to 2023-06-21T08:02:54.602054+00:00, run_after=2023-06-22T08:02:54.602054+00:00
[2023-06-22T15:02:54.620+0700] {processor.py:179} INFO - Processing /Users/macbook/Documents/Documents_MacBook_Pro/ISTT/AirflowTutorial/envlibs/lib/python3.10/site-packages/airflow/example_dags/example_short_circuit_decorator.py took 0.956 seconds
[2023-06-22T15:04:53.871+0700] {processor.py:157} INFO - Started process (PID=13145) to work on /Users/macbook/Documents/Documents_MacBook_Pro/ISTT/AirflowTutorial/envlibs/lib/python3.10/site-packages/airflow/example_dags/example_short_circuit_decorator.py
[2023-06-22T15:04:53.873+0700] {processor.py:826} INFO - Processing file /Users/macbook/Documents/Documents_MacBook_Pro/ISTT/AirflowTutorial/envlibs/lib/python3.10/site-packages/airflow/example_dags/example_short_circuit_decorator.py for tasks to queue
[2023-06-22T15:04:53.873+0700] {logging_mixin.py:149} INFO - [2023-06-22T15:04:53.873+0700] {dagbag.py:541} INFO - Filling up the DagBag from /Users/macbook/Documents/Documents_MacBook_Pro/ISTT/AirflowTutorial/envlibs/lib/python3.10/site-packages/airflow/example_dags/example_short_circuit_decorator.py
[2023-06-22T15:04:53.930+0700] {processor.py:836} INFO - DAG(s) dict_keys(['example_short_circuit_decorator']) retrieved from /Users/macbook/Documents/Documents_MacBook_Pro/ISTT/AirflowTutorial/envlibs/lib/python3.10/site-packages/airflow/example_dags/example_short_circuit_decorator.py
[2023-06-22T15:04:54.699+0700] {logging_mixin.py:149} INFO - [2023-06-22T15:04:54.699+0700] {dag.py:2726} INFO - Sync 1 DAGs
[2023-06-22T15:04:54.714+0700] {logging_mixin.py:149} INFO - [2023-06-22T15:04:54.714+0700] {dag.py:3486} INFO - Setting next_dagrun for example_short_circuit_decorator to 2023-06-21T08:04:54.714471+00:00, run_after=2023-06-22T08:04:54.714471+00:00
[2023-06-22T15:04:54.731+0700] {processor.py:179} INFO - Processing /Users/macbook/Documents/Documents_MacBook_Pro/ISTT/AirflowTutorial/envlibs/lib/python3.10/site-packages/airflow/example_dags/example_short_circuit_decorator.py took 0.860 seconds
[2023-06-22T15:07:04.127+0700] {processor.py:157} INFO - Started process (PID=13249) to work on /Users/macbook/Documents/Documents_MacBook_Pro/ISTT/AirflowTutorial/envlibs/lib/python3.10/site-packages/airflow/example_dags/example_short_circuit_decorator.py
[2023-06-22T15:07:04.128+0700] {processor.py:826} INFO - Processing file /Users/macbook/Documents/Documents_MacBook_Pro/ISTT/AirflowTutorial/envlibs/lib/python3.10/site-packages/airflow/example_dags/example_short_circuit_decorator.py for tasks to queue
[2023-06-22T15:07:04.129+0700] {logging_mixin.py:149} INFO - [2023-06-22T15:07:04.129+0700] {dagbag.py:541} INFO - Filling up the DagBag from /Users/macbook/Documents/Documents_MacBook_Pro/ISTT/AirflowTutorial/envlibs/lib/python3.10/site-packages/airflow/example_dags/example_short_circuit_decorator.py
[2023-06-22T15:07:04.185+0700] {processor.py:836} INFO - DAG(s) dict_keys(['example_short_circuit_decorator']) retrieved from /Users/macbook/Documents/Documents_MacBook_Pro/ISTT/AirflowTutorial/envlibs/lib/python3.10/site-packages/airflow/example_dags/example_short_circuit_decorator.py
[2023-06-22T15:07:04.968+0700] {logging_mixin.py:149} INFO - [2023-06-22T15:07:04.968+0700] {dag.py:2726} INFO - Sync 1 DAGs
[2023-06-22T15:07:04.985+0700] {logging_mixin.py:149} INFO - [2023-06-22T15:07:04.984+0700] {dag.py:3486} INFO - Setting next_dagrun for example_short_circuit_decorator to 2023-06-21T08:07:04.984823+00:00, run_after=2023-06-22T08:07:04.984823+00:00
[2023-06-22T15:07:05.003+0700] {processor.py:179} INFO - Processing /Users/macbook/Documents/Documents_MacBook_Pro/ISTT/AirflowTutorial/envlibs/lib/python3.10/site-packages/airflow/example_dags/example_short_circuit_decorator.py took 0.877 seconds
[2023-06-22T15:09:04.780+0700] {processor.py:157} INFO - Started process (PID=13300) to work on /Users/macbook/Documents/Documents_MacBook_Pro/ISTT/AirflowTutorial/envlibs/lib/python3.10/site-packages/airflow/example_dags/example_short_circuit_decorator.py
[2023-06-22T15:09:04.780+0700] {processor.py:826} INFO - Processing file /Users/macbook/Documents/Documents_MacBook_Pro/ISTT/AirflowTutorial/envlibs/lib/python3.10/site-packages/airflow/example_dags/example_short_circuit_decorator.py for tasks to queue
[2023-06-22T15:09:04.781+0700] {logging_mixin.py:149} INFO - [2023-06-22T15:09:04.781+0700] {dagbag.py:541} INFO - Filling up the DagBag from /Users/macbook/Documents/Documents_MacBook_Pro/ISTT/AirflowTutorial/envlibs/lib/python3.10/site-packages/airflow/example_dags/example_short_circuit_decorator.py
[2023-06-22T15:09:04.830+0700] {processor.py:836} INFO - DAG(s) dict_keys(['example_short_circuit_decorator']) retrieved from /Users/macbook/Documents/Documents_MacBook_Pro/ISTT/AirflowTutorial/envlibs/lib/python3.10/site-packages/airflow/example_dags/example_short_circuit_decorator.py
[2023-06-22T15:09:05.537+0700] {logging_mixin.py:149} INFO - [2023-06-22T15:09:05.537+0700] {dag.py:2726} INFO - Sync 1 DAGs
[2023-06-22T15:09:05.553+0700] {logging_mixin.py:149} INFO - [2023-06-22T15:09:05.552+0700] {dag.py:3486} INFO - Setting next_dagrun for example_short_circuit_decorator to 2023-06-21T08:09:05.552664+00:00, run_after=2023-06-22T08:09:05.552664+00:00
[2023-06-22T15:09:05.571+0700] {processor.py:179} INFO - Processing /Users/macbook/Documents/Documents_MacBook_Pro/ISTT/AirflowTutorial/envlibs/lib/python3.10/site-packages/airflow/example_dags/example_short_circuit_decorator.py took 0.792 seconds
[2023-06-22T15:11:10.914+0700] {processor.py:157} INFO - Started process (PID=13396) to work on /Users/macbook/Documents/Documents_MacBook_Pro/ISTT/AirflowTutorial/envlibs/lib/python3.10/site-packages/airflow/example_dags/example_short_circuit_decorator.py
[2023-06-22T15:11:10.916+0700] {processor.py:826} INFO - Processing file /Users/macbook/Documents/Documents_MacBook_Pro/ISTT/AirflowTutorial/envlibs/lib/python3.10/site-packages/airflow/example_dags/example_short_circuit_decorator.py for tasks to queue
[2023-06-22T15:11:10.917+0700] {logging_mixin.py:149} INFO - [2023-06-22T15:11:10.916+0700] {dagbag.py:541} INFO - Filling up the DagBag from /Users/macbook/Documents/Documents_MacBook_Pro/ISTT/AirflowTutorial/envlibs/lib/python3.10/site-packages/airflow/example_dags/example_short_circuit_decorator.py
[2023-06-22T15:11:10.976+0700] {processor.py:836} INFO - DAG(s) dict_keys(['example_short_circuit_decorator']) retrieved from /Users/macbook/Documents/Documents_MacBook_Pro/ISTT/AirflowTutorial/envlibs/lib/python3.10/site-packages/airflow/example_dags/example_short_circuit_decorator.py
[2023-06-22T15:11:11.910+0700] {logging_mixin.py:149} INFO - [2023-06-22T15:11:11.910+0700] {dag.py:2726} INFO - Sync 1 DAGs
[2023-06-22T15:11:11.927+0700] {logging_mixin.py:149} INFO - [2023-06-22T15:11:11.927+0700] {dag.py:3486} INFO - Setting next_dagrun for example_short_circuit_decorator to 2023-06-21T08:11:11.927658+00:00, run_after=2023-06-22T08:11:11.927658+00:00
[2023-06-22T15:11:11.946+0700] {processor.py:179} INFO - Processing /Users/macbook/Documents/Documents_MacBook_Pro/ISTT/AirflowTutorial/envlibs/lib/python3.10/site-packages/airflow/example_dags/example_short_circuit_decorator.py took 1.033 seconds
[2023-06-22T15:13:16.106+0700] {processor.py:157} INFO - Started process (PID=13476) to work on /Users/macbook/Documents/Documents_MacBook_Pro/ISTT/AirflowTutorial/envlibs/lib/python3.10/site-packages/airflow/example_dags/example_short_circuit_decorator.py
[2023-06-22T15:13:16.108+0700] {processor.py:826} INFO - Processing file /Users/macbook/Documents/Documents_MacBook_Pro/ISTT/AirflowTutorial/envlibs/lib/python3.10/site-packages/airflow/example_dags/example_short_circuit_decorator.py for tasks to queue
[2023-06-22T15:13:16.108+0700] {logging_mixin.py:149} INFO - [2023-06-22T15:13:16.108+0700] {dagbag.py:541} INFO - Filling up the DagBag from /Users/macbook/Documents/Documents_MacBook_Pro/ISTT/AirflowTutorial/envlibs/lib/python3.10/site-packages/airflow/example_dags/example_short_circuit_decorator.py
[2023-06-22T15:13:16.174+0700] {processor.py:836} INFO - DAG(s) dict_keys(['example_short_circuit_decorator']) retrieved from /Users/macbook/Documents/Documents_MacBook_Pro/ISTT/AirflowTutorial/envlibs/lib/python3.10/site-packages/airflow/example_dags/example_short_circuit_decorator.py
[2023-06-22T15:13:17.009+0700] {logging_mixin.py:149} INFO - [2023-06-22T15:13:17.009+0700] {dag.py:2726} INFO - Sync 1 DAGs
[2023-06-22T15:13:17.027+0700] {logging_mixin.py:149} INFO - [2023-06-22T15:13:17.027+0700] {dag.py:3486} INFO - Setting next_dagrun for example_short_circuit_decorator to 2023-06-21T08:13:17.027069+00:00, run_after=2023-06-22T08:13:17.027069+00:00
[2023-06-22T15:13:17.047+0700] {processor.py:179} INFO - Processing /Users/macbook/Documents/Documents_MacBook_Pro/ISTT/AirflowTutorial/envlibs/lib/python3.10/site-packages/airflow/example_dags/example_short_circuit_decorator.py took 0.942 seconds
[2023-06-22T15:15:21.592+0700] {processor.py:157} INFO - Started process (PID=13548) to work on /Users/macbook/Documents/Documents_MacBook_Pro/ISTT/AirflowTutorial/envlibs/lib/python3.10/site-packages/airflow/example_dags/example_short_circuit_decorator.py
[2023-06-22T15:15:21.593+0700] {processor.py:826} INFO - Processing file /Users/macbook/Documents/Documents_MacBook_Pro/ISTT/AirflowTutorial/envlibs/lib/python3.10/site-packages/airflow/example_dags/example_short_circuit_decorator.py for tasks to queue
[2023-06-22T15:15:21.594+0700] {logging_mixin.py:149} INFO - [2023-06-22T15:15:21.594+0700] {dagbag.py:541} INFO - Filling up the DagBag from /Users/macbook/Documents/Documents_MacBook_Pro/ISTT/AirflowTutorial/envlibs/lib/python3.10/site-packages/airflow/example_dags/example_short_circuit_decorator.py
[2023-06-22T15:15:21.657+0700] {processor.py:836} INFO - DAG(s) dict_keys(['example_short_circuit_decorator']) retrieved from /Users/macbook/Documents/Documents_MacBook_Pro/ISTT/AirflowTutorial/envlibs/lib/python3.10/site-packages/airflow/example_dags/example_short_circuit_decorator.py
[2023-06-22T15:15:22.780+0700] {logging_mixin.py:149} INFO - [2023-06-22T15:15:22.779+0700] {dag.py:2726} INFO - Sync 1 DAGs
[2023-06-22T15:15:22.798+0700] {logging_mixin.py:149} INFO - [2023-06-22T15:15:22.798+0700] {dag.py:3486} INFO - Setting next_dagrun for example_short_circuit_decorator to 2023-06-21T08:15:22.798310+00:00, run_after=2023-06-22T08:15:22.798310+00:00
[2023-06-22T15:15:22.820+0700] {processor.py:179} INFO - Processing /Users/macbook/Documents/Documents_MacBook_Pro/ISTT/AirflowTutorial/envlibs/lib/python3.10/site-packages/airflow/example_dags/example_short_circuit_decorator.py took 1.230 seconds
[2023-06-22T15:17:32.818+0700] {processor.py:157} INFO - Started process (PID=13632) to work on /Users/macbook/Documents/Documents_MacBook_Pro/ISTT/AirflowTutorial/envlibs/lib/python3.10/site-packages/airflow/example_dags/example_short_circuit_decorator.py
[2023-06-22T15:17:32.819+0700] {processor.py:826} INFO - Processing file /Users/macbook/Documents/Documents_MacBook_Pro/ISTT/AirflowTutorial/envlibs/lib/python3.10/site-packages/airflow/example_dags/example_short_circuit_decorator.py for tasks to queue
[2023-06-22T15:17:32.820+0700] {logging_mixin.py:149} INFO - [2023-06-22T15:17:32.820+0700] {dagbag.py:541} INFO - Filling up the DagBag from /Users/macbook/Documents/Documents_MacBook_Pro/ISTT/AirflowTutorial/envlibs/lib/python3.10/site-packages/airflow/example_dags/example_short_circuit_decorator.py
[2023-06-22T15:17:32.868+0700] {processor.py:836} INFO - DAG(s) dict_keys(['example_short_circuit_decorator']) retrieved from /Users/macbook/Documents/Documents_MacBook_Pro/ISTT/AirflowTutorial/envlibs/lib/python3.10/site-packages/airflow/example_dags/example_short_circuit_decorator.py
[2023-06-22T15:17:33.548+0700] {logging_mixin.py:149} INFO - [2023-06-22T15:17:33.548+0700] {dag.py:2726} INFO - Sync 1 DAGs
[2023-06-22T15:17:33.563+0700] {logging_mixin.py:149} INFO - [2023-06-22T15:17:33.562+0700] {dag.py:3486} INFO - Setting next_dagrun for example_short_circuit_decorator to 2023-06-21T08:17:33.562748+00:00, run_after=2023-06-22T08:17:33.562748+00:00
[2023-06-22T15:17:33.580+0700] {processor.py:179} INFO - Processing /Users/macbook/Documents/Documents_MacBook_Pro/ISTT/AirflowTutorial/envlibs/lib/python3.10/site-packages/airflow/example_dags/example_short_circuit_decorator.py took 0.762 seconds
[2023-06-22T15:19:32.007+0700] {processor.py:157} INFO - Started process (PID=13724) to work on /Users/macbook/Documents/Documents_MacBook_Pro/ISTT/AirflowTutorial/envlibs/lib/python3.10/site-packages/airflow/example_dags/example_short_circuit_decorator.py
[2023-06-22T15:19:32.009+0700] {processor.py:826} INFO - Processing file /Users/macbook/Documents/Documents_MacBook_Pro/ISTT/AirflowTutorial/envlibs/lib/python3.10/site-packages/airflow/example_dags/example_short_circuit_decorator.py for tasks to queue
[2023-06-22T15:19:32.010+0700] {logging_mixin.py:149} INFO - [2023-06-22T15:19:32.010+0700] {dagbag.py:541} INFO - Filling up the DagBag from /Users/macbook/Documents/Documents_MacBook_Pro/ISTT/AirflowTutorial/envlibs/lib/python3.10/site-packages/airflow/example_dags/example_short_circuit_decorator.py
[2023-06-22T15:19:32.062+0700] {processor.py:836} INFO - DAG(s) dict_keys(['example_short_circuit_decorator']) retrieved from /Users/macbook/Documents/Documents_MacBook_Pro/ISTT/AirflowTutorial/envlibs/lib/python3.10/site-packages/airflow/example_dags/example_short_circuit_decorator.py
[2023-06-22T15:19:32.784+0700] {logging_mixin.py:149} INFO - [2023-06-22T15:19:32.784+0700] {dag.py:2726} INFO - Sync 1 DAGs
[2023-06-22T15:19:32.800+0700] {logging_mixin.py:149} INFO - [2023-06-22T15:19:32.799+0700] {dag.py:3486} INFO - Setting next_dagrun for example_short_circuit_decorator to 2023-06-21T08:19:32.799785+00:00, run_after=2023-06-22T08:19:32.799785+00:00
[2023-06-22T15:19:32.820+0700] {processor.py:179} INFO - Processing /Users/macbook/Documents/Documents_MacBook_Pro/ISTT/AirflowTutorial/envlibs/lib/python3.10/site-packages/airflow/example_dags/example_short_circuit_decorator.py took 0.813 seconds
[2023-06-22T15:21:33.372+0700] {processor.py:157} INFO - Started process (PID=13780) to work on /Users/macbook/Documents/Documents_MacBook_Pro/ISTT/AirflowTutorial/envlibs/lib/python3.10/site-packages/airflow/example_dags/example_short_circuit_decorator.py
[2023-06-22T15:21:33.374+0700] {processor.py:826} INFO - Processing file /Users/macbook/Documents/Documents_MacBook_Pro/ISTT/AirflowTutorial/envlibs/lib/python3.10/site-packages/airflow/example_dags/example_short_circuit_decorator.py for tasks to queue
[2023-06-22T15:21:33.374+0700] {logging_mixin.py:149} INFO - [2023-06-22T15:21:33.374+0700] {dagbag.py:541} INFO - Filling up the DagBag from /Users/macbook/Documents/Documents_MacBook_Pro/ISTT/AirflowTutorial/envlibs/lib/python3.10/site-packages/airflow/example_dags/example_short_circuit_decorator.py
[2023-06-22T15:21:33.428+0700] {processor.py:836} INFO - DAG(s) dict_keys(['example_short_circuit_decorator']) retrieved from /Users/macbook/Documents/Documents_MacBook_Pro/ISTT/AirflowTutorial/envlibs/lib/python3.10/site-packages/airflow/example_dags/example_short_circuit_decorator.py
[2023-06-22T15:21:34.163+0700] {logging_mixin.py:149} INFO - [2023-06-22T15:21:34.163+0700] {dag.py:2726} INFO - Sync 1 DAGs
[2023-06-22T15:21:34.180+0700] {logging_mixin.py:149} INFO - [2023-06-22T15:21:34.179+0700] {dag.py:3486} INFO - Setting next_dagrun for example_short_circuit_decorator to 2023-06-21T08:21:34.179830+00:00, run_after=2023-06-22T08:21:34.179830+00:00
[2023-06-22T15:21:34.197+0700] {processor.py:179} INFO - Processing /Users/macbook/Documents/Documents_MacBook_Pro/ISTT/AirflowTutorial/envlibs/lib/python3.10/site-packages/airflow/example_dags/example_short_circuit_decorator.py took 0.826 seconds
[2023-06-22T15:23:47.532+0700] {processor.py:157} INFO - Started process (PID=13849) to work on /Users/macbook/Documents/Documents_MacBook_Pro/ISTT/AirflowTutorial/envlibs/lib/python3.10/site-packages/airflow/example_dags/example_short_circuit_decorator.py
[2023-06-22T15:23:47.533+0700] {processor.py:826} INFO - Processing file /Users/macbook/Documents/Documents_MacBook_Pro/ISTT/AirflowTutorial/envlibs/lib/python3.10/site-packages/airflow/example_dags/example_short_circuit_decorator.py for tasks to queue
[2023-06-22T15:23:47.534+0700] {logging_mixin.py:149} INFO - [2023-06-22T15:23:47.534+0700] {dagbag.py:541} INFO - Filling up the DagBag from /Users/macbook/Documents/Documents_MacBook_Pro/ISTT/AirflowTutorial/envlibs/lib/python3.10/site-packages/airflow/example_dags/example_short_circuit_decorator.py
[2023-06-22T15:23:47.599+0700] {processor.py:836} INFO - DAG(s) dict_keys(['example_short_circuit_decorator']) retrieved from /Users/macbook/Documents/Documents_MacBook_Pro/ISTT/AirflowTutorial/envlibs/lib/python3.10/site-packages/airflow/example_dags/example_short_circuit_decorator.py
[2023-06-22T15:23:48.409+0700] {logging_mixin.py:149} INFO - [2023-06-22T15:23:48.408+0700] {dag.py:2726} INFO - Sync 1 DAGs
[2023-06-22T15:23:48.429+0700] {logging_mixin.py:149} INFO - [2023-06-22T15:23:48.429+0700] {dag.py:3486} INFO - Setting next_dagrun for example_short_circuit_decorator to 2023-06-21T08:23:48.429543+00:00, run_after=2023-06-22T08:23:48.429543+00:00
[2023-06-22T15:23:48.451+0700] {processor.py:179} INFO - Processing /Users/macbook/Documents/Documents_MacBook_Pro/ISTT/AirflowTutorial/envlibs/lib/python3.10/site-packages/airflow/example_dags/example_short_circuit_decorator.py took 0.920 seconds
[2023-06-22T15:26:03.210+0700] {processor.py:157} INFO - Started process (PID=13906) to work on /Users/macbook/Documents/Documents_MacBook_Pro/ISTT/AirflowTutorial/envlibs/lib/python3.10/site-packages/airflow/example_dags/example_short_circuit_decorator.py
[2023-06-22T15:26:03.212+0700] {processor.py:826} INFO - Processing file /Users/macbook/Documents/Documents_MacBook_Pro/ISTT/AirflowTutorial/envlibs/lib/python3.10/site-packages/airflow/example_dags/example_short_circuit_decorator.py for tasks to queue
[2023-06-22T15:26:03.213+0700] {logging_mixin.py:149} INFO - [2023-06-22T15:26:03.213+0700] {dagbag.py:541} INFO - Filling up the DagBag from /Users/macbook/Documents/Documents_MacBook_Pro/ISTT/AirflowTutorial/envlibs/lib/python3.10/site-packages/airflow/example_dags/example_short_circuit_decorator.py
[2023-06-22T15:26:03.274+0700] {processor.py:836} INFO - DAG(s) dict_keys(['example_short_circuit_decorator']) retrieved from /Users/macbook/Documents/Documents_MacBook_Pro/ISTT/AirflowTutorial/envlibs/lib/python3.10/site-packages/airflow/example_dags/example_short_circuit_decorator.py
[2023-06-22T15:26:04.205+0700] {logging_mixin.py:149} INFO - [2023-06-22T15:26:04.205+0700] {dag.py:2726} INFO - Sync 1 DAGs
[2023-06-22T15:26:04.223+0700] {logging_mixin.py:149} INFO - [2023-06-22T15:26:04.223+0700] {dag.py:3486} INFO - Setting next_dagrun for example_short_circuit_decorator to 2023-06-21T08:26:04.223617+00:00, run_after=2023-06-22T08:26:04.223617+00:00
[2023-06-22T15:26:04.244+0700] {processor.py:179} INFO - Processing /Users/macbook/Documents/Documents_MacBook_Pro/ISTT/AirflowTutorial/envlibs/lib/python3.10/site-packages/airflow/example_dags/example_short_circuit_decorator.py took 1.034 seconds
[2023-06-22T15:28:13.025+0700] {processor.py:157} INFO - Started process (PID=13961) to work on /Users/macbook/Documents/Documents_MacBook_Pro/ISTT/AirflowTutorial/envlibs/lib/python3.10/site-packages/airflow/example_dags/example_short_circuit_decorator.py
[2023-06-22T15:28:13.026+0700] {processor.py:826} INFO - Processing file /Users/macbook/Documents/Documents_MacBook_Pro/ISTT/AirflowTutorial/envlibs/lib/python3.10/site-packages/airflow/example_dags/example_short_circuit_decorator.py for tasks to queue
[2023-06-22T15:28:13.027+0700] {logging_mixin.py:149} INFO - [2023-06-22T15:28:13.027+0700] {dagbag.py:541} INFO - Filling up the DagBag from /Users/macbook/Documents/Documents_MacBook_Pro/ISTT/AirflowTutorial/envlibs/lib/python3.10/site-packages/airflow/example_dags/example_short_circuit_decorator.py
[2023-06-22T15:28:13.091+0700] {processor.py:836} INFO - DAG(s) dict_keys(['example_short_circuit_decorator']) retrieved from /Users/macbook/Documents/Documents_MacBook_Pro/ISTT/AirflowTutorial/envlibs/lib/python3.10/site-packages/airflow/example_dags/example_short_circuit_decorator.py
[2023-06-22T15:28:13.835+0700] {logging_mixin.py:149} INFO - [2023-06-22T15:28:13.835+0700] {dag.py:2726} INFO - Sync 1 DAGs
[2023-06-22T15:28:13.850+0700] {logging_mixin.py:149} INFO - [2023-06-22T15:28:13.850+0700] {dag.py:3486} INFO - Setting next_dagrun for example_short_circuit_decorator to 2023-06-21T08:28:13.850288+00:00, run_after=2023-06-22T08:28:13.850288+00:00
[2023-06-22T15:28:13.867+0700] {processor.py:179} INFO - Processing /Users/macbook/Documents/Documents_MacBook_Pro/ISTT/AirflowTutorial/envlibs/lib/python3.10/site-packages/airflow/example_dags/example_short_circuit_decorator.py took 0.843 seconds
[2023-06-22T15:30:21.333+0700] {processor.py:157} INFO - Started process (PID=14017) to work on /Users/macbook/Documents/Documents_MacBook_Pro/ISTT/AirflowTutorial/envlibs/lib/python3.10/site-packages/airflow/example_dags/example_short_circuit_decorator.py
[2023-06-22T15:30:21.334+0700] {processor.py:826} INFO - Processing file /Users/macbook/Documents/Documents_MacBook_Pro/ISTT/AirflowTutorial/envlibs/lib/python3.10/site-packages/airflow/example_dags/example_short_circuit_decorator.py for tasks to queue
[2023-06-22T15:30:21.335+0700] {logging_mixin.py:149} INFO - [2023-06-22T15:30:21.334+0700] {dagbag.py:541} INFO - Filling up the DagBag from /Users/macbook/Documents/Documents_MacBook_Pro/ISTT/AirflowTutorial/envlibs/lib/python3.10/site-packages/airflow/example_dags/example_short_circuit_decorator.py
[2023-06-22T15:30:21.392+0700] {processor.py:836} INFO - DAG(s) dict_keys(['example_short_circuit_decorator']) retrieved from /Users/macbook/Documents/Documents_MacBook_Pro/ISTT/AirflowTutorial/envlibs/lib/python3.10/site-packages/airflow/example_dags/example_short_circuit_decorator.py
[2023-06-22T15:30:22.207+0700] {logging_mixin.py:149} INFO - [2023-06-22T15:30:22.207+0700] {dag.py:2726} INFO - Sync 1 DAGs
[2023-06-22T15:30:22.226+0700] {logging_mixin.py:149} INFO - [2023-06-22T15:30:22.226+0700] {dag.py:3486} INFO - Setting next_dagrun for example_short_circuit_decorator to 2023-06-21T08:30:22.225970+00:00, run_after=2023-06-22T08:30:22.225970+00:00
[2023-06-22T15:30:22.244+0700] {processor.py:179} INFO - Processing /Users/macbook/Documents/Documents_MacBook_Pro/ISTT/AirflowTutorial/envlibs/lib/python3.10/site-packages/airflow/example_dags/example_short_circuit_decorator.py took 0.913 seconds
[2023-06-22T15:32:25.522+0700] {processor.py:157} INFO - Started process (PID=14085) to work on /Users/macbook/Documents/Documents_MacBook_Pro/ISTT/AirflowTutorial/envlibs/lib/python3.10/site-packages/airflow/example_dags/example_short_circuit_decorator.py
[2023-06-22T15:32:25.523+0700] {processor.py:826} INFO - Processing file /Users/macbook/Documents/Documents_MacBook_Pro/ISTT/AirflowTutorial/envlibs/lib/python3.10/site-packages/airflow/example_dags/example_short_circuit_decorator.py for tasks to queue
[2023-06-22T15:32:25.523+0700] {logging_mixin.py:149} INFO - [2023-06-22T15:32:25.523+0700] {dagbag.py:541} INFO - Filling up the DagBag from /Users/macbook/Documents/Documents_MacBook_Pro/ISTT/AirflowTutorial/envlibs/lib/python3.10/site-packages/airflow/example_dags/example_short_circuit_decorator.py
[2023-06-22T15:32:25.572+0700] {processor.py:836} INFO - DAG(s) dict_keys(['example_short_circuit_decorator']) retrieved from /Users/macbook/Documents/Documents_MacBook_Pro/ISTT/AirflowTutorial/envlibs/lib/python3.10/site-packages/airflow/example_dags/example_short_circuit_decorator.py
[2023-06-22T15:32:26.297+0700] {logging_mixin.py:149} INFO - [2023-06-22T15:32:26.296+0700] {dag.py:2726} INFO - Sync 1 DAGs
[2023-06-22T15:32:26.313+0700] {logging_mixin.py:149} INFO - [2023-06-22T15:32:26.313+0700] {dag.py:3486} INFO - Setting next_dagrun for example_short_circuit_decorator to 2023-06-21T08:32:26.313065+00:00, run_after=2023-06-22T08:32:26.313065+00:00
[2023-06-22T15:32:26.330+0700] {processor.py:179} INFO - Processing /Users/macbook/Documents/Documents_MacBook_Pro/ISTT/AirflowTutorial/envlibs/lib/python3.10/site-packages/airflow/example_dags/example_short_circuit_decorator.py took 0.809 seconds
[2023-06-22T15:34:30.094+0700] {processor.py:157} INFO - Started process (PID=14146) to work on /Users/macbook/Documents/Documents_MacBook_Pro/ISTT/AirflowTutorial/envlibs/lib/python3.10/site-packages/airflow/example_dags/example_short_circuit_decorator.py
[2023-06-22T15:34:30.096+0700] {processor.py:826} INFO - Processing file /Users/macbook/Documents/Documents_MacBook_Pro/ISTT/AirflowTutorial/envlibs/lib/python3.10/site-packages/airflow/example_dags/example_short_circuit_decorator.py for tasks to queue
[2023-06-22T15:34:30.097+0700] {logging_mixin.py:149} INFO - [2023-06-22T15:34:30.097+0700] {dagbag.py:541} INFO - Filling up the DagBag from /Users/macbook/Documents/Documents_MacBook_Pro/ISTT/AirflowTutorial/envlibs/lib/python3.10/site-packages/airflow/example_dags/example_short_circuit_decorator.py
[2023-06-22T15:34:30.162+0700] {processor.py:836} INFO - DAG(s) dict_keys(['example_short_circuit_decorator']) retrieved from /Users/macbook/Documents/Documents_MacBook_Pro/ISTT/AirflowTutorial/envlibs/lib/python3.10/site-packages/airflow/example_dags/example_short_circuit_decorator.py
[2023-06-22T15:34:31.091+0700] {logging_mixin.py:149} INFO - [2023-06-22T15:34:31.091+0700] {dag.py:2726} INFO - Sync 1 DAGs
[2023-06-22T15:34:31.110+0700] {logging_mixin.py:149} INFO - [2023-06-22T15:34:31.109+0700] {dag.py:3486} INFO - Setting next_dagrun for example_short_circuit_decorator to 2023-06-21T08:34:31.109791+00:00, run_after=2023-06-22T08:34:31.109791+00:00
[2023-06-22T15:34:31.132+0700] {processor.py:179} INFO - Processing /Users/macbook/Documents/Documents_MacBook_Pro/ISTT/AirflowTutorial/envlibs/lib/python3.10/site-packages/airflow/example_dags/example_short_circuit_decorator.py took 1.039 seconds
[2023-06-22T15:36:36.181+0700] {processor.py:157} INFO - Started process (PID=14198) to work on /Users/macbook/Documents/Documents_MacBook_Pro/ISTT/AirflowTutorial/envlibs/lib/python3.10/site-packages/airflow/example_dags/example_short_circuit_decorator.py
[2023-06-22T15:36:36.183+0700] {processor.py:826} INFO - Processing file /Users/macbook/Documents/Documents_MacBook_Pro/ISTT/AirflowTutorial/envlibs/lib/python3.10/site-packages/airflow/example_dags/example_short_circuit_decorator.py for tasks to queue
[2023-06-22T15:36:36.184+0700] {logging_mixin.py:149} INFO - [2023-06-22T15:36:36.184+0700] {dagbag.py:541} INFO - Filling up the DagBag from /Users/macbook/Documents/Documents_MacBook_Pro/ISTT/AirflowTutorial/envlibs/lib/python3.10/site-packages/airflow/example_dags/example_short_circuit_decorator.py
[2023-06-22T15:36:36.253+0700] {processor.py:836} INFO - DAG(s) dict_keys(['example_short_circuit_decorator']) retrieved from /Users/macbook/Documents/Documents_MacBook_Pro/ISTT/AirflowTutorial/envlibs/lib/python3.10/site-packages/airflow/example_dags/example_short_circuit_decorator.py
[2023-06-22T15:36:37.094+0700] {logging_mixin.py:149} INFO - [2023-06-22T15:36:37.093+0700] {dag.py:2726} INFO - Sync 1 DAGs
[2023-06-22T15:36:37.111+0700] {logging_mixin.py:149} INFO - [2023-06-22T15:36:37.111+0700] {dag.py:3486} INFO - Setting next_dagrun for example_short_circuit_decorator to 2023-06-21T08:36:37.111041+00:00, run_after=2023-06-22T08:36:37.111041+00:00
[2023-06-22T15:36:37.132+0700] {processor.py:179} INFO - Processing /Users/macbook/Documents/Documents_MacBook_Pro/ISTT/AirflowTutorial/envlibs/lib/python3.10/site-packages/airflow/example_dags/example_short_circuit_decorator.py took 0.951 seconds
[2023-06-22T15:38:49.349+0700] {processor.py:157} INFO - Started process (PID=14282) to work on /Users/macbook/Documents/Documents_MacBook_Pro/ISTT/AirflowTutorial/envlibs/lib/python3.10/site-packages/airflow/example_dags/example_short_circuit_decorator.py
[2023-06-22T15:38:49.350+0700] {processor.py:826} INFO - Processing file /Users/macbook/Documents/Documents_MacBook_Pro/ISTT/AirflowTutorial/envlibs/lib/python3.10/site-packages/airflow/example_dags/example_short_circuit_decorator.py for tasks to queue
[2023-06-22T15:38:49.351+0700] {logging_mixin.py:149} INFO - [2023-06-22T15:38:49.350+0700] {dagbag.py:541} INFO - Filling up the DagBag from /Users/macbook/Documents/Documents_MacBook_Pro/ISTT/AirflowTutorial/envlibs/lib/python3.10/site-packages/airflow/example_dags/example_short_circuit_decorator.py
[2023-06-22T15:38:49.414+0700] {processor.py:836} INFO - DAG(s) dict_keys(['example_short_circuit_decorator']) retrieved from /Users/macbook/Documents/Documents_MacBook_Pro/ISTT/AirflowTutorial/envlibs/lib/python3.10/site-packages/airflow/example_dags/example_short_circuit_decorator.py
[2023-06-22T15:38:50.247+0700] {logging_mixin.py:149} INFO - [2023-06-22T15:38:50.247+0700] {dag.py:2726} INFO - Sync 1 DAGs
[2023-06-22T15:38:50.266+0700] {logging_mixin.py:149} INFO - [2023-06-22T15:38:50.266+0700] {dag.py:3486} INFO - Setting next_dagrun for example_short_circuit_decorator to 2023-06-21T08:38:50.266554+00:00, run_after=2023-06-22T08:38:50.266554+00:00
[2023-06-22T15:38:50.288+0700] {processor.py:179} INFO - Processing /Users/macbook/Documents/Documents_MacBook_Pro/ISTT/AirflowTutorial/envlibs/lib/python3.10/site-packages/airflow/example_dags/example_short_circuit_decorator.py took 0.940 seconds
[2023-06-22T15:40:57.552+0700] {processor.py:157} INFO - Started process (PID=14340) to work on /Users/macbook/Documents/Documents_MacBook_Pro/ISTT/AirflowTutorial/envlibs/lib/python3.10/site-packages/airflow/example_dags/example_short_circuit_decorator.py
[2023-06-22T15:40:57.553+0700] {processor.py:826} INFO - Processing file /Users/macbook/Documents/Documents_MacBook_Pro/ISTT/AirflowTutorial/envlibs/lib/python3.10/site-packages/airflow/example_dags/example_short_circuit_decorator.py for tasks to queue
[2023-06-22T15:40:57.554+0700] {logging_mixin.py:149} INFO - [2023-06-22T15:40:57.554+0700] {dagbag.py:541} INFO - Filling up the DagBag from /Users/macbook/Documents/Documents_MacBook_Pro/ISTT/AirflowTutorial/envlibs/lib/python3.10/site-packages/airflow/example_dags/example_short_circuit_decorator.py
[2023-06-22T15:40:57.610+0700] {processor.py:836} INFO - DAG(s) dict_keys(['example_short_circuit_decorator']) retrieved from /Users/macbook/Documents/Documents_MacBook_Pro/ISTT/AirflowTutorial/envlibs/lib/python3.10/site-packages/airflow/example_dags/example_short_circuit_decorator.py
[2023-06-22T15:40:58.473+0700] {logging_mixin.py:149} INFO - [2023-06-22T15:40:58.473+0700] {dag.py:2726} INFO - Sync 1 DAGs
[2023-06-22T15:40:58.490+0700] {logging_mixin.py:149} INFO - [2023-06-22T15:40:58.489+0700] {dag.py:3486} INFO - Setting next_dagrun for example_short_circuit_decorator to 2023-06-21T08:40:58.489759+00:00, run_after=2023-06-22T08:40:58.489759+00:00
[2023-06-22T15:40:58.510+0700] {processor.py:179} INFO - Processing /Users/macbook/Documents/Documents_MacBook_Pro/ISTT/AirflowTutorial/envlibs/lib/python3.10/site-packages/airflow/example_dags/example_short_circuit_decorator.py took 0.959 seconds
[2023-06-22T15:43:09.813+0700] {processor.py:157} INFO - Started process (PID=14419) to work on /Users/macbook/Documents/Documents_MacBook_Pro/ISTT/AirflowTutorial/envlibs/lib/python3.10/site-packages/airflow/example_dags/example_short_circuit_decorator.py
[2023-06-22T15:43:09.814+0700] {processor.py:826} INFO - Processing file /Users/macbook/Documents/Documents_MacBook_Pro/ISTT/AirflowTutorial/envlibs/lib/python3.10/site-packages/airflow/example_dags/example_short_circuit_decorator.py for tasks to queue
[2023-06-22T15:43:09.815+0700] {logging_mixin.py:149} INFO - [2023-06-22T15:43:09.814+0700] {dagbag.py:541} INFO - Filling up the DagBag from /Users/macbook/Documents/Documents_MacBook_Pro/ISTT/AirflowTutorial/envlibs/lib/python3.10/site-packages/airflow/example_dags/example_short_circuit_decorator.py
[2023-06-22T15:43:09.869+0700] {processor.py:836} INFO - DAG(s) dict_keys(['example_short_circuit_decorator']) retrieved from /Users/macbook/Documents/Documents_MacBook_Pro/ISTT/AirflowTutorial/envlibs/lib/python3.10/site-packages/airflow/example_dags/example_short_circuit_decorator.py
[2023-06-22T15:43:10.620+0700] {logging_mixin.py:149} INFO - [2023-06-22T15:43:10.620+0700] {dag.py:2726} INFO - Sync 1 DAGs
[2023-06-22T15:43:10.638+0700] {logging_mixin.py:149} INFO - [2023-06-22T15:43:10.638+0700] {dag.py:3486} INFO - Setting next_dagrun for example_short_circuit_decorator to 2023-06-21T08:43:10.638602+00:00, run_after=2023-06-22T08:43:10.638602+00:00
[2023-06-22T15:43:10.657+0700] {processor.py:179} INFO - Processing /Users/macbook/Documents/Documents_MacBook_Pro/ISTT/AirflowTutorial/envlibs/lib/python3.10/site-packages/airflow/example_dags/example_short_circuit_decorator.py took 0.845 seconds
[2023-06-22T15:45:17.105+0700] {processor.py:157} INFO - Started process (PID=14477) to work on /Users/macbook/Documents/Documents_MacBook_Pro/ISTT/AirflowTutorial/envlibs/lib/python3.10/site-packages/airflow/example_dags/example_short_circuit_decorator.py
[2023-06-22T15:45:17.106+0700] {processor.py:826} INFO - Processing file /Users/macbook/Documents/Documents_MacBook_Pro/ISTT/AirflowTutorial/envlibs/lib/python3.10/site-packages/airflow/example_dags/example_short_circuit_decorator.py for tasks to queue
[2023-06-22T15:45:17.107+0700] {logging_mixin.py:149} INFO - [2023-06-22T15:45:17.107+0700] {dagbag.py:541} INFO - Filling up the DagBag from /Users/macbook/Documents/Documents_MacBook_Pro/ISTT/AirflowTutorial/envlibs/lib/python3.10/site-packages/airflow/example_dags/example_short_circuit_decorator.py
[2023-06-22T15:45:17.195+0700] {processor.py:836} INFO - DAG(s) dict_keys(['example_short_circuit_decorator']) retrieved from /Users/macbook/Documents/Documents_MacBook_Pro/ISTT/AirflowTutorial/envlibs/lib/python3.10/site-packages/airflow/example_dags/example_short_circuit_decorator.py
[2023-06-22T15:45:18.489+0700] {logging_mixin.py:149} INFO - [2023-06-22T15:45:18.489+0700] {dag.py:2726} INFO - Sync 1 DAGs
[2023-06-22T15:45:18.538+0700] {logging_mixin.py:149} INFO - [2023-06-22T15:45:18.538+0700] {dag.py:3486} INFO - Setting next_dagrun for example_short_circuit_decorator to 2023-06-21T08:45:18.538400+00:00, run_after=2023-06-22T08:45:18.538400+00:00
[2023-06-22T15:45:18.582+0700] {processor.py:179} INFO - Processing /Users/macbook/Documents/Documents_MacBook_Pro/ISTT/AirflowTutorial/envlibs/lib/python3.10/site-packages/airflow/example_dags/example_short_circuit_decorator.py took 1.478 seconds
[2023-06-22T15:47:30.882+0700] {processor.py:157} INFO - Started process (PID=14564) to work on /Users/macbook/Documents/Documents_MacBook_Pro/ISTT/AirflowTutorial/envlibs/lib/python3.10/site-packages/airflow/example_dags/example_short_circuit_decorator.py
[2023-06-22T15:47:30.883+0700] {processor.py:826} INFO - Processing file /Users/macbook/Documents/Documents_MacBook_Pro/ISTT/AirflowTutorial/envlibs/lib/python3.10/site-packages/airflow/example_dags/example_short_circuit_decorator.py for tasks to queue
[2023-06-22T15:47:30.884+0700] {logging_mixin.py:149} INFO - [2023-06-22T15:47:30.884+0700] {dagbag.py:541} INFO - Filling up the DagBag from /Users/macbook/Documents/Documents_MacBook_Pro/ISTT/AirflowTutorial/envlibs/lib/python3.10/site-packages/airflow/example_dags/example_short_circuit_decorator.py
[2023-06-22T15:47:30.956+0700] {processor.py:836} INFO - DAG(s) dict_keys(['example_short_circuit_decorator']) retrieved from /Users/macbook/Documents/Documents_MacBook_Pro/ISTT/AirflowTutorial/envlibs/lib/python3.10/site-packages/airflow/example_dags/example_short_circuit_decorator.py
[2023-06-22T15:47:31.739+0700] {logging_mixin.py:149} INFO - [2023-06-22T15:47:31.738+0700] {dag.py:2726} INFO - Sync 1 DAGs
[2023-06-22T15:47:31.764+0700] {logging_mixin.py:149} INFO - [2023-06-22T15:47:31.763+0700] {dag.py:3486} INFO - Setting next_dagrun for example_short_circuit_decorator to 2023-06-21T08:47:31.763750+00:00, run_after=2023-06-22T08:47:31.763750+00:00
[2023-06-22T15:47:31.790+0700] {processor.py:179} INFO - Processing /Users/macbook/Documents/Documents_MacBook_Pro/ISTT/AirflowTutorial/envlibs/lib/python3.10/site-packages/airflow/example_dags/example_short_circuit_decorator.py took 0.909 seconds
[2023-06-22T15:49:46.164+0700] {processor.py:157} INFO - Started process (PID=14646) to work on /Users/macbook/Documents/Documents_MacBook_Pro/ISTT/AirflowTutorial/envlibs/lib/python3.10/site-packages/airflow/example_dags/example_short_circuit_decorator.py
[2023-06-22T15:49:46.165+0700] {processor.py:826} INFO - Processing file /Users/macbook/Documents/Documents_MacBook_Pro/ISTT/AirflowTutorial/envlibs/lib/python3.10/site-packages/airflow/example_dags/example_short_circuit_decorator.py for tasks to queue
[2023-06-22T15:49:46.166+0700] {logging_mixin.py:149} INFO - [2023-06-22T15:49:46.166+0700] {dagbag.py:541} INFO - Filling up the DagBag from /Users/macbook/Documents/Documents_MacBook_Pro/ISTT/AirflowTutorial/envlibs/lib/python3.10/site-packages/airflow/example_dags/example_short_circuit_decorator.py
[2023-06-22T15:49:46.226+0700] {processor.py:836} INFO - DAG(s) dict_keys(['example_short_circuit_decorator']) retrieved from /Users/macbook/Documents/Documents_MacBook_Pro/ISTT/AirflowTutorial/envlibs/lib/python3.10/site-packages/airflow/example_dags/example_short_circuit_decorator.py
[2023-06-22T15:49:47.190+0700] {logging_mixin.py:149} INFO - [2023-06-22T15:49:47.190+0700] {dag.py:2726} INFO - Sync 1 DAGs
[2023-06-22T15:49:47.215+0700] {logging_mixin.py:149} INFO - [2023-06-22T15:49:47.215+0700] {dag.py:3486} INFO - Setting next_dagrun for example_short_circuit_decorator to 2023-06-21T08:49:47.215336+00:00, run_after=2023-06-22T08:49:47.215336+00:00
[2023-06-22T15:49:47.246+0700] {processor.py:179} INFO - Processing /Users/macbook/Documents/Documents_MacBook_Pro/ISTT/AirflowTutorial/envlibs/lib/python3.10/site-packages/airflow/example_dags/example_short_circuit_decorator.py took 1.083 seconds
[2023-06-22T15:51:57.270+0700] {processor.py:157} INFO - Started process (PID=14700) to work on /Users/macbook/Documents/Documents_MacBook_Pro/ISTT/AirflowTutorial/envlibs/lib/python3.10/site-packages/airflow/example_dags/example_short_circuit_decorator.py
[2023-06-22T15:51:57.272+0700] {processor.py:826} INFO - Processing file /Users/macbook/Documents/Documents_MacBook_Pro/ISTT/AirflowTutorial/envlibs/lib/python3.10/site-packages/airflow/example_dags/example_short_circuit_decorator.py for tasks to queue
[2023-06-22T15:51:57.273+0700] {logging_mixin.py:149} INFO - [2023-06-22T15:51:57.273+0700] {dagbag.py:541} INFO - Filling up the DagBag from /Users/macbook/Documents/Documents_MacBook_Pro/ISTT/AirflowTutorial/envlibs/lib/python3.10/site-packages/airflow/example_dags/example_short_circuit_decorator.py
[2023-06-22T15:51:57.331+0700] {processor.py:836} INFO - DAG(s) dict_keys(['example_short_circuit_decorator']) retrieved from /Users/macbook/Documents/Documents_MacBook_Pro/ISTT/AirflowTutorial/envlibs/lib/python3.10/site-packages/airflow/example_dags/example_short_circuit_decorator.py
[2023-06-22T15:51:58.167+0700] {logging_mixin.py:149} INFO - [2023-06-22T15:51:58.167+0700] {dag.py:2726} INFO - Sync 1 DAGs
[2023-06-22T15:51:58.184+0700] {logging_mixin.py:149} INFO - [2023-06-22T15:51:58.183+0700] {dag.py:3486} INFO - Setting next_dagrun for example_short_circuit_decorator to 2023-06-21T08:51:58.183846+00:00, run_after=2023-06-22T08:51:58.183846+00:00
[2023-06-22T15:51:58.204+0700] {processor.py:179} INFO - Processing /Users/macbook/Documents/Documents_MacBook_Pro/ISTT/AirflowTutorial/envlibs/lib/python3.10/site-packages/airflow/example_dags/example_short_circuit_decorator.py took 0.935 seconds
[2023-06-22T15:54:20.306+0700] {processor.py:157} INFO - Started process (PID=14820) to work on /Users/macbook/Documents/Documents_MacBook_Pro/ISTT/AirflowTutorial/envlibs/lib/python3.10/site-packages/airflow/example_dags/example_short_circuit_decorator.py
[2023-06-22T15:54:20.307+0700] {processor.py:826} INFO - Processing file /Users/macbook/Documents/Documents_MacBook_Pro/ISTT/AirflowTutorial/envlibs/lib/python3.10/site-packages/airflow/example_dags/example_short_circuit_decorator.py for tasks to queue
[2023-06-22T15:54:20.307+0700] {logging_mixin.py:149} INFO - [2023-06-22T15:54:20.307+0700] {dagbag.py:541} INFO - Filling up the DagBag from /Users/macbook/Documents/Documents_MacBook_Pro/ISTT/AirflowTutorial/envlibs/lib/python3.10/site-packages/airflow/example_dags/example_short_circuit_decorator.py
[2023-06-22T15:54:20.376+0700] {processor.py:836} INFO - DAG(s) dict_keys(['example_short_circuit_decorator']) retrieved from /Users/macbook/Documents/Documents_MacBook_Pro/ISTT/AirflowTutorial/envlibs/lib/python3.10/site-packages/airflow/example_dags/example_short_circuit_decorator.py
[2023-06-22T15:54:21.153+0700] {logging_mixin.py:149} INFO - [2023-06-22T15:54:21.153+0700] {dag.py:2726} INFO - Sync 1 DAGs
[2023-06-22T15:54:21.169+0700] {logging_mixin.py:149} INFO - [2023-06-22T15:54:21.169+0700] {dag.py:3486} INFO - Setting next_dagrun for example_short_circuit_decorator to 2023-06-21T08:54:21.169352+00:00, run_after=2023-06-22T08:54:21.169352+00:00
[2023-06-22T15:54:21.186+0700] {processor.py:179} INFO - Processing /Users/macbook/Documents/Documents_MacBook_Pro/ISTT/AirflowTutorial/envlibs/lib/python3.10/site-packages/airflow/example_dags/example_short_circuit_decorator.py took 0.881 seconds
[2023-06-22T15:56:31.698+0700] {processor.py:157} INFO - Started process (PID=14889) to work on /Users/macbook/Documents/Documents_MacBook_Pro/ISTT/AirflowTutorial/envlibs/lib/python3.10/site-packages/airflow/example_dags/example_short_circuit_decorator.py
[2023-06-22T15:56:31.699+0700] {processor.py:826} INFO - Processing file /Users/macbook/Documents/Documents_MacBook_Pro/ISTT/AirflowTutorial/envlibs/lib/python3.10/site-packages/airflow/example_dags/example_short_circuit_decorator.py for tasks to queue
[2023-06-22T15:56:31.700+0700] {logging_mixin.py:149} INFO - [2023-06-22T15:56:31.700+0700] {dagbag.py:541} INFO - Filling up the DagBag from /Users/macbook/Documents/Documents_MacBook_Pro/ISTT/AirflowTutorial/envlibs/lib/python3.10/site-packages/airflow/example_dags/example_short_circuit_decorator.py
[2023-06-22T15:56:31.755+0700] {processor.py:836} INFO - DAG(s) dict_keys(['example_short_circuit_decorator']) retrieved from /Users/macbook/Documents/Documents_MacBook_Pro/ISTT/AirflowTutorial/envlibs/lib/python3.10/site-packages/airflow/example_dags/example_short_circuit_decorator.py
[2023-06-22T15:56:32.607+0700] {logging_mixin.py:149} INFO - [2023-06-22T15:56:32.607+0700] {dag.py:2726} INFO - Sync 1 DAGs
[2023-06-22T15:56:32.624+0700] {logging_mixin.py:149} INFO - [2023-06-22T15:56:32.624+0700] {dag.py:3486} INFO - Setting next_dagrun for example_short_circuit_decorator to 2023-06-21T08:56:32.624217+00:00, run_after=2023-06-22T08:56:32.624217+00:00
[2023-06-22T15:56:32.644+0700] {processor.py:179} INFO - Processing /Users/macbook/Documents/Documents_MacBook_Pro/ISTT/AirflowTutorial/envlibs/lib/python3.10/site-packages/airflow/example_dags/example_short_circuit_decorator.py took 0.947 seconds
[2023-06-22T15:58:49.062+0700] {processor.py:157} INFO - Started process (PID=14953) to work on /Users/macbook/Documents/Documents_MacBook_Pro/ISTT/AirflowTutorial/envlibs/lib/python3.10/site-packages/airflow/example_dags/example_short_circuit_decorator.py
[2023-06-22T15:58:49.063+0700] {processor.py:826} INFO - Processing file /Users/macbook/Documents/Documents_MacBook_Pro/ISTT/AirflowTutorial/envlibs/lib/python3.10/site-packages/airflow/example_dags/example_short_circuit_decorator.py for tasks to queue
[2023-06-22T15:58:49.064+0700] {logging_mixin.py:149} INFO - [2023-06-22T15:58:49.064+0700] {dagbag.py:541} INFO - Filling up the DagBag from /Users/macbook/Documents/Documents_MacBook_Pro/ISTT/AirflowTutorial/envlibs/lib/python3.10/site-packages/airflow/example_dags/example_short_circuit_decorator.py
[2023-06-22T15:58:49.131+0700] {processor.py:836} INFO - DAG(s) dict_keys(['example_short_circuit_decorator']) retrieved from /Users/macbook/Documents/Documents_MacBook_Pro/ISTT/AirflowTutorial/envlibs/lib/python3.10/site-packages/airflow/example_dags/example_short_circuit_decorator.py
[2023-06-22T15:58:49.988+0700] {logging_mixin.py:149} INFO - [2023-06-22T15:58:49.987+0700] {dag.py:2726} INFO - Sync 1 DAGs
[2023-06-22T15:58:50.006+0700] {logging_mixin.py:149} INFO - [2023-06-22T15:58:50.006+0700] {dag.py:3486} INFO - Setting next_dagrun for example_short_circuit_decorator to 2023-06-21T08:58:50.006353+00:00, run_after=2023-06-22T08:58:50.006353+00:00
[2023-06-22T15:58:50.029+0700] {processor.py:179} INFO - Processing /Users/macbook/Documents/Documents_MacBook_Pro/ISTT/AirflowTutorial/envlibs/lib/python3.10/site-packages/airflow/example_dags/example_short_circuit_decorator.py took 0.968 seconds
[2023-06-22T16:01:04.389+0700] {processor.py:157} INFO - Started process (PID=15005) to work on /Users/macbook/Documents/Documents_MacBook_Pro/ISTT/AirflowTutorial/envlibs/lib/python3.10/site-packages/airflow/example_dags/example_short_circuit_decorator.py
[2023-06-22T16:01:04.390+0700] {processor.py:826} INFO - Processing file /Users/macbook/Documents/Documents_MacBook_Pro/ISTT/AirflowTutorial/envlibs/lib/python3.10/site-packages/airflow/example_dags/example_short_circuit_decorator.py for tasks to queue
[2023-06-22T16:01:04.390+0700] {logging_mixin.py:149} INFO - [2023-06-22T16:01:04.390+0700] {dagbag.py:541} INFO - Filling up the DagBag from /Users/macbook/Documents/Documents_MacBook_Pro/ISTT/AirflowTutorial/envlibs/lib/python3.10/site-packages/airflow/example_dags/example_short_circuit_decorator.py
[2023-06-22T16:01:04.454+0700] {processor.py:836} INFO - DAG(s) dict_keys(['example_short_circuit_decorator']) retrieved from /Users/macbook/Documents/Documents_MacBook_Pro/ISTT/AirflowTutorial/envlibs/lib/python3.10/site-packages/airflow/example_dags/example_short_circuit_decorator.py
[2023-06-22T16:01:05.421+0700] {logging_mixin.py:149} INFO - [2023-06-22T16:01:05.420+0700] {dag.py:2726} INFO - Sync 1 DAGs
[2023-06-22T16:01:05.439+0700] {logging_mixin.py:149} INFO - [2023-06-22T16:01:05.438+0700] {dag.py:3486} INFO - Setting next_dagrun for example_short_circuit_decorator to 2023-06-21T09:01:05.438714+00:00, run_after=2023-06-22T09:01:05.438714+00:00
[2023-06-22T16:01:05.461+0700] {processor.py:179} INFO - Processing /Users/macbook/Documents/Documents_MacBook_Pro/ISTT/AirflowTutorial/envlibs/lib/python3.10/site-packages/airflow/example_dags/example_short_circuit_decorator.py took 1.073 seconds
[2023-06-22T16:03:16.901+0700] {processor.py:157} INFO - Started process (PID=15069) to work on /Users/macbook/Documents/Documents_MacBook_Pro/ISTT/AirflowTutorial/envlibs/lib/python3.10/site-packages/airflow/example_dags/example_short_circuit_decorator.py
[2023-06-22T16:03:16.902+0700] {processor.py:826} INFO - Processing file /Users/macbook/Documents/Documents_MacBook_Pro/ISTT/AirflowTutorial/envlibs/lib/python3.10/site-packages/airflow/example_dags/example_short_circuit_decorator.py for tasks to queue
[2023-06-22T16:03:16.903+0700] {logging_mixin.py:149} INFO - [2023-06-22T16:03:16.903+0700] {dagbag.py:541} INFO - Filling up the DagBag from /Users/macbook/Documents/Documents_MacBook_Pro/ISTT/AirflowTutorial/envlibs/lib/python3.10/site-packages/airflow/example_dags/example_short_circuit_decorator.py
[2023-06-22T16:03:16.956+0700] {processor.py:836} INFO - DAG(s) dict_keys(['example_short_circuit_decorator']) retrieved from /Users/macbook/Documents/Documents_MacBook_Pro/ISTT/AirflowTutorial/envlibs/lib/python3.10/site-packages/airflow/example_dags/example_short_circuit_decorator.py
[2023-06-22T16:03:17.709+0700] {logging_mixin.py:149} INFO - [2023-06-22T16:03:17.709+0700] {dag.py:2726} INFO - Sync 1 DAGs
[2023-06-22T16:03:17.727+0700] {logging_mixin.py:149} INFO - [2023-06-22T16:03:17.727+0700] {dag.py:3486} INFO - Setting next_dagrun for example_short_circuit_decorator to 2023-06-21T09:03:17.726928+00:00, run_after=2023-06-22T09:03:17.726928+00:00
[2023-06-22T16:03:17.746+0700] {processor.py:179} INFO - Processing /Users/macbook/Documents/Documents_MacBook_Pro/ISTT/AirflowTutorial/envlibs/lib/python3.10/site-packages/airflow/example_dags/example_short_circuit_decorator.py took 0.846 seconds
[2023-06-22T16:05:29.636+0700] {processor.py:157} INFO - Started process (PID=15129) to work on /Users/macbook/Documents/Documents_MacBook_Pro/ISTT/AirflowTutorial/envlibs/lib/python3.10/site-packages/airflow/example_dags/example_short_circuit_decorator.py
[2023-06-22T16:05:29.638+0700] {processor.py:826} INFO - Processing file /Users/macbook/Documents/Documents_MacBook_Pro/ISTT/AirflowTutorial/envlibs/lib/python3.10/site-packages/airflow/example_dags/example_short_circuit_decorator.py for tasks to queue
[2023-06-22T16:05:29.639+0700] {logging_mixin.py:149} INFO - [2023-06-22T16:05:29.639+0700] {dagbag.py:541} INFO - Filling up the DagBag from /Users/macbook/Documents/Documents_MacBook_Pro/ISTT/AirflowTutorial/envlibs/lib/python3.10/site-packages/airflow/example_dags/example_short_circuit_decorator.py
[2023-06-22T16:05:29.694+0700] {processor.py:836} INFO - DAG(s) dict_keys(['example_short_circuit_decorator']) retrieved from /Users/macbook/Documents/Documents_MacBook_Pro/ISTT/AirflowTutorial/envlibs/lib/python3.10/site-packages/airflow/example_dags/example_short_circuit_decorator.py
[2023-06-22T16:05:30.494+0700] {logging_mixin.py:149} INFO - [2023-06-22T16:05:30.494+0700] {dag.py:2726} INFO - Sync 1 DAGs
[2023-06-22T16:05:30.515+0700] {logging_mixin.py:149} INFO - [2023-06-22T16:05:30.515+0700] {dag.py:3486} INFO - Setting next_dagrun for example_short_circuit_decorator to 2023-06-21T09:05:30.515551+00:00, run_after=2023-06-22T09:05:30.515551+00:00
[2023-06-22T16:05:30.537+0700] {processor.py:179} INFO - Processing /Users/macbook/Documents/Documents_MacBook_Pro/ISTT/AirflowTutorial/envlibs/lib/python3.10/site-packages/airflow/example_dags/example_short_circuit_decorator.py took 0.901 seconds
[2023-06-22T16:07:35.044+0700] {processor.py:157} INFO - Started process (PID=15192) to work on /Users/macbook/Documents/Documents_MacBook_Pro/ISTT/AirflowTutorial/envlibs/lib/python3.10/site-packages/airflow/example_dags/example_short_circuit_decorator.py
[2023-06-22T16:07:35.046+0700] {processor.py:826} INFO - Processing file /Users/macbook/Documents/Documents_MacBook_Pro/ISTT/AirflowTutorial/envlibs/lib/python3.10/site-packages/airflow/example_dags/example_short_circuit_decorator.py for tasks to queue
[2023-06-22T16:07:35.047+0700] {logging_mixin.py:149} INFO - [2023-06-22T16:07:35.046+0700] {dagbag.py:541} INFO - Filling up the DagBag from /Users/macbook/Documents/Documents_MacBook_Pro/ISTT/AirflowTutorial/envlibs/lib/python3.10/site-packages/airflow/example_dags/example_short_circuit_decorator.py
[2023-06-22T16:07:35.105+0700] {processor.py:836} INFO - DAG(s) dict_keys(['example_short_circuit_decorator']) retrieved from /Users/macbook/Documents/Documents_MacBook_Pro/ISTT/AirflowTutorial/envlibs/lib/python3.10/site-packages/airflow/example_dags/example_short_circuit_decorator.py
[2023-06-22T16:07:35.963+0700] {logging_mixin.py:149} INFO - [2023-06-22T16:07:35.962+0700] {dag.py:2726} INFO - Sync 1 DAGs
[2023-06-22T16:07:35.981+0700] {logging_mixin.py:149} INFO - [2023-06-22T16:07:35.980+0700] {dag.py:3486} INFO - Setting next_dagrun for example_short_circuit_decorator to 2023-06-21T09:07:35.980771+00:00, run_after=2023-06-22T09:07:35.980771+00:00
[2023-06-22T16:07:36.002+0700] {processor.py:179} INFO - Processing /Users/macbook/Documents/Documents_MacBook_Pro/ISTT/AirflowTutorial/envlibs/lib/python3.10/site-packages/airflow/example_dags/example_short_circuit_decorator.py took 0.958 seconds
[2023-06-22T16:09:48.785+0700] {processor.py:157} INFO - Started process (PID=15248) to work on /Users/macbook/Documents/Documents_MacBook_Pro/ISTT/AirflowTutorial/envlibs/lib/python3.10/site-packages/airflow/example_dags/example_short_circuit_decorator.py
[2023-06-22T16:09:48.786+0700] {processor.py:826} INFO - Processing file /Users/macbook/Documents/Documents_MacBook_Pro/ISTT/AirflowTutorial/envlibs/lib/python3.10/site-packages/airflow/example_dags/example_short_circuit_decorator.py for tasks to queue
[2023-06-22T16:09:48.787+0700] {logging_mixin.py:149} INFO - [2023-06-22T16:09:48.787+0700] {dagbag.py:541} INFO - Filling up the DagBag from /Users/macbook/Documents/Documents_MacBook_Pro/ISTT/AirflowTutorial/envlibs/lib/python3.10/site-packages/airflow/example_dags/example_short_circuit_decorator.py
[2023-06-22T16:09:48.842+0700] {processor.py:836} INFO - DAG(s) dict_keys(['example_short_circuit_decorator']) retrieved from /Users/macbook/Documents/Documents_MacBook_Pro/ISTT/AirflowTutorial/envlibs/lib/python3.10/site-packages/airflow/example_dags/example_short_circuit_decorator.py
[2023-06-22T16:09:49.633+0700] {logging_mixin.py:149} INFO - [2023-06-22T16:09:49.633+0700] {dag.py:2726} INFO - Sync 1 DAGs
[2023-06-22T16:09:49.648+0700] {logging_mixin.py:149} INFO - [2023-06-22T16:09:49.648+0700] {dag.py:3486} INFO - Setting next_dagrun for example_short_circuit_decorator to 2023-06-21T09:09:49.648246+00:00, run_after=2023-06-22T09:09:49.648246+00:00
[2023-06-22T16:09:49.668+0700] {processor.py:179} INFO - Processing /Users/macbook/Documents/Documents_MacBook_Pro/ISTT/AirflowTutorial/envlibs/lib/python3.10/site-packages/airflow/example_dags/example_short_circuit_decorator.py took 0.884 seconds
[2023-06-22T16:11:43.385+0700] {processor.py:157} INFO - Started process (PID=15307) to work on /Users/macbook/Documents/Documents_MacBook_Pro/ISTT/AirflowTutorial/envlibs/lib/python3.10/site-packages/airflow/example_dags/example_short_circuit_decorator.py
[2023-06-22T16:11:43.385+0700] {processor.py:826} INFO - Processing file /Users/macbook/Documents/Documents_MacBook_Pro/ISTT/AirflowTutorial/envlibs/lib/python3.10/site-packages/airflow/example_dags/example_short_circuit_decorator.py for tasks to queue
[2023-06-22T16:11:43.386+0700] {logging_mixin.py:149} INFO - [2023-06-22T16:11:43.386+0700] {dagbag.py:541} INFO - Filling up the DagBag from /Users/macbook/Documents/Documents_MacBook_Pro/ISTT/AirflowTutorial/envlibs/lib/python3.10/site-packages/airflow/example_dags/example_short_circuit_decorator.py
[2023-06-22T16:11:43.445+0700] {processor.py:836} INFO - DAG(s) dict_keys(['example_short_circuit_decorator']) retrieved from /Users/macbook/Documents/Documents_MacBook_Pro/ISTT/AirflowTutorial/envlibs/lib/python3.10/site-packages/airflow/example_dags/example_short_circuit_decorator.py
[2023-06-22T16:11:44.159+0700] {logging_mixin.py:149} INFO - [2023-06-22T16:11:44.158+0700] {dag.py:2726} INFO - Sync 1 DAGs
[2023-06-22T16:11:44.174+0700] {logging_mixin.py:149} INFO - [2023-06-22T16:11:44.174+0700] {dag.py:3486} INFO - Setting next_dagrun for example_short_circuit_decorator to 2023-06-21T09:11:44.174196+00:00, run_after=2023-06-22T09:11:44.174196+00:00
[2023-06-22T16:11:44.191+0700] {processor.py:179} INFO - Processing /Users/macbook/Documents/Documents_MacBook_Pro/ISTT/AirflowTutorial/envlibs/lib/python3.10/site-packages/airflow/example_dags/example_short_circuit_decorator.py took 0.807 seconds
[2023-06-22T16:13:36.000+0700] {processor.py:157} INFO - Started process (PID=15361) to work on /Users/macbook/Documents/Documents_MacBook_Pro/ISTT/AirflowTutorial/envlibs/lib/python3.10/site-packages/airflow/example_dags/example_short_circuit_decorator.py
[2023-06-22T16:13:36.001+0700] {processor.py:826} INFO - Processing file /Users/macbook/Documents/Documents_MacBook_Pro/ISTT/AirflowTutorial/envlibs/lib/python3.10/site-packages/airflow/example_dags/example_short_circuit_decorator.py for tasks to queue
[2023-06-22T16:13:36.002+0700] {logging_mixin.py:149} INFO - [2023-06-22T16:13:36.002+0700] {dagbag.py:541} INFO - Filling up the DagBag from /Users/macbook/Documents/Documents_MacBook_Pro/ISTT/AirflowTutorial/envlibs/lib/python3.10/site-packages/airflow/example_dags/example_short_circuit_decorator.py
[2023-06-22T16:13:36.078+0700] {processor.py:836} INFO - DAG(s) dict_keys(['example_short_circuit_decorator']) retrieved from /Users/macbook/Documents/Documents_MacBook_Pro/ISTT/AirflowTutorial/envlibs/lib/python3.10/site-packages/airflow/example_dags/example_short_circuit_decorator.py
[2023-06-22T16:13:37.213+0700] {logging_mixin.py:149} INFO - [2023-06-22T16:13:37.213+0700] {dag.py:2726} INFO - Sync 1 DAGs
[2023-06-22T16:13:37.249+0700] {logging_mixin.py:149} INFO - [2023-06-22T16:13:37.249+0700] {dag.py:3486} INFO - Setting next_dagrun for example_short_circuit_decorator to 2023-06-21T09:13:37.249346+00:00, run_after=2023-06-22T09:13:37.249346+00:00
[2023-06-22T16:13:37.279+0700] {processor.py:179} INFO - Processing /Users/macbook/Documents/Documents_MacBook_Pro/ISTT/AirflowTutorial/envlibs/lib/python3.10/site-packages/airflow/example_dags/example_short_circuit_decorator.py took 1.279 seconds
[2023-06-22T16:15:42.049+0700] {processor.py:157} INFO - Started process (PID=15413) to work on /Users/macbook/Documents/Documents_MacBook_Pro/ISTT/AirflowTutorial/envlibs/lib/python3.10/site-packages/airflow/example_dags/example_short_circuit_decorator.py
[2023-06-22T16:15:42.050+0700] {processor.py:826} INFO - Processing file /Users/macbook/Documents/Documents_MacBook_Pro/ISTT/AirflowTutorial/envlibs/lib/python3.10/site-packages/airflow/example_dags/example_short_circuit_decorator.py for tasks to queue
[2023-06-22T16:15:42.051+0700] {logging_mixin.py:149} INFO - [2023-06-22T16:15:42.051+0700] {dagbag.py:541} INFO - Filling up the DagBag from /Users/macbook/Documents/Documents_MacBook_Pro/ISTT/AirflowTutorial/envlibs/lib/python3.10/site-packages/airflow/example_dags/example_short_circuit_decorator.py
[2023-06-22T16:15:42.108+0700] {processor.py:836} INFO - DAG(s) dict_keys(['example_short_circuit_decorator']) retrieved from /Users/macbook/Documents/Documents_MacBook_Pro/ISTT/AirflowTutorial/envlibs/lib/python3.10/site-packages/airflow/example_dags/example_short_circuit_decorator.py
[2023-06-22T16:15:42.883+0700] {logging_mixin.py:149} INFO - [2023-06-22T16:15:42.883+0700] {dag.py:2726} INFO - Sync 1 DAGs
[2023-06-22T16:15:42.900+0700] {logging_mixin.py:149} INFO - [2023-06-22T16:15:42.900+0700] {dag.py:3486} INFO - Setting next_dagrun for example_short_circuit_decorator to 2023-06-21T09:15:42.899943+00:00, run_after=2023-06-22T09:15:42.899943+00:00
[2023-06-22T16:15:42.919+0700] {processor.py:179} INFO - Processing /Users/macbook/Documents/Documents_MacBook_Pro/ISTT/AirflowTutorial/envlibs/lib/python3.10/site-packages/airflow/example_dags/example_short_circuit_decorator.py took 0.872 seconds
[2023-06-22T16:17:49.333+0700] {processor.py:157} INFO - Started process (PID=15470) to work on /Users/macbook/Documents/Documents_MacBook_Pro/ISTT/AirflowTutorial/envlibs/lib/python3.10/site-packages/airflow/example_dags/example_short_circuit_decorator.py
[2023-06-22T16:17:49.334+0700] {processor.py:826} INFO - Processing file /Users/macbook/Documents/Documents_MacBook_Pro/ISTT/AirflowTutorial/envlibs/lib/python3.10/site-packages/airflow/example_dags/example_short_circuit_decorator.py for tasks to queue
[2023-06-22T16:17:49.335+0700] {logging_mixin.py:149} INFO - [2023-06-22T16:17:49.335+0700] {dagbag.py:541} INFO - Filling up the DagBag from /Users/macbook/Documents/Documents_MacBook_Pro/ISTT/AirflowTutorial/envlibs/lib/python3.10/site-packages/airflow/example_dags/example_short_circuit_decorator.py
[2023-06-22T16:17:49.390+0700] {processor.py:836} INFO - DAG(s) dict_keys(['example_short_circuit_decorator']) retrieved from /Users/macbook/Documents/Documents_MacBook_Pro/ISTT/AirflowTutorial/envlibs/lib/python3.10/site-packages/airflow/example_dags/example_short_circuit_decorator.py
[2023-06-22T16:17:50.092+0700] {logging_mixin.py:149} INFO - [2023-06-22T16:17:50.092+0700] {dag.py:2726} INFO - Sync 1 DAGs
[2023-06-22T16:17:50.106+0700] {logging_mixin.py:149} INFO - [2023-06-22T16:17:50.106+0700] {dag.py:3486} INFO - Setting next_dagrun for example_short_circuit_decorator to 2023-06-21T09:17:50.106601+00:00, run_after=2023-06-22T09:17:50.106601+00:00
[2023-06-22T16:17:50.123+0700] {processor.py:179} INFO - Processing /Users/macbook/Documents/Documents_MacBook_Pro/ISTT/AirflowTutorial/envlibs/lib/python3.10/site-packages/airflow/example_dags/example_short_circuit_decorator.py took 0.791 seconds
[2023-06-22T16:20:06.648+0700] {processor.py:157} INFO - Started process (PID=15572) to work on /Users/macbook/Documents/Documents_MacBook_Pro/ISTT/AirflowTutorial/envlibs/lib/python3.10/site-packages/airflow/example_dags/example_short_circuit_decorator.py
[2023-06-22T16:20:06.649+0700] {processor.py:826} INFO - Processing file /Users/macbook/Documents/Documents_MacBook_Pro/ISTT/AirflowTutorial/envlibs/lib/python3.10/site-packages/airflow/example_dags/example_short_circuit_decorator.py for tasks to queue
[2023-06-22T16:20:06.650+0700] {logging_mixin.py:149} INFO - [2023-06-22T16:20:06.650+0700] {dagbag.py:541} INFO - Filling up the DagBag from /Users/macbook/Documents/Documents_MacBook_Pro/ISTT/AirflowTutorial/envlibs/lib/python3.10/site-packages/airflow/example_dags/example_short_circuit_decorator.py
[2023-06-22T16:20:06.721+0700] {processor.py:836} INFO - DAG(s) dict_keys(['example_short_circuit_decorator']) retrieved from /Users/macbook/Documents/Documents_MacBook_Pro/ISTT/AirflowTutorial/envlibs/lib/python3.10/site-packages/airflow/example_dags/example_short_circuit_decorator.py
[2023-06-22T16:20:07.732+0700] {logging_mixin.py:149} INFO - [2023-06-22T16:20:07.732+0700] {dag.py:2726} INFO - Sync 1 DAGs
[2023-06-22T16:20:07.752+0700] {logging_mixin.py:149} INFO - [2023-06-22T16:20:07.751+0700] {dag.py:3486} INFO - Setting next_dagrun for example_short_circuit_decorator to 2023-06-21T09:20:07.751746+00:00, run_after=2023-06-22T09:20:07.751746+00:00
[2023-06-22T16:20:07.774+0700] {processor.py:179} INFO - Processing /Users/macbook/Documents/Documents_MacBook_Pro/ISTT/AirflowTutorial/envlibs/lib/python3.10/site-packages/airflow/example_dags/example_short_circuit_decorator.py took 1.127 seconds
[2023-06-22T16:22:15.282+0700] {processor.py:157} INFO - Started process (PID=15632) to work on /Users/macbook/Documents/Documents_MacBook_Pro/ISTT/AirflowTutorial/envlibs/lib/python3.10/site-packages/airflow/example_dags/example_short_circuit_decorator.py
[2023-06-22T16:22:15.283+0700] {processor.py:826} INFO - Processing file /Users/macbook/Documents/Documents_MacBook_Pro/ISTT/AirflowTutorial/envlibs/lib/python3.10/site-packages/airflow/example_dags/example_short_circuit_decorator.py for tasks to queue
[2023-06-22T16:22:15.284+0700] {logging_mixin.py:149} INFO - [2023-06-22T16:22:15.284+0700] {dagbag.py:541} INFO - Filling up the DagBag from /Users/macbook/Documents/Documents_MacBook_Pro/ISTT/AirflowTutorial/envlibs/lib/python3.10/site-packages/airflow/example_dags/example_short_circuit_decorator.py
[2023-06-22T16:22:15.334+0700] {processor.py:836} INFO - DAG(s) dict_keys(['example_short_circuit_decorator']) retrieved from /Users/macbook/Documents/Documents_MacBook_Pro/ISTT/AirflowTutorial/envlibs/lib/python3.10/site-packages/airflow/example_dags/example_short_circuit_decorator.py
[2023-06-22T16:22:16.039+0700] {logging_mixin.py:149} INFO - [2023-06-22T16:22:16.039+0700] {dag.py:2726} INFO - Sync 1 DAGs
[2023-06-22T16:22:16.054+0700] {logging_mixin.py:149} INFO - [2023-06-22T16:22:16.054+0700] {dag.py:3486} INFO - Setting next_dagrun for example_short_circuit_decorator to 2023-06-21T09:22:16.053936+00:00, run_after=2023-06-22T09:22:16.053936+00:00
[2023-06-22T16:22:16.071+0700] {processor.py:179} INFO - Processing /Users/macbook/Documents/Documents_MacBook_Pro/ISTT/AirflowTutorial/envlibs/lib/python3.10/site-packages/airflow/example_dags/example_short_circuit_decorator.py took 0.790 seconds
[2023-06-22T16:24:12.747+0700] {processor.py:157} INFO - Started process (PID=15684) to work on /Users/macbook/Documents/Documents_MacBook_Pro/ISTT/AirflowTutorial/envlibs/lib/python3.10/site-packages/airflow/example_dags/example_short_circuit_decorator.py
[2023-06-22T16:24:12.748+0700] {processor.py:826} INFO - Processing file /Users/macbook/Documents/Documents_MacBook_Pro/ISTT/AirflowTutorial/envlibs/lib/python3.10/site-packages/airflow/example_dags/example_short_circuit_decorator.py for tasks to queue
[2023-06-22T16:24:12.749+0700] {logging_mixin.py:149} INFO - [2023-06-22T16:24:12.749+0700] {dagbag.py:541} INFO - Filling up the DagBag from /Users/macbook/Documents/Documents_MacBook_Pro/ISTT/AirflowTutorial/envlibs/lib/python3.10/site-packages/airflow/example_dags/example_short_circuit_decorator.py
[2023-06-22T16:24:12.803+0700] {processor.py:836} INFO - DAG(s) dict_keys(['example_short_circuit_decorator']) retrieved from /Users/macbook/Documents/Documents_MacBook_Pro/ISTT/AirflowTutorial/envlibs/lib/python3.10/site-packages/airflow/example_dags/example_short_circuit_decorator.py
[2023-06-22T16:24:13.613+0700] {logging_mixin.py:149} INFO - [2023-06-22T16:24:13.613+0700] {dag.py:2726} INFO - Sync 1 DAGs
[2023-06-22T16:24:13.629+0700] {logging_mixin.py:149} INFO - [2023-06-22T16:24:13.629+0700] {dag.py:3486} INFO - Setting next_dagrun for example_short_circuit_decorator to 2023-06-21T09:24:13.628952+00:00, run_after=2023-06-22T09:24:13.628952+00:00
[2023-06-22T16:24:13.647+0700] {processor.py:179} INFO - Processing /Users/macbook/Documents/Documents_MacBook_Pro/ISTT/AirflowTutorial/envlibs/lib/python3.10/site-packages/airflow/example_dags/example_short_circuit_decorator.py took 0.901 seconds
[2023-06-22T16:26:11.137+0700] {processor.py:157} INFO - Started process (PID=15776) to work on /Users/macbook/Documents/Documents_MacBook_Pro/ISTT/AirflowTutorial/envlibs/lib/python3.10/site-packages/airflow/example_dags/example_short_circuit_decorator.py
[2023-06-22T16:26:11.139+0700] {processor.py:826} INFO - Processing file /Users/macbook/Documents/Documents_MacBook_Pro/ISTT/AirflowTutorial/envlibs/lib/python3.10/site-packages/airflow/example_dags/example_short_circuit_decorator.py for tasks to queue
[2023-06-22T16:26:11.140+0700] {logging_mixin.py:149} INFO - [2023-06-22T16:26:11.140+0700] {dagbag.py:541} INFO - Filling up the DagBag from /Users/macbook/Documents/Documents_MacBook_Pro/ISTT/AirflowTutorial/envlibs/lib/python3.10/site-packages/airflow/example_dags/example_short_circuit_decorator.py
[2023-06-22T16:26:11.210+0700] {processor.py:836} INFO - DAG(s) dict_keys(['example_short_circuit_decorator']) retrieved from /Users/macbook/Documents/Documents_MacBook_Pro/ISTT/AirflowTutorial/envlibs/lib/python3.10/site-packages/airflow/example_dags/example_short_circuit_decorator.py
[2023-06-22T16:26:12.465+0700] {logging_mixin.py:149} INFO - [2023-06-22T16:26:12.465+0700] {dag.py:2726} INFO - Sync 1 DAGs
[2023-06-22T16:26:12.490+0700] {logging_mixin.py:149} INFO - [2023-06-22T16:26:12.490+0700] {dag.py:3486} INFO - Setting next_dagrun for example_short_circuit_decorator to 2023-06-21T09:26:12.489845+00:00, run_after=2023-06-22T09:26:12.489845+00:00
[2023-06-22T16:26:12.527+0700] {processor.py:179} INFO - Processing /Users/macbook/Documents/Documents_MacBook_Pro/ISTT/AirflowTutorial/envlibs/lib/python3.10/site-packages/airflow/example_dags/example_short_circuit_decorator.py took 1.391 seconds
[2023-06-22T16:28:07.132+0700] {processor.py:157} INFO - Started process (PID=15844) to work on /Users/macbook/Documents/Documents_MacBook_Pro/ISTT/AirflowTutorial/envlibs/lib/python3.10/site-packages/airflow/example_dags/example_short_circuit_decorator.py
[2023-06-22T16:28:07.133+0700] {processor.py:826} INFO - Processing file /Users/macbook/Documents/Documents_MacBook_Pro/ISTT/AirflowTutorial/envlibs/lib/python3.10/site-packages/airflow/example_dags/example_short_circuit_decorator.py for tasks to queue
[2023-06-22T16:28:07.133+0700] {logging_mixin.py:149} INFO - [2023-06-22T16:28:07.133+0700] {dagbag.py:541} INFO - Filling up the DagBag from /Users/macbook/Documents/Documents_MacBook_Pro/ISTT/AirflowTutorial/envlibs/lib/python3.10/site-packages/airflow/example_dags/example_short_circuit_decorator.py
[2023-06-22T16:28:07.212+0700] {processor.py:836} INFO - DAG(s) dict_keys(['example_short_circuit_decorator']) retrieved from /Users/macbook/Documents/Documents_MacBook_Pro/ISTT/AirflowTutorial/envlibs/lib/python3.10/site-packages/airflow/example_dags/example_short_circuit_decorator.py
[2023-06-22T16:28:08.052+0700] {logging_mixin.py:149} INFO - [2023-06-22T16:28:08.052+0700] {dag.py:2726} INFO - Sync 1 DAGs
[2023-06-22T16:28:08.069+0700] {logging_mixin.py:149} INFO - [2023-06-22T16:28:08.069+0700] {dag.py:3486} INFO - Setting next_dagrun for example_short_circuit_decorator to 2023-06-21T09:28:08.069057+00:00, run_after=2023-06-22T09:28:08.069057+00:00
[2023-06-22T16:28:08.087+0700] {processor.py:179} INFO - Processing /Users/macbook/Documents/Documents_MacBook_Pro/ISTT/AirflowTutorial/envlibs/lib/python3.10/site-packages/airflow/example_dags/example_short_circuit_decorator.py took 0.955 seconds
