[2023-06-22T14:28:45.724+0700] {processor.py:157} INFO - Started process (PID=11903) to work on /Users/macbook/Documents/Documents_MacBook_Pro/ISTT/AirflowTutorial/envlibs/lib/python3.10/site-packages/airflow/example_dags/example_complex.py
[2023-06-22T14:28:45.725+0700] {processor.py:826} INFO - Processing file /Users/macbook/Documents/Documents_MacBook_Pro/ISTT/AirflowTutorial/envlibs/lib/python3.10/site-packages/airflow/example_dags/example_complex.py for tasks to queue
[2023-06-22T14:28:45.725+0700] {logging_mixin.py:149} INFO - [2023-06-22T14:28:45.725+0700] {dagbag.py:541} INFO - Filling up the DagBag from /Users/macbook/Documents/Documents_MacBook_Pro/ISTT/AirflowTutorial/envlibs/lib/python3.10/site-packages/airflow/example_dags/example_complex.py
[2023-06-22T14:28:45.753+0700] {processor.py:836} INFO - DAG(s) dict_keys(['example_complex']) retrieved from /Users/macbook/Documents/Documents_MacBook_Pro/ISTT/AirflowTutorial/envlibs/lib/python3.10/site-packages/airflow/example_dags/example_complex.py
[2023-06-22T14:28:46.542+0700] {logging_mixin.py:149} INFO - [2023-06-22T14:28:46.542+0700] {dag.py:2726} INFO - Sync 1 DAGs
[2023-06-22T14:28:46.555+0700] {logging_mixin.py:149} INFO - [2023-06-22T14:28:46.555+0700] {dag.py:3486} INFO - Setting next_dagrun for example_complex to None, run_after=None
[2023-06-22T14:28:46.574+0700] {processor.py:179} INFO - Processing /Users/macbook/Documents/Documents_MacBook_Pro/ISTT/AirflowTutorial/envlibs/lib/python3.10/site-packages/airflow/example_dags/example_complex.py took 0.850 seconds
[2023-06-22T14:33:11.913+0700] {processor.py:157} INFO - Started process (PID=12091) to work on /Users/macbook/Documents/Documents_MacBook_Pro/ISTT/AirflowTutorial/envlibs/lib/python3.10/site-packages/airflow/example_dags/example_complex.py
[2023-06-22T14:33:11.914+0700] {processor.py:826} INFO - Processing file /Users/macbook/Documents/Documents_MacBook_Pro/ISTT/AirflowTutorial/envlibs/lib/python3.10/site-packages/airflow/example_dags/example_complex.py for tasks to queue
[2023-06-22T14:33:11.914+0700] {logging_mixin.py:149} INFO - [2023-06-22T14:33:11.914+0700] {dagbag.py:541} INFO - Filling up the DagBag from /Users/macbook/Documents/Documents_MacBook_Pro/ISTT/AirflowTutorial/envlibs/lib/python3.10/site-packages/airflow/example_dags/example_complex.py
[2023-06-22T14:33:11.963+0700] {processor.py:836} INFO - DAG(s) dict_keys(['example_complex']) retrieved from /Users/macbook/Documents/Documents_MacBook_Pro/ISTT/AirflowTutorial/envlibs/lib/python3.10/site-packages/airflow/example_dags/example_complex.py
[2023-06-22T14:33:13.379+0700] {logging_mixin.py:149} INFO - [2023-06-22T14:33:13.379+0700] {dag.py:2726} INFO - Sync 1 DAGs
[2023-06-22T14:33:13.414+0700] {logging_mixin.py:149} INFO - [2023-06-22T14:33:13.414+0700] {dag.py:3486} INFO - Setting next_dagrun for example_complex to None, run_after=None
[2023-06-22T14:33:13.450+0700] {processor.py:179} INFO - Processing /Users/macbook/Documents/Documents_MacBook_Pro/ISTT/AirflowTutorial/envlibs/lib/python3.10/site-packages/airflow/example_dags/example_complex.py took 1.538 seconds
[2023-06-22T14:38:36.965+0700] {processor.py:157} INFO - Started process (PID=12372) to work on /Users/macbook/Documents/Documents_MacBook_Pro/ISTT/AirflowTutorial/envlibs/lib/python3.10/site-packages/airflow/example_dags/example_complex.py
[2023-06-22T14:38:36.966+0700] {processor.py:826} INFO - Processing file /Users/macbook/Documents/Documents_MacBook_Pro/ISTT/AirflowTutorial/envlibs/lib/python3.10/site-packages/airflow/example_dags/example_complex.py for tasks to queue
[2023-06-22T14:38:36.967+0700] {logging_mixin.py:149} INFO - [2023-06-22T14:38:36.967+0700] {dagbag.py:541} INFO - Filling up the DagBag from /Users/macbook/Documents/Documents_MacBook_Pro/ISTT/AirflowTutorial/envlibs/lib/python3.10/site-packages/airflow/example_dags/example_complex.py
[2023-06-22T14:38:37.000+0700] {processor.py:836} INFO - DAG(s) dict_keys(['example_complex']) retrieved from /Users/macbook/Documents/Documents_MacBook_Pro/ISTT/AirflowTutorial/envlibs/lib/python3.10/site-packages/airflow/example_dags/example_complex.py
[2023-06-22T14:38:37.833+0700] {logging_mixin.py:149} INFO - [2023-06-22T14:38:37.833+0700] {dag.py:2726} INFO - Sync 1 DAGs
[2023-06-22T14:38:37.841+0700] {logging_mixin.py:149} INFO - [2023-06-22T14:38:37.841+0700] {dag.py:2747} INFO - Creating ORM DAG for example_complex
[2023-06-22T14:38:37.849+0700] {logging_mixin.py:149} INFO - [2023-06-22T14:38:37.849+0700] {dag.py:3486} INFO - Setting next_dagrun for example_complex to None, run_after=None
[2023-06-22T14:38:37.869+0700] {processor.py:179} INFO - Processing /Users/macbook/Documents/Documents_MacBook_Pro/ISTT/AirflowTutorial/envlibs/lib/python3.10/site-packages/airflow/example_dags/example_complex.py took 0.905 seconds
[2023-06-22T14:42:58.862+0700] {processor.py:157} INFO - Started process (PID=12542) to work on /Users/macbook/Documents/Documents_MacBook_Pro/ISTT/AirflowTutorial/envlibs/lib/python3.10/site-packages/airflow/example_dags/example_complex.py
[2023-06-22T14:42:58.865+0700] {processor.py:826} INFO - Processing file /Users/macbook/Documents/Documents_MacBook_Pro/ISTT/AirflowTutorial/envlibs/lib/python3.10/site-packages/airflow/example_dags/example_complex.py for tasks to queue
[2023-06-22T14:42:58.867+0700] {logging_mixin.py:149} INFO - [2023-06-22T14:42:58.866+0700] {dagbag.py:541} INFO - Filling up the DagBag from /Users/macbook/Documents/Documents_MacBook_Pro/ISTT/AirflowTutorial/envlibs/lib/python3.10/site-packages/airflow/example_dags/example_complex.py
[2023-06-22T14:42:58.917+0700] {processor.py:836} INFO - DAG(s) dict_keys(['example_complex']) retrieved from /Users/macbook/Documents/Documents_MacBook_Pro/ISTT/AirflowTutorial/envlibs/lib/python3.10/site-packages/airflow/example_dags/example_complex.py
[2023-06-22T14:42:59.861+0700] {logging_mixin.py:149} INFO - [2023-06-22T14:42:59.861+0700] {dag.py:2726} INFO - Sync 1 DAGs
[2023-06-22T14:42:59.878+0700] {logging_mixin.py:149} INFO - [2023-06-22T14:42:59.878+0700] {dag.py:3486} INFO - Setting next_dagrun for example_complex to None, run_after=None
[2023-06-22T14:42:59.898+0700] {processor.py:179} INFO - Processing /Users/macbook/Documents/Documents_MacBook_Pro/ISTT/AirflowTutorial/envlibs/lib/python3.10/site-packages/airflow/example_dags/example_complex.py took 1.037 seconds
[2023-06-22T14:47:10.448+0700] {processor.py:157} INFO - Started process (PID=12653) to work on /Users/macbook/Documents/Documents_MacBook_Pro/ISTT/AirflowTutorial/envlibs/lib/python3.10/site-packages/airflow/example_dags/example_complex.py
[2023-06-22T14:47:10.450+0700] {processor.py:826} INFO - Processing file /Users/macbook/Documents/Documents_MacBook_Pro/ISTT/AirflowTutorial/envlibs/lib/python3.10/site-packages/airflow/example_dags/example_complex.py for tasks to queue
[2023-06-22T14:47:10.450+0700] {logging_mixin.py:149} INFO - [2023-06-22T14:47:10.450+0700] {dagbag.py:541} INFO - Filling up the DagBag from /Users/macbook/Documents/Documents_MacBook_Pro/ISTT/AirflowTutorial/envlibs/lib/python3.10/site-packages/airflow/example_dags/example_complex.py
[2023-06-22T14:47:10.476+0700] {processor.py:836} INFO - DAG(s) dict_keys(['example_complex']) retrieved from /Users/macbook/Documents/Documents_MacBook_Pro/ISTT/AirflowTutorial/envlibs/lib/python3.10/site-packages/airflow/example_dags/example_complex.py
[2023-06-22T14:47:11.244+0700] {logging_mixin.py:149} INFO - [2023-06-22T14:47:11.244+0700] {dag.py:2726} INFO - Sync 1 DAGs
[2023-06-22T14:47:11.263+0700] {logging_mixin.py:149} INFO - [2023-06-22T14:47:11.263+0700] {dag.py:3486} INFO - Setting next_dagrun for example_complex to None, run_after=None
[2023-06-22T14:47:11.282+0700] {processor.py:179} INFO - Processing /Users/macbook/Documents/Documents_MacBook_Pro/ISTT/AirflowTutorial/envlibs/lib/python3.10/site-packages/airflow/example_dags/example_complex.py took 0.834 seconds
[2023-06-22T14:51:21.564+0700] {processor.py:157} INFO - Started process (PID=12774) to work on /Users/macbook/Documents/Documents_MacBook_Pro/ISTT/AirflowTutorial/envlibs/lib/python3.10/site-packages/airflow/example_dags/example_complex.py
[2023-06-22T14:51:21.566+0700] {processor.py:826} INFO - Processing file /Users/macbook/Documents/Documents_MacBook_Pro/ISTT/AirflowTutorial/envlibs/lib/python3.10/site-packages/airflow/example_dags/example_complex.py for tasks to queue
[2023-06-22T14:51:21.566+0700] {logging_mixin.py:149} INFO - [2023-06-22T14:51:21.566+0700] {dagbag.py:541} INFO - Filling up the DagBag from /Users/macbook/Documents/Documents_MacBook_Pro/ISTT/AirflowTutorial/envlibs/lib/python3.10/site-packages/airflow/example_dags/example_complex.py
[2023-06-22T14:51:21.602+0700] {processor.py:836} INFO - DAG(s) dict_keys(['example_complex']) retrieved from /Users/macbook/Documents/Documents_MacBook_Pro/ISTT/AirflowTutorial/envlibs/lib/python3.10/site-packages/airflow/example_dags/example_complex.py
[2023-06-22T14:51:22.436+0700] {logging_mixin.py:149} INFO - [2023-06-22T14:51:22.436+0700] {dag.py:2726} INFO - Sync 1 DAGs
[2023-06-22T14:51:22.453+0700] {logging_mixin.py:149} INFO - [2023-06-22T14:51:22.453+0700] {dag.py:3486} INFO - Setting next_dagrun for example_complex to None, run_after=None
[2023-06-22T14:51:22.475+0700] {processor.py:179} INFO - Processing /Users/macbook/Documents/Documents_MacBook_Pro/ISTT/AirflowTutorial/envlibs/lib/python3.10/site-packages/airflow/example_dags/example_complex.py took 0.912 seconds
[2023-06-22T14:55:19.800+0700] {processor.py:157} INFO - Started process (PID=12884) to work on /Users/macbook/Documents/Documents_MacBook_Pro/ISTT/AirflowTutorial/envlibs/lib/python3.10/site-packages/airflow/example_dags/example_complex.py
[2023-06-22T14:55:19.802+0700] {processor.py:826} INFO - Processing file /Users/macbook/Documents/Documents_MacBook_Pro/ISTT/AirflowTutorial/envlibs/lib/python3.10/site-packages/airflow/example_dags/example_complex.py for tasks to queue
[2023-06-22T14:55:19.802+0700] {logging_mixin.py:149} INFO - [2023-06-22T14:55:19.802+0700] {dagbag.py:541} INFO - Filling up the DagBag from /Users/macbook/Documents/Documents_MacBook_Pro/ISTT/AirflowTutorial/envlibs/lib/python3.10/site-packages/airflow/example_dags/example_complex.py
[2023-06-22T14:55:19.827+0700] {processor.py:836} INFO - DAG(s) dict_keys(['example_complex']) retrieved from /Users/macbook/Documents/Documents_MacBook_Pro/ISTT/AirflowTutorial/envlibs/lib/python3.10/site-packages/airflow/example_dags/example_complex.py
[2023-06-22T14:55:20.537+0700] {logging_mixin.py:149} INFO - [2023-06-22T14:55:20.537+0700] {dag.py:2726} INFO - Sync 1 DAGs
[2023-06-22T14:55:20.553+0700] {logging_mixin.py:149} INFO - [2023-06-22T14:55:20.553+0700] {dag.py:3486} INFO - Setting next_dagrun for example_complex to None, run_after=None
[2023-06-22T14:55:20.570+0700] {processor.py:179} INFO - Processing /Users/macbook/Documents/Documents_MacBook_Pro/ISTT/AirflowTutorial/envlibs/lib/python3.10/site-packages/airflow/example_dags/example_complex.py took 0.771 seconds
[2023-06-22T14:59:19.014+0700] {processor.py:157} INFO - Started process (PID=12988) to work on /Users/macbook/Documents/Documents_MacBook_Pro/ISTT/AirflowTutorial/envlibs/lib/python3.10/site-packages/airflow/example_dags/example_complex.py
[2023-06-22T14:59:19.016+0700] {processor.py:826} INFO - Processing file /Users/macbook/Documents/Documents_MacBook_Pro/ISTT/AirflowTutorial/envlibs/lib/python3.10/site-packages/airflow/example_dags/example_complex.py for tasks to queue
[2023-06-22T14:59:19.016+0700] {logging_mixin.py:149} INFO - [2023-06-22T14:59:19.016+0700] {dagbag.py:541} INFO - Filling up the DagBag from /Users/macbook/Documents/Documents_MacBook_Pro/ISTT/AirflowTutorial/envlibs/lib/python3.10/site-packages/airflow/example_dags/example_complex.py
[2023-06-22T14:59:19.041+0700] {processor.py:836} INFO - DAG(s) dict_keys(['example_complex']) retrieved from /Users/macbook/Documents/Documents_MacBook_Pro/ISTT/AirflowTutorial/envlibs/lib/python3.10/site-packages/airflow/example_dags/example_complex.py
[2023-06-22T14:59:19.801+0700] {logging_mixin.py:149} INFO - [2023-06-22T14:59:19.800+0700] {dag.py:2726} INFO - Sync 1 DAGs
[2023-06-22T14:59:19.818+0700] {logging_mixin.py:149} INFO - [2023-06-22T14:59:19.818+0700] {dag.py:3486} INFO - Setting next_dagrun for example_complex to None, run_after=None
[2023-06-22T14:59:19.839+0700] {processor.py:179} INFO - Processing /Users/macbook/Documents/Documents_MacBook_Pro/ISTT/AirflowTutorial/envlibs/lib/python3.10/site-packages/airflow/example_dags/example_complex.py took 0.825 seconds
[2023-06-22T15:03:25.076+0700] {processor.py:157} INFO - Started process (PID=13100) to work on /Users/macbook/Documents/Documents_MacBook_Pro/ISTT/AirflowTutorial/envlibs/lib/python3.10/site-packages/airflow/example_dags/example_complex.py
[2023-06-22T15:03:25.077+0700] {processor.py:826} INFO - Processing file /Users/macbook/Documents/Documents_MacBook_Pro/ISTT/AirflowTutorial/envlibs/lib/python3.10/site-packages/airflow/example_dags/example_complex.py for tasks to queue
[2023-06-22T15:03:25.078+0700] {logging_mixin.py:149} INFO - [2023-06-22T15:03:25.078+0700] {dagbag.py:541} INFO - Filling up the DagBag from /Users/macbook/Documents/Documents_MacBook_Pro/ISTT/AirflowTutorial/envlibs/lib/python3.10/site-packages/airflow/example_dags/example_complex.py
[2023-06-22T15:03:25.106+0700] {processor.py:836} INFO - DAG(s) dict_keys(['example_complex']) retrieved from /Users/macbook/Documents/Documents_MacBook_Pro/ISTT/AirflowTutorial/envlibs/lib/python3.10/site-packages/airflow/example_dags/example_complex.py
[2023-06-22T15:03:25.875+0700] {logging_mixin.py:149} INFO - [2023-06-22T15:03:25.875+0700] {dag.py:2726} INFO - Sync 1 DAGs
[2023-06-22T15:03:25.892+0700] {logging_mixin.py:149} INFO - [2023-06-22T15:03:25.892+0700] {dag.py:3486} INFO - Setting next_dagrun for example_complex to None, run_after=None
[2023-06-22T15:03:25.912+0700] {processor.py:179} INFO - Processing /Users/macbook/Documents/Documents_MacBook_Pro/ISTT/AirflowTutorial/envlibs/lib/python3.10/site-packages/airflow/example_dags/example_complex.py took 0.836 seconds
[2023-06-22T15:07:36.605+0700] {processor.py:157} INFO - Started process (PID=13263) to work on /Users/macbook/Documents/Documents_MacBook_Pro/ISTT/AirflowTutorial/envlibs/lib/python3.10/site-packages/airflow/example_dags/example_complex.py
[2023-06-22T15:07:36.606+0700] {processor.py:826} INFO - Processing file /Users/macbook/Documents/Documents_MacBook_Pro/ISTT/AirflowTutorial/envlibs/lib/python3.10/site-packages/airflow/example_dags/example_complex.py for tasks to queue
[2023-06-22T15:07:36.607+0700] {logging_mixin.py:149} INFO - [2023-06-22T15:07:36.607+0700] {dagbag.py:541} INFO - Filling up the DagBag from /Users/macbook/Documents/Documents_MacBook_Pro/ISTT/AirflowTutorial/envlibs/lib/python3.10/site-packages/airflow/example_dags/example_complex.py
[2023-06-22T15:07:36.642+0700] {processor.py:836} INFO - DAG(s) dict_keys(['example_complex']) retrieved from /Users/macbook/Documents/Documents_MacBook_Pro/ISTT/AirflowTutorial/envlibs/lib/python3.10/site-packages/airflow/example_dags/example_complex.py
[2023-06-22T15:07:37.514+0700] {logging_mixin.py:149} INFO - [2023-06-22T15:07:37.514+0700] {dag.py:2726} INFO - Sync 1 DAGs
[2023-06-22T15:07:37.532+0700] {logging_mixin.py:149} INFO - [2023-06-22T15:07:37.532+0700] {dag.py:3486} INFO - Setting next_dagrun for example_complex to None, run_after=None
[2023-06-22T15:07:37.552+0700] {processor.py:179} INFO - Processing /Users/macbook/Documents/Documents_MacBook_Pro/ISTT/AirflowTutorial/envlibs/lib/python3.10/site-packages/airflow/example_dags/example_complex.py took 0.948 seconds
[2023-06-22T15:11:46.247+0700] {processor.py:157} INFO - Started process (PID=13412) to work on /Users/macbook/Documents/Documents_MacBook_Pro/ISTT/AirflowTutorial/envlibs/lib/python3.10/site-packages/airflow/example_dags/example_complex.py
[2023-06-22T15:11:46.248+0700] {processor.py:826} INFO - Processing file /Users/macbook/Documents/Documents_MacBook_Pro/ISTT/AirflowTutorial/envlibs/lib/python3.10/site-packages/airflow/example_dags/example_complex.py for tasks to queue
[2023-06-22T15:11:46.249+0700] {logging_mixin.py:149} INFO - [2023-06-22T15:11:46.249+0700] {dagbag.py:541} INFO - Filling up the DagBag from /Users/macbook/Documents/Documents_MacBook_Pro/ISTT/AirflowTutorial/envlibs/lib/python3.10/site-packages/airflow/example_dags/example_complex.py
[2023-06-22T15:11:46.277+0700] {processor.py:836} INFO - DAG(s) dict_keys(['example_complex']) retrieved from /Users/macbook/Documents/Documents_MacBook_Pro/ISTT/AirflowTutorial/envlibs/lib/python3.10/site-packages/airflow/example_dags/example_complex.py
[2023-06-22T15:11:47.077+0700] {logging_mixin.py:149} INFO - [2023-06-22T15:11:47.077+0700] {dag.py:2726} INFO - Sync 1 DAGs
[2023-06-22T15:11:47.094+0700] {logging_mixin.py:149} INFO - [2023-06-22T15:11:47.094+0700] {dag.py:3486} INFO - Setting next_dagrun for example_complex to None, run_after=None
[2023-06-22T15:11:47.113+0700] {processor.py:179} INFO - Processing /Users/macbook/Documents/Documents_MacBook_Pro/ISTT/AirflowTutorial/envlibs/lib/python3.10/site-packages/airflow/example_dags/example_complex.py took 0.867 seconds
[2023-06-22T15:15:58.888+0700] {processor.py:157} INFO - Started process (PID=13568) to work on /Users/macbook/Documents/Documents_MacBook_Pro/ISTT/AirflowTutorial/envlibs/lib/python3.10/site-packages/airflow/example_dags/example_complex.py
[2023-06-22T15:15:58.889+0700] {processor.py:826} INFO - Processing file /Users/macbook/Documents/Documents_MacBook_Pro/ISTT/AirflowTutorial/envlibs/lib/python3.10/site-packages/airflow/example_dags/example_complex.py for tasks to queue
[2023-06-22T15:15:58.890+0700] {logging_mixin.py:149} INFO - [2023-06-22T15:15:58.890+0700] {dagbag.py:541} INFO - Filling up the DagBag from /Users/macbook/Documents/Documents_MacBook_Pro/ISTT/AirflowTutorial/envlibs/lib/python3.10/site-packages/airflow/example_dags/example_complex.py
[2023-06-22T15:15:58.919+0700] {processor.py:836} INFO - DAG(s) dict_keys(['example_complex']) retrieved from /Users/macbook/Documents/Documents_MacBook_Pro/ISTT/AirflowTutorial/envlibs/lib/python3.10/site-packages/airflow/example_dags/example_complex.py
[2023-06-22T15:15:59.880+0700] {logging_mixin.py:149} INFO - [2023-06-22T15:15:59.880+0700] {dag.py:2726} INFO - Sync 1 DAGs
[2023-06-22T15:15:59.899+0700] {logging_mixin.py:149} INFO - [2023-06-22T15:15:59.899+0700] {dag.py:3486} INFO - Setting next_dagrun for example_complex to None, run_after=None
[2023-06-22T15:15:59.919+0700] {processor.py:179} INFO - Processing /Users/macbook/Documents/Documents_MacBook_Pro/ISTT/AirflowTutorial/envlibs/lib/python3.10/site-packages/airflow/example_dags/example_complex.py took 1.032 seconds
[2023-06-22T15:20:02.683+0700] {processor.py:157} INFO - Started process (PID=13738) to work on /Users/macbook/Documents/Documents_MacBook_Pro/ISTT/AirflowTutorial/envlibs/lib/python3.10/site-packages/airflow/example_dags/example_complex.py
[2023-06-22T15:20:02.685+0700] {processor.py:826} INFO - Processing file /Users/macbook/Documents/Documents_MacBook_Pro/ISTT/AirflowTutorial/envlibs/lib/python3.10/site-packages/airflow/example_dags/example_complex.py for tasks to queue
[2023-06-22T15:20:02.685+0700] {logging_mixin.py:149} INFO - [2023-06-22T15:20:02.685+0700] {dagbag.py:541} INFO - Filling up the DagBag from /Users/macbook/Documents/Documents_MacBook_Pro/ISTT/AirflowTutorial/envlibs/lib/python3.10/site-packages/airflow/example_dags/example_complex.py
[2023-06-22T15:20:02.715+0700] {processor.py:836} INFO - DAG(s) dict_keys(['example_complex']) retrieved from /Users/macbook/Documents/Documents_MacBook_Pro/ISTT/AirflowTutorial/envlibs/lib/python3.10/site-packages/airflow/example_dags/example_complex.py
[2023-06-22T15:20:03.560+0700] {logging_mixin.py:149} INFO - [2023-06-22T15:20:03.560+0700] {dag.py:2726} INFO - Sync 1 DAGs
[2023-06-22T15:20:03.579+0700] {logging_mixin.py:149} INFO - [2023-06-22T15:20:03.579+0700] {dag.py:3486} INFO - Setting next_dagrun for example_complex to None, run_after=None
[2023-06-22T15:20:03.601+0700] {processor.py:179} INFO - Processing /Users/macbook/Documents/Documents_MacBook_Pro/ISTT/AirflowTutorial/envlibs/lib/python3.10/site-packages/airflow/example_dags/example_complex.py took 0.918 seconds
[2023-06-22T15:24:24.006+0700] {processor.py:157} INFO - Started process (PID=13862) to work on /Users/macbook/Documents/Documents_MacBook_Pro/ISTT/AirflowTutorial/envlibs/lib/python3.10/site-packages/airflow/example_dags/example_complex.py
[2023-06-22T15:24:24.009+0700] {processor.py:826} INFO - Processing file /Users/macbook/Documents/Documents_MacBook_Pro/ISTT/AirflowTutorial/envlibs/lib/python3.10/site-packages/airflow/example_dags/example_complex.py for tasks to queue
[2023-06-22T15:24:24.009+0700] {logging_mixin.py:149} INFO - [2023-06-22T15:24:24.009+0700] {dagbag.py:541} INFO - Filling up the DagBag from /Users/macbook/Documents/Documents_MacBook_Pro/ISTT/AirflowTutorial/envlibs/lib/python3.10/site-packages/airflow/example_dags/example_complex.py
[2023-06-22T15:24:24.043+0700] {processor.py:836} INFO - DAG(s) dict_keys(['example_complex']) retrieved from /Users/macbook/Documents/Documents_MacBook_Pro/ISTT/AirflowTutorial/envlibs/lib/python3.10/site-packages/airflow/example_dags/example_complex.py
[2023-06-22T15:24:25.021+0700] {logging_mixin.py:149} INFO - [2023-06-22T15:24:25.020+0700] {dag.py:2726} INFO - Sync 1 DAGs
[2023-06-22T15:24:25.047+0700] {logging_mixin.py:149} INFO - [2023-06-22T15:24:25.047+0700] {dag.py:3486} INFO - Setting next_dagrun for example_complex to None, run_after=None
[2023-06-22T15:24:25.070+0700] {processor.py:179} INFO - Processing /Users/macbook/Documents/Documents_MacBook_Pro/ISTT/AirflowTutorial/envlibs/lib/python3.10/site-packages/airflow/example_dags/example_complex.py took 1.065 seconds
[2023-06-22T15:28:46.543+0700] {processor.py:157} INFO - Started process (PID=13977) to work on /Users/macbook/Documents/Documents_MacBook_Pro/ISTT/AirflowTutorial/envlibs/lib/python3.10/site-packages/airflow/example_dags/example_complex.py
[2023-06-22T15:28:46.545+0700] {processor.py:826} INFO - Processing file /Users/macbook/Documents/Documents_MacBook_Pro/ISTT/AirflowTutorial/envlibs/lib/python3.10/site-packages/airflow/example_dags/example_complex.py for tasks to queue
[2023-06-22T15:28:46.546+0700] {logging_mixin.py:149} INFO - [2023-06-22T15:28:46.546+0700] {dagbag.py:541} INFO - Filling up the DagBag from /Users/macbook/Documents/Documents_MacBook_Pro/ISTT/AirflowTutorial/envlibs/lib/python3.10/site-packages/airflow/example_dags/example_complex.py
[2023-06-22T15:28:46.584+0700] {processor.py:836} INFO - DAG(s) dict_keys(['example_complex']) retrieved from /Users/macbook/Documents/Documents_MacBook_Pro/ISTT/AirflowTutorial/envlibs/lib/python3.10/site-packages/airflow/example_dags/example_complex.py
[2023-06-22T15:28:47.471+0700] {logging_mixin.py:149} INFO - [2023-06-22T15:28:47.471+0700] {dag.py:2726} INFO - Sync 1 DAGs
[2023-06-22T15:28:47.489+0700] {logging_mixin.py:149} INFO - [2023-06-22T15:28:47.489+0700] {dag.py:3486} INFO - Setting next_dagrun for example_complex to None, run_after=None
[2023-06-22T15:28:47.508+0700] {processor.py:179} INFO - Processing /Users/macbook/Documents/Documents_MacBook_Pro/ISTT/AirflowTutorial/envlibs/lib/python3.10/site-packages/airflow/example_dags/example_complex.py took 0.967 seconds
[2023-06-22T15:32:58.645+0700] {processor.py:157} INFO - Started process (PID=14098) to work on /Users/macbook/Documents/Documents_MacBook_Pro/ISTT/AirflowTutorial/envlibs/lib/python3.10/site-packages/airflow/example_dags/example_complex.py
[2023-06-22T15:32:58.646+0700] {processor.py:826} INFO - Processing file /Users/macbook/Documents/Documents_MacBook_Pro/ISTT/AirflowTutorial/envlibs/lib/python3.10/site-packages/airflow/example_dags/example_complex.py for tasks to queue
[2023-06-22T15:32:58.647+0700] {logging_mixin.py:149} INFO - [2023-06-22T15:32:58.646+0700] {dagbag.py:541} INFO - Filling up the DagBag from /Users/macbook/Documents/Documents_MacBook_Pro/ISTT/AirflowTutorial/envlibs/lib/python3.10/site-packages/airflow/example_dags/example_complex.py
[2023-06-22T15:32:58.677+0700] {processor.py:836} INFO - DAG(s) dict_keys(['example_complex']) retrieved from /Users/macbook/Documents/Documents_MacBook_Pro/ISTT/AirflowTutorial/envlibs/lib/python3.10/site-packages/airflow/example_dags/example_complex.py
[2023-06-22T15:32:59.434+0700] {logging_mixin.py:149} INFO - [2023-06-22T15:32:59.433+0700] {dag.py:2726} INFO - Sync 1 DAGs
[2023-06-22T15:32:59.450+0700] {logging_mixin.py:149} INFO - [2023-06-22T15:32:59.450+0700] {dag.py:3486} INFO - Setting next_dagrun for example_complex to None, run_after=None
[2023-06-22T15:32:59.469+0700] {processor.py:179} INFO - Processing /Users/macbook/Documents/Documents_MacBook_Pro/ISTT/AirflowTutorial/envlibs/lib/python3.10/site-packages/airflow/example_dags/example_complex.py took 0.825 seconds
[2023-06-22T15:37:08.697+0700] {processor.py:157} INFO - Started process (PID=14214) to work on /Users/macbook/Documents/Documents_MacBook_Pro/ISTT/AirflowTutorial/envlibs/lib/python3.10/site-packages/airflow/example_dags/example_complex.py
[2023-06-22T15:37:08.698+0700] {processor.py:826} INFO - Processing file /Users/macbook/Documents/Documents_MacBook_Pro/ISTT/AirflowTutorial/envlibs/lib/python3.10/site-packages/airflow/example_dags/example_complex.py for tasks to queue
[2023-06-22T15:37:08.699+0700] {logging_mixin.py:149} INFO - [2023-06-22T15:37:08.699+0700] {dagbag.py:541} INFO - Filling up the DagBag from /Users/macbook/Documents/Documents_MacBook_Pro/ISTT/AirflowTutorial/envlibs/lib/python3.10/site-packages/airflow/example_dags/example_complex.py
[2023-06-22T15:37:08.729+0700] {processor.py:836} INFO - DAG(s) dict_keys(['example_complex']) retrieved from /Users/macbook/Documents/Documents_MacBook_Pro/ISTT/AirflowTutorial/envlibs/lib/python3.10/site-packages/airflow/example_dags/example_complex.py
[2023-06-22T15:37:09.441+0700] {logging_mixin.py:149} INFO - [2023-06-22T15:37:09.441+0700] {dag.py:2726} INFO - Sync 1 DAGs
[2023-06-22T15:37:09.458+0700] {logging_mixin.py:149} INFO - [2023-06-22T15:37:09.458+0700] {dag.py:3486} INFO - Setting next_dagrun for example_complex to None, run_after=None
[2023-06-22T15:37:09.479+0700] {processor.py:179} INFO - Processing /Users/macbook/Documents/Documents_MacBook_Pro/ISTT/AirflowTutorial/envlibs/lib/python3.10/site-packages/airflow/example_dags/example_complex.py took 0.782 seconds
[2023-06-22T15:41:30.577+0700] {processor.py:157} INFO - Started process (PID=14355) to work on /Users/macbook/Documents/Documents_MacBook_Pro/ISTT/AirflowTutorial/envlibs/lib/python3.10/site-packages/airflow/example_dags/example_complex.py
[2023-06-22T15:41:30.578+0700] {processor.py:826} INFO - Processing file /Users/macbook/Documents/Documents_MacBook_Pro/ISTT/AirflowTutorial/envlibs/lib/python3.10/site-packages/airflow/example_dags/example_complex.py for tasks to queue
[2023-06-22T15:41:30.580+0700] {logging_mixin.py:149} INFO - [2023-06-22T15:41:30.579+0700] {dagbag.py:541} INFO - Filling up the DagBag from /Users/macbook/Documents/Documents_MacBook_Pro/ISTT/AirflowTutorial/envlibs/lib/python3.10/site-packages/airflow/example_dags/example_complex.py
[2023-06-22T15:41:30.612+0700] {processor.py:836} INFO - DAG(s) dict_keys(['example_complex']) retrieved from /Users/macbook/Documents/Documents_MacBook_Pro/ISTT/AirflowTutorial/envlibs/lib/python3.10/site-packages/airflow/example_dags/example_complex.py
[2023-06-22T15:41:31.564+0700] {logging_mixin.py:149} INFO - [2023-06-22T15:41:31.564+0700] {dag.py:2726} INFO - Sync 1 DAGs
[2023-06-22T15:41:31.581+0700] {logging_mixin.py:149} INFO - [2023-06-22T15:41:31.581+0700] {dag.py:3486} INFO - Setting next_dagrun for example_complex to None, run_after=None
[2023-06-22T15:41:31.600+0700] {processor.py:179} INFO - Processing /Users/macbook/Documents/Documents_MacBook_Pro/ISTT/AirflowTutorial/envlibs/lib/python3.10/site-packages/airflow/example_dags/example_complex.py took 1.025 seconds
[2023-06-22T15:45:53.118+0700] {processor.py:157} INFO - Started process (PID=14490) to work on /Users/macbook/Documents/Documents_MacBook_Pro/ISTT/AirflowTutorial/envlibs/lib/python3.10/site-packages/airflow/example_dags/example_complex.py
[2023-06-22T15:45:53.120+0700] {processor.py:826} INFO - Processing file /Users/macbook/Documents/Documents_MacBook_Pro/ISTT/AirflowTutorial/envlibs/lib/python3.10/site-packages/airflow/example_dags/example_complex.py for tasks to queue
[2023-06-22T15:45:53.121+0700] {logging_mixin.py:149} INFO - [2023-06-22T15:45:53.121+0700] {dagbag.py:541} INFO - Filling up the DagBag from /Users/macbook/Documents/Documents_MacBook_Pro/ISTT/AirflowTutorial/envlibs/lib/python3.10/site-packages/airflow/example_dags/example_complex.py
[2023-06-22T15:45:53.149+0700] {processor.py:836} INFO - DAG(s) dict_keys(['example_complex']) retrieved from /Users/macbook/Documents/Documents_MacBook_Pro/ISTT/AirflowTutorial/envlibs/lib/python3.10/site-packages/airflow/example_dags/example_complex.py
[2023-06-22T15:45:53.912+0700] {logging_mixin.py:149} INFO - [2023-06-22T15:45:53.912+0700] {dag.py:2726} INFO - Sync 1 DAGs
[2023-06-22T15:45:53.930+0700] {logging_mixin.py:149} INFO - [2023-06-22T15:45:53.930+0700] {dag.py:3486} INFO - Setting next_dagrun for example_complex to None, run_after=None
[2023-06-22T15:45:53.949+0700] {processor.py:179} INFO - Processing /Users/macbook/Documents/Documents_MacBook_Pro/ISTT/AirflowTutorial/envlibs/lib/python3.10/site-packages/airflow/example_dags/example_complex.py took 0.831 seconds
[2023-06-22T15:50:20.898+0700] {processor.py:157} INFO - Started process (PID=14660) to work on /Users/macbook/Documents/Documents_MacBook_Pro/ISTT/AirflowTutorial/envlibs/lib/python3.10/site-packages/airflow/example_dags/example_complex.py
[2023-06-22T15:50:20.900+0700] {processor.py:826} INFO - Processing file /Users/macbook/Documents/Documents_MacBook_Pro/ISTT/AirflowTutorial/envlibs/lib/python3.10/site-packages/airflow/example_dags/example_complex.py for tasks to queue
[2023-06-22T15:50:20.901+0700] {logging_mixin.py:149} INFO - [2023-06-22T15:50:20.901+0700] {dagbag.py:541} INFO - Filling up the DagBag from /Users/macbook/Documents/Documents_MacBook_Pro/ISTT/AirflowTutorial/envlibs/lib/python3.10/site-packages/airflow/example_dags/example_complex.py
[2023-06-22T15:50:20.929+0700] {processor.py:836} INFO - DAG(s) dict_keys(['example_complex']) retrieved from /Users/macbook/Documents/Documents_MacBook_Pro/ISTT/AirflowTutorial/envlibs/lib/python3.10/site-packages/airflow/example_dags/example_complex.py
[2023-06-22T15:50:21.831+0700] {logging_mixin.py:149} INFO - [2023-06-22T15:50:21.830+0700] {dag.py:2726} INFO - Sync 1 DAGs
[2023-06-22T15:50:21.858+0700] {logging_mixin.py:149} INFO - [2023-06-22T15:50:21.858+0700] {dag.py:3486} INFO - Setting next_dagrun for example_complex to None, run_after=None
[2023-06-22T15:50:21.887+0700] {processor.py:179} INFO - Processing /Users/macbook/Documents/Documents_MacBook_Pro/ISTT/AirflowTutorial/envlibs/lib/python3.10/site-packages/airflow/example_dags/example_complex.py took 0.990 seconds
[2023-06-22T15:54:55.108+0700] {processor.py:157} INFO - Started process (PID=14833) to work on /Users/macbook/Documents/Documents_MacBook_Pro/ISTT/AirflowTutorial/envlibs/lib/python3.10/site-packages/airflow/example_dags/example_complex.py
[2023-06-22T15:54:55.110+0700] {processor.py:826} INFO - Processing file /Users/macbook/Documents/Documents_MacBook_Pro/ISTT/AirflowTutorial/envlibs/lib/python3.10/site-packages/airflow/example_dags/example_complex.py for tasks to queue
[2023-06-22T15:54:55.110+0700] {logging_mixin.py:149} INFO - [2023-06-22T15:54:55.110+0700] {dagbag.py:541} INFO - Filling up the DagBag from /Users/macbook/Documents/Documents_MacBook_Pro/ISTT/AirflowTutorial/envlibs/lib/python3.10/site-packages/airflow/example_dags/example_complex.py
[2023-06-22T15:54:55.147+0700] {processor.py:836} INFO - DAG(s) dict_keys(['example_complex']) retrieved from /Users/macbook/Documents/Documents_MacBook_Pro/ISTT/AirflowTutorial/envlibs/lib/python3.10/site-packages/airflow/example_dags/example_complex.py
[2023-06-22T15:54:56.024+0700] {logging_mixin.py:149} INFO - [2023-06-22T15:54:56.024+0700] {dag.py:2726} INFO - Sync 1 DAGs
[2023-06-22T15:54:56.045+0700] {logging_mixin.py:149} INFO - [2023-06-22T15:54:56.045+0700] {dag.py:3486} INFO - Setting next_dagrun for example_complex to None, run_after=None
[2023-06-22T15:54:56.067+0700] {processor.py:179} INFO - Processing /Users/macbook/Documents/Documents_MacBook_Pro/ISTT/AirflowTutorial/envlibs/lib/python3.10/site-packages/airflow/example_dags/example_complex.py took 0.960 seconds
[2023-06-22T15:59:27.155+0700] {processor.py:157} INFO - Started process (PID=14968) to work on /Users/macbook/Documents/Documents_MacBook_Pro/ISTT/AirflowTutorial/envlibs/lib/python3.10/site-packages/airflow/example_dags/example_complex.py
[2023-06-22T15:59:27.157+0700] {processor.py:826} INFO - Processing file /Users/macbook/Documents/Documents_MacBook_Pro/ISTT/AirflowTutorial/envlibs/lib/python3.10/site-packages/airflow/example_dags/example_complex.py for tasks to queue
[2023-06-22T15:59:27.157+0700] {logging_mixin.py:149} INFO - [2023-06-22T15:59:27.157+0700] {dagbag.py:541} INFO - Filling up the DagBag from /Users/macbook/Documents/Documents_MacBook_Pro/ISTT/AirflowTutorial/envlibs/lib/python3.10/site-packages/airflow/example_dags/example_complex.py
[2023-06-22T15:59:27.189+0700] {processor.py:836} INFO - DAG(s) dict_keys(['example_complex']) retrieved from /Users/macbook/Documents/Documents_MacBook_Pro/ISTT/AirflowTutorial/envlibs/lib/python3.10/site-packages/airflow/example_dags/example_complex.py
[2023-06-22T15:59:28.018+0700] {logging_mixin.py:149} INFO - [2023-06-22T15:59:28.018+0700] {dag.py:2726} INFO - Sync 1 DAGs
[2023-06-22T15:59:28.035+0700] {logging_mixin.py:149} INFO - [2023-06-22T15:59:28.035+0700] {dag.py:3486} INFO - Setting next_dagrun for example_complex to None, run_after=None
[2023-06-22T15:59:28.053+0700] {processor.py:179} INFO - Processing /Users/macbook/Documents/Documents_MacBook_Pro/ISTT/AirflowTutorial/envlibs/lib/python3.10/site-packages/airflow/example_dags/example_complex.py took 0.898 seconds
[2023-06-22T16:03:54.727+0700] {processor.py:157} INFO - Started process (PID=15084) to work on /Users/macbook/Documents/Documents_MacBook_Pro/ISTT/AirflowTutorial/envlibs/lib/python3.10/site-packages/airflow/example_dags/example_complex.py
[2023-06-22T16:03:54.728+0700] {processor.py:826} INFO - Processing file /Users/macbook/Documents/Documents_MacBook_Pro/ISTT/AirflowTutorial/envlibs/lib/python3.10/site-packages/airflow/example_dags/example_complex.py for tasks to queue
[2023-06-22T16:03:54.729+0700] {logging_mixin.py:149} INFO - [2023-06-22T16:03:54.729+0700] {dagbag.py:541} INFO - Filling up the DagBag from /Users/macbook/Documents/Documents_MacBook_Pro/ISTT/AirflowTutorial/envlibs/lib/python3.10/site-packages/airflow/example_dags/example_complex.py
[2023-06-22T16:03:54.764+0700] {processor.py:836} INFO - DAG(s) dict_keys(['example_complex']) retrieved from /Users/macbook/Documents/Documents_MacBook_Pro/ISTT/AirflowTutorial/envlibs/lib/python3.10/site-packages/airflow/example_dags/example_complex.py
[2023-06-22T16:03:55.569+0700] {logging_mixin.py:149} INFO - [2023-06-22T16:03:55.569+0700] {dag.py:2726} INFO - Sync 1 DAGs
[2023-06-22T16:03:55.587+0700] {logging_mixin.py:149} INFO - [2023-06-22T16:03:55.587+0700] {dag.py:3486} INFO - Setting next_dagrun for example_complex to None, run_after=None
[2023-06-22T16:03:55.607+0700] {processor.py:179} INFO - Processing /Users/macbook/Documents/Documents_MacBook_Pro/ISTT/AirflowTutorial/envlibs/lib/python3.10/site-packages/airflow/example_dags/example_complex.py took 0.880 seconds
[2023-06-22T16:08:11.479+0700] {processor.py:157} INFO - Started process (PID=15207) to work on /Users/macbook/Documents/Documents_MacBook_Pro/ISTT/AirflowTutorial/envlibs/lib/python3.10/site-packages/airflow/example_dags/example_complex.py
[2023-06-22T16:08:11.481+0700] {processor.py:826} INFO - Processing file /Users/macbook/Documents/Documents_MacBook_Pro/ISTT/AirflowTutorial/envlibs/lib/python3.10/site-packages/airflow/example_dags/example_complex.py for tasks to queue
[2023-06-22T16:08:11.482+0700] {logging_mixin.py:149} INFO - [2023-06-22T16:08:11.482+0700] {dagbag.py:541} INFO - Filling up the DagBag from /Users/macbook/Documents/Documents_MacBook_Pro/ISTT/AirflowTutorial/envlibs/lib/python3.10/site-packages/airflow/example_dags/example_complex.py
[2023-06-22T16:08:11.509+0700] {processor.py:836} INFO - DAG(s) dict_keys(['example_complex']) retrieved from /Users/macbook/Documents/Documents_MacBook_Pro/ISTT/AirflowTutorial/envlibs/lib/python3.10/site-packages/airflow/example_dags/example_complex.py
[2023-06-22T16:08:12.347+0700] {logging_mixin.py:149} INFO - [2023-06-22T16:08:12.346+0700] {dag.py:2726} INFO - Sync 1 DAGs
[2023-06-22T16:08:12.407+0700] {logging_mixin.py:149} INFO - [2023-06-22T16:08:12.406+0700] {dag.py:3486} INFO - Setting next_dagrun for example_complex to None, run_after=None
[2023-06-22T16:08:12.446+0700] {processor.py:179} INFO - Processing /Users/macbook/Documents/Documents_MacBook_Pro/ISTT/AirflowTutorial/envlibs/lib/python3.10/site-packages/airflow/example_dags/example_complex.py took 0.967 seconds
[2023-06-22T16:12:10.650+0700] {processor.py:157} INFO - Started process (PID=15320) to work on /Users/macbook/Documents/Documents_MacBook_Pro/ISTT/AirflowTutorial/envlibs/lib/python3.10/site-packages/airflow/example_dags/example_complex.py
[2023-06-22T16:12:10.651+0700] {processor.py:826} INFO - Processing file /Users/macbook/Documents/Documents_MacBook_Pro/ISTT/AirflowTutorial/envlibs/lib/python3.10/site-packages/airflow/example_dags/example_complex.py for tasks to queue
[2023-06-22T16:12:10.652+0700] {logging_mixin.py:149} INFO - [2023-06-22T16:12:10.651+0700] {dagbag.py:541} INFO - Filling up the DagBag from /Users/macbook/Documents/Documents_MacBook_Pro/ISTT/AirflowTutorial/envlibs/lib/python3.10/site-packages/airflow/example_dags/example_complex.py
[2023-06-22T16:12:10.677+0700] {processor.py:836} INFO - DAG(s) dict_keys(['example_complex']) retrieved from /Users/macbook/Documents/Documents_MacBook_Pro/ISTT/AirflowTutorial/envlibs/lib/python3.10/site-packages/airflow/example_dags/example_complex.py
[2023-06-22T16:12:11.395+0700] {logging_mixin.py:149} INFO - [2023-06-22T16:12:11.395+0700] {dag.py:2726} INFO - Sync 1 DAGs
[2023-06-22T16:12:11.410+0700] {logging_mixin.py:149} INFO - [2023-06-22T16:12:11.410+0700] {dag.py:3486} INFO - Setting next_dagrun for example_complex to None, run_after=None
[2023-06-22T16:12:11.428+0700] {processor.py:179} INFO - Processing /Users/macbook/Documents/Documents_MacBook_Pro/ISTT/AirflowTutorial/envlibs/lib/python3.10/site-packages/airflow/example_dags/example_complex.py took 0.779 seconds
[2023-06-22T16:16:15.214+0700] {processor.py:157} INFO - Started process (PID=15426) to work on /Users/macbook/Documents/Documents_MacBook_Pro/ISTT/AirflowTutorial/envlibs/lib/python3.10/site-packages/airflow/example_dags/example_complex.py
[2023-06-22T16:16:15.216+0700] {processor.py:826} INFO - Processing file /Users/macbook/Documents/Documents_MacBook_Pro/ISTT/AirflowTutorial/envlibs/lib/python3.10/site-packages/airflow/example_dags/example_complex.py for tasks to queue
[2023-06-22T16:16:15.217+0700] {logging_mixin.py:149} INFO - [2023-06-22T16:16:15.217+0700] {dagbag.py:541} INFO - Filling up the DagBag from /Users/macbook/Documents/Documents_MacBook_Pro/ISTT/AirflowTutorial/envlibs/lib/python3.10/site-packages/airflow/example_dags/example_complex.py
[2023-06-22T16:16:15.241+0700] {processor.py:836} INFO - DAG(s) dict_keys(['example_complex']) retrieved from /Users/macbook/Documents/Documents_MacBook_Pro/ISTT/AirflowTutorial/envlibs/lib/python3.10/site-packages/airflow/example_dags/example_complex.py
[2023-06-22T16:16:15.974+0700] {logging_mixin.py:149} INFO - [2023-06-22T16:16:15.974+0700] {dag.py:2726} INFO - Sync 1 DAGs
[2023-06-22T16:16:15.994+0700] {logging_mixin.py:149} INFO - [2023-06-22T16:16:15.994+0700] {dag.py:3486} INFO - Setting next_dagrun for example_complex to None, run_after=None
[2023-06-22T16:16:16.015+0700] {processor.py:179} INFO - Processing /Users/macbook/Documents/Documents_MacBook_Pro/ISTT/AirflowTutorial/envlibs/lib/python3.10/site-packages/airflow/example_dags/example_complex.py took 0.801 seconds
[2023-06-22T16:20:45.928+0700] {processor.py:157} INFO - Started process (PID=15589) to work on /Users/macbook/Documents/Documents_MacBook_Pro/ISTT/AirflowTutorial/envlibs/lib/python3.10/site-packages/airflow/example_dags/example_complex.py
[2023-06-22T16:20:45.930+0700] {processor.py:826} INFO - Processing file /Users/macbook/Documents/Documents_MacBook_Pro/ISTT/AirflowTutorial/envlibs/lib/python3.10/site-packages/airflow/example_dags/example_complex.py for tasks to queue
[2023-06-22T16:20:45.931+0700] {logging_mixin.py:149} INFO - [2023-06-22T16:20:45.931+0700] {dagbag.py:541} INFO - Filling up the DagBag from /Users/macbook/Documents/Documents_MacBook_Pro/ISTT/AirflowTutorial/envlibs/lib/python3.10/site-packages/airflow/example_dags/example_complex.py
[2023-06-22T16:20:45.958+0700] {processor.py:836} INFO - DAG(s) dict_keys(['example_complex']) retrieved from /Users/macbook/Documents/Documents_MacBook_Pro/ISTT/AirflowTutorial/envlibs/lib/python3.10/site-packages/airflow/example_dags/example_complex.py
[2023-06-22T16:20:46.744+0700] {logging_mixin.py:149} INFO - [2023-06-22T16:20:46.744+0700] {dag.py:2726} INFO - Sync 1 DAGs
[2023-06-22T16:20:46.761+0700] {logging_mixin.py:149} INFO - [2023-06-22T16:20:46.761+0700] {dag.py:3486} INFO - Setting next_dagrun for example_complex to None, run_after=None
[2023-06-22T16:20:46.781+0700] {processor.py:179} INFO - Processing /Users/macbook/Documents/Documents_MacBook_Pro/ISTT/AirflowTutorial/envlibs/lib/python3.10/site-packages/airflow/example_dags/example_complex.py took 0.854 seconds
[2023-06-22T16:24:39.531+0700] {processor.py:157} INFO - Started process (PID=15697) to work on /Users/macbook/Documents/Documents_MacBook_Pro/ISTT/AirflowTutorial/envlibs/lib/python3.10/site-packages/airflow/example_dags/example_complex.py
[2023-06-22T16:24:39.533+0700] {processor.py:826} INFO - Processing file /Users/macbook/Documents/Documents_MacBook_Pro/ISTT/AirflowTutorial/envlibs/lib/python3.10/site-packages/airflow/example_dags/example_complex.py for tasks to queue
[2023-06-22T16:24:39.533+0700] {logging_mixin.py:149} INFO - [2023-06-22T16:24:39.533+0700] {dagbag.py:541} INFO - Filling up the DagBag from /Users/macbook/Documents/Documents_MacBook_Pro/ISTT/AirflowTutorial/envlibs/lib/python3.10/site-packages/airflow/example_dags/example_complex.py
[2023-06-22T16:24:39.557+0700] {processor.py:836} INFO - DAG(s) dict_keys(['example_complex']) retrieved from /Users/macbook/Documents/Documents_MacBook_Pro/ISTT/AirflowTutorial/envlibs/lib/python3.10/site-packages/airflow/example_dags/example_complex.py
[2023-06-22T16:24:40.234+0700] {logging_mixin.py:149} INFO - [2023-06-22T16:24:40.233+0700] {dag.py:2726} INFO - Sync 1 DAGs
[2023-06-22T16:24:40.248+0700] {logging_mixin.py:149} INFO - [2023-06-22T16:24:40.248+0700] {dag.py:3486} INFO - Setting next_dagrun for example_complex to None, run_after=None
[2023-06-22T16:24:40.267+0700] {processor.py:179} INFO - Processing /Users/macbook/Documents/Documents_MacBook_Pro/ISTT/AirflowTutorial/envlibs/lib/python3.10/site-packages/airflow/example_dags/example_complex.py took 0.736 seconds
