[2023-06-22T14:28:27.589+0700] {processor.py:157} INFO - Started process (PID=11895) to work on /Users/macbook/Documents/Documents_MacBook_Pro/ISTT/AirflowTutorial/envlibs/lib/python3.10/site-packages/airflow/example_dags/example_kubernetes_executor.py
[2023-06-22T14:28:27.590+0700] {processor.py:826} INFO - Processing file /Users/macbook/Documents/Documents_MacBook_Pro/ISTT/AirflowTutorial/envlibs/lib/python3.10/site-packages/airflow/example_dags/example_kubernetes_executor.py for tasks to queue
[2023-06-22T14:28:27.591+0700] {logging_mixin.py:149} INFO - [2023-06-22T14:28:27.591+0700] {dagbag.py:541} INFO - Filling up the DagBag from /Users/macbook/Documents/Documents_MacBook_Pro/ISTT/AirflowTutorial/envlibs/lib/python3.10/site-packages/airflow/example_dags/example_kubernetes_executor.py
[2023-06-22T14:28:27.947+0700] {processor.py:836} INFO - DAG(s) dict_keys(['example_kubernetes_executor']) retrieved from /Users/macbook/Documents/Documents_MacBook_Pro/ISTT/AirflowTutorial/envlibs/lib/python3.10/site-packages/airflow/example_dags/example_kubernetes_executor.py
[2023-06-22T14:28:28.797+0700] {logging_mixin.py:149} INFO - [2023-06-22T14:28:28.797+0700] {dag.py:2726} INFO - Sync 1 DAGs
[2023-06-22T14:28:28.813+0700] {logging_mixin.py:149} INFO - [2023-06-22T14:28:28.813+0700] {dag.py:3486} INFO - Setting next_dagrun for example_kubernetes_executor to None, run_after=None
[2023-06-22T14:28:28.833+0700] {processor.py:179} INFO - Processing /Users/macbook/Documents/Documents_MacBook_Pro/ISTT/AirflowTutorial/envlibs/lib/python3.10/site-packages/airflow/example_dags/example_kubernetes_executor.py took 1.244 seconds
[2023-06-22T14:30:58.543+0700] {processor.py:157} INFO - Started process (PID=11971) to work on /Users/macbook/Documents/Documents_MacBook_Pro/ISTT/AirflowTutorial/envlibs/lib/python3.10/site-packages/airflow/example_dags/example_kubernetes_executor.py
[2023-06-22T14:30:58.544+0700] {processor.py:826} INFO - Processing file /Users/macbook/Documents/Documents_MacBook_Pro/ISTT/AirflowTutorial/envlibs/lib/python3.10/site-packages/airflow/example_dags/example_kubernetes_executor.py for tasks to queue
[2023-06-22T14:30:58.544+0700] {logging_mixin.py:149} INFO - [2023-06-22T14:30:58.544+0700] {dagbag.py:541} INFO - Filling up the DagBag from /Users/macbook/Documents/Documents_MacBook_Pro/ISTT/AirflowTutorial/envlibs/lib/python3.10/site-packages/airflow/example_dags/example_kubernetes_executor.py
[2023-06-22T14:30:59.443+0700] {processor.py:836} INFO - DAG(s) dict_keys(['example_kubernetes_executor']) retrieved from /Users/macbook/Documents/Documents_MacBook_Pro/ISTT/AirflowTutorial/envlibs/lib/python3.10/site-packages/airflow/example_dags/example_kubernetes_executor.py
[2023-06-22T14:31:00.428+0700] {logging_mixin.py:149} INFO - [2023-06-22T14:31:00.427+0700] {dag.py:2726} INFO - Sync 1 DAGs
[2023-06-22T14:31:00.444+0700] {logging_mixin.py:149} INFO - [2023-06-22T14:31:00.444+0700] {dag.py:3486} INFO - Setting next_dagrun for example_kubernetes_executor to None, run_after=None
[2023-06-22T14:31:00.464+0700] {processor.py:179} INFO - Processing /Users/macbook/Documents/Documents_MacBook_Pro/ISTT/AirflowTutorial/envlibs/lib/python3.10/site-packages/airflow/example_dags/example_kubernetes_executor.py took 1.922 seconds
[2023-06-22T14:35:53.570+0700] {processor.py:157} INFO - Started process (PID=12238) to work on /Users/macbook/Documents/Documents_MacBook_Pro/ISTT/AirflowTutorial/envlibs/lib/python3.10/site-packages/airflow/example_dags/example_kubernetes_executor.py
[2023-06-22T14:35:53.571+0700] {processor.py:826} INFO - Processing file /Users/macbook/Documents/Documents_MacBook_Pro/ISTT/AirflowTutorial/envlibs/lib/python3.10/site-packages/airflow/example_dags/example_kubernetes_executor.py for tasks to queue
[2023-06-22T14:35:53.572+0700] {logging_mixin.py:149} INFO - [2023-06-22T14:35:53.572+0700] {dagbag.py:541} INFO - Filling up the DagBag from /Users/macbook/Documents/Documents_MacBook_Pro/ISTT/AirflowTutorial/envlibs/lib/python3.10/site-packages/airflow/example_dags/example_kubernetes_executor.py
[2023-06-22T14:35:54.409+0700] {processor.py:836} INFO - DAG(s) dict_keys(['example_kubernetes_executor']) retrieved from /Users/macbook/Documents/Documents_MacBook_Pro/ISTT/AirflowTutorial/envlibs/lib/python3.10/site-packages/airflow/example_dags/example_kubernetes_executor.py
[2023-06-22T14:35:55.922+0700] {logging_mixin.py:149} INFO - [2023-06-22T14:35:55.922+0700] {dag.py:2726} INFO - Sync 1 DAGs
[2023-06-22T14:35:55.967+0700] {logging_mixin.py:149} INFO - [2023-06-22T14:35:55.966+0700] {dag.py:2747} INFO - Creating ORM DAG for example_kubernetes_executor
[2023-06-22T14:35:55.989+0700] {logging_mixin.py:149} INFO - [2023-06-22T14:35:55.989+0700] {dag.py:3486} INFO - Setting next_dagrun for example_kubernetes_executor to None, run_after=None
[2023-06-22T14:35:56.030+0700] {processor.py:179} INFO - Processing /Users/macbook/Documents/Documents_MacBook_Pro/ISTT/AirflowTutorial/envlibs/lib/python3.10/site-packages/airflow/example_dags/example_kubernetes_executor.py took 2.461 seconds
[2023-06-22T14:40:59.428+0700] {processor.py:157} INFO - Started process (PID=12483) to work on /Users/macbook/Documents/Documents_MacBook_Pro/ISTT/AirflowTutorial/envlibs/lib/python3.10/site-packages/airflow/example_dags/example_kubernetes_executor.py
[2023-06-22T14:40:59.429+0700] {processor.py:826} INFO - Processing file /Users/macbook/Documents/Documents_MacBook_Pro/ISTT/AirflowTutorial/envlibs/lib/python3.10/site-packages/airflow/example_dags/example_kubernetes_executor.py for tasks to queue
[2023-06-22T14:40:59.430+0700] {logging_mixin.py:149} INFO - [2023-06-22T14:40:59.430+0700] {dagbag.py:541} INFO - Filling up the DagBag from /Users/macbook/Documents/Documents_MacBook_Pro/ISTT/AirflowTutorial/envlibs/lib/python3.10/site-packages/airflow/example_dags/example_kubernetes_executor.py
[2023-06-22T14:40:59.961+0700] {processor.py:836} INFO - DAG(s) dict_keys(['example_kubernetes_executor']) retrieved from /Users/macbook/Documents/Documents_MacBook_Pro/ISTT/AirflowTutorial/envlibs/lib/python3.10/site-packages/airflow/example_dags/example_kubernetes_executor.py
[2023-06-22T14:41:01.017+0700] {logging_mixin.py:149} INFO - [2023-06-22T14:41:01.017+0700] {dag.py:2726} INFO - Sync 1 DAGs
[2023-06-22T14:41:01.028+0700] {logging_mixin.py:149} INFO - [2023-06-22T14:41:01.028+0700] {dag.py:2747} INFO - Creating ORM DAG for example_kubernetes_executor
[2023-06-22T14:41:01.037+0700] {logging_mixin.py:149} INFO - [2023-06-22T14:41:01.036+0700] {dag.py:3486} INFO - Setting next_dagrun for example_kubernetes_executor to None, run_after=None
[2023-06-22T14:41:01.058+0700] {processor.py:179} INFO - Processing /Users/macbook/Documents/Documents_MacBook_Pro/ISTT/AirflowTutorial/envlibs/lib/python3.10/site-packages/airflow/example_dags/example_kubernetes_executor.py took 1.631 seconds
[2023-06-22T14:45:12.824+0700] {processor.py:157} INFO - Started process (PID=12601) to work on /Users/macbook/Documents/Documents_MacBook_Pro/ISTT/AirflowTutorial/envlibs/lib/python3.10/site-packages/airflow/example_dags/example_kubernetes_executor.py
[2023-06-22T14:45:12.825+0700] {processor.py:826} INFO - Processing file /Users/macbook/Documents/Documents_MacBook_Pro/ISTT/AirflowTutorial/envlibs/lib/python3.10/site-packages/airflow/example_dags/example_kubernetes_executor.py for tasks to queue
[2023-06-22T14:45:12.825+0700] {logging_mixin.py:149} INFO - [2023-06-22T14:45:12.825+0700] {dagbag.py:541} INFO - Filling up the DagBag from /Users/macbook/Documents/Documents_MacBook_Pro/ISTT/AirflowTutorial/envlibs/lib/python3.10/site-packages/airflow/example_dags/example_kubernetes_executor.py
[2023-06-22T14:45:13.164+0700] {processor.py:836} INFO - DAG(s) dict_keys(['example_kubernetes_executor']) retrieved from /Users/macbook/Documents/Documents_MacBook_Pro/ISTT/AirflowTutorial/envlibs/lib/python3.10/site-packages/airflow/example_dags/example_kubernetes_executor.py
[2023-06-22T14:45:13.982+0700] {logging_mixin.py:149} INFO - [2023-06-22T14:45:13.981+0700] {dag.py:2726} INFO - Sync 1 DAGs
[2023-06-22T14:45:13.996+0700] {logging_mixin.py:149} INFO - [2023-06-22T14:45:13.996+0700] {dag.py:3486} INFO - Setting next_dagrun for example_kubernetes_executor to None, run_after=None
[2023-06-22T14:45:14.015+0700] {processor.py:179} INFO - Processing /Users/macbook/Documents/Documents_MacBook_Pro/ISTT/AirflowTutorial/envlibs/lib/python3.10/site-packages/airflow/example_dags/example_kubernetes_executor.py took 1.192 seconds
[2023-06-22T14:49:25.825+0700] {processor.py:157} INFO - Started process (PID=12722) to work on /Users/macbook/Documents/Documents_MacBook_Pro/ISTT/AirflowTutorial/envlibs/lib/python3.10/site-packages/airflow/example_dags/example_kubernetes_executor.py
[2023-06-22T14:49:25.826+0700] {processor.py:826} INFO - Processing file /Users/macbook/Documents/Documents_MacBook_Pro/ISTT/AirflowTutorial/envlibs/lib/python3.10/site-packages/airflow/example_dags/example_kubernetes_executor.py for tasks to queue
[2023-06-22T14:49:25.827+0700] {logging_mixin.py:149} INFO - [2023-06-22T14:49:25.827+0700] {dagbag.py:541} INFO - Filling up the DagBag from /Users/macbook/Documents/Documents_MacBook_Pro/ISTT/AirflowTutorial/envlibs/lib/python3.10/site-packages/airflow/example_dags/example_kubernetes_executor.py
[2023-06-22T14:49:26.254+0700] {processor.py:836} INFO - DAG(s) dict_keys(['example_kubernetes_executor']) retrieved from /Users/macbook/Documents/Documents_MacBook_Pro/ISTT/AirflowTutorial/envlibs/lib/python3.10/site-packages/airflow/example_dags/example_kubernetes_executor.py
[2023-06-22T14:49:27.221+0700] {logging_mixin.py:149} INFO - [2023-06-22T14:49:27.221+0700] {dag.py:2726} INFO - Sync 1 DAGs
[2023-06-22T14:49:27.239+0700] {logging_mixin.py:149} INFO - [2023-06-22T14:49:27.239+0700] {dag.py:3486} INFO - Setting next_dagrun for example_kubernetes_executor to None, run_after=None
[2023-06-22T14:49:27.259+0700] {processor.py:179} INFO - Processing /Users/macbook/Documents/Documents_MacBook_Pro/ISTT/AirflowTutorial/envlibs/lib/python3.10/site-packages/airflow/example_dags/example_kubernetes_executor.py took 1.436 seconds
[2023-06-22T14:53:28.161+0700] {processor.py:157} INFO - Started process (PID=12833) to work on /Users/macbook/Documents/Documents_MacBook_Pro/ISTT/AirflowTutorial/envlibs/lib/python3.10/site-packages/airflow/example_dags/example_kubernetes_executor.py
[2023-06-22T14:53:28.162+0700] {processor.py:826} INFO - Processing file /Users/macbook/Documents/Documents_MacBook_Pro/ISTT/AirflowTutorial/envlibs/lib/python3.10/site-packages/airflow/example_dags/example_kubernetes_executor.py for tasks to queue
[2023-06-22T14:53:28.162+0700] {logging_mixin.py:149} INFO - [2023-06-22T14:53:28.162+0700] {dagbag.py:541} INFO - Filling up the DagBag from /Users/macbook/Documents/Documents_MacBook_Pro/ISTT/AirflowTutorial/envlibs/lib/python3.10/site-packages/airflow/example_dags/example_kubernetes_executor.py
[2023-06-22T14:53:28.497+0700] {processor.py:836} INFO - DAG(s) dict_keys(['example_kubernetes_executor']) retrieved from /Users/macbook/Documents/Documents_MacBook_Pro/ISTT/AirflowTutorial/envlibs/lib/python3.10/site-packages/airflow/example_dags/example_kubernetes_executor.py
[2023-06-22T14:53:29.223+0700] {logging_mixin.py:149} INFO - [2023-06-22T14:53:29.223+0700] {dag.py:2726} INFO - Sync 1 DAGs
[2023-06-22T14:53:29.237+0700] {logging_mixin.py:149} INFO - [2023-06-22T14:53:29.237+0700] {dag.py:3486} INFO - Setting next_dagrun for example_kubernetes_executor to None, run_after=None
[2023-06-22T14:53:29.254+0700] {processor.py:179} INFO - Processing /Users/macbook/Documents/Documents_MacBook_Pro/ISTT/AirflowTutorial/envlibs/lib/python3.10/site-packages/airflow/example_dags/example_kubernetes_executor.py took 1.094 seconds
[2023-06-22T14:57:21.745+0700] {processor.py:157} INFO - Started process (PID=12937) to work on /Users/macbook/Documents/Documents_MacBook_Pro/ISTT/AirflowTutorial/envlibs/lib/python3.10/site-packages/airflow/example_dags/example_kubernetes_executor.py
[2023-06-22T14:57:21.746+0700] {processor.py:826} INFO - Processing file /Users/macbook/Documents/Documents_MacBook_Pro/ISTT/AirflowTutorial/envlibs/lib/python3.10/site-packages/airflow/example_dags/example_kubernetes_executor.py for tasks to queue
[2023-06-22T14:57:21.747+0700] {logging_mixin.py:149} INFO - [2023-06-22T14:57:21.747+0700] {dagbag.py:541} INFO - Filling up the DagBag from /Users/macbook/Documents/Documents_MacBook_Pro/ISTT/AirflowTutorial/envlibs/lib/python3.10/site-packages/airflow/example_dags/example_kubernetes_executor.py
[2023-06-22T14:57:22.074+0700] {processor.py:836} INFO - DAG(s) dict_keys(['example_kubernetes_executor']) retrieved from /Users/macbook/Documents/Documents_MacBook_Pro/ISTT/AirflowTutorial/envlibs/lib/python3.10/site-packages/airflow/example_dags/example_kubernetes_executor.py
[2023-06-22T14:57:22.813+0700] {logging_mixin.py:149} INFO - [2023-06-22T14:57:22.812+0700] {dag.py:2726} INFO - Sync 1 DAGs
[2023-06-22T14:57:22.830+0700] {logging_mixin.py:149} INFO - [2023-06-22T14:57:22.829+0700] {dag.py:3486} INFO - Setting next_dagrun for example_kubernetes_executor to None, run_after=None
[2023-06-22T14:57:22.852+0700] {processor.py:179} INFO - Processing /Users/macbook/Documents/Documents_MacBook_Pro/ISTT/AirflowTutorial/envlibs/lib/python3.10/site-packages/airflow/example_dags/example_kubernetes_executor.py took 1.108 seconds
[2023-06-22T15:01:28.073+0700] {processor.py:157} INFO - Started process (PID=13047) to work on /Users/macbook/Documents/Documents_MacBook_Pro/ISTT/AirflowTutorial/envlibs/lib/python3.10/site-packages/airflow/example_dags/example_kubernetes_executor.py
[2023-06-22T15:01:28.076+0700] {processor.py:826} INFO - Processing file /Users/macbook/Documents/Documents_MacBook_Pro/ISTT/AirflowTutorial/envlibs/lib/python3.10/site-packages/airflow/example_dags/example_kubernetes_executor.py for tasks to queue
[2023-06-22T15:01:28.077+0700] {logging_mixin.py:149} INFO - [2023-06-22T15:01:28.076+0700] {dagbag.py:541} INFO - Filling up the DagBag from /Users/macbook/Documents/Documents_MacBook_Pro/ISTT/AirflowTutorial/envlibs/lib/python3.10/site-packages/airflow/example_dags/example_kubernetes_executor.py
[2023-06-22T15:01:28.505+0700] {processor.py:836} INFO - DAG(s) dict_keys(['example_kubernetes_executor']) retrieved from /Users/macbook/Documents/Documents_MacBook_Pro/ISTT/AirflowTutorial/envlibs/lib/python3.10/site-packages/airflow/example_dags/example_kubernetes_executor.py
[2023-06-22T15:01:29.451+0700] {logging_mixin.py:149} INFO - [2023-06-22T15:01:29.450+0700] {dag.py:2726} INFO - Sync 1 DAGs
[2023-06-22T15:01:29.469+0700] {logging_mixin.py:149} INFO - [2023-06-22T15:01:29.469+0700] {dag.py:3486} INFO - Setting next_dagrun for example_kubernetes_executor to None, run_after=None
[2023-06-22T15:01:29.500+0700] {processor.py:179} INFO - Processing /Users/macbook/Documents/Documents_MacBook_Pro/ISTT/AirflowTutorial/envlibs/lib/python3.10/site-packages/airflow/example_dags/example_kubernetes_executor.py took 1.436 seconds
[2023-06-22T15:05:32.283+0700] {processor.py:157} INFO - Started process (PID=13175) to work on /Users/macbook/Documents/Documents_MacBook_Pro/ISTT/AirflowTutorial/envlibs/lib/python3.10/site-packages/airflow/example_dags/example_kubernetes_executor.py
[2023-06-22T15:05:32.284+0700] {processor.py:826} INFO - Processing file /Users/macbook/Documents/Documents_MacBook_Pro/ISTT/AirflowTutorial/envlibs/lib/python3.10/site-packages/airflow/example_dags/example_kubernetes_executor.py for tasks to queue
[2023-06-22T15:05:32.285+0700] {logging_mixin.py:149} INFO - [2023-06-22T15:05:32.285+0700] {dagbag.py:541} INFO - Filling up the DagBag from /Users/macbook/Documents/Documents_MacBook_Pro/ISTT/AirflowTutorial/envlibs/lib/python3.10/site-packages/airflow/example_dags/example_kubernetes_executor.py
[2023-06-22T15:05:32.929+0700] {processor.py:836} INFO - DAG(s) dict_keys(['example_kubernetes_executor']) retrieved from /Users/macbook/Documents/Documents_MacBook_Pro/ISTT/AirflowTutorial/envlibs/lib/python3.10/site-packages/airflow/example_dags/example_kubernetes_executor.py
[2023-06-22T15:05:33.957+0700] {logging_mixin.py:149} INFO - [2023-06-22T15:05:33.957+0700] {dag.py:2726} INFO - Sync 1 DAGs
[2023-06-22T15:05:33.975+0700] {logging_mixin.py:149} INFO - [2023-06-22T15:05:33.975+0700] {dag.py:3486} INFO - Setting next_dagrun for example_kubernetes_executor to None, run_after=None
[2023-06-22T15:05:33.999+0700] {processor.py:179} INFO - Processing /Users/macbook/Documents/Documents_MacBook_Pro/ISTT/AirflowTutorial/envlibs/lib/python3.10/site-packages/airflow/example_dags/example_kubernetes_executor.py took 1.717 seconds
[2023-06-22T15:09:40.766+0700] {processor.py:157} INFO - Started process (PID=13328) to work on /Users/macbook/Documents/Documents_MacBook_Pro/ISTT/AirflowTutorial/envlibs/lib/python3.10/site-packages/airflow/example_dags/example_kubernetes_executor.py
[2023-06-22T15:09:40.767+0700] {processor.py:826} INFO - Processing file /Users/macbook/Documents/Documents_MacBook_Pro/ISTT/AirflowTutorial/envlibs/lib/python3.10/site-packages/airflow/example_dags/example_kubernetes_executor.py for tasks to queue
[2023-06-22T15:09:40.768+0700] {logging_mixin.py:149} INFO - [2023-06-22T15:09:40.768+0700] {dagbag.py:541} INFO - Filling up the DagBag from /Users/macbook/Documents/Documents_MacBook_Pro/ISTT/AirflowTutorial/envlibs/lib/python3.10/site-packages/airflow/example_dags/example_kubernetes_executor.py
[2023-06-22T15:09:41.468+0700] {processor.py:836} INFO - DAG(s) dict_keys(['example_kubernetes_executor']) retrieved from /Users/macbook/Documents/Documents_MacBook_Pro/ISTT/AirflowTutorial/envlibs/lib/python3.10/site-packages/airflow/example_dags/example_kubernetes_executor.py
[2023-06-22T15:09:42.747+0700] {logging_mixin.py:149} INFO - [2023-06-22T15:09:42.746+0700] {dag.py:2726} INFO - Sync 1 DAGs
[2023-06-22T15:09:42.766+0700] {logging_mixin.py:149} INFO - [2023-06-22T15:09:42.766+0700] {dag.py:3486} INFO - Setting next_dagrun for example_kubernetes_executor to None, run_after=None
[2023-06-22T15:09:42.794+0700] {processor.py:179} INFO - Processing /Users/macbook/Documents/Documents_MacBook_Pro/ISTT/AirflowTutorial/envlibs/lib/python3.10/site-packages/airflow/example_dags/example_kubernetes_executor.py took 2.029 seconds
[2023-06-22T15:13:53.287+0700] {processor.py:157} INFO - Started process (PID=13493) to work on /Users/macbook/Documents/Documents_MacBook_Pro/ISTT/AirflowTutorial/envlibs/lib/python3.10/site-packages/airflow/example_dags/example_kubernetes_executor.py
[2023-06-22T15:13:53.289+0700] {processor.py:826} INFO - Processing file /Users/macbook/Documents/Documents_MacBook_Pro/ISTT/AirflowTutorial/envlibs/lib/python3.10/site-packages/airflow/example_dags/example_kubernetes_executor.py for tasks to queue
[2023-06-22T15:13:53.290+0700] {logging_mixin.py:149} INFO - [2023-06-22T15:13:53.290+0700] {dagbag.py:541} INFO - Filling up the DagBag from /Users/macbook/Documents/Documents_MacBook_Pro/ISTT/AirflowTutorial/envlibs/lib/python3.10/site-packages/airflow/example_dags/example_kubernetes_executor.py
[2023-06-22T15:13:53.912+0700] {processor.py:836} INFO - DAG(s) dict_keys(['example_kubernetes_executor']) retrieved from /Users/macbook/Documents/Documents_MacBook_Pro/ISTT/AirflowTutorial/envlibs/lib/python3.10/site-packages/airflow/example_dags/example_kubernetes_executor.py
[2023-06-22T15:13:55.041+0700] {logging_mixin.py:149} INFO - [2023-06-22T15:13:55.041+0700] {dag.py:2726} INFO - Sync 1 DAGs
[2023-06-22T15:13:55.064+0700] {logging_mixin.py:149} INFO - [2023-06-22T15:13:55.064+0700] {dag.py:3486} INFO - Setting next_dagrun for example_kubernetes_executor to None, run_after=None
[2023-06-22T15:13:55.087+0700] {processor.py:179} INFO - Processing /Users/macbook/Documents/Documents_MacBook_Pro/ISTT/AirflowTutorial/envlibs/lib/python3.10/site-packages/airflow/example_dags/example_kubernetes_executor.py took 1.801 seconds
[2023-06-22T15:18:09.567+0700] {processor.py:157} INFO - Started process (PID=13651) to work on /Users/macbook/Documents/Documents_MacBook_Pro/ISTT/AirflowTutorial/envlibs/lib/python3.10/site-packages/airflow/example_dags/example_kubernetes_executor.py
[2023-06-22T15:18:09.568+0700] {processor.py:826} INFO - Processing file /Users/macbook/Documents/Documents_MacBook_Pro/ISTT/AirflowTutorial/envlibs/lib/python3.10/site-packages/airflow/example_dags/example_kubernetes_executor.py for tasks to queue
[2023-06-22T15:18:09.569+0700] {logging_mixin.py:149} INFO - [2023-06-22T15:18:09.569+0700] {dagbag.py:541} INFO - Filling up the DagBag from /Users/macbook/Documents/Documents_MacBook_Pro/ISTT/AirflowTutorial/envlibs/lib/python3.10/site-packages/airflow/example_dags/example_kubernetes_executor.py
[2023-06-22T15:18:09.864+0700] {processor.py:836} INFO - DAG(s) dict_keys(['example_kubernetes_executor']) retrieved from /Users/macbook/Documents/Documents_MacBook_Pro/ISTT/AirflowTutorial/envlibs/lib/python3.10/site-packages/airflow/example_dags/example_kubernetes_executor.py
[2023-06-22T15:18:10.595+0700] {logging_mixin.py:149} INFO - [2023-06-22T15:18:10.595+0700] {dag.py:2726} INFO - Sync 1 DAGs
[2023-06-22T15:18:10.609+0700] {logging_mixin.py:149} INFO - [2023-06-22T15:18:10.609+0700] {dag.py:3486} INFO - Setting next_dagrun for example_kubernetes_executor to None, run_after=None
[2023-06-22T15:18:10.628+0700] {processor.py:179} INFO - Processing /Users/macbook/Documents/Documents_MacBook_Pro/ISTT/AirflowTutorial/envlibs/lib/python3.10/site-packages/airflow/example_dags/example_kubernetes_executor.py took 1.062 seconds
[2023-06-22T15:22:10.257+0700] {processor.py:157} INFO - Started process (PID=13798) to work on /Users/macbook/Documents/Documents_MacBook_Pro/ISTT/AirflowTutorial/envlibs/lib/python3.10/site-packages/airflow/example_dags/example_kubernetes_executor.py
[2023-06-22T15:22:10.258+0700] {processor.py:826} INFO - Processing file /Users/macbook/Documents/Documents_MacBook_Pro/ISTT/AirflowTutorial/envlibs/lib/python3.10/site-packages/airflow/example_dags/example_kubernetes_executor.py for tasks to queue
[2023-06-22T15:22:10.259+0700] {logging_mixin.py:149} INFO - [2023-06-22T15:22:10.258+0700] {dagbag.py:541} INFO - Filling up the DagBag from /Users/macbook/Documents/Documents_MacBook_Pro/ISTT/AirflowTutorial/envlibs/lib/python3.10/site-packages/airflow/example_dags/example_kubernetes_executor.py
[2023-06-22T15:22:10.626+0700] {processor.py:836} INFO - DAG(s) dict_keys(['example_kubernetes_executor']) retrieved from /Users/macbook/Documents/Documents_MacBook_Pro/ISTT/AirflowTutorial/envlibs/lib/python3.10/site-packages/airflow/example_dags/example_kubernetes_executor.py
[2023-06-22T15:22:11.482+0700] {logging_mixin.py:149} INFO - [2023-06-22T15:22:11.481+0700] {dag.py:2726} INFO - Sync 1 DAGs
[2023-06-22T15:22:11.498+0700] {logging_mixin.py:149} INFO - [2023-06-22T15:22:11.497+0700] {dag.py:3486} INFO - Setting next_dagrun for example_kubernetes_executor to None, run_after=None
[2023-06-22T15:22:11.517+0700] {processor.py:179} INFO - Processing /Users/macbook/Documents/Documents_MacBook_Pro/ISTT/AirflowTutorial/envlibs/lib/python3.10/site-packages/airflow/example_dags/example_kubernetes_executor.py took 1.261 seconds
[2023-06-22T15:26:46.952+0700] {processor.py:157} INFO - Started process (PID=13924) to work on /Users/macbook/Documents/Documents_MacBook_Pro/ISTT/AirflowTutorial/envlibs/lib/python3.10/site-packages/airflow/example_dags/example_kubernetes_executor.py
[2023-06-22T15:26:46.954+0700] {processor.py:826} INFO - Processing file /Users/macbook/Documents/Documents_MacBook_Pro/ISTT/AirflowTutorial/envlibs/lib/python3.10/site-packages/airflow/example_dags/example_kubernetes_executor.py for tasks to queue
[2023-06-22T15:26:46.954+0700] {logging_mixin.py:149} INFO - [2023-06-22T15:26:46.954+0700] {dagbag.py:541} INFO - Filling up the DagBag from /Users/macbook/Documents/Documents_MacBook_Pro/ISTT/AirflowTutorial/envlibs/lib/python3.10/site-packages/airflow/example_dags/example_kubernetes_executor.py
[2023-06-22T15:26:47.352+0700] {processor.py:836} INFO - DAG(s) dict_keys(['example_kubernetes_executor']) retrieved from /Users/macbook/Documents/Documents_MacBook_Pro/ISTT/AirflowTutorial/envlibs/lib/python3.10/site-packages/airflow/example_dags/example_kubernetes_executor.py
[2023-06-22T15:26:48.204+0700] {logging_mixin.py:149} INFO - [2023-06-22T15:26:48.204+0700] {dag.py:2726} INFO - Sync 1 DAGs
[2023-06-22T15:26:48.225+0700] {logging_mixin.py:149} INFO - [2023-06-22T15:26:48.225+0700] {dag.py:3486} INFO - Setting next_dagrun for example_kubernetes_executor to None, run_after=None
[2023-06-22T15:26:48.257+0700] {processor.py:179} INFO - Processing /Users/macbook/Documents/Documents_MacBook_Pro/ISTT/AirflowTutorial/envlibs/lib/python3.10/site-packages/airflow/example_dags/example_kubernetes_executor.py took 1.306 seconds
[2023-06-22T15:31:00.088+0700] {processor.py:157} INFO - Started process (PID=14035) to work on /Users/macbook/Documents/Documents_MacBook_Pro/ISTT/AirflowTutorial/envlibs/lib/python3.10/site-packages/airflow/example_dags/example_kubernetes_executor.py
[2023-06-22T15:31:00.090+0700] {processor.py:826} INFO - Processing file /Users/macbook/Documents/Documents_MacBook_Pro/ISTT/AirflowTutorial/envlibs/lib/python3.10/site-packages/airflow/example_dags/example_kubernetes_executor.py for tasks to queue
[2023-06-22T15:31:00.090+0700] {logging_mixin.py:149} INFO - [2023-06-22T15:31:00.090+0700] {dagbag.py:541} INFO - Filling up the DagBag from /Users/macbook/Documents/Documents_MacBook_Pro/ISTT/AirflowTutorial/envlibs/lib/python3.10/site-packages/airflow/example_dags/example_kubernetes_executor.py
[2023-06-22T15:31:00.443+0700] {processor.py:836} INFO - DAG(s) dict_keys(['example_kubernetes_executor']) retrieved from /Users/macbook/Documents/Documents_MacBook_Pro/ISTT/AirflowTutorial/envlibs/lib/python3.10/site-packages/airflow/example_dags/example_kubernetes_executor.py
[2023-06-22T15:31:01.226+0700] {logging_mixin.py:149} INFO - [2023-06-22T15:31:01.226+0700] {dag.py:2726} INFO - Sync 1 DAGs
[2023-06-22T15:31:01.242+0700] {logging_mixin.py:149} INFO - [2023-06-22T15:31:01.242+0700] {dag.py:3486} INFO - Setting next_dagrun for example_kubernetes_executor to None, run_after=None
[2023-06-22T15:31:01.263+0700] {processor.py:179} INFO - Processing /Users/macbook/Documents/Documents_MacBook_Pro/ISTT/AirflowTutorial/envlibs/lib/python3.10/site-packages/airflow/example_dags/example_kubernetes_executor.py took 1.176 seconds
[2023-06-22T15:35:08.877+0700] {processor.py:157} INFO - Started process (PID=14162) to work on /Users/macbook/Documents/Documents_MacBook_Pro/ISTT/AirflowTutorial/envlibs/lib/python3.10/site-packages/airflow/example_dags/example_kubernetes_executor.py
[2023-06-22T15:35:08.878+0700] {processor.py:826} INFO - Processing file /Users/macbook/Documents/Documents_MacBook_Pro/ISTT/AirflowTutorial/envlibs/lib/python3.10/site-packages/airflow/example_dags/example_kubernetes_executor.py for tasks to queue
[2023-06-22T15:35:08.879+0700] {logging_mixin.py:149} INFO - [2023-06-22T15:35:08.879+0700] {dagbag.py:541} INFO - Filling up the DagBag from /Users/macbook/Documents/Documents_MacBook_Pro/ISTT/AirflowTutorial/envlibs/lib/python3.10/site-packages/airflow/example_dags/example_kubernetes_executor.py
[2023-06-22T15:35:09.398+0700] {processor.py:836} INFO - DAG(s) dict_keys(['example_kubernetes_executor']) retrieved from /Users/macbook/Documents/Documents_MacBook_Pro/ISTT/AirflowTutorial/envlibs/lib/python3.10/site-packages/airflow/example_dags/example_kubernetes_executor.py
[2023-06-22T15:35:10.255+0700] {logging_mixin.py:149} INFO - [2023-06-22T15:35:10.255+0700] {dag.py:2726} INFO - Sync 1 DAGs
[2023-06-22T15:35:10.277+0700] {logging_mixin.py:149} INFO - [2023-06-22T15:35:10.277+0700] {dag.py:3486} INFO - Setting next_dagrun for example_kubernetes_executor to None, run_after=None
[2023-06-22T15:35:10.298+0700] {processor.py:179} INFO - Processing /Users/macbook/Documents/Documents_MacBook_Pro/ISTT/AirflowTutorial/envlibs/lib/python3.10/site-packages/airflow/example_dags/example_kubernetes_executor.py took 1.421 seconds
[2023-06-22T15:39:28.157+0700] {processor.py:157} INFO - Started process (PID=14300) to work on /Users/macbook/Documents/Documents_MacBook_Pro/ISTT/AirflowTutorial/envlibs/lib/python3.10/site-packages/airflow/example_dags/example_kubernetes_executor.py
[2023-06-22T15:39:28.159+0700] {processor.py:826} INFO - Processing file /Users/macbook/Documents/Documents_MacBook_Pro/ISTT/AirflowTutorial/envlibs/lib/python3.10/site-packages/airflow/example_dags/example_kubernetes_executor.py for tasks to queue
[2023-06-22T15:39:28.159+0700] {logging_mixin.py:149} INFO - [2023-06-22T15:39:28.159+0700] {dagbag.py:541} INFO - Filling up the DagBag from /Users/macbook/Documents/Documents_MacBook_Pro/ISTT/AirflowTutorial/envlibs/lib/python3.10/site-packages/airflow/example_dags/example_kubernetes_executor.py
[2023-06-22T15:39:28.522+0700] {processor.py:836} INFO - DAG(s) dict_keys(['example_kubernetes_executor']) retrieved from /Users/macbook/Documents/Documents_MacBook_Pro/ISTT/AirflowTutorial/envlibs/lib/python3.10/site-packages/airflow/example_dags/example_kubernetes_executor.py
[2023-06-22T15:39:29.373+0700] {logging_mixin.py:149} INFO - [2023-06-22T15:39:29.373+0700] {dag.py:2726} INFO - Sync 1 DAGs
[2023-06-22T15:39:29.389+0700] {logging_mixin.py:149} INFO - [2023-06-22T15:39:29.389+0700] {dag.py:3486} INFO - Setting next_dagrun for example_kubernetes_executor to None, run_after=None
[2023-06-22T15:39:29.408+0700] {processor.py:179} INFO - Processing /Users/macbook/Documents/Documents_MacBook_Pro/ISTT/AirflowTutorial/envlibs/lib/python3.10/site-packages/airflow/example_dags/example_kubernetes_executor.py took 1.252 seconds
[2023-06-22T15:43:48.027+0700] {processor.py:157} INFO - Started process (PID=14437) to work on /Users/macbook/Documents/Documents_MacBook_Pro/ISTT/AirflowTutorial/envlibs/lib/python3.10/site-packages/airflow/example_dags/example_kubernetes_executor.py
[2023-06-22T15:43:48.028+0700] {processor.py:826} INFO - Processing file /Users/macbook/Documents/Documents_MacBook_Pro/ISTT/AirflowTutorial/envlibs/lib/python3.10/site-packages/airflow/example_dags/example_kubernetes_executor.py for tasks to queue
[2023-06-22T15:43:48.029+0700] {logging_mixin.py:149} INFO - [2023-06-22T15:43:48.029+0700] {dagbag.py:541} INFO - Filling up the DagBag from /Users/macbook/Documents/Documents_MacBook_Pro/ISTT/AirflowTutorial/envlibs/lib/python3.10/site-packages/airflow/example_dags/example_kubernetes_executor.py
[2023-06-22T15:43:48.473+0700] {processor.py:836} INFO - DAG(s) dict_keys(['example_kubernetes_executor']) retrieved from /Users/macbook/Documents/Documents_MacBook_Pro/ISTT/AirflowTutorial/envlibs/lib/python3.10/site-packages/airflow/example_dags/example_kubernetes_executor.py
[2023-06-22T15:43:49.403+0700] {logging_mixin.py:149} INFO - [2023-06-22T15:43:49.402+0700] {dag.py:2726} INFO - Sync 1 DAGs
[2023-06-22T15:43:49.423+0700] {logging_mixin.py:149} INFO - [2023-06-22T15:43:49.422+0700] {dag.py:3486} INFO - Setting next_dagrun for example_kubernetes_executor to None, run_after=None
[2023-06-22T15:43:49.447+0700] {processor.py:179} INFO - Processing /Users/macbook/Documents/Documents_MacBook_Pro/ISTT/AirflowTutorial/envlibs/lib/python3.10/site-packages/airflow/example_dags/example_kubernetes_executor.py took 1.421 seconds
[2023-06-22T15:48:09.014+0700] {processor.py:157} INFO - Started process (PID=14580) to work on /Users/macbook/Documents/Documents_MacBook_Pro/ISTT/AirflowTutorial/envlibs/lib/python3.10/site-packages/airflow/example_dags/example_kubernetes_executor.py
[2023-06-22T15:48:09.015+0700] {processor.py:826} INFO - Processing file /Users/macbook/Documents/Documents_MacBook_Pro/ISTT/AirflowTutorial/envlibs/lib/python3.10/site-packages/airflow/example_dags/example_kubernetes_executor.py for tasks to queue
[2023-06-22T15:48:09.016+0700] {logging_mixin.py:149} INFO - [2023-06-22T15:48:09.015+0700] {dagbag.py:541} INFO - Filling up the DagBag from /Users/macbook/Documents/Documents_MacBook_Pro/ISTT/AirflowTutorial/envlibs/lib/python3.10/site-packages/airflow/example_dags/example_kubernetes_executor.py
[2023-06-22T15:48:09.369+0700] {processor.py:836} INFO - DAG(s) dict_keys(['example_kubernetes_executor']) retrieved from /Users/macbook/Documents/Documents_MacBook_Pro/ISTT/AirflowTutorial/envlibs/lib/python3.10/site-packages/airflow/example_dags/example_kubernetes_executor.py
[2023-06-22T15:48:10.117+0700] {logging_mixin.py:149} INFO - [2023-06-22T15:48:10.117+0700] {dag.py:2726} INFO - Sync 1 DAGs
[2023-06-22T15:48:10.132+0700] {logging_mixin.py:149} INFO - [2023-06-22T15:48:10.132+0700] {dag.py:3486} INFO - Setting next_dagrun for example_kubernetes_executor to None, run_after=None
[2023-06-22T15:48:10.151+0700] {processor.py:179} INFO - Processing /Users/macbook/Documents/Documents_MacBook_Pro/ISTT/AirflowTutorial/envlibs/lib/python3.10/site-packages/airflow/example_dags/example_kubernetes_executor.py took 1.138 seconds
[2023-06-22T15:52:43.863+0700] {processor.py:157} INFO - Started process (PID=14719) to work on /Users/macbook/Documents/Documents_MacBook_Pro/ISTT/AirflowTutorial/envlibs/lib/python3.10/site-packages/airflow/example_dags/example_kubernetes_executor.py
[2023-06-22T15:52:43.865+0700] {processor.py:826} INFO - Processing file /Users/macbook/Documents/Documents_MacBook_Pro/ISTT/AirflowTutorial/envlibs/lib/python3.10/site-packages/airflow/example_dags/example_kubernetes_executor.py for tasks to queue
[2023-06-22T15:52:43.865+0700] {logging_mixin.py:149} INFO - [2023-06-22T15:52:43.865+0700] {dagbag.py:541} INFO - Filling up the DagBag from /Users/macbook/Documents/Documents_MacBook_Pro/ISTT/AirflowTutorial/envlibs/lib/python3.10/site-packages/airflow/example_dags/example_kubernetes_executor.py
[2023-06-22T15:52:44.199+0700] {processor.py:836} INFO - DAG(s) dict_keys(['example_kubernetes_executor']) retrieved from /Users/macbook/Documents/Documents_MacBook_Pro/ISTT/AirflowTutorial/envlibs/lib/python3.10/site-packages/airflow/example_dags/example_kubernetes_executor.py
[2023-06-22T15:52:44.976+0700] {logging_mixin.py:149} INFO - [2023-06-22T15:52:44.975+0700] {dag.py:2726} INFO - Sync 1 DAGs
[2023-06-22T15:52:44.992+0700] {logging_mixin.py:149} INFO - [2023-06-22T15:52:44.992+0700] {dag.py:3486} INFO - Setting next_dagrun for example_kubernetes_executor to None, run_after=None
[2023-06-22T15:52:45.013+0700] {processor.py:179} INFO - Processing /Users/macbook/Documents/Documents_MacBook_Pro/ISTT/AirflowTutorial/envlibs/lib/python3.10/site-packages/airflow/example_dags/example_kubernetes_executor.py took 1.151 seconds
[2023-06-22T15:57:14.575+0700] {processor.py:157} INFO - Started process (PID=14911) to work on /Users/macbook/Documents/Documents_MacBook_Pro/ISTT/AirflowTutorial/envlibs/lib/python3.10/site-packages/airflow/example_dags/example_kubernetes_executor.py
[2023-06-22T15:57:14.577+0700] {processor.py:826} INFO - Processing file /Users/macbook/Documents/Documents_MacBook_Pro/ISTT/AirflowTutorial/envlibs/lib/python3.10/site-packages/airflow/example_dags/example_kubernetes_executor.py for tasks to queue
[2023-06-22T15:57:14.577+0700] {logging_mixin.py:149} INFO - [2023-06-22T15:57:14.577+0700] {dagbag.py:541} INFO - Filling up the DagBag from /Users/macbook/Documents/Documents_MacBook_Pro/ISTT/AirflowTutorial/envlibs/lib/python3.10/site-packages/airflow/example_dags/example_kubernetes_executor.py
[2023-06-22T15:57:15.439+0700] {processor.py:836} INFO - DAG(s) dict_keys(['example_kubernetes_executor']) retrieved from /Users/macbook/Documents/Documents_MacBook_Pro/ISTT/AirflowTutorial/envlibs/lib/python3.10/site-packages/airflow/example_dags/example_kubernetes_executor.py
[2023-06-22T15:57:16.947+0700] {logging_mixin.py:149} INFO - [2023-06-22T15:57:16.947+0700] {dag.py:2726} INFO - Sync 1 DAGs
[2023-06-22T15:57:16.971+0700] {logging_mixin.py:149} INFO - [2023-06-22T15:57:16.971+0700] {dag.py:3486} INFO - Setting next_dagrun for example_kubernetes_executor to None, run_after=None
[2023-06-22T15:57:17.002+0700] {processor.py:179} INFO - Processing /Users/macbook/Documents/Documents_MacBook_Pro/ISTT/AirflowTutorial/envlibs/lib/python3.10/site-packages/airflow/example_dags/example_kubernetes_executor.py took 2.428 seconds
[2023-06-22T16:01:46.595+0700] {processor.py:157} INFO - Started process (PID=15025) to work on /Users/macbook/Documents/Documents_MacBook_Pro/ISTT/AirflowTutorial/envlibs/lib/python3.10/site-packages/airflow/example_dags/example_kubernetes_executor.py
[2023-06-22T16:01:46.596+0700] {processor.py:826} INFO - Processing file /Users/macbook/Documents/Documents_MacBook_Pro/ISTT/AirflowTutorial/envlibs/lib/python3.10/site-packages/airflow/example_dags/example_kubernetes_executor.py for tasks to queue
[2023-06-22T16:01:46.597+0700] {logging_mixin.py:149} INFO - [2023-06-22T16:01:46.597+0700] {dagbag.py:541} INFO - Filling up the DagBag from /Users/macbook/Documents/Documents_MacBook_Pro/ISTT/AirflowTutorial/envlibs/lib/python3.10/site-packages/airflow/example_dags/example_kubernetes_executor.py
[2023-06-22T16:01:47.309+0700] {processor.py:836} INFO - DAG(s) dict_keys(['example_kubernetes_executor']) retrieved from /Users/macbook/Documents/Documents_MacBook_Pro/ISTT/AirflowTutorial/envlibs/lib/python3.10/site-packages/airflow/example_dags/example_kubernetes_executor.py
[2023-06-22T16:01:48.414+0700] {logging_mixin.py:149} INFO - [2023-06-22T16:01:48.414+0700] {dag.py:2726} INFO - Sync 1 DAGs
[2023-06-22T16:01:48.433+0700] {logging_mixin.py:149} INFO - [2023-06-22T16:01:48.433+0700] {dag.py:3486} INFO - Setting next_dagrun for example_kubernetes_executor to None, run_after=None
[2023-06-22T16:01:48.456+0700] {processor.py:179} INFO - Processing /Users/macbook/Documents/Documents_MacBook_Pro/ISTT/AirflowTutorial/envlibs/lib/python3.10/site-packages/airflow/example_dags/example_kubernetes_executor.py took 1.862 seconds
[2023-06-22T16:06:07.010+0700] {processor.py:157} INFO - Started process (PID=15147) to work on /Users/macbook/Documents/Documents_MacBook_Pro/ISTT/AirflowTutorial/envlibs/lib/python3.10/site-packages/airflow/example_dags/example_kubernetes_executor.py
[2023-06-22T16:06:07.012+0700] {processor.py:826} INFO - Processing file /Users/macbook/Documents/Documents_MacBook_Pro/ISTT/AirflowTutorial/envlibs/lib/python3.10/site-packages/airflow/example_dags/example_kubernetes_executor.py for tasks to queue
[2023-06-22T16:06:07.013+0700] {logging_mixin.py:149} INFO - [2023-06-22T16:06:07.013+0700] {dagbag.py:541} INFO - Filling up the DagBag from /Users/macbook/Documents/Documents_MacBook_Pro/ISTT/AirflowTutorial/envlibs/lib/python3.10/site-packages/airflow/example_dags/example_kubernetes_executor.py
[2023-06-22T16:06:07.712+0700] {processor.py:836} INFO - DAG(s) dict_keys(['example_kubernetes_executor']) retrieved from /Users/macbook/Documents/Documents_MacBook_Pro/ISTT/AirflowTutorial/envlibs/lib/python3.10/site-packages/airflow/example_dags/example_kubernetes_executor.py
[2023-06-22T16:06:08.688+0700] {logging_mixin.py:149} INFO - [2023-06-22T16:06:08.687+0700] {dag.py:2726} INFO - Sync 1 DAGs
[2023-06-22T16:06:08.710+0700] {logging_mixin.py:149} INFO - [2023-06-22T16:06:08.710+0700] {dag.py:3486} INFO - Setting next_dagrun for example_kubernetes_executor to None, run_after=None
[2023-06-22T16:06:08.733+0700] {processor.py:179} INFO - Processing /Users/macbook/Documents/Documents_MacBook_Pro/ISTT/AirflowTutorial/envlibs/lib/python3.10/site-packages/airflow/example_dags/example_kubernetes_executor.py took 1.723 seconds
[2023-06-22T16:10:24.230+0700] {processor.py:157} INFO - Started process (PID=15268) to work on /Users/macbook/Documents/Documents_MacBook_Pro/ISTT/AirflowTutorial/envlibs/lib/python3.10/site-packages/airflow/example_dags/example_kubernetes_executor.py
[2023-06-22T16:10:24.232+0700] {processor.py:826} INFO - Processing file /Users/macbook/Documents/Documents_MacBook_Pro/ISTT/AirflowTutorial/envlibs/lib/python3.10/site-packages/airflow/example_dags/example_kubernetes_executor.py for tasks to queue
[2023-06-22T16:10:24.232+0700] {logging_mixin.py:149} INFO - [2023-06-22T16:10:24.232+0700] {dagbag.py:541} INFO - Filling up the DagBag from /Users/macbook/Documents/Documents_MacBook_Pro/ISTT/AirflowTutorial/envlibs/lib/python3.10/site-packages/airflow/example_dags/example_kubernetes_executor.py
[2023-06-22T16:10:24.777+0700] {processor.py:836} INFO - DAG(s) dict_keys(['example_kubernetes_executor']) retrieved from /Users/macbook/Documents/Documents_MacBook_Pro/ISTT/AirflowTutorial/envlibs/lib/python3.10/site-packages/airflow/example_dags/example_kubernetes_executor.py
[2023-06-22T16:10:25.610+0700] {logging_mixin.py:149} INFO - [2023-06-22T16:10:25.609+0700] {dag.py:2726} INFO - Sync 1 DAGs
[2023-06-22T16:10:25.625+0700] {logging_mixin.py:149} INFO - [2023-06-22T16:10:25.624+0700] {dag.py:3486} INFO - Setting next_dagrun for example_kubernetes_executor to None, run_after=None
[2023-06-22T16:10:25.655+0700] {processor.py:179} INFO - Processing /Users/macbook/Documents/Documents_MacBook_Pro/ISTT/AirflowTutorial/envlibs/lib/python3.10/site-packages/airflow/example_dags/example_kubernetes_executor.py took 1.425 seconds
[2023-06-22T16:14:14.176+0700] {processor.py:157} INFO - Started process (PID=15376) to work on /Users/macbook/Documents/Documents_MacBook_Pro/ISTT/AirflowTutorial/envlibs/lib/python3.10/site-packages/airflow/example_dags/example_kubernetes_executor.py
[2023-06-22T16:14:14.178+0700] {processor.py:826} INFO - Processing file /Users/macbook/Documents/Documents_MacBook_Pro/ISTT/AirflowTutorial/envlibs/lib/python3.10/site-packages/airflow/example_dags/example_kubernetes_executor.py for tasks to queue
[2023-06-22T16:14:14.179+0700] {logging_mixin.py:149} INFO - [2023-06-22T16:14:14.179+0700] {dagbag.py:541} INFO - Filling up the DagBag from /Users/macbook/Documents/Documents_MacBook_Pro/ISTT/AirflowTutorial/envlibs/lib/python3.10/site-packages/airflow/example_dags/example_kubernetes_executor.py
[2023-06-22T16:14:15.007+0700] {processor.py:836} INFO - DAG(s) dict_keys(['example_kubernetes_executor']) retrieved from /Users/macbook/Documents/Documents_MacBook_Pro/ISTT/AirflowTutorial/envlibs/lib/python3.10/site-packages/airflow/example_dags/example_kubernetes_executor.py
[2023-06-22T16:14:15.997+0700] {logging_mixin.py:149} INFO - [2023-06-22T16:14:15.997+0700] {dag.py:2726} INFO - Sync 1 DAGs
[2023-06-22T16:14:16.024+0700] {logging_mixin.py:149} INFO - [2023-06-22T16:14:16.023+0700] {dag.py:3486} INFO - Setting next_dagrun for example_kubernetes_executor to None, run_after=None
[2023-06-22T16:14:16.061+0700] {processor.py:179} INFO - Processing /Users/macbook/Documents/Documents_MacBook_Pro/ISTT/AirflowTutorial/envlibs/lib/python3.10/site-packages/airflow/example_dags/example_kubernetes_executor.py took 1.886 seconds
[2023-06-22T16:18:33.357+0700] {processor.py:157} INFO - Started process (PID=15532) to work on /Users/macbook/Documents/Documents_MacBook_Pro/ISTT/AirflowTutorial/envlibs/lib/python3.10/site-packages/airflow/example_dags/example_kubernetes_executor.py
[2023-06-22T16:18:33.359+0700] {processor.py:826} INFO - Processing file /Users/macbook/Documents/Documents_MacBook_Pro/ISTT/AirflowTutorial/envlibs/lib/python3.10/site-packages/airflow/example_dags/example_kubernetes_executor.py for tasks to queue
[2023-06-22T16:18:33.360+0700] {logging_mixin.py:149} INFO - [2023-06-22T16:18:33.359+0700] {dagbag.py:541} INFO - Filling up the DagBag from /Users/macbook/Documents/Documents_MacBook_Pro/ISTT/AirflowTutorial/envlibs/lib/python3.10/site-packages/airflow/example_dags/example_kubernetes_executor.py
[2023-06-22T16:18:34.088+0700] {processor.py:836} INFO - DAG(s) dict_keys(['example_kubernetes_executor']) retrieved from /Users/macbook/Documents/Documents_MacBook_Pro/ISTT/AirflowTutorial/envlibs/lib/python3.10/site-packages/airflow/example_dags/example_kubernetes_executor.py
[2023-06-22T16:18:35.240+0700] {logging_mixin.py:149} INFO - [2023-06-22T16:18:35.240+0700] {dag.py:2726} INFO - Sync 1 DAGs
[2023-06-22T16:18:35.258+0700] {logging_mixin.py:149} INFO - [2023-06-22T16:18:35.257+0700] {dag.py:3486} INFO - Setting next_dagrun for example_kubernetes_executor to None, run_after=None
[2023-06-22T16:18:35.280+0700] {processor.py:179} INFO - Processing /Users/macbook/Documents/Documents_MacBook_Pro/ISTT/AirflowTutorial/envlibs/lib/python3.10/site-packages/airflow/example_dags/example_kubernetes_executor.py took 1.924 seconds
[2023-06-22T16:22:51.609+0700] {processor.py:157} INFO - Started process (PID=15650) to work on /Users/macbook/Documents/Documents_MacBook_Pro/ISTT/AirflowTutorial/envlibs/lib/python3.10/site-packages/airflow/example_dags/example_kubernetes_executor.py
[2023-06-22T16:22:51.610+0700] {processor.py:826} INFO - Processing file /Users/macbook/Documents/Documents_MacBook_Pro/ISTT/AirflowTutorial/envlibs/lib/python3.10/site-packages/airflow/example_dags/example_kubernetes_executor.py for tasks to queue
[2023-06-22T16:22:51.611+0700] {logging_mixin.py:149} INFO - [2023-06-22T16:22:51.611+0700] {dagbag.py:541} INFO - Filling up the DagBag from /Users/macbook/Documents/Documents_MacBook_Pro/ISTT/AirflowTutorial/envlibs/lib/python3.10/site-packages/airflow/example_dags/example_kubernetes_executor.py
[2023-06-22T16:22:52.155+0700] {processor.py:836} INFO - DAG(s) dict_keys(['example_kubernetes_executor']) retrieved from /Users/macbook/Documents/Documents_MacBook_Pro/ISTT/AirflowTutorial/envlibs/lib/python3.10/site-packages/airflow/example_dags/example_kubernetes_executor.py
[2023-06-22T16:22:52.960+0700] {logging_mixin.py:149} INFO - [2023-06-22T16:22:52.960+0700] {dag.py:2726} INFO - Sync 1 DAGs
[2023-06-22T16:22:52.976+0700] {logging_mixin.py:149} INFO - [2023-06-22T16:22:52.976+0700] {dag.py:3486} INFO - Setting next_dagrun for example_kubernetes_executor to None, run_after=None
[2023-06-22T16:22:52.995+0700] {processor.py:179} INFO - Processing /Users/macbook/Documents/Documents_MacBook_Pro/ISTT/AirflowTutorial/envlibs/lib/python3.10/site-packages/airflow/example_dags/example_kubernetes_executor.py took 1.387 seconds
