[2023-06-22T14:27:44.998+0700] {processor.py:157} INFO - Started process (PID=11876) to work on /Users/macbook/Documents/Documents_MacBook_Pro/ISTT/AirflowTutorial/envlibs/lib/python3.10/site-packages/airflow/example_dags/example_short_circuit_operator.py
[2023-06-22T14:27:44.999+0700] {processor.py:826} INFO - Processing file /Users/macbook/Documents/Documents_MacBook_Pro/ISTT/AirflowTutorial/envlibs/lib/python3.10/site-packages/airflow/example_dags/example_short_circuit_operator.py for tasks to queue
[2023-06-22T14:27:45.000+0700] {logging_mixin.py:149} INFO - [2023-06-22T14:27:44.999+0700] {dagbag.py:541} INFO - Filling up the DagBag from /Users/macbook/Documents/Documents_MacBook_Pro/ISTT/AirflowTutorial/envlibs/lib/python3.10/site-packages/airflow/example_dags/example_short_circuit_operator.py
[2023-06-22T14:27:45.046+0700] {processor.py:836} INFO - DAG(s) dict_keys(['example_short_circuit_operator']) retrieved from /Users/macbook/Documents/Documents_MacBook_Pro/ISTT/AirflowTutorial/envlibs/lib/python3.10/site-packages/airflow/example_dags/example_short_circuit_operator.py
[2023-06-22T14:27:45.925+0700] {logging_mixin.py:149} INFO - [2023-06-22T14:27:45.925+0700] {dag.py:2726} INFO - Sync 1 DAGs
[2023-06-22T14:27:45.940+0700] {logging_mixin.py:149} INFO - [2023-06-22T14:27:45.940+0700] {dag.py:3486} INFO - Setting next_dagrun for example_short_circuit_operator to 2023-06-21T07:27:45.940144+00:00, run_after=2023-06-22T07:27:45.940144+00:00
[2023-06-22T14:27:45.960+0700] {processor.py:179} INFO - Processing /Users/macbook/Documents/Documents_MacBook_Pro/ISTT/AirflowTutorial/envlibs/lib/python3.10/site-packages/airflow/example_dags/example_short_circuit_operator.py took 0.962 seconds
[2023-06-22T14:30:13.959+0700] {processor.py:157} INFO - Started process (PID=11950) to work on /Users/macbook/Documents/Documents_MacBook_Pro/ISTT/AirflowTutorial/envlibs/lib/python3.10/site-packages/airflow/example_dags/example_short_circuit_operator.py
[2023-06-22T14:30:13.960+0700] {processor.py:826} INFO - Processing file /Users/macbook/Documents/Documents_MacBook_Pro/ISTT/AirflowTutorial/envlibs/lib/python3.10/site-packages/airflow/example_dags/example_short_circuit_operator.py for tasks to queue
[2023-06-22T14:30:13.961+0700] {logging_mixin.py:149} INFO - [2023-06-22T14:30:13.961+0700] {dagbag.py:541} INFO - Filling up the DagBag from /Users/macbook/Documents/Documents_MacBook_Pro/ISTT/AirflowTutorial/envlibs/lib/python3.10/site-packages/airflow/example_dags/example_short_circuit_operator.py
[2023-06-22T14:30:14.007+0700] {processor.py:836} INFO - DAG(s) dict_keys(['example_short_circuit_operator']) retrieved from /Users/macbook/Documents/Documents_MacBook_Pro/ISTT/AirflowTutorial/envlibs/lib/python3.10/site-packages/airflow/example_dags/example_short_circuit_operator.py
[2023-06-22T14:30:15.099+0700] {logging_mixin.py:149} INFO - [2023-06-22T14:30:15.099+0700] {dag.py:2726} INFO - Sync 1 DAGs
[2023-06-22T14:30:15.121+0700] {logging_mixin.py:149} INFO - [2023-06-22T14:30:15.121+0700] {dag.py:3486} INFO - Setting next_dagrun for example_short_circuit_operator to 2023-06-21T07:30:15.120994+00:00, run_after=2023-06-22T07:30:15.120994+00:00
[2023-06-22T14:30:15.146+0700] {processor.py:179} INFO - Processing /Users/macbook/Documents/Documents_MacBook_Pro/ISTT/AirflowTutorial/envlibs/lib/python3.10/site-packages/airflow/example_dags/example_short_circuit_operator.py took 1.187 seconds
[2023-06-22T14:32:25.302+0700] {processor.py:157} INFO - Started process (PID=12046) to work on /Users/macbook/Documents/Documents_MacBook_Pro/ISTT/AirflowTutorial/envlibs/lib/python3.10/site-packages/airflow/example_dags/example_short_circuit_operator.py
[2023-06-22T14:32:25.303+0700] {processor.py:826} INFO - Processing file /Users/macbook/Documents/Documents_MacBook_Pro/ISTT/AirflowTutorial/envlibs/lib/python3.10/site-packages/airflow/example_dags/example_short_circuit_operator.py for tasks to queue
[2023-06-22T14:32:25.304+0700] {logging_mixin.py:149} INFO - [2023-06-22T14:32:25.304+0700] {dagbag.py:541} INFO - Filling up the DagBag from /Users/macbook/Documents/Documents_MacBook_Pro/ISTT/AirflowTutorial/envlibs/lib/python3.10/site-packages/airflow/example_dags/example_short_circuit_operator.py
[2023-06-22T14:32:25.338+0700] {processor.py:836} INFO - DAG(s) dict_keys(['example_short_circuit_operator']) retrieved from /Users/macbook/Documents/Documents_MacBook_Pro/ISTT/AirflowTutorial/envlibs/lib/python3.10/site-packages/airflow/example_dags/example_short_circuit_operator.py
[2023-06-22T14:32:26.120+0700] {logging_mixin.py:149} INFO - [2023-06-22T14:32:26.120+0700] {dag.py:2726} INFO - Sync 1 DAGs
[2023-06-22T14:32:26.137+0700] {logging_mixin.py:149} INFO - [2023-06-22T14:32:26.137+0700] {dag.py:3486} INFO - Setting next_dagrun for example_short_circuit_operator to 2023-06-21T07:32:26.137090+00:00, run_after=2023-06-22T07:32:26.137090+00:00
[2023-06-22T14:32:26.157+0700] {processor.py:179} INFO - Processing /Users/macbook/Documents/Documents_MacBook_Pro/ISTT/AirflowTutorial/envlibs/lib/python3.10/site-packages/airflow/example_dags/example_short_circuit_operator.py took 0.855 seconds
[2023-06-22T14:34:55.763+0700] {processor.py:157} INFO - Started process (PID=12176) to work on /Users/macbook/Documents/Documents_MacBook_Pro/ISTT/AirflowTutorial/envlibs/lib/python3.10/site-packages/airflow/example_dags/example_short_circuit_operator.py
[2023-06-22T14:34:55.764+0700] {processor.py:826} INFO - Processing file /Users/macbook/Documents/Documents_MacBook_Pro/ISTT/AirflowTutorial/envlibs/lib/python3.10/site-packages/airflow/example_dags/example_short_circuit_operator.py for tasks to queue
[2023-06-22T14:34:55.765+0700] {logging_mixin.py:149} INFO - [2023-06-22T14:34:55.764+0700] {dagbag.py:541} INFO - Filling up the DagBag from /Users/macbook/Documents/Documents_MacBook_Pro/ISTT/AirflowTutorial/envlibs/lib/python3.10/site-packages/airflow/example_dags/example_short_circuit_operator.py
[2023-06-22T14:34:55.813+0700] {processor.py:836} INFO - DAG(s) dict_keys(['example_short_circuit_operator']) retrieved from /Users/macbook/Documents/Documents_MacBook_Pro/ISTT/AirflowTutorial/envlibs/lib/python3.10/site-packages/airflow/example_dags/example_short_circuit_operator.py
[2023-06-22T14:34:56.773+0700] {logging_mixin.py:149} INFO - [2023-06-22T14:34:56.772+0700] {dag.py:2726} INFO - Sync 1 DAGs
[2023-06-22T14:34:56.811+0700] {logging_mixin.py:149} INFO - [2023-06-22T14:34:56.810+0700] {dag.py:3486} INFO - Setting next_dagrun for example_short_circuit_operator to 2023-06-21T07:34:56.810752+00:00, run_after=2023-06-22T07:34:56.810752+00:00
[2023-06-22T14:34:56.887+0700] {processor.py:179} INFO - Processing /Users/macbook/Documents/Documents_MacBook_Pro/ISTT/AirflowTutorial/envlibs/lib/python3.10/site-packages/airflow/example_dags/example_short_circuit_operator.py took 1.124 seconds
[2023-06-22T14:37:46.310+0700] {processor.py:157} INFO - Started process (PID=12329) to work on /Users/macbook/Documents/Documents_MacBook_Pro/ISTT/AirflowTutorial/envlibs/lib/python3.10/site-packages/airflow/example_dags/example_short_circuit_operator.py
[2023-06-22T14:37:46.314+0700] {processor.py:826} INFO - Processing file /Users/macbook/Documents/Documents_MacBook_Pro/ISTT/AirflowTutorial/envlibs/lib/python3.10/site-packages/airflow/example_dags/example_short_circuit_operator.py for tasks to queue
[2023-06-22T14:37:46.317+0700] {logging_mixin.py:149} INFO - [2023-06-22T14:37:46.317+0700] {dagbag.py:541} INFO - Filling up the DagBag from /Users/macbook/Documents/Documents_MacBook_Pro/ISTT/AirflowTutorial/envlibs/lib/python3.10/site-packages/airflow/example_dags/example_short_circuit_operator.py
[2023-06-22T14:37:46.478+0700] {processor.py:836} INFO - DAG(s) dict_keys(['example_short_circuit_operator']) retrieved from /Users/macbook/Documents/Documents_MacBook_Pro/ISTT/AirflowTutorial/envlibs/lib/python3.10/site-packages/airflow/example_dags/example_short_circuit_operator.py
[2023-06-22T14:37:48.131+0700] {logging_mixin.py:149} INFO - [2023-06-22T14:37:48.130+0700] {dag.py:2726} INFO - Sync 1 DAGs
[2023-06-22T14:37:48.144+0700] {logging_mixin.py:149} INFO - [2023-06-22T14:37:48.143+0700] {dag.py:2747} INFO - Creating ORM DAG for example_short_circuit_operator
[2023-06-22T14:37:48.154+0700] {logging_mixin.py:149} INFO - [2023-06-22T14:37:48.153+0700] {dag.py:3486} INFO - Setting next_dagrun for example_short_circuit_operator to 2023-06-21T07:37:48.153666+00:00, run_after=2023-06-22T07:37:48.153666+00:00
[2023-06-22T14:37:48.196+0700] {processor.py:179} INFO - Processing /Users/macbook/Documents/Documents_MacBook_Pro/ISTT/AirflowTutorial/envlibs/lib/python3.10/site-packages/airflow/example_dags/example_short_circuit_operator.py took 1.888 seconds
[2023-06-22T14:40:11.994+0700] {processor.py:157} INFO - Started process (PID=12449) to work on /Users/macbook/Documents/Documents_MacBook_Pro/ISTT/AirflowTutorial/envlibs/lib/python3.10/site-packages/airflow/example_dags/example_short_circuit_operator.py
[2023-06-22T14:40:11.995+0700] {processor.py:826} INFO - Processing file /Users/macbook/Documents/Documents_MacBook_Pro/ISTT/AirflowTutorial/envlibs/lib/python3.10/site-packages/airflow/example_dags/example_short_circuit_operator.py for tasks to queue
[2023-06-22T14:40:11.996+0700] {logging_mixin.py:149} INFO - [2023-06-22T14:40:11.995+0700] {dagbag.py:541} INFO - Filling up the DagBag from /Users/macbook/Documents/Documents_MacBook_Pro/ISTT/AirflowTutorial/envlibs/lib/python3.10/site-packages/airflow/example_dags/example_short_circuit_operator.py
[2023-06-22T14:40:12.046+0700] {processor.py:836} INFO - DAG(s) dict_keys(['example_short_circuit_operator']) retrieved from /Users/macbook/Documents/Documents_MacBook_Pro/ISTT/AirflowTutorial/envlibs/lib/python3.10/site-packages/airflow/example_dags/example_short_circuit_operator.py
[2023-06-22T14:40:13.068+0700] {logging_mixin.py:149} INFO - [2023-06-22T14:40:13.067+0700] {dag.py:2726} INFO - Sync 1 DAGs
[2023-06-22T14:40:13.077+0700] {logging_mixin.py:149} INFO - [2023-06-22T14:40:13.076+0700] {dag.py:2747} INFO - Creating ORM DAG for example_short_circuit_operator
[2023-06-22T14:40:13.086+0700] {logging_mixin.py:149} INFO - [2023-06-22T14:40:13.086+0700] {dag.py:3486} INFO - Setting next_dagrun for example_short_circuit_operator to 2023-06-21T07:40:13.085976+00:00, run_after=2023-06-22T07:40:13.085976+00:00
[2023-06-22T14:40:13.113+0700] {processor.py:179} INFO - Processing /Users/macbook/Documents/Documents_MacBook_Pro/ISTT/AirflowTutorial/envlibs/lib/python3.10/site-packages/airflow/example_dags/example_short_circuit_operator.py took 1.120 seconds
[2023-06-22T14:42:23.173+0700] {processor.py:157} INFO - Started process (PID=12528) to work on /Users/macbook/Documents/Documents_MacBook_Pro/ISTT/AirflowTutorial/envlibs/lib/python3.10/site-packages/airflow/example_dags/example_short_circuit_operator.py
[2023-06-22T14:42:23.174+0700] {processor.py:826} INFO - Processing file /Users/macbook/Documents/Documents_MacBook_Pro/ISTT/AirflowTutorial/envlibs/lib/python3.10/site-packages/airflow/example_dags/example_short_circuit_operator.py for tasks to queue
[2023-06-22T14:42:23.175+0700] {logging_mixin.py:149} INFO - [2023-06-22T14:42:23.175+0700] {dagbag.py:541} INFO - Filling up the DagBag from /Users/macbook/Documents/Documents_MacBook_Pro/ISTT/AirflowTutorial/envlibs/lib/python3.10/site-packages/airflow/example_dags/example_short_circuit_operator.py
[2023-06-22T14:42:23.210+0700] {processor.py:836} INFO - DAG(s) dict_keys(['example_short_circuit_operator']) retrieved from /Users/macbook/Documents/Documents_MacBook_Pro/ISTT/AirflowTutorial/envlibs/lib/python3.10/site-packages/airflow/example_dags/example_short_circuit_operator.py
[2023-06-22T14:42:24.043+0700] {logging_mixin.py:149} INFO - [2023-06-22T14:42:24.043+0700] {dag.py:2726} INFO - Sync 1 DAGs
[2023-06-22T14:42:24.059+0700] {logging_mixin.py:149} INFO - [2023-06-22T14:42:24.059+0700] {dag.py:3486} INFO - Setting next_dagrun for example_short_circuit_operator to 2023-06-21T07:42:24.059310+00:00, run_after=2023-06-22T07:42:24.059310+00:00
[2023-06-22T14:42:24.076+0700] {processor.py:179} INFO - Processing /Users/macbook/Documents/Documents_MacBook_Pro/ISTT/AirflowTutorial/envlibs/lib/python3.10/site-packages/airflow/example_dags/example_short_circuit_operator.py took 0.904 seconds
[2023-06-22T14:44:30.769+0700] {processor.py:157} INFO - Started process (PID=12582) to work on /Users/macbook/Documents/Documents_MacBook_Pro/ISTT/AirflowTutorial/envlibs/lib/python3.10/site-packages/airflow/example_dags/example_short_circuit_operator.py
[2023-06-22T14:44:30.771+0700] {processor.py:826} INFO - Processing file /Users/macbook/Documents/Documents_MacBook_Pro/ISTT/AirflowTutorial/envlibs/lib/python3.10/site-packages/airflow/example_dags/example_short_circuit_operator.py for tasks to queue
[2023-06-22T14:44:30.771+0700] {logging_mixin.py:149} INFO - [2023-06-22T14:44:30.771+0700] {dagbag.py:541} INFO - Filling up the DagBag from /Users/macbook/Documents/Documents_MacBook_Pro/ISTT/AirflowTutorial/envlibs/lib/python3.10/site-packages/airflow/example_dags/example_short_circuit_operator.py
[2023-06-22T14:44:30.809+0700] {processor.py:836} INFO - DAG(s) dict_keys(['example_short_circuit_operator']) retrieved from /Users/macbook/Documents/Documents_MacBook_Pro/ISTT/AirflowTutorial/envlibs/lib/python3.10/site-packages/airflow/example_dags/example_short_circuit_operator.py
[2023-06-22T14:44:31.607+0700] {logging_mixin.py:149} INFO - [2023-06-22T14:44:31.607+0700] {dag.py:2726} INFO - Sync 1 DAGs
[2023-06-22T14:44:31.624+0700] {logging_mixin.py:149} INFO - [2023-06-22T14:44:31.624+0700] {dag.py:3486} INFO - Setting next_dagrun for example_short_circuit_operator to 2023-06-21T07:44:31.624324+00:00, run_after=2023-06-22T07:44:31.624324+00:00
[2023-06-22T14:44:31.642+0700] {processor.py:179} INFO - Processing /Users/macbook/Documents/Documents_MacBook_Pro/ISTT/AirflowTutorial/envlibs/lib/python3.10/site-packages/airflow/example_dags/example_short_circuit_operator.py took 0.874 seconds
[2023-06-22T14:46:34.303+0700] {processor.py:157} INFO - Started process (PID=12637) to work on /Users/macbook/Documents/Documents_MacBook_Pro/ISTT/AirflowTutorial/envlibs/lib/python3.10/site-packages/airflow/example_dags/example_short_circuit_operator.py
[2023-06-22T14:46:34.304+0700] {processor.py:826} INFO - Processing file /Users/macbook/Documents/Documents_MacBook_Pro/ISTT/AirflowTutorial/envlibs/lib/python3.10/site-packages/airflow/example_dags/example_short_circuit_operator.py for tasks to queue
[2023-06-22T14:46:34.305+0700] {logging_mixin.py:149} INFO - [2023-06-22T14:46:34.305+0700] {dagbag.py:541} INFO - Filling up the DagBag from /Users/macbook/Documents/Documents_MacBook_Pro/ISTT/AirflowTutorial/envlibs/lib/python3.10/site-packages/airflow/example_dags/example_short_circuit_operator.py
[2023-06-22T14:46:34.347+0700] {processor.py:836} INFO - DAG(s) dict_keys(['example_short_circuit_operator']) retrieved from /Users/macbook/Documents/Documents_MacBook_Pro/ISTT/AirflowTutorial/envlibs/lib/python3.10/site-packages/airflow/example_dags/example_short_circuit_operator.py
[2023-06-22T14:46:35.210+0700] {logging_mixin.py:149} INFO - [2023-06-22T14:46:35.209+0700] {dag.py:2726} INFO - Sync 1 DAGs
[2023-06-22T14:46:35.227+0700] {logging_mixin.py:149} INFO - [2023-06-22T14:46:35.227+0700] {dag.py:3486} INFO - Setting next_dagrun for example_short_circuit_operator to 2023-06-21T07:46:35.227525+00:00, run_after=2023-06-22T07:46:35.227525+00:00
[2023-06-22T14:46:35.246+0700] {processor.py:179} INFO - Processing /Users/macbook/Documents/Documents_MacBook_Pro/ISTT/AirflowTutorial/envlibs/lib/python3.10/site-packages/airflow/example_dags/example_short_circuit_operator.py took 0.945 seconds
[2023-06-22T14:48:42.146+0700] {processor.py:157} INFO - Started process (PID=12702) to work on /Users/macbook/Documents/Documents_MacBook_Pro/ISTT/AirflowTutorial/envlibs/lib/python3.10/site-packages/airflow/example_dags/example_short_circuit_operator.py
[2023-06-22T14:48:42.148+0700] {processor.py:826} INFO - Processing file /Users/macbook/Documents/Documents_MacBook_Pro/ISTT/AirflowTutorial/envlibs/lib/python3.10/site-packages/airflow/example_dags/example_short_circuit_operator.py for tasks to queue
[2023-06-22T14:48:42.148+0700] {logging_mixin.py:149} INFO - [2023-06-22T14:48:42.148+0700] {dagbag.py:541} INFO - Filling up the DagBag from /Users/macbook/Documents/Documents_MacBook_Pro/ISTT/AirflowTutorial/envlibs/lib/python3.10/site-packages/airflow/example_dags/example_short_circuit_operator.py
[2023-06-22T14:48:42.183+0700] {processor.py:836} INFO - DAG(s) dict_keys(['example_short_circuit_operator']) retrieved from /Users/macbook/Documents/Documents_MacBook_Pro/ISTT/AirflowTutorial/envlibs/lib/python3.10/site-packages/airflow/example_dags/example_short_circuit_operator.py
[2023-06-22T14:48:42.974+0700] {logging_mixin.py:149} INFO - [2023-06-22T14:48:42.974+0700] {dag.py:2726} INFO - Sync 1 DAGs
[2023-06-22T14:48:42.991+0700] {logging_mixin.py:149} INFO - [2023-06-22T14:48:42.991+0700] {dag.py:3486} INFO - Setting next_dagrun for example_short_circuit_operator to 2023-06-21T07:48:42.991161+00:00, run_after=2023-06-22T07:48:42.991161+00:00
[2023-06-22T14:48:43.011+0700] {processor.py:179} INFO - Processing /Users/macbook/Documents/Documents_MacBook_Pro/ISTT/AirflowTutorial/envlibs/lib/python3.10/site-packages/airflow/example_dags/example_short_circuit_operator.py took 0.866 seconds
[2023-06-22T14:50:47.038+0700] {processor.py:157} INFO - Started process (PID=12760) to work on /Users/macbook/Documents/Documents_MacBook_Pro/ISTT/AirflowTutorial/envlibs/lib/python3.10/site-packages/airflow/example_dags/example_short_circuit_operator.py
[2023-06-22T14:50:47.039+0700] {processor.py:826} INFO - Processing file /Users/macbook/Documents/Documents_MacBook_Pro/ISTT/AirflowTutorial/envlibs/lib/python3.10/site-packages/airflow/example_dags/example_short_circuit_operator.py for tasks to queue
[2023-06-22T14:50:47.039+0700] {logging_mixin.py:149} INFO - [2023-06-22T14:50:47.039+0700] {dagbag.py:541} INFO - Filling up the DagBag from /Users/macbook/Documents/Documents_MacBook_Pro/ISTT/AirflowTutorial/envlibs/lib/python3.10/site-packages/airflow/example_dags/example_short_circuit_operator.py
[2023-06-22T14:50:47.074+0700] {processor.py:836} INFO - DAG(s) dict_keys(['example_short_circuit_operator']) retrieved from /Users/macbook/Documents/Documents_MacBook_Pro/ISTT/AirflowTutorial/envlibs/lib/python3.10/site-packages/airflow/example_dags/example_short_circuit_operator.py
[2023-06-22T14:50:47.872+0700] {logging_mixin.py:149} INFO - [2023-06-22T14:50:47.872+0700] {dag.py:2726} INFO - Sync 1 DAGs
[2023-06-22T14:50:47.899+0700] {logging_mixin.py:149} INFO - [2023-06-22T14:50:47.898+0700] {dag.py:3486} INFO - Setting next_dagrun for example_short_circuit_operator to 2023-06-21T07:50:47.898776+00:00, run_after=2023-06-22T07:50:47.898776+00:00
[2023-06-22T14:50:47.923+0700] {processor.py:179} INFO - Processing /Users/macbook/Documents/Documents_MacBook_Pro/ISTT/AirflowTutorial/envlibs/lib/python3.10/site-packages/airflow/example_dags/example_short_circuit_operator.py took 0.886 seconds
[2023-06-22T14:52:48.937+0700] {processor.py:157} INFO - Started process (PID=12816) to work on /Users/macbook/Documents/Documents_MacBook_Pro/ISTT/AirflowTutorial/envlibs/lib/python3.10/site-packages/airflow/example_dags/example_short_circuit_operator.py
[2023-06-22T14:52:48.939+0700] {processor.py:826} INFO - Processing file /Users/macbook/Documents/Documents_MacBook_Pro/ISTT/AirflowTutorial/envlibs/lib/python3.10/site-packages/airflow/example_dags/example_short_circuit_operator.py for tasks to queue
[2023-06-22T14:52:48.940+0700] {logging_mixin.py:149} INFO - [2023-06-22T14:52:48.940+0700] {dagbag.py:541} INFO - Filling up the DagBag from /Users/macbook/Documents/Documents_MacBook_Pro/ISTT/AirflowTutorial/envlibs/lib/python3.10/site-packages/airflow/example_dags/example_short_circuit_operator.py
[2023-06-22T14:52:48.979+0700] {processor.py:836} INFO - DAG(s) dict_keys(['example_short_circuit_operator']) retrieved from /Users/macbook/Documents/Documents_MacBook_Pro/ISTT/AirflowTutorial/envlibs/lib/python3.10/site-packages/airflow/example_dags/example_short_circuit_operator.py
[2023-06-22T14:52:49.824+0700] {logging_mixin.py:149} INFO - [2023-06-22T14:52:49.823+0700] {dag.py:2726} INFO - Sync 1 DAGs
[2023-06-22T14:52:49.847+0700] {logging_mixin.py:149} INFO - [2023-06-22T14:52:49.846+0700] {dag.py:3486} INFO - Setting next_dagrun for example_short_circuit_operator to 2023-06-21T07:52:49.846781+00:00, run_after=2023-06-22T07:52:49.846781+00:00
[2023-06-22T14:52:49.871+0700] {processor.py:179} INFO - Processing /Users/macbook/Documents/Documents_MacBook_Pro/ISTT/AirflowTutorial/envlibs/lib/python3.10/site-packages/airflow/example_dags/example_short_circuit_operator.py took 0.935 seconds
[2023-06-22T14:54:47.140+0700] {processor.py:157} INFO - Started process (PID=12869) to work on /Users/macbook/Documents/Documents_MacBook_Pro/ISTT/AirflowTutorial/envlibs/lib/python3.10/site-packages/airflow/example_dags/example_short_circuit_operator.py
[2023-06-22T14:54:47.141+0700] {processor.py:826} INFO - Processing file /Users/macbook/Documents/Documents_MacBook_Pro/ISTT/AirflowTutorial/envlibs/lib/python3.10/site-packages/airflow/example_dags/example_short_circuit_operator.py for tasks to queue
[2023-06-22T14:54:47.142+0700] {logging_mixin.py:149} INFO - [2023-06-22T14:54:47.142+0700] {dagbag.py:541} INFO - Filling up the DagBag from /Users/macbook/Documents/Documents_MacBook_Pro/ISTT/AirflowTutorial/envlibs/lib/python3.10/site-packages/airflow/example_dags/example_short_circuit_operator.py
[2023-06-22T14:54:47.173+0700] {processor.py:836} INFO - DAG(s) dict_keys(['example_short_circuit_operator']) retrieved from /Users/macbook/Documents/Documents_MacBook_Pro/ISTT/AirflowTutorial/envlibs/lib/python3.10/site-packages/airflow/example_dags/example_short_circuit_operator.py
[2023-06-22T14:54:47.902+0700] {logging_mixin.py:149} INFO - [2023-06-22T14:54:47.901+0700] {dag.py:2726} INFO - Sync 1 DAGs
[2023-06-22T14:54:47.918+0700] {logging_mixin.py:149} INFO - [2023-06-22T14:54:47.918+0700] {dag.py:3486} INFO - Setting next_dagrun for example_short_circuit_operator to 2023-06-21T07:54:47.918653+00:00, run_after=2023-06-22T07:54:47.918653+00:00
[2023-06-22T14:54:47.937+0700] {processor.py:179} INFO - Processing /Users/macbook/Documents/Documents_MacBook_Pro/ISTT/AirflowTutorial/envlibs/lib/python3.10/site-packages/airflow/example_dags/example_short_circuit_operator.py took 0.797 seconds
[2023-06-22T14:56:42.132+0700] {processor.py:157} INFO - Started process (PID=12919) to work on /Users/macbook/Documents/Documents_MacBook_Pro/ISTT/AirflowTutorial/envlibs/lib/python3.10/site-packages/airflow/example_dags/example_short_circuit_operator.py
[2023-06-22T14:56:42.133+0700] {processor.py:826} INFO - Processing file /Users/macbook/Documents/Documents_MacBook_Pro/ISTT/AirflowTutorial/envlibs/lib/python3.10/site-packages/airflow/example_dags/example_short_circuit_operator.py for tasks to queue
[2023-06-22T14:56:42.133+0700] {logging_mixin.py:149} INFO - [2023-06-22T14:56:42.133+0700] {dagbag.py:541} INFO - Filling up the DagBag from /Users/macbook/Documents/Documents_MacBook_Pro/ISTT/AirflowTutorial/envlibs/lib/python3.10/site-packages/airflow/example_dags/example_short_circuit_operator.py
[2023-06-22T14:56:42.174+0700] {processor.py:836} INFO - DAG(s) dict_keys(['example_short_circuit_operator']) retrieved from /Users/macbook/Documents/Documents_MacBook_Pro/ISTT/AirflowTutorial/envlibs/lib/python3.10/site-packages/airflow/example_dags/example_short_circuit_operator.py
[2023-06-22T14:56:42.995+0700] {logging_mixin.py:149} INFO - [2023-06-22T14:56:42.995+0700] {dag.py:2726} INFO - Sync 1 DAGs
[2023-06-22T14:56:43.012+0700] {logging_mixin.py:149} INFO - [2023-06-22T14:56:43.012+0700] {dag.py:3486} INFO - Setting next_dagrun for example_short_circuit_operator to 2023-06-21T07:56:43.011974+00:00, run_after=2023-06-22T07:56:43.011974+00:00
[2023-06-22T14:56:43.038+0700] {processor.py:179} INFO - Processing /Users/macbook/Documents/Documents_MacBook_Pro/ISTT/AirflowTutorial/envlibs/lib/python3.10/site-packages/airflow/example_dags/example_short_circuit_operator.py took 0.906 seconds
[2023-06-22T14:58:44.944+0700] {processor.py:157} INFO - Started process (PID=12974) to work on /Users/macbook/Documents/Documents_MacBook_Pro/ISTT/AirflowTutorial/envlibs/lib/python3.10/site-packages/airflow/example_dags/example_short_circuit_operator.py
[2023-06-22T14:58:44.945+0700] {processor.py:826} INFO - Processing file /Users/macbook/Documents/Documents_MacBook_Pro/ISTT/AirflowTutorial/envlibs/lib/python3.10/site-packages/airflow/example_dags/example_short_circuit_operator.py for tasks to queue
[2023-06-22T14:58:44.946+0700] {logging_mixin.py:149} INFO - [2023-06-22T14:58:44.946+0700] {dagbag.py:541} INFO - Filling up the DagBag from /Users/macbook/Documents/Documents_MacBook_Pro/ISTT/AirflowTutorial/envlibs/lib/python3.10/site-packages/airflow/example_dags/example_short_circuit_operator.py
[2023-06-22T14:58:44.983+0700] {processor.py:836} INFO - DAG(s) dict_keys(['example_short_circuit_operator']) retrieved from /Users/macbook/Documents/Documents_MacBook_Pro/ISTT/AirflowTutorial/envlibs/lib/python3.10/site-packages/airflow/example_dags/example_short_circuit_operator.py
[2023-06-22T14:58:45.788+0700] {logging_mixin.py:149} INFO - [2023-06-22T14:58:45.788+0700] {dag.py:2726} INFO - Sync 1 DAGs
[2023-06-22T14:58:45.805+0700] {logging_mixin.py:149} INFO - [2023-06-22T14:58:45.805+0700] {dag.py:3486} INFO - Setting next_dagrun for example_short_circuit_operator to 2023-06-21T07:58:45.805090+00:00, run_after=2023-06-22T07:58:45.805090+00:00
[2023-06-22T14:58:45.824+0700] {processor.py:179} INFO - Processing /Users/macbook/Documents/Documents_MacBook_Pro/ISTT/AirflowTutorial/envlibs/lib/python3.10/site-packages/airflow/example_dags/example_short_circuit_operator.py took 0.880 seconds
[2023-06-22T15:00:48.496+0700] {processor.py:157} INFO - Started process (PID=13026) to work on /Users/macbook/Documents/Documents_MacBook_Pro/ISTT/AirflowTutorial/envlibs/lib/python3.10/site-packages/airflow/example_dags/example_short_circuit_operator.py
[2023-06-22T15:00:48.497+0700] {processor.py:826} INFO - Processing file /Users/macbook/Documents/Documents_MacBook_Pro/ISTT/AirflowTutorial/envlibs/lib/python3.10/site-packages/airflow/example_dags/example_short_circuit_operator.py for tasks to queue
[2023-06-22T15:00:48.498+0700] {logging_mixin.py:149} INFO - [2023-06-22T15:00:48.498+0700] {dagbag.py:541} INFO - Filling up the DagBag from /Users/macbook/Documents/Documents_MacBook_Pro/ISTT/AirflowTutorial/envlibs/lib/python3.10/site-packages/airflow/example_dags/example_short_circuit_operator.py
[2023-06-22T15:00:48.531+0700] {processor.py:836} INFO - DAG(s) dict_keys(['example_short_circuit_operator']) retrieved from /Users/macbook/Documents/Documents_MacBook_Pro/ISTT/AirflowTutorial/envlibs/lib/python3.10/site-packages/airflow/example_dags/example_short_circuit_operator.py
[2023-06-22T15:00:49.299+0700] {logging_mixin.py:149} INFO - [2023-06-22T15:00:49.299+0700] {dag.py:2726} INFO - Sync 1 DAGs
[2023-06-22T15:00:49.316+0700] {logging_mixin.py:149} INFO - [2023-06-22T15:00:49.316+0700] {dag.py:3486} INFO - Setting next_dagrun for example_short_circuit_operator to 2023-06-21T08:00:49.316047+00:00, run_after=2023-06-22T08:00:49.316047+00:00
[2023-06-22T15:00:49.333+0700] {processor.py:179} INFO - Processing /Users/macbook/Documents/Documents_MacBook_Pro/ISTT/AirflowTutorial/envlibs/lib/python3.10/site-packages/airflow/example_dags/example_short_circuit_operator.py took 0.838 seconds
[2023-06-22T15:02:50.283+0700] {processor.py:157} INFO - Started process (PID=13085) to work on /Users/macbook/Documents/Documents_MacBook_Pro/ISTT/AirflowTutorial/envlibs/lib/python3.10/site-packages/airflow/example_dags/example_short_circuit_operator.py
[2023-06-22T15:02:50.284+0700] {processor.py:826} INFO - Processing file /Users/macbook/Documents/Documents_MacBook_Pro/ISTT/AirflowTutorial/envlibs/lib/python3.10/site-packages/airflow/example_dags/example_short_circuit_operator.py for tasks to queue
[2023-06-22T15:02:50.285+0700] {logging_mixin.py:149} INFO - [2023-06-22T15:02:50.285+0700] {dagbag.py:541} INFO - Filling up the DagBag from /Users/macbook/Documents/Documents_MacBook_Pro/ISTT/AirflowTutorial/envlibs/lib/python3.10/site-packages/airflow/example_dags/example_short_circuit_operator.py
[2023-06-22T15:02:50.320+0700] {processor.py:836} INFO - DAG(s) dict_keys(['example_short_circuit_operator']) retrieved from /Users/macbook/Documents/Documents_MacBook_Pro/ISTT/AirflowTutorial/envlibs/lib/python3.10/site-packages/airflow/example_dags/example_short_circuit_operator.py
[2023-06-22T15:02:51.148+0700] {logging_mixin.py:149} INFO - [2023-06-22T15:02:51.147+0700] {dag.py:2726} INFO - Sync 1 DAGs
[2023-06-22T15:02:51.166+0700] {logging_mixin.py:149} INFO - [2023-06-22T15:02:51.166+0700] {dag.py:3486} INFO - Setting next_dagrun for example_short_circuit_operator to 2023-06-21T08:02:51.166552+00:00, run_after=2023-06-22T08:02:51.166552+00:00
[2023-06-22T15:02:51.212+0700] {processor.py:179} INFO - Processing /Users/macbook/Documents/Documents_MacBook_Pro/ISTT/AirflowTutorial/envlibs/lib/python3.10/site-packages/airflow/example_dags/example_short_circuit_operator.py took 0.930 seconds
[2023-06-22T15:04:50.694+0700] {processor.py:157} INFO - Started process (PID=13143) to work on /Users/macbook/Documents/Documents_MacBook_Pro/ISTT/AirflowTutorial/envlibs/lib/python3.10/site-packages/airflow/example_dags/example_short_circuit_operator.py
[2023-06-22T15:04:50.696+0700] {processor.py:826} INFO - Processing file /Users/macbook/Documents/Documents_MacBook_Pro/ISTT/AirflowTutorial/envlibs/lib/python3.10/site-packages/airflow/example_dags/example_short_circuit_operator.py for tasks to queue
[2023-06-22T15:04:50.696+0700] {logging_mixin.py:149} INFO - [2023-06-22T15:04:50.696+0700] {dagbag.py:541} INFO - Filling up the DagBag from /Users/macbook/Documents/Documents_MacBook_Pro/ISTT/AirflowTutorial/envlibs/lib/python3.10/site-packages/airflow/example_dags/example_short_circuit_operator.py
[2023-06-22T15:04:50.731+0700] {processor.py:836} INFO - DAG(s) dict_keys(['example_short_circuit_operator']) retrieved from /Users/macbook/Documents/Documents_MacBook_Pro/ISTT/AirflowTutorial/envlibs/lib/python3.10/site-packages/airflow/example_dags/example_short_circuit_operator.py
[2023-06-22T15:04:51.538+0700] {logging_mixin.py:149} INFO - [2023-06-22T15:04:51.538+0700] {dag.py:2726} INFO - Sync 1 DAGs
[2023-06-22T15:04:51.555+0700] {logging_mixin.py:149} INFO - [2023-06-22T15:04:51.554+0700] {dag.py:3486} INFO - Setting next_dagrun for example_short_circuit_operator to 2023-06-21T08:04:51.554839+00:00, run_after=2023-06-22T08:04:51.554839+00:00
[2023-06-22T15:04:51.572+0700] {processor.py:179} INFO - Processing /Users/macbook/Documents/Documents_MacBook_Pro/ISTT/AirflowTutorial/envlibs/lib/python3.10/site-packages/airflow/example_dags/example_short_circuit_operator.py took 0.878 seconds
[2023-06-22T15:07:00.892+0700] {processor.py:157} INFO - Started process (PID=13247) to work on /Users/macbook/Documents/Documents_MacBook_Pro/ISTT/AirflowTutorial/envlibs/lib/python3.10/site-packages/airflow/example_dags/example_short_circuit_operator.py
[2023-06-22T15:07:00.894+0700] {processor.py:826} INFO - Processing file /Users/macbook/Documents/Documents_MacBook_Pro/ISTT/AirflowTutorial/envlibs/lib/python3.10/site-packages/airflow/example_dags/example_short_circuit_operator.py for tasks to queue
[2023-06-22T15:07:00.894+0700] {logging_mixin.py:149} INFO - [2023-06-22T15:07:00.894+0700] {dagbag.py:541} INFO - Filling up the DagBag from /Users/macbook/Documents/Documents_MacBook_Pro/ISTT/AirflowTutorial/envlibs/lib/python3.10/site-packages/airflow/example_dags/example_short_circuit_operator.py
[2023-06-22T15:07:00.927+0700] {processor.py:836} INFO - DAG(s) dict_keys(['example_short_circuit_operator']) retrieved from /Users/macbook/Documents/Documents_MacBook_Pro/ISTT/AirflowTutorial/envlibs/lib/python3.10/site-packages/airflow/example_dags/example_short_circuit_operator.py
[2023-06-22T15:07:01.691+0700] {logging_mixin.py:149} INFO - [2023-06-22T15:07:01.691+0700] {dag.py:2726} INFO - Sync 1 DAGs
[2023-06-22T15:07:01.708+0700] {logging_mixin.py:149} INFO - [2023-06-22T15:07:01.708+0700] {dag.py:3486} INFO - Setting next_dagrun for example_short_circuit_operator to 2023-06-21T08:07:01.708259+00:00, run_after=2023-06-22T08:07:01.708259+00:00
[2023-06-22T15:07:01.727+0700] {processor.py:179} INFO - Processing /Users/macbook/Documents/Documents_MacBook_Pro/ISTT/AirflowTutorial/envlibs/lib/python3.10/site-packages/airflow/example_dags/example_short_circuit_operator.py took 0.835 seconds
[2023-06-22T15:09:01.600+0700] {processor.py:157} INFO - Started process (PID=13298) to work on /Users/macbook/Documents/Documents_MacBook_Pro/ISTT/AirflowTutorial/envlibs/lib/python3.10/site-packages/airflow/example_dags/example_short_circuit_operator.py
[2023-06-22T15:09:01.601+0700] {processor.py:826} INFO - Processing file /Users/macbook/Documents/Documents_MacBook_Pro/ISTT/AirflowTutorial/envlibs/lib/python3.10/site-packages/airflow/example_dags/example_short_circuit_operator.py for tasks to queue
[2023-06-22T15:09:01.601+0700] {logging_mixin.py:149} INFO - [2023-06-22T15:09:01.601+0700] {dagbag.py:541} INFO - Filling up the DagBag from /Users/macbook/Documents/Documents_MacBook_Pro/ISTT/AirflowTutorial/envlibs/lib/python3.10/site-packages/airflow/example_dags/example_short_circuit_operator.py
[2023-06-22T15:09:01.638+0700] {processor.py:836} INFO - DAG(s) dict_keys(['example_short_circuit_operator']) retrieved from /Users/macbook/Documents/Documents_MacBook_Pro/ISTT/AirflowTutorial/envlibs/lib/python3.10/site-packages/airflow/example_dags/example_short_circuit_operator.py
[2023-06-22T15:09:02.451+0700] {logging_mixin.py:149} INFO - [2023-06-22T15:09:02.451+0700] {dag.py:2726} INFO - Sync 1 DAGs
[2023-06-22T15:09:02.472+0700] {logging_mixin.py:149} INFO - [2023-06-22T15:09:02.472+0700] {dag.py:3486} INFO - Setting next_dagrun for example_short_circuit_operator to 2023-06-21T08:09:02.472116+00:00, run_after=2023-06-22T08:09:02.472116+00:00
[2023-06-22T15:09:02.496+0700] {processor.py:179} INFO - Processing /Users/macbook/Documents/Documents_MacBook_Pro/ISTT/AirflowTutorial/envlibs/lib/python3.10/site-packages/airflow/example_dags/example_short_circuit_operator.py took 0.897 seconds
[2023-06-22T15:11:07.288+0700] {processor.py:157} INFO - Started process (PID=13395) to work on /Users/macbook/Documents/Documents_MacBook_Pro/ISTT/AirflowTutorial/envlibs/lib/python3.10/site-packages/airflow/example_dags/example_short_circuit_operator.py
[2023-06-22T15:11:07.290+0700] {processor.py:826} INFO - Processing file /Users/macbook/Documents/Documents_MacBook_Pro/ISTT/AirflowTutorial/envlibs/lib/python3.10/site-packages/airflow/example_dags/example_short_circuit_operator.py for tasks to queue
[2023-06-22T15:11:07.291+0700] {logging_mixin.py:149} INFO - [2023-06-22T15:11:07.291+0700] {dagbag.py:541} INFO - Filling up the DagBag from /Users/macbook/Documents/Documents_MacBook_Pro/ISTT/AirflowTutorial/envlibs/lib/python3.10/site-packages/airflow/example_dags/example_short_circuit_operator.py
[2023-06-22T15:11:07.332+0700] {processor.py:836} INFO - DAG(s) dict_keys(['example_short_circuit_operator']) retrieved from /Users/macbook/Documents/Documents_MacBook_Pro/ISTT/AirflowTutorial/envlibs/lib/python3.10/site-packages/airflow/example_dags/example_short_circuit_operator.py
[2023-06-22T15:11:08.267+0700] {logging_mixin.py:149} INFO - [2023-06-22T15:11:08.267+0700] {dag.py:2726} INFO - Sync 1 DAGs
[2023-06-22T15:11:08.290+0700] {logging_mixin.py:149} INFO - [2023-06-22T15:11:08.290+0700] {dag.py:3486} INFO - Setting next_dagrun for example_short_circuit_operator to 2023-06-21T08:11:08.290100+00:00, run_after=2023-06-22T08:11:08.290100+00:00
[2023-06-22T15:11:08.314+0700] {processor.py:179} INFO - Processing /Users/macbook/Documents/Documents_MacBook_Pro/ISTT/AirflowTutorial/envlibs/lib/python3.10/site-packages/airflow/example_dags/example_short_circuit_operator.py took 1.027 seconds
[2023-06-22T15:13:12.623+0700] {processor.py:157} INFO - Started process (PID=13472) to work on /Users/macbook/Documents/Documents_MacBook_Pro/ISTT/AirflowTutorial/envlibs/lib/python3.10/site-packages/airflow/example_dags/example_short_circuit_operator.py
[2023-06-22T15:13:12.625+0700] {processor.py:826} INFO - Processing file /Users/macbook/Documents/Documents_MacBook_Pro/ISTT/AirflowTutorial/envlibs/lib/python3.10/site-packages/airflow/example_dags/example_short_circuit_operator.py for tasks to queue
[2023-06-22T15:13:12.626+0700] {logging_mixin.py:149} INFO - [2023-06-22T15:13:12.626+0700] {dagbag.py:541} INFO - Filling up the DagBag from /Users/macbook/Documents/Documents_MacBook_Pro/ISTT/AirflowTutorial/envlibs/lib/python3.10/site-packages/airflow/example_dags/example_short_circuit_operator.py
[2023-06-22T15:13:12.663+0700] {processor.py:836} INFO - DAG(s) dict_keys(['example_short_circuit_operator']) retrieved from /Users/macbook/Documents/Documents_MacBook_Pro/ISTT/AirflowTutorial/envlibs/lib/python3.10/site-packages/airflow/example_dags/example_short_circuit_operator.py
[2023-06-22T15:13:13.454+0700] {logging_mixin.py:149} INFO - [2023-06-22T15:13:13.454+0700] {dag.py:2726} INFO - Sync 1 DAGs
[2023-06-22T15:13:13.473+0700] {logging_mixin.py:149} INFO - [2023-06-22T15:13:13.472+0700] {dag.py:3486} INFO - Setting next_dagrun for example_short_circuit_operator to 2023-06-21T08:13:13.472793+00:00, run_after=2023-06-22T08:13:13.472793+00:00
[2023-06-22T15:13:13.491+0700] {processor.py:179} INFO - Processing /Users/macbook/Documents/Documents_MacBook_Pro/ISTT/AirflowTutorial/envlibs/lib/python3.10/site-packages/airflow/example_dags/example_short_circuit_operator.py took 0.869 seconds
[2023-06-22T15:15:18.257+0700] {processor.py:157} INFO - Started process (PID=13545) to work on /Users/macbook/Documents/Documents_MacBook_Pro/ISTT/AirflowTutorial/envlibs/lib/python3.10/site-packages/airflow/example_dags/example_short_circuit_operator.py
[2023-06-22T15:15:18.258+0700] {processor.py:826} INFO - Processing file /Users/macbook/Documents/Documents_MacBook_Pro/ISTT/AirflowTutorial/envlibs/lib/python3.10/site-packages/airflow/example_dags/example_short_circuit_operator.py for tasks to queue
[2023-06-22T15:15:18.259+0700] {logging_mixin.py:149} INFO - [2023-06-22T15:15:18.258+0700] {dagbag.py:541} INFO - Filling up the DagBag from /Users/macbook/Documents/Documents_MacBook_Pro/ISTT/AirflowTutorial/envlibs/lib/python3.10/site-packages/airflow/example_dags/example_short_circuit_operator.py
[2023-06-22T15:15:18.296+0700] {processor.py:836} INFO - DAG(s) dict_keys(['example_short_circuit_operator']) retrieved from /Users/macbook/Documents/Documents_MacBook_Pro/ISTT/AirflowTutorial/envlibs/lib/python3.10/site-packages/airflow/example_dags/example_short_circuit_operator.py
[2023-06-22T15:15:19.122+0700] {logging_mixin.py:149} INFO - [2023-06-22T15:15:19.122+0700] {dag.py:2726} INFO - Sync 1 DAGs
[2023-06-22T15:15:19.142+0700] {logging_mixin.py:149} INFO - [2023-06-22T15:15:19.142+0700] {dag.py:3486} INFO - Setting next_dagrun for example_short_circuit_operator to 2023-06-21T08:15:19.141957+00:00, run_after=2023-06-22T08:15:19.141957+00:00
[2023-06-22T15:15:19.163+0700] {processor.py:179} INFO - Processing /Users/macbook/Documents/Documents_MacBook_Pro/ISTT/AirflowTutorial/envlibs/lib/python3.10/site-packages/airflow/example_dags/example_short_circuit_operator.py took 0.907 seconds
[2023-06-22T15:17:29.557+0700] {processor.py:157} INFO - Started process (PID=13629) to work on /Users/macbook/Documents/Documents_MacBook_Pro/ISTT/AirflowTutorial/envlibs/lib/python3.10/site-packages/airflow/example_dags/example_short_circuit_operator.py
[2023-06-22T15:17:29.557+0700] {processor.py:826} INFO - Processing file /Users/macbook/Documents/Documents_MacBook_Pro/ISTT/AirflowTutorial/envlibs/lib/python3.10/site-packages/airflow/example_dags/example_short_circuit_operator.py for tasks to queue
[2023-06-22T15:17:29.558+0700] {logging_mixin.py:149} INFO - [2023-06-22T15:17:29.558+0700] {dagbag.py:541} INFO - Filling up the DagBag from /Users/macbook/Documents/Documents_MacBook_Pro/ISTT/AirflowTutorial/envlibs/lib/python3.10/site-packages/airflow/example_dags/example_short_circuit_operator.py
[2023-06-22T15:17:29.592+0700] {processor.py:836} INFO - DAG(s) dict_keys(['example_short_circuit_operator']) retrieved from /Users/macbook/Documents/Documents_MacBook_Pro/ISTT/AirflowTutorial/envlibs/lib/python3.10/site-packages/airflow/example_dags/example_short_circuit_operator.py
[2023-06-22T15:17:30.412+0700] {logging_mixin.py:149} INFO - [2023-06-22T15:17:30.412+0700] {dag.py:2726} INFO - Sync 1 DAGs
[2023-06-22T15:17:30.432+0700] {logging_mixin.py:149} INFO - [2023-06-22T15:17:30.432+0700] {dag.py:3486} INFO - Setting next_dagrun for example_short_circuit_operator to 2023-06-21T08:17:30.432159+00:00, run_after=2023-06-22T08:17:30.432159+00:00
[2023-06-22T15:17:30.450+0700] {processor.py:179} INFO - Processing /Users/macbook/Documents/Documents_MacBook_Pro/ISTT/AirflowTutorial/envlibs/lib/python3.10/site-packages/airflow/example_dags/example_short_circuit_operator.py took 0.894 seconds
[2023-06-22T15:19:29.189+0700] {processor.py:157} INFO - Started process (PID=13723) to work on /Users/macbook/Documents/Documents_MacBook_Pro/ISTT/AirflowTutorial/envlibs/lib/python3.10/site-packages/airflow/example_dags/example_short_circuit_operator.py
[2023-06-22T15:19:29.190+0700] {processor.py:826} INFO - Processing file /Users/macbook/Documents/Documents_MacBook_Pro/ISTT/AirflowTutorial/envlibs/lib/python3.10/site-packages/airflow/example_dags/example_short_circuit_operator.py for tasks to queue
[2023-06-22T15:19:29.191+0700] {logging_mixin.py:149} INFO - [2023-06-22T15:19:29.191+0700] {dagbag.py:541} INFO - Filling up the DagBag from /Users/macbook/Documents/Documents_MacBook_Pro/ISTT/AirflowTutorial/envlibs/lib/python3.10/site-packages/airflow/example_dags/example_short_circuit_operator.py
[2023-06-22T15:19:29.227+0700] {processor.py:836} INFO - DAG(s) dict_keys(['example_short_circuit_operator']) retrieved from /Users/macbook/Documents/Documents_MacBook_Pro/ISTT/AirflowTutorial/envlibs/lib/python3.10/site-packages/airflow/example_dags/example_short_circuit_operator.py
[2023-06-22T15:19:29.985+0700] {logging_mixin.py:149} INFO - [2023-06-22T15:19:29.984+0700] {dag.py:2726} INFO - Sync 1 DAGs
[2023-06-22T15:19:30.010+0700] {logging_mixin.py:149} INFO - [2023-06-22T15:19:30.009+0700] {dag.py:3486} INFO - Setting next_dagrun for example_short_circuit_operator to 2023-06-21T08:19:30.009684+00:00, run_after=2023-06-22T08:19:30.009684+00:00
[2023-06-22T15:19:30.031+0700] {processor.py:179} INFO - Processing /Users/macbook/Documents/Documents_MacBook_Pro/ISTT/AirflowTutorial/envlibs/lib/python3.10/site-packages/airflow/example_dags/example_short_circuit_operator.py took 0.842 seconds
[2023-06-22T15:21:30.016+0700] {processor.py:157} INFO - Started process (PID=13779) to work on /Users/macbook/Documents/Documents_MacBook_Pro/ISTT/AirflowTutorial/envlibs/lib/python3.10/site-packages/airflow/example_dags/example_short_circuit_operator.py
[2023-06-22T15:21:30.017+0700] {processor.py:826} INFO - Processing file /Users/macbook/Documents/Documents_MacBook_Pro/ISTT/AirflowTutorial/envlibs/lib/python3.10/site-packages/airflow/example_dags/example_short_circuit_operator.py for tasks to queue
[2023-06-22T15:21:30.018+0700] {logging_mixin.py:149} INFO - [2023-06-22T15:21:30.018+0700] {dagbag.py:541} INFO - Filling up the DagBag from /Users/macbook/Documents/Documents_MacBook_Pro/ISTT/AirflowTutorial/envlibs/lib/python3.10/site-packages/airflow/example_dags/example_short_circuit_operator.py
[2023-06-22T15:21:30.055+0700] {processor.py:836} INFO - DAG(s) dict_keys(['example_short_circuit_operator']) retrieved from /Users/macbook/Documents/Documents_MacBook_Pro/ISTT/AirflowTutorial/envlibs/lib/python3.10/site-packages/airflow/example_dags/example_short_circuit_operator.py
[2023-06-22T15:21:30.902+0700] {logging_mixin.py:149} INFO - [2023-06-22T15:21:30.901+0700] {dag.py:2726} INFO - Sync 1 DAGs
[2023-06-22T15:21:30.921+0700] {logging_mixin.py:149} INFO - [2023-06-22T15:21:30.921+0700] {dag.py:3486} INFO - Setting next_dagrun for example_short_circuit_operator to 2023-06-21T08:21:30.921332+00:00, run_after=2023-06-22T08:21:30.921332+00:00
[2023-06-22T15:21:30.941+0700] {processor.py:179} INFO - Processing /Users/macbook/Documents/Documents_MacBook_Pro/ISTT/AirflowTutorial/envlibs/lib/python3.10/site-packages/airflow/example_dags/example_short_circuit_operator.py took 0.926 seconds
[2023-06-22T15:23:44.238+0700] {processor.py:157} INFO - Started process (PID=13847) to work on /Users/macbook/Documents/Documents_MacBook_Pro/ISTT/AirflowTutorial/envlibs/lib/python3.10/site-packages/airflow/example_dags/example_short_circuit_operator.py
[2023-06-22T15:23:44.239+0700] {processor.py:826} INFO - Processing file /Users/macbook/Documents/Documents_MacBook_Pro/ISTT/AirflowTutorial/envlibs/lib/python3.10/site-packages/airflow/example_dags/example_short_circuit_operator.py for tasks to queue
[2023-06-22T15:23:44.240+0700] {logging_mixin.py:149} INFO - [2023-06-22T15:23:44.240+0700] {dagbag.py:541} INFO - Filling up the DagBag from /Users/macbook/Documents/Documents_MacBook_Pro/ISTT/AirflowTutorial/envlibs/lib/python3.10/site-packages/airflow/example_dags/example_short_circuit_operator.py
[2023-06-22T15:23:44.296+0700] {processor.py:836} INFO - DAG(s) dict_keys(['example_short_circuit_operator']) retrieved from /Users/macbook/Documents/Documents_MacBook_Pro/ISTT/AirflowTutorial/envlibs/lib/python3.10/site-packages/airflow/example_dags/example_short_circuit_operator.py
[2023-06-22T15:23:45.350+0700] {logging_mixin.py:149} INFO - [2023-06-22T15:23:45.350+0700] {dag.py:2726} INFO - Sync 1 DAGs
[2023-06-22T15:23:45.370+0700] {logging_mixin.py:149} INFO - [2023-06-22T15:23:45.369+0700] {dag.py:3486} INFO - Setting next_dagrun for example_short_circuit_operator to 2023-06-21T08:23:45.369629+00:00, run_after=2023-06-22T08:23:45.369629+00:00
[2023-06-22T15:23:45.390+0700] {processor.py:179} INFO - Processing /Users/macbook/Documents/Documents_MacBook_Pro/ISTT/AirflowTutorial/envlibs/lib/python3.10/site-packages/airflow/example_dags/example_short_circuit_operator.py took 1.153 seconds
[2023-06-22T15:25:59.565+0700] {processor.py:157} INFO - Started process (PID=13904) to work on /Users/macbook/Documents/Documents_MacBook_Pro/ISTT/AirflowTutorial/envlibs/lib/python3.10/site-packages/airflow/example_dags/example_short_circuit_operator.py
[2023-06-22T15:25:59.567+0700] {processor.py:826} INFO - Processing file /Users/macbook/Documents/Documents_MacBook_Pro/ISTT/AirflowTutorial/envlibs/lib/python3.10/site-packages/airflow/example_dags/example_short_circuit_operator.py for tasks to queue
[2023-06-22T15:25:59.567+0700] {logging_mixin.py:149} INFO - [2023-06-22T15:25:59.567+0700] {dagbag.py:541} INFO - Filling up the DagBag from /Users/macbook/Documents/Documents_MacBook_Pro/ISTT/AirflowTutorial/envlibs/lib/python3.10/site-packages/airflow/example_dags/example_short_circuit_operator.py
[2023-06-22T15:25:59.607+0700] {processor.py:836} INFO - DAG(s) dict_keys(['example_short_circuit_operator']) retrieved from /Users/macbook/Documents/Documents_MacBook_Pro/ISTT/AirflowTutorial/envlibs/lib/python3.10/site-packages/airflow/example_dags/example_short_circuit_operator.py
[2023-06-22T15:26:00.596+0700] {logging_mixin.py:149} INFO - [2023-06-22T15:26:00.596+0700] {dag.py:2726} INFO - Sync 1 DAGs
[2023-06-22T15:26:00.621+0700] {logging_mixin.py:149} INFO - [2023-06-22T15:26:00.621+0700] {dag.py:3486} INFO - Setting next_dagrun for example_short_circuit_operator to 2023-06-21T08:26:00.621605+00:00, run_after=2023-06-22T08:26:00.621605+00:00
[2023-06-22T15:26:00.643+0700] {processor.py:179} INFO - Processing /Users/macbook/Documents/Documents_MacBook_Pro/ISTT/AirflowTutorial/envlibs/lib/python3.10/site-packages/airflow/example_dags/example_short_circuit_operator.py took 1.078 seconds
[2023-06-22T15:28:09.629+0700] {processor.py:157} INFO - Started process (PID=13960) to work on /Users/macbook/Documents/Documents_MacBook_Pro/ISTT/AirflowTutorial/envlibs/lib/python3.10/site-packages/airflow/example_dags/example_short_circuit_operator.py
[2023-06-22T15:28:09.631+0700] {processor.py:826} INFO - Processing file /Users/macbook/Documents/Documents_MacBook_Pro/ISTT/AirflowTutorial/envlibs/lib/python3.10/site-packages/airflow/example_dags/example_short_circuit_operator.py for tasks to queue
[2023-06-22T15:28:09.632+0700] {logging_mixin.py:149} INFO - [2023-06-22T15:28:09.632+0700] {dagbag.py:541} INFO - Filling up the DagBag from /Users/macbook/Documents/Documents_MacBook_Pro/ISTT/AirflowTutorial/envlibs/lib/python3.10/site-packages/airflow/example_dags/example_short_circuit_operator.py
[2023-06-22T15:28:09.689+0700] {processor.py:836} INFO - DAG(s) dict_keys(['example_short_circuit_operator']) retrieved from /Users/macbook/Documents/Documents_MacBook_Pro/ISTT/AirflowTutorial/envlibs/lib/python3.10/site-packages/airflow/example_dags/example_short_circuit_operator.py
[2023-06-22T15:28:10.545+0700] {logging_mixin.py:149} INFO - [2023-06-22T15:28:10.545+0700] {dag.py:2726} INFO - Sync 1 DAGs
[2023-06-22T15:28:10.563+0700] {logging_mixin.py:149} INFO - [2023-06-22T15:28:10.563+0700] {dag.py:3486} INFO - Setting next_dagrun for example_short_circuit_operator to 2023-06-21T08:28:10.563281+00:00, run_after=2023-06-22T08:28:10.563281+00:00
[2023-06-22T15:28:10.583+0700] {processor.py:179} INFO - Processing /Users/macbook/Documents/Documents_MacBook_Pro/ISTT/AirflowTutorial/envlibs/lib/python3.10/site-packages/airflow/example_dags/example_short_circuit_operator.py took 0.955 seconds
[2023-06-22T15:30:17.818+0700] {processor.py:157} INFO - Started process (PID=14016) to work on /Users/macbook/Documents/Documents_MacBook_Pro/ISTT/AirflowTutorial/envlibs/lib/python3.10/site-packages/airflow/example_dags/example_short_circuit_operator.py
[2023-06-22T15:30:17.825+0700] {processor.py:826} INFO - Processing file /Users/macbook/Documents/Documents_MacBook_Pro/ISTT/AirflowTutorial/envlibs/lib/python3.10/site-packages/airflow/example_dags/example_short_circuit_operator.py for tasks to queue
[2023-06-22T15:30:17.826+0700] {logging_mixin.py:149} INFO - [2023-06-22T15:30:17.825+0700] {dagbag.py:541} INFO - Filling up the DagBag from /Users/macbook/Documents/Documents_MacBook_Pro/ISTT/AirflowTutorial/envlibs/lib/python3.10/site-packages/airflow/example_dags/example_short_circuit_operator.py
[2023-06-22T15:30:17.870+0700] {processor.py:836} INFO - DAG(s) dict_keys(['example_short_circuit_operator']) retrieved from /Users/macbook/Documents/Documents_MacBook_Pro/ISTT/AirflowTutorial/envlibs/lib/python3.10/site-packages/airflow/example_dags/example_short_circuit_operator.py
[2023-06-22T15:30:18.763+0700] {logging_mixin.py:149} INFO - [2023-06-22T15:30:18.762+0700] {dag.py:2726} INFO - Sync 1 DAGs
[2023-06-22T15:30:18.782+0700] {logging_mixin.py:149} INFO - [2023-06-22T15:30:18.781+0700] {dag.py:3486} INFO - Setting next_dagrun for example_short_circuit_operator to 2023-06-21T08:30:18.781766+00:00, run_after=2023-06-22T08:30:18.781766+00:00
[2023-06-22T15:30:18.818+0700] {processor.py:179} INFO - Processing /Users/macbook/Documents/Documents_MacBook_Pro/ISTT/AirflowTutorial/envlibs/lib/python3.10/site-packages/airflow/example_dags/example_short_circuit_operator.py took 1.000 seconds
[2023-06-22T15:32:22.427+0700] {processor.py:157} INFO - Started process (PID=14083) to work on /Users/macbook/Documents/Documents_MacBook_Pro/ISTT/AirflowTutorial/envlibs/lib/python3.10/site-packages/airflow/example_dags/example_short_circuit_operator.py
[2023-06-22T15:32:22.429+0700] {processor.py:826} INFO - Processing file /Users/macbook/Documents/Documents_MacBook_Pro/ISTT/AirflowTutorial/envlibs/lib/python3.10/site-packages/airflow/example_dags/example_short_circuit_operator.py for tasks to queue
[2023-06-22T15:32:22.429+0700] {logging_mixin.py:149} INFO - [2023-06-22T15:32:22.429+0700] {dagbag.py:541} INFO - Filling up the DagBag from /Users/macbook/Documents/Documents_MacBook_Pro/ISTT/AirflowTutorial/envlibs/lib/python3.10/site-packages/airflow/example_dags/example_short_circuit_operator.py
[2023-06-22T15:32:22.461+0700] {processor.py:836} INFO - DAG(s) dict_keys(['example_short_circuit_operator']) retrieved from /Users/macbook/Documents/Documents_MacBook_Pro/ISTT/AirflowTutorial/envlibs/lib/python3.10/site-packages/airflow/example_dags/example_short_circuit_operator.py
[2023-06-22T15:32:23.182+0700] {logging_mixin.py:149} INFO - [2023-06-22T15:32:23.182+0700] {dag.py:2726} INFO - Sync 1 DAGs
[2023-06-22T15:32:23.198+0700] {logging_mixin.py:149} INFO - [2023-06-22T15:32:23.198+0700] {dag.py:3486} INFO - Setting next_dagrun for example_short_circuit_operator to 2023-06-21T08:32:23.197850+00:00, run_after=2023-06-22T08:32:23.197850+00:00
[2023-06-22T15:32:23.215+0700] {processor.py:179} INFO - Processing /Users/macbook/Documents/Documents_MacBook_Pro/ISTT/AirflowTutorial/envlibs/lib/python3.10/site-packages/airflow/example_dags/example_short_circuit_operator.py took 0.788 seconds
[2023-06-22T15:34:26.378+0700] {processor.py:157} INFO - Started process (PID=14145) to work on /Users/macbook/Documents/Documents_MacBook_Pro/ISTT/AirflowTutorial/envlibs/lib/python3.10/site-packages/airflow/example_dags/example_short_circuit_operator.py
[2023-06-22T15:34:26.380+0700] {processor.py:826} INFO - Processing file /Users/macbook/Documents/Documents_MacBook_Pro/ISTT/AirflowTutorial/envlibs/lib/python3.10/site-packages/airflow/example_dags/example_short_circuit_operator.py for tasks to queue
[2023-06-22T15:34:26.380+0700] {logging_mixin.py:149} INFO - [2023-06-22T15:34:26.380+0700] {dagbag.py:541} INFO - Filling up the DagBag from /Users/macbook/Documents/Documents_MacBook_Pro/ISTT/AirflowTutorial/envlibs/lib/python3.10/site-packages/airflow/example_dags/example_short_circuit_operator.py
[2023-06-22T15:34:26.421+0700] {processor.py:836} INFO - DAG(s) dict_keys(['example_short_circuit_operator']) retrieved from /Users/macbook/Documents/Documents_MacBook_Pro/ISTT/AirflowTutorial/envlibs/lib/python3.10/site-packages/airflow/example_dags/example_short_circuit_operator.py
[2023-06-22T15:34:27.387+0700] {logging_mixin.py:149} INFO - [2023-06-22T15:34:27.386+0700] {dag.py:2726} INFO - Sync 1 DAGs
[2023-06-22T15:34:27.411+0700] {logging_mixin.py:149} INFO - [2023-06-22T15:34:27.410+0700] {dag.py:3486} INFO - Setting next_dagrun for example_short_circuit_operator to 2023-06-21T08:34:27.410581+00:00, run_after=2023-06-22T08:34:27.410581+00:00
[2023-06-22T15:34:27.430+0700] {processor.py:179} INFO - Processing /Users/macbook/Documents/Documents_MacBook_Pro/ISTT/AirflowTutorial/envlibs/lib/python3.10/site-packages/airflow/example_dags/example_short_circuit_operator.py took 1.052 seconds
[2023-06-22T15:36:33.085+0700] {processor.py:157} INFO - Started process (PID=14196) to work on /Users/macbook/Documents/Documents_MacBook_Pro/ISTT/AirflowTutorial/envlibs/lib/python3.10/site-packages/airflow/example_dags/example_short_circuit_operator.py
[2023-06-22T15:36:33.086+0700] {processor.py:826} INFO - Processing file /Users/macbook/Documents/Documents_MacBook_Pro/ISTT/AirflowTutorial/envlibs/lib/python3.10/site-packages/airflow/example_dags/example_short_circuit_operator.py for tasks to queue
[2023-06-22T15:36:33.087+0700] {logging_mixin.py:149} INFO - [2023-06-22T15:36:33.087+0700] {dagbag.py:541} INFO - Filling up the DagBag from /Users/macbook/Documents/Documents_MacBook_Pro/ISTT/AirflowTutorial/envlibs/lib/python3.10/site-packages/airflow/example_dags/example_short_circuit_operator.py
[2023-06-22T15:36:33.119+0700] {processor.py:836} INFO - DAG(s) dict_keys(['example_short_circuit_operator']) retrieved from /Users/macbook/Documents/Documents_MacBook_Pro/ISTT/AirflowTutorial/envlibs/lib/python3.10/site-packages/airflow/example_dags/example_short_circuit_operator.py
[2023-06-22T15:36:33.841+0700] {logging_mixin.py:149} INFO - [2023-06-22T15:36:33.841+0700] {dag.py:2726} INFO - Sync 1 DAGs
[2023-06-22T15:36:33.857+0700] {logging_mixin.py:149} INFO - [2023-06-22T15:36:33.857+0700] {dag.py:3486} INFO - Setting next_dagrun for example_short_circuit_operator to 2023-06-21T08:36:33.857424+00:00, run_after=2023-06-22T08:36:33.857424+00:00
[2023-06-22T15:36:33.874+0700] {processor.py:179} INFO - Processing /Users/macbook/Documents/Documents_MacBook_Pro/ISTT/AirflowTutorial/envlibs/lib/python3.10/site-packages/airflow/example_dags/example_short_circuit_operator.py took 0.789 seconds
[2023-06-22T15:38:45.858+0700] {processor.py:157} INFO - Started process (PID=14281) to work on /Users/macbook/Documents/Documents_MacBook_Pro/ISTT/AirflowTutorial/envlibs/lib/python3.10/site-packages/airflow/example_dags/example_short_circuit_operator.py
[2023-06-22T15:38:45.860+0700] {processor.py:826} INFO - Processing file /Users/macbook/Documents/Documents_MacBook_Pro/ISTT/AirflowTutorial/envlibs/lib/python3.10/site-packages/airflow/example_dags/example_short_circuit_operator.py for tasks to queue
[2023-06-22T15:38:45.861+0700] {logging_mixin.py:149} INFO - [2023-06-22T15:38:45.861+0700] {dagbag.py:541} INFO - Filling up the DagBag from /Users/macbook/Documents/Documents_MacBook_Pro/ISTT/AirflowTutorial/envlibs/lib/python3.10/site-packages/airflow/example_dags/example_short_circuit_operator.py
[2023-06-22T15:38:45.900+0700] {processor.py:836} INFO - DAG(s) dict_keys(['example_short_circuit_operator']) retrieved from /Users/macbook/Documents/Documents_MacBook_Pro/ISTT/AirflowTutorial/envlibs/lib/python3.10/site-packages/airflow/example_dags/example_short_circuit_operator.py
[2023-06-22T15:38:46.730+0700] {logging_mixin.py:149} INFO - [2023-06-22T15:38:46.730+0700] {dag.py:2726} INFO - Sync 1 DAGs
[2023-06-22T15:38:46.747+0700] {logging_mixin.py:149} INFO - [2023-06-22T15:38:46.747+0700] {dag.py:3486} INFO - Setting next_dagrun for example_short_circuit_operator to 2023-06-21T08:38:46.747091+00:00, run_after=2023-06-22T08:38:46.747091+00:00
[2023-06-22T15:38:46.765+0700] {processor.py:179} INFO - Processing /Users/macbook/Documents/Documents_MacBook_Pro/ISTT/AirflowTutorial/envlibs/lib/python3.10/site-packages/airflow/example_dags/example_short_circuit_operator.py took 0.909 seconds
[2023-06-22T15:40:54.344+0700] {processor.py:157} INFO - Started process (PID=14336) to work on /Users/macbook/Documents/Documents_MacBook_Pro/ISTT/AirflowTutorial/envlibs/lib/python3.10/site-packages/airflow/example_dags/example_short_circuit_operator.py
[2023-06-22T15:40:54.346+0700] {processor.py:826} INFO - Processing file /Users/macbook/Documents/Documents_MacBook_Pro/ISTT/AirflowTutorial/envlibs/lib/python3.10/site-packages/airflow/example_dags/example_short_circuit_operator.py for tasks to queue
[2023-06-22T15:40:54.346+0700] {logging_mixin.py:149} INFO - [2023-06-22T15:40:54.346+0700] {dagbag.py:541} INFO - Filling up the DagBag from /Users/macbook/Documents/Documents_MacBook_Pro/ISTT/AirflowTutorial/envlibs/lib/python3.10/site-packages/airflow/example_dags/example_short_circuit_operator.py
[2023-06-22T15:40:54.392+0700] {processor.py:836} INFO - DAG(s) dict_keys(['example_short_circuit_operator']) retrieved from /Users/macbook/Documents/Documents_MacBook_Pro/ISTT/AirflowTutorial/envlibs/lib/python3.10/site-packages/airflow/example_dags/example_short_circuit_operator.py
[2023-06-22T15:40:55.238+0700] {logging_mixin.py:149} INFO - [2023-06-22T15:40:55.238+0700] {dag.py:2726} INFO - Sync 1 DAGs
[2023-06-22T15:40:55.256+0700] {logging_mixin.py:149} INFO - [2023-06-22T15:40:55.256+0700] {dag.py:3486} INFO - Setting next_dagrun for example_short_circuit_operator to 2023-06-21T08:40:55.255978+00:00, run_after=2023-06-22T08:40:55.255978+00:00
[2023-06-22T15:40:55.275+0700] {processor.py:179} INFO - Processing /Users/macbook/Documents/Documents_MacBook_Pro/ISTT/AirflowTutorial/envlibs/lib/python3.10/site-packages/airflow/example_dags/example_short_circuit_operator.py took 0.932 seconds
[2023-06-22T15:43:06.427+0700] {processor.py:157} INFO - Started process (PID=14418) to work on /Users/macbook/Documents/Documents_MacBook_Pro/ISTT/AirflowTutorial/envlibs/lib/python3.10/site-packages/airflow/example_dags/example_short_circuit_operator.py
[2023-06-22T15:43:06.430+0700] {processor.py:826} INFO - Processing file /Users/macbook/Documents/Documents_MacBook_Pro/ISTT/AirflowTutorial/envlibs/lib/python3.10/site-packages/airflow/example_dags/example_short_circuit_operator.py for tasks to queue
[2023-06-22T15:43:06.431+0700] {logging_mixin.py:149} INFO - [2023-06-22T15:43:06.431+0700] {dagbag.py:541} INFO - Filling up the DagBag from /Users/macbook/Documents/Documents_MacBook_Pro/ISTT/AirflowTutorial/envlibs/lib/python3.10/site-packages/airflow/example_dags/example_short_circuit_operator.py
[2023-06-22T15:43:06.487+0700] {processor.py:836} INFO - DAG(s) dict_keys(['example_short_circuit_operator']) retrieved from /Users/macbook/Documents/Documents_MacBook_Pro/ISTT/AirflowTutorial/envlibs/lib/python3.10/site-packages/airflow/example_dags/example_short_circuit_operator.py
[2023-06-22T15:43:07.336+0700] {logging_mixin.py:149} INFO - [2023-06-22T15:43:07.336+0700] {dag.py:2726} INFO - Sync 1 DAGs
[2023-06-22T15:43:07.354+0700] {logging_mixin.py:149} INFO - [2023-06-22T15:43:07.354+0700] {dag.py:3486} INFO - Setting next_dagrun for example_short_circuit_operator to 2023-06-21T08:43:07.353873+00:00, run_after=2023-06-22T08:43:07.353873+00:00
[2023-06-22T15:43:07.372+0700] {processor.py:179} INFO - Processing /Users/macbook/Documents/Documents_MacBook_Pro/ISTT/AirflowTutorial/envlibs/lib/python3.10/site-packages/airflow/example_dags/example_short_circuit_operator.py took 0.946 seconds
[2023-06-22T15:45:13.277+0700] {processor.py:157} INFO - Started process (PID=14475) to work on /Users/macbook/Documents/Documents_MacBook_Pro/ISTT/AirflowTutorial/envlibs/lib/python3.10/site-packages/airflow/example_dags/example_short_circuit_operator.py
[2023-06-22T15:45:13.278+0700] {processor.py:826} INFO - Processing file /Users/macbook/Documents/Documents_MacBook_Pro/ISTT/AirflowTutorial/envlibs/lib/python3.10/site-packages/airflow/example_dags/example_short_circuit_operator.py for tasks to queue
[2023-06-22T15:45:13.279+0700] {logging_mixin.py:149} INFO - [2023-06-22T15:45:13.279+0700] {dagbag.py:541} INFO - Filling up the DagBag from /Users/macbook/Documents/Documents_MacBook_Pro/ISTT/AirflowTutorial/envlibs/lib/python3.10/site-packages/airflow/example_dags/example_short_circuit_operator.py
[2023-06-22T15:45:13.319+0700] {processor.py:836} INFO - DAG(s) dict_keys(['example_short_circuit_operator']) retrieved from /Users/macbook/Documents/Documents_MacBook_Pro/ISTT/AirflowTutorial/envlibs/lib/python3.10/site-packages/airflow/example_dags/example_short_circuit_operator.py
[2023-06-22T15:45:14.230+0700] {logging_mixin.py:149} INFO - [2023-06-22T15:45:14.230+0700] {dag.py:2726} INFO - Sync 1 DAGs
[2023-06-22T15:45:14.248+0700] {logging_mixin.py:149} INFO - [2023-06-22T15:45:14.248+0700] {dag.py:3486} INFO - Setting next_dagrun for example_short_circuit_operator to 2023-06-21T08:45:14.248294+00:00, run_after=2023-06-22T08:45:14.248294+00:00
[2023-06-22T15:45:14.268+0700] {processor.py:179} INFO - Processing /Users/macbook/Documents/Documents_MacBook_Pro/ISTT/AirflowTutorial/envlibs/lib/python3.10/site-packages/airflow/example_dags/example_short_circuit_operator.py took 0.992 seconds
[2023-06-22T15:47:27.283+0700] {processor.py:157} INFO - Started process (PID=14563) to work on /Users/macbook/Documents/Documents_MacBook_Pro/ISTT/AirflowTutorial/envlibs/lib/python3.10/site-packages/airflow/example_dags/example_short_circuit_operator.py
[2023-06-22T15:47:27.284+0700] {processor.py:826} INFO - Processing file /Users/macbook/Documents/Documents_MacBook_Pro/ISTT/AirflowTutorial/envlibs/lib/python3.10/site-packages/airflow/example_dags/example_short_circuit_operator.py for tasks to queue
[2023-06-22T15:47:27.285+0700] {logging_mixin.py:149} INFO - [2023-06-22T15:47:27.285+0700] {dagbag.py:541} INFO - Filling up the DagBag from /Users/macbook/Documents/Documents_MacBook_Pro/ISTT/AirflowTutorial/envlibs/lib/python3.10/site-packages/airflow/example_dags/example_short_circuit_operator.py
[2023-06-22T15:47:27.332+0700] {processor.py:836} INFO - DAG(s) dict_keys(['example_short_circuit_operator']) retrieved from /Users/macbook/Documents/Documents_MacBook_Pro/ISTT/AirflowTutorial/envlibs/lib/python3.10/site-packages/airflow/example_dags/example_short_circuit_operator.py
[2023-06-22T15:47:28.190+0700] {logging_mixin.py:149} INFO - [2023-06-22T15:47:28.190+0700] {dag.py:2726} INFO - Sync 1 DAGs
[2023-06-22T15:47:28.208+0700] {logging_mixin.py:149} INFO - [2023-06-22T15:47:28.208+0700] {dag.py:3486} INFO - Setting next_dagrun for example_short_circuit_operator to 2023-06-21T08:47:28.208659+00:00, run_after=2023-06-22T08:47:28.208659+00:00
[2023-06-22T15:47:28.229+0700] {processor.py:179} INFO - Processing /Users/macbook/Documents/Documents_MacBook_Pro/ISTT/AirflowTutorial/envlibs/lib/python3.10/site-packages/airflow/example_dags/example_short_circuit_operator.py took 0.946 seconds
[2023-06-22T15:49:42.430+0700] {processor.py:157} INFO - Started process (PID=14644) to work on /Users/macbook/Documents/Documents_MacBook_Pro/ISTT/AirflowTutorial/envlibs/lib/python3.10/site-packages/airflow/example_dags/example_short_circuit_operator.py
[2023-06-22T15:49:42.432+0700] {processor.py:826} INFO - Processing file /Users/macbook/Documents/Documents_MacBook_Pro/ISTT/AirflowTutorial/envlibs/lib/python3.10/site-packages/airflow/example_dags/example_short_circuit_operator.py for tasks to queue
[2023-06-22T15:49:42.432+0700] {logging_mixin.py:149} INFO - [2023-06-22T15:49:42.432+0700] {dagbag.py:541} INFO - Filling up the DagBag from /Users/macbook/Documents/Documents_MacBook_Pro/ISTT/AirflowTutorial/envlibs/lib/python3.10/site-packages/airflow/example_dags/example_short_circuit_operator.py
[2023-06-22T15:49:42.472+0700] {processor.py:836} INFO - DAG(s) dict_keys(['example_short_circuit_operator']) retrieved from /Users/macbook/Documents/Documents_MacBook_Pro/ISTT/AirflowTutorial/envlibs/lib/python3.10/site-packages/airflow/example_dags/example_short_circuit_operator.py
[2023-06-22T15:49:43.460+0700] {logging_mixin.py:149} INFO - [2023-06-22T15:49:43.460+0700] {dag.py:2726} INFO - Sync 1 DAGs
[2023-06-22T15:49:43.483+0700] {logging_mixin.py:149} INFO - [2023-06-22T15:49:43.483+0700] {dag.py:3486} INFO - Setting next_dagrun for example_short_circuit_operator to 2023-06-21T08:49:43.483652+00:00, run_after=2023-06-22T08:49:43.483652+00:00
[2023-06-22T15:49:43.507+0700] {processor.py:179} INFO - Processing /Users/macbook/Documents/Documents_MacBook_Pro/ISTT/AirflowTutorial/envlibs/lib/python3.10/site-packages/airflow/example_dags/example_short_circuit_operator.py took 1.078 seconds
[2023-06-22T15:51:53.457+0700] {processor.py:157} INFO - Started process (PID=14698) to work on /Users/macbook/Documents/Documents_MacBook_Pro/ISTT/AirflowTutorial/envlibs/lib/python3.10/site-packages/airflow/example_dags/example_short_circuit_operator.py
[2023-06-22T15:51:53.458+0700] {processor.py:826} INFO - Processing file /Users/macbook/Documents/Documents_MacBook_Pro/ISTT/AirflowTutorial/envlibs/lib/python3.10/site-packages/airflow/example_dags/example_short_circuit_operator.py for tasks to queue
[2023-06-22T15:51:53.459+0700] {logging_mixin.py:149} INFO - [2023-06-22T15:51:53.459+0700] {dagbag.py:541} INFO - Filling up the DagBag from /Users/macbook/Documents/Documents_MacBook_Pro/ISTT/AirflowTutorial/envlibs/lib/python3.10/site-packages/airflow/example_dags/example_short_circuit_operator.py
[2023-06-22T15:51:53.504+0700] {processor.py:836} INFO - DAG(s) dict_keys(['example_short_circuit_operator']) retrieved from /Users/macbook/Documents/Documents_MacBook_Pro/ISTT/AirflowTutorial/envlibs/lib/python3.10/site-packages/airflow/example_dags/example_short_circuit_operator.py
[2023-06-22T15:51:54.432+0700] {logging_mixin.py:149} INFO - [2023-06-22T15:51:54.432+0700] {dag.py:2726} INFO - Sync 1 DAGs
[2023-06-22T15:51:54.453+0700] {logging_mixin.py:149} INFO - [2023-06-22T15:51:54.453+0700] {dag.py:3486} INFO - Setting next_dagrun for example_short_circuit_operator to 2023-06-21T08:51:54.453282+00:00, run_after=2023-06-22T08:51:54.453282+00:00
[2023-06-22T15:51:54.480+0700] {processor.py:179} INFO - Processing /Users/macbook/Documents/Documents_MacBook_Pro/ISTT/AirflowTutorial/envlibs/lib/python3.10/site-packages/airflow/example_dags/example_short_circuit_operator.py took 1.024 seconds
[2023-06-22T15:54:17.592+0700] {processor.py:157} INFO - Started process (PID=14818) to work on /Users/macbook/Documents/Documents_MacBook_Pro/ISTT/AirflowTutorial/envlibs/lib/python3.10/site-packages/airflow/example_dags/example_short_circuit_operator.py
[2023-06-22T15:54:17.593+0700] {processor.py:826} INFO - Processing file /Users/macbook/Documents/Documents_MacBook_Pro/ISTT/AirflowTutorial/envlibs/lib/python3.10/site-packages/airflow/example_dags/example_short_circuit_operator.py for tasks to queue
[2023-06-22T15:54:17.594+0700] {logging_mixin.py:149} INFO - [2023-06-22T15:54:17.594+0700] {dagbag.py:541} INFO - Filling up the DagBag from /Users/macbook/Documents/Documents_MacBook_Pro/ISTT/AirflowTutorial/envlibs/lib/python3.10/site-packages/airflow/example_dags/example_short_circuit_operator.py
[2023-06-22T15:54:17.633+0700] {processor.py:836} INFO - DAG(s) dict_keys(['example_short_circuit_operator']) retrieved from /Users/macbook/Documents/Documents_MacBook_Pro/ISTT/AirflowTutorial/envlibs/lib/python3.10/site-packages/airflow/example_dags/example_short_circuit_operator.py
[2023-06-22T15:54:18.404+0700] {logging_mixin.py:149} INFO - [2023-06-22T15:54:18.403+0700] {dag.py:2726} INFO - Sync 1 DAGs
[2023-06-22T15:54:18.419+0700] {logging_mixin.py:149} INFO - [2023-06-22T15:54:18.419+0700] {dag.py:3486} INFO - Setting next_dagrun for example_short_circuit_operator to 2023-06-21T08:54:18.419223+00:00, run_after=2023-06-22T08:54:18.419223+00:00
[2023-06-22T15:54:18.437+0700] {processor.py:179} INFO - Processing /Users/macbook/Documents/Documents_MacBook_Pro/ISTT/AirflowTutorial/envlibs/lib/python3.10/site-packages/airflow/example_dags/example_short_circuit_operator.py took 0.846 seconds
[2023-06-22T15:56:28.232+0700] {processor.py:157} INFO - Started process (PID=14888) to work on /Users/macbook/Documents/Documents_MacBook_Pro/ISTT/AirflowTutorial/envlibs/lib/python3.10/site-packages/airflow/example_dags/example_short_circuit_operator.py
[2023-06-22T15:56:28.233+0700] {processor.py:826} INFO - Processing file /Users/macbook/Documents/Documents_MacBook_Pro/ISTT/AirflowTutorial/envlibs/lib/python3.10/site-packages/airflow/example_dags/example_short_circuit_operator.py for tasks to queue
[2023-06-22T15:56:28.234+0700] {logging_mixin.py:149} INFO - [2023-06-22T15:56:28.234+0700] {dagbag.py:541} INFO - Filling up the DagBag from /Users/macbook/Documents/Documents_MacBook_Pro/ISTT/AirflowTutorial/envlibs/lib/python3.10/site-packages/airflow/example_dags/example_short_circuit_operator.py
[2023-06-22T15:56:28.272+0700] {processor.py:836} INFO - DAG(s) dict_keys(['example_short_circuit_operator']) retrieved from /Users/macbook/Documents/Documents_MacBook_Pro/ISTT/AirflowTutorial/envlibs/lib/python3.10/site-packages/airflow/example_dags/example_short_circuit_operator.py
[2023-06-22T15:56:29.115+0700] {logging_mixin.py:149} INFO - [2023-06-22T15:56:29.115+0700] {dag.py:2726} INFO - Sync 1 DAGs
[2023-06-22T15:56:29.134+0700] {logging_mixin.py:149} INFO - [2023-06-22T15:56:29.134+0700] {dag.py:3486} INFO - Setting next_dagrun for example_short_circuit_operator to 2023-06-21T08:56:29.133932+00:00, run_after=2023-06-22T08:56:29.133932+00:00
[2023-06-22T15:56:29.156+0700] {processor.py:179} INFO - Processing /Users/macbook/Documents/Documents_MacBook_Pro/ISTT/AirflowTutorial/envlibs/lib/python3.10/site-packages/airflow/example_dags/example_short_circuit_operator.py took 0.925 seconds
[2023-06-22T15:58:45.449+0700] {processor.py:157} INFO - Started process (PID=14951) to work on /Users/macbook/Documents/Documents_MacBook_Pro/ISTT/AirflowTutorial/envlibs/lib/python3.10/site-packages/airflow/example_dags/example_short_circuit_operator.py
[2023-06-22T15:58:45.450+0700] {processor.py:826} INFO - Processing file /Users/macbook/Documents/Documents_MacBook_Pro/ISTT/AirflowTutorial/envlibs/lib/python3.10/site-packages/airflow/example_dags/example_short_circuit_operator.py for tasks to queue
[2023-06-22T15:58:45.451+0700] {logging_mixin.py:149} INFO - [2023-06-22T15:58:45.451+0700] {dagbag.py:541} INFO - Filling up the DagBag from /Users/macbook/Documents/Documents_MacBook_Pro/ISTT/AirflowTutorial/envlibs/lib/python3.10/site-packages/airflow/example_dags/example_short_circuit_operator.py
[2023-06-22T15:58:45.499+0700] {processor.py:836} INFO - DAG(s) dict_keys(['example_short_circuit_operator']) retrieved from /Users/macbook/Documents/Documents_MacBook_Pro/ISTT/AirflowTutorial/envlibs/lib/python3.10/site-packages/airflow/example_dags/example_short_circuit_operator.py
[2023-06-22T15:58:46.337+0700] {logging_mixin.py:149} INFO - [2023-06-22T15:58:46.336+0700] {dag.py:2726} INFO - Sync 1 DAGs
[2023-06-22T15:58:46.356+0700] {logging_mixin.py:149} INFO - [2023-06-22T15:58:46.356+0700] {dag.py:3486} INFO - Setting next_dagrun for example_short_circuit_operator to 2023-06-21T08:58:46.355974+00:00, run_after=2023-06-22T08:58:46.355974+00:00
[2023-06-22T15:58:46.378+0700] {processor.py:179} INFO - Processing /Users/macbook/Documents/Documents_MacBook_Pro/ISTT/AirflowTutorial/envlibs/lib/python3.10/site-packages/airflow/example_dags/example_short_circuit_operator.py took 0.930 seconds
[2023-06-22T16:01:00.717+0700] {processor.py:157} INFO - Started process (PID=15004) to work on /Users/macbook/Documents/Documents_MacBook_Pro/ISTT/AirflowTutorial/envlibs/lib/python3.10/site-packages/airflow/example_dags/example_short_circuit_operator.py
[2023-06-22T16:01:00.718+0700] {processor.py:826} INFO - Processing file /Users/macbook/Documents/Documents_MacBook_Pro/ISTT/AirflowTutorial/envlibs/lib/python3.10/site-packages/airflow/example_dags/example_short_circuit_operator.py for tasks to queue
[2023-06-22T16:01:00.719+0700] {logging_mixin.py:149} INFO - [2023-06-22T16:01:00.719+0700] {dagbag.py:541} INFO - Filling up the DagBag from /Users/macbook/Documents/Documents_MacBook_Pro/ISTT/AirflowTutorial/envlibs/lib/python3.10/site-packages/airflow/example_dags/example_short_circuit_operator.py
[2023-06-22T16:01:00.775+0700] {processor.py:836} INFO - DAG(s) dict_keys(['example_short_circuit_operator']) retrieved from /Users/macbook/Documents/Documents_MacBook_Pro/ISTT/AirflowTutorial/envlibs/lib/python3.10/site-packages/airflow/example_dags/example_short_circuit_operator.py
[2023-06-22T16:01:01.793+0700] {logging_mixin.py:149} INFO - [2023-06-22T16:01:01.792+0700] {dag.py:2726} INFO - Sync 1 DAGs
[2023-06-22T16:01:01.812+0700] {logging_mixin.py:149} INFO - [2023-06-22T16:01:01.811+0700] {dag.py:3486} INFO - Setting next_dagrun for example_short_circuit_operator to 2023-06-21T09:01:01.811756+00:00, run_after=2023-06-22T09:01:01.811756+00:00
[2023-06-22T16:01:01.835+0700] {processor.py:179} INFO - Processing /Users/macbook/Documents/Documents_MacBook_Pro/ISTT/AirflowTutorial/envlibs/lib/python3.10/site-packages/airflow/example_dags/example_short_circuit_operator.py took 1.119 seconds
[2023-06-22T16:03:13.474+0700] {processor.py:157} INFO - Started process (PID=15067) to work on /Users/macbook/Documents/Documents_MacBook_Pro/ISTT/AirflowTutorial/envlibs/lib/python3.10/site-packages/airflow/example_dags/example_short_circuit_operator.py
[2023-06-22T16:03:13.475+0700] {processor.py:826} INFO - Processing file /Users/macbook/Documents/Documents_MacBook_Pro/ISTT/AirflowTutorial/envlibs/lib/python3.10/site-packages/airflow/example_dags/example_short_circuit_operator.py for tasks to queue
[2023-06-22T16:03:13.476+0700] {logging_mixin.py:149} INFO - [2023-06-22T16:03:13.476+0700] {dagbag.py:541} INFO - Filling up the DagBag from /Users/macbook/Documents/Documents_MacBook_Pro/ISTT/AirflowTutorial/envlibs/lib/python3.10/site-packages/airflow/example_dags/example_short_circuit_operator.py
[2023-06-22T16:03:13.514+0700] {processor.py:836} INFO - DAG(s) dict_keys(['example_short_circuit_operator']) retrieved from /Users/macbook/Documents/Documents_MacBook_Pro/ISTT/AirflowTutorial/envlibs/lib/python3.10/site-packages/airflow/example_dags/example_short_circuit_operator.py
[2023-06-22T16:03:14.342+0700] {logging_mixin.py:149} INFO - [2023-06-22T16:03:14.342+0700] {dag.py:2726} INFO - Sync 1 DAGs
[2023-06-22T16:03:14.362+0700] {logging_mixin.py:149} INFO - [2023-06-22T16:03:14.362+0700] {dag.py:3486} INFO - Setting next_dagrun for example_short_circuit_operator to 2023-06-21T09:03:14.362193+00:00, run_after=2023-06-22T09:03:14.362193+00:00
[2023-06-22T16:03:14.382+0700] {processor.py:179} INFO - Processing /Users/macbook/Documents/Documents_MacBook_Pro/ISTT/AirflowTutorial/envlibs/lib/python3.10/site-packages/airflow/example_dags/example_short_circuit_operator.py took 0.909 seconds
[2023-06-22T16:05:26.286+0700] {processor.py:157} INFO - Started process (PID=15127) to work on /Users/macbook/Documents/Documents_MacBook_Pro/ISTT/AirflowTutorial/envlibs/lib/python3.10/site-packages/airflow/example_dags/example_short_circuit_operator.py
[2023-06-22T16:05:26.288+0700] {processor.py:826} INFO - Processing file /Users/macbook/Documents/Documents_MacBook_Pro/ISTT/AirflowTutorial/envlibs/lib/python3.10/site-packages/airflow/example_dags/example_short_circuit_operator.py for tasks to queue
[2023-06-22T16:05:26.288+0700] {logging_mixin.py:149} INFO - [2023-06-22T16:05:26.288+0700] {dagbag.py:541} INFO - Filling up the DagBag from /Users/macbook/Documents/Documents_MacBook_Pro/ISTT/AirflowTutorial/envlibs/lib/python3.10/site-packages/airflow/example_dags/example_short_circuit_operator.py
[2023-06-22T16:05:26.333+0700] {processor.py:836} INFO - DAG(s) dict_keys(['example_short_circuit_operator']) retrieved from /Users/macbook/Documents/Documents_MacBook_Pro/ISTT/AirflowTutorial/envlibs/lib/python3.10/site-packages/airflow/example_dags/example_short_circuit_operator.py
[2023-06-22T16:05:27.197+0700] {logging_mixin.py:149} INFO - [2023-06-22T16:05:27.197+0700] {dag.py:2726} INFO - Sync 1 DAGs
[2023-06-22T16:05:27.214+0700] {logging_mixin.py:149} INFO - [2023-06-22T16:05:27.214+0700] {dag.py:3486} INFO - Setting next_dagrun for example_short_circuit_operator to 2023-06-21T09:05:27.214142+00:00, run_after=2023-06-22T09:05:27.214142+00:00
[2023-06-22T16:05:27.232+0700] {processor.py:179} INFO - Processing /Users/macbook/Documents/Documents_MacBook_Pro/ISTT/AirflowTutorial/envlibs/lib/python3.10/site-packages/airflow/example_dags/example_short_circuit_operator.py took 0.947 seconds
[2023-06-22T16:07:31.205+0700] {processor.py:157} INFO - Started process (PID=15191) to work on /Users/macbook/Documents/Documents_MacBook_Pro/ISTT/AirflowTutorial/envlibs/lib/python3.10/site-packages/airflow/example_dags/example_short_circuit_operator.py
[2023-06-22T16:07:31.206+0700] {processor.py:826} INFO - Processing file /Users/macbook/Documents/Documents_MacBook_Pro/ISTT/AirflowTutorial/envlibs/lib/python3.10/site-packages/airflow/example_dags/example_short_circuit_operator.py for tasks to queue
[2023-06-22T16:07:31.207+0700] {logging_mixin.py:149} INFO - [2023-06-22T16:07:31.207+0700] {dagbag.py:541} INFO - Filling up the DagBag from /Users/macbook/Documents/Documents_MacBook_Pro/ISTT/AirflowTutorial/envlibs/lib/python3.10/site-packages/airflow/example_dags/example_short_circuit_operator.py
[2023-06-22T16:07:31.248+0700] {processor.py:836} INFO - DAG(s) dict_keys(['example_short_circuit_operator']) retrieved from /Users/macbook/Documents/Documents_MacBook_Pro/ISTT/AirflowTutorial/envlibs/lib/python3.10/site-packages/airflow/example_dags/example_short_circuit_operator.py
[2023-06-22T16:07:32.281+0700] {logging_mixin.py:149} INFO - [2023-06-22T16:07:32.281+0700] {dag.py:2726} INFO - Sync 1 DAGs
[2023-06-22T16:07:32.301+0700] {logging_mixin.py:149} INFO - [2023-06-22T16:07:32.301+0700] {dag.py:3486} INFO - Setting next_dagrun for example_short_circuit_operator to 2023-06-21T09:07:32.300869+00:00, run_after=2023-06-22T09:07:32.300869+00:00
[2023-06-22T16:07:32.321+0700] {processor.py:179} INFO - Processing /Users/macbook/Documents/Documents_MacBook_Pro/ISTT/AirflowTutorial/envlibs/lib/python3.10/site-packages/airflow/example_dags/example_short_circuit_operator.py took 1.116 seconds
[2023-06-22T16:09:45.510+0700] {processor.py:157} INFO - Started process (PID=15246) to work on /Users/macbook/Documents/Documents_MacBook_Pro/ISTT/AirflowTutorial/envlibs/lib/python3.10/site-packages/airflow/example_dags/example_short_circuit_operator.py
[2023-06-22T16:09:45.511+0700] {processor.py:826} INFO - Processing file /Users/macbook/Documents/Documents_MacBook_Pro/ISTT/AirflowTutorial/envlibs/lib/python3.10/site-packages/airflow/example_dags/example_short_circuit_operator.py for tasks to queue
[2023-06-22T16:09:45.512+0700] {logging_mixin.py:149} INFO - [2023-06-22T16:09:45.512+0700] {dagbag.py:541} INFO - Filling up the DagBag from /Users/macbook/Documents/Documents_MacBook_Pro/ISTT/AirflowTutorial/envlibs/lib/python3.10/site-packages/airflow/example_dags/example_short_circuit_operator.py
[2023-06-22T16:09:45.553+0700] {processor.py:836} INFO - DAG(s) dict_keys(['example_short_circuit_operator']) retrieved from /Users/macbook/Documents/Documents_MacBook_Pro/ISTT/AirflowTutorial/envlibs/lib/python3.10/site-packages/airflow/example_dags/example_short_circuit_operator.py
[2023-06-22T16:09:46.319+0700] {logging_mixin.py:149} INFO - [2023-06-22T16:09:46.318+0700] {dag.py:2726} INFO - Sync 1 DAGs
[2023-06-22T16:09:46.336+0700] {logging_mixin.py:149} INFO - [2023-06-22T16:09:46.336+0700] {dag.py:3486} INFO - Setting next_dagrun for example_short_circuit_operator to 2023-06-21T09:09:46.335979+00:00, run_after=2023-06-22T09:09:46.335979+00:00
[2023-06-22T16:09:46.361+0700] {processor.py:179} INFO - Processing /Users/macbook/Documents/Documents_MacBook_Pro/ISTT/AirflowTutorial/envlibs/lib/python3.10/site-packages/airflow/example_dags/example_short_circuit_operator.py took 0.852 seconds
[2023-06-22T16:11:40.714+0700] {processor.py:157} INFO - Started process (PID=15306) to work on /Users/macbook/Documents/Documents_MacBook_Pro/ISTT/AirflowTutorial/envlibs/lib/python3.10/site-packages/airflow/example_dags/example_short_circuit_operator.py
[2023-06-22T16:11:40.715+0700] {processor.py:826} INFO - Processing file /Users/macbook/Documents/Documents_MacBook_Pro/ISTT/AirflowTutorial/envlibs/lib/python3.10/site-packages/airflow/example_dags/example_short_circuit_operator.py for tasks to queue
[2023-06-22T16:11:40.715+0700] {logging_mixin.py:149} INFO - [2023-06-22T16:11:40.715+0700] {dagbag.py:541} INFO - Filling up the DagBag from /Users/macbook/Documents/Documents_MacBook_Pro/ISTT/AirflowTutorial/envlibs/lib/python3.10/site-packages/airflow/example_dags/example_short_circuit_operator.py
[2023-06-22T16:11:40.749+0700] {processor.py:836} INFO - DAG(s) dict_keys(['example_short_circuit_operator']) retrieved from /Users/macbook/Documents/Documents_MacBook_Pro/ISTT/AirflowTutorial/envlibs/lib/python3.10/site-packages/airflow/example_dags/example_short_circuit_operator.py
[2023-06-22T16:11:41.497+0700] {logging_mixin.py:149} INFO - [2023-06-22T16:11:41.497+0700] {dag.py:2726} INFO - Sync 1 DAGs
[2023-06-22T16:11:41.514+0700] {logging_mixin.py:149} INFO - [2023-06-22T16:11:41.514+0700] {dag.py:3486} INFO - Setting next_dagrun for example_short_circuit_operator to 2023-06-21T09:11:41.514225+00:00, run_after=2023-06-22T09:11:41.514225+00:00
[2023-06-22T16:11:41.532+0700] {processor.py:179} INFO - Processing /Users/macbook/Documents/Documents_MacBook_Pro/ISTT/AirflowTutorial/envlibs/lib/python3.10/site-packages/airflow/example_dags/example_short_circuit_operator.py took 0.819 seconds
[2023-06-22T16:13:32.635+0700] {processor.py:157} INFO - Started process (PID=15359) to work on /Users/macbook/Documents/Documents_MacBook_Pro/ISTT/AirflowTutorial/envlibs/lib/python3.10/site-packages/airflow/example_dags/example_short_circuit_operator.py
[2023-06-22T16:13:32.636+0700] {processor.py:826} INFO - Processing file /Users/macbook/Documents/Documents_MacBook_Pro/ISTT/AirflowTutorial/envlibs/lib/python3.10/site-packages/airflow/example_dags/example_short_circuit_operator.py for tasks to queue
[2023-06-22T16:13:32.637+0700] {logging_mixin.py:149} INFO - [2023-06-22T16:13:32.637+0700] {dagbag.py:541} INFO - Filling up the DagBag from /Users/macbook/Documents/Documents_MacBook_Pro/ISTT/AirflowTutorial/envlibs/lib/python3.10/site-packages/airflow/example_dags/example_short_circuit_operator.py
[2023-06-22T16:13:32.693+0700] {processor.py:836} INFO - DAG(s) dict_keys(['example_short_circuit_operator']) retrieved from /Users/macbook/Documents/Documents_MacBook_Pro/ISTT/AirflowTutorial/envlibs/lib/python3.10/site-packages/airflow/example_dags/example_short_circuit_operator.py
[2023-06-22T16:13:33.637+0700] {logging_mixin.py:149} INFO - [2023-06-22T16:13:33.637+0700] {dag.py:2726} INFO - Sync 1 DAGs
[2023-06-22T16:13:33.659+0700] {logging_mixin.py:149} INFO - [2023-06-22T16:13:33.659+0700] {dag.py:3486} INFO - Setting next_dagrun for example_short_circuit_operator to 2023-06-21T09:13:33.659466+00:00, run_after=2023-06-22T09:13:33.659466+00:00
[2023-06-22T16:13:33.684+0700] {processor.py:179} INFO - Processing /Users/macbook/Documents/Documents_MacBook_Pro/ISTT/AirflowTutorial/envlibs/lib/python3.10/site-packages/airflow/example_dags/example_short_circuit_operator.py took 1.050 seconds
[2023-06-22T16:15:38.694+0700] {processor.py:157} INFO - Started process (PID=15412) to work on /Users/macbook/Documents/Documents_MacBook_Pro/ISTT/AirflowTutorial/envlibs/lib/python3.10/site-packages/airflow/example_dags/example_short_circuit_operator.py
[2023-06-22T16:15:38.695+0700] {processor.py:826} INFO - Processing file /Users/macbook/Documents/Documents_MacBook_Pro/ISTT/AirflowTutorial/envlibs/lib/python3.10/site-packages/airflow/example_dags/example_short_circuit_operator.py for tasks to queue
[2023-06-22T16:15:38.696+0700] {logging_mixin.py:149} INFO - [2023-06-22T16:15:38.696+0700] {dagbag.py:541} INFO - Filling up the DagBag from /Users/macbook/Documents/Documents_MacBook_Pro/ISTT/AirflowTutorial/envlibs/lib/python3.10/site-packages/airflow/example_dags/example_short_circuit_operator.py
[2023-06-22T16:15:38.731+0700] {processor.py:836} INFO - DAG(s) dict_keys(['example_short_circuit_operator']) retrieved from /Users/macbook/Documents/Documents_MacBook_Pro/ISTT/AirflowTutorial/envlibs/lib/python3.10/site-packages/airflow/example_dags/example_short_circuit_operator.py
[2023-06-22T16:15:39.603+0700] {logging_mixin.py:149} INFO - [2023-06-22T16:15:39.603+0700] {dag.py:2726} INFO - Sync 1 DAGs
[2023-06-22T16:15:39.624+0700] {logging_mixin.py:149} INFO - [2023-06-22T16:15:39.624+0700] {dag.py:3486} INFO - Setting next_dagrun for example_short_circuit_operator to 2023-06-21T09:15:39.623875+00:00, run_after=2023-06-22T09:15:39.623875+00:00
[2023-06-22T16:15:39.644+0700] {processor.py:179} INFO - Processing /Users/macbook/Documents/Documents_MacBook_Pro/ISTT/AirflowTutorial/envlibs/lib/python3.10/site-packages/airflow/example_dags/example_short_circuit_operator.py took 0.951 seconds
[2023-06-22T16:17:46.336+0700] {processor.py:157} INFO - Started process (PID=15468) to work on /Users/macbook/Documents/Documents_MacBook_Pro/ISTT/AirflowTutorial/envlibs/lib/python3.10/site-packages/airflow/example_dags/example_short_circuit_operator.py
[2023-06-22T16:17:46.337+0700] {processor.py:826} INFO - Processing file /Users/macbook/Documents/Documents_MacBook_Pro/ISTT/AirflowTutorial/envlibs/lib/python3.10/site-packages/airflow/example_dags/example_short_circuit_operator.py for tasks to queue
[2023-06-22T16:17:46.338+0700] {logging_mixin.py:149} INFO - [2023-06-22T16:17:46.338+0700] {dagbag.py:541} INFO - Filling up the DagBag from /Users/macbook/Documents/Documents_MacBook_Pro/ISTT/AirflowTutorial/envlibs/lib/python3.10/site-packages/airflow/example_dags/example_short_circuit_operator.py
[2023-06-22T16:17:46.370+0700] {processor.py:836} INFO - DAG(s) dict_keys(['example_short_circuit_operator']) retrieved from /Users/macbook/Documents/Documents_MacBook_Pro/ISTT/AirflowTutorial/envlibs/lib/python3.10/site-packages/airflow/example_dags/example_short_circuit_operator.py
[2023-06-22T16:17:47.042+0700] {logging_mixin.py:149} INFO - [2023-06-22T16:17:47.041+0700] {dag.py:2726} INFO - Sync 1 DAGs
[2023-06-22T16:17:47.056+0700] {logging_mixin.py:149} INFO - [2023-06-22T16:17:47.056+0700] {dag.py:3486} INFO - Setting next_dagrun for example_short_circuit_operator to 2023-06-21T09:17:47.056589+00:00, run_after=2023-06-22T09:17:47.056589+00:00
[2023-06-22T16:17:47.072+0700] {processor.py:179} INFO - Processing /Users/macbook/Documents/Documents_MacBook_Pro/ISTT/AirflowTutorial/envlibs/lib/python3.10/site-packages/airflow/example_dags/example_short_circuit_operator.py took 0.737 seconds
[2023-06-22T16:20:03.910+0700] {processor.py:157} INFO - Started process (PID=15571) to work on /Users/macbook/Documents/Documents_MacBook_Pro/ISTT/AirflowTutorial/envlibs/lib/python3.10/site-packages/airflow/example_dags/example_short_circuit_operator.py
[2023-06-22T16:20:03.912+0700] {processor.py:826} INFO - Processing file /Users/macbook/Documents/Documents_MacBook_Pro/ISTT/AirflowTutorial/envlibs/lib/python3.10/site-packages/airflow/example_dags/example_short_circuit_operator.py for tasks to queue
[2023-06-22T16:20:03.912+0700] {logging_mixin.py:149} INFO - [2023-06-22T16:20:03.912+0700] {dagbag.py:541} INFO - Filling up the DagBag from /Users/macbook/Documents/Documents_MacBook_Pro/ISTT/AirflowTutorial/envlibs/lib/python3.10/site-packages/airflow/example_dags/example_short_circuit_operator.py
[2023-06-22T16:20:03.977+0700] {processor.py:836} INFO - DAG(s) dict_keys(['example_short_circuit_operator']) retrieved from /Users/macbook/Documents/Documents_MacBook_Pro/ISTT/AirflowTutorial/envlibs/lib/python3.10/site-packages/airflow/example_dags/example_short_circuit_operator.py
[2023-06-22T16:20:04.888+0700] {logging_mixin.py:149} INFO - [2023-06-22T16:20:04.887+0700] {dag.py:2726} INFO - Sync 1 DAGs
[2023-06-22T16:20:04.910+0700] {logging_mixin.py:149} INFO - [2023-06-22T16:20:04.910+0700] {dag.py:3486} INFO - Setting next_dagrun for example_short_circuit_operator to 2023-06-21T09:20:04.910602+00:00, run_after=2023-06-22T09:20:04.910602+00:00
[2023-06-22T16:20:04.933+0700] {processor.py:179} INFO - Processing /Users/macbook/Documents/Documents_MacBook_Pro/ISTT/AirflowTutorial/envlibs/lib/python3.10/site-packages/airflow/example_dags/example_short_circuit_operator.py took 1.024 seconds
[2023-06-22T16:22:12.228+0700] {processor.py:157} INFO - Started process (PID=15630) to work on /Users/macbook/Documents/Documents_MacBook_Pro/ISTT/AirflowTutorial/envlibs/lib/python3.10/site-packages/airflow/example_dags/example_short_circuit_operator.py
[2023-06-22T16:22:12.229+0700] {processor.py:826} INFO - Processing file /Users/macbook/Documents/Documents_MacBook_Pro/ISTT/AirflowTutorial/envlibs/lib/python3.10/site-packages/airflow/example_dags/example_short_circuit_operator.py for tasks to queue
[2023-06-22T16:22:12.229+0700] {logging_mixin.py:149} INFO - [2023-06-22T16:22:12.229+0700] {dagbag.py:541} INFO - Filling up the DagBag from /Users/macbook/Documents/Documents_MacBook_Pro/ISTT/AirflowTutorial/envlibs/lib/python3.10/site-packages/airflow/example_dags/example_short_circuit_operator.py
[2023-06-22T16:22:12.265+0700] {processor.py:836} INFO - DAG(s) dict_keys(['example_short_circuit_operator']) retrieved from /Users/macbook/Documents/Documents_MacBook_Pro/ISTT/AirflowTutorial/envlibs/lib/python3.10/site-packages/airflow/example_dags/example_short_circuit_operator.py
[2023-06-22T16:22:13.009+0700] {logging_mixin.py:149} INFO - [2023-06-22T16:22:13.009+0700] {dag.py:2726} INFO - Sync 1 DAGs
[2023-06-22T16:22:13.026+0700] {logging_mixin.py:149} INFO - [2023-06-22T16:22:13.026+0700] {dag.py:3486} INFO - Setting next_dagrun for example_short_circuit_operator to 2023-06-21T09:22:13.025957+00:00, run_after=2023-06-22T09:22:13.025957+00:00
[2023-06-22T16:22:13.044+0700] {processor.py:179} INFO - Processing /Users/macbook/Documents/Documents_MacBook_Pro/ISTT/AirflowTutorial/envlibs/lib/python3.10/site-packages/airflow/example_dags/example_short_circuit_operator.py took 0.817 seconds
[2023-06-22T16:24:09.510+0700] {processor.py:157} INFO - Started process (PID=15683) to work on /Users/macbook/Documents/Documents_MacBook_Pro/ISTT/AirflowTutorial/envlibs/lib/python3.10/site-packages/airflow/example_dags/example_short_circuit_operator.py
[2023-06-22T16:24:09.512+0700] {processor.py:826} INFO - Processing file /Users/macbook/Documents/Documents_MacBook_Pro/ISTT/AirflowTutorial/envlibs/lib/python3.10/site-packages/airflow/example_dags/example_short_circuit_operator.py for tasks to queue
[2023-06-22T16:24:09.512+0700] {logging_mixin.py:149} INFO - [2023-06-22T16:24:09.512+0700] {dagbag.py:541} INFO - Filling up the DagBag from /Users/macbook/Documents/Documents_MacBook_Pro/ISTT/AirflowTutorial/envlibs/lib/python3.10/site-packages/airflow/example_dags/example_short_circuit_operator.py
[2023-06-22T16:24:09.547+0700] {processor.py:836} INFO - DAG(s) dict_keys(['example_short_circuit_operator']) retrieved from /Users/macbook/Documents/Documents_MacBook_Pro/ISTT/AirflowTutorial/envlibs/lib/python3.10/site-packages/airflow/example_dags/example_short_circuit_operator.py
[2023-06-22T16:24:10.328+0700] {logging_mixin.py:149} INFO - [2023-06-22T16:24:10.328+0700] {dag.py:2726} INFO - Sync 1 DAGs
[2023-06-22T16:24:10.346+0700] {logging_mixin.py:149} INFO - [2023-06-22T16:24:10.346+0700] {dag.py:3486} INFO - Setting next_dagrun for example_short_circuit_operator to 2023-06-21T09:24:10.346108+00:00, run_after=2023-06-22T09:24:10.346108+00:00
[2023-06-22T16:24:10.364+0700] {processor.py:179} INFO - Processing /Users/macbook/Documents/Documents_MacBook_Pro/ISTT/AirflowTutorial/envlibs/lib/python3.10/site-packages/airflow/example_dags/example_short_circuit_operator.py took 0.854 seconds
[2023-06-22T16:26:06.987+0700] {processor.py:157} INFO - Started process (PID=15774) to work on /Users/macbook/Documents/Documents_MacBook_Pro/ISTT/AirflowTutorial/envlibs/lib/python3.10/site-packages/airflow/example_dags/example_short_circuit_operator.py
[2023-06-22T16:26:06.988+0700] {processor.py:826} INFO - Processing file /Users/macbook/Documents/Documents_MacBook_Pro/ISTT/AirflowTutorial/envlibs/lib/python3.10/site-packages/airflow/example_dags/example_short_circuit_operator.py for tasks to queue
[2023-06-22T16:26:06.989+0700] {logging_mixin.py:149} INFO - [2023-06-22T16:26:06.989+0700] {dagbag.py:541} INFO - Filling up the DagBag from /Users/macbook/Documents/Documents_MacBook_Pro/ISTT/AirflowTutorial/envlibs/lib/python3.10/site-packages/airflow/example_dags/example_short_circuit_operator.py
[2023-06-22T16:26:07.031+0700] {processor.py:836} INFO - DAG(s) dict_keys(['example_short_circuit_operator']) retrieved from /Users/macbook/Documents/Documents_MacBook_Pro/ISTT/AirflowTutorial/envlibs/lib/python3.10/site-packages/airflow/example_dags/example_short_circuit_operator.py
[2023-06-22T16:26:08.111+0700] {logging_mixin.py:149} INFO - [2023-06-22T16:26:08.111+0700] {dag.py:2726} INFO - Sync 1 DAGs
[2023-06-22T16:26:08.142+0700] {logging_mixin.py:149} INFO - [2023-06-22T16:26:08.142+0700] {dag.py:3486} INFO - Setting next_dagrun for example_short_circuit_operator to 2023-06-21T09:26:08.142462+00:00, run_after=2023-06-22T09:26:08.142462+00:00
[2023-06-22T16:26:08.170+0700] {processor.py:179} INFO - Processing /Users/macbook/Documents/Documents_MacBook_Pro/ISTT/AirflowTutorial/envlibs/lib/python3.10/site-packages/airflow/example_dags/example_short_circuit_operator.py took 1.185 seconds
