[2023-06-22T14:28:14.878+0700] {processor.py:157} INFO - Started process (PID=11890) to work on /Users/macbook/Documents/Documents_MacBook_Pro/ISTT/AirflowTutorial/envlibs/lib/python3.10/site-packages/airflow/example_dags/example_nested_branch_dag.py
[2023-06-22T14:28:14.878+0700] {processor.py:826} INFO - Processing file /Users/macbook/Documents/Documents_MacBook_Pro/ISTT/AirflowTutorial/envlibs/lib/python3.10/site-packages/airflow/example_dags/example_nested_branch_dag.py for tasks to queue
[2023-06-22T14:28:14.879+0700] {logging_mixin.py:149} INFO - [2023-06-22T14:28:14.878+0700] {dagbag.py:541} INFO - Filling up the DagBag from /Users/macbook/Documents/Documents_MacBook_Pro/ISTT/AirflowTutorial/envlibs/lib/python3.10/site-packages/airflow/example_dags/example_nested_branch_dag.py
[2023-06-22T14:28:14.927+0700] {processor.py:836} INFO - DAG(s) dict_keys(['example_nested_branch_dag']) retrieved from /Users/macbook/Documents/Documents_MacBook_Pro/ISTT/AirflowTutorial/envlibs/lib/python3.10/site-packages/airflow/example_dags/example_nested_branch_dag.py
[2023-06-22T14:28:15.656+0700] {logging_mixin.py:149} INFO - [2023-06-22T14:28:15.656+0700] {dag.py:2726} INFO - Sync 1 DAGs
[2023-06-22T14:28:15.673+0700] {logging_mixin.py:149} INFO - [2023-06-22T14:28:15.673+0700] {dag.py:3486} INFO - Setting next_dagrun for example_nested_branch_dag to 2023-06-21T00:00:00+00:00, run_after=2023-06-22T00:00:00+00:00
[2023-06-22T14:28:15.693+0700] {processor.py:179} INFO - Processing /Users/macbook/Documents/Documents_MacBook_Pro/ISTT/AirflowTutorial/envlibs/lib/python3.10/site-packages/airflow/example_dags/example_nested_branch_dag.py took 0.816 seconds
[2023-06-22T14:30:45.289+0700] {processor.py:157} INFO - Started process (PID=11965) to work on /Users/macbook/Documents/Documents_MacBook_Pro/ISTT/AirflowTutorial/envlibs/lib/python3.10/site-packages/airflow/example_dags/example_nested_branch_dag.py
[2023-06-22T14:30:45.290+0700] {processor.py:826} INFO - Processing file /Users/macbook/Documents/Documents_MacBook_Pro/ISTT/AirflowTutorial/envlibs/lib/python3.10/site-packages/airflow/example_dags/example_nested_branch_dag.py for tasks to queue
[2023-06-22T14:30:45.290+0700] {logging_mixin.py:149} INFO - [2023-06-22T14:30:45.290+0700] {dagbag.py:541} INFO - Filling up the DagBag from /Users/macbook/Documents/Documents_MacBook_Pro/ISTT/AirflowTutorial/envlibs/lib/python3.10/site-packages/airflow/example_dags/example_nested_branch_dag.py
[2023-06-22T14:30:45.342+0700] {processor.py:836} INFO - DAG(s) dict_keys(['example_nested_branch_dag']) retrieved from /Users/macbook/Documents/Documents_MacBook_Pro/ISTT/AirflowTutorial/envlibs/lib/python3.10/site-packages/airflow/example_dags/example_nested_branch_dag.py
[2023-06-22T14:30:46.076+0700] {logging_mixin.py:149} INFO - [2023-06-22T14:30:46.076+0700] {dag.py:2726} INFO - Sync 1 DAGs
[2023-06-22T14:30:46.092+0700] {logging_mixin.py:149} INFO - [2023-06-22T14:30:46.092+0700] {dag.py:3486} INFO - Setting next_dagrun for example_nested_branch_dag to 2023-06-21T00:00:00+00:00, run_after=2023-06-22T00:00:00+00:00
[2023-06-22T14:30:46.110+0700] {processor.py:179} INFO - Processing /Users/macbook/Documents/Documents_MacBook_Pro/ISTT/AirflowTutorial/envlibs/lib/python3.10/site-packages/airflow/example_dags/example_nested_branch_dag.py took 0.822 seconds
[2023-06-22T14:35:35.529+0700] {processor.py:157} INFO - Started process (PID=12223) to work on /Users/macbook/Documents/Documents_MacBook_Pro/ISTT/AirflowTutorial/envlibs/lib/python3.10/site-packages/airflow/example_dags/example_nested_branch_dag.py
[2023-06-22T14:35:35.531+0700] {processor.py:826} INFO - Processing file /Users/macbook/Documents/Documents_MacBook_Pro/ISTT/AirflowTutorial/envlibs/lib/python3.10/site-packages/airflow/example_dags/example_nested_branch_dag.py for tasks to queue
[2023-06-22T14:35:35.533+0700] {logging_mixin.py:149} INFO - [2023-06-22T14:35:35.533+0700] {dagbag.py:541} INFO - Filling up the DagBag from /Users/macbook/Documents/Documents_MacBook_Pro/ISTT/AirflowTutorial/envlibs/lib/python3.10/site-packages/airflow/example_dags/example_nested_branch_dag.py
[2023-06-22T14:35:35.627+0700] {processor.py:836} INFO - DAG(s) dict_keys(['example_nested_branch_dag']) retrieved from /Users/macbook/Documents/Documents_MacBook_Pro/ISTT/AirflowTutorial/envlibs/lib/python3.10/site-packages/airflow/example_dags/example_nested_branch_dag.py
[2023-06-22T14:35:36.850+0700] {logging_mixin.py:149} INFO - [2023-06-22T14:35:36.849+0700] {dag.py:2726} INFO - Sync 1 DAGs
[2023-06-22T14:35:36.862+0700] {logging_mixin.py:149} INFO - [2023-06-22T14:35:36.861+0700] {dag.py:2747} INFO - Creating ORM DAG for example_nested_branch_dag
[2023-06-22T14:35:36.876+0700] {logging_mixin.py:149} INFO - [2023-06-22T14:35:36.876+0700] {dag.py:3486} INFO - Setting next_dagrun for example_nested_branch_dag to 2023-06-21T00:00:00+00:00, run_after=2023-06-22T00:00:00+00:00
[2023-06-22T14:35:36.902+0700] {processor.py:179} INFO - Processing /Users/macbook/Documents/Documents_MacBook_Pro/ISTT/AirflowTutorial/envlibs/lib/python3.10/site-packages/airflow/example_dags/example_nested_branch_dag.py took 1.374 seconds
[2023-06-22T14:38:25.645+0700] {processor.py:157} INFO - Started process (PID=12362) to work on /Users/macbook/Documents/Documents_MacBook_Pro/ISTT/AirflowTutorial/envlibs/lib/python3.10/site-packages/airflow/example_dags/example_nested_branch_dag.py
[2023-06-22T14:38:25.646+0700] {processor.py:826} INFO - Processing file /Users/macbook/Documents/Documents_MacBook_Pro/ISTT/AirflowTutorial/envlibs/lib/python3.10/site-packages/airflow/example_dags/example_nested_branch_dag.py for tasks to queue
[2023-06-22T14:38:25.647+0700] {logging_mixin.py:149} INFO - [2023-06-22T14:38:25.647+0700] {dagbag.py:541} INFO - Filling up the DagBag from /Users/macbook/Documents/Documents_MacBook_Pro/ISTT/AirflowTutorial/envlibs/lib/python3.10/site-packages/airflow/example_dags/example_nested_branch_dag.py
[2023-06-22T14:38:25.741+0700] {processor.py:836} INFO - DAG(s) dict_keys(['example_nested_branch_dag']) retrieved from /Users/macbook/Documents/Documents_MacBook_Pro/ISTT/AirflowTutorial/envlibs/lib/python3.10/site-packages/airflow/example_dags/example_nested_branch_dag.py
[2023-06-22T14:38:26.793+0700] {logging_mixin.py:149} INFO - [2023-06-22T14:38:26.793+0700] {dag.py:2726} INFO - Sync 1 DAGs
[2023-06-22T14:38:26.804+0700] {logging_mixin.py:149} INFO - [2023-06-22T14:38:26.804+0700] {dag.py:2747} INFO - Creating ORM DAG for example_nested_branch_dag
[2023-06-22T14:38:26.817+0700] {logging_mixin.py:149} INFO - [2023-06-22T14:38:26.817+0700] {dag.py:3486} INFO - Setting next_dagrun for example_nested_branch_dag to 2023-06-21T00:00:00+00:00, run_after=2023-06-22T00:00:00+00:00
[2023-06-22T14:38:26.843+0700] {processor.py:179} INFO - Processing /Users/macbook/Documents/Documents_MacBook_Pro/ISTT/AirflowTutorial/envlibs/lib/python3.10/site-packages/airflow/example_dags/example_nested_branch_dag.py took 1.201 seconds
[2023-06-22T14:40:47.848+0700] {processor.py:157} INFO - Started process (PID=12477) to work on /Users/macbook/Documents/Documents_MacBook_Pro/ISTT/AirflowTutorial/envlibs/lib/python3.10/site-packages/airflow/example_dags/example_nested_branch_dag.py
[2023-06-22T14:40:47.850+0700] {processor.py:826} INFO - Processing file /Users/macbook/Documents/Documents_MacBook_Pro/ISTT/AirflowTutorial/envlibs/lib/python3.10/site-packages/airflow/example_dags/example_nested_branch_dag.py for tasks to queue
[2023-06-22T14:40:47.851+0700] {logging_mixin.py:149} INFO - [2023-06-22T14:40:47.851+0700] {dagbag.py:541} INFO - Filling up the DagBag from /Users/macbook/Documents/Documents_MacBook_Pro/ISTT/AirflowTutorial/envlibs/lib/python3.10/site-packages/airflow/example_dags/example_nested_branch_dag.py
[2023-06-22T14:40:47.911+0700] {processor.py:836} INFO - DAG(s) dict_keys(['example_nested_branch_dag']) retrieved from /Users/macbook/Documents/Documents_MacBook_Pro/ISTT/AirflowTutorial/envlibs/lib/python3.10/site-packages/airflow/example_dags/example_nested_branch_dag.py
[2023-06-22T14:40:48.732+0700] {logging_mixin.py:149} INFO - [2023-06-22T14:40:48.732+0700] {dag.py:2726} INFO - Sync 1 DAGs
[2023-06-22T14:40:48.753+0700] {logging_mixin.py:149} INFO - [2023-06-22T14:40:48.753+0700] {dag.py:3486} INFO - Setting next_dagrun for example_nested_branch_dag to 2023-06-21T00:00:00+00:00, run_after=2023-06-22T00:00:00+00:00
[2023-06-22T14:40:48.774+0700] {processor.py:179} INFO - Processing /Users/macbook/Documents/Documents_MacBook_Pro/ISTT/AirflowTutorial/envlibs/lib/python3.10/site-packages/airflow/example_dags/example_nested_branch_dag.py took 0.926 seconds
[2023-06-22T14:45:01.998+0700] {processor.py:157} INFO - Started process (PID=12597) to work on /Users/macbook/Documents/Documents_MacBook_Pro/ISTT/AirflowTutorial/envlibs/lib/python3.10/site-packages/airflow/example_dags/example_nested_branch_dag.py
[2023-06-22T14:45:01.999+0700] {processor.py:826} INFO - Processing file /Users/macbook/Documents/Documents_MacBook_Pro/ISTT/AirflowTutorial/envlibs/lib/python3.10/site-packages/airflow/example_dags/example_nested_branch_dag.py for tasks to queue
[2023-06-22T14:45:02.000+0700] {logging_mixin.py:149} INFO - [2023-06-22T14:45:02.000+0700] {dagbag.py:541} INFO - Filling up the DagBag from /Users/macbook/Documents/Documents_MacBook_Pro/ISTT/AirflowTutorial/envlibs/lib/python3.10/site-packages/airflow/example_dags/example_nested_branch_dag.py
[2023-06-22T14:45:02.059+0700] {processor.py:836} INFO - DAG(s) dict_keys(['example_nested_branch_dag']) retrieved from /Users/macbook/Documents/Documents_MacBook_Pro/ISTT/AirflowTutorial/envlibs/lib/python3.10/site-packages/airflow/example_dags/example_nested_branch_dag.py
[2023-06-22T14:45:02.890+0700] {logging_mixin.py:149} INFO - [2023-06-22T14:45:02.889+0700] {dag.py:2726} INFO - Sync 1 DAGs
[2023-06-22T14:45:02.909+0700] {logging_mixin.py:149} INFO - [2023-06-22T14:45:02.909+0700] {dag.py:3486} INFO - Setting next_dagrun for example_nested_branch_dag to 2023-06-21T00:00:00+00:00, run_after=2023-06-22T00:00:00+00:00
[2023-06-22T14:45:02.928+0700] {processor.py:179} INFO - Processing /Users/macbook/Documents/Documents_MacBook_Pro/ISTT/AirflowTutorial/envlibs/lib/python3.10/site-packages/airflow/example_dags/example_nested_branch_dag.py took 0.931 seconds
[2023-06-22T14:49:15.229+0700] {processor.py:157} INFO - Started process (PID=12718) to work on /Users/macbook/Documents/Documents_MacBook_Pro/ISTT/AirflowTutorial/envlibs/lib/python3.10/site-packages/airflow/example_dags/example_nested_branch_dag.py
[2023-06-22T14:49:15.231+0700] {processor.py:826} INFO - Processing file /Users/macbook/Documents/Documents_MacBook_Pro/ISTT/AirflowTutorial/envlibs/lib/python3.10/site-packages/airflow/example_dags/example_nested_branch_dag.py for tasks to queue
[2023-06-22T14:49:15.231+0700] {logging_mixin.py:149} INFO - [2023-06-22T14:49:15.231+0700] {dagbag.py:541} INFO - Filling up the DagBag from /Users/macbook/Documents/Documents_MacBook_Pro/ISTT/AirflowTutorial/envlibs/lib/python3.10/site-packages/airflow/example_dags/example_nested_branch_dag.py
[2023-06-22T14:49:15.290+0700] {processor.py:836} INFO - DAG(s) dict_keys(['example_nested_branch_dag']) retrieved from /Users/macbook/Documents/Documents_MacBook_Pro/ISTT/AirflowTutorial/envlibs/lib/python3.10/site-packages/airflow/example_dags/example_nested_branch_dag.py
[2023-06-22T14:49:16.180+0700] {logging_mixin.py:149} INFO - [2023-06-22T14:49:16.179+0700] {dag.py:2726} INFO - Sync 1 DAGs
[2023-06-22T14:49:16.198+0700] {logging_mixin.py:149} INFO - [2023-06-22T14:49:16.198+0700] {dag.py:3486} INFO - Setting next_dagrun for example_nested_branch_dag to 2023-06-21T00:00:00+00:00, run_after=2023-06-22T00:00:00+00:00
[2023-06-22T14:49:16.217+0700] {processor.py:179} INFO - Processing /Users/macbook/Documents/Documents_MacBook_Pro/ISTT/AirflowTutorial/envlibs/lib/python3.10/site-packages/airflow/example_dags/example_nested_branch_dag.py took 0.988 seconds
[2023-06-22T14:53:17.879+0700] {processor.py:157} INFO - Started process (PID=12829) to work on /Users/macbook/Documents/Documents_MacBook_Pro/ISTT/AirflowTutorial/envlibs/lib/python3.10/site-packages/airflow/example_dags/example_nested_branch_dag.py
[2023-06-22T14:53:17.880+0700] {processor.py:826} INFO - Processing file /Users/macbook/Documents/Documents_MacBook_Pro/ISTT/AirflowTutorial/envlibs/lib/python3.10/site-packages/airflow/example_dags/example_nested_branch_dag.py for tasks to queue
[2023-06-22T14:53:17.881+0700] {logging_mixin.py:149} INFO - [2023-06-22T14:53:17.881+0700] {dagbag.py:541} INFO - Filling up the DagBag from /Users/macbook/Documents/Documents_MacBook_Pro/ISTT/AirflowTutorial/envlibs/lib/python3.10/site-packages/airflow/example_dags/example_nested_branch_dag.py
[2023-06-22T14:53:17.954+0700] {processor.py:836} INFO - DAG(s) dict_keys(['example_nested_branch_dag']) retrieved from /Users/macbook/Documents/Documents_MacBook_Pro/ISTT/AirflowTutorial/envlibs/lib/python3.10/site-packages/airflow/example_dags/example_nested_branch_dag.py
[2023-06-22T14:53:18.730+0700] {logging_mixin.py:149} INFO - [2023-06-22T14:53:18.730+0700] {dag.py:2726} INFO - Sync 1 DAGs
[2023-06-22T14:53:18.747+0700] {logging_mixin.py:149} INFO - [2023-06-22T14:53:18.747+0700] {dag.py:3486} INFO - Setting next_dagrun for example_nested_branch_dag to 2023-06-21T00:00:00+00:00, run_after=2023-06-22T00:00:00+00:00
[2023-06-22T14:53:18.766+0700] {processor.py:179} INFO - Processing /Users/macbook/Documents/Documents_MacBook_Pro/ISTT/AirflowTutorial/envlibs/lib/python3.10/site-packages/airflow/example_dags/example_nested_branch_dag.py took 0.888 seconds
[2023-06-22T14:57:11.268+0700] {processor.py:157} INFO - Started process (PID=12933) to work on /Users/macbook/Documents/Documents_MacBook_Pro/ISTT/AirflowTutorial/envlibs/lib/python3.10/site-packages/airflow/example_dags/example_nested_branch_dag.py
[2023-06-22T14:57:11.270+0700] {processor.py:826} INFO - Processing file /Users/macbook/Documents/Documents_MacBook_Pro/ISTT/AirflowTutorial/envlibs/lib/python3.10/site-packages/airflow/example_dags/example_nested_branch_dag.py for tasks to queue
[2023-06-22T14:57:11.270+0700] {logging_mixin.py:149} INFO - [2023-06-22T14:57:11.270+0700] {dagbag.py:541} INFO - Filling up the DagBag from /Users/macbook/Documents/Documents_MacBook_Pro/ISTT/AirflowTutorial/envlibs/lib/python3.10/site-packages/airflow/example_dags/example_nested_branch_dag.py
[2023-06-22T14:57:11.331+0700] {processor.py:836} INFO - DAG(s) dict_keys(['example_nested_branch_dag']) retrieved from /Users/macbook/Documents/Documents_MacBook_Pro/ISTT/AirflowTutorial/envlibs/lib/python3.10/site-packages/airflow/example_dags/example_nested_branch_dag.py
[2023-06-22T14:57:12.175+0700] {logging_mixin.py:149} INFO - [2023-06-22T14:57:12.174+0700] {dag.py:2726} INFO - Sync 1 DAGs
[2023-06-22T14:57:12.191+0700] {logging_mixin.py:149} INFO - [2023-06-22T14:57:12.191+0700] {dag.py:3486} INFO - Setting next_dagrun for example_nested_branch_dag to 2023-06-21T00:00:00+00:00, run_after=2023-06-22T00:00:00+00:00
[2023-06-22T14:57:12.210+0700] {processor.py:179} INFO - Processing /Users/macbook/Documents/Documents_MacBook_Pro/ISTT/AirflowTutorial/envlibs/lib/python3.10/site-packages/airflow/example_dags/example_nested_branch_dag.py took 0.943 seconds
[2023-06-22T15:01:16.607+0700] {processor.py:157} INFO - Started process (PID=13042) to work on /Users/macbook/Documents/Documents_MacBook_Pro/ISTT/AirflowTutorial/envlibs/lib/python3.10/site-packages/airflow/example_dags/example_nested_branch_dag.py
[2023-06-22T15:01:16.608+0700] {processor.py:826} INFO - Processing file /Users/macbook/Documents/Documents_MacBook_Pro/ISTT/AirflowTutorial/envlibs/lib/python3.10/site-packages/airflow/example_dags/example_nested_branch_dag.py for tasks to queue
[2023-06-22T15:01:16.609+0700] {logging_mixin.py:149} INFO - [2023-06-22T15:01:16.609+0700] {dagbag.py:541} INFO - Filling up the DagBag from /Users/macbook/Documents/Documents_MacBook_Pro/ISTT/AirflowTutorial/envlibs/lib/python3.10/site-packages/airflow/example_dags/example_nested_branch_dag.py
[2023-06-22T15:01:16.677+0700] {processor.py:836} INFO - DAG(s) dict_keys(['example_nested_branch_dag']) retrieved from /Users/macbook/Documents/Documents_MacBook_Pro/ISTT/AirflowTutorial/envlibs/lib/python3.10/site-packages/airflow/example_dags/example_nested_branch_dag.py
[2023-06-22T15:01:17.703+0700] {logging_mixin.py:149} INFO - [2023-06-22T15:01:17.703+0700] {dag.py:2726} INFO - Sync 1 DAGs
[2023-06-22T15:01:17.722+0700] {logging_mixin.py:149} INFO - [2023-06-22T15:01:17.722+0700] {dag.py:3486} INFO - Setting next_dagrun for example_nested_branch_dag to 2023-06-21T00:00:00+00:00, run_after=2023-06-22T00:00:00+00:00
[2023-06-22T15:01:17.743+0700] {processor.py:179} INFO - Processing /Users/macbook/Documents/Documents_MacBook_Pro/ISTT/AirflowTutorial/envlibs/lib/python3.10/site-packages/airflow/example_dags/example_nested_branch_dag.py took 1.137 seconds
[2023-06-22T15:05:21.413+0700] {processor.py:157} INFO - Started process (PID=13158) to work on /Users/macbook/Documents/Documents_MacBook_Pro/ISTT/AirflowTutorial/envlibs/lib/python3.10/site-packages/airflow/example_dags/example_nested_branch_dag.py
[2023-06-22T15:05:21.414+0700] {processor.py:826} INFO - Processing file /Users/macbook/Documents/Documents_MacBook_Pro/ISTT/AirflowTutorial/envlibs/lib/python3.10/site-packages/airflow/example_dags/example_nested_branch_dag.py for tasks to queue
[2023-06-22T15:05:21.415+0700] {logging_mixin.py:149} INFO - [2023-06-22T15:05:21.414+0700] {dagbag.py:541} INFO - Filling up the DagBag from /Users/macbook/Documents/Documents_MacBook_Pro/ISTT/AirflowTutorial/envlibs/lib/python3.10/site-packages/airflow/example_dags/example_nested_branch_dag.py
[2023-06-22T15:05:21.465+0700] {processor.py:836} INFO - DAG(s) dict_keys(['example_nested_branch_dag']) retrieved from /Users/macbook/Documents/Documents_MacBook_Pro/ISTT/AirflowTutorial/envlibs/lib/python3.10/site-packages/airflow/example_dags/example_nested_branch_dag.py
[2023-06-22T15:05:22.196+0700] {logging_mixin.py:149} INFO - [2023-06-22T15:05:22.196+0700] {dag.py:2726} INFO - Sync 1 DAGs
[2023-06-22T15:05:22.213+0700] {logging_mixin.py:149} INFO - [2023-06-22T15:05:22.213+0700] {dag.py:3486} INFO - Setting next_dagrun for example_nested_branch_dag to 2023-06-21T00:00:00+00:00, run_after=2023-06-22T00:00:00+00:00
[2023-06-22T15:05:22.229+0700] {processor.py:179} INFO - Processing /Users/macbook/Documents/Documents_MacBook_Pro/ISTT/AirflowTutorial/envlibs/lib/python3.10/site-packages/airflow/example_dags/example_nested_branch_dag.py took 0.817 seconds
[2023-06-22T15:07:31.739+0700] {processor.py:157} INFO - Started process (PID=13260) to work on /Users/macbook/Documents/Documents_MacBook_Pro/ISTT/AirflowTutorial/envlibs/lib/python3.10/site-packages/airflow/example_dags/example_nested_branch_dag.py
[2023-06-22T15:07:31.740+0700] {processor.py:826} INFO - Processing file /Users/macbook/Documents/Documents_MacBook_Pro/ISTT/AirflowTutorial/envlibs/lib/python3.10/site-packages/airflow/example_dags/example_nested_branch_dag.py for tasks to queue
[2023-06-22T15:07:31.741+0700] {logging_mixin.py:149} INFO - [2023-06-22T15:07:31.740+0700] {dagbag.py:541} INFO - Filling up the DagBag from /Users/macbook/Documents/Documents_MacBook_Pro/ISTT/AirflowTutorial/envlibs/lib/python3.10/site-packages/airflow/example_dags/example_nested_branch_dag.py
[2023-06-22T15:07:31.800+0700] {processor.py:836} INFO - DAG(s) dict_keys(['example_nested_branch_dag']) retrieved from /Users/macbook/Documents/Documents_MacBook_Pro/ISTT/AirflowTutorial/envlibs/lib/python3.10/site-packages/airflow/example_dags/example_nested_branch_dag.py
[2023-06-22T15:07:32.543+0700] {logging_mixin.py:149} INFO - [2023-06-22T15:07:32.543+0700] {dag.py:2726} INFO - Sync 1 DAGs
[2023-06-22T15:07:32.560+0700] {logging_mixin.py:149} INFO - [2023-06-22T15:07:32.560+0700] {dag.py:3486} INFO - Setting next_dagrun for example_nested_branch_dag to 2023-06-21T00:00:00+00:00, run_after=2023-06-22T00:00:00+00:00
[2023-06-22T15:07:32.576+0700] {processor.py:179} INFO - Processing /Users/macbook/Documents/Documents_MacBook_Pro/ISTT/AirflowTutorial/envlibs/lib/python3.10/site-packages/airflow/example_dags/example_nested_branch_dag.py took 0.839 seconds
[2023-06-22T15:11:40.438+0700] {processor.py:157} INFO - Started process (PID=13409) to work on /Users/macbook/Documents/Documents_MacBook_Pro/ISTT/AirflowTutorial/envlibs/lib/python3.10/site-packages/airflow/example_dags/example_nested_branch_dag.py
[2023-06-22T15:11:40.439+0700] {processor.py:826} INFO - Processing file /Users/macbook/Documents/Documents_MacBook_Pro/ISTT/AirflowTutorial/envlibs/lib/python3.10/site-packages/airflow/example_dags/example_nested_branch_dag.py for tasks to queue
[2023-06-22T15:11:40.440+0700] {logging_mixin.py:149} INFO - [2023-06-22T15:11:40.440+0700] {dagbag.py:541} INFO - Filling up the DagBag from /Users/macbook/Documents/Documents_MacBook_Pro/ISTT/AirflowTutorial/envlibs/lib/python3.10/site-packages/airflow/example_dags/example_nested_branch_dag.py
[2023-06-22T15:11:40.494+0700] {processor.py:836} INFO - DAG(s) dict_keys(['example_nested_branch_dag']) retrieved from /Users/macbook/Documents/Documents_MacBook_Pro/ISTT/AirflowTutorial/envlibs/lib/python3.10/site-packages/airflow/example_dags/example_nested_branch_dag.py
[2023-06-22T15:11:41.274+0700] {logging_mixin.py:149} INFO - [2023-06-22T15:11:41.273+0700] {dag.py:2726} INFO - Sync 1 DAGs
[2023-06-22T15:11:41.292+0700] {logging_mixin.py:149} INFO - [2023-06-22T15:11:41.292+0700] {dag.py:3486} INFO - Setting next_dagrun for example_nested_branch_dag to 2023-06-21T00:00:00+00:00, run_after=2023-06-22T00:00:00+00:00
[2023-06-22T15:11:41.311+0700] {processor.py:179} INFO - Processing /Users/macbook/Documents/Documents_MacBook_Pro/ISTT/AirflowTutorial/envlibs/lib/python3.10/site-packages/airflow/example_dags/example_nested_branch_dag.py took 0.873 seconds
[2023-06-22T15:15:52.621+0700] {processor.py:157} INFO - Started process (PID=13563) to work on /Users/macbook/Documents/Documents_MacBook_Pro/ISTT/AirflowTutorial/envlibs/lib/python3.10/site-packages/airflow/example_dags/example_nested_branch_dag.py
[2023-06-22T15:15:52.623+0700] {processor.py:826} INFO - Processing file /Users/macbook/Documents/Documents_MacBook_Pro/ISTT/AirflowTutorial/envlibs/lib/python3.10/site-packages/airflow/example_dags/example_nested_branch_dag.py for tasks to queue
[2023-06-22T15:15:52.624+0700] {logging_mixin.py:149} INFO - [2023-06-22T15:15:52.623+0700] {dagbag.py:541} INFO - Filling up the DagBag from /Users/macbook/Documents/Documents_MacBook_Pro/ISTT/AirflowTutorial/envlibs/lib/python3.10/site-packages/airflow/example_dags/example_nested_branch_dag.py
[2023-06-22T15:15:52.675+0700] {processor.py:836} INFO - DAG(s) dict_keys(['example_nested_branch_dag']) retrieved from /Users/macbook/Documents/Documents_MacBook_Pro/ISTT/AirflowTutorial/envlibs/lib/python3.10/site-packages/airflow/example_dags/example_nested_branch_dag.py
[2023-06-22T15:15:53.434+0700] {logging_mixin.py:149} INFO - [2023-06-22T15:15:53.434+0700] {dag.py:2726} INFO - Sync 1 DAGs
[2023-06-22T15:15:53.451+0700] {logging_mixin.py:149} INFO - [2023-06-22T15:15:53.451+0700] {dag.py:3486} INFO - Setting next_dagrun for example_nested_branch_dag to 2023-06-21T00:00:00+00:00, run_after=2023-06-22T00:00:00+00:00
[2023-06-22T15:15:53.470+0700] {processor.py:179} INFO - Processing /Users/macbook/Documents/Documents_MacBook_Pro/ISTT/AirflowTutorial/envlibs/lib/python3.10/site-packages/airflow/example_dags/example_nested_branch_dag.py took 0.849 seconds
[2023-06-22T15:17:59.506+0700] {processor.py:157} INFO - Started process (PID=13647) to work on /Users/macbook/Documents/Documents_MacBook_Pro/ISTT/AirflowTutorial/envlibs/lib/python3.10/site-packages/airflow/example_dags/example_nested_branch_dag.py
[2023-06-22T15:17:59.507+0700] {processor.py:826} INFO - Processing file /Users/macbook/Documents/Documents_MacBook_Pro/ISTT/AirflowTutorial/envlibs/lib/python3.10/site-packages/airflow/example_dags/example_nested_branch_dag.py for tasks to queue
[2023-06-22T15:17:59.507+0700] {logging_mixin.py:149} INFO - [2023-06-22T15:17:59.507+0700] {dagbag.py:541} INFO - Filling up the DagBag from /Users/macbook/Documents/Documents_MacBook_Pro/ISTT/AirflowTutorial/envlibs/lib/python3.10/site-packages/airflow/example_dags/example_nested_branch_dag.py
[2023-06-22T15:17:59.558+0700] {processor.py:836} INFO - DAG(s) dict_keys(['example_nested_branch_dag']) retrieved from /Users/macbook/Documents/Documents_MacBook_Pro/ISTT/AirflowTutorial/envlibs/lib/python3.10/site-packages/airflow/example_dags/example_nested_branch_dag.py
[2023-06-22T15:18:00.295+0700] {logging_mixin.py:149} INFO - [2023-06-22T15:18:00.295+0700] {dag.py:2726} INFO - Sync 1 DAGs
[2023-06-22T15:18:00.312+0700] {logging_mixin.py:149} INFO - [2023-06-22T15:18:00.312+0700] {dag.py:3486} INFO - Setting next_dagrun for example_nested_branch_dag to 2023-06-21T00:00:00+00:00, run_after=2023-06-22T00:00:00+00:00
[2023-06-22T15:18:00.329+0700] {processor.py:179} INFO - Processing /Users/macbook/Documents/Documents_MacBook_Pro/ISTT/AirflowTutorial/envlibs/lib/python3.10/site-packages/airflow/example_dags/example_nested_branch_dag.py took 0.824 seconds
[2023-06-22T15:22:00.498+0700] {processor.py:157} INFO - Started process (PID=13794) to work on /Users/macbook/Documents/Documents_MacBook_Pro/ISTT/AirflowTutorial/envlibs/lib/python3.10/site-packages/airflow/example_dags/example_nested_branch_dag.py
[2023-06-22T15:22:00.500+0700] {processor.py:826} INFO - Processing file /Users/macbook/Documents/Documents_MacBook_Pro/ISTT/AirflowTutorial/envlibs/lib/python3.10/site-packages/airflow/example_dags/example_nested_branch_dag.py for tasks to queue
[2023-06-22T15:22:00.500+0700] {logging_mixin.py:149} INFO - [2023-06-22T15:22:00.500+0700] {dagbag.py:541} INFO - Filling up the DagBag from /Users/macbook/Documents/Documents_MacBook_Pro/ISTT/AirflowTutorial/envlibs/lib/python3.10/site-packages/airflow/example_dags/example_nested_branch_dag.py
[2023-06-22T15:22:00.552+0700] {processor.py:836} INFO - DAG(s) dict_keys(['example_nested_branch_dag']) retrieved from /Users/macbook/Documents/Documents_MacBook_Pro/ISTT/AirflowTutorial/envlibs/lib/python3.10/site-packages/airflow/example_dags/example_nested_branch_dag.py
[2023-06-22T15:22:01.269+0700] {logging_mixin.py:149} INFO - [2023-06-22T15:22:01.269+0700] {dag.py:2726} INFO - Sync 1 DAGs
[2023-06-22T15:22:01.287+0700] {logging_mixin.py:149} INFO - [2023-06-22T15:22:01.287+0700] {dag.py:3486} INFO - Setting next_dagrun for example_nested_branch_dag to 2023-06-21T00:00:00+00:00, run_after=2023-06-22T00:00:00+00:00
[2023-06-22T15:22:01.305+0700] {processor.py:179} INFO - Processing /Users/macbook/Documents/Documents_MacBook_Pro/ISTT/AirflowTutorial/envlibs/lib/python3.10/site-packages/airflow/example_dags/example_nested_branch_dag.py took 0.807 seconds
[2023-06-22T15:26:33.429+0700] {processor.py:157} INFO - Started process (PID=13918) to work on /Users/macbook/Documents/Documents_MacBook_Pro/ISTT/AirflowTutorial/envlibs/lib/python3.10/site-packages/airflow/example_dags/example_nested_branch_dag.py
[2023-06-22T15:26:33.431+0700] {processor.py:826} INFO - Processing file /Users/macbook/Documents/Documents_MacBook_Pro/ISTT/AirflowTutorial/envlibs/lib/python3.10/site-packages/airflow/example_dags/example_nested_branch_dag.py for tasks to queue
[2023-06-22T15:26:33.432+0700] {logging_mixin.py:149} INFO - [2023-06-22T15:26:33.432+0700] {dagbag.py:541} INFO - Filling up the DagBag from /Users/macbook/Documents/Documents_MacBook_Pro/ISTT/AirflowTutorial/envlibs/lib/python3.10/site-packages/airflow/example_dags/example_nested_branch_dag.py
[2023-06-22T15:26:33.486+0700] {processor.py:836} INFO - DAG(s) dict_keys(['example_nested_branch_dag']) retrieved from /Users/macbook/Documents/Documents_MacBook_Pro/ISTT/AirflowTutorial/envlibs/lib/python3.10/site-packages/airflow/example_dags/example_nested_branch_dag.py
[2023-06-22T15:26:34.224+0700] {logging_mixin.py:149} INFO - [2023-06-22T15:26:34.224+0700] {dag.py:2726} INFO - Sync 1 DAGs
[2023-06-22T15:26:34.241+0700] {logging_mixin.py:149} INFO - [2023-06-22T15:26:34.241+0700] {dag.py:3486} INFO - Setting next_dagrun for example_nested_branch_dag to 2023-06-21T00:00:00+00:00, run_after=2023-06-22T00:00:00+00:00
[2023-06-22T15:26:34.259+0700] {processor.py:179} INFO - Processing /Users/macbook/Documents/Documents_MacBook_Pro/ISTT/AirflowTutorial/envlibs/lib/python3.10/site-packages/airflow/example_dags/example_nested_branch_dag.py took 0.831 seconds
[2023-06-22T15:28:42.689+0700] {processor.py:157} INFO - Started process (PID=13975) to work on /Users/macbook/Documents/Documents_MacBook_Pro/ISTT/AirflowTutorial/envlibs/lib/python3.10/site-packages/airflow/example_dags/example_nested_branch_dag.py
[2023-06-22T15:28:42.691+0700] {processor.py:826} INFO - Processing file /Users/macbook/Documents/Documents_MacBook_Pro/ISTT/AirflowTutorial/envlibs/lib/python3.10/site-packages/airflow/example_dags/example_nested_branch_dag.py for tasks to queue
[2023-06-22T15:28:42.692+0700] {logging_mixin.py:149} INFO - [2023-06-22T15:28:42.692+0700] {dagbag.py:541} INFO - Filling up the DagBag from /Users/macbook/Documents/Documents_MacBook_Pro/ISTT/AirflowTutorial/envlibs/lib/python3.10/site-packages/airflow/example_dags/example_nested_branch_dag.py
[2023-06-22T15:28:42.775+0700] {processor.py:836} INFO - DAG(s) dict_keys(['example_nested_branch_dag']) retrieved from /Users/macbook/Documents/Documents_MacBook_Pro/ISTT/AirflowTutorial/envlibs/lib/python3.10/site-packages/airflow/example_dags/example_nested_branch_dag.py
[2023-06-22T15:28:43.875+0700] {logging_mixin.py:149} INFO - [2023-06-22T15:28:43.874+0700] {dag.py:2726} INFO - Sync 1 DAGs
[2023-06-22T15:28:43.896+0700] {logging_mixin.py:149} INFO - [2023-06-22T15:28:43.895+0700] {dag.py:3486} INFO - Setting next_dagrun for example_nested_branch_dag to 2023-06-21T00:00:00+00:00, run_after=2023-06-22T00:00:00+00:00
[2023-06-22T15:28:43.917+0700] {processor.py:179} INFO - Processing /Users/macbook/Documents/Documents_MacBook_Pro/ISTT/AirflowTutorial/envlibs/lib/python3.10/site-packages/airflow/example_dags/example_nested_branch_dag.py took 1.228 seconds
[2023-06-22T15:32:55.435+0700] {processor.py:157} INFO - Started process (PID=14097) to work on /Users/macbook/Documents/Documents_MacBook_Pro/ISTT/AirflowTutorial/envlibs/lib/python3.10/site-packages/airflow/example_dags/example_nested_branch_dag.py
[2023-06-22T15:32:55.437+0700] {processor.py:826} INFO - Processing file /Users/macbook/Documents/Documents_MacBook_Pro/ISTT/AirflowTutorial/envlibs/lib/python3.10/site-packages/airflow/example_dags/example_nested_branch_dag.py for tasks to queue
[2023-06-22T15:32:55.437+0700] {logging_mixin.py:149} INFO - [2023-06-22T15:32:55.437+0700] {dagbag.py:541} INFO - Filling up the DagBag from /Users/macbook/Documents/Documents_MacBook_Pro/ISTT/AirflowTutorial/envlibs/lib/python3.10/site-packages/airflow/example_dags/example_nested_branch_dag.py
[2023-06-22T15:32:55.489+0700] {processor.py:836} INFO - DAG(s) dict_keys(['example_nested_branch_dag']) retrieved from /Users/macbook/Documents/Documents_MacBook_Pro/ISTT/AirflowTutorial/envlibs/lib/python3.10/site-packages/airflow/example_dags/example_nested_branch_dag.py
[2023-06-22T15:32:56.188+0700] {logging_mixin.py:149} INFO - [2023-06-22T15:32:56.187+0700] {dag.py:2726} INFO - Sync 1 DAGs
[2023-06-22T15:32:56.204+0700] {logging_mixin.py:149} INFO - [2023-06-22T15:32:56.203+0700] {dag.py:3486} INFO - Setting next_dagrun for example_nested_branch_dag to 2023-06-21T00:00:00+00:00, run_after=2023-06-22T00:00:00+00:00
[2023-06-22T15:32:56.221+0700] {processor.py:179} INFO - Processing /Users/macbook/Documents/Documents_MacBook_Pro/ISTT/AirflowTutorial/envlibs/lib/python3.10/site-packages/airflow/example_dags/example_nested_branch_dag.py took 0.786 seconds
[2023-06-22T15:37:05.495+0700] {processor.py:157} INFO - Started process (PID=14213) to work on /Users/macbook/Documents/Documents_MacBook_Pro/ISTT/AirflowTutorial/envlibs/lib/python3.10/site-packages/airflow/example_dags/example_nested_branch_dag.py
[2023-06-22T15:37:05.496+0700] {processor.py:826} INFO - Processing file /Users/macbook/Documents/Documents_MacBook_Pro/ISTT/AirflowTutorial/envlibs/lib/python3.10/site-packages/airflow/example_dags/example_nested_branch_dag.py for tasks to queue
[2023-06-22T15:37:05.497+0700] {logging_mixin.py:149} INFO - [2023-06-22T15:37:05.496+0700] {dagbag.py:541} INFO - Filling up the DagBag from /Users/macbook/Documents/Documents_MacBook_Pro/ISTT/AirflowTutorial/envlibs/lib/python3.10/site-packages/airflow/example_dags/example_nested_branch_dag.py
[2023-06-22T15:37:05.548+0700] {processor.py:836} INFO - DAG(s) dict_keys(['example_nested_branch_dag']) retrieved from /Users/macbook/Documents/Documents_MacBook_Pro/ISTT/AirflowTutorial/envlibs/lib/python3.10/site-packages/airflow/example_dags/example_nested_branch_dag.py
[2023-06-22T15:37:06.278+0700] {logging_mixin.py:149} INFO - [2023-06-22T15:37:06.278+0700] {dag.py:2726} INFO - Sync 1 DAGs
[2023-06-22T15:37:06.294+0700] {logging_mixin.py:149} INFO - [2023-06-22T15:37:06.293+0700] {dag.py:3486} INFO - Setting next_dagrun for example_nested_branch_dag to 2023-06-21T00:00:00+00:00, run_after=2023-06-22T00:00:00+00:00
[2023-06-22T15:37:06.313+0700] {processor.py:179} INFO - Processing /Users/macbook/Documents/Documents_MacBook_Pro/ISTT/AirflowTutorial/envlibs/lib/python3.10/site-packages/airflow/example_dags/example_nested_branch_dag.py took 0.818 seconds
[2023-06-22T15:41:27.145+0700] {processor.py:157} INFO - Started process (PID=14354) to work on /Users/macbook/Documents/Documents_MacBook_Pro/ISTT/AirflowTutorial/envlibs/lib/python3.10/site-packages/airflow/example_dags/example_nested_branch_dag.py
[2023-06-22T15:41:27.146+0700] {processor.py:826} INFO - Processing file /Users/macbook/Documents/Documents_MacBook_Pro/ISTT/AirflowTutorial/envlibs/lib/python3.10/site-packages/airflow/example_dags/example_nested_branch_dag.py for tasks to queue
[2023-06-22T15:41:27.147+0700] {logging_mixin.py:149} INFO - [2023-06-22T15:41:27.147+0700] {dagbag.py:541} INFO - Filling up the DagBag from /Users/macbook/Documents/Documents_MacBook_Pro/ISTT/AirflowTutorial/envlibs/lib/python3.10/site-packages/airflow/example_dags/example_nested_branch_dag.py
[2023-06-22T15:41:27.208+0700] {processor.py:836} INFO - DAG(s) dict_keys(['example_nested_branch_dag']) retrieved from /Users/macbook/Documents/Documents_MacBook_Pro/ISTT/AirflowTutorial/envlibs/lib/python3.10/site-packages/airflow/example_dags/example_nested_branch_dag.py
[2023-06-22T15:41:28.028+0700] {logging_mixin.py:149} INFO - [2023-06-22T15:41:28.028+0700] {dag.py:2726} INFO - Sync 1 DAGs
[2023-06-22T15:41:28.045+0700] {logging_mixin.py:149} INFO - [2023-06-22T15:41:28.045+0700] {dag.py:3486} INFO - Setting next_dagrun for example_nested_branch_dag to 2023-06-21T00:00:00+00:00, run_after=2023-06-22T00:00:00+00:00
[2023-06-22T15:41:28.065+0700] {processor.py:179} INFO - Processing /Users/macbook/Documents/Documents_MacBook_Pro/ISTT/AirflowTutorial/envlibs/lib/python3.10/site-packages/airflow/example_dags/example_nested_branch_dag.py took 0.921 seconds
[2023-06-22T15:45:49.687+0700] {processor.py:157} INFO - Started process (PID=14489) to work on /Users/macbook/Documents/Documents_MacBook_Pro/ISTT/AirflowTutorial/envlibs/lib/python3.10/site-packages/airflow/example_dags/example_nested_branch_dag.py
[2023-06-22T15:45:49.688+0700] {processor.py:826} INFO - Processing file /Users/macbook/Documents/Documents_MacBook_Pro/ISTT/AirflowTutorial/envlibs/lib/python3.10/site-packages/airflow/example_dags/example_nested_branch_dag.py for tasks to queue
[2023-06-22T15:45:49.689+0700] {logging_mixin.py:149} INFO - [2023-06-22T15:45:49.689+0700] {dagbag.py:541} INFO - Filling up the DagBag from /Users/macbook/Documents/Documents_MacBook_Pro/ISTT/AirflowTutorial/envlibs/lib/python3.10/site-packages/airflow/example_dags/example_nested_branch_dag.py
[2023-06-22T15:45:49.754+0700] {processor.py:836} INFO - DAG(s) dict_keys(['example_nested_branch_dag']) retrieved from /Users/macbook/Documents/Documents_MacBook_Pro/ISTT/AirflowTutorial/envlibs/lib/python3.10/site-packages/airflow/example_dags/example_nested_branch_dag.py
[2023-06-22T15:45:50.583+0700] {logging_mixin.py:149} INFO - [2023-06-22T15:45:50.583+0700] {dag.py:2726} INFO - Sync 1 DAGs
[2023-06-22T15:45:50.604+0700] {logging_mixin.py:149} INFO - [2023-06-22T15:45:50.604+0700] {dag.py:3486} INFO - Setting next_dagrun for example_nested_branch_dag to 2023-06-21T00:00:00+00:00, run_after=2023-06-22T00:00:00+00:00
[2023-06-22T15:45:50.630+0700] {processor.py:179} INFO - Processing /Users/macbook/Documents/Documents_MacBook_Pro/ISTT/AirflowTutorial/envlibs/lib/python3.10/site-packages/airflow/example_dags/example_nested_branch_dag.py took 0.944 seconds
[2023-06-22T15:50:17.321+0700] {processor.py:157} INFO - Started process (PID=14659) to work on /Users/macbook/Documents/Documents_MacBook_Pro/ISTT/AirflowTutorial/envlibs/lib/python3.10/site-packages/airflow/example_dags/example_nested_branch_dag.py
[2023-06-22T15:50:17.323+0700] {processor.py:826} INFO - Processing file /Users/macbook/Documents/Documents_MacBook_Pro/ISTT/AirflowTutorial/envlibs/lib/python3.10/site-packages/airflow/example_dags/example_nested_branch_dag.py for tasks to queue
[2023-06-22T15:50:17.324+0700] {logging_mixin.py:149} INFO - [2023-06-22T15:50:17.324+0700] {dagbag.py:541} INFO - Filling up the DagBag from /Users/macbook/Documents/Documents_MacBook_Pro/ISTT/AirflowTutorial/envlibs/lib/python3.10/site-packages/airflow/example_dags/example_nested_branch_dag.py
[2023-06-22T15:50:17.390+0700] {processor.py:836} INFO - DAG(s) dict_keys(['example_nested_branch_dag']) retrieved from /Users/macbook/Documents/Documents_MacBook_Pro/ISTT/AirflowTutorial/envlibs/lib/python3.10/site-packages/airflow/example_dags/example_nested_branch_dag.py
[2023-06-22T15:50:18.165+0700] {logging_mixin.py:149} INFO - [2023-06-22T15:50:18.165+0700] {dag.py:2726} INFO - Sync 1 DAGs
[2023-06-22T15:50:18.183+0700] {logging_mixin.py:149} INFO - [2023-06-22T15:50:18.183+0700] {dag.py:3486} INFO - Setting next_dagrun for example_nested_branch_dag to 2023-06-21T00:00:00+00:00, run_after=2023-06-22T00:00:00+00:00
[2023-06-22T15:50:18.201+0700] {processor.py:179} INFO - Processing /Users/macbook/Documents/Documents_MacBook_Pro/ISTT/AirflowTutorial/envlibs/lib/python3.10/site-packages/airflow/example_dags/example_nested_branch_dag.py took 0.880 seconds
[2023-06-22T15:54:51.100+0700] {processor.py:157} INFO - Started process (PID=14832) to work on /Users/macbook/Documents/Documents_MacBook_Pro/ISTT/AirflowTutorial/envlibs/lib/python3.10/site-packages/airflow/example_dags/example_nested_branch_dag.py
[2023-06-22T15:54:51.102+0700] {processor.py:826} INFO - Processing file /Users/macbook/Documents/Documents_MacBook_Pro/ISTT/AirflowTutorial/envlibs/lib/python3.10/site-packages/airflow/example_dags/example_nested_branch_dag.py for tasks to queue
[2023-06-22T15:54:51.103+0700] {logging_mixin.py:149} INFO - [2023-06-22T15:54:51.103+0700] {dagbag.py:541} INFO - Filling up the DagBag from /Users/macbook/Documents/Documents_MacBook_Pro/ISTT/AirflowTutorial/envlibs/lib/python3.10/site-packages/airflow/example_dags/example_nested_branch_dag.py
[2023-06-22T15:54:51.171+0700] {processor.py:836} INFO - DAG(s) dict_keys(['example_nested_branch_dag']) retrieved from /Users/macbook/Documents/Documents_MacBook_Pro/ISTT/AirflowTutorial/envlibs/lib/python3.10/site-packages/airflow/example_dags/example_nested_branch_dag.py
[2023-06-22T15:54:52.279+0700] {logging_mixin.py:149} INFO - [2023-06-22T15:54:52.279+0700] {dag.py:2726} INFO - Sync 1 DAGs
[2023-06-22T15:54:52.300+0700] {logging_mixin.py:149} INFO - [2023-06-22T15:54:52.300+0700] {dag.py:3486} INFO - Setting next_dagrun for example_nested_branch_dag to 2023-06-21T00:00:00+00:00, run_after=2023-06-22T00:00:00+00:00
[2023-06-22T15:54:52.323+0700] {processor.py:179} INFO - Processing /Users/macbook/Documents/Documents_MacBook_Pro/ISTT/AirflowTutorial/envlibs/lib/python3.10/site-packages/airflow/example_dags/example_nested_branch_dag.py took 1.224 seconds
[2023-06-22T15:59:19.799+0700] {processor.py:157} INFO - Started process (PID=14965) to work on /Users/macbook/Documents/Documents_MacBook_Pro/ISTT/AirflowTutorial/envlibs/lib/python3.10/site-packages/airflow/example_dags/example_nested_branch_dag.py
[2023-06-22T15:59:19.800+0700] {processor.py:826} INFO - Processing file /Users/macbook/Documents/Documents_MacBook_Pro/ISTT/AirflowTutorial/envlibs/lib/python3.10/site-packages/airflow/example_dags/example_nested_branch_dag.py for tasks to queue
[2023-06-22T15:59:19.801+0700] {logging_mixin.py:149} INFO - [2023-06-22T15:59:19.801+0700] {dagbag.py:541} INFO - Filling up the DagBag from /Users/macbook/Documents/Documents_MacBook_Pro/ISTT/AirflowTutorial/envlibs/lib/python3.10/site-packages/airflow/example_dags/example_nested_branch_dag.py
[2023-06-22T15:59:19.861+0700] {processor.py:836} INFO - DAG(s) dict_keys(['example_nested_branch_dag']) retrieved from /Users/macbook/Documents/Documents_MacBook_Pro/ISTT/AirflowTutorial/envlibs/lib/python3.10/site-packages/airflow/example_dags/example_nested_branch_dag.py
[2023-06-22T15:59:20.648+0700] {logging_mixin.py:149} INFO - [2023-06-22T15:59:20.647+0700] {dag.py:2726} INFO - Sync 1 DAGs
[2023-06-22T15:59:20.666+0700] {logging_mixin.py:149} INFO - [2023-06-22T15:59:20.665+0700] {dag.py:3486} INFO - Setting next_dagrun for example_nested_branch_dag to 2023-06-21T00:00:00+00:00, run_after=2023-06-22T00:00:00+00:00
[2023-06-22T15:59:20.684+0700] {processor.py:179} INFO - Processing /Users/macbook/Documents/Documents_MacBook_Pro/ISTT/AirflowTutorial/envlibs/lib/python3.10/site-packages/airflow/example_dags/example_nested_branch_dag.py took 0.886 seconds
[2023-06-22T16:01:35.365+0700] {processor.py:157} INFO - Started process (PID=15021) to work on /Users/macbook/Documents/Documents_MacBook_Pro/ISTT/AirflowTutorial/envlibs/lib/python3.10/site-packages/airflow/example_dags/example_nested_branch_dag.py
[2023-06-22T16:01:35.367+0700] {processor.py:826} INFO - Processing file /Users/macbook/Documents/Documents_MacBook_Pro/ISTT/AirflowTutorial/envlibs/lib/python3.10/site-packages/airflow/example_dags/example_nested_branch_dag.py for tasks to queue
[2023-06-22T16:01:35.368+0700] {logging_mixin.py:149} INFO - [2023-06-22T16:01:35.368+0700] {dagbag.py:541} INFO - Filling up the DagBag from /Users/macbook/Documents/Documents_MacBook_Pro/ISTT/AirflowTutorial/envlibs/lib/python3.10/site-packages/airflow/example_dags/example_nested_branch_dag.py
[2023-06-22T16:01:35.431+0700] {processor.py:836} INFO - DAG(s) dict_keys(['example_nested_branch_dag']) retrieved from /Users/macbook/Documents/Documents_MacBook_Pro/ISTT/AirflowTutorial/envlibs/lib/python3.10/site-packages/airflow/example_dags/example_nested_branch_dag.py
[2023-06-22T16:01:36.215+0700] {logging_mixin.py:149} INFO - [2023-06-22T16:01:36.214+0700] {dag.py:2726} INFO - Sync 1 DAGs
[2023-06-22T16:01:36.234+0700] {logging_mixin.py:149} INFO - [2023-06-22T16:01:36.234+0700] {dag.py:3486} INFO - Setting next_dagrun for example_nested_branch_dag to 2023-06-21T00:00:00+00:00, run_after=2023-06-22T00:00:00+00:00
[2023-06-22T16:01:36.252+0700] {processor.py:179} INFO - Processing /Users/macbook/Documents/Documents_MacBook_Pro/ISTT/AirflowTutorial/envlibs/lib/python3.10/site-packages/airflow/example_dags/example_nested_branch_dag.py took 0.887 seconds
[2023-06-22T16:03:47.093+0700] {processor.py:157} INFO - Started process (PID=15082) to work on /Users/macbook/Documents/Documents_MacBook_Pro/ISTT/AirflowTutorial/envlibs/lib/python3.10/site-packages/airflow/example_dags/example_nested_branch_dag.py
[2023-06-22T16:03:47.094+0700] {processor.py:826} INFO - Processing file /Users/macbook/Documents/Documents_MacBook_Pro/ISTT/AirflowTutorial/envlibs/lib/python3.10/site-packages/airflow/example_dags/example_nested_branch_dag.py for tasks to queue
[2023-06-22T16:03:47.095+0700] {logging_mixin.py:149} INFO - [2023-06-22T16:03:47.095+0700] {dagbag.py:541} INFO - Filling up the DagBag from /Users/macbook/Documents/Documents_MacBook_Pro/ISTT/AirflowTutorial/envlibs/lib/python3.10/site-packages/airflow/example_dags/example_nested_branch_dag.py
[2023-06-22T16:03:47.156+0700] {processor.py:836} INFO - DAG(s) dict_keys(['example_nested_branch_dag']) retrieved from /Users/macbook/Documents/Documents_MacBook_Pro/ISTT/AirflowTutorial/envlibs/lib/python3.10/site-packages/airflow/example_dags/example_nested_branch_dag.py
[2023-06-22T16:03:47.996+0700] {logging_mixin.py:149} INFO - [2023-06-22T16:03:47.996+0700] {dag.py:2726} INFO - Sync 1 DAGs
[2023-06-22T16:03:48.023+0700] {logging_mixin.py:149} INFO - [2023-06-22T16:03:48.022+0700] {dag.py:3486} INFO - Setting next_dagrun for example_nested_branch_dag to 2023-06-21T00:00:00+00:00, run_after=2023-06-22T00:00:00+00:00
[2023-06-22T16:03:48.046+0700] {processor.py:179} INFO - Processing /Users/macbook/Documents/Documents_MacBook_Pro/ISTT/AirflowTutorial/envlibs/lib/python3.10/site-packages/airflow/example_dags/example_nested_branch_dag.py took 0.953 seconds
[2023-06-22T16:05:57.205+0700] {processor.py:157} INFO - Started process (PID=15141) to work on /Users/macbook/Documents/Documents_MacBook_Pro/ISTT/AirflowTutorial/envlibs/lib/python3.10/site-packages/airflow/example_dags/example_nested_branch_dag.py
[2023-06-22T16:05:57.206+0700] {processor.py:826} INFO - Processing file /Users/macbook/Documents/Documents_MacBook_Pro/ISTT/AirflowTutorial/envlibs/lib/python3.10/site-packages/airflow/example_dags/example_nested_branch_dag.py for tasks to queue
[2023-06-22T16:05:57.207+0700] {logging_mixin.py:149} INFO - [2023-06-22T16:05:57.207+0700] {dagbag.py:541} INFO - Filling up the DagBag from /Users/macbook/Documents/Documents_MacBook_Pro/ISTT/AirflowTutorial/envlibs/lib/python3.10/site-packages/airflow/example_dags/example_nested_branch_dag.py
[2023-06-22T16:05:57.265+0700] {processor.py:836} INFO - DAG(s) dict_keys(['example_nested_branch_dag']) retrieved from /Users/macbook/Documents/Documents_MacBook_Pro/ISTT/AirflowTutorial/envlibs/lib/python3.10/site-packages/airflow/example_dags/example_nested_branch_dag.py
[2023-06-22T16:05:58.099+0700] {logging_mixin.py:149} INFO - [2023-06-22T16:05:58.098+0700] {dag.py:2726} INFO - Sync 1 DAGs
[2023-06-22T16:05:58.116+0700] {logging_mixin.py:149} INFO - [2023-06-22T16:05:58.116+0700] {dag.py:3486} INFO - Setting next_dagrun for example_nested_branch_dag to 2023-06-21T00:00:00+00:00, run_after=2023-06-22T00:00:00+00:00
[2023-06-22T16:05:58.135+0700] {processor.py:179} INFO - Processing /Users/macbook/Documents/Documents_MacBook_Pro/ISTT/AirflowTutorial/envlibs/lib/python3.10/site-packages/airflow/example_dags/example_nested_branch_dag.py took 0.931 seconds
[2023-06-22T16:10:15.938+0700] {processor.py:157} INFO - Started process (PID=15263) to work on /Users/macbook/Documents/Documents_MacBook_Pro/ISTT/AirflowTutorial/envlibs/lib/python3.10/site-packages/airflow/example_dags/example_nested_branch_dag.py
[2023-06-22T16:10:15.939+0700] {processor.py:826} INFO - Processing file /Users/macbook/Documents/Documents_MacBook_Pro/ISTT/AirflowTutorial/envlibs/lib/python3.10/site-packages/airflow/example_dags/example_nested_branch_dag.py for tasks to queue
[2023-06-22T16:10:15.940+0700] {logging_mixin.py:149} INFO - [2023-06-22T16:10:15.940+0700] {dagbag.py:541} INFO - Filling up the DagBag from /Users/macbook/Documents/Documents_MacBook_Pro/ISTT/AirflowTutorial/envlibs/lib/python3.10/site-packages/airflow/example_dags/example_nested_branch_dag.py
[2023-06-22T16:10:15.992+0700] {processor.py:836} INFO - DAG(s) dict_keys(['example_nested_branch_dag']) retrieved from /Users/macbook/Documents/Documents_MacBook_Pro/ISTT/AirflowTutorial/envlibs/lib/python3.10/site-packages/airflow/example_dags/example_nested_branch_dag.py
[2023-06-22T16:10:16.732+0700] {logging_mixin.py:149} INFO - [2023-06-22T16:10:16.731+0700] {dag.py:2726} INFO - Sync 1 DAGs
[2023-06-22T16:10:16.748+0700] {logging_mixin.py:149} INFO - [2023-06-22T16:10:16.748+0700] {dag.py:3486} INFO - Setting next_dagrun for example_nested_branch_dag to 2023-06-21T00:00:00+00:00, run_after=2023-06-22T00:00:00+00:00
[2023-06-22T16:10:16.766+0700] {processor.py:179} INFO - Processing /Users/macbook/Documents/Documents_MacBook_Pro/ISTT/AirflowTutorial/envlibs/lib/python3.10/site-packages/airflow/example_dags/example_nested_branch_dag.py took 0.829 seconds
[2023-06-22T16:14:03.692+0700] {processor.py:157} INFO - Started process (PID=15372) to work on /Users/macbook/Documents/Documents_MacBook_Pro/ISTT/AirflowTutorial/envlibs/lib/python3.10/site-packages/airflow/example_dags/example_nested_branch_dag.py
[2023-06-22T16:14:03.693+0700] {processor.py:826} INFO - Processing file /Users/macbook/Documents/Documents_MacBook_Pro/ISTT/AirflowTutorial/envlibs/lib/python3.10/site-packages/airflow/example_dags/example_nested_branch_dag.py for tasks to queue
[2023-06-22T16:14:03.694+0700] {logging_mixin.py:149} INFO - [2023-06-22T16:14:03.694+0700] {dagbag.py:541} INFO - Filling up the DagBag from /Users/macbook/Documents/Documents_MacBook_Pro/ISTT/AirflowTutorial/envlibs/lib/python3.10/site-packages/airflow/example_dags/example_nested_branch_dag.py
[2023-06-22T16:14:03.775+0700] {processor.py:836} INFO - DAG(s) dict_keys(['example_nested_branch_dag']) retrieved from /Users/macbook/Documents/Documents_MacBook_Pro/ISTT/AirflowTutorial/envlibs/lib/python3.10/site-packages/airflow/example_dags/example_nested_branch_dag.py
[2023-06-22T16:14:04.625+0700] {logging_mixin.py:149} INFO - [2023-06-22T16:14:04.624+0700] {dag.py:2726} INFO - Sync 1 DAGs
[2023-06-22T16:14:04.643+0700] {logging_mixin.py:149} INFO - [2023-06-22T16:14:04.643+0700] {dag.py:3486} INFO - Setting next_dagrun for example_nested_branch_dag to 2023-06-21T00:00:00+00:00, run_after=2023-06-22T00:00:00+00:00
[2023-06-22T16:14:04.662+0700] {processor.py:179} INFO - Processing /Users/macbook/Documents/Documents_MacBook_Pro/ISTT/AirflowTutorial/envlibs/lib/python3.10/site-packages/airflow/example_dags/example_nested_branch_dag.py took 0.970 seconds
[2023-06-22T16:18:22.216+0700] {processor.py:157} INFO - Started process (PID=15523) to work on /Users/macbook/Documents/Documents_MacBook_Pro/ISTT/AirflowTutorial/envlibs/lib/python3.10/site-packages/airflow/example_dags/example_nested_branch_dag.py
[2023-06-22T16:18:22.219+0700] {processor.py:826} INFO - Processing file /Users/macbook/Documents/Documents_MacBook_Pro/ISTT/AirflowTutorial/envlibs/lib/python3.10/site-packages/airflow/example_dags/example_nested_branch_dag.py for tasks to queue
[2023-06-22T16:18:22.219+0700] {logging_mixin.py:149} INFO - [2023-06-22T16:18:22.219+0700] {dagbag.py:541} INFO - Filling up the DagBag from /Users/macbook/Documents/Documents_MacBook_Pro/ISTT/AirflowTutorial/envlibs/lib/python3.10/site-packages/airflow/example_dags/example_nested_branch_dag.py
[2023-06-22T16:18:22.296+0700] {processor.py:836} INFO - DAG(s) dict_keys(['example_nested_branch_dag']) retrieved from /Users/macbook/Documents/Documents_MacBook_Pro/ISTT/AirflowTutorial/envlibs/lib/python3.10/site-packages/airflow/example_dags/example_nested_branch_dag.py
[2023-06-22T16:18:23.301+0700] {logging_mixin.py:149} INFO - [2023-06-22T16:18:23.301+0700] {dag.py:2726} INFO - Sync 1 DAGs
[2023-06-22T16:18:23.323+0700] {logging_mixin.py:149} INFO - [2023-06-22T16:18:23.323+0700] {dag.py:3486} INFO - Setting next_dagrun for example_nested_branch_dag to 2023-06-21T00:00:00+00:00, run_after=2023-06-22T00:00:00+00:00
[2023-06-22T16:18:23.343+0700] {processor.py:179} INFO - Processing /Users/macbook/Documents/Documents_MacBook_Pro/ISTT/AirflowTutorial/envlibs/lib/python3.10/site-packages/airflow/example_dags/example_nested_branch_dag.py took 1.128 seconds
[2023-06-22T16:20:37.947+0700] {processor.py:157} INFO - Started process (PID=15587) to work on /Users/macbook/Documents/Documents_MacBook_Pro/ISTT/AirflowTutorial/envlibs/lib/python3.10/site-packages/airflow/example_dags/example_nested_branch_dag.py
[2023-06-22T16:20:37.949+0700] {processor.py:826} INFO - Processing file /Users/macbook/Documents/Documents_MacBook_Pro/ISTT/AirflowTutorial/envlibs/lib/python3.10/site-packages/airflow/example_dags/example_nested_branch_dag.py for tasks to queue
[2023-06-22T16:20:37.949+0700] {logging_mixin.py:149} INFO - [2023-06-22T16:20:37.949+0700] {dagbag.py:541} INFO - Filling up the DagBag from /Users/macbook/Documents/Documents_MacBook_Pro/ISTT/AirflowTutorial/envlibs/lib/python3.10/site-packages/airflow/example_dags/example_nested_branch_dag.py
[2023-06-22T16:20:38.007+0700] {processor.py:836} INFO - DAG(s) dict_keys(['example_nested_branch_dag']) retrieved from /Users/macbook/Documents/Documents_MacBook_Pro/ISTT/AirflowTutorial/envlibs/lib/python3.10/site-packages/airflow/example_dags/example_nested_branch_dag.py
[2023-06-22T16:20:38.890+0700] {logging_mixin.py:149} INFO - [2023-06-22T16:20:38.889+0700] {dag.py:2726} INFO - Sync 1 DAGs
[2023-06-22T16:20:38.908+0700] {logging_mixin.py:149} INFO - [2023-06-22T16:20:38.908+0700] {dag.py:3486} INFO - Setting next_dagrun for example_nested_branch_dag to 2023-06-21T00:00:00+00:00, run_after=2023-06-22T00:00:00+00:00
[2023-06-22T16:20:38.929+0700] {processor.py:179} INFO - Processing /Users/macbook/Documents/Documents_MacBook_Pro/ISTT/AirflowTutorial/envlibs/lib/python3.10/site-packages/airflow/example_dags/example_nested_branch_dag.py took 0.982 seconds
[2023-06-22T16:22:42.567+0700] {processor.py:157} INFO - Started process (PID=15646) to work on /Users/macbook/Documents/Documents_MacBook_Pro/ISTT/AirflowTutorial/envlibs/lib/python3.10/site-packages/airflow/example_dags/example_nested_branch_dag.py
[2023-06-22T16:22:42.568+0700] {processor.py:826} INFO - Processing file /Users/macbook/Documents/Documents_MacBook_Pro/ISTT/AirflowTutorial/envlibs/lib/python3.10/site-packages/airflow/example_dags/example_nested_branch_dag.py for tasks to queue
[2023-06-22T16:22:42.569+0700] {logging_mixin.py:149} INFO - [2023-06-22T16:22:42.569+0700] {dagbag.py:541} INFO - Filling up the DagBag from /Users/macbook/Documents/Documents_MacBook_Pro/ISTT/AirflowTutorial/envlibs/lib/python3.10/site-packages/airflow/example_dags/example_nested_branch_dag.py
[2023-06-22T16:22:42.625+0700] {processor.py:836} INFO - DAG(s) dict_keys(['example_nested_branch_dag']) retrieved from /Users/macbook/Documents/Documents_MacBook_Pro/ISTT/AirflowTutorial/envlibs/lib/python3.10/site-packages/airflow/example_dags/example_nested_branch_dag.py
[2023-06-22T16:22:43.405+0700] {logging_mixin.py:149} INFO - [2023-06-22T16:22:43.405+0700] {dag.py:2726} INFO - Sync 1 DAGs
[2023-06-22T16:22:43.421+0700] {logging_mixin.py:149} INFO - [2023-06-22T16:22:43.421+0700] {dag.py:3486} INFO - Setting next_dagrun for example_nested_branch_dag to 2023-06-21T00:00:00+00:00, run_after=2023-06-22T00:00:00+00:00
[2023-06-22T16:22:43.438+0700] {processor.py:179} INFO - Processing /Users/macbook/Documents/Documents_MacBook_Pro/ISTT/AirflowTutorial/envlibs/lib/python3.10/site-packages/airflow/example_dags/example_nested_branch_dag.py took 0.872 seconds
[2023-06-22T16:26:37.740+0700] {processor.py:157} INFO - Started process (PID=15797) to work on /Users/macbook/Documents/Documents_MacBook_Pro/ISTT/AirflowTutorial/envlibs/lib/python3.10/site-packages/airflow/example_dags/example_nested_branch_dag.py
[2023-06-22T16:26:37.741+0700] {processor.py:826} INFO - Processing file /Users/macbook/Documents/Documents_MacBook_Pro/ISTT/AirflowTutorial/envlibs/lib/python3.10/site-packages/airflow/example_dags/example_nested_branch_dag.py for tasks to queue
[2023-06-22T16:26:37.742+0700] {logging_mixin.py:149} INFO - [2023-06-22T16:26:37.742+0700] {dagbag.py:541} INFO - Filling up the DagBag from /Users/macbook/Documents/Documents_MacBook_Pro/ISTT/AirflowTutorial/envlibs/lib/python3.10/site-packages/airflow/example_dags/example_nested_branch_dag.py
[2023-06-22T16:26:37.796+0700] {processor.py:836} INFO - DAG(s) dict_keys(['example_nested_branch_dag']) retrieved from /Users/macbook/Documents/Documents_MacBook_Pro/ISTT/AirflowTutorial/envlibs/lib/python3.10/site-packages/airflow/example_dags/example_nested_branch_dag.py
[2023-06-22T16:26:38.539+0700] {logging_mixin.py:149} INFO - [2023-06-22T16:26:38.539+0700] {dag.py:2726} INFO - Sync 1 DAGs
[2023-06-22T16:26:38.555+0700] {logging_mixin.py:149} INFO - [2023-06-22T16:26:38.555+0700] {dag.py:3486} INFO - Setting next_dagrun for example_nested_branch_dag to 2023-06-21T00:00:00+00:00, run_after=2023-06-22T00:00:00+00:00
[2023-06-22T16:26:38.572+0700] {processor.py:179} INFO - Processing /Users/macbook/Documents/Documents_MacBook_Pro/ISTT/AirflowTutorial/envlibs/lib/python3.10/site-packages/airflow/example_dags/example_nested_branch_dag.py took 0.832 seconds
