[2023-06-22T14:28:56.349+0700] {processor.py:157} INFO - Started process (PID=11907) to work on /Users/macbook/Documents/Documents_MacBook_Pro/ISTT/AirflowTutorial/envlibs/lib/python3.10/site-packages/airflow/example_dags/example_branch_operator.py
[2023-06-22T14:28:56.349+0700] {processor.py:826} INFO - Processing file /Users/macbook/Documents/Documents_MacBook_Pro/ISTT/AirflowTutorial/envlibs/lib/python3.10/site-packages/airflow/example_dags/example_branch_operator.py for tasks to queue
[2023-06-22T14:28:56.350+0700] {logging_mixin.py:149} INFO - [2023-06-22T14:28:56.350+0700] {dagbag.py:541} INFO - Filling up the DagBag from /Users/macbook/Documents/Documents_MacBook_Pro/ISTT/AirflowTutorial/envlibs/lib/python3.10/site-packages/airflow/example_dags/example_branch_operator.py
[2023-06-22T14:28:56.388+0700] {processor.py:836} INFO - DAG(s) dict_keys(['example_branch_operator']) retrieved from /Users/macbook/Documents/Documents_MacBook_Pro/ISTT/AirflowTutorial/envlibs/lib/python3.10/site-packages/airflow/example_dags/example_branch_operator.py
[2023-06-22T14:28:57.386+0700] {logging_mixin.py:149} INFO - [2023-06-22T14:28:57.386+0700] {dag.py:2726} INFO - Sync 1 DAGs
[2023-06-22T14:28:57.402+0700] {logging_mixin.py:149} INFO - [2023-06-22T14:28:57.402+0700] {dag.py:3486} INFO - Setting next_dagrun for example_branch_operator to 2023-06-21T00:00:00+00:00, run_after=2023-06-22T00:00:00+00:00
[2023-06-22T14:28:57.422+0700] {processor.py:179} INFO - Processing /Users/macbook/Documents/Documents_MacBook_Pro/ISTT/AirflowTutorial/envlibs/lib/python3.10/site-packages/airflow/example_dags/example_branch_operator.py took 1.074 seconds
[2023-06-22T14:33:24.048+0700] {processor.py:157} INFO - Started process (PID=12103) to work on /Users/macbook/Documents/Documents_MacBook_Pro/ISTT/AirflowTutorial/envlibs/lib/python3.10/site-packages/airflow/example_dags/example_branch_operator.py
[2023-06-22T14:33:24.050+0700] {processor.py:826} INFO - Processing file /Users/macbook/Documents/Documents_MacBook_Pro/ISTT/AirflowTutorial/envlibs/lib/python3.10/site-packages/airflow/example_dags/example_branch_operator.py for tasks to queue
[2023-06-22T14:33:24.051+0700] {logging_mixin.py:149} INFO - [2023-06-22T14:33:24.051+0700] {dagbag.py:541} INFO - Filling up the DagBag from /Users/macbook/Documents/Documents_MacBook_Pro/ISTT/AirflowTutorial/envlibs/lib/python3.10/site-packages/airflow/example_dags/example_branch_operator.py
[2023-06-22T14:33:24.108+0700] {processor.py:836} INFO - DAG(s) dict_keys(['example_branch_operator']) retrieved from /Users/macbook/Documents/Documents_MacBook_Pro/ISTT/AirflowTutorial/envlibs/lib/python3.10/site-packages/airflow/example_dags/example_branch_operator.py
[2023-06-22T14:33:25.401+0700] {logging_mixin.py:149} INFO - [2023-06-22T14:33:25.401+0700] {dag.py:2726} INFO - Sync 1 DAGs
[2023-06-22T14:33:25.427+0700] {logging_mixin.py:149} INFO - [2023-06-22T14:33:25.427+0700] {dag.py:3486} INFO - Setting next_dagrun for example_branch_operator to 2023-06-21T00:00:00+00:00, run_after=2023-06-22T00:00:00+00:00
[2023-06-22T14:33:25.451+0700] {processor.py:179} INFO - Processing /Users/macbook/Documents/Documents_MacBook_Pro/ISTT/AirflowTutorial/envlibs/lib/python3.10/site-packages/airflow/example_dags/example_branch_operator.py took 1.404 seconds
[2023-06-22T14:38:46.263+0700] {processor.py:157} INFO - Started process (PID=12376) to work on /Users/macbook/Documents/Documents_MacBook_Pro/ISTT/AirflowTutorial/envlibs/lib/python3.10/site-packages/airflow/example_dags/example_branch_operator.py
[2023-06-22T14:38:46.265+0700] {processor.py:826} INFO - Processing file /Users/macbook/Documents/Documents_MacBook_Pro/ISTT/AirflowTutorial/envlibs/lib/python3.10/site-packages/airflow/example_dags/example_branch_operator.py for tasks to queue
[2023-06-22T14:38:46.266+0700] {logging_mixin.py:149} INFO - [2023-06-22T14:38:46.266+0700] {dagbag.py:541} INFO - Filling up the DagBag from /Users/macbook/Documents/Documents_MacBook_Pro/ISTT/AirflowTutorial/envlibs/lib/python3.10/site-packages/airflow/example_dags/example_branch_operator.py
[2023-06-22T14:38:46.310+0700] {processor.py:836} INFO - DAG(s) dict_keys(['example_branch_operator']) retrieved from /Users/macbook/Documents/Documents_MacBook_Pro/ISTT/AirflowTutorial/envlibs/lib/python3.10/site-packages/airflow/example_dags/example_branch_operator.py
[2023-06-22T14:38:47.372+0700] {logging_mixin.py:149} INFO - [2023-06-22T14:38:47.371+0700] {dag.py:2726} INFO - Sync 1 DAGs
[2023-06-22T14:38:47.385+0700] {logging_mixin.py:149} INFO - [2023-06-22T14:38:47.385+0700] {dag.py:2747} INFO - Creating ORM DAG for example_branch_operator
[2023-06-22T14:38:47.398+0700] {logging_mixin.py:149} INFO - [2023-06-22T14:38:47.398+0700] {dag.py:3486} INFO - Setting next_dagrun for example_branch_operator to 2023-06-21T00:00:00+00:00, run_after=2023-06-22T00:00:00+00:00
[2023-06-22T14:38:47.423+0700] {processor.py:179} INFO - Processing /Users/macbook/Documents/Documents_MacBook_Pro/ISTT/AirflowTutorial/envlibs/lib/python3.10/site-packages/airflow/example_dags/example_branch_operator.py took 1.160 seconds
[2023-06-22T14:43:09.686+0700] {processor.py:157} INFO - Started process (PID=12546) to work on /Users/macbook/Documents/Documents_MacBook_Pro/ISTT/AirflowTutorial/envlibs/lib/python3.10/site-packages/airflow/example_dags/example_branch_operator.py
[2023-06-22T14:43:09.688+0700] {processor.py:826} INFO - Processing file /Users/macbook/Documents/Documents_MacBook_Pro/ISTT/AirflowTutorial/envlibs/lib/python3.10/site-packages/airflow/example_dags/example_branch_operator.py for tasks to queue
[2023-06-22T14:43:09.689+0700] {logging_mixin.py:149} INFO - [2023-06-22T14:43:09.688+0700] {dagbag.py:541} INFO - Filling up the DagBag from /Users/macbook/Documents/Documents_MacBook_Pro/ISTT/AirflowTutorial/envlibs/lib/python3.10/site-packages/airflow/example_dags/example_branch_operator.py
[2023-06-22T14:43:09.728+0700] {processor.py:836} INFO - DAG(s) dict_keys(['example_branch_operator']) retrieved from /Users/macbook/Documents/Documents_MacBook_Pro/ISTT/AirflowTutorial/envlibs/lib/python3.10/site-packages/airflow/example_dags/example_branch_operator.py
[2023-06-22T14:43:10.538+0700] {logging_mixin.py:149} INFO - [2023-06-22T14:43:10.537+0700] {dag.py:2726} INFO - Sync 1 DAGs
[2023-06-22T14:43:10.555+0700] {logging_mixin.py:149} INFO - [2023-06-22T14:43:10.555+0700] {dag.py:3486} INFO - Setting next_dagrun for example_branch_operator to 2023-06-21T00:00:00+00:00, run_after=2023-06-22T00:00:00+00:00
[2023-06-22T14:43:10.574+0700] {processor.py:179} INFO - Processing /Users/macbook/Documents/Documents_MacBook_Pro/ISTT/AirflowTutorial/envlibs/lib/python3.10/site-packages/airflow/example_dags/example_branch_operator.py took 0.889 seconds
[2023-06-22T14:47:19.444+0700] {processor.py:157} INFO - Started process (PID=12657) to work on /Users/macbook/Documents/Documents_MacBook_Pro/ISTT/AirflowTutorial/envlibs/lib/python3.10/site-packages/airflow/example_dags/example_branch_operator.py
[2023-06-22T14:47:19.446+0700] {processor.py:826} INFO - Processing file /Users/macbook/Documents/Documents_MacBook_Pro/ISTT/AirflowTutorial/envlibs/lib/python3.10/site-packages/airflow/example_dags/example_branch_operator.py for tasks to queue
[2023-06-22T14:47:19.446+0700] {logging_mixin.py:149} INFO - [2023-06-22T14:47:19.446+0700] {dagbag.py:541} INFO - Filling up the DagBag from /Users/macbook/Documents/Documents_MacBook_Pro/ISTT/AirflowTutorial/envlibs/lib/python3.10/site-packages/airflow/example_dags/example_branch_operator.py
[2023-06-22T14:47:19.482+0700] {processor.py:836} INFO - DAG(s) dict_keys(['example_branch_operator']) retrieved from /Users/macbook/Documents/Documents_MacBook_Pro/ISTT/AirflowTutorial/envlibs/lib/python3.10/site-packages/airflow/example_dags/example_branch_operator.py
[2023-06-22T14:47:20.339+0700] {logging_mixin.py:149} INFO - [2023-06-22T14:47:20.339+0700] {dag.py:2726} INFO - Sync 1 DAGs
[2023-06-22T14:47:20.361+0700] {logging_mixin.py:149} INFO - [2023-06-22T14:47:20.361+0700] {dag.py:3486} INFO - Setting next_dagrun for example_branch_operator to 2023-06-21T00:00:00+00:00, run_after=2023-06-22T00:00:00+00:00
[2023-06-22T14:47:20.387+0700] {processor.py:179} INFO - Processing /Users/macbook/Documents/Documents_MacBook_Pro/ISTT/AirflowTutorial/envlibs/lib/python3.10/site-packages/airflow/example_dags/example_branch_operator.py took 0.944 seconds
[2023-06-22T14:51:32.060+0700] {processor.py:157} INFO - Started process (PID=12778) to work on /Users/macbook/Documents/Documents_MacBook_Pro/ISTT/AirflowTutorial/envlibs/lib/python3.10/site-packages/airflow/example_dags/example_branch_operator.py
[2023-06-22T14:51:32.061+0700] {processor.py:826} INFO - Processing file /Users/macbook/Documents/Documents_MacBook_Pro/ISTT/AirflowTutorial/envlibs/lib/python3.10/site-packages/airflow/example_dags/example_branch_operator.py for tasks to queue
[2023-06-22T14:51:32.062+0700] {logging_mixin.py:149} INFO - [2023-06-22T14:51:32.062+0700] {dagbag.py:541} INFO - Filling up the DagBag from /Users/macbook/Documents/Documents_MacBook_Pro/ISTT/AirflowTutorial/envlibs/lib/python3.10/site-packages/airflow/example_dags/example_branch_operator.py
[2023-06-22T14:51:32.103+0700] {processor.py:836} INFO - DAG(s) dict_keys(['example_branch_operator']) retrieved from /Users/macbook/Documents/Documents_MacBook_Pro/ISTT/AirflowTutorial/envlibs/lib/python3.10/site-packages/airflow/example_dags/example_branch_operator.py
[2023-06-22T14:51:32.855+0700] {logging_mixin.py:149} INFO - [2023-06-22T14:51:32.855+0700] {dag.py:2726} INFO - Sync 1 DAGs
[2023-06-22T14:51:32.872+0700] {logging_mixin.py:149} INFO - [2023-06-22T14:51:32.872+0700] {dag.py:3486} INFO - Setting next_dagrun for example_branch_operator to 2023-06-21T00:00:00+00:00, run_after=2023-06-22T00:00:00+00:00
[2023-06-22T14:51:32.891+0700] {processor.py:179} INFO - Processing /Users/macbook/Documents/Documents_MacBook_Pro/ISTT/AirflowTutorial/envlibs/lib/python3.10/site-packages/airflow/example_dags/example_branch_operator.py took 0.832 seconds
[2023-06-22T14:55:28.874+0700] {processor.py:157} INFO - Started process (PID=12888) to work on /Users/macbook/Documents/Documents_MacBook_Pro/ISTT/AirflowTutorial/envlibs/lib/python3.10/site-packages/airflow/example_dags/example_branch_operator.py
[2023-06-22T14:55:28.875+0700] {processor.py:826} INFO - Processing file /Users/macbook/Documents/Documents_MacBook_Pro/ISTT/AirflowTutorial/envlibs/lib/python3.10/site-packages/airflow/example_dags/example_branch_operator.py for tasks to queue
[2023-06-22T14:55:28.876+0700] {logging_mixin.py:149} INFO - [2023-06-22T14:55:28.876+0700] {dagbag.py:541} INFO - Filling up the DagBag from /Users/macbook/Documents/Documents_MacBook_Pro/ISTT/AirflowTutorial/envlibs/lib/python3.10/site-packages/airflow/example_dags/example_branch_operator.py
[2023-06-22T14:55:28.912+0700] {processor.py:836} INFO - DAG(s) dict_keys(['example_branch_operator']) retrieved from /Users/macbook/Documents/Documents_MacBook_Pro/ISTT/AirflowTutorial/envlibs/lib/python3.10/site-packages/airflow/example_dags/example_branch_operator.py
[2023-06-22T14:55:29.622+0700] {logging_mixin.py:149} INFO - [2023-06-22T14:55:29.622+0700] {dag.py:2726} INFO - Sync 1 DAGs
[2023-06-22T14:55:29.638+0700] {logging_mixin.py:149} INFO - [2023-06-22T14:55:29.638+0700] {dag.py:3486} INFO - Setting next_dagrun for example_branch_operator to 2023-06-21T00:00:00+00:00, run_after=2023-06-22T00:00:00+00:00
[2023-06-22T14:55:29.655+0700] {processor.py:179} INFO - Processing /Users/macbook/Documents/Documents_MacBook_Pro/ISTT/AirflowTutorial/envlibs/lib/python3.10/site-packages/airflow/example_dags/example_branch_operator.py took 0.782 seconds
[2023-06-22T14:59:28.103+0700] {processor.py:157} INFO - Started process (PID=12992) to work on /Users/macbook/Documents/Documents_MacBook_Pro/ISTT/AirflowTutorial/envlibs/lib/python3.10/site-packages/airflow/example_dags/example_branch_operator.py
[2023-06-22T14:59:28.104+0700] {processor.py:826} INFO - Processing file /Users/macbook/Documents/Documents_MacBook_Pro/ISTT/AirflowTutorial/envlibs/lib/python3.10/site-packages/airflow/example_dags/example_branch_operator.py for tasks to queue
[2023-06-22T14:59:28.105+0700] {logging_mixin.py:149} INFO - [2023-06-22T14:59:28.105+0700] {dagbag.py:541} INFO - Filling up the DagBag from /Users/macbook/Documents/Documents_MacBook_Pro/ISTT/AirflowTutorial/envlibs/lib/python3.10/site-packages/airflow/example_dags/example_branch_operator.py
[2023-06-22T14:59:28.157+0700] {processor.py:836} INFO - DAG(s) dict_keys(['example_branch_operator']) retrieved from /Users/macbook/Documents/Documents_MacBook_Pro/ISTT/AirflowTutorial/envlibs/lib/python3.10/site-packages/airflow/example_dags/example_branch_operator.py
[2023-06-22T14:59:28.983+0700] {logging_mixin.py:149} INFO - [2023-06-22T14:59:28.983+0700] {dag.py:2726} INFO - Sync 1 DAGs
[2023-06-22T14:59:29.002+0700] {logging_mixin.py:149} INFO - [2023-06-22T14:59:29.002+0700] {dag.py:3486} INFO - Setting next_dagrun for example_branch_operator to 2023-06-21T00:00:00+00:00, run_after=2023-06-22T00:00:00+00:00
[2023-06-22T14:59:29.023+0700] {processor.py:179} INFO - Processing /Users/macbook/Documents/Documents_MacBook_Pro/ISTT/AirflowTutorial/envlibs/lib/python3.10/site-packages/airflow/example_dags/example_branch_operator.py took 0.921 seconds
[2023-06-22T15:03:34.279+0700] {processor.py:157} INFO - Started process (PID=13104) to work on /Users/macbook/Documents/Documents_MacBook_Pro/ISTT/AirflowTutorial/envlibs/lib/python3.10/site-packages/airflow/example_dags/example_branch_operator.py
[2023-06-22T15:03:34.280+0700] {processor.py:826} INFO - Processing file /Users/macbook/Documents/Documents_MacBook_Pro/ISTT/AirflowTutorial/envlibs/lib/python3.10/site-packages/airflow/example_dags/example_branch_operator.py for tasks to queue
[2023-06-22T15:03:34.281+0700] {logging_mixin.py:149} INFO - [2023-06-22T15:03:34.281+0700] {dagbag.py:541} INFO - Filling up the DagBag from /Users/macbook/Documents/Documents_MacBook_Pro/ISTT/AirflowTutorial/envlibs/lib/python3.10/site-packages/airflow/example_dags/example_branch_operator.py
[2023-06-22T15:03:34.318+0700] {processor.py:836} INFO - DAG(s) dict_keys(['example_branch_operator']) retrieved from /Users/macbook/Documents/Documents_MacBook_Pro/ISTT/AirflowTutorial/envlibs/lib/python3.10/site-packages/airflow/example_dags/example_branch_operator.py
[2023-06-22T15:03:35.138+0700] {logging_mixin.py:149} INFO - [2023-06-22T15:03:35.138+0700] {dag.py:2726} INFO - Sync 1 DAGs
[2023-06-22T15:03:35.160+0700] {logging_mixin.py:149} INFO - [2023-06-22T15:03:35.160+0700] {dag.py:3486} INFO - Setting next_dagrun for example_branch_operator to 2023-06-21T00:00:00+00:00, run_after=2023-06-22T00:00:00+00:00
[2023-06-22T15:03:35.183+0700] {processor.py:179} INFO - Processing /Users/macbook/Documents/Documents_MacBook_Pro/ISTT/AirflowTutorial/envlibs/lib/python3.10/site-packages/airflow/example_dags/example_branch_operator.py took 0.904 seconds
[2023-06-22T15:07:46.283+0700] {processor.py:157} INFO - Started process (PID=13267) to work on /Users/macbook/Documents/Documents_MacBook_Pro/ISTT/AirflowTutorial/envlibs/lib/python3.10/site-packages/airflow/example_dags/example_branch_operator.py
[2023-06-22T15:07:46.284+0700] {processor.py:826} INFO - Processing file /Users/macbook/Documents/Documents_MacBook_Pro/ISTT/AirflowTutorial/envlibs/lib/python3.10/site-packages/airflow/example_dags/example_branch_operator.py for tasks to queue
[2023-06-22T15:07:46.285+0700] {logging_mixin.py:149} INFO - [2023-06-22T15:07:46.284+0700] {dagbag.py:541} INFO - Filling up the DagBag from /Users/macbook/Documents/Documents_MacBook_Pro/ISTT/AirflowTutorial/envlibs/lib/python3.10/site-packages/airflow/example_dags/example_branch_operator.py
[2023-06-22T15:07:46.325+0700] {processor.py:836} INFO - DAG(s) dict_keys(['example_branch_operator']) retrieved from /Users/macbook/Documents/Documents_MacBook_Pro/ISTT/AirflowTutorial/envlibs/lib/python3.10/site-packages/airflow/example_dags/example_branch_operator.py
[2023-06-22T15:07:47.160+0700] {logging_mixin.py:149} INFO - [2023-06-22T15:07:47.160+0700] {dag.py:2726} INFO - Sync 1 DAGs
[2023-06-22T15:07:47.179+0700] {logging_mixin.py:149} INFO - [2023-06-22T15:07:47.179+0700] {dag.py:3486} INFO - Setting next_dagrun for example_branch_operator to 2023-06-21T00:00:00+00:00, run_after=2023-06-22T00:00:00+00:00
[2023-06-22T15:07:47.198+0700] {processor.py:179} INFO - Processing /Users/macbook/Documents/Documents_MacBook_Pro/ISTT/AirflowTutorial/envlibs/lib/python3.10/site-packages/airflow/example_dags/example_branch_operator.py took 0.917 seconds
[2023-06-22T15:11:55.197+0700] {processor.py:157} INFO - Started process (PID=13418) to work on /Users/macbook/Documents/Documents_MacBook_Pro/ISTT/AirflowTutorial/envlibs/lib/python3.10/site-packages/airflow/example_dags/example_branch_operator.py
[2023-06-22T15:11:55.199+0700] {processor.py:826} INFO - Processing file /Users/macbook/Documents/Documents_MacBook_Pro/ISTT/AirflowTutorial/envlibs/lib/python3.10/site-packages/airflow/example_dags/example_branch_operator.py for tasks to queue
[2023-06-22T15:11:55.199+0700] {logging_mixin.py:149} INFO - [2023-06-22T15:11:55.199+0700] {dagbag.py:541} INFO - Filling up the DagBag from /Users/macbook/Documents/Documents_MacBook_Pro/ISTT/AirflowTutorial/envlibs/lib/python3.10/site-packages/airflow/example_dags/example_branch_operator.py
[2023-06-22T15:11:55.242+0700] {processor.py:836} INFO - DAG(s) dict_keys(['example_branch_operator']) retrieved from /Users/macbook/Documents/Documents_MacBook_Pro/ISTT/AirflowTutorial/envlibs/lib/python3.10/site-packages/airflow/example_dags/example_branch_operator.py
[2023-06-22T15:11:56.013+0700] {logging_mixin.py:149} INFO - [2023-06-22T15:11:56.012+0700] {dag.py:2726} INFO - Sync 1 DAGs
[2023-06-22T15:11:56.034+0700] {logging_mixin.py:149} INFO - [2023-06-22T15:11:56.034+0700] {dag.py:3486} INFO - Setting next_dagrun for example_branch_operator to 2023-06-21T00:00:00+00:00, run_after=2023-06-22T00:00:00+00:00
[2023-06-22T15:11:56.053+0700] {processor.py:179} INFO - Processing /Users/macbook/Documents/Documents_MacBook_Pro/ISTT/AirflowTutorial/envlibs/lib/python3.10/site-packages/airflow/example_dags/example_branch_operator.py took 0.857 seconds
