[2023-06-22T14:27:32.076+0700] {processor.py:157} INFO - Started process (PID=11871) to work on /Users/macbook/Documents/Documents_MacBook_Pro/ISTT/AirflowTutorial/envlibs/lib/python3.10/site-packages/airflow/example_dags/example_task_group.py
[2023-06-22T14:27:32.076+0700] {processor.py:826} INFO - Processing file /Users/macbook/Documents/Documents_MacBook_Pro/ISTT/AirflowTutorial/envlibs/lib/python3.10/site-packages/airflow/example_dags/example_task_group.py for tasks to queue
[2023-06-22T14:27:32.077+0700] {logging_mixin.py:149} INFO - [2023-06-22T14:27:32.077+0700] {dagbag.py:541} INFO - Filling up the DagBag from /Users/macbook/Documents/Documents_MacBook_Pro/ISTT/AirflowTutorial/envlibs/lib/python3.10/site-packages/airflow/example_dags/example_task_group.py
[2023-06-22T14:27:32.098+0700] {processor.py:836} INFO - DAG(s) dict_keys(['example_task_group']) retrieved from /Users/macbook/Documents/Documents_MacBook_Pro/ISTT/AirflowTutorial/envlibs/lib/python3.10/site-packages/airflow/example_dags/example_task_group.py
[2023-06-22T14:27:32.917+0700] {logging_mixin.py:149} INFO - [2023-06-22T14:27:32.917+0700] {dag.py:2726} INFO - Sync 1 DAGs
[2023-06-22T14:27:32.931+0700] {logging_mixin.py:149} INFO - [2023-06-22T14:27:32.931+0700] {dag.py:3486} INFO - Setting next_dagrun for example_task_group to 2023-06-21T07:27:32.931356+00:00, run_after=2023-06-22T07:27:32.931356+00:00
[2023-06-22T14:27:32.949+0700] {processor.py:179} INFO - Processing /Users/macbook/Documents/Documents_MacBook_Pro/ISTT/AirflowTutorial/envlibs/lib/python3.10/site-packages/airflow/example_dags/example_task_group.py took 0.874 seconds
[2023-06-22T14:30:00.113+0700] {processor.py:157} INFO - Started process (PID=11939) to work on /Users/macbook/Documents/Documents_MacBook_Pro/ISTT/AirflowTutorial/envlibs/lib/python3.10/site-packages/airflow/example_dags/example_task_group.py
[2023-06-22T14:30:00.114+0700] {processor.py:826} INFO - Processing file /Users/macbook/Documents/Documents_MacBook_Pro/ISTT/AirflowTutorial/envlibs/lib/python3.10/site-packages/airflow/example_dags/example_task_group.py for tasks to queue
[2023-06-22T14:30:00.115+0700] {logging_mixin.py:149} INFO - [2023-06-22T14:30:00.115+0700] {dagbag.py:541} INFO - Filling up the DagBag from /Users/macbook/Documents/Documents_MacBook_Pro/ISTT/AirflowTutorial/envlibs/lib/python3.10/site-packages/airflow/example_dags/example_task_group.py
[2023-06-22T14:30:00.151+0700] {processor.py:836} INFO - DAG(s) dict_keys(['example_task_group']) retrieved from /Users/macbook/Documents/Documents_MacBook_Pro/ISTT/AirflowTutorial/envlibs/lib/python3.10/site-packages/airflow/example_dags/example_task_group.py
[2023-06-22T14:30:00.966+0700] {logging_mixin.py:149} INFO - [2023-06-22T14:30:00.966+0700] {dag.py:2726} INFO - Sync 1 DAGs
[2023-06-22T14:30:00.984+0700] {logging_mixin.py:149} INFO - [2023-06-22T14:30:00.984+0700] {dag.py:3486} INFO - Setting next_dagrun for example_task_group to 2023-06-21T07:30:00.984264+00:00, run_after=2023-06-22T07:30:00.984264+00:00
[2023-06-22T14:30:01.002+0700] {processor.py:179} INFO - Processing /Users/macbook/Documents/Documents_MacBook_Pro/ISTT/AirflowTutorial/envlibs/lib/python3.10/site-packages/airflow/example_dags/example_task_group.py took 0.891 seconds
[2023-06-22T14:32:13.014+0700] {processor.py:157} INFO - Started process (PID=12041) to work on /Users/macbook/Documents/Documents_MacBook_Pro/ISTT/AirflowTutorial/envlibs/lib/python3.10/site-packages/airflow/example_dags/example_task_group.py
[2023-06-22T14:32:13.015+0700] {processor.py:826} INFO - Processing file /Users/macbook/Documents/Documents_MacBook_Pro/ISTT/AirflowTutorial/envlibs/lib/python3.10/site-packages/airflow/example_dags/example_task_group.py for tasks to queue
[2023-06-22T14:32:13.016+0700] {logging_mixin.py:149} INFO - [2023-06-22T14:32:13.015+0700] {dagbag.py:541} INFO - Filling up the DagBag from /Users/macbook/Documents/Documents_MacBook_Pro/ISTT/AirflowTutorial/envlibs/lib/python3.10/site-packages/airflow/example_dags/example_task_group.py
[2023-06-22T14:32:13.038+0700] {processor.py:836} INFO - DAG(s) dict_keys(['example_task_group']) retrieved from /Users/macbook/Documents/Documents_MacBook_Pro/ISTT/AirflowTutorial/envlibs/lib/python3.10/site-packages/airflow/example_dags/example_task_group.py
[2023-06-22T14:32:13.785+0700] {logging_mixin.py:149} INFO - [2023-06-22T14:32:13.785+0700] {dag.py:2726} INFO - Sync 1 DAGs
[2023-06-22T14:32:13.801+0700] {logging_mixin.py:149} INFO - [2023-06-22T14:32:13.801+0700] {dag.py:3486} INFO - Setting next_dagrun for example_task_group to 2023-06-21T07:32:13.801365+00:00, run_after=2023-06-22T07:32:13.801365+00:00
[2023-06-22T14:32:13.818+0700] {processor.py:179} INFO - Processing /Users/macbook/Documents/Documents_MacBook_Pro/ISTT/AirflowTutorial/envlibs/lib/python3.10/site-packages/airflow/example_dags/example_task_group.py took 0.805 seconds
[2023-06-22T14:34:40.861+0700] {processor.py:157} INFO - Started process (PID=12164) to work on /Users/macbook/Documents/Documents_MacBook_Pro/ISTT/AirflowTutorial/envlibs/lib/python3.10/site-packages/airflow/example_dags/example_task_group.py
[2023-06-22T14:34:40.863+0700] {processor.py:826} INFO - Processing file /Users/macbook/Documents/Documents_MacBook_Pro/ISTT/AirflowTutorial/envlibs/lib/python3.10/site-packages/airflow/example_dags/example_task_group.py for tasks to queue
[2023-06-22T14:34:40.863+0700] {logging_mixin.py:149} INFO - [2023-06-22T14:34:40.863+0700] {dagbag.py:541} INFO - Filling up the DagBag from /Users/macbook/Documents/Documents_MacBook_Pro/ISTT/AirflowTutorial/envlibs/lib/python3.10/site-packages/airflow/example_dags/example_task_group.py
[2023-06-22T14:34:40.891+0700] {processor.py:836} INFO - DAG(s) dict_keys(['example_task_group']) retrieved from /Users/macbook/Documents/Documents_MacBook_Pro/ISTT/AirflowTutorial/envlibs/lib/python3.10/site-packages/airflow/example_dags/example_task_group.py
[2023-06-22T14:34:42.005+0700] {logging_mixin.py:149} INFO - [2023-06-22T14:34:42.004+0700] {dag.py:2726} INFO - Sync 1 DAGs
[2023-06-22T14:34:42.027+0700] {logging_mixin.py:149} INFO - [2023-06-22T14:34:42.026+0700] {dag.py:3486} INFO - Setting next_dagrun for example_task_group to 2023-06-21T07:34:42.026574+00:00, run_after=2023-06-22T07:34:42.026574+00:00
[2023-06-22T14:34:42.047+0700] {processor.py:179} INFO - Processing /Users/macbook/Documents/Documents_MacBook_Pro/ISTT/AirflowTutorial/envlibs/lib/python3.10/site-packages/airflow/example_dags/example_task_group.py took 1.187 seconds
[2023-06-22T14:37:25.097+0700] {processor.py:157} INFO - Started process (PID=12315) to work on /Users/macbook/Documents/Documents_MacBook_Pro/ISTT/AirflowTutorial/envlibs/lib/python3.10/site-packages/airflow/example_dags/example_task_group.py
[2023-06-22T14:37:25.099+0700] {processor.py:826} INFO - Processing file /Users/macbook/Documents/Documents_MacBook_Pro/ISTT/AirflowTutorial/envlibs/lib/python3.10/site-packages/airflow/example_dags/example_task_group.py for tasks to queue
[2023-06-22T14:37:25.100+0700] {logging_mixin.py:149} INFO - [2023-06-22T14:37:25.100+0700] {dagbag.py:541} INFO - Filling up the DagBag from /Users/macbook/Documents/Documents_MacBook_Pro/ISTT/AirflowTutorial/envlibs/lib/python3.10/site-packages/airflow/example_dags/example_task_group.py
[2023-06-22T14:37:25.135+0700] {processor.py:836} INFO - DAG(s) dict_keys(['example_task_group']) retrieved from /Users/macbook/Documents/Documents_MacBook_Pro/ISTT/AirflowTutorial/envlibs/lib/python3.10/site-packages/airflow/example_dags/example_task_group.py
[2023-06-22T14:37:26.197+0700] {logging_mixin.py:149} INFO - [2023-06-22T14:37:26.197+0700] {dag.py:2726} INFO - Sync 1 DAGs
[2023-06-22T14:37:26.221+0700] {logging_mixin.py:149} INFO - [2023-06-22T14:37:26.221+0700] {dag.py:3486} INFO - Setting next_dagrun for example_task_group to 2023-06-21T07:37:26.221550+00:00, run_after=2023-06-22T07:37:26.221550+00:00
[2023-06-22T14:37:26.252+0700] {processor.py:179} INFO - Processing /Users/macbook/Documents/Documents_MacBook_Pro/ISTT/AirflowTutorial/envlibs/lib/python3.10/site-packages/airflow/example_dags/example_task_group.py took 1.157 seconds
[2023-06-22T14:39:58.276+0700] {processor.py:157} INFO - Started process (PID=12424) to work on /Users/macbook/Documents/Documents_MacBook_Pro/ISTT/AirflowTutorial/envlibs/lib/python3.10/site-packages/airflow/example_dags/example_task_group.py
[2023-06-22T14:39:58.278+0700] {processor.py:826} INFO - Processing file /Users/macbook/Documents/Documents_MacBook_Pro/ISTT/AirflowTutorial/envlibs/lib/python3.10/site-packages/airflow/example_dags/example_task_group.py for tasks to queue
[2023-06-22T14:39:58.279+0700] {logging_mixin.py:149} INFO - [2023-06-22T14:39:58.278+0700] {dagbag.py:541} INFO - Filling up the DagBag from /Users/macbook/Documents/Documents_MacBook_Pro/ISTT/AirflowTutorial/envlibs/lib/python3.10/site-packages/airflow/example_dags/example_task_group.py
[2023-06-22T14:39:58.307+0700] {processor.py:836} INFO - DAG(s) dict_keys(['example_task_group']) retrieved from /Users/macbook/Documents/Documents_MacBook_Pro/ISTT/AirflowTutorial/envlibs/lib/python3.10/site-packages/airflow/example_dags/example_task_group.py
[2023-06-22T14:39:59.325+0700] {logging_mixin.py:149} INFO - [2023-06-22T14:39:59.324+0700] {dag.py:2726} INFO - Sync 1 DAGs
[2023-06-22T14:39:59.336+0700] {logging_mixin.py:149} INFO - [2023-06-22T14:39:59.336+0700] {dag.py:2747} INFO - Creating ORM DAG for example_task_group
[2023-06-22T14:39:59.347+0700] {logging_mixin.py:149} INFO - [2023-06-22T14:39:59.346+0700] {dag.py:3486} INFO - Setting next_dagrun for example_task_group to 2023-06-21T07:39:59.346684+00:00, run_after=2023-06-22T07:39:59.346684+00:00
[2023-06-22T14:39:59.370+0700] {processor.py:179} INFO - Processing /Users/macbook/Documents/Documents_MacBook_Pro/ISTT/AirflowTutorial/envlibs/lib/python3.10/site-packages/airflow/example_dags/example_task_group.py took 1.095 seconds
[2023-06-22T14:42:09.811+0700] {processor.py:157} INFO - Started process (PID=12522) to work on /Users/macbook/Documents/Documents_MacBook_Pro/ISTT/AirflowTutorial/envlibs/lib/python3.10/site-packages/airflow/example_dags/example_task_group.py
[2023-06-22T14:42:09.812+0700] {processor.py:826} INFO - Processing file /Users/macbook/Documents/Documents_MacBook_Pro/ISTT/AirflowTutorial/envlibs/lib/python3.10/site-packages/airflow/example_dags/example_task_group.py for tasks to queue
[2023-06-22T14:42:09.813+0700] {logging_mixin.py:149} INFO - [2023-06-22T14:42:09.813+0700] {dagbag.py:541} INFO - Filling up the DagBag from /Users/macbook/Documents/Documents_MacBook_Pro/ISTT/AirflowTutorial/envlibs/lib/python3.10/site-packages/airflow/example_dags/example_task_group.py
[2023-06-22T14:42:09.842+0700] {processor.py:836} INFO - DAG(s) dict_keys(['example_task_group']) retrieved from /Users/macbook/Documents/Documents_MacBook_Pro/ISTT/AirflowTutorial/envlibs/lib/python3.10/site-packages/airflow/example_dags/example_task_group.py
[2023-06-22T14:42:10.665+0700] {logging_mixin.py:149} INFO - [2023-06-22T14:42:10.665+0700] {dag.py:2726} INFO - Sync 1 DAGs
[2023-06-22T14:42:10.684+0700] {logging_mixin.py:149} INFO - [2023-06-22T14:42:10.684+0700] {dag.py:3486} INFO - Setting next_dagrun for example_task_group to 2023-06-21T07:42:10.684239+00:00, run_after=2023-06-22T07:42:10.684239+00:00
[2023-06-22T14:42:10.703+0700] {processor.py:179} INFO - Processing /Users/macbook/Documents/Documents_MacBook_Pro/ISTT/AirflowTutorial/envlibs/lib/python3.10/site-packages/airflow/example_dags/example_task_group.py took 0.893 seconds
[2023-06-22T14:44:17.374+0700] {processor.py:157} INFO - Started process (PID=12577) to work on /Users/macbook/Documents/Documents_MacBook_Pro/ISTT/AirflowTutorial/envlibs/lib/python3.10/site-packages/airflow/example_dags/example_task_group.py
[2023-06-22T14:44:17.376+0700] {processor.py:826} INFO - Processing file /Users/macbook/Documents/Documents_MacBook_Pro/ISTT/AirflowTutorial/envlibs/lib/python3.10/site-packages/airflow/example_dags/example_task_group.py for tasks to queue
[2023-06-22T14:44:17.376+0700] {logging_mixin.py:149} INFO - [2023-06-22T14:44:17.376+0700] {dagbag.py:541} INFO - Filling up the DagBag from /Users/macbook/Documents/Documents_MacBook_Pro/ISTT/AirflowTutorial/envlibs/lib/python3.10/site-packages/airflow/example_dags/example_task_group.py
[2023-06-22T14:44:17.400+0700] {processor.py:836} INFO - DAG(s) dict_keys(['example_task_group']) retrieved from /Users/macbook/Documents/Documents_MacBook_Pro/ISTT/AirflowTutorial/envlibs/lib/python3.10/site-packages/airflow/example_dags/example_task_group.py
[2023-06-22T14:44:18.299+0700] {logging_mixin.py:149} INFO - [2023-06-22T14:44:18.299+0700] {dag.py:2726} INFO - Sync 1 DAGs
[2023-06-22T14:44:18.318+0700] {logging_mixin.py:149} INFO - [2023-06-22T14:44:18.318+0700] {dag.py:3486} INFO - Setting next_dagrun for example_task_group to 2023-06-21T07:44:18.317993+00:00, run_after=2023-06-22T07:44:18.317993+00:00
[2023-06-22T14:44:18.336+0700] {processor.py:179} INFO - Processing /Users/macbook/Documents/Documents_MacBook_Pro/ISTT/AirflowTutorial/envlibs/lib/python3.10/site-packages/airflow/example_dags/example_task_group.py took 0.963 seconds
[2023-06-22T14:46:21.909+0700] {processor.py:157} INFO - Started process (PID=12631) to work on /Users/macbook/Documents/Documents_MacBook_Pro/ISTT/AirflowTutorial/envlibs/lib/python3.10/site-packages/airflow/example_dags/example_task_group.py
[2023-06-22T14:46:21.910+0700] {processor.py:826} INFO - Processing file /Users/macbook/Documents/Documents_MacBook_Pro/ISTT/AirflowTutorial/envlibs/lib/python3.10/site-packages/airflow/example_dags/example_task_group.py for tasks to queue
[2023-06-22T14:46:21.910+0700] {logging_mixin.py:149} INFO - [2023-06-22T14:46:21.910+0700] {dagbag.py:541} INFO - Filling up the DagBag from /Users/macbook/Documents/Documents_MacBook_Pro/ISTT/AirflowTutorial/envlibs/lib/python3.10/site-packages/airflow/example_dags/example_task_group.py
[2023-06-22T14:46:21.932+0700] {processor.py:836} INFO - DAG(s) dict_keys(['example_task_group']) retrieved from /Users/macbook/Documents/Documents_MacBook_Pro/ISTT/AirflowTutorial/envlibs/lib/python3.10/site-packages/airflow/example_dags/example_task_group.py
[2023-06-22T14:46:22.665+0700] {logging_mixin.py:149} INFO - [2023-06-22T14:46:22.665+0700] {dag.py:2726} INFO - Sync 1 DAGs
[2023-06-22T14:46:22.682+0700] {logging_mixin.py:149} INFO - [2023-06-22T14:46:22.682+0700] {dag.py:3486} INFO - Setting next_dagrun for example_task_group to 2023-06-21T07:46:22.682128+00:00, run_after=2023-06-22T07:46:22.682128+00:00
[2023-06-22T14:46:22.698+0700] {processor.py:179} INFO - Processing /Users/macbook/Documents/Documents_MacBook_Pro/ISTT/AirflowTutorial/envlibs/lib/python3.10/site-packages/airflow/example_dags/example_task_group.py took 0.790 seconds
[2023-06-22T14:48:27.567+0700] {processor.py:157} INFO - Started process (PID=12695) to work on /Users/macbook/Documents/Documents_MacBook_Pro/ISTT/AirflowTutorial/envlibs/lib/python3.10/site-packages/airflow/example_dags/example_task_group.py
[2023-06-22T14:48:27.568+0700] {processor.py:826} INFO - Processing file /Users/macbook/Documents/Documents_MacBook_Pro/ISTT/AirflowTutorial/envlibs/lib/python3.10/site-packages/airflow/example_dags/example_task_group.py for tasks to queue
[2023-06-22T14:48:27.569+0700] {logging_mixin.py:149} INFO - [2023-06-22T14:48:27.569+0700] {dagbag.py:541} INFO - Filling up the DagBag from /Users/macbook/Documents/Documents_MacBook_Pro/ISTT/AirflowTutorial/envlibs/lib/python3.10/site-packages/airflow/example_dags/example_task_group.py
[2023-06-22T14:48:27.599+0700] {processor.py:836} INFO - DAG(s) dict_keys(['example_task_group']) retrieved from /Users/macbook/Documents/Documents_MacBook_Pro/ISTT/AirflowTutorial/envlibs/lib/python3.10/site-packages/airflow/example_dags/example_task_group.py
[2023-06-22T14:48:28.477+0700] {logging_mixin.py:149} INFO - [2023-06-22T14:48:28.477+0700] {dag.py:2726} INFO - Sync 1 DAGs
[2023-06-22T14:48:28.496+0700] {logging_mixin.py:149} INFO - [2023-06-22T14:48:28.495+0700] {dag.py:3486} INFO - Setting next_dagrun for example_task_group to 2023-06-21T07:48:28.495728+00:00, run_after=2023-06-22T07:48:28.495728+00:00
[2023-06-22T14:48:28.521+0700] {processor.py:179} INFO - Processing /Users/macbook/Documents/Documents_MacBook_Pro/ISTT/AirflowTutorial/envlibs/lib/python3.10/site-packages/airflow/example_dags/example_task_group.py took 0.954 seconds
[2023-06-22T14:50:34.715+0700] {processor.py:157} INFO - Started process (PID=12755) to work on /Users/macbook/Documents/Documents_MacBook_Pro/ISTT/AirflowTutorial/envlibs/lib/python3.10/site-packages/airflow/example_dags/example_task_group.py
[2023-06-22T14:50:34.717+0700] {processor.py:826} INFO - Processing file /Users/macbook/Documents/Documents_MacBook_Pro/ISTT/AirflowTutorial/envlibs/lib/python3.10/site-packages/airflow/example_dags/example_task_group.py for tasks to queue
[2023-06-22T14:50:34.717+0700] {logging_mixin.py:149} INFO - [2023-06-22T14:50:34.717+0700] {dagbag.py:541} INFO - Filling up the DagBag from /Users/macbook/Documents/Documents_MacBook_Pro/ISTT/AirflowTutorial/envlibs/lib/python3.10/site-packages/airflow/example_dags/example_task_group.py
[2023-06-22T14:50:34.739+0700] {processor.py:836} INFO - DAG(s) dict_keys(['example_task_group']) retrieved from /Users/macbook/Documents/Documents_MacBook_Pro/ISTT/AirflowTutorial/envlibs/lib/python3.10/site-packages/airflow/example_dags/example_task_group.py
[2023-06-22T14:50:35.534+0700] {logging_mixin.py:149} INFO - [2023-06-22T14:50:35.533+0700] {dag.py:2726} INFO - Sync 1 DAGs
[2023-06-22T14:50:35.551+0700] {logging_mixin.py:149} INFO - [2023-06-22T14:50:35.551+0700] {dag.py:3486} INFO - Setting next_dagrun for example_task_group to 2023-06-21T07:50:35.551004+00:00, run_after=2023-06-22T07:50:35.551004+00:00
[2023-06-22T14:50:35.569+0700] {processor.py:179} INFO - Processing /Users/macbook/Documents/Documents_MacBook_Pro/ISTT/AirflowTutorial/envlibs/lib/python3.10/site-packages/airflow/example_dags/example_task_group.py took 0.855 seconds
[2023-06-22T14:52:34.495+0700] {processor.py:157} INFO - Started process (PID=12810) to work on /Users/macbook/Documents/Documents_MacBook_Pro/ISTT/AirflowTutorial/envlibs/lib/python3.10/site-packages/airflow/example_dags/example_task_group.py
[2023-06-22T14:52:34.496+0700] {processor.py:826} INFO - Processing file /Users/macbook/Documents/Documents_MacBook_Pro/ISTT/AirflowTutorial/envlibs/lib/python3.10/site-packages/airflow/example_dags/example_task_group.py for tasks to queue
[2023-06-22T14:52:34.497+0700] {logging_mixin.py:149} INFO - [2023-06-22T14:52:34.496+0700] {dagbag.py:541} INFO - Filling up the DagBag from /Users/macbook/Documents/Documents_MacBook_Pro/ISTT/AirflowTutorial/envlibs/lib/python3.10/site-packages/airflow/example_dags/example_task_group.py
[2023-06-22T14:52:34.527+0700] {processor.py:836} INFO - DAG(s) dict_keys(['example_task_group']) retrieved from /Users/macbook/Documents/Documents_MacBook_Pro/ISTT/AirflowTutorial/envlibs/lib/python3.10/site-packages/airflow/example_dags/example_task_group.py
[2023-06-22T14:52:35.598+0700] {logging_mixin.py:149} INFO - [2023-06-22T14:52:35.598+0700] {dag.py:2726} INFO - Sync 1 DAGs
[2023-06-22T14:52:35.618+0700] {logging_mixin.py:149} INFO - [2023-06-22T14:52:35.618+0700] {dag.py:3486} INFO - Setting next_dagrun for example_task_group to 2023-06-21T07:52:35.617960+00:00, run_after=2023-06-22T07:52:35.617960+00:00
[2023-06-22T14:52:35.637+0700] {processor.py:179} INFO - Processing /Users/macbook/Documents/Documents_MacBook_Pro/ISTT/AirflowTutorial/envlibs/lib/python3.10/site-packages/airflow/example_dags/example_task_group.py took 1.143 seconds
[2023-06-22T14:54:35.316+0700] {processor.py:157} INFO - Started process (PID=12863) to work on /Users/macbook/Documents/Documents_MacBook_Pro/ISTT/AirflowTutorial/envlibs/lib/python3.10/site-packages/airflow/example_dags/example_task_group.py
[2023-06-22T14:54:35.317+0700] {processor.py:826} INFO - Processing file /Users/macbook/Documents/Documents_MacBook_Pro/ISTT/AirflowTutorial/envlibs/lib/python3.10/site-packages/airflow/example_dags/example_task_group.py for tasks to queue
[2023-06-22T14:54:35.318+0700] {logging_mixin.py:149} INFO - [2023-06-22T14:54:35.317+0700] {dagbag.py:541} INFO - Filling up the DagBag from /Users/macbook/Documents/Documents_MacBook_Pro/ISTT/AirflowTutorial/envlibs/lib/python3.10/site-packages/airflow/example_dags/example_task_group.py
[2023-06-22T14:54:35.342+0700] {processor.py:836} INFO - DAG(s) dict_keys(['example_task_group']) retrieved from /Users/macbook/Documents/Documents_MacBook_Pro/ISTT/AirflowTutorial/envlibs/lib/python3.10/site-packages/airflow/example_dags/example_task_group.py
[2023-06-22T14:54:36.151+0700] {logging_mixin.py:149} INFO - [2023-06-22T14:54:36.150+0700] {dag.py:2726} INFO - Sync 1 DAGs
[2023-06-22T14:54:36.168+0700] {logging_mixin.py:149} INFO - [2023-06-22T14:54:36.168+0700] {dag.py:3486} INFO - Setting next_dagrun for example_task_group to 2023-06-21T07:54:36.168163+00:00, run_after=2023-06-22T07:54:36.168163+00:00
[2023-06-22T14:54:36.186+0700] {processor.py:179} INFO - Processing /Users/macbook/Documents/Documents_MacBook_Pro/ISTT/AirflowTutorial/envlibs/lib/python3.10/site-packages/airflow/example_dags/example_task_group.py took 0.871 seconds
[2023-06-22T14:56:29.770+0700] {processor.py:157} INFO - Started process (PID=12914) to work on /Users/macbook/Documents/Documents_MacBook_Pro/ISTT/AirflowTutorial/envlibs/lib/python3.10/site-packages/airflow/example_dags/example_task_group.py
[2023-06-22T14:56:29.771+0700] {processor.py:826} INFO - Processing file /Users/macbook/Documents/Documents_MacBook_Pro/ISTT/AirflowTutorial/envlibs/lib/python3.10/site-packages/airflow/example_dags/example_task_group.py for tasks to queue
[2023-06-22T14:56:29.771+0700] {logging_mixin.py:149} INFO - [2023-06-22T14:56:29.771+0700] {dagbag.py:541} INFO - Filling up the DagBag from /Users/macbook/Documents/Documents_MacBook_Pro/ISTT/AirflowTutorial/envlibs/lib/python3.10/site-packages/airflow/example_dags/example_task_group.py
[2023-06-22T14:56:29.797+0700] {processor.py:836} INFO - DAG(s) dict_keys(['example_task_group']) retrieved from /Users/macbook/Documents/Documents_MacBook_Pro/ISTT/AirflowTutorial/envlibs/lib/python3.10/site-packages/airflow/example_dags/example_task_group.py
[2023-06-22T14:56:30.580+0700] {logging_mixin.py:149} INFO - [2023-06-22T14:56:30.579+0700] {dag.py:2726} INFO - Sync 1 DAGs
[2023-06-22T14:56:30.599+0700] {logging_mixin.py:149} INFO - [2023-06-22T14:56:30.599+0700] {dag.py:3486} INFO - Setting next_dagrun for example_task_group to 2023-06-21T07:56:30.599443+00:00, run_after=2023-06-22T07:56:30.599443+00:00
[2023-06-22T14:56:30.621+0700] {processor.py:179} INFO - Processing /Users/macbook/Documents/Documents_MacBook_Pro/ISTT/AirflowTutorial/envlibs/lib/python3.10/site-packages/airflow/example_dags/example_task_group.py took 0.851 seconds
[2023-06-22T14:58:30.433+0700] {processor.py:157} INFO - Started process (PID=12968) to work on /Users/macbook/Documents/Documents_MacBook_Pro/ISTT/AirflowTutorial/envlibs/lib/python3.10/site-packages/airflow/example_dags/example_task_group.py
[2023-06-22T14:58:30.435+0700] {processor.py:826} INFO - Processing file /Users/macbook/Documents/Documents_MacBook_Pro/ISTT/AirflowTutorial/envlibs/lib/python3.10/site-packages/airflow/example_dags/example_task_group.py for tasks to queue
[2023-06-22T14:58:30.436+0700] {logging_mixin.py:149} INFO - [2023-06-22T14:58:30.435+0700] {dagbag.py:541} INFO - Filling up the DagBag from /Users/macbook/Documents/Documents_MacBook_Pro/ISTT/AirflowTutorial/envlibs/lib/python3.10/site-packages/airflow/example_dags/example_task_group.py
[2023-06-22T14:58:30.462+0700] {processor.py:836} INFO - DAG(s) dict_keys(['example_task_group']) retrieved from /Users/macbook/Documents/Documents_MacBook_Pro/ISTT/AirflowTutorial/envlibs/lib/python3.10/site-packages/airflow/example_dags/example_task_group.py
[2023-06-22T14:58:31.502+0700] {logging_mixin.py:149} INFO - [2023-06-22T14:58:31.502+0700] {dag.py:2726} INFO - Sync 1 DAGs
[2023-06-22T14:58:31.540+0700] {logging_mixin.py:149} INFO - [2023-06-22T14:58:31.539+0700] {dag.py:3486} INFO - Setting next_dagrun for example_task_group to 2023-06-21T07:58:31.539437+00:00, run_after=2023-06-22T07:58:31.539437+00:00
[2023-06-22T14:58:31.577+0700] {processor.py:179} INFO - Processing /Users/macbook/Documents/Documents_MacBook_Pro/ISTT/AirflowTutorial/envlibs/lib/python3.10/site-packages/airflow/example_dags/example_task_group.py took 1.144 seconds
[2023-06-22T15:00:36.111+0700] {processor.py:157} INFO - Started process (PID=13021) to work on /Users/macbook/Documents/Documents_MacBook_Pro/ISTT/AirflowTutorial/envlibs/lib/python3.10/site-packages/airflow/example_dags/example_task_group.py
[2023-06-22T15:00:36.113+0700] {processor.py:826} INFO - Processing file /Users/macbook/Documents/Documents_MacBook_Pro/ISTT/AirflowTutorial/envlibs/lib/python3.10/site-packages/airflow/example_dags/example_task_group.py for tasks to queue
[2023-06-22T15:00:36.113+0700] {logging_mixin.py:149} INFO - [2023-06-22T15:00:36.113+0700] {dagbag.py:541} INFO - Filling up the DagBag from /Users/macbook/Documents/Documents_MacBook_Pro/ISTT/AirflowTutorial/envlibs/lib/python3.10/site-packages/airflow/example_dags/example_task_group.py
[2023-06-22T15:00:36.140+0700] {processor.py:836} INFO - DAG(s) dict_keys(['example_task_group']) retrieved from /Users/macbook/Documents/Documents_MacBook_Pro/ISTT/AirflowTutorial/envlibs/lib/python3.10/site-packages/airflow/example_dags/example_task_group.py
[2023-06-22T15:00:37.024+0700] {logging_mixin.py:149} INFO - [2023-06-22T15:00:37.024+0700] {dag.py:2726} INFO - Sync 1 DAGs
[2023-06-22T15:00:37.043+0700] {logging_mixin.py:149} INFO - [2023-06-22T15:00:37.043+0700] {dag.py:3486} INFO - Setting next_dagrun for example_task_group to 2023-06-21T08:00:37.043321+00:00, run_after=2023-06-22T08:00:37.043321+00:00
[2023-06-22T15:00:37.062+0700] {processor.py:179} INFO - Processing /Users/macbook/Documents/Documents_MacBook_Pro/ISTT/AirflowTutorial/envlibs/lib/python3.10/site-packages/airflow/example_dags/example_task_group.py took 0.952 seconds
[2023-06-22T15:02:38.257+0700] {processor.py:157} INFO - Started process (PID=13079) to work on /Users/macbook/Documents/Documents_MacBook_Pro/ISTT/AirflowTutorial/envlibs/lib/python3.10/site-packages/airflow/example_dags/example_task_group.py
[2023-06-22T15:02:38.258+0700] {processor.py:826} INFO - Processing file /Users/macbook/Documents/Documents_MacBook_Pro/ISTT/AirflowTutorial/envlibs/lib/python3.10/site-packages/airflow/example_dags/example_task_group.py for tasks to queue
[2023-06-22T15:02:38.259+0700] {logging_mixin.py:149} INFO - [2023-06-22T15:02:38.259+0700] {dagbag.py:541} INFO - Filling up the DagBag from /Users/macbook/Documents/Documents_MacBook_Pro/ISTT/AirflowTutorial/envlibs/lib/python3.10/site-packages/airflow/example_dags/example_task_group.py
[2023-06-22T15:02:38.281+0700] {processor.py:836} INFO - DAG(s) dict_keys(['example_task_group']) retrieved from /Users/macbook/Documents/Documents_MacBook_Pro/ISTT/AirflowTutorial/envlibs/lib/python3.10/site-packages/airflow/example_dags/example_task_group.py
[2023-06-22T15:02:39.051+0700] {logging_mixin.py:149} INFO - [2023-06-22T15:02:39.050+0700] {dag.py:2726} INFO - Sync 1 DAGs
[2023-06-22T15:02:39.068+0700] {logging_mixin.py:149} INFO - [2023-06-22T15:02:39.068+0700] {dag.py:3486} INFO - Setting next_dagrun for example_task_group to 2023-06-21T08:02:39.067893+00:00, run_after=2023-06-22T08:02:39.067893+00:00
[2023-06-22T15:02:39.086+0700] {processor.py:179} INFO - Processing /Users/macbook/Documents/Documents_MacBook_Pro/ISTT/AirflowTutorial/envlibs/lib/python3.10/site-packages/airflow/example_dags/example_task_group.py took 0.829 seconds
[2023-06-22T15:04:38.598+0700] {processor.py:157} INFO - Started process (PID=13137) to work on /Users/macbook/Documents/Documents_MacBook_Pro/ISTT/AirflowTutorial/envlibs/lib/python3.10/site-packages/airflow/example_dags/example_task_group.py
[2023-06-22T15:04:38.600+0700] {processor.py:826} INFO - Processing file /Users/macbook/Documents/Documents_MacBook_Pro/ISTT/AirflowTutorial/envlibs/lib/python3.10/site-packages/airflow/example_dags/example_task_group.py for tasks to queue
[2023-06-22T15:04:38.600+0700] {logging_mixin.py:149} INFO - [2023-06-22T15:04:38.600+0700] {dagbag.py:541} INFO - Filling up the DagBag from /Users/macbook/Documents/Documents_MacBook_Pro/ISTT/AirflowTutorial/envlibs/lib/python3.10/site-packages/airflow/example_dags/example_task_group.py
[2023-06-22T15:04:38.620+0700] {processor.py:836} INFO - DAG(s) dict_keys(['example_task_group']) retrieved from /Users/macbook/Documents/Documents_MacBook_Pro/ISTT/AirflowTutorial/envlibs/lib/python3.10/site-packages/airflow/example_dags/example_task_group.py
[2023-06-22T15:04:39.324+0700] {logging_mixin.py:149} INFO - [2023-06-22T15:04:39.323+0700] {dag.py:2726} INFO - Sync 1 DAGs
[2023-06-22T15:04:39.340+0700] {logging_mixin.py:149} INFO - [2023-06-22T15:04:39.339+0700] {dag.py:3486} INFO - Setting next_dagrun for example_task_group to 2023-06-21T08:04:39.339806+00:00, run_after=2023-06-22T08:04:39.339806+00:00
[2023-06-22T15:04:39.358+0700] {processor.py:179} INFO - Processing /Users/macbook/Documents/Documents_MacBook_Pro/ISTT/AirflowTutorial/envlibs/lib/python3.10/site-packages/airflow/example_dags/example_task_group.py took 0.760 seconds
[2023-06-22T15:06:48.617+0700] {processor.py:157} INFO - Started process (PID=13241) to work on /Users/macbook/Documents/Documents_MacBook_Pro/ISTT/AirflowTutorial/envlibs/lib/python3.10/site-packages/airflow/example_dags/example_task_group.py
[2023-06-22T15:06:48.618+0700] {processor.py:826} INFO - Processing file /Users/macbook/Documents/Documents_MacBook_Pro/ISTT/AirflowTutorial/envlibs/lib/python3.10/site-packages/airflow/example_dags/example_task_group.py for tasks to queue
[2023-06-22T15:06:48.619+0700] {logging_mixin.py:149} INFO - [2023-06-22T15:06:48.619+0700] {dagbag.py:541} INFO - Filling up the DagBag from /Users/macbook/Documents/Documents_MacBook_Pro/ISTT/AirflowTutorial/envlibs/lib/python3.10/site-packages/airflow/example_dags/example_task_group.py
[2023-06-22T15:06:48.644+0700] {processor.py:836} INFO - DAG(s) dict_keys(['example_task_group']) retrieved from /Users/macbook/Documents/Documents_MacBook_Pro/ISTT/AirflowTutorial/envlibs/lib/python3.10/site-packages/airflow/example_dags/example_task_group.py
[2023-06-22T15:06:49.428+0700] {logging_mixin.py:149} INFO - [2023-06-22T15:06:49.428+0700] {dag.py:2726} INFO - Sync 1 DAGs
[2023-06-22T15:06:49.445+0700] {logging_mixin.py:149} INFO - [2023-06-22T15:06:49.445+0700] {dag.py:3486} INFO - Setting next_dagrun for example_task_group to 2023-06-21T08:06:49.445619+00:00, run_after=2023-06-22T08:06:49.445619+00:00
[2023-06-22T15:06:49.464+0700] {processor.py:179} INFO - Processing /Users/macbook/Documents/Documents_MacBook_Pro/ISTT/AirflowTutorial/envlibs/lib/python3.10/site-packages/airflow/example_dags/example_task_group.py took 0.848 seconds
[2023-06-22T15:08:48.647+0700] {processor.py:157} INFO - Started process (PID=13293) to work on /Users/macbook/Documents/Documents_MacBook_Pro/ISTT/AirflowTutorial/envlibs/lib/python3.10/site-packages/airflow/example_dags/example_task_group.py
[2023-06-22T15:08:48.648+0700] {processor.py:826} INFO - Processing file /Users/macbook/Documents/Documents_MacBook_Pro/ISTT/AirflowTutorial/envlibs/lib/python3.10/site-packages/airflow/example_dags/example_task_group.py for tasks to queue
[2023-06-22T15:08:48.648+0700] {logging_mixin.py:149} INFO - [2023-06-22T15:08:48.648+0700] {dagbag.py:541} INFO - Filling up the DagBag from /Users/macbook/Documents/Documents_MacBook_Pro/ISTT/AirflowTutorial/envlibs/lib/python3.10/site-packages/airflow/example_dags/example_task_group.py
[2023-06-22T15:08:48.671+0700] {processor.py:836} INFO - DAG(s) dict_keys(['example_task_group']) retrieved from /Users/macbook/Documents/Documents_MacBook_Pro/ISTT/AirflowTutorial/envlibs/lib/python3.10/site-packages/airflow/example_dags/example_task_group.py
[2023-06-22T15:08:49.547+0700] {logging_mixin.py:149} INFO - [2023-06-22T15:08:49.547+0700] {dag.py:2726} INFO - Sync 1 DAGs
[2023-06-22T15:08:49.564+0700] {logging_mixin.py:149} INFO - [2023-06-22T15:08:49.564+0700] {dag.py:3486} INFO - Setting next_dagrun for example_task_group to 2023-06-21T08:08:49.564479+00:00, run_after=2023-06-22T08:08:49.564479+00:00
[2023-06-22T15:08:49.583+0700] {processor.py:179} INFO - Processing /Users/macbook/Documents/Documents_MacBook_Pro/ISTT/AirflowTutorial/envlibs/lib/python3.10/site-packages/airflow/example_dags/example_task_group.py took 0.936 seconds
[2023-06-22T15:10:53.748+0700] {processor.py:157} INFO - Started process (PID=13390) to work on /Users/macbook/Documents/Documents_MacBook_Pro/ISTT/AirflowTutorial/envlibs/lib/python3.10/site-packages/airflow/example_dags/example_task_group.py
[2023-06-22T15:10:53.750+0700] {processor.py:826} INFO - Processing file /Users/macbook/Documents/Documents_MacBook_Pro/ISTT/AirflowTutorial/envlibs/lib/python3.10/site-packages/airflow/example_dags/example_task_group.py for tasks to queue
[2023-06-22T15:10:53.751+0700] {logging_mixin.py:149} INFO - [2023-06-22T15:10:53.751+0700] {dagbag.py:541} INFO - Filling up the DagBag from /Users/macbook/Documents/Documents_MacBook_Pro/ISTT/AirflowTutorial/envlibs/lib/python3.10/site-packages/airflow/example_dags/example_task_group.py
[2023-06-22T15:10:53.782+0700] {processor.py:836} INFO - DAG(s) dict_keys(['example_task_group']) retrieved from /Users/macbook/Documents/Documents_MacBook_Pro/ISTT/AirflowTutorial/envlibs/lib/python3.10/site-packages/airflow/example_dags/example_task_group.py
[2023-06-22T15:10:54.614+0700] {logging_mixin.py:149} INFO - [2023-06-22T15:10:54.614+0700] {dag.py:2726} INFO - Sync 1 DAGs
[2023-06-22T15:10:54.633+0700] {logging_mixin.py:149} INFO - [2023-06-22T15:10:54.633+0700] {dag.py:3486} INFO - Setting next_dagrun for example_task_group to 2023-06-21T08:10:54.632932+00:00, run_after=2023-06-22T08:10:54.632932+00:00
[2023-06-22T15:10:54.656+0700] {processor.py:179} INFO - Processing /Users/macbook/Documents/Documents_MacBook_Pro/ISTT/AirflowTutorial/envlibs/lib/python3.10/site-packages/airflow/example_dags/example_task_group.py took 0.909 seconds
[2023-06-22T15:12:58.851+0700] {processor.py:157} INFO - Started process (PID=13444) to work on /Users/macbook/Documents/Documents_MacBook_Pro/ISTT/AirflowTutorial/envlibs/lib/python3.10/site-packages/airflow/example_dags/example_task_group.py
[2023-06-22T15:12:58.854+0700] {processor.py:826} INFO - Processing file /Users/macbook/Documents/Documents_MacBook_Pro/ISTT/AirflowTutorial/envlibs/lib/python3.10/site-packages/airflow/example_dags/example_task_group.py for tasks to queue
[2023-06-22T15:12:58.855+0700] {logging_mixin.py:149} INFO - [2023-06-22T15:12:58.855+0700] {dagbag.py:541} INFO - Filling up the DagBag from /Users/macbook/Documents/Documents_MacBook_Pro/ISTT/AirflowTutorial/envlibs/lib/python3.10/site-packages/airflow/example_dags/example_task_group.py
[2023-06-22T15:12:58.879+0700] {processor.py:836} INFO - DAG(s) dict_keys(['example_task_group']) retrieved from /Users/macbook/Documents/Documents_MacBook_Pro/ISTT/AirflowTutorial/envlibs/lib/python3.10/site-packages/airflow/example_dags/example_task_group.py
[2023-06-22T15:12:59.843+0700] {logging_mixin.py:149} INFO - [2023-06-22T15:12:59.842+0700] {dag.py:2726} INFO - Sync 1 DAGs
[2023-06-22T15:12:59.860+0700] {logging_mixin.py:149} INFO - [2023-06-22T15:12:59.860+0700] {dag.py:3486} INFO - Setting next_dagrun for example_task_group to 2023-06-21T08:12:59.860238+00:00, run_after=2023-06-22T08:12:59.860238+00:00
[2023-06-22T15:12:59.886+0700] {processor.py:179} INFO - Processing /Users/macbook/Documents/Documents_MacBook_Pro/ISTT/AirflowTutorial/envlibs/lib/python3.10/site-packages/airflow/example_dags/example_task_group.py took 1.037 seconds
