[2023-06-22T14:27:28.830+0700] {processor.py:157} INFO - Started process (PID=11869) to work on /Users/macbook/Documents/Documents_MacBook_Pro/ISTT/AirflowTutorial/envlibs/lib/python3.10/site-packages/airflow/example_dags/example_task_group_decorator.py
[2023-06-22T14:27:28.830+0700] {processor.py:826} INFO - Processing file /Users/macbook/Documents/Documents_MacBook_Pro/ISTT/AirflowTutorial/envlibs/lib/python3.10/site-packages/airflow/example_dags/example_task_group_decorator.py for tasks to queue
[2023-06-22T14:27:28.831+0700] {logging_mixin.py:149} INFO - [2023-06-22T14:27:28.830+0700] {dagbag.py:541} INFO - Filling up the DagBag from /Users/macbook/Documents/Documents_MacBook_Pro/ISTT/AirflowTutorial/envlibs/lib/python3.10/site-packages/airflow/example_dags/example_task_group_decorator.py
[2023-06-22T14:27:28.888+0700] {processor.py:836} INFO - DAG(s) dict_keys(['example_task_group_decorator']) retrieved from /Users/macbook/Documents/Documents_MacBook_Pro/ISTT/AirflowTutorial/envlibs/lib/python3.10/site-packages/airflow/example_dags/example_task_group_decorator.py
[2023-06-22T14:27:29.742+0700] {logging_mixin.py:149} INFO - [2023-06-22T14:27:29.742+0700] {dag.py:2726} INFO - Sync 1 DAGs
[2023-06-22T14:27:29.759+0700] {logging_mixin.py:149} INFO - [2023-06-22T14:27:29.759+0700] {dag.py:3486} INFO - Setting next_dagrun for example_task_group_decorator to 2023-06-21T07:27:29.759691+00:00, run_after=2023-06-22T07:27:29.759691+00:00
[2023-06-22T14:27:29.778+0700] {processor.py:179} INFO - Processing /Users/macbook/Documents/Documents_MacBook_Pro/ISTT/AirflowTutorial/envlibs/lib/python3.10/site-packages/airflow/example_dags/example_task_group_decorator.py took 0.949 seconds
[2023-06-22T14:29:56.610+0700] {processor.py:157} INFO - Started process (PID=11938) to work on /Users/macbook/Documents/Documents_MacBook_Pro/ISTT/AirflowTutorial/envlibs/lib/python3.10/site-packages/airflow/example_dags/example_task_group_decorator.py
[2023-06-22T14:29:56.611+0700] {processor.py:826} INFO - Processing file /Users/macbook/Documents/Documents_MacBook_Pro/ISTT/AirflowTutorial/envlibs/lib/python3.10/site-packages/airflow/example_dags/example_task_group_decorator.py for tasks to queue
[2023-06-22T14:29:56.611+0700] {logging_mixin.py:149} INFO - [2023-06-22T14:29:56.611+0700] {dagbag.py:541} INFO - Filling up the DagBag from /Users/macbook/Documents/Documents_MacBook_Pro/ISTT/AirflowTutorial/envlibs/lib/python3.10/site-packages/airflow/example_dags/example_task_group_decorator.py
[2023-06-22T14:29:56.679+0700] {processor.py:836} INFO - DAG(s) dict_keys(['example_task_group_decorator']) retrieved from /Users/macbook/Documents/Documents_MacBook_Pro/ISTT/AirflowTutorial/envlibs/lib/python3.10/site-packages/airflow/example_dags/example_task_group_decorator.py
[2023-06-22T14:29:57.489+0700] {logging_mixin.py:149} INFO - [2023-06-22T14:29:57.489+0700] {dag.py:2726} INFO - Sync 1 DAGs
[2023-06-22T14:29:57.505+0700] {logging_mixin.py:149} INFO - [2023-06-22T14:29:57.505+0700] {dag.py:3486} INFO - Setting next_dagrun for example_task_group_decorator to 2023-06-21T07:29:57.505094+00:00, run_after=2023-06-22T07:29:57.505094+00:00
[2023-06-22T14:29:57.523+0700] {processor.py:179} INFO - Processing /Users/macbook/Documents/Documents_MacBook_Pro/ISTT/AirflowTutorial/envlibs/lib/python3.10/site-packages/airflow/example_dags/example_task_group_decorator.py took 0.914 seconds
[2023-06-22T14:32:09.773+0700] {processor.py:157} INFO - Started process (PID=12039) to work on /Users/macbook/Documents/Documents_MacBook_Pro/ISTT/AirflowTutorial/envlibs/lib/python3.10/site-packages/airflow/example_dags/example_task_group_decorator.py
[2023-06-22T14:32:09.774+0700] {processor.py:826} INFO - Processing file /Users/macbook/Documents/Documents_MacBook_Pro/ISTT/AirflowTutorial/envlibs/lib/python3.10/site-packages/airflow/example_dags/example_task_group_decorator.py for tasks to queue
[2023-06-22T14:32:09.775+0700] {logging_mixin.py:149} INFO - [2023-06-22T14:32:09.775+0700] {dagbag.py:541} INFO - Filling up the DagBag from /Users/macbook/Documents/Documents_MacBook_Pro/ISTT/AirflowTutorial/envlibs/lib/python3.10/site-packages/airflow/example_dags/example_task_group_decorator.py
[2023-06-22T14:32:09.837+0700] {processor.py:836} INFO - DAG(s) dict_keys(['example_task_group_decorator']) retrieved from /Users/macbook/Documents/Documents_MacBook_Pro/ISTT/AirflowTutorial/envlibs/lib/python3.10/site-packages/airflow/example_dags/example_task_group_decorator.py
[2023-06-22T14:32:10.662+0700] {logging_mixin.py:149} INFO - [2023-06-22T14:32:10.662+0700] {dag.py:2726} INFO - Sync 1 DAGs
[2023-06-22T14:32:10.677+0700] {logging_mixin.py:149} INFO - [2023-06-22T14:32:10.677+0700] {dag.py:3486} INFO - Setting next_dagrun for example_task_group_decorator to 2023-06-21T07:32:10.677207+00:00, run_after=2023-06-22T07:32:10.677207+00:00
[2023-06-22T14:32:10.693+0700] {processor.py:179} INFO - Processing /Users/macbook/Documents/Documents_MacBook_Pro/ISTT/AirflowTutorial/envlibs/lib/python3.10/site-packages/airflow/example_dags/example_task_group_decorator.py took 0.921 seconds
[2023-06-22T14:34:36.982+0700] {processor.py:157} INFO - Started process (PID=12163) to work on /Users/macbook/Documents/Documents_MacBook_Pro/ISTT/AirflowTutorial/envlibs/lib/python3.10/site-packages/airflow/example_dags/example_task_group_decorator.py
[2023-06-22T14:34:36.983+0700] {processor.py:826} INFO - Processing file /Users/macbook/Documents/Documents_MacBook_Pro/ISTT/AirflowTutorial/envlibs/lib/python3.10/site-packages/airflow/example_dags/example_task_group_decorator.py for tasks to queue
[2023-06-22T14:34:36.984+0700] {logging_mixin.py:149} INFO - [2023-06-22T14:34:36.984+0700] {dagbag.py:541} INFO - Filling up the DagBag from /Users/macbook/Documents/Documents_MacBook_Pro/ISTT/AirflowTutorial/envlibs/lib/python3.10/site-packages/airflow/example_dags/example_task_group_decorator.py
[2023-06-22T14:34:37.046+0700] {processor.py:836} INFO - DAG(s) dict_keys(['example_task_group_decorator']) retrieved from /Users/macbook/Documents/Documents_MacBook_Pro/ISTT/AirflowTutorial/envlibs/lib/python3.10/site-packages/airflow/example_dags/example_task_group_decorator.py
[2023-06-22T14:34:37.886+0700] {logging_mixin.py:149} INFO - [2023-06-22T14:34:37.886+0700] {dag.py:2726} INFO - Sync 1 DAGs
[2023-06-22T14:34:37.906+0700] {logging_mixin.py:149} INFO - [2023-06-22T14:34:37.905+0700] {dag.py:3486} INFO - Setting next_dagrun for example_task_group_decorator to 2023-06-21T07:34:37.905697+00:00, run_after=2023-06-22T07:34:37.905697+00:00
[2023-06-22T14:34:37.927+0700] {processor.py:179} INFO - Processing /Users/macbook/Documents/Documents_MacBook_Pro/ISTT/AirflowTutorial/envlibs/lib/python3.10/site-packages/airflow/example_dags/example_task_group_decorator.py took 0.946 seconds
[2023-06-22T14:37:21.159+0700] {processor.py:157} INFO - Started process (PID=12311) to work on /Users/macbook/Documents/Documents_MacBook_Pro/ISTT/AirflowTutorial/envlibs/lib/python3.10/site-packages/airflow/example_dags/example_task_group_decorator.py
[2023-06-22T14:37:21.162+0700] {processor.py:826} INFO - Processing file /Users/macbook/Documents/Documents_MacBook_Pro/ISTT/AirflowTutorial/envlibs/lib/python3.10/site-packages/airflow/example_dags/example_task_group_decorator.py for tasks to queue
[2023-06-22T14:37:21.163+0700] {logging_mixin.py:149} INFO - [2023-06-22T14:37:21.162+0700] {dagbag.py:541} INFO - Filling up the DagBag from /Users/macbook/Documents/Documents_MacBook_Pro/ISTT/AirflowTutorial/envlibs/lib/python3.10/site-packages/airflow/example_dags/example_task_group_decorator.py
[2023-06-22T14:37:21.274+0700] {processor.py:836} INFO - DAG(s) dict_keys(['example_task_group_decorator']) retrieved from /Users/macbook/Documents/Documents_MacBook_Pro/ISTT/AirflowTutorial/envlibs/lib/python3.10/site-packages/airflow/example_dags/example_task_group_decorator.py
[2023-06-22T14:37:22.552+0700] {logging_mixin.py:149} INFO - [2023-06-22T14:37:22.551+0700] {dag.py:2726} INFO - Sync 1 DAGs
[2023-06-22T14:37:22.574+0700] {logging_mixin.py:149} INFO - [2023-06-22T14:37:22.574+0700] {dag.py:3486} INFO - Setting next_dagrun for example_task_group_decorator to 2023-06-21T07:37:22.574394+00:00, run_after=2023-06-22T07:37:22.574394+00:00
[2023-06-22T14:37:22.602+0700] {processor.py:179} INFO - Processing /Users/macbook/Documents/Documents_MacBook_Pro/ISTT/AirflowTutorial/envlibs/lib/python3.10/site-packages/airflow/example_dags/example_task_group_decorator.py took 1.444 seconds
[2023-06-22T14:39:55.096+0700] {processor.py:157} INFO - Started process (PID=12423) to work on /Users/macbook/Documents/Documents_MacBook_Pro/ISTT/AirflowTutorial/envlibs/lib/python3.10/site-packages/airflow/example_dags/example_task_group_decorator.py
[2023-06-22T14:39:55.097+0700] {processor.py:826} INFO - Processing file /Users/macbook/Documents/Documents_MacBook_Pro/ISTT/AirflowTutorial/envlibs/lib/python3.10/site-packages/airflow/example_dags/example_task_group_decorator.py for tasks to queue
[2023-06-22T14:39:55.098+0700] {logging_mixin.py:149} INFO - [2023-06-22T14:39:55.098+0700] {dagbag.py:541} INFO - Filling up the DagBag from /Users/macbook/Documents/Documents_MacBook_Pro/ISTT/AirflowTutorial/envlibs/lib/python3.10/site-packages/airflow/example_dags/example_task_group_decorator.py
[2023-06-22T14:39:55.165+0700] {processor.py:836} INFO - DAG(s) dict_keys(['example_task_group_decorator']) retrieved from /Users/macbook/Documents/Documents_MacBook_Pro/ISTT/AirflowTutorial/envlibs/lib/python3.10/site-packages/airflow/example_dags/example_task_group_decorator.py
[2023-06-22T14:39:56.181+0700] {logging_mixin.py:149} INFO - [2023-06-22T14:39:56.181+0700] {dag.py:2726} INFO - Sync 1 DAGs
[2023-06-22T14:39:56.192+0700] {logging_mixin.py:149} INFO - [2023-06-22T14:39:56.192+0700] {dag.py:2747} INFO - Creating ORM DAG for example_task_group_decorator
[2023-06-22T14:39:56.202+0700] {logging_mixin.py:149} INFO - [2023-06-22T14:39:56.202+0700] {dag.py:3486} INFO - Setting next_dagrun for example_task_group_decorator to 2023-06-21T07:39:56.202460+00:00, run_after=2023-06-22T07:39:56.202460+00:00
[2023-06-22T14:39:56.228+0700] {processor.py:179} INFO - Processing /Users/macbook/Documents/Documents_MacBook_Pro/ISTT/AirflowTutorial/envlibs/lib/python3.10/site-packages/airflow/example_dags/example_task_group_decorator.py took 1.133 seconds
[2023-06-22T14:42:06.273+0700] {processor.py:157} INFO - Started process (PID=12521) to work on /Users/macbook/Documents/Documents_MacBook_Pro/ISTT/AirflowTutorial/envlibs/lib/python3.10/site-packages/airflow/example_dags/example_task_group_decorator.py
[2023-06-22T14:42:06.275+0700] {processor.py:826} INFO - Processing file /Users/macbook/Documents/Documents_MacBook_Pro/ISTT/AirflowTutorial/envlibs/lib/python3.10/site-packages/airflow/example_dags/example_task_group_decorator.py for tasks to queue
[2023-06-22T14:42:06.276+0700] {logging_mixin.py:149} INFO - [2023-06-22T14:42:06.275+0700] {dagbag.py:541} INFO - Filling up the DagBag from /Users/macbook/Documents/Documents_MacBook_Pro/ISTT/AirflowTutorial/envlibs/lib/python3.10/site-packages/airflow/example_dags/example_task_group_decorator.py
[2023-06-22T14:42:06.344+0700] {processor.py:836} INFO - DAG(s) dict_keys(['example_task_group_decorator']) retrieved from /Users/macbook/Documents/Documents_MacBook_Pro/ISTT/AirflowTutorial/envlibs/lib/python3.10/site-packages/airflow/example_dags/example_task_group_decorator.py
[2023-06-22T14:42:07.238+0700] {logging_mixin.py:149} INFO - [2023-06-22T14:42:07.237+0700] {dag.py:2726} INFO - Sync 1 DAGs
[2023-06-22T14:42:07.254+0700] {logging_mixin.py:149} INFO - [2023-06-22T14:42:07.254+0700] {dag.py:3486} INFO - Setting next_dagrun for example_task_group_decorator to 2023-06-21T07:42:07.253969+00:00, run_after=2023-06-22T07:42:07.253969+00:00
[2023-06-22T14:42:07.273+0700] {processor.py:179} INFO - Processing /Users/macbook/Documents/Documents_MacBook_Pro/ISTT/AirflowTutorial/envlibs/lib/python3.10/site-packages/airflow/example_dags/example_task_group_decorator.py took 1.001 seconds
[2023-06-22T14:44:14.950+0700] {processor.py:157} INFO - Started process (PID=12576) to work on /Users/macbook/Documents/Documents_MacBook_Pro/ISTT/AirflowTutorial/envlibs/lib/python3.10/site-packages/airflow/example_dags/example_task_group_decorator.py
[2023-06-22T14:44:14.952+0700] {processor.py:826} INFO - Processing file /Users/macbook/Documents/Documents_MacBook_Pro/ISTT/AirflowTutorial/envlibs/lib/python3.10/site-packages/airflow/example_dags/example_task_group_decorator.py for tasks to queue
[2023-06-22T14:44:14.953+0700] {logging_mixin.py:149} INFO - [2023-06-22T14:44:14.952+0700] {dagbag.py:541} INFO - Filling up the DagBag from /Users/macbook/Documents/Documents_MacBook_Pro/ISTT/AirflowTutorial/envlibs/lib/python3.10/site-packages/airflow/example_dags/example_task_group_decorator.py
[2023-06-22T14:44:15.013+0700] {processor.py:836} INFO - DAG(s) dict_keys(['example_task_group_decorator']) retrieved from /Users/macbook/Documents/Documents_MacBook_Pro/ISTT/AirflowTutorial/envlibs/lib/python3.10/site-packages/airflow/example_dags/example_task_group_decorator.py
[2023-06-22T14:44:15.865+0700] {logging_mixin.py:149} INFO - [2023-06-22T14:44:15.865+0700] {dag.py:2726} INFO - Sync 1 DAGs
[2023-06-22T14:44:15.882+0700] {logging_mixin.py:149} INFO - [2023-06-22T14:44:15.882+0700] {dag.py:3486} INFO - Setting next_dagrun for example_task_group_decorator to 2023-06-21T07:44:15.882633+00:00, run_after=2023-06-22T07:44:15.882633+00:00
[2023-06-22T14:44:15.906+0700] {processor.py:179} INFO - Processing /Users/macbook/Documents/Documents_MacBook_Pro/ISTT/AirflowTutorial/envlibs/lib/python3.10/site-packages/airflow/example_dags/example_task_group_decorator.py took 0.956 seconds
[2023-06-22T14:46:18.805+0700] {processor.py:157} INFO - Started process (PID=12629) to work on /Users/macbook/Documents/Documents_MacBook_Pro/ISTT/AirflowTutorial/envlibs/lib/python3.10/site-packages/airflow/example_dags/example_task_group_decorator.py
[2023-06-22T14:46:18.807+0700] {processor.py:826} INFO - Processing file /Users/macbook/Documents/Documents_MacBook_Pro/ISTT/AirflowTutorial/envlibs/lib/python3.10/site-packages/airflow/example_dags/example_task_group_decorator.py for tasks to queue
[2023-06-22T14:46:18.807+0700] {logging_mixin.py:149} INFO - [2023-06-22T14:46:18.807+0700] {dagbag.py:541} INFO - Filling up the DagBag from /Users/macbook/Documents/Documents_MacBook_Pro/ISTT/AirflowTutorial/envlibs/lib/python3.10/site-packages/airflow/example_dags/example_task_group_decorator.py
[2023-06-22T14:46:18.859+0700] {processor.py:836} INFO - DAG(s) dict_keys(['example_task_group_decorator']) retrieved from /Users/macbook/Documents/Documents_MacBook_Pro/ISTT/AirflowTutorial/envlibs/lib/python3.10/site-packages/airflow/example_dags/example_task_group_decorator.py
[2023-06-22T14:46:19.563+0700] {logging_mixin.py:149} INFO - [2023-06-22T14:46:19.563+0700] {dag.py:2726} INFO - Sync 1 DAGs
[2023-06-22T14:46:19.577+0700] {logging_mixin.py:149} INFO - [2023-06-22T14:46:19.577+0700] {dag.py:3486} INFO - Setting next_dagrun for example_task_group_decorator to 2023-06-21T07:46:19.577148+00:00, run_after=2023-06-22T07:46:19.577148+00:00
[2023-06-22T14:46:19.596+0700] {processor.py:179} INFO - Processing /Users/macbook/Documents/Documents_MacBook_Pro/ISTT/AirflowTutorial/envlibs/lib/python3.10/site-packages/airflow/example_dags/example_task_group_decorator.py took 0.791 seconds
[2023-06-22T14:48:25.127+0700] {processor.py:157} INFO - Started process (PID=12694) to work on /Users/macbook/Documents/Documents_MacBook_Pro/ISTT/AirflowTutorial/envlibs/lib/python3.10/site-packages/airflow/example_dags/example_task_group_decorator.py
[2023-06-22T14:48:25.128+0700] {processor.py:826} INFO - Processing file /Users/macbook/Documents/Documents_MacBook_Pro/ISTT/AirflowTutorial/envlibs/lib/python3.10/site-packages/airflow/example_dags/example_task_group_decorator.py for tasks to queue
[2023-06-22T14:48:25.129+0700] {logging_mixin.py:149} INFO - [2023-06-22T14:48:25.129+0700] {dagbag.py:541} INFO - Filling up the DagBag from /Users/macbook/Documents/Documents_MacBook_Pro/ISTT/AirflowTutorial/envlibs/lib/python3.10/site-packages/airflow/example_dags/example_task_group_decorator.py
[2023-06-22T14:48:25.187+0700] {processor.py:836} INFO - DAG(s) dict_keys(['example_task_group_decorator']) retrieved from /Users/macbook/Documents/Documents_MacBook_Pro/ISTT/AirflowTutorial/envlibs/lib/python3.10/site-packages/airflow/example_dags/example_task_group_decorator.py
[2023-06-22T14:48:25.977+0700] {logging_mixin.py:149} INFO - [2023-06-22T14:48:25.977+0700] {dag.py:2726} INFO - Sync 1 DAGs
[2023-06-22T14:48:25.994+0700] {logging_mixin.py:149} INFO - [2023-06-22T14:48:25.994+0700] {dag.py:3486} INFO - Setting next_dagrun for example_task_group_decorator to 2023-06-21T07:48:25.993880+00:00, run_after=2023-06-22T07:48:25.993880+00:00
[2023-06-22T14:48:26.013+0700] {processor.py:179} INFO - Processing /Users/macbook/Documents/Documents_MacBook_Pro/ISTT/AirflowTutorial/envlibs/lib/python3.10/site-packages/airflow/example_dags/example_task_group_decorator.py took 0.887 seconds
[2023-06-22T14:50:31.367+0700] {processor.py:157} INFO - Started process (PID=12753) to work on /Users/macbook/Documents/Documents_MacBook_Pro/ISTT/AirflowTutorial/envlibs/lib/python3.10/site-packages/airflow/example_dags/example_task_group_decorator.py
[2023-06-22T14:50:31.369+0700] {processor.py:826} INFO - Processing file /Users/macbook/Documents/Documents_MacBook_Pro/ISTT/AirflowTutorial/envlibs/lib/python3.10/site-packages/airflow/example_dags/example_task_group_decorator.py for tasks to queue
[2023-06-22T14:50:31.369+0700] {logging_mixin.py:149} INFO - [2023-06-22T14:50:31.369+0700] {dagbag.py:541} INFO - Filling up the DagBag from /Users/macbook/Documents/Documents_MacBook_Pro/ISTT/AirflowTutorial/envlibs/lib/python3.10/site-packages/airflow/example_dags/example_task_group_decorator.py
[2023-06-22T14:50:31.428+0700] {processor.py:836} INFO - DAG(s) dict_keys(['example_task_group_decorator']) retrieved from /Users/macbook/Documents/Documents_MacBook_Pro/ISTT/AirflowTutorial/envlibs/lib/python3.10/site-packages/airflow/example_dags/example_task_group_decorator.py
[2023-06-22T14:50:32.210+0700] {logging_mixin.py:149} INFO - [2023-06-22T14:50:32.209+0700] {dag.py:2726} INFO - Sync 1 DAGs
[2023-06-22T14:50:32.226+0700] {logging_mixin.py:149} INFO - [2023-06-22T14:50:32.225+0700] {dag.py:3486} INFO - Setting next_dagrun for example_task_group_decorator to 2023-06-21T07:50:32.225773+00:00, run_after=2023-06-22T07:50:32.225773+00:00
[2023-06-22T14:50:32.246+0700] {processor.py:179} INFO - Processing /Users/macbook/Documents/Documents_MacBook_Pro/ISTT/AirflowTutorial/envlibs/lib/python3.10/site-packages/airflow/example_dags/example_task_group_decorator.py took 0.879 seconds
[2023-06-22T14:52:30.825+0700] {processor.py:157} INFO - Started process (PID=12808) to work on /Users/macbook/Documents/Documents_MacBook_Pro/ISTT/AirflowTutorial/envlibs/lib/python3.10/site-packages/airflow/example_dags/example_task_group_decorator.py
[2023-06-22T14:52:30.826+0700] {processor.py:826} INFO - Processing file /Users/macbook/Documents/Documents_MacBook_Pro/ISTT/AirflowTutorial/envlibs/lib/python3.10/site-packages/airflow/example_dags/example_task_group_decorator.py for tasks to queue
[2023-06-22T14:52:30.827+0700] {logging_mixin.py:149} INFO - [2023-06-22T14:52:30.827+0700] {dagbag.py:541} INFO - Filling up the DagBag from /Users/macbook/Documents/Documents_MacBook_Pro/ISTT/AirflowTutorial/envlibs/lib/python3.10/site-packages/airflow/example_dags/example_task_group_decorator.py
[2023-06-22T14:52:30.883+0700] {processor.py:836} INFO - DAG(s) dict_keys(['example_task_group_decorator']) retrieved from /Users/macbook/Documents/Documents_MacBook_Pro/ISTT/AirflowTutorial/envlibs/lib/python3.10/site-packages/airflow/example_dags/example_task_group_decorator.py
[2023-06-22T14:52:31.714+0700] {logging_mixin.py:149} INFO - [2023-06-22T14:52:31.713+0700] {dag.py:2726} INFO - Sync 1 DAGs
[2023-06-22T14:52:31.731+0700] {logging_mixin.py:149} INFO - [2023-06-22T14:52:31.730+0700] {dag.py:3486} INFO - Setting next_dagrun for example_task_group_decorator to 2023-06-21T07:52:31.730801+00:00, run_after=2023-06-22T07:52:31.730801+00:00
[2023-06-22T14:52:31.750+0700] {processor.py:179} INFO - Processing /Users/macbook/Documents/Documents_MacBook_Pro/ISTT/AirflowTutorial/envlibs/lib/python3.10/site-packages/airflow/example_dags/example_task_group_decorator.py took 0.926 seconds
[2023-06-22T14:54:31.881+0700] {processor.py:157} INFO - Started process (PID=12861) to work on /Users/macbook/Documents/Documents_MacBook_Pro/ISTT/AirflowTutorial/envlibs/lib/python3.10/site-packages/airflow/example_dags/example_task_group_decorator.py
[2023-06-22T14:54:31.882+0700] {processor.py:826} INFO - Processing file /Users/macbook/Documents/Documents_MacBook_Pro/ISTT/AirflowTutorial/envlibs/lib/python3.10/site-packages/airflow/example_dags/example_task_group_decorator.py for tasks to queue
[2023-06-22T14:54:31.883+0700] {logging_mixin.py:149} INFO - [2023-06-22T14:54:31.883+0700] {dagbag.py:541} INFO - Filling up the DagBag from /Users/macbook/Documents/Documents_MacBook_Pro/ISTT/AirflowTutorial/envlibs/lib/python3.10/site-packages/airflow/example_dags/example_task_group_decorator.py
[2023-06-22T14:54:31.946+0700] {processor.py:836} INFO - DAG(s) dict_keys(['example_task_group_decorator']) retrieved from /Users/macbook/Documents/Documents_MacBook_Pro/ISTT/AirflowTutorial/envlibs/lib/python3.10/site-packages/airflow/example_dags/example_task_group_decorator.py
[2023-06-22T14:54:32.826+0700] {logging_mixin.py:149} INFO - [2023-06-22T14:54:32.826+0700] {dag.py:2726} INFO - Sync 1 DAGs
[2023-06-22T14:54:32.844+0700] {logging_mixin.py:149} INFO - [2023-06-22T14:54:32.844+0700] {dag.py:3486} INFO - Setting next_dagrun for example_task_group_decorator to 2023-06-21T07:54:32.844665+00:00, run_after=2023-06-22T07:54:32.844665+00:00
[2023-06-22T14:54:32.863+0700] {processor.py:179} INFO - Processing /Users/macbook/Documents/Documents_MacBook_Pro/ISTT/AirflowTutorial/envlibs/lib/python3.10/site-packages/airflow/example_dags/example_task_group_decorator.py took 0.983 seconds
[2023-06-22T14:56:26.417+0700] {processor.py:157} INFO - Started process (PID=12913) to work on /Users/macbook/Documents/Documents_MacBook_Pro/ISTT/AirflowTutorial/envlibs/lib/python3.10/site-packages/airflow/example_dags/example_task_group_decorator.py
[2023-06-22T14:56:26.417+0700] {processor.py:826} INFO - Processing file /Users/macbook/Documents/Documents_MacBook_Pro/ISTT/AirflowTutorial/envlibs/lib/python3.10/site-packages/airflow/example_dags/example_task_group_decorator.py for tasks to queue
[2023-06-22T14:56:26.418+0700] {logging_mixin.py:149} INFO - [2023-06-22T14:56:26.418+0700] {dagbag.py:541} INFO - Filling up the DagBag from /Users/macbook/Documents/Documents_MacBook_Pro/ISTT/AirflowTutorial/envlibs/lib/python3.10/site-packages/airflow/example_dags/example_task_group_decorator.py
[2023-06-22T14:56:26.483+0700] {processor.py:836} INFO - DAG(s) dict_keys(['example_task_group_decorator']) retrieved from /Users/macbook/Documents/Documents_MacBook_Pro/ISTT/AirflowTutorial/envlibs/lib/python3.10/site-packages/airflow/example_dags/example_task_group_decorator.py
[2023-06-22T14:56:27.300+0700] {logging_mixin.py:149} INFO - [2023-06-22T14:56:27.299+0700] {dag.py:2726} INFO - Sync 1 DAGs
[2023-06-22T14:56:27.320+0700] {logging_mixin.py:149} INFO - [2023-06-22T14:56:27.320+0700] {dag.py:3486} INFO - Setting next_dagrun for example_task_group_decorator to 2023-06-21T07:56:27.320045+00:00, run_after=2023-06-22T07:56:27.320045+00:00
[2023-06-22T14:56:27.339+0700] {processor.py:179} INFO - Processing /Users/macbook/Documents/Documents_MacBook_Pro/ISTT/AirflowTutorial/envlibs/lib/python3.10/site-packages/airflow/example_dags/example_task_group_decorator.py took 0.923 seconds
[2023-06-22T14:58:27.408+0700] {processor.py:157} INFO - Started process (PID=12967) to work on /Users/macbook/Documents/Documents_MacBook_Pro/ISTT/AirflowTutorial/envlibs/lib/python3.10/site-packages/airflow/example_dags/example_task_group_decorator.py
[2023-06-22T14:58:27.409+0700] {processor.py:826} INFO - Processing file /Users/macbook/Documents/Documents_MacBook_Pro/ISTT/AirflowTutorial/envlibs/lib/python3.10/site-packages/airflow/example_dags/example_task_group_decorator.py for tasks to queue
[2023-06-22T14:58:27.410+0700] {logging_mixin.py:149} INFO - [2023-06-22T14:58:27.409+0700] {dagbag.py:541} INFO - Filling up the DagBag from /Users/macbook/Documents/Documents_MacBook_Pro/ISTT/AirflowTutorial/envlibs/lib/python3.10/site-packages/airflow/example_dags/example_task_group_decorator.py
[2023-06-22T14:58:27.466+0700] {processor.py:836} INFO - DAG(s) dict_keys(['example_task_group_decorator']) retrieved from /Users/macbook/Documents/Documents_MacBook_Pro/ISTT/AirflowTutorial/envlibs/lib/python3.10/site-packages/airflow/example_dags/example_task_group_decorator.py
[2023-06-22T14:58:28.280+0700] {logging_mixin.py:149} INFO - [2023-06-22T14:58:28.280+0700] {dag.py:2726} INFO - Sync 1 DAGs
[2023-06-22T14:58:28.303+0700] {logging_mixin.py:149} INFO - [2023-06-22T14:58:28.303+0700] {dag.py:3486} INFO - Setting next_dagrun for example_task_group_decorator to 2023-06-21T07:58:28.303652+00:00, run_after=2023-06-22T07:58:28.303652+00:00
[2023-06-22T14:58:28.326+0700] {processor.py:179} INFO - Processing /Users/macbook/Documents/Documents_MacBook_Pro/ISTT/AirflowTutorial/envlibs/lib/python3.10/site-packages/airflow/example_dags/example_task_group_decorator.py took 0.918 seconds
[2023-06-22T15:00:32.418+0700] {processor.py:157} INFO - Started process (PID=13019) to work on /Users/macbook/Documents/Documents_MacBook_Pro/ISTT/AirflowTutorial/envlibs/lib/python3.10/site-packages/airflow/example_dags/example_task_group_decorator.py
[2023-06-22T15:00:32.419+0700] {processor.py:826} INFO - Processing file /Users/macbook/Documents/Documents_MacBook_Pro/ISTT/AirflowTutorial/envlibs/lib/python3.10/site-packages/airflow/example_dags/example_task_group_decorator.py for tasks to queue
[2023-06-22T15:00:32.420+0700] {logging_mixin.py:149} INFO - [2023-06-22T15:00:32.419+0700] {dagbag.py:541} INFO - Filling up the DagBag from /Users/macbook/Documents/Documents_MacBook_Pro/ISTT/AirflowTutorial/envlibs/lib/python3.10/site-packages/airflow/example_dags/example_task_group_decorator.py
[2023-06-22T15:00:32.491+0700] {processor.py:836} INFO - DAG(s) dict_keys(['example_task_group_decorator']) retrieved from /Users/macbook/Documents/Documents_MacBook_Pro/ISTT/AirflowTutorial/envlibs/lib/python3.10/site-packages/airflow/example_dags/example_task_group_decorator.py
[2023-06-22T15:00:33.394+0700] {logging_mixin.py:149} INFO - [2023-06-22T15:00:33.393+0700] {dag.py:2726} INFO - Sync 1 DAGs
[2023-06-22T15:00:33.411+0700] {logging_mixin.py:149} INFO - [2023-06-22T15:00:33.411+0700] {dag.py:3486} INFO - Setting next_dagrun for example_task_group_decorator to 2023-06-21T08:00:33.410927+00:00, run_after=2023-06-22T08:00:33.410927+00:00
[2023-06-22T15:00:33.432+0700] {processor.py:179} INFO - Processing /Users/macbook/Documents/Documents_MacBook_Pro/ISTT/AirflowTutorial/envlibs/lib/python3.10/site-packages/airflow/example_dags/example_task_group_decorator.py took 1.015 seconds
[2023-06-22T15:02:34.938+0700] {processor.py:157} INFO - Started process (PID=13078) to work on /Users/macbook/Documents/Documents_MacBook_Pro/ISTT/AirflowTutorial/envlibs/lib/python3.10/site-packages/airflow/example_dags/example_task_group_decorator.py
[2023-06-22T15:02:34.940+0700] {processor.py:826} INFO - Processing file /Users/macbook/Documents/Documents_MacBook_Pro/ISTT/AirflowTutorial/envlibs/lib/python3.10/site-packages/airflow/example_dags/example_task_group_decorator.py for tasks to queue
[2023-06-22T15:02:34.941+0700] {logging_mixin.py:149} INFO - [2023-06-22T15:02:34.941+0700] {dagbag.py:541} INFO - Filling up the DagBag from /Users/macbook/Documents/Documents_MacBook_Pro/ISTT/AirflowTutorial/envlibs/lib/python3.10/site-packages/airflow/example_dags/example_task_group_decorator.py
[2023-06-22T15:02:34.998+0700] {processor.py:836} INFO - DAG(s) dict_keys(['example_task_group_decorator']) retrieved from /Users/macbook/Documents/Documents_MacBook_Pro/ISTT/AirflowTutorial/envlibs/lib/python3.10/site-packages/airflow/example_dags/example_task_group_decorator.py
[2023-06-22T15:02:35.813+0700] {logging_mixin.py:149} INFO - [2023-06-22T15:02:35.813+0700] {dag.py:2726} INFO - Sync 1 DAGs
[2023-06-22T15:02:35.829+0700] {logging_mixin.py:149} INFO - [2023-06-22T15:02:35.829+0700] {dag.py:3486} INFO - Setting next_dagrun for example_task_group_decorator to 2023-06-21T08:02:35.829014+00:00, run_after=2023-06-22T08:02:35.829014+00:00
[2023-06-22T15:02:35.851+0700] {processor.py:179} INFO - Processing /Users/macbook/Documents/Documents_MacBook_Pro/ISTT/AirflowTutorial/envlibs/lib/python3.10/site-packages/airflow/example_dags/example_task_group_decorator.py took 0.913 seconds
[2023-06-22T15:04:35.876+0700] {processor.py:157} INFO - Started process (PID=13136) to work on /Users/macbook/Documents/Documents_MacBook_Pro/ISTT/AirflowTutorial/envlibs/lib/python3.10/site-packages/airflow/example_dags/example_task_group_decorator.py
[2023-06-22T15:04:35.877+0700] {processor.py:826} INFO - Processing file /Users/macbook/Documents/Documents_MacBook_Pro/ISTT/AirflowTutorial/envlibs/lib/python3.10/site-packages/airflow/example_dags/example_task_group_decorator.py for tasks to queue
[2023-06-22T15:04:35.878+0700] {logging_mixin.py:149} INFO - [2023-06-22T15:04:35.878+0700] {dagbag.py:541} INFO - Filling up the DagBag from /Users/macbook/Documents/Documents_MacBook_Pro/ISTT/AirflowTutorial/envlibs/lib/python3.10/site-packages/airflow/example_dags/example_task_group_decorator.py
[2023-06-22T15:04:35.938+0700] {processor.py:836} INFO - DAG(s) dict_keys(['example_task_group_decorator']) retrieved from /Users/macbook/Documents/Documents_MacBook_Pro/ISTT/AirflowTutorial/envlibs/lib/python3.10/site-packages/airflow/example_dags/example_task_group_decorator.py
[2023-06-22T15:04:36.621+0700] {logging_mixin.py:149} INFO - [2023-06-22T15:04:36.621+0700] {dag.py:2726} INFO - Sync 1 DAGs
[2023-06-22T15:04:36.636+0700] {logging_mixin.py:149} INFO - [2023-06-22T15:04:36.636+0700] {dag.py:3486} INFO - Setting next_dagrun for example_task_group_decorator to 2023-06-21T08:04:36.635951+00:00, run_after=2023-06-22T08:04:36.635951+00:00
[2023-06-22T15:04:36.654+0700] {processor.py:179} INFO - Processing /Users/macbook/Documents/Documents_MacBook_Pro/ISTT/AirflowTutorial/envlibs/lib/python3.10/site-packages/airflow/example_dags/example_task_group_decorator.py took 0.779 seconds
[2023-06-22T15:06:45.433+0700] {processor.py:157} INFO - Started process (PID=13238) to work on /Users/macbook/Documents/Documents_MacBook_Pro/ISTT/AirflowTutorial/envlibs/lib/python3.10/site-packages/airflow/example_dags/example_task_group_decorator.py
[2023-06-22T15:06:45.434+0700] {processor.py:826} INFO - Processing file /Users/macbook/Documents/Documents_MacBook_Pro/ISTT/AirflowTutorial/envlibs/lib/python3.10/site-packages/airflow/example_dags/example_task_group_decorator.py for tasks to queue
[2023-06-22T15:06:45.435+0700] {logging_mixin.py:149} INFO - [2023-06-22T15:06:45.435+0700] {dagbag.py:541} INFO - Filling up the DagBag from /Users/macbook/Documents/Documents_MacBook_Pro/ISTT/AirflowTutorial/envlibs/lib/python3.10/site-packages/airflow/example_dags/example_task_group_decorator.py
[2023-06-22T15:06:45.491+0700] {processor.py:836} INFO - DAG(s) dict_keys(['example_task_group_decorator']) retrieved from /Users/macbook/Documents/Documents_MacBook_Pro/ISTT/AirflowTutorial/envlibs/lib/python3.10/site-packages/airflow/example_dags/example_task_group_decorator.py
[2023-06-22T15:06:46.214+0700] {logging_mixin.py:149} INFO - [2023-06-22T15:06:46.214+0700] {dag.py:2726} INFO - Sync 1 DAGs
[2023-06-22T15:06:46.229+0700] {logging_mixin.py:149} INFO - [2023-06-22T15:06:46.229+0700] {dag.py:3486} INFO - Setting next_dagrun for example_task_group_decorator to 2023-06-21T08:06:46.229659+00:00, run_after=2023-06-22T08:06:46.229659+00:00
[2023-06-22T15:06:46.246+0700] {processor.py:179} INFO - Processing /Users/macbook/Documents/Documents_MacBook_Pro/ISTT/AirflowTutorial/envlibs/lib/python3.10/site-packages/airflow/example_dags/example_task_group_decorator.py took 0.814 seconds
[2023-06-22T15:08:46.029+0700] {processor.py:157} INFO - Started process (PID=13292) to work on /Users/macbook/Documents/Documents_MacBook_Pro/ISTT/AirflowTutorial/envlibs/lib/python3.10/site-packages/airflow/example_dags/example_task_group_decorator.py
[2023-06-22T15:08:46.030+0700] {processor.py:826} INFO - Processing file /Users/macbook/Documents/Documents_MacBook_Pro/ISTT/AirflowTutorial/envlibs/lib/python3.10/site-packages/airflow/example_dags/example_task_group_decorator.py for tasks to queue
[2023-06-22T15:08:46.031+0700] {logging_mixin.py:149} INFO - [2023-06-22T15:08:46.030+0700] {dagbag.py:541} INFO - Filling up the DagBag from /Users/macbook/Documents/Documents_MacBook_Pro/ISTT/AirflowTutorial/envlibs/lib/python3.10/site-packages/airflow/example_dags/example_task_group_decorator.py
[2023-06-22T15:08:46.085+0700] {processor.py:836} INFO - DAG(s) dict_keys(['example_task_group_decorator']) retrieved from /Users/macbook/Documents/Documents_MacBook_Pro/ISTT/AirflowTutorial/envlibs/lib/python3.10/site-packages/airflow/example_dags/example_task_group_decorator.py
[2023-06-22T15:08:46.824+0700] {logging_mixin.py:149} INFO - [2023-06-22T15:08:46.824+0700] {dag.py:2726} INFO - Sync 1 DAGs
[2023-06-22T15:08:46.839+0700] {logging_mixin.py:149} INFO - [2023-06-22T15:08:46.839+0700] {dag.py:3486} INFO - Setting next_dagrun for example_task_group_decorator to 2023-06-21T08:08:46.839140+00:00, run_after=2023-06-22T08:08:46.839140+00:00
[2023-06-22T15:08:46.857+0700] {processor.py:179} INFO - Processing /Users/macbook/Documents/Documents_MacBook_Pro/ISTT/AirflowTutorial/envlibs/lib/python3.10/site-packages/airflow/example_dags/example_task_group_decorator.py took 0.828 seconds
[2023-06-22T15:10:50.533+0700] {processor.py:157} INFO - Started process (PID=13388) to work on /Users/macbook/Documents/Documents_MacBook_Pro/ISTT/AirflowTutorial/envlibs/lib/python3.10/site-packages/airflow/example_dags/example_task_group_decorator.py
[2023-06-22T15:10:50.535+0700] {processor.py:826} INFO - Processing file /Users/macbook/Documents/Documents_MacBook_Pro/ISTT/AirflowTutorial/envlibs/lib/python3.10/site-packages/airflow/example_dags/example_task_group_decorator.py for tasks to queue
[2023-06-22T15:10:50.535+0700] {logging_mixin.py:149} INFO - [2023-06-22T15:10:50.535+0700] {dagbag.py:541} INFO - Filling up the DagBag from /Users/macbook/Documents/Documents_MacBook_Pro/ISTT/AirflowTutorial/envlibs/lib/python3.10/site-packages/airflow/example_dags/example_task_group_decorator.py
[2023-06-22T15:10:50.592+0700] {processor.py:836} INFO - DAG(s) dict_keys(['example_task_group_decorator']) retrieved from /Users/macbook/Documents/Documents_MacBook_Pro/ISTT/AirflowTutorial/envlibs/lib/python3.10/site-packages/airflow/example_dags/example_task_group_decorator.py
[2023-06-22T15:10:51.342+0700] {logging_mixin.py:149} INFO - [2023-06-22T15:10:51.342+0700] {dag.py:2726} INFO - Sync 1 DAGs
[2023-06-22T15:10:51.363+0700] {logging_mixin.py:149} INFO - [2023-06-22T15:10:51.362+0700] {dag.py:3486} INFO - Setting next_dagrun for example_task_group_decorator to 2023-06-21T08:10:51.362698+00:00, run_after=2023-06-22T08:10:51.362698+00:00
[2023-06-22T15:10:51.381+0700] {processor.py:179} INFO - Processing /Users/macbook/Documents/Documents_MacBook_Pro/ISTT/AirflowTutorial/envlibs/lib/python3.10/site-packages/airflow/example_dags/example_task_group_decorator.py took 0.849 seconds
[2023-06-22T15:12:55.340+0700] {processor.py:157} INFO - Started process (PID=13443) to work on /Users/macbook/Documents/Documents_MacBook_Pro/ISTT/AirflowTutorial/envlibs/lib/python3.10/site-packages/airflow/example_dags/example_task_group_decorator.py
[2023-06-22T15:12:55.341+0700] {processor.py:826} INFO - Processing file /Users/macbook/Documents/Documents_MacBook_Pro/ISTT/AirflowTutorial/envlibs/lib/python3.10/site-packages/airflow/example_dags/example_task_group_decorator.py for tasks to queue
[2023-06-22T15:12:55.342+0700] {logging_mixin.py:149} INFO - [2023-06-22T15:12:55.341+0700] {dagbag.py:541} INFO - Filling up the DagBag from /Users/macbook/Documents/Documents_MacBook_Pro/ISTT/AirflowTutorial/envlibs/lib/python3.10/site-packages/airflow/example_dags/example_task_group_decorator.py
[2023-06-22T15:12:55.400+0700] {processor.py:836} INFO - DAG(s) dict_keys(['example_task_group_decorator']) retrieved from /Users/macbook/Documents/Documents_MacBook_Pro/ISTT/AirflowTutorial/envlibs/lib/python3.10/site-packages/airflow/example_dags/example_task_group_decorator.py
[2023-06-22T15:12:56.238+0700] {logging_mixin.py:149} INFO - [2023-06-22T15:12:56.237+0700] {dag.py:2726} INFO - Sync 1 DAGs
[2023-06-22T15:12:56.255+0700] {logging_mixin.py:149} INFO - [2023-06-22T15:12:56.255+0700] {dag.py:3486} INFO - Setting next_dagrun for example_task_group_decorator to 2023-06-21T08:12:56.255342+00:00, run_after=2023-06-22T08:12:56.255342+00:00
[2023-06-22T15:12:56.275+0700] {processor.py:179} INFO - Processing /Users/macbook/Documents/Documents_MacBook_Pro/ISTT/AirflowTutorial/envlibs/lib/python3.10/site-packages/airflow/example_dags/example_task_group_decorator.py took 0.936 seconds
[2023-06-22T15:15:02.382+0700] {processor.py:157} INFO - Started process (PID=13537) to work on /Users/macbook/Documents/Documents_MacBook_Pro/ISTT/AirflowTutorial/envlibs/lib/python3.10/site-packages/airflow/example_dags/example_task_group_decorator.py
[2023-06-22T15:15:02.383+0700] {processor.py:826} INFO - Processing file /Users/macbook/Documents/Documents_MacBook_Pro/ISTT/AirflowTutorial/envlibs/lib/python3.10/site-packages/airflow/example_dags/example_task_group_decorator.py for tasks to queue
[2023-06-22T15:15:02.384+0700] {logging_mixin.py:149} INFO - [2023-06-22T15:15:02.383+0700] {dagbag.py:541} INFO - Filling up the DagBag from /Users/macbook/Documents/Documents_MacBook_Pro/ISTT/AirflowTutorial/envlibs/lib/python3.10/site-packages/airflow/example_dags/example_task_group_decorator.py
[2023-06-22T15:15:02.462+0700] {processor.py:836} INFO - DAG(s) dict_keys(['example_task_group_decorator']) retrieved from /Users/macbook/Documents/Documents_MacBook_Pro/ISTT/AirflowTutorial/envlibs/lib/python3.10/site-packages/airflow/example_dags/example_task_group_decorator.py
[2023-06-22T15:15:03.262+0700] {logging_mixin.py:149} INFO - [2023-06-22T15:15:03.261+0700] {dag.py:2726} INFO - Sync 1 DAGs
[2023-06-22T15:15:03.278+0700] {logging_mixin.py:149} INFO - [2023-06-22T15:15:03.278+0700] {dag.py:3486} INFO - Setting next_dagrun for example_task_group_decorator to 2023-06-21T08:15:03.278018+00:00, run_after=2023-06-22T08:15:03.278018+00:00
[2023-06-22T15:15:03.297+0700] {processor.py:179} INFO - Processing /Users/macbook/Documents/Documents_MacBook_Pro/ISTT/AirflowTutorial/envlibs/lib/python3.10/site-packages/airflow/example_dags/example_task_group_decorator.py took 0.915 seconds
[2023-06-22T15:17:12.663+0700] {processor.py:157} INFO - Started process (PID=13613) to work on /Users/macbook/Documents/Documents_MacBook_Pro/ISTT/AirflowTutorial/envlibs/lib/python3.10/site-packages/airflow/example_dags/example_task_group_decorator.py
[2023-06-22T15:17:12.663+0700] {processor.py:826} INFO - Processing file /Users/macbook/Documents/Documents_MacBook_Pro/ISTT/AirflowTutorial/envlibs/lib/python3.10/site-packages/airflow/example_dags/example_task_group_decorator.py for tasks to queue
[2023-06-22T15:17:12.664+0700] {logging_mixin.py:149} INFO - [2023-06-22T15:17:12.664+0700] {dagbag.py:541} INFO - Filling up the DagBag from /Users/macbook/Documents/Documents_MacBook_Pro/ISTT/AirflowTutorial/envlibs/lib/python3.10/site-packages/airflow/example_dags/example_task_group_decorator.py
[2023-06-22T15:17:12.718+0700] {processor.py:836} INFO - DAG(s) dict_keys(['example_task_group_decorator']) retrieved from /Users/macbook/Documents/Documents_MacBook_Pro/ISTT/AirflowTutorial/envlibs/lib/python3.10/site-packages/airflow/example_dags/example_task_group_decorator.py
[2023-06-22T15:17:13.426+0700] {logging_mixin.py:149} INFO - [2023-06-22T15:17:13.425+0700] {dag.py:2726} INFO - Sync 1 DAGs
[2023-06-22T15:17:13.444+0700] {logging_mixin.py:149} INFO - [2023-06-22T15:17:13.444+0700] {dag.py:3486} INFO - Setting next_dagrun for example_task_group_decorator to 2023-06-21T08:17:13.444450+00:00, run_after=2023-06-22T08:17:13.444450+00:00
[2023-06-22T15:17:13.462+0700] {processor.py:179} INFO - Processing /Users/macbook/Documents/Documents_MacBook_Pro/ISTT/AirflowTutorial/envlibs/lib/python3.10/site-packages/airflow/example_dags/example_task_group_decorator.py took 0.800 seconds
[2023-06-22T15:19:13.778+0700] {processor.py:157} INFO - Started process (PID=13717) to work on /Users/macbook/Documents/Documents_MacBook_Pro/ISTT/AirflowTutorial/envlibs/lib/python3.10/site-packages/airflow/example_dags/example_task_group_decorator.py
[2023-06-22T15:19:13.779+0700] {processor.py:826} INFO - Processing file /Users/macbook/Documents/Documents_MacBook_Pro/ISTT/AirflowTutorial/envlibs/lib/python3.10/site-packages/airflow/example_dags/example_task_group_decorator.py for tasks to queue
[2023-06-22T15:19:13.780+0700] {logging_mixin.py:149} INFO - [2023-06-22T15:19:13.780+0700] {dagbag.py:541} INFO - Filling up the DagBag from /Users/macbook/Documents/Documents_MacBook_Pro/ISTT/AirflowTutorial/envlibs/lib/python3.10/site-packages/airflow/example_dags/example_task_group_decorator.py
[2023-06-22T15:19:13.830+0700] {processor.py:836} INFO - DAG(s) dict_keys(['example_task_group_decorator']) retrieved from /Users/macbook/Documents/Documents_MacBook_Pro/ISTT/AirflowTutorial/envlibs/lib/python3.10/site-packages/airflow/example_dags/example_task_group_decorator.py
[2023-06-22T15:19:14.517+0700] {logging_mixin.py:149} INFO - [2023-06-22T15:19:14.517+0700] {dag.py:2726} INFO - Sync 1 DAGs
[2023-06-22T15:19:14.531+0700] {logging_mixin.py:149} INFO - [2023-06-22T15:19:14.531+0700] {dag.py:3486} INFO - Setting next_dagrun for example_task_group_decorator to 2023-06-21T08:19:14.531275+00:00, run_after=2023-06-22T08:19:14.531275+00:00
[2023-06-22T15:19:14.547+0700] {processor.py:179} INFO - Processing /Users/macbook/Documents/Documents_MacBook_Pro/ISTT/AirflowTutorial/envlibs/lib/python3.10/site-packages/airflow/example_dags/example_task_group_decorator.py took 0.769 seconds
[2023-06-22T15:21:14.272+0700] {processor.py:157} INFO - Started process (PID=13773) to work on /Users/macbook/Documents/Documents_MacBook_Pro/ISTT/AirflowTutorial/envlibs/lib/python3.10/site-packages/airflow/example_dags/example_task_group_decorator.py
[2023-06-22T15:21:14.273+0700] {processor.py:826} INFO - Processing file /Users/macbook/Documents/Documents_MacBook_Pro/ISTT/AirflowTutorial/envlibs/lib/python3.10/site-packages/airflow/example_dags/example_task_group_decorator.py for tasks to queue
[2023-06-22T15:21:14.274+0700] {logging_mixin.py:149} INFO - [2023-06-22T15:21:14.273+0700] {dagbag.py:541} INFO - Filling up the DagBag from /Users/macbook/Documents/Documents_MacBook_Pro/ISTT/AirflowTutorial/envlibs/lib/python3.10/site-packages/airflow/example_dags/example_task_group_decorator.py
[2023-06-22T15:21:14.351+0700] {processor.py:836} INFO - DAG(s) dict_keys(['example_task_group_decorator']) retrieved from /Users/macbook/Documents/Documents_MacBook_Pro/ISTT/AirflowTutorial/envlibs/lib/python3.10/site-packages/airflow/example_dags/example_task_group_decorator.py
[2023-06-22T15:21:15.224+0700] {logging_mixin.py:149} INFO - [2023-06-22T15:21:15.224+0700] {dag.py:2726} INFO - Sync 1 DAGs
[2023-06-22T15:21:15.241+0700] {logging_mixin.py:149} INFO - [2023-06-22T15:21:15.241+0700] {dag.py:3486} INFO - Setting next_dagrun for example_task_group_decorator to 2023-06-21T08:21:15.241618+00:00, run_after=2023-06-22T08:21:15.241618+00:00
[2023-06-22T15:21:15.268+0700] {processor.py:179} INFO - Processing /Users/macbook/Documents/Documents_MacBook_Pro/ISTT/AirflowTutorial/envlibs/lib/python3.10/site-packages/airflow/example_dags/example_task_group_decorator.py took 0.997 seconds
[2023-06-22T15:23:22.367+0700] {processor.py:157} INFO - Started process (PID=13837) to work on /Users/macbook/Documents/Documents_MacBook_Pro/ISTT/AirflowTutorial/envlibs/lib/python3.10/site-packages/airflow/example_dags/example_task_group_decorator.py
[2023-06-22T15:23:22.369+0700] {processor.py:826} INFO - Processing file /Users/macbook/Documents/Documents_MacBook_Pro/ISTT/AirflowTutorial/envlibs/lib/python3.10/site-packages/airflow/example_dags/example_task_group_decorator.py for tasks to queue
[2023-06-22T15:23:22.369+0700] {logging_mixin.py:149} INFO - [2023-06-22T15:23:22.369+0700] {dagbag.py:541} INFO - Filling up the DagBag from /Users/macbook/Documents/Documents_MacBook_Pro/ISTT/AirflowTutorial/envlibs/lib/python3.10/site-packages/airflow/example_dags/example_task_group_decorator.py
[2023-06-22T15:23:22.428+0700] {processor.py:836} INFO - DAG(s) dict_keys(['example_task_group_decorator']) retrieved from /Users/macbook/Documents/Documents_MacBook_Pro/ISTT/AirflowTutorial/envlibs/lib/python3.10/site-packages/airflow/example_dags/example_task_group_decorator.py
[2023-06-22T15:23:23.430+0700] {logging_mixin.py:149} INFO - [2023-06-22T15:23:23.429+0700] {dag.py:2726} INFO - Sync 1 DAGs
[2023-06-22T15:23:23.447+0700] {logging_mixin.py:149} INFO - [2023-06-22T15:23:23.447+0700] {dag.py:3486} INFO - Setting next_dagrun for example_task_group_decorator to 2023-06-21T08:23:23.447032+00:00, run_after=2023-06-22T08:23:23.447032+00:00
[2023-06-22T15:23:23.467+0700] {processor.py:179} INFO - Processing /Users/macbook/Documents/Documents_MacBook_Pro/ISTT/AirflowTutorial/envlibs/lib/python3.10/site-packages/airflow/example_dags/example_task_group_decorator.py took 1.100 seconds
[2023-06-22T15:25:43.512+0700] {processor.py:157} INFO - Started process (PID=13897) to work on /Users/macbook/Documents/Documents_MacBook_Pro/ISTT/AirflowTutorial/envlibs/lib/python3.10/site-packages/airflow/example_dags/example_task_group_decorator.py
[2023-06-22T15:25:43.513+0700] {processor.py:826} INFO - Processing file /Users/macbook/Documents/Documents_MacBook_Pro/ISTT/AirflowTutorial/envlibs/lib/python3.10/site-packages/airflow/example_dags/example_task_group_decorator.py for tasks to queue
[2023-06-22T15:25:43.514+0700] {logging_mixin.py:149} INFO - [2023-06-22T15:25:43.514+0700] {dagbag.py:541} INFO - Filling up the DagBag from /Users/macbook/Documents/Documents_MacBook_Pro/ISTT/AirflowTutorial/envlibs/lib/python3.10/site-packages/airflow/example_dags/example_task_group_decorator.py
[2023-06-22T15:25:43.584+0700] {processor.py:836} INFO - DAG(s) dict_keys(['example_task_group_decorator']) retrieved from /Users/macbook/Documents/Documents_MacBook_Pro/ISTT/AirflowTutorial/envlibs/lib/python3.10/site-packages/airflow/example_dags/example_task_group_decorator.py
[2023-06-22T15:25:44.417+0700] {logging_mixin.py:149} INFO - [2023-06-22T15:25:44.417+0700] {dag.py:2726} INFO - Sync 1 DAGs
[2023-06-22T15:25:44.442+0700] {logging_mixin.py:149} INFO - [2023-06-22T15:25:44.442+0700] {dag.py:3486} INFO - Setting next_dagrun for example_task_group_decorator to 2023-06-21T08:25:44.442384+00:00, run_after=2023-06-22T08:25:44.442384+00:00
[2023-06-22T15:25:44.464+0700] {processor.py:179} INFO - Processing /Users/macbook/Documents/Documents_MacBook_Pro/ISTT/AirflowTutorial/envlibs/lib/python3.10/site-packages/airflow/example_dags/example_task_group_decorator.py took 0.952 seconds
[2023-06-22T15:27:53.524+0700] {processor.py:157} INFO - Started process (PID=13953) to work on /Users/macbook/Documents/Documents_MacBook_Pro/ISTT/AirflowTutorial/envlibs/lib/python3.10/site-packages/airflow/example_dags/example_task_group_decorator.py
[2023-06-22T15:27:53.526+0700] {processor.py:826} INFO - Processing file /Users/macbook/Documents/Documents_MacBook_Pro/ISTT/AirflowTutorial/envlibs/lib/python3.10/site-packages/airflow/example_dags/example_task_group_decorator.py for tasks to queue
[2023-06-22T15:27:53.526+0700] {logging_mixin.py:149} INFO - [2023-06-22T15:27:53.526+0700] {dagbag.py:541} INFO - Filling up the DagBag from /Users/macbook/Documents/Documents_MacBook_Pro/ISTT/AirflowTutorial/envlibs/lib/python3.10/site-packages/airflow/example_dags/example_task_group_decorator.py
[2023-06-22T15:27:53.589+0700] {processor.py:836} INFO - DAG(s) dict_keys(['example_task_group_decorator']) retrieved from /Users/macbook/Documents/Documents_MacBook_Pro/ISTT/AirflowTutorial/envlibs/lib/python3.10/site-packages/airflow/example_dags/example_task_group_decorator.py
[2023-06-22T15:27:54.421+0700] {logging_mixin.py:149} INFO - [2023-06-22T15:27:54.421+0700] {dag.py:2726} INFO - Sync 1 DAGs
[2023-06-22T15:27:54.438+0700] {logging_mixin.py:149} INFO - [2023-06-22T15:27:54.438+0700] {dag.py:3486} INFO - Setting next_dagrun for example_task_group_decorator to 2023-06-21T08:27:54.438686+00:00, run_after=2023-06-22T08:27:54.438686+00:00
[2023-06-22T15:27:54.457+0700] {processor.py:179} INFO - Processing /Users/macbook/Documents/Documents_MacBook_Pro/ISTT/AirflowTutorial/envlibs/lib/python3.10/site-packages/airflow/example_dags/example_task_group_decorator.py took 0.934 seconds
[2023-06-22T15:30:00.917+0700] {processor.py:157} INFO - Started process (PID=14008) to work on /Users/macbook/Documents/Documents_MacBook_Pro/ISTT/AirflowTutorial/envlibs/lib/python3.10/site-packages/airflow/example_dags/example_task_group_decorator.py
[2023-06-22T15:30:00.918+0700] {processor.py:826} INFO - Processing file /Users/macbook/Documents/Documents_MacBook_Pro/ISTT/AirflowTutorial/envlibs/lib/python3.10/site-packages/airflow/example_dags/example_task_group_decorator.py for tasks to queue
[2023-06-22T15:30:00.919+0700] {logging_mixin.py:149} INFO - [2023-06-22T15:30:00.919+0700] {dagbag.py:541} INFO - Filling up the DagBag from /Users/macbook/Documents/Documents_MacBook_Pro/ISTT/AirflowTutorial/envlibs/lib/python3.10/site-packages/airflow/example_dags/example_task_group_decorator.py
[2023-06-22T15:30:00.985+0700] {processor.py:836} INFO - DAG(s) dict_keys(['example_task_group_decorator']) retrieved from /Users/macbook/Documents/Documents_MacBook_Pro/ISTT/AirflowTutorial/envlibs/lib/python3.10/site-packages/airflow/example_dags/example_task_group_decorator.py
[2023-06-22T15:30:01.930+0700] {logging_mixin.py:149} INFO - [2023-06-22T15:30:01.930+0700] {dag.py:2726} INFO - Sync 1 DAGs
[2023-06-22T15:30:01.947+0700] {logging_mixin.py:149} INFO - [2023-06-22T15:30:01.947+0700] {dag.py:3486} INFO - Setting next_dagrun for example_task_group_decorator to 2023-06-21T08:30:01.947340+00:00, run_after=2023-06-22T08:30:01.947340+00:00
[2023-06-22T15:30:01.969+0700] {processor.py:179} INFO - Processing /Users/macbook/Documents/Documents_MacBook_Pro/ISTT/AirflowTutorial/envlibs/lib/python3.10/site-packages/airflow/example_dags/example_task_group_decorator.py took 1.053 seconds
[2023-06-22T15:32:06.184+0700] {processor.py:157} INFO - Started process (PID=14077) to work on /Users/macbook/Documents/Documents_MacBook_Pro/ISTT/AirflowTutorial/envlibs/lib/python3.10/site-packages/airflow/example_dags/example_task_group_decorator.py
[2023-06-22T15:32:06.185+0700] {processor.py:826} INFO - Processing file /Users/macbook/Documents/Documents_MacBook_Pro/ISTT/AirflowTutorial/envlibs/lib/python3.10/site-packages/airflow/example_dags/example_task_group_decorator.py for tasks to queue
[2023-06-22T15:32:06.186+0700] {logging_mixin.py:149} INFO - [2023-06-22T15:32:06.185+0700] {dagbag.py:541} INFO - Filling up the DagBag from /Users/macbook/Documents/Documents_MacBook_Pro/ISTT/AirflowTutorial/envlibs/lib/python3.10/site-packages/airflow/example_dags/example_task_group_decorator.py
[2023-06-22T15:32:06.241+0700] {processor.py:836} INFO - DAG(s) dict_keys(['example_task_group_decorator']) retrieved from /Users/macbook/Documents/Documents_MacBook_Pro/ISTT/AirflowTutorial/envlibs/lib/python3.10/site-packages/airflow/example_dags/example_task_group_decorator.py
[2023-06-22T15:32:07.113+0700] {logging_mixin.py:149} INFO - [2023-06-22T15:32:07.113+0700] {dag.py:2726} INFO - Sync 1 DAGs
[2023-06-22T15:32:07.130+0700] {logging_mixin.py:149} INFO - [2023-06-22T15:32:07.129+0700] {dag.py:3486} INFO - Setting next_dagrun for example_task_group_decorator to 2023-06-21T08:32:07.129784+00:00, run_after=2023-06-22T08:32:07.129784+00:00
[2023-06-22T15:32:07.148+0700] {processor.py:179} INFO - Processing /Users/macbook/Documents/Documents_MacBook_Pro/ISTT/AirflowTutorial/envlibs/lib/python3.10/site-packages/airflow/example_dags/example_task_group_decorator.py took 0.965 seconds
[2023-06-22T15:34:10.431+0700] {processor.py:157} INFO - Started process (PID=14133) to work on /Users/macbook/Documents/Documents_MacBook_Pro/ISTT/AirflowTutorial/envlibs/lib/python3.10/site-packages/airflow/example_dags/example_task_group_decorator.py
[2023-06-22T15:34:10.433+0700] {processor.py:826} INFO - Processing file /Users/macbook/Documents/Documents_MacBook_Pro/ISTT/AirflowTutorial/envlibs/lib/python3.10/site-packages/airflow/example_dags/example_task_group_decorator.py for tasks to queue
[2023-06-22T15:34:10.433+0700] {logging_mixin.py:149} INFO - [2023-06-22T15:34:10.433+0700] {dagbag.py:541} INFO - Filling up the DagBag from /Users/macbook/Documents/Documents_MacBook_Pro/ISTT/AirflowTutorial/envlibs/lib/python3.10/site-packages/airflow/example_dags/example_task_group_decorator.py
[2023-06-22T15:34:10.495+0700] {processor.py:836} INFO - DAG(s) dict_keys(['example_task_group_decorator']) retrieved from /Users/macbook/Documents/Documents_MacBook_Pro/ISTT/AirflowTutorial/envlibs/lib/python3.10/site-packages/airflow/example_dags/example_task_group_decorator.py
[2023-06-22T15:34:11.339+0700] {logging_mixin.py:149} INFO - [2023-06-22T15:34:11.338+0700] {dag.py:2726} INFO - Sync 1 DAGs
[2023-06-22T15:34:11.355+0700] {logging_mixin.py:149} INFO - [2023-06-22T15:34:11.355+0700] {dag.py:3486} INFO - Setting next_dagrun for example_task_group_decorator to 2023-06-21T08:34:11.355159+00:00, run_after=2023-06-22T08:34:11.355159+00:00
[2023-06-22T15:34:11.376+0700] {processor.py:179} INFO - Processing /Users/macbook/Documents/Documents_MacBook_Pro/ISTT/AirflowTutorial/envlibs/lib/python3.10/site-packages/airflow/example_dags/example_task_group_decorator.py took 0.946 seconds
[2023-06-22T15:36:16.343+0700] {processor.py:157} INFO - Started process (PID=14190) to work on /Users/macbook/Documents/Documents_MacBook_Pro/ISTT/AirflowTutorial/envlibs/lib/python3.10/site-packages/airflow/example_dags/example_task_group_decorator.py
[2023-06-22T15:36:16.344+0700] {processor.py:826} INFO - Processing file /Users/macbook/Documents/Documents_MacBook_Pro/ISTT/AirflowTutorial/envlibs/lib/python3.10/site-packages/airflow/example_dags/example_task_group_decorator.py for tasks to queue
[2023-06-22T15:36:16.345+0700] {logging_mixin.py:149} INFO - [2023-06-22T15:36:16.345+0700] {dagbag.py:541} INFO - Filling up the DagBag from /Users/macbook/Documents/Documents_MacBook_Pro/ISTT/AirflowTutorial/envlibs/lib/python3.10/site-packages/airflow/example_dags/example_task_group_decorator.py
[2023-06-22T15:36:16.417+0700] {processor.py:836} INFO - DAG(s) dict_keys(['example_task_group_decorator']) retrieved from /Users/macbook/Documents/Documents_MacBook_Pro/ISTT/AirflowTutorial/envlibs/lib/python3.10/site-packages/airflow/example_dags/example_task_group_decorator.py
[2023-06-22T15:36:17.254+0700] {logging_mixin.py:149} INFO - [2023-06-22T15:36:17.254+0700] {dag.py:2726} INFO - Sync 1 DAGs
[2023-06-22T15:36:17.271+0700] {logging_mixin.py:149} INFO - [2023-06-22T15:36:17.270+0700] {dag.py:3486} INFO - Setting next_dagrun for example_task_group_decorator to 2023-06-21T08:36:17.270834+00:00, run_after=2023-06-22T08:36:17.270834+00:00
[2023-06-22T15:36:17.290+0700] {processor.py:179} INFO - Processing /Users/macbook/Documents/Documents_MacBook_Pro/ISTT/AirflowTutorial/envlibs/lib/python3.10/site-packages/airflow/example_dags/example_task_group_decorator.py took 0.947 seconds
[2023-06-22T15:38:28.347+0700] {processor.py:157} INFO - Started process (PID=14274) to work on /Users/macbook/Documents/Documents_MacBook_Pro/ISTT/AirflowTutorial/envlibs/lib/python3.10/site-packages/airflow/example_dags/example_task_group_decorator.py
[2023-06-22T15:38:28.348+0700] {processor.py:826} INFO - Processing file /Users/macbook/Documents/Documents_MacBook_Pro/ISTT/AirflowTutorial/envlibs/lib/python3.10/site-packages/airflow/example_dags/example_task_group_decorator.py for tasks to queue
[2023-06-22T15:38:28.349+0700] {logging_mixin.py:149} INFO - [2023-06-22T15:38:28.349+0700] {dagbag.py:541} INFO - Filling up the DagBag from /Users/macbook/Documents/Documents_MacBook_Pro/ISTT/AirflowTutorial/envlibs/lib/python3.10/site-packages/airflow/example_dags/example_task_group_decorator.py
[2023-06-22T15:38:28.410+0700] {processor.py:836} INFO - DAG(s) dict_keys(['example_task_group_decorator']) retrieved from /Users/macbook/Documents/Documents_MacBook_Pro/ISTT/AirflowTutorial/envlibs/lib/python3.10/site-packages/airflow/example_dags/example_task_group_decorator.py
[2023-06-22T15:38:29.367+0700] {logging_mixin.py:149} INFO - [2023-06-22T15:38:29.366+0700] {dag.py:2726} INFO - Sync 1 DAGs
[2023-06-22T15:38:29.385+0700] {logging_mixin.py:149} INFO - [2023-06-22T15:38:29.385+0700] {dag.py:3486} INFO - Setting next_dagrun for example_task_group_decorator to 2023-06-21T08:38:29.385563+00:00, run_after=2023-06-22T08:38:29.385563+00:00
[2023-06-22T15:38:29.407+0700] {processor.py:179} INFO - Processing /Users/macbook/Documents/Documents_MacBook_Pro/ISTT/AirflowTutorial/envlibs/lib/python3.10/site-packages/airflow/example_dags/example_task_group_decorator.py took 1.060 seconds
[2023-06-22T15:40:36.089+0700] {processor.py:157} INFO - Started process (PID=14328) to work on /Users/macbook/Documents/Documents_MacBook_Pro/ISTT/AirflowTutorial/envlibs/lib/python3.10/site-packages/airflow/example_dags/example_task_group_decorator.py
[2023-06-22T15:40:36.090+0700] {processor.py:826} INFO - Processing file /Users/macbook/Documents/Documents_MacBook_Pro/ISTT/AirflowTutorial/envlibs/lib/python3.10/site-packages/airflow/example_dags/example_task_group_decorator.py for tasks to queue
[2023-06-22T15:40:36.091+0700] {logging_mixin.py:149} INFO - [2023-06-22T15:40:36.091+0700] {dagbag.py:541} INFO - Filling up the DagBag from /Users/macbook/Documents/Documents_MacBook_Pro/ISTT/AirflowTutorial/envlibs/lib/python3.10/site-packages/airflow/example_dags/example_task_group_decorator.py
[2023-06-22T15:40:36.155+0700] {processor.py:836} INFO - DAG(s) dict_keys(['example_task_group_decorator']) retrieved from /Users/macbook/Documents/Documents_MacBook_Pro/ISTT/AirflowTutorial/envlibs/lib/python3.10/site-packages/airflow/example_dags/example_task_group_decorator.py
[2023-06-22T15:40:37.123+0700] {logging_mixin.py:149} INFO - [2023-06-22T15:40:37.122+0700] {dag.py:2726} INFO - Sync 1 DAGs
[2023-06-22T15:40:37.146+0700] {logging_mixin.py:149} INFO - [2023-06-22T15:40:37.146+0700] {dag.py:3486} INFO - Setting next_dagrun for example_task_group_decorator to 2023-06-21T08:40:37.146170+00:00, run_after=2023-06-22T08:40:37.146170+00:00
[2023-06-22T15:40:37.176+0700] {processor.py:179} INFO - Processing /Users/macbook/Documents/Documents_MacBook_Pro/ISTT/AirflowTutorial/envlibs/lib/python3.10/site-packages/airflow/example_dags/example_task_group_decorator.py took 1.088 seconds
[2023-06-22T15:42:49.688+0700] {processor.py:157} INFO - Started process (PID=14411) to work on /Users/macbook/Documents/Documents_MacBook_Pro/ISTT/AirflowTutorial/envlibs/lib/python3.10/site-packages/airflow/example_dags/example_task_group_decorator.py
[2023-06-22T15:42:49.690+0700] {processor.py:826} INFO - Processing file /Users/macbook/Documents/Documents_MacBook_Pro/ISTT/AirflowTutorial/envlibs/lib/python3.10/site-packages/airflow/example_dags/example_task_group_decorator.py for tasks to queue
[2023-06-22T15:42:49.690+0700] {logging_mixin.py:149} INFO - [2023-06-22T15:42:49.690+0700] {dagbag.py:541} INFO - Filling up the DagBag from /Users/macbook/Documents/Documents_MacBook_Pro/ISTT/AirflowTutorial/envlibs/lib/python3.10/site-packages/airflow/example_dags/example_task_group_decorator.py
[2023-06-22T15:42:49.751+0700] {processor.py:836} INFO - DAG(s) dict_keys(['example_task_group_decorator']) retrieved from /Users/macbook/Documents/Documents_MacBook_Pro/ISTT/AirflowTutorial/envlibs/lib/python3.10/site-packages/airflow/example_dags/example_task_group_decorator.py
[2023-06-22T15:42:50.566+0700] {logging_mixin.py:149} INFO - [2023-06-22T15:42:50.565+0700] {dag.py:2726} INFO - Sync 1 DAGs
[2023-06-22T15:42:50.582+0700] {logging_mixin.py:149} INFO - [2023-06-22T15:42:50.582+0700] {dag.py:3486} INFO - Setting next_dagrun for example_task_group_decorator to 2023-06-21T08:42:50.582240+00:00, run_after=2023-06-22T08:42:50.582240+00:00
[2023-06-22T15:42:50.603+0700] {processor.py:179} INFO - Processing /Users/macbook/Documents/Documents_MacBook_Pro/ISTT/AirflowTutorial/envlibs/lib/python3.10/site-packages/airflow/example_dags/example_task_group_decorator.py took 0.915 seconds
[2023-06-22T15:44:56.358+0700] {processor.py:157} INFO - Started process (PID=14465) to work on /Users/macbook/Documents/Documents_MacBook_Pro/ISTT/AirflowTutorial/envlibs/lib/python3.10/site-packages/airflow/example_dags/example_task_group_decorator.py
[2023-06-22T15:44:56.359+0700] {processor.py:826} INFO - Processing file /Users/macbook/Documents/Documents_MacBook_Pro/ISTT/AirflowTutorial/envlibs/lib/python3.10/site-packages/airflow/example_dags/example_task_group_decorator.py for tasks to queue
[2023-06-22T15:44:56.360+0700] {logging_mixin.py:149} INFO - [2023-06-22T15:44:56.359+0700] {dagbag.py:541} INFO - Filling up the DagBag from /Users/macbook/Documents/Documents_MacBook_Pro/ISTT/AirflowTutorial/envlibs/lib/python3.10/site-packages/airflow/example_dags/example_task_group_decorator.py
[2023-06-22T15:44:56.427+0700] {processor.py:836} INFO - DAG(s) dict_keys(['example_task_group_decorator']) retrieved from /Users/macbook/Documents/Documents_MacBook_Pro/ISTT/AirflowTutorial/envlibs/lib/python3.10/site-packages/airflow/example_dags/example_task_group_decorator.py
[2023-06-22T15:44:57.310+0700] {logging_mixin.py:149} INFO - [2023-06-22T15:44:57.310+0700] {dag.py:2726} INFO - Sync 1 DAGs
[2023-06-22T15:44:57.328+0700] {logging_mixin.py:149} INFO - [2023-06-22T15:44:57.327+0700] {dag.py:3486} INFO - Setting next_dagrun for example_task_group_decorator to 2023-06-21T08:44:57.327722+00:00, run_after=2023-06-22T08:44:57.327722+00:00
[2023-06-22T15:44:57.348+0700] {processor.py:179} INFO - Processing /Users/macbook/Documents/Documents_MacBook_Pro/ISTT/AirflowTutorial/envlibs/lib/python3.10/site-packages/airflow/example_dags/example_task_group_decorator.py took 0.991 seconds
[2023-06-22T15:47:10.798+0700] {processor.py:157} INFO - Started process (PID=14556) to work on /Users/macbook/Documents/Documents_MacBook_Pro/ISTT/AirflowTutorial/envlibs/lib/python3.10/site-packages/airflow/example_dags/example_task_group_decorator.py
[2023-06-22T15:47:10.799+0700] {processor.py:826} INFO - Processing file /Users/macbook/Documents/Documents_MacBook_Pro/ISTT/AirflowTutorial/envlibs/lib/python3.10/site-packages/airflow/example_dags/example_task_group_decorator.py for tasks to queue
[2023-06-22T15:47:10.800+0700] {logging_mixin.py:149} INFO - [2023-06-22T15:47:10.800+0700] {dagbag.py:541} INFO - Filling up the DagBag from /Users/macbook/Documents/Documents_MacBook_Pro/ISTT/AirflowTutorial/envlibs/lib/python3.10/site-packages/airflow/example_dags/example_task_group_decorator.py
[2023-06-22T15:47:10.869+0700] {processor.py:836} INFO - DAG(s) dict_keys(['example_task_group_decorator']) retrieved from /Users/macbook/Documents/Documents_MacBook_Pro/ISTT/AirflowTutorial/envlibs/lib/python3.10/site-packages/airflow/example_dags/example_task_group_decorator.py
[2023-06-22T15:47:11.658+0700] {logging_mixin.py:149} INFO - [2023-06-22T15:47:11.657+0700] {dag.py:2726} INFO - Sync 1 DAGs
[2023-06-22T15:47:11.678+0700] {logging_mixin.py:149} INFO - [2023-06-22T15:47:11.677+0700] {dag.py:3486} INFO - Setting next_dagrun for example_task_group_decorator to 2023-06-21T08:47:11.677742+00:00, run_after=2023-06-22T08:47:11.677742+00:00
[2023-06-22T15:47:11.698+0700] {processor.py:179} INFO - Processing /Users/macbook/Documents/Documents_MacBook_Pro/ISTT/AirflowTutorial/envlibs/lib/python3.10/site-packages/airflow/example_dags/example_task_group_decorator.py took 0.901 seconds
[2023-06-22T15:49:26.548+0700] {processor.py:157} INFO - Started process (PID=14638) to work on /Users/macbook/Documents/Documents_MacBook_Pro/ISTT/AirflowTutorial/envlibs/lib/python3.10/site-packages/airflow/example_dags/example_task_group_decorator.py
[2023-06-22T15:49:26.549+0700] {processor.py:826} INFO - Processing file /Users/macbook/Documents/Documents_MacBook_Pro/ISTT/AirflowTutorial/envlibs/lib/python3.10/site-packages/airflow/example_dags/example_task_group_decorator.py for tasks to queue
[2023-06-22T15:49:26.550+0700] {logging_mixin.py:149} INFO - [2023-06-22T15:49:26.550+0700] {dagbag.py:541} INFO - Filling up the DagBag from /Users/macbook/Documents/Documents_MacBook_Pro/ISTT/AirflowTutorial/envlibs/lib/python3.10/site-packages/airflow/example_dags/example_task_group_decorator.py
[2023-06-22T15:49:26.622+0700] {processor.py:836} INFO - DAG(s) dict_keys(['example_task_group_decorator']) retrieved from /Users/macbook/Documents/Documents_MacBook_Pro/ISTT/AirflowTutorial/envlibs/lib/python3.10/site-packages/airflow/example_dags/example_task_group_decorator.py
[2023-06-22T15:49:27.452+0700] {logging_mixin.py:149} INFO - [2023-06-22T15:49:27.452+0700] {dag.py:2726} INFO - Sync 1 DAGs
[2023-06-22T15:49:27.470+0700] {logging_mixin.py:149} INFO - [2023-06-22T15:49:27.470+0700] {dag.py:3486} INFO - Setting next_dagrun for example_task_group_decorator to 2023-06-21T08:49:27.470399+00:00, run_after=2023-06-22T08:49:27.470399+00:00
[2023-06-22T15:49:27.494+0700] {processor.py:179} INFO - Processing /Users/macbook/Documents/Documents_MacBook_Pro/ISTT/AirflowTutorial/envlibs/lib/python3.10/site-packages/airflow/example_dags/example_task_group_decorator.py took 0.947 seconds
[2023-06-22T15:51:36.457+0700] {processor.py:157} INFO - Started process (PID=14692) to work on /Users/macbook/Documents/Documents_MacBook_Pro/ISTT/AirflowTutorial/envlibs/lib/python3.10/site-packages/airflow/example_dags/example_task_group_decorator.py
[2023-06-22T15:51:36.458+0700] {processor.py:826} INFO - Processing file /Users/macbook/Documents/Documents_MacBook_Pro/ISTT/AirflowTutorial/envlibs/lib/python3.10/site-packages/airflow/example_dags/example_task_group_decorator.py for tasks to queue
[2023-06-22T15:51:36.459+0700] {logging_mixin.py:149} INFO - [2023-06-22T15:51:36.459+0700] {dagbag.py:541} INFO - Filling up the DagBag from /Users/macbook/Documents/Documents_MacBook_Pro/ISTT/AirflowTutorial/envlibs/lib/python3.10/site-packages/airflow/example_dags/example_task_group_decorator.py
[2023-06-22T15:51:36.516+0700] {processor.py:836} INFO - DAG(s) dict_keys(['example_task_group_decorator']) retrieved from /Users/macbook/Documents/Documents_MacBook_Pro/ISTT/AirflowTutorial/envlibs/lib/python3.10/site-packages/airflow/example_dags/example_task_group_decorator.py
[2023-06-22T15:51:37.267+0700] {logging_mixin.py:149} INFO - [2023-06-22T15:51:37.267+0700] {dag.py:2726} INFO - Sync 1 DAGs
[2023-06-22T15:51:37.283+0700] {logging_mixin.py:149} INFO - [2023-06-22T15:51:37.283+0700] {dag.py:3486} INFO - Setting next_dagrun for example_task_group_decorator to 2023-06-21T08:51:37.282882+00:00, run_after=2023-06-22T08:51:37.282882+00:00
[2023-06-22T15:51:37.301+0700] {processor.py:179} INFO - Processing /Users/macbook/Documents/Documents_MacBook_Pro/ISTT/AirflowTutorial/envlibs/lib/python3.10/site-packages/airflow/example_dags/example_task_group_decorator.py took 0.845 seconds
[2023-06-22T15:53:59.955+0700] {processor.py:157} INFO - Started process (PID=14801) to work on /Users/macbook/Documents/Documents_MacBook_Pro/ISTT/AirflowTutorial/envlibs/lib/python3.10/site-packages/airflow/example_dags/example_task_group_decorator.py
[2023-06-22T15:53:59.957+0700] {processor.py:826} INFO - Processing file /Users/macbook/Documents/Documents_MacBook_Pro/ISTT/AirflowTutorial/envlibs/lib/python3.10/site-packages/airflow/example_dags/example_task_group_decorator.py for tasks to queue
[2023-06-22T15:53:59.958+0700] {logging_mixin.py:149} INFO - [2023-06-22T15:53:59.958+0700] {dagbag.py:541} INFO - Filling up the DagBag from /Users/macbook/Documents/Documents_MacBook_Pro/ISTT/AirflowTutorial/envlibs/lib/python3.10/site-packages/airflow/example_dags/example_task_group_decorator.py
[2023-06-22T15:54:00.100+0700] {processor.py:836} INFO - DAG(s) dict_keys(['example_task_group_decorator']) retrieved from /Users/macbook/Documents/Documents_MacBook_Pro/ISTT/AirflowTutorial/envlibs/lib/python3.10/site-packages/airflow/example_dags/example_task_group_decorator.py
[2023-06-22T15:54:01.420+0700] {logging_mixin.py:149} INFO - [2023-06-22T15:54:01.420+0700] {dag.py:2726} INFO - Sync 1 DAGs
[2023-06-22T15:54:01.440+0700] {logging_mixin.py:149} INFO - [2023-06-22T15:54:01.439+0700] {dag.py:3486} INFO - Setting next_dagrun for example_task_group_decorator to 2023-06-21T08:54:01.439786+00:00, run_after=2023-06-22T08:54:01.439786+00:00
[2023-06-22T15:54:01.463+0700] {processor.py:179} INFO - Processing /Users/macbook/Documents/Documents_MacBook_Pro/ISTT/AirflowTutorial/envlibs/lib/python3.10/site-packages/airflow/example_dags/example_task_group_decorator.py took 1.510 seconds
[2023-06-22T15:56:11.191+0700] {processor.py:157} INFO - Started process (PID=14881) to work on /Users/macbook/Documents/Documents_MacBook_Pro/ISTT/AirflowTutorial/envlibs/lib/python3.10/site-packages/airflow/example_dags/example_task_group_decorator.py
[2023-06-22T15:56:11.193+0700] {processor.py:826} INFO - Processing file /Users/macbook/Documents/Documents_MacBook_Pro/ISTT/AirflowTutorial/envlibs/lib/python3.10/site-packages/airflow/example_dags/example_task_group_decorator.py for tasks to queue
[2023-06-22T15:56:11.194+0700] {logging_mixin.py:149} INFO - [2023-06-22T15:56:11.194+0700] {dagbag.py:541} INFO - Filling up the DagBag from /Users/macbook/Documents/Documents_MacBook_Pro/ISTT/AirflowTutorial/envlibs/lib/python3.10/site-packages/airflow/example_dags/example_task_group_decorator.py
[2023-06-22T15:56:11.260+0700] {processor.py:836} INFO - DAG(s) dict_keys(['example_task_group_decorator']) retrieved from /Users/macbook/Documents/Documents_MacBook_Pro/ISTT/AirflowTutorial/envlibs/lib/python3.10/site-packages/airflow/example_dags/example_task_group_decorator.py
[2023-06-22T15:56:12.104+0700] {logging_mixin.py:149} INFO - [2023-06-22T15:56:12.103+0700] {dag.py:2726} INFO - Sync 1 DAGs
[2023-06-22T15:56:12.121+0700] {logging_mixin.py:149} INFO - [2023-06-22T15:56:12.120+0700] {dag.py:3486} INFO - Setting next_dagrun for example_task_group_decorator to 2023-06-21T08:56:12.120736+00:00, run_after=2023-06-22T08:56:12.120736+00:00
[2023-06-22T15:56:12.147+0700] {processor.py:179} INFO - Processing /Users/macbook/Documents/Documents_MacBook_Pro/ISTT/AirflowTutorial/envlibs/lib/python3.10/site-packages/airflow/example_dags/example_task_group_decorator.py took 0.956 seconds
[2023-06-22T15:58:28.555+0700] {processor.py:157} INFO - Started process (PID=14945) to work on /Users/macbook/Documents/Documents_MacBook_Pro/ISTT/AirflowTutorial/envlibs/lib/python3.10/site-packages/airflow/example_dags/example_task_group_decorator.py
[2023-06-22T15:58:28.556+0700] {processor.py:826} INFO - Processing file /Users/macbook/Documents/Documents_MacBook_Pro/ISTT/AirflowTutorial/envlibs/lib/python3.10/site-packages/airflow/example_dags/example_task_group_decorator.py for tasks to queue
[2023-06-22T15:58:28.557+0700] {logging_mixin.py:149} INFO - [2023-06-22T15:58:28.557+0700] {dagbag.py:541} INFO - Filling up the DagBag from /Users/macbook/Documents/Documents_MacBook_Pro/ISTT/AirflowTutorial/envlibs/lib/python3.10/site-packages/airflow/example_dags/example_task_group_decorator.py
[2023-06-22T15:58:28.631+0700] {processor.py:836} INFO - DAG(s) dict_keys(['example_task_group_decorator']) retrieved from /Users/macbook/Documents/Documents_MacBook_Pro/ISTT/AirflowTutorial/envlibs/lib/python3.10/site-packages/airflow/example_dags/example_task_group_decorator.py
[2023-06-22T15:58:29.526+0700] {logging_mixin.py:149} INFO - [2023-06-22T15:58:29.526+0700] {dag.py:2726} INFO - Sync 1 DAGs
[2023-06-22T15:58:29.542+0700] {logging_mixin.py:149} INFO - [2023-06-22T15:58:29.542+0700] {dag.py:3486} INFO - Setting next_dagrun for example_task_group_decorator to 2023-06-21T08:58:29.542601+00:00, run_after=2023-06-22T08:58:29.542601+00:00
[2023-06-22T15:58:29.563+0700] {processor.py:179} INFO - Processing /Users/macbook/Documents/Documents_MacBook_Pro/ISTT/AirflowTutorial/envlibs/lib/python3.10/site-packages/airflow/example_dags/example_task_group_decorator.py took 1.009 seconds
[2023-06-22T16:00:43.201+0700] {processor.py:157} INFO - Started process (PID=14997) to work on /Users/macbook/Documents/Documents_MacBook_Pro/ISTT/AirflowTutorial/envlibs/lib/python3.10/site-packages/airflow/example_dags/example_task_group_decorator.py
[2023-06-22T16:00:43.203+0700] {processor.py:826} INFO - Processing file /Users/macbook/Documents/Documents_MacBook_Pro/ISTT/AirflowTutorial/envlibs/lib/python3.10/site-packages/airflow/example_dags/example_task_group_decorator.py for tasks to queue
[2023-06-22T16:00:43.203+0700] {logging_mixin.py:149} INFO - [2023-06-22T16:00:43.203+0700] {dagbag.py:541} INFO - Filling up the DagBag from /Users/macbook/Documents/Documents_MacBook_Pro/ISTT/AirflowTutorial/envlibs/lib/python3.10/site-packages/airflow/example_dags/example_task_group_decorator.py
[2023-06-22T16:00:43.265+0700] {processor.py:836} INFO - DAG(s) dict_keys(['example_task_group_decorator']) retrieved from /Users/macbook/Documents/Documents_MacBook_Pro/ISTT/AirflowTutorial/envlibs/lib/python3.10/site-packages/airflow/example_dags/example_task_group_decorator.py
[2023-06-22T16:00:44.078+0700] {logging_mixin.py:149} INFO - [2023-06-22T16:00:44.078+0700] {dag.py:2726} INFO - Sync 1 DAGs
[2023-06-22T16:00:44.094+0700] {logging_mixin.py:149} INFO - [2023-06-22T16:00:44.093+0700] {dag.py:3486} INFO - Setting next_dagrun for example_task_group_decorator to 2023-06-21T09:00:44.093844+00:00, run_after=2023-06-22T09:00:44.093844+00:00
[2023-06-22T16:00:44.112+0700] {processor.py:179} INFO - Processing /Users/macbook/Documents/Documents_MacBook_Pro/ISTT/AirflowTutorial/envlibs/lib/python3.10/site-packages/airflow/example_dags/example_task_group_decorator.py took 0.912 seconds
[2023-06-22T16:02:57.257+0700] {processor.py:157} INFO - Started process (PID=15058) to work on /Users/macbook/Documents/Documents_MacBook_Pro/ISTT/AirflowTutorial/envlibs/lib/python3.10/site-packages/airflow/example_dags/example_task_group_decorator.py
[2023-06-22T16:02:57.259+0700] {processor.py:826} INFO - Processing file /Users/macbook/Documents/Documents_MacBook_Pro/ISTT/AirflowTutorial/envlibs/lib/python3.10/site-packages/airflow/example_dags/example_task_group_decorator.py for tasks to queue
[2023-06-22T16:02:57.260+0700] {logging_mixin.py:149} INFO - [2023-06-22T16:02:57.260+0700] {dagbag.py:541} INFO - Filling up the DagBag from /Users/macbook/Documents/Documents_MacBook_Pro/ISTT/AirflowTutorial/envlibs/lib/python3.10/site-packages/airflow/example_dags/example_task_group_decorator.py
[2023-06-22T16:02:57.324+0700] {processor.py:836} INFO - DAG(s) dict_keys(['example_task_group_decorator']) retrieved from /Users/macbook/Documents/Documents_MacBook_Pro/ISTT/AirflowTutorial/envlibs/lib/python3.10/site-packages/airflow/example_dags/example_task_group_decorator.py
[2023-06-22T16:02:58.082+0700] {logging_mixin.py:149} INFO - [2023-06-22T16:02:58.082+0700] {dag.py:2726} INFO - Sync 1 DAGs
[2023-06-22T16:02:58.098+0700] {logging_mixin.py:149} INFO - [2023-06-22T16:02:58.098+0700] {dag.py:3486} INFO - Setting next_dagrun for example_task_group_decorator to 2023-06-21T09:02:58.098273+00:00, run_after=2023-06-22T09:02:58.098273+00:00
[2023-06-22T16:02:58.116+0700] {processor.py:179} INFO - Processing /Users/macbook/Documents/Documents_MacBook_Pro/ISTT/AirflowTutorial/envlibs/lib/python3.10/site-packages/airflow/example_dags/example_task_group_decorator.py took 0.860 seconds
[2023-06-22T16:05:10.146+0700] {processor.py:157} INFO - Started process (PID=15121) to work on /Users/macbook/Documents/Documents_MacBook_Pro/ISTT/AirflowTutorial/envlibs/lib/python3.10/site-packages/airflow/example_dags/example_task_group_decorator.py
[2023-06-22T16:05:10.147+0700] {processor.py:826} INFO - Processing file /Users/macbook/Documents/Documents_MacBook_Pro/ISTT/AirflowTutorial/envlibs/lib/python3.10/site-packages/airflow/example_dags/example_task_group_decorator.py for tasks to queue
[2023-06-22T16:05:10.147+0700] {logging_mixin.py:149} INFO - [2023-06-22T16:05:10.147+0700] {dagbag.py:541} INFO - Filling up the DagBag from /Users/macbook/Documents/Documents_MacBook_Pro/ISTT/AirflowTutorial/envlibs/lib/python3.10/site-packages/airflow/example_dags/example_task_group_decorator.py
[2023-06-22T16:05:10.211+0700] {processor.py:836} INFO - DAG(s) dict_keys(['example_task_group_decorator']) retrieved from /Users/macbook/Documents/Documents_MacBook_Pro/ISTT/AirflowTutorial/envlibs/lib/python3.10/site-packages/airflow/example_dags/example_task_group_decorator.py
[2023-06-22T16:05:11.146+0700] {logging_mixin.py:149} INFO - [2023-06-22T16:05:11.145+0700] {dag.py:2726} INFO - Sync 1 DAGs
[2023-06-22T16:05:11.165+0700] {logging_mixin.py:149} INFO - [2023-06-22T16:05:11.165+0700] {dag.py:3486} INFO - Setting next_dagrun for example_task_group_decorator to 2023-06-21T09:05:11.164947+00:00, run_after=2023-06-22T09:05:11.164947+00:00
[2023-06-22T16:05:11.191+0700] {processor.py:179} INFO - Processing /Users/macbook/Documents/Documents_MacBook_Pro/ISTT/AirflowTutorial/envlibs/lib/python3.10/site-packages/airflow/example_dags/example_task_group_decorator.py took 1.046 seconds
[2023-06-22T16:07:15.017+0700] {processor.py:157} INFO - Started process (PID=15183) to work on /Users/macbook/Documents/Documents_MacBook_Pro/ISTT/AirflowTutorial/envlibs/lib/python3.10/site-packages/airflow/example_dags/example_task_group_decorator.py
[2023-06-22T16:07:15.019+0700] {processor.py:826} INFO - Processing file /Users/macbook/Documents/Documents_MacBook_Pro/ISTT/AirflowTutorial/envlibs/lib/python3.10/site-packages/airflow/example_dags/example_task_group_decorator.py for tasks to queue
[2023-06-22T16:07:15.020+0700] {logging_mixin.py:149} INFO - [2023-06-22T16:07:15.020+0700] {dagbag.py:541} INFO - Filling up the DagBag from /Users/macbook/Documents/Documents_MacBook_Pro/ISTT/AirflowTutorial/envlibs/lib/python3.10/site-packages/airflow/example_dags/example_task_group_decorator.py
[2023-06-22T16:07:15.075+0700] {processor.py:836} INFO - DAG(s) dict_keys(['example_task_group_decorator']) retrieved from /Users/macbook/Documents/Documents_MacBook_Pro/ISTT/AirflowTutorial/envlibs/lib/python3.10/site-packages/airflow/example_dags/example_task_group_decorator.py
[2023-06-22T16:07:15.797+0700] {logging_mixin.py:149} INFO - [2023-06-22T16:07:15.796+0700] {dag.py:2726} INFO - Sync 1 DAGs
[2023-06-22T16:07:15.812+0700] {logging_mixin.py:149} INFO - [2023-06-22T16:07:15.812+0700] {dag.py:3486} INFO - Setting next_dagrun for example_task_group_decorator to 2023-06-21T09:07:15.812205+00:00, run_after=2023-06-22T09:07:15.812205+00:00
[2023-06-22T16:07:15.829+0700] {processor.py:179} INFO - Processing /Users/macbook/Documents/Documents_MacBook_Pro/ISTT/AirflowTutorial/envlibs/lib/python3.10/site-packages/airflow/example_dags/example_task_group_decorator.py took 0.812 seconds
[2023-06-22T16:09:29.877+0700] {processor.py:157} INFO - Started process (PID=15240) to work on /Users/macbook/Documents/Documents_MacBook_Pro/ISTT/AirflowTutorial/envlibs/lib/python3.10/site-packages/airflow/example_dags/example_task_group_decorator.py
[2023-06-22T16:09:29.879+0700] {processor.py:826} INFO - Processing file /Users/macbook/Documents/Documents_MacBook_Pro/ISTT/AirflowTutorial/envlibs/lib/python3.10/site-packages/airflow/example_dags/example_task_group_decorator.py for tasks to queue
[2023-06-22T16:09:29.879+0700] {logging_mixin.py:149} INFO - [2023-06-22T16:09:29.879+0700] {dagbag.py:541} INFO - Filling up the DagBag from /Users/macbook/Documents/Documents_MacBook_Pro/ISTT/AirflowTutorial/envlibs/lib/python3.10/site-packages/airflow/example_dags/example_task_group_decorator.py
[2023-06-22T16:09:29.940+0700] {processor.py:836} INFO - DAG(s) dict_keys(['example_task_group_decorator']) retrieved from /Users/macbook/Documents/Documents_MacBook_Pro/ISTT/AirflowTutorial/envlibs/lib/python3.10/site-packages/airflow/example_dags/example_task_group_decorator.py
[2023-06-22T16:09:30.731+0700] {logging_mixin.py:149} INFO - [2023-06-22T16:09:30.731+0700] {dag.py:2726} INFO - Sync 1 DAGs
[2023-06-22T16:09:30.747+0700] {logging_mixin.py:149} INFO - [2023-06-22T16:09:30.747+0700] {dag.py:3486} INFO - Setting next_dagrun for example_task_group_decorator to 2023-06-21T09:09:30.747515+00:00, run_after=2023-06-22T09:09:30.747515+00:00
[2023-06-22T16:09:30.766+0700] {processor.py:179} INFO - Processing /Users/macbook/Documents/Documents_MacBook_Pro/ISTT/AirflowTutorial/envlibs/lib/python3.10/site-packages/airflow/example_dags/example_task_group_decorator.py took 0.890 seconds
[2023-06-22T16:11:26.095+0700] {processor.py:157} INFO - Started process (PID=15299) to work on /Users/macbook/Documents/Documents_MacBook_Pro/ISTT/AirflowTutorial/envlibs/lib/python3.10/site-packages/airflow/example_dags/example_task_group_decorator.py
[2023-06-22T16:11:26.095+0700] {processor.py:826} INFO - Processing file /Users/macbook/Documents/Documents_MacBook_Pro/ISTT/AirflowTutorial/envlibs/lib/python3.10/site-packages/airflow/example_dags/example_task_group_decorator.py for tasks to queue
[2023-06-22T16:11:26.096+0700] {logging_mixin.py:149} INFO - [2023-06-22T16:11:26.096+0700] {dagbag.py:541} INFO - Filling up the DagBag from /Users/macbook/Documents/Documents_MacBook_Pro/ISTT/AirflowTutorial/envlibs/lib/python3.10/site-packages/airflow/example_dags/example_task_group_decorator.py
[2023-06-22T16:11:26.150+0700] {processor.py:836} INFO - DAG(s) dict_keys(['example_task_group_decorator']) retrieved from /Users/macbook/Documents/Documents_MacBook_Pro/ISTT/AirflowTutorial/envlibs/lib/python3.10/site-packages/airflow/example_dags/example_task_group_decorator.py
[2023-06-22T16:11:26.850+0700] {logging_mixin.py:149} INFO - [2023-06-22T16:11:26.850+0700] {dag.py:2726} INFO - Sync 1 DAGs
[2023-06-22T16:11:26.864+0700] {logging_mixin.py:149} INFO - [2023-06-22T16:11:26.864+0700] {dag.py:3486} INFO - Setting next_dagrun for example_task_group_decorator to 2023-06-21T09:11:26.864209+00:00, run_after=2023-06-22T09:11:26.864209+00:00
[2023-06-22T16:11:26.883+0700] {processor.py:179} INFO - Processing /Users/macbook/Documents/Documents_MacBook_Pro/ISTT/AirflowTutorial/envlibs/lib/python3.10/site-packages/airflow/example_dags/example_task_group_decorator.py took 0.789 seconds
[2023-06-22T16:13:15.574+0700] {processor.py:157} INFO - Started process (PID=15352) to work on /Users/macbook/Documents/Documents_MacBook_Pro/ISTT/AirflowTutorial/envlibs/lib/python3.10/site-packages/airflow/example_dags/example_task_group_decorator.py
[2023-06-22T16:13:15.575+0700] {processor.py:826} INFO - Processing file /Users/macbook/Documents/Documents_MacBook_Pro/ISTT/AirflowTutorial/envlibs/lib/python3.10/site-packages/airflow/example_dags/example_task_group_decorator.py for tasks to queue
[2023-06-22T16:13:15.576+0700] {logging_mixin.py:149} INFO - [2023-06-22T16:13:15.575+0700] {dagbag.py:541} INFO - Filling up the DagBag from /Users/macbook/Documents/Documents_MacBook_Pro/ISTT/AirflowTutorial/envlibs/lib/python3.10/site-packages/airflow/example_dags/example_task_group_decorator.py
[2023-06-22T16:13:15.630+0700] {processor.py:836} INFO - DAG(s) dict_keys(['example_task_group_decorator']) retrieved from /Users/macbook/Documents/Documents_MacBook_Pro/ISTT/AirflowTutorial/envlibs/lib/python3.10/site-packages/airflow/example_dags/example_task_group_decorator.py
[2023-06-22T16:13:16.418+0700] {logging_mixin.py:149} INFO - [2023-06-22T16:13:16.418+0700] {dag.py:2726} INFO - Sync 1 DAGs
[2023-06-22T16:13:16.434+0700] {logging_mixin.py:149} INFO - [2023-06-22T16:13:16.434+0700] {dag.py:3486} INFO - Setting next_dagrun for example_task_group_decorator to 2023-06-21T09:13:16.434467+00:00, run_after=2023-06-22T09:13:16.434467+00:00
[2023-06-22T16:13:16.456+0700] {processor.py:179} INFO - Processing /Users/macbook/Documents/Documents_MacBook_Pro/ISTT/AirflowTutorial/envlibs/lib/python3.10/site-packages/airflow/example_dags/example_task_group_decorator.py took 0.882 seconds
[2023-06-22T16:15:21.210+0700] {processor.py:157} INFO - Started process (PID=15405) to work on /Users/macbook/Documents/Documents_MacBook_Pro/ISTT/AirflowTutorial/envlibs/lib/python3.10/site-packages/airflow/example_dags/example_task_group_decorator.py
[2023-06-22T16:15:21.211+0700] {processor.py:826} INFO - Processing file /Users/macbook/Documents/Documents_MacBook_Pro/ISTT/AirflowTutorial/envlibs/lib/python3.10/site-packages/airflow/example_dags/example_task_group_decorator.py for tasks to queue
[2023-06-22T16:15:21.212+0700] {logging_mixin.py:149} INFO - [2023-06-22T16:15:21.212+0700] {dagbag.py:541} INFO - Filling up the DagBag from /Users/macbook/Documents/Documents_MacBook_Pro/ISTT/AirflowTutorial/envlibs/lib/python3.10/site-packages/airflow/example_dags/example_task_group_decorator.py
[2023-06-22T16:15:21.266+0700] {processor.py:836} INFO - DAG(s) dict_keys(['example_task_group_decorator']) retrieved from /Users/macbook/Documents/Documents_MacBook_Pro/ISTT/AirflowTutorial/envlibs/lib/python3.10/site-packages/airflow/example_dags/example_task_group_decorator.py
[2023-06-22T16:15:22.188+0700] {logging_mixin.py:149} INFO - [2023-06-22T16:15:22.188+0700] {dag.py:2726} INFO - Sync 1 DAGs
[2023-06-22T16:15:22.204+0700] {logging_mixin.py:149} INFO - [2023-06-22T16:15:22.204+0700] {dag.py:3486} INFO - Setting next_dagrun for example_task_group_decorator to 2023-06-21T09:15:22.204585+00:00, run_after=2023-06-22T09:15:22.204585+00:00
[2023-06-22T16:15:22.225+0700] {processor.py:179} INFO - Processing /Users/macbook/Documents/Documents_MacBook_Pro/ISTT/AirflowTutorial/envlibs/lib/python3.10/site-packages/airflow/example_dags/example_task_group_decorator.py took 1.015 seconds
[2023-06-22T16:17:29.992+0700] {processor.py:157} INFO - Started process (PID=15461) to work on /Users/macbook/Documents/Documents_MacBook_Pro/ISTT/AirflowTutorial/envlibs/lib/python3.10/site-packages/airflow/example_dags/example_task_group_decorator.py
[2023-06-22T16:17:29.993+0700] {processor.py:826} INFO - Processing file /Users/macbook/Documents/Documents_MacBook_Pro/ISTT/AirflowTutorial/envlibs/lib/python3.10/site-packages/airflow/example_dags/example_task_group_decorator.py for tasks to queue
[2023-06-22T16:17:29.994+0700] {logging_mixin.py:149} INFO - [2023-06-22T16:17:29.994+0700] {dagbag.py:541} INFO - Filling up the DagBag from /Users/macbook/Documents/Documents_MacBook_Pro/ISTT/AirflowTutorial/envlibs/lib/python3.10/site-packages/airflow/example_dags/example_task_group_decorator.py
[2023-06-22T16:17:30.056+0700] {processor.py:836} INFO - DAG(s) dict_keys(['example_task_group_decorator']) retrieved from /Users/macbook/Documents/Documents_MacBook_Pro/ISTT/AirflowTutorial/envlibs/lib/python3.10/site-packages/airflow/example_dags/example_task_group_decorator.py
[2023-06-22T16:17:31.025+0700] {logging_mixin.py:149} INFO - [2023-06-22T16:17:31.025+0700] {dag.py:2726} INFO - Sync 1 DAGs
[2023-06-22T16:17:31.043+0700] {logging_mixin.py:149} INFO - [2023-06-22T16:17:31.043+0700] {dag.py:3486} INFO - Setting next_dagrun for example_task_group_decorator to 2023-06-21T09:17:31.043223+00:00, run_after=2023-06-22T09:17:31.043223+00:00
[2023-06-22T16:17:31.065+0700] {processor.py:179} INFO - Processing /Users/macbook/Documents/Documents_MacBook_Pro/ISTT/AirflowTutorial/envlibs/lib/python3.10/site-packages/airflow/example_dags/example_task_group_decorator.py took 1.074 seconds
[2023-06-22T16:19:45.259+0700] {processor.py:157} INFO - Started process (PID=15564) to work on /Users/macbook/Documents/Documents_MacBook_Pro/ISTT/AirflowTutorial/envlibs/lib/python3.10/site-packages/airflow/example_dags/example_task_group_decorator.py
[2023-06-22T16:19:45.261+0700] {processor.py:826} INFO - Processing file /Users/macbook/Documents/Documents_MacBook_Pro/ISTT/AirflowTutorial/envlibs/lib/python3.10/site-packages/airflow/example_dags/example_task_group_decorator.py for tasks to queue
[2023-06-22T16:19:45.261+0700] {logging_mixin.py:149} INFO - [2023-06-22T16:19:45.261+0700] {dagbag.py:541} INFO - Filling up the DagBag from /Users/macbook/Documents/Documents_MacBook_Pro/ISTT/AirflowTutorial/envlibs/lib/python3.10/site-packages/airflow/example_dags/example_task_group_decorator.py
[2023-06-22T16:19:45.338+0700] {processor.py:836} INFO - DAG(s) dict_keys(['example_task_group_decorator']) retrieved from /Users/macbook/Documents/Documents_MacBook_Pro/ISTT/AirflowTutorial/envlibs/lib/python3.10/site-packages/airflow/example_dags/example_task_group_decorator.py
[2023-06-22T16:19:46.330+0700] {logging_mixin.py:149} INFO - [2023-06-22T16:19:46.330+0700] {dag.py:2726} INFO - Sync 1 DAGs
[2023-06-22T16:19:46.353+0700] {logging_mixin.py:149} INFO - [2023-06-22T16:19:46.353+0700] {dag.py:3486} INFO - Setting next_dagrun for example_task_group_decorator to 2023-06-21T09:19:46.352964+00:00, run_after=2023-06-22T09:19:46.352964+00:00
[2023-06-22T16:19:46.382+0700] {processor.py:179} INFO - Processing /Users/macbook/Documents/Documents_MacBook_Pro/ISTT/AirflowTutorial/envlibs/lib/python3.10/site-packages/airflow/example_dags/example_task_group_decorator.py took 1.124 seconds
[2023-06-22T16:21:57.292+0700] {processor.py:157} INFO - Started process (PID=15624) to work on /Users/macbook/Documents/Documents_MacBook_Pro/ISTT/AirflowTutorial/envlibs/lib/python3.10/site-packages/airflow/example_dags/example_task_group_decorator.py
[2023-06-22T16:21:57.293+0700] {processor.py:826} INFO - Processing file /Users/macbook/Documents/Documents_MacBook_Pro/ISTT/AirflowTutorial/envlibs/lib/python3.10/site-packages/airflow/example_dags/example_task_group_decorator.py for tasks to queue
[2023-06-22T16:21:57.294+0700] {logging_mixin.py:149} INFO - [2023-06-22T16:21:57.294+0700] {dagbag.py:541} INFO - Filling up the DagBag from /Users/macbook/Documents/Documents_MacBook_Pro/ISTT/AirflowTutorial/envlibs/lib/python3.10/site-packages/airflow/example_dags/example_task_group_decorator.py
[2023-06-22T16:21:57.345+0700] {processor.py:836} INFO - DAG(s) dict_keys(['example_task_group_decorator']) retrieved from /Users/macbook/Documents/Documents_MacBook_Pro/ISTT/AirflowTutorial/envlibs/lib/python3.10/site-packages/airflow/example_dags/example_task_group_decorator.py
[2023-06-22T16:21:58.029+0700] {logging_mixin.py:149} INFO - [2023-06-22T16:21:58.029+0700] {dag.py:2726} INFO - Sync 1 DAGs
[2023-06-22T16:21:58.044+0700] {logging_mixin.py:149} INFO - [2023-06-22T16:21:58.044+0700] {dag.py:3486} INFO - Setting next_dagrun for example_task_group_decorator to 2023-06-21T09:21:58.044234+00:00, run_after=2023-06-22T09:21:58.044234+00:00
[2023-06-22T16:21:58.068+0700] {processor.py:179} INFO - Processing /Users/macbook/Documents/Documents_MacBook_Pro/ISTT/AirflowTutorial/envlibs/lib/python3.10/site-packages/airflow/example_dags/example_task_group_decorator.py took 0.777 seconds
[2023-06-22T16:23:54.358+0700] {processor.py:157} INFO - Started process (PID=15676) to work on /Users/macbook/Documents/Documents_MacBook_Pro/ISTT/AirflowTutorial/envlibs/lib/python3.10/site-packages/airflow/example_dags/example_task_group_decorator.py
[2023-06-22T16:23:54.359+0700] {processor.py:826} INFO - Processing file /Users/macbook/Documents/Documents_MacBook_Pro/ISTT/AirflowTutorial/envlibs/lib/python3.10/site-packages/airflow/example_dags/example_task_group_decorator.py for tasks to queue
[2023-06-22T16:23:54.360+0700] {logging_mixin.py:149} INFO - [2023-06-22T16:23:54.360+0700] {dagbag.py:541} INFO - Filling up the DagBag from /Users/macbook/Documents/Documents_MacBook_Pro/ISTT/AirflowTutorial/envlibs/lib/python3.10/site-packages/airflow/example_dags/example_task_group_decorator.py
[2023-06-22T16:23:54.417+0700] {processor.py:836} INFO - DAG(s) dict_keys(['example_task_group_decorator']) retrieved from /Users/macbook/Documents/Documents_MacBook_Pro/ISTT/AirflowTutorial/envlibs/lib/python3.10/site-packages/airflow/example_dags/example_task_group_decorator.py
[2023-06-22T16:23:55.227+0700] {logging_mixin.py:149} INFO - [2023-06-22T16:23:55.227+0700] {dag.py:2726} INFO - Sync 1 DAGs
[2023-06-22T16:23:55.244+0700] {logging_mixin.py:149} INFO - [2023-06-22T16:23:55.244+0700] {dag.py:3486} INFO - Setting next_dagrun for example_task_group_decorator to 2023-06-21T09:23:55.244221+00:00, run_after=2023-06-22T09:23:55.244221+00:00
[2023-06-22T16:23:55.264+0700] {processor.py:179} INFO - Processing /Users/macbook/Documents/Documents_MacBook_Pro/ISTT/AirflowTutorial/envlibs/lib/python3.10/site-packages/airflow/example_dags/example_task_group_decorator.py took 0.906 seconds
[2023-06-22T16:25:50.585+0700] {processor.py:157} INFO - Started process (PID=15743) to work on /Users/macbook/Documents/Documents_MacBook_Pro/ISTT/AirflowTutorial/envlibs/lib/python3.10/site-packages/airflow/example_dags/example_task_group_decorator.py
[2023-06-22T16:25:50.586+0700] {processor.py:826} INFO - Processing file /Users/macbook/Documents/Documents_MacBook_Pro/ISTT/AirflowTutorial/envlibs/lib/python3.10/site-packages/airflow/example_dags/example_task_group_decorator.py for tasks to queue
[2023-06-22T16:25:50.586+0700] {logging_mixin.py:149} INFO - [2023-06-22T16:25:50.586+0700] {dagbag.py:541} INFO - Filling up the DagBag from /Users/macbook/Documents/Documents_MacBook_Pro/ISTT/AirflowTutorial/envlibs/lib/python3.10/site-packages/airflow/example_dags/example_task_group_decorator.py
[2023-06-22T16:25:50.663+0700] {processor.py:836} INFO - DAG(s) dict_keys(['example_task_group_decorator']) retrieved from /Users/macbook/Documents/Documents_MacBook_Pro/ISTT/AirflowTutorial/envlibs/lib/python3.10/site-packages/airflow/example_dags/example_task_group_decorator.py
[2023-06-22T16:25:51.616+0700] {logging_mixin.py:149} INFO - [2023-06-22T16:25:51.616+0700] {dag.py:2726} INFO - Sync 1 DAGs
[2023-06-22T16:25:51.635+0700] {logging_mixin.py:149} INFO - [2023-06-22T16:25:51.635+0700] {dag.py:3486} INFO - Setting next_dagrun for example_task_group_decorator to 2023-06-21T09:25:51.634908+00:00, run_after=2023-06-22T09:25:51.634908+00:00
[2023-06-22T16:25:51.655+0700] {processor.py:179} INFO - Processing /Users/macbook/Documents/Documents_MacBook_Pro/ISTT/AirflowTutorial/envlibs/lib/python3.10/site-packages/airflow/example_dags/example_task_group_decorator.py took 1.071 seconds
