[2023-06-22T14:27:13.556+0700] {processor.py:157} INFO - Started process (PID=11863) to work on /Users/macbook/Documents/Documents_MacBook_Pro/ISTT/AirflowTutorial/envlibs/lib/python3.10/site-packages/airflow/example_dags/example_xcomargs.py
[2023-06-22T14:27:13.556+0700] {processor.py:826} INFO - Processing file /Users/macbook/Documents/Documents_MacBook_Pro/ISTT/AirflowTutorial/envlibs/lib/python3.10/site-packages/airflow/example_dags/example_xcomargs.py for tasks to queue
[2023-06-22T14:27:13.557+0700] {logging_mixin.py:149} INFO - [2023-06-22T14:27:13.557+0700] {dagbag.py:541} INFO - Filling up the DagBag from /Users/macbook/Documents/Documents_MacBook_Pro/ISTT/AirflowTutorial/envlibs/lib/python3.10/site-packages/airflow/example_dags/example_xcomargs.py
[2023-06-22T14:27:13.609+0700] {processor.py:836} INFO - DAG(s) dict_keys(['example_xcom_args', 'example_xcom_args_with_operators']) retrieved from /Users/macbook/Documents/Documents_MacBook_Pro/ISTT/AirflowTutorial/envlibs/lib/python3.10/site-packages/airflow/example_dags/example_xcomargs.py
[2023-06-22T14:27:14.500+0700] {logging_mixin.py:149} INFO - [2023-06-22T14:27:14.500+0700] {dag.py:2726} INFO - Sync 2 DAGs
[2023-06-22T14:27:14.516+0700] {logging_mixin.py:149} INFO - [2023-06-22T14:27:14.516+0700] {dag.py:3486} INFO - Setting next_dagrun for example_xcom_args to None, run_after=None
[2023-06-22T14:27:14.518+0700] {logging_mixin.py:149} INFO - [2023-06-22T14:27:14.518+0700] {dag.py:3486} INFO - Setting next_dagrun for example_xcom_args_with_operators to None, run_after=None
[2023-06-22T14:27:14.538+0700] {processor.py:179} INFO - Processing /Users/macbook/Documents/Documents_MacBook_Pro/ISTT/AirflowTutorial/envlibs/lib/python3.10/site-packages/airflow/example_dags/example_xcomargs.py took 0.983 seconds
[2023-06-22T14:29:41.732+0700] {processor.py:157} INFO - Started process (PID=11932) to work on /Users/macbook/Documents/Documents_MacBook_Pro/ISTT/AirflowTutorial/envlibs/lib/python3.10/site-packages/airflow/example_dags/example_xcomargs.py
[2023-06-22T14:29:41.733+0700] {processor.py:826} INFO - Processing file /Users/macbook/Documents/Documents_MacBook_Pro/ISTT/AirflowTutorial/envlibs/lib/python3.10/site-packages/airflow/example_dags/example_xcomargs.py for tasks to queue
[2023-06-22T14:29:41.734+0700] {logging_mixin.py:149} INFO - [2023-06-22T14:29:41.733+0700] {dagbag.py:541} INFO - Filling up the DagBag from /Users/macbook/Documents/Documents_MacBook_Pro/ISTT/AirflowTutorial/envlibs/lib/python3.10/site-packages/airflow/example_dags/example_xcomargs.py
[2023-06-22T14:29:41.785+0700] {processor.py:836} INFO - DAG(s) dict_keys(['example_xcom_args', 'example_xcom_args_with_operators']) retrieved from /Users/macbook/Documents/Documents_MacBook_Pro/ISTT/AirflowTutorial/envlibs/lib/python3.10/site-packages/airflow/example_dags/example_xcomargs.py
[2023-06-22T14:29:42.499+0700] {logging_mixin.py:149} INFO - [2023-06-22T14:29:42.499+0700] {dag.py:2726} INFO - Sync 2 DAGs
[2023-06-22T14:29:42.514+0700] {logging_mixin.py:149} INFO - [2023-06-22T14:29:42.514+0700] {dag.py:3486} INFO - Setting next_dagrun for example_xcom_args to None, run_after=None
[2023-06-22T14:29:42.516+0700] {logging_mixin.py:149} INFO - [2023-06-22T14:29:42.516+0700] {dag.py:3486} INFO - Setting next_dagrun for example_xcom_args_with_operators to None, run_after=None
[2023-06-22T14:29:42.532+0700] {processor.py:179} INFO - Processing /Users/macbook/Documents/Documents_MacBook_Pro/ISTT/AirflowTutorial/envlibs/lib/python3.10/site-packages/airflow/example_dags/example_xcomargs.py took 0.801 seconds
[2023-06-22T14:31:50.615+0700] {processor.py:157} INFO - Started process (PID=12022) to work on /Users/macbook/Documents/Documents_MacBook_Pro/ISTT/AirflowTutorial/envlibs/lib/python3.10/site-packages/airflow/example_dags/example_xcomargs.py
[2023-06-22T14:31:50.616+0700] {processor.py:826} INFO - Processing file /Users/macbook/Documents/Documents_MacBook_Pro/ISTT/AirflowTutorial/envlibs/lib/python3.10/site-packages/airflow/example_dags/example_xcomargs.py for tasks to queue
[2023-06-22T14:31:50.617+0700] {logging_mixin.py:149} INFO - [2023-06-22T14:31:50.617+0700] {dagbag.py:541} INFO - Filling up the DagBag from /Users/macbook/Documents/Documents_MacBook_Pro/ISTT/AirflowTutorial/envlibs/lib/python3.10/site-packages/airflow/example_dags/example_xcomargs.py
[2023-06-22T14:31:50.817+0700] {processor.py:836} INFO - DAG(s) dict_keys(['example_xcom_args', 'example_xcom_args_with_operators']) retrieved from /Users/macbook/Documents/Documents_MacBook_Pro/ISTT/AirflowTutorial/envlibs/lib/python3.10/site-packages/airflow/example_dags/example_xcomargs.py
[2023-06-22T14:31:52.106+0700] {logging_mixin.py:149} INFO - [2023-06-22T14:31:52.106+0700] {dag.py:2726} INFO - Sync 2 DAGs
[2023-06-22T14:31:52.122+0700] {logging_mixin.py:149} INFO - [2023-06-22T14:31:52.122+0700] {dag.py:2747} INFO - Creating ORM DAG for example_xcom_args_with_operators
[2023-06-22T14:31:52.138+0700] {logging_mixin.py:149} INFO - [2023-06-22T14:31:52.138+0700] {dag.py:3486} INFO - Setting next_dagrun for example_xcom_args to None, run_after=None
[2023-06-22T14:31:52.141+0700] {logging_mixin.py:149} INFO - [2023-06-22T14:31:52.141+0700] {dag.py:3486} INFO - Setting next_dagrun for example_xcom_args_with_operators to None, run_after=None
[2023-06-22T14:31:52.172+0700] {processor.py:179} INFO - Processing /Users/macbook/Documents/Documents_MacBook_Pro/ISTT/AirflowTutorial/envlibs/lib/python3.10/site-packages/airflow/example_dags/example_xcomargs.py took 1.559 seconds
[2023-06-22T14:34:18.115+0700] {processor.py:157} INFO - Started process (PID=12143) to work on /Users/macbook/Documents/Documents_MacBook_Pro/ISTT/AirflowTutorial/envlibs/lib/python3.10/site-packages/airflow/example_dags/example_xcomargs.py
[2023-06-22T14:34:18.117+0700] {processor.py:826} INFO - Processing file /Users/macbook/Documents/Documents_MacBook_Pro/ISTT/AirflowTutorial/envlibs/lib/python3.10/site-packages/airflow/example_dags/example_xcomargs.py for tasks to queue
[2023-06-22T14:34:18.118+0700] {logging_mixin.py:149} INFO - [2023-06-22T14:34:18.118+0700] {dagbag.py:541} INFO - Filling up the DagBag from /Users/macbook/Documents/Documents_MacBook_Pro/ISTT/AirflowTutorial/envlibs/lib/python3.10/site-packages/airflow/example_dags/example_xcomargs.py
[2023-06-22T14:34:18.190+0700] {processor.py:836} INFO - DAG(s) dict_keys(['example_xcom_args_with_operators', 'example_xcom_args']) retrieved from /Users/macbook/Documents/Documents_MacBook_Pro/ISTT/AirflowTutorial/envlibs/lib/python3.10/site-packages/airflow/example_dags/example_xcomargs.py
[2023-06-22T14:34:19.023+0700] {logging_mixin.py:149} INFO - [2023-06-22T14:34:19.023+0700] {dag.py:2726} INFO - Sync 2 DAGs
[2023-06-22T14:34:19.039+0700] {logging_mixin.py:149} INFO - [2023-06-22T14:34:19.039+0700] {dag.py:3486} INFO - Setting next_dagrun for example_xcom_args to None, run_after=None
[2023-06-22T14:34:19.042+0700] {logging_mixin.py:149} INFO - [2023-06-22T14:34:19.042+0700] {dag.py:3486} INFO - Setting next_dagrun for example_xcom_args_with_operators to None, run_after=None
[2023-06-22T14:34:19.058+0700] {processor.py:179} INFO - Processing /Users/macbook/Documents/Documents_MacBook_Pro/ISTT/AirflowTutorial/envlibs/lib/python3.10/site-packages/airflow/example_dags/example_xcomargs.py took 0.944 seconds
[2023-06-22T14:36:58.814+0700] {processor.py:157} INFO - Started process (PID=12291) to work on /Users/macbook/Documents/Documents_MacBook_Pro/ISTT/AirflowTutorial/envlibs/lib/python3.10/site-packages/airflow/example_dags/example_xcomargs.py
[2023-06-22T14:36:58.816+0700] {processor.py:826} INFO - Processing file /Users/macbook/Documents/Documents_MacBook_Pro/ISTT/AirflowTutorial/envlibs/lib/python3.10/site-packages/airflow/example_dags/example_xcomargs.py for tasks to queue
[2023-06-22T14:36:58.817+0700] {logging_mixin.py:149} INFO - [2023-06-22T14:36:58.817+0700] {dagbag.py:541} INFO - Filling up the DagBag from /Users/macbook/Documents/Documents_MacBook_Pro/ISTT/AirflowTutorial/envlibs/lib/python3.10/site-packages/airflow/example_dags/example_xcomargs.py
[2023-06-22T14:36:58.888+0700] {processor.py:836} INFO - DAG(s) dict_keys(['example_xcom_args', 'example_xcom_args_with_operators']) retrieved from /Users/macbook/Documents/Documents_MacBook_Pro/ISTT/AirflowTutorial/envlibs/lib/python3.10/site-packages/airflow/example_dags/example_xcomargs.py
[2023-06-22T14:37:00.230+0700] {logging_mixin.py:149} INFO - [2023-06-22T14:37:00.230+0700] {dag.py:2726} INFO - Sync 2 DAGs
[2023-06-22T14:37:00.260+0700] {logging_mixin.py:149} INFO - [2023-06-22T14:37:00.260+0700] {dag.py:3486} INFO - Setting next_dagrun for example_xcom_args to None, run_after=None
[2023-06-22T14:37:00.265+0700] {logging_mixin.py:149} INFO - [2023-06-22T14:37:00.265+0700] {dag.py:3486} INFO - Setting next_dagrun for example_xcom_args_with_operators to None, run_after=None
[2023-06-22T14:37:00.294+0700] {processor.py:179} INFO - Processing /Users/macbook/Documents/Documents_MacBook_Pro/ISTT/AirflowTutorial/envlibs/lib/python3.10/site-packages/airflow/example_dags/example_xcomargs.py took 1.480 seconds
[2023-06-22T14:39:36.403+0700] {processor.py:157} INFO - Started process (PID=12415) to work on /Users/macbook/Documents/Documents_MacBook_Pro/ISTT/AirflowTutorial/envlibs/lib/python3.10/site-packages/airflow/example_dags/example_xcomargs.py
[2023-06-22T14:39:36.405+0700] {processor.py:826} INFO - Processing file /Users/macbook/Documents/Documents_MacBook_Pro/ISTT/AirflowTutorial/envlibs/lib/python3.10/site-packages/airflow/example_dags/example_xcomargs.py for tasks to queue
[2023-06-22T14:39:36.406+0700] {logging_mixin.py:149} INFO - [2023-06-22T14:39:36.406+0700] {dagbag.py:541} INFO - Filling up the DagBag from /Users/macbook/Documents/Documents_MacBook_Pro/ISTT/AirflowTutorial/envlibs/lib/python3.10/site-packages/airflow/example_dags/example_xcomargs.py
[2023-06-22T14:39:36.475+0700] {processor.py:836} INFO - DAG(s) dict_keys(['example_xcom_args_with_operators', 'example_xcom_args']) retrieved from /Users/macbook/Documents/Documents_MacBook_Pro/ISTT/AirflowTutorial/envlibs/lib/python3.10/site-packages/airflow/example_dags/example_xcomargs.py
[2023-06-22T14:39:37.499+0700] {logging_mixin.py:149} INFO - [2023-06-22T14:39:37.499+0700] {dag.py:2726} INFO - Sync 2 DAGs
[2023-06-22T14:39:37.510+0700] {logging_mixin.py:149} INFO - [2023-06-22T14:39:37.509+0700] {dag.py:2747} INFO - Creating ORM DAG for example_xcom_args_with_operators
[2023-06-22T14:39:37.510+0700] {logging_mixin.py:149} INFO - [2023-06-22T14:39:37.510+0700] {dag.py:2747} INFO - Creating ORM DAG for example_xcom_args
[2023-06-22T14:39:37.522+0700] {logging_mixin.py:149} INFO - [2023-06-22T14:39:37.521+0700] {dag.py:3486} INFO - Setting next_dagrun for example_xcom_args to None, run_after=None
[2023-06-22T14:39:37.523+0700] {logging_mixin.py:149} INFO - [2023-06-22T14:39:37.523+0700] {dag.py:3486} INFO - Setting next_dagrun for example_xcom_args_with_operators to None, run_after=None
[2023-06-22T14:39:37.547+0700] {processor.py:179} INFO - Processing /Users/macbook/Documents/Documents_MacBook_Pro/ISTT/AirflowTutorial/envlibs/lib/python3.10/site-packages/airflow/example_dags/example_xcomargs.py took 1.144 seconds
[2023-06-22T14:41:50.944+0700] {processor.py:157} INFO - Started process (PID=12514) to work on /Users/macbook/Documents/Documents_MacBook_Pro/ISTT/AirflowTutorial/envlibs/lib/python3.10/site-packages/airflow/example_dags/example_xcomargs.py
[2023-06-22T14:41:50.945+0700] {processor.py:826} INFO - Processing file /Users/macbook/Documents/Documents_MacBook_Pro/ISTT/AirflowTutorial/envlibs/lib/python3.10/site-packages/airflow/example_dags/example_xcomargs.py for tasks to queue
[2023-06-22T14:41:50.946+0700] {logging_mixin.py:149} INFO - [2023-06-22T14:41:50.946+0700] {dagbag.py:541} INFO - Filling up the DagBag from /Users/macbook/Documents/Documents_MacBook_Pro/ISTT/AirflowTutorial/envlibs/lib/python3.10/site-packages/airflow/example_dags/example_xcomargs.py
[2023-06-22T14:41:51.006+0700] {processor.py:836} INFO - DAG(s) dict_keys(['example_xcom_args', 'example_xcom_args_with_operators']) retrieved from /Users/macbook/Documents/Documents_MacBook_Pro/ISTT/AirflowTutorial/envlibs/lib/python3.10/site-packages/airflow/example_dags/example_xcomargs.py
[2023-06-22T14:41:51.794+0700] {logging_mixin.py:149} INFO - [2023-06-22T14:41:51.794+0700] {dag.py:2726} INFO - Sync 2 DAGs
[2023-06-22T14:41:51.810+0700] {logging_mixin.py:149} INFO - [2023-06-22T14:41:51.810+0700] {dag.py:3486} INFO - Setting next_dagrun for example_xcom_args to None, run_after=None
[2023-06-22T14:41:51.813+0700] {logging_mixin.py:149} INFO - [2023-06-22T14:41:51.813+0700] {dag.py:3486} INFO - Setting next_dagrun for example_xcom_args_with_operators to None, run_after=None
[2023-06-22T14:41:51.830+0700] {processor.py:179} INFO - Processing /Users/macbook/Documents/Documents_MacBook_Pro/ISTT/AirflowTutorial/envlibs/lib/python3.10/site-packages/airflow/example_dags/example_xcomargs.py took 0.887 seconds
[2023-06-22T14:43:59.255+0700] {processor.py:157} INFO - Started process (PID=12569) to work on /Users/macbook/Documents/Documents_MacBook_Pro/ISTT/AirflowTutorial/envlibs/lib/python3.10/site-packages/airflow/example_dags/example_xcomargs.py
[2023-06-22T14:43:59.256+0700] {processor.py:826} INFO - Processing file /Users/macbook/Documents/Documents_MacBook_Pro/ISTT/AirflowTutorial/envlibs/lib/python3.10/site-packages/airflow/example_dags/example_xcomargs.py for tasks to queue
[2023-06-22T14:43:59.257+0700] {logging_mixin.py:149} INFO - [2023-06-22T14:43:59.257+0700] {dagbag.py:541} INFO - Filling up the DagBag from /Users/macbook/Documents/Documents_MacBook_Pro/ISTT/AirflowTutorial/envlibs/lib/python3.10/site-packages/airflow/example_dags/example_xcomargs.py
[2023-06-22T14:43:59.318+0700] {processor.py:836} INFO - DAG(s) dict_keys(['example_xcom_args_with_operators', 'example_xcom_args']) retrieved from /Users/macbook/Documents/Documents_MacBook_Pro/ISTT/AirflowTutorial/envlibs/lib/python3.10/site-packages/airflow/example_dags/example_xcomargs.py
[2023-06-22T14:44:00.118+0700] {logging_mixin.py:149} INFO - [2023-06-22T14:44:00.118+0700] {dag.py:2726} INFO - Sync 2 DAGs
[2023-06-22T14:44:00.134+0700] {logging_mixin.py:149} INFO - [2023-06-22T14:44:00.134+0700] {dag.py:3486} INFO - Setting next_dagrun for example_xcom_args to None, run_after=None
[2023-06-22T14:44:00.137+0700] {logging_mixin.py:149} INFO - [2023-06-22T14:44:00.137+0700] {dag.py:3486} INFO - Setting next_dagrun for example_xcom_args_with_operators to None, run_after=None
[2023-06-22T14:44:00.154+0700] {processor.py:179} INFO - Processing /Users/macbook/Documents/Documents_MacBook_Pro/ISTT/AirflowTutorial/envlibs/lib/python3.10/site-packages/airflow/example_dags/example_xcomargs.py took 0.899 seconds
[2023-06-22T14:46:03.044+0700] {processor.py:157} INFO - Started process (PID=12621) to work on /Users/macbook/Documents/Documents_MacBook_Pro/ISTT/AirflowTutorial/envlibs/lib/python3.10/site-packages/airflow/example_dags/example_xcomargs.py
[2023-06-22T14:46:03.046+0700] {processor.py:826} INFO - Processing file /Users/macbook/Documents/Documents_MacBook_Pro/ISTT/AirflowTutorial/envlibs/lib/python3.10/site-packages/airflow/example_dags/example_xcomargs.py for tasks to queue
[2023-06-22T14:46:03.046+0700] {logging_mixin.py:149} INFO - [2023-06-22T14:46:03.046+0700] {dagbag.py:541} INFO - Filling up the DagBag from /Users/macbook/Documents/Documents_MacBook_Pro/ISTT/AirflowTutorial/envlibs/lib/python3.10/site-packages/airflow/example_dags/example_xcomargs.py
[2023-06-22T14:46:03.111+0700] {processor.py:836} INFO - DAG(s) dict_keys(['example_xcom_args', 'example_xcom_args_with_operators']) retrieved from /Users/macbook/Documents/Documents_MacBook_Pro/ISTT/AirflowTutorial/envlibs/lib/python3.10/site-packages/airflow/example_dags/example_xcomargs.py
[2023-06-22T14:46:04.055+0700] {logging_mixin.py:149} INFO - [2023-06-22T14:46:04.055+0700] {dag.py:2726} INFO - Sync 2 DAGs
[2023-06-22T14:46:04.075+0700] {logging_mixin.py:149} INFO - [2023-06-22T14:46:04.075+0700] {dag.py:3486} INFO - Setting next_dagrun for example_xcom_args to None, run_after=None
[2023-06-22T14:46:04.078+0700] {logging_mixin.py:149} INFO - [2023-06-22T14:46:04.078+0700] {dag.py:3486} INFO - Setting next_dagrun for example_xcom_args_with_operators to None, run_after=None
[2023-06-22T14:46:04.101+0700] {processor.py:179} INFO - Processing /Users/macbook/Documents/Documents_MacBook_Pro/ISTT/AirflowTutorial/envlibs/lib/python3.10/site-packages/airflow/example_dags/example_xcomargs.py took 1.058 seconds
[2023-06-22T14:48:08.234+0700] {processor.py:157} INFO - Started process (PID=12683) to work on /Users/macbook/Documents/Documents_MacBook_Pro/ISTT/AirflowTutorial/envlibs/lib/python3.10/site-packages/airflow/example_dags/example_xcomargs.py
[2023-06-22T14:48:08.235+0700] {processor.py:826} INFO - Processing file /Users/macbook/Documents/Documents_MacBook_Pro/ISTT/AirflowTutorial/envlibs/lib/python3.10/site-packages/airflow/example_dags/example_xcomargs.py for tasks to queue
[2023-06-22T14:48:08.235+0700] {logging_mixin.py:149} INFO - [2023-06-22T14:48:08.235+0700] {dagbag.py:541} INFO - Filling up the DagBag from /Users/macbook/Documents/Documents_MacBook_Pro/ISTT/AirflowTutorial/envlibs/lib/python3.10/site-packages/airflow/example_dags/example_xcomargs.py
[2023-06-22T14:48:08.296+0700] {processor.py:836} INFO - DAG(s) dict_keys(['example_xcom_args_with_operators', 'example_xcom_args']) retrieved from /Users/macbook/Documents/Documents_MacBook_Pro/ISTT/AirflowTutorial/envlibs/lib/python3.10/site-packages/airflow/example_dags/example_xcomargs.py
[2023-06-22T14:48:09.183+0700] {logging_mixin.py:149} INFO - [2023-06-22T14:48:09.183+0700] {dag.py:2726} INFO - Sync 2 DAGs
[2023-06-22T14:48:09.200+0700] {logging_mixin.py:149} INFO - [2023-06-22T14:48:09.200+0700] {dag.py:3486} INFO - Setting next_dagrun for example_xcom_args to None, run_after=None
[2023-06-22T14:48:09.203+0700] {logging_mixin.py:149} INFO - [2023-06-22T14:48:09.202+0700] {dag.py:3486} INFO - Setting next_dagrun for example_xcom_args_with_operators to None, run_after=None
[2023-06-22T14:48:09.224+0700] {processor.py:179} INFO - Processing /Users/macbook/Documents/Documents_MacBook_Pro/ISTT/AirflowTutorial/envlibs/lib/python3.10/site-packages/airflow/example_dags/example_xcomargs.py took 0.991 seconds
[2023-06-22T14:50:15.755+0700] {processor.py:157} INFO - Started process (PID=12746) to work on /Users/macbook/Documents/Documents_MacBook_Pro/ISTT/AirflowTutorial/envlibs/lib/python3.10/site-packages/airflow/example_dags/example_xcomargs.py
[2023-06-22T14:50:15.757+0700] {processor.py:826} INFO - Processing file /Users/macbook/Documents/Documents_MacBook_Pro/ISTT/AirflowTutorial/envlibs/lib/python3.10/site-packages/airflow/example_dags/example_xcomargs.py for tasks to queue
[2023-06-22T14:50:15.757+0700] {logging_mixin.py:149} INFO - [2023-06-22T14:50:15.757+0700] {dagbag.py:541} INFO - Filling up the DagBag from /Users/macbook/Documents/Documents_MacBook_Pro/ISTT/AirflowTutorial/envlibs/lib/python3.10/site-packages/airflow/example_dags/example_xcomargs.py
[2023-06-22T14:50:15.809+0700] {processor.py:836} INFO - DAG(s) dict_keys(['example_xcom_args', 'example_xcom_args_with_operators']) retrieved from /Users/macbook/Documents/Documents_MacBook_Pro/ISTT/AirflowTutorial/envlibs/lib/python3.10/site-packages/airflow/example_dags/example_xcomargs.py
[2023-06-22T14:50:16.580+0700] {logging_mixin.py:149} INFO - [2023-06-22T14:50:16.579+0700] {dag.py:2726} INFO - Sync 2 DAGs
[2023-06-22T14:50:16.595+0700] {logging_mixin.py:149} INFO - [2023-06-22T14:50:16.595+0700] {dag.py:3486} INFO - Setting next_dagrun for example_xcom_args to None, run_after=None
[2023-06-22T14:50:16.597+0700] {logging_mixin.py:149} INFO - [2023-06-22T14:50:16.597+0700] {dag.py:3486} INFO - Setting next_dagrun for example_xcom_args_with_operators to None, run_after=None
[2023-06-22T14:50:16.624+0700] {processor.py:179} INFO - Processing /Users/macbook/Documents/Documents_MacBook_Pro/ISTT/AirflowTutorial/envlibs/lib/python3.10/site-packages/airflow/example_dags/example_xcomargs.py took 0.870 seconds
[2023-06-22T14:52:16.681+0700] {processor.py:157} INFO - Started process (PID=12802) to work on /Users/macbook/Documents/Documents_MacBook_Pro/ISTT/AirflowTutorial/envlibs/lib/python3.10/site-packages/airflow/example_dags/example_xcomargs.py
[2023-06-22T14:52:16.683+0700] {processor.py:826} INFO - Processing file /Users/macbook/Documents/Documents_MacBook_Pro/ISTT/AirflowTutorial/envlibs/lib/python3.10/site-packages/airflow/example_dags/example_xcomargs.py for tasks to queue
[2023-06-22T14:52:16.683+0700] {logging_mixin.py:149} INFO - [2023-06-22T14:52:16.683+0700] {dagbag.py:541} INFO - Filling up the DagBag from /Users/macbook/Documents/Documents_MacBook_Pro/ISTT/AirflowTutorial/envlibs/lib/python3.10/site-packages/airflow/example_dags/example_xcomargs.py
[2023-06-22T14:52:16.742+0700] {processor.py:836} INFO - DAG(s) dict_keys(['example_xcom_args_with_operators', 'example_xcom_args']) retrieved from /Users/macbook/Documents/Documents_MacBook_Pro/ISTT/AirflowTutorial/envlibs/lib/python3.10/site-packages/airflow/example_dags/example_xcomargs.py
[2023-06-22T14:52:17.431+0700] {logging_mixin.py:149} INFO - [2023-06-22T14:52:17.431+0700] {dag.py:2726} INFO - Sync 2 DAGs
[2023-06-22T14:52:17.446+0700] {logging_mixin.py:149} INFO - [2023-06-22T14:52:17.446+0700] {dag.py:3486} INFO - Setting next_dagrun for example_xcom_args to None, run_after=None
[2023-06-22T14:52:17.448+0700] {logging_mixin.py:149} INFO - [2023-06-22T14:52:17.448+0700] {dag.py:3486} INFO - Setting next_dagrun for example_xcom_args_with_operators to None, run_after=None
[2023-06-22T14:52:17.463+0700] {processor.py:179} INFO - Processing /Users/macbook/Documents/Documents_MacBook_Pro/ISTT/AirflowTutorial/envlibs/lib/python3.10/site-packages/airflow/example_dags/example_xcomargs.py took 0.783 seconds
[2023-06-22T14:54:16.634+0700] {processor.py:157} INFO - Started process (PID=12855) to work on /Users/macbook/Documents/Documents_MacBook_Pro/ISTT/AirflowTutorial/envlibs/lib/python3.10/site-packages/airflow/example_dags/example_xcomargs.py
[2023-06-22T14:54:16.635+0700] {processor.py:826} INFO - Processing file /Users/macbook/Documents/Documents_MacBook_Pro/ISTT/AirflowTutorial/envlibs/lib/python3.10/site-packages/airflow/example_dags/example_xcomargs.py for tasks to queue
[2023-06-22T14:54:16.636+0700] {logging_mixin.py:149} INFO - [2023-06-22T14:54:16.636+0700] {dagbag.py:541} INFO - Filling up the DagBag from /Users/macbook/Documents/Documents_MacBook_Pro/ISTT/AirflowTutorial/envlibs/lib/python3.10/site-packages/airflow/example_dags/example_xcomargs.py
[2023-06-22T14:54:16.708+0700] {processor.py:836} INFO - DAG(s) dict_keys(['example_xcom_args', 'example_xcom_args_with_operators']) retrieved from /Users/macbook/Documents/Documents_MacBook_Pro/ISTT/AirflowTutorial/envlibs/lib/python3.10/site-packages/airflow/example_dags/example_xcomargs.py
[2023-06-22T14:54:17.477+0700] {logging_mixin.py:149} INFO - [2023-06-22T14:54:17.477+0700] {dag.py:2726} INFO - Sync 2 DAGs
[2023-06-22T14:54:17.494+0700] {logging_mixin.py:149} INFO - [2023-06-22T14:54:17.494+0700] {dag.py:3486} INFO - Setting next_dagrun for example_xcom_args to None, run_after=None
[2023-06-22T14:54:17.496+0700] {logging_mixin.py:149} INFO - [2023-06-22T14:54:17.496+0700] {dag.py:3486} INFO - Setting next_dagrun for example_xcom_args_with_operators to None, run_after=None
[2023-06-22T14:54:17.512+0700] {processor.py:179} INFO - Processing /Users/macbook/Documents/Documents_MacBook_Pro/ISTT/AirflowTutorial/envlibs/lib/python3.10/site-packages/airflow/example_dags/example_xcomargs.py took 0.879 seconds
[2023-06-22T14:56:11.280+0700] {processor.py:157} INFO - Started process (PID=12906) to work on /Users/macbook/Documents/Documents_MacBook_Pro/ISTT/AirflowTutorial/envlibs/lib/python3.10/site-packages/airflow/example_dags/example_xcomargs.py
[2023-06-22T14:56:11.281+0700] {processor.py:826} INFO - Processing file /Users/macbook/Documents/Documents_MacBook_Pro/ISTT/AirflowTutorial/envlibs/lib/python3.10/site-packages/airflow/example_dags/example_xcomargs.py for tasks to queue
[2023-06-22T14:56:11.282+0700] {logging_mixin.py:149} INFO - [2023-06-22T14:56:11.282+0700] {dagbag.py:541} INFO - Filling up the DagBag from /Users/macbook/Documents/Documents_MacBook_Pro/ISTT/AirflowTutorial/envlibs/lib/python3.10/site-packages/airflow/example_dags/example_xcomargs.py
[2023-06-22T14:56:11.342+0700] {processor.py:836} INFO - DAG(s) dict_keys(['example_xcom_args_with_operators', 'example_xcom_args']) retrieved from /Users/macbook/Documents/Documents_MacBook_Pro/ISTT/AirflowTutorial/envlibs/lib/python3.10/site-packages/airflow/example_dags/example_xcomargs.py
[2023-06-22T14:56:12.123+0700] {logging_mixin.py:149} INFO - [2023-06-22T14:56:12.122+0700] {dag.py:2726} INFO - Sync 2 DAGs
[2023-06-22T14:56:12.138+0700] {logging_mixin.py:149} INFO - [2023-06-22T14:56:12.137+0700] {dag.py:3486} INFO - Setting next_dagrun for example_xcom_args to None, run_after=None
[2023-06-22T14:56:12.140+0700] {logging_mixin.py:149} INFO - [2023-06-22T14:56:12.140+0700] {dag.py:3486} INFO - Setting next_dagrun for example_xcom_args_with_operators to None, run_after=None
[2023-06-22T14:56:12.156+0700] {processor.py:179} INFO - Processing /Users/macbook/Documents/Documents_MacBook_Pro/ISTT/AirflowTutorial/envlibs/lib/python3.10/site-packages/airflow/example_dags/example_xcomargs.py took 0.876 seconds
[2023-06-22T14:58:10.383+0700] {processor.py:157} INFO - Started process (PID=12960) to work on /Users/macbook/Documents/Documents_MacBook_Pro/ISTT/AirflowTutorial/envlibs/lib/python3.10/site-packages/airflow/example_dags/example_xcomargs.py
[2023-06-22T14:58:10.384+0700] {processor.py:826} INFO - Processing file /Users/macbook/Documents/Documents_MacBook_Pro/ISTT/AirflowTutorial/envlibs/lib/python3.10/site-packages/airflow/example_dags/example_xcomargs.py for tasks to queue
[2023-06-22T14:58:10.385+0700] {logging_mixin.py:149} INFO - [2023-06-22T14:58:10.385+0700] {dagbag.py:541} INFO - Filling up the DagBag from /Users/macbook/Documents/Documents_MacBook_Pro/ISTT/AirflowTutorial/envlibs/lib/python3.10/site-packages/airflow/example_dags/example_xcomargs.py
[2023-06-22T14:58:10.465+0700] {processor.py:836} INFO - DAG(s) dict_keys(['example_xcom_args_with_operators', 'example_xcom_args']) retrieved from /Users/macbook/Documents/Documents_MacBook_Pro/ISTT/AirflowTutorial/envlibs/lib/python3.10/site-packages/airflow/example_dags/example_xcomargs.py
[2023-06-22T14:58:11.480+0700] {logging_mixin.py:149} INFO - [2023-06-22T14:58:11.479+0700] {dag.py:2726} INFO - Sync 2 DAGs
[2023-06-22T14:58:11.502+0700] {logging_mixin.py:149} INFO - [2023-06-22T14:58:11.502+0700] {dag.py:3486} INFO - Setting next_dagrun for example_xcom_args to None, run_after=None
[2023-06-22T14:58:11.506+0700] {logging_mixin.py:149} INFO - [2023-06-22T14:58:11.506+0700] {dag.py:3486} INFO - Setting next_dagrun for example_xcom_args_with_operators to None, run_after=None
[2023-06-22T14:58:11.528+0700] {processor.py:179} INFO - Processing /Users/macbook/Documents/Documents_MacBook_Pro/ISTT/AirflowTutorial/envlibs/lib/python3.10/site-packages/airflow/example_dags/example_xcomargs.py took 1.146 seconds
[2023-06-22T15:00:16.710+0700] {processor.py:157} INFO - Started process (PID=13013) to work on /Users/macbook/Documents/Documents_MacBook_Pro/ISTT/AirflowTutorial/envlibs/lib/python3.10/site-packages/airflow/example_dags/example_xcomargs.py
[2023-06-22T15:00:16.713+0700] {processor.py:826} INFO - Processing file /Users/macbook/Documents/Documents_MacBook_Pro/ISTT/AirflowTutorial/envlibs/lib/python3.10/site-packages/airflow/example_dags/example_xcomargs.py for tasks to queue
[2023-06-22T15:00:16.714+0700] {logging_mixin.py:149} INFO - [2023-06-22T15:00:16.713+0700] {dagbag.py:541} INFO - Filling up the DagBag from /Users/macbook/Documents/Documents_MacBook_Pro/ISTT/AirflowTutorial/envlibs/lib/python3.10/site-packages/airflow/example_dags/example_xcomargs.py
[2023-06-22T15:00:16.769+0700] {processor.py:836} INFO - DAG(s) dict_keys(['example_xcom_args', 'example_xcom_args_with_operators']) retrieved from /Users/macbook/Documents/Documents_MacBook_Pro/ISTT/AirflowTutorial/envlibs/lib/python3.10/site-packages/airflow/example_dags/example_xcomargs.py
[2023-06-22T15:00:17.539+0700] {logging_mixin.py:149} INFO - [2023-06-22T15:00:17.538+0700] {dag.py:2726} INFO - Sync 2 DAGs
[2023-06-22T15:00:17.554+0700] {logging_mixin.py:149} INFO - [2023-06-22T15:00:17.553+0700] {dag.py:3486} INFO - Setting next_dagrun for example_xcom_args to None, run_after=None
[2023-06-22T15:00:17.556+0700] {logging_mixin.py:149} INFO - [2023-06-22T15:00:17.556+0700] {dag.py:3486} INFO - Setting next_dagrun for example_xcom_args_with_operators to None, run_after=None
[2023-06-22T15:00:17.580+0700] {processor.py:179} INFO - Processing /Users/macbook/Documents/Documents_MacBook_Pro/ISTT/AirflowTutorial/envlibs/lib/python3.10/site-packages/airflow/example_dags/example_xcomargs.py took 0.871 seconds
[2023-06-22T15:02:17.836+0700] {processor.py:157} INFO - Started process (PID=13071) to work on /Users/macbook/Documents/Documents_MacBook_Pro/ISTT/AirflowTutorial/envlibs/lib/python3.10/site-packages/airflow/example_dags/example_xcomargs.py
[2023-06-22T15:02:17.837+0700] {processor.py:826} INFO - Processing file /Users/macbook/Documents/Documents_MacBook_Pro/ISTT/AirflowTutorial/envlibs/lib/python3.10/site-packages/airflow/example_dags/example_xcomargs.py for tasks to queue
[2023-06-22T15:02:17.838+0700] {logging_mixin.py:149} INFO - [2023-06-22T15:02:17.838+0700] {dagbag.py:541} INFO - Filling up the DagBag from /Users/macbook/Documents/Documents_MacBook_Pro/ISTT/AirflowTutorial/envlibs/lib/python3.10/site-packages/airflow/example_dags/example_xcomargs.py
[2023-06-22T15:02:17.904+0700] {processor.py:836} INFO - DAG(s) dict_keys(['example_xcom_args', 'example_xcom_args_with_operators']) retrieved from /Users/macbook/Documents/Documents_MacBook_Pro/ISTT/AirflowTutorial/envlibs/lib/python3.10/site-packages/airflow/example_dags/example_xcomargs.py
[2023-06-22T15:02:18.770+0700] {logging_mixin.py:149} INFO - [2023-06-22T15:02:18.770+0700] {dag.py:2726} INFO - Sync 2 DAGs
[2023-06-22T15:02:18.793+0700] {logging_mixin.py:149} INFO - [2023-06-22T15:02:18.792+0700] {dag.py:3486} INFO - Setting next_dagrun for example_xcom_args to None, run_after=None
[2023-06-22T15:02:18.797+0700] {logging_mixin.py:149} INFO - [2023-06-22T15:02:18.797+0700] {dag.py:3486} INFO - Setting next_dagrun for example_xcom_args_with_operators to None, run_after=None
[2023-06-22T15:02:18.825+0700] {processor.py:179} INFO - Processing /Users/macbook/Documents/Documents_MacBook_Pro/ISTT/AirflowTutorial/envlibs/lib/python3.10/site-packages/airflow/example_dags/example_xcomargs.py took 0.989 seconds
[2023-06-22T15:04:19.747+0700] {processor.py:157} INFO - Started process (PID=13128) to work on /Users/macbook/Documents/Documents_MacBook_Pro/ISTT/AirflowTutorial/envlibs/lib/python3.10/site-packages/airflow/example_dags/example_xcomargs.py
[2023-06-22T15:04:19.748+0700] {processor.py:826} INFO - Processing file /Users/macbook/Documents/Documents_MacBook_Pro/ISTT/AirflowTutorial/envlibs/lib/python3.10/site-packages/airflow/example_dags/example_xcomargs.py for tasks to queue
[2023-06-22T15:04:19.749+0700] {logging_mixin.py:149} INFO - [2023-06-22T15:04:19.749+0700] {dagbag.py:541} INFO - Filling up the DagBag from /Users/macbook/Documents/Documents_MacBook_Pro/ISTT/AirflowTutorial/envlibs/lib/python3.10/site-packages/airflow/example_dags/example_xcomargs.py
[2023-06-22T15:04:19.806+0700] {processor.py:836} INFO - DAG(s) dict_keys(['example_xcom_args', 'example_xcom_args_with_operators']) retrieved from /Users/macbook/Documents/Documents_MacBook_Pro/ISTT/AirflowTutorial/envlibs/lib/python3.10/site-packages/airflow/example_dags/example_xcomargs.py
[2023-06-22T15:04:20.656+0700] {logging_mixin.py:149} INFO - [2023-06-22T15:04:20.656+0700] {dag.py:2726} INFO - Sync 2 DAGs
[2023-06-22T15:04:20.673+0700] {logging_mixin.py:149} INFO - [2023-06-22T15:04:20.673+0700] {dag.py:3486} INFO - Setting next_dagrun for example_xcom_args to None, run_after=None
[2023-06-22T15:04:20.675+0700] {logging_mixin.py:149} INFO - [2023-06-22T15:04:20.675+0700] {dag.py:3486} INFO - Setting next_dagrun for example_xcom_args_with_operators to None, run_after=None
[2023-06-22T15:04:20.693+0700] {processor.py:179} INFO - Processing /Users/macbook/Documents/Documents_MacBook_Pro/ISTT/AirflowTutorial/envlibs/lib/python3.10/site-packages/airflow/example_dags/example_xcomargs.py took 0.947 seconds
[2023-06-22T15:06:27.626+0700] {processor.py:157} INFO - Started process (PID=13225) to work on /Users/macbook/Documents/Documents_MacBook_Pro/ISTT/AirflowTutorial/envlibs/lib/python3.10/site-packages/airflow/example_dags/example_xcomargs.py
[2023-06-22T15:06:27.628+0700] {processor.py:826} INFO - Processing file /Users/macbook/Documents/Documents_MacBook_Pro/ISTT/AirflowTutorial/envlibs/lib/python3.10/site-packages/airflow/example_dags/example_xcomargs.py for tasks to queue
[2023-06-22T15:06:27.629+0700] {logging_mixin.py:149} INFO - [2023-06-22T15:06:27.629+0700] {dagbag.py:541} INFO - Filling up the DagBag from /Users/macbook/Documents/Documents_MacBook_Pro/ISTT/AirflowTutorial/envlibs/lib/python3.10/site-packages/airflow/example_dags/example_xcomargs.py
[2023-06-22T15:06:27.773+0700] {processor.py:836} INFO - DAG(s) dict_keys(['example_xcom_args', 'example_xcom_args_with_operators']) retrieved from /Users/macbook/Documents/Documents_MacBook_Pro/ISTT/AirflowTutorial/envlibs/lib/python3.10/site-packages/airflow/example_dags/example_xcomargs.py
[2023-06-22T15:06:29.251+0700] {logging_mixin.py:149} INFO - [2023-06-22T15:06:29.251+0700] {dag.py:2726} INFO - Sync 2 DAGs
[2023-06-22T15:06:29.272+0700] {logging_mixin.py:149} INFO - [2023-06-22T15:06:29.272+0700] {dag.py:3486} INFO - Setting next_dagrun for example_xcom_args to None, run_after=None
[2023-06-22T15:06:29.275+0700] {logging_mixin.py:149} INFO - [2023-06-22T15:06:29.275+0700] {dag.py:3486} INFO - Setting next_dagrun for example_xcom_args_with_operators to None, run_after=None
[2023-06-22T15:06:29.298+0700] {processor.py:179} INFO - Processing /Users/macbook/Documents/Documents_MacBook_Pro/ISTT/AirflowTutorial/envlibs/lib/python3.10/site-packages/airflow/example_dags/example_xcomargs.py took 1.673 seconds
[2023-06-22T15:08:31.273+0700] {processor.py:157} INFO - Started process (PID=13285) to work on /Users/macbook/Documents/Documents_MacBook_Pro/ISTT/AirflowTutorial/envlibs/lib/python3.10/site-packages/airflow/example_dags/example_xcomargs.py
[2023-06-22T15:08:31.274+0700] {processor.py:826} INFO - Processing file /Users/macbook/Documents/Documents_MacBook_Pro/ISTT/AirflowTutorial/envlibs/lib/python3.10/site-packages/airflow/example_dags/example_xcomargs.py for tasks to queue
[2023-06-22T15:08:31.274+0700] {logging_mixin.py:149} INFO - [2023-06-22T15:08:31.274+0700] {dagbag.py:541} INFO - Filling up the DagBag from /Users/macbook/Documents/Documents_MacBook_Pro/ISTT/AirflowTutorial/envlibs/lib/python3.10/site-packages/airflow/example_dags/example_xcomargs.py
[2023-06-22T15:08:31.333+0700] {processor.py:836} INFO - DAG(s) dict_keys(['example_xcom_args', 'example_xcom_args_with_operators']) retrieved from /Users/macbook/Documents/Documents_MacBook_Pro/ISTT/AirflowTutorial/envlibs/lib/python3.10/site-packages/airflow/example_dags/example_xcomargs.py
[2023-06-22T15:08:32.161+0700] {logging_mixin.py:149} INFO - [2023-06-22T15:08:32.161+0700] {dag.py:2726} INFO - Sync 2 DAGs
[2023-06-22T15:08:32.177+0700] {logging_mixin.py:149} INFO - [2023-06-22T15:08:32.177+0700] {dag.py:3486} INFO - Setting next_dagrun for example_xcom_args to None, run_after=None
[2023-06-22T15:08:32.180+0700] {logging_mixin.py:149} INFO - [2023-06-22T15:08:32.180+0700] {dag.py:3486} INFO - Setting next_dagrun for example_xcom_args_with_operators to None, run_after=None
[2023-06-22T15:08:32.197+0700] {processor.py:179} INFO - Processing /Users/macbook/Documents/Documents_MacBook_Pro/ISTT/AirflowTutorial/envlibs/lib/python3.10/site-packages/airflow/example_dags/example_xcomargs.py took 0.925 seconds
[2023-06-22T15:10:35.143+0700] {processor.py:157} INFO - Started process (PID=13382) to work on /Users/macbook/Documents/Documents_MacBook_Pro/ISTT/AirflowTutorial/envlibs/lib/python3.10/site-packages/airflow/example_dags/example_xcomargs.py
[2023-06-22T15:10:35.144+0700] {processor.py:826} INFO - Processing file /Users/macbook/Documents/Documents_MacBook_Pro/ISTT/AirflowTutorial/envlibs/lib/python3.10/site-packages/airflow/example_dags/example_xcomargs.py for tasks to queue
[2023-06-22T15:10:35.145+0700] {logging_mixin.py:149} INFO - [2023-06-22T15:10:35.145+0700] {dagbag.py:541} INFO - Filling up the DagBag from /Users/macbook/Documents/Documents_MacBook_Pro/ISTT/AirflowTutorial/envlibs/lib/python3.10/site-packages/airflow/example_dags/example_xcomargs.py
[2023-06-22T15:10:35.196+0700] {processor.py:836} INFO - DAG(s) dict_keys(['example_xcom_args_with_operators', 'example_xcom_args']) retrieved from /Users/macbook/Documents/Documents_MacBook_Pro/ISTT/AirflowTutorial/envlibs/lib/python3.10/site-packages/airflow/example_dags/example_xcomargs.py
[2023-06-22T15:10:35.918+0700] {logging_mixin.py:149} INFO - [2023-06-22T15:10:35.918+0700] {dag.py:2726} INFO - Sync 2 DAGs
[2023-06-22T15:10:35.933+0700] {logging_mixin.py:149} INFO - [2023-06-22T15:10:35.932+0700] {dag.py:3486} INFO - Setting next_dagrun for example_xcom_args to None, run_after=None
[2023-06-22T15:10:35.935+0700] {logging_mixin.py:149} INFO - [2023-06-22T15:10:35.935+0700] {dag.py:3486} INFO - Setting next_dagrun for example_xcom_args_with_operators to None, run_after=None
[2023-06-22T15:10:35.963+0700] {processor.py:179} INFO - Processing /Users/macbook/Documents/Documents_MacBook_Pro/ISTT/AirflowTutorial/envlibs/lib/python3.10/site-packages/airflow/example_dags/example_xcomargs.py took 0.821 seconds
[2023-06-22T15:12:40.393+0700] {processor.py:157} INFO - Started process (PID=13436) to work on /Users/macbook/Documents/Documents_MacBook_Pro/ISTT/AirflowTutorial/envlibs/lib/python3.10/site-packages/airflow/example_dags/example_xcomargs.py
[2023-06-22T15:12:40.394+0700] {processor.py:826} INFO - Processing file /Users/macbook/Documents/Documents_MacBook_Pro/ISTT/AirflowTutorial/envlibs/lib/python3.10/site-packages/airflow/example_dags/example_xcomargs.py for tasks to queue
[2023-06-22T15:12:40.395+0700] {logging_mixin.py:149} INFO - [2023-06-22T15:12:40.395+0700] {dagbag.py:541} INFO - Filling up the DagBag from /Users/macbook/Documents/Documents_MacBook_Pro/ISTT/AirflowTutorial/envlibs/lib/python3.10/site-packages/airflow/example_dags/example_xcomargs.py
[2023-06-22T15:12:40.445+0700] {processor.py:836} INFO - DAG(s) dict_keys(['example_xcom_args_with_operators', 'example_xcom_args']) retrieved from /Users/macbook/Documents/Documents_MacBook_Pro/ISTT/AirflowTutorial/envlibs/lib/python3.10/site-packages/airflow/example_dags/example_xcomargs.py
[2023-06-22T15:12:41.144+0700] {logging_mixin.py:149} INFO - [2023-06-22T15:12:41.144+0700] {dag.py:2726} INFO - Sync 2 DAGs
[2023-06-22T15:12:41.158+0700] {logging_mixin.py:149} INFO - [2023-06-22T15:12:41.158+0700] {dag.py:3486} INFO - Setting next_dagrun for example_xcom_args to None, run_after=None
[2023-06-22T15:12:41.160+0700] {logging_mixin.py:149} INFO - [2023-06-22T15:12:41.160+0700] {dag.py:3486} INFO - Setting next_dagrun for example_xcom_args_with_operators to None, run_after=None
[2023-06-22T15:12:41.175+0700] {processor.py:179} INFO - Processing /Users/macbook/Documents/Documents_MacBook_Pro/ISTT/AirflowTutorial/envlibs/lib/python3.10/site-packages/airflow/example_dags/example_xcomargs.py took 0.783 seconds
[2023-06-22T15:14:48.278+0700] {processor.py:157} INFO - Started process (PID=13528) to work on /Users/macbook/Documents/Documents_MacBook_Pro/ISTT/AirflowTutorial/envlibs/lib/python3.10/site-packages/airflow/example_dags/example_xcomargs.py
[2023-06-22T15:14:48.279+0700] {processor.py:826} INFO - Processing file /Users/macbook/Documents/Documents_MacBook_Pro/ISTT/AirflowTutorial/envlibs/lib/python3.10/site-packages/airflow/example_dags/example_xcomargs.py for tasks to queue
[2023-06-22T15:14:48.279+0700] {logging_mixin.py:149} INFO - [2023-06-22T15:14:48.279+0700] {dagbag.py:541} INFO - Filling up the DagBag from /Users/macbook/Documents/Documents_MacBook_Pro/ISTT/AirflowTutorial/envlibs/lib/python3.10/site-packages/airflow/example_dags/example_xcomargs.py
[2023-06-22T15:14:48.333+0700] {processor.py:836} INFO - DAG(s) dict_keys(['example_xcom_args', 'example_xcom_args_with_operators']) retrieved from /Users/macbook/Documents/Documents_MacBook_Pro/ISTT/AirflowTutorial/envlibs/lib/python3.10/site-packages/airflow/example_dags/example_xcomargs.py
[2023-06-22T15:14:49.068+0700] {logging_mixin.py:149} INFO - [2023-06-22T15:14:49.068+0700] {dag.py:2726} INFO - Sync 2 DAGs
[2023-06-22T15:14:49.083+0700] {logging_mixin.py:149} INFO - [2023-06-22T15:14:49.083+0700] {dag.py:3486} INFO - Setting next_dagrun for example_xcom_args to None, run_after=None
[2023-06-22T15:14:49.086+0700] {logging_mixin.py:149} INFO - [2023-06-22T15:14:49.086+0700] {dag.py:3486} INFO - Setting next_dagrun for example_xcom_args_with_operators to None, run_after=None
[2023-06-22T15:14:49.101+0700] {processor.py:179} INFO - Processing /Users/macbook/Documents/Documents_MacBook_Pro/ISTT/AirflowTutorial/envlibs/lib/python3.10/site-packages/airflow/example_dags/example_xcomargs.py took 0.823 seconds
[2023-06-22T15:16:56.926+0700] {processor.py:157} INFO - Started process (PID=13603) to work on /Users/macbook/Documents/Documents_MacBook_Pro/ISTT/AirflowTutorial/envlibs/lib/python3.10/site-packages/airflow/example_dags/example_xcomargs.py
[2023-06-22T15:16:56.927+0700] {processor.py:826} INFO - Processing file /Users/macbook/Documents/Documents_MacBook_Pro/ISTT/AirflowTutorial/envlibs/lib/python3.10/site-packages/airflow/example_dags/example_xcomargs.py for tasks to queue
[2023-06-22T15:16:56.928+0700] {logging_mixin.py:149} INFO - [2023-06-22T15:16:56.928+0700] {dagbag.py:541} INFO - Filling up the DagBag from /Users/macbook/Documents/Documents_MacBook_Pro/ISTT/AirflowTutorial/envlibs/lib/python3.10/site-packages/airflow/example_dags/example_xcomargs.py
[2023-06-22T15:16:56.985+0700] {processor.py:836} INFO - DAG(s) dict_keys(['example_xcom_args_with_operators', 'example_xcom_args']) retrieved from /Users/macbook/Documents/Documents_MacBook_Pro/ISTT/AirflowTutorial/envlibs/lib/python3.10/site-packages/airflow/example_dags/example_xcomargs.py
[2023-06-22T15:16:57.806+0700] {logging_mixin.py:149} INFO - [2023-06-22T15:16:57.805+0700] {dag.py:2726} INFO - Sync 2 DAGs
[2023-06-22T15:16:57.829+0700] {logging_mixin.py:149} INFO - [2023-06-22T15:16:57.829+0700] {dag.py:3486} INFO - Setting next_dagrun for example_xcom_args to None, run_after=None
[2023-06-22T15:16:57.832+0700] {logging_mixin.py:149} INFO - [2023-06-22T15:16:57.832+0700] {dag.py:3486} INFO - Setting next_dagrun for example_xcom_args_with_operators to None, run_after=None
[2023-06-22T15:16:57.850+0700] {processor.py:179} INFO - Processing /Users/macbook/Documents/Documents_MacBook_Pro/ISTT/AirflowTutorial/envlibs/lib/python3.10/site-packages/airflow/example_dags/example_xcomargs.py took 0.924 seconds
