[2023-06-22T14:29:05.291+0700] {processor.py:157} INFO - Started process (PID=11911) to work on /Users/macbook/Documents/Documents_MacBook_Pro/ISTT/AirflowTutorial/envlibs/lib/python3.10/site-packages/airflow/example_dags/example_branch_datetime_operator.py
[2023-06-22T14:29:05.292+0700] {processor.py:826} INFO - Processing file /Users/macbook/Documents/Documents_MacBook_Pro/ISTT/AirflowTutorial/envlibs/lib/python3.10/site-packages/airflow/example_dags/example_branch_datetime_operator.py for tasks to queue
[2023-06-22T14:29:05.293+0700] {logging_mixin.py:149} INFO - [2023-06-22T14:29:05.293+0700] {dagbag.py:541} INFO - Filling up the DagBag from /Users/macbook/Documents/Documents_MacBook_Pro/ISTT/AirflowTutorial/envlibs/lib/python3.10/site-packages/airflow/example_dags/example_branch_datetime_operator.py
[2023-06-22T14:29:05.325+0700] {processor.py:836} INFO - DAG(s) dict_keys(['example_branch_datetime_operator_2', 'example_branch_datetime_operator', 'example_branch_datetime_operator_3']) retrieved from /Users/macbook/Documents/Documents_MacBook_Pro/ISTT/AirflowTutorial/envlibs/lib/python3.10/site-packages/airflow/example_dags/example_branch_datetime_operator.py
[2023-06-22T14:29:06.381+0700] {logging_mixin.py:149} INFO - [2023-06-22T14:29:06.381+0700] {dag.py:2726} INFO - Sync 3 DAGs
[2023-06-22T14:29:06.400+0700] {logging_mixin.py:149} INFO - [2023-06-22T14:29:06.400+0700] {dag.py:3486} INFO - Setting next_dagrun for example_branch_datetime_operator to 2023-06-21T00:00:00+00:00, run_after=2023-06-22T00:00:00+00:00
[2023-06-22T14:29:06.404+0700] {logging_mixin.py:149} INFO - [2023-06-22T14:29:06.404+0700] {dag.py:3486} INFO - Setting next_dagrun for example_branch_datetime_operator_2 to 2023-06-21T00:00:00+00:00, run_after=2023-06-22T00:00:00+00:00
[2023-06-22T14:29:06.407+0700] {logging_mixin.py:149} INFO - [2023-06-22T14:29:06.407+0700] {dag.py:3486} INFO - Setting next_dagrun for example_branch_datetime_operator_3 to 2023-06-21T00:00:00+00:00, run_after=2023-06-22T00:00:00+00:00
[2023-06-22T14:29:06.427+0700] {processor.py:179} INFO - Processing /Users/macbook/Documents/Documents_MacBook_Pro/ISTT/AirflowTutorial/envlibs/lib/python3.10/site-packages/airflow/example_dags/example_branch_datetime_operator.py took 1.137 seconds
[2023-06-22T14:33:35.534+0700] {processor.py:157} INFO - Started process (PID=12111) to work on /Users/macbook/Documents/Documents_MacBook_Pro/ISTT/AirflowTutorial/envlibs/lib/python3.10/site-packages/airflow/example_dags/example_branch_datetime_operator.py
[2023-06-22T14:33:35.535+0700] {processor.py:826} INFO - Processing file /Users/macbook/Documents/Documents_MacBook_Pro/ISTT/AirflowTutorial/envlibs/lib/python3.10/site-packages/airflow/example_dags/example_branch_datetime_operator.py for tasks to queue
[2023-06-22T14:33:35.536+0700] {logging_mixin.py:149} INFO - [2023-06-22T14:33:35.536+0700] {dagbag.py:541} INFO - Filling up the DagBag from /Users/macbook/Documents/Documents_MacBook_Pro/ISTT/AirflowTutorial/envlibs/lib/python3.10/site-packages/airflow/example_dags/example_branch_datetime_operator.py
[2023-06-22T14:33:35.564+0700] {processor.py:836} INFO - DAG(s) dict_keys(['example_branch_datetime_operator', 'example_branch_datetime_operator_2', 'example_branch_datetime_operator_3']) retrieved from /Users/macbook/Documents/Documents_MacBook_Pro/ISTT/AirflowTutorial/envlibs/lib/python3.10/site-packages/airflow/example_dags/example_branch_datetime_operator.py
[2023-06-22T14:33:36.555+0700] {logging_mixin.py:149} INFO - [2023-06-22T14:33:36.555+0700] {dag.py:2726} INFO - Sync 3 DAGs
[2023-06-22T14:33:36.565+0700] {logging_mixin.py:149} INFO - [2023-06-22T14:33:36.564+0700] {dag.py:2747} INFO - Creating ORM DAG for example_branch_datetime_operator
[2023-06-22T14:33:36.565+0700] {logging_mixin.py:149} INFO - [2023-06-22T14:33:36.565+0700] {dag.py:2747} INFO - Creating ORM DAG for example_branch_datetime_operator_3
[2023-06-22T14:33:36.566+0700] {logging_mixin.py:149} INFO - [2023-06-22T14:33:36.565+0700] {dag.py:2747} INFO - Creating ORM DAG for example_branch_datetime_operator_2
[2023-06-22T14:33:36.576+0700] {logging_mixin.py:149} INFO - [2023-06-22T14:33:36.576+0700] {dag.py:3486} INFO - Setting next_dagrun for example_branch_datetime_operator to 2023-06-21T00:00:00+00:00, run_after=2023-06-22T00:00:00+00:00
[2023-06-22T14:33:36.578+0700] {logging_mixin.py:149} INFO - [2023-06-22T14:33:36.578+0700] {dag.py:3486} INFO - Setting next_dagrun for example_branch_datetime_operator_2 to 2023-06-21T00:00:00+00:00, run_after=2023-06-22T00:00:00+00:00
[2023-06-22T14:33:36.580+0700] {logging_mixin.py:149} INFO - [2023-06-22T14:33:36.579+0700] {dag.py:3486} INFO - Setting next_dagrun for example_branch_datetime_operator_3 to 2023-06-21T00:00:00+00:00, run_after=2023-06-22T00:00:00+00:00
[2023-06-22T14:33:36.602+0700] {processor.py:179} INFO - Processing /Users/macbook/Documents/Documents_MacBook_Pro/ISTT/AirflowTutorial/envlibs/lib/python3.10/site-packages/airflow/example_dags/example_branch_datetime_operator.py took 1.068 seconds
[2023-06-22T14:38:57.685+0700] {processor.py:157} INFO - Started process (PID=12380) to work on /Users/macbook/Documents/Documents_MacBook_Pro/ISTT/AirflowTutorial/envlibs/lib/python3.10/site-packages/airflow/example_dags/example_branch_datetime_operator.py
[2023-06-22T14:38:57.687+0700] {processor.py:826} INFO - Processing file /Users/macbook/Documents/Documents_MacBook_Pro/ISTT/AirflowTutorial/envlibs/lib/python3.10/site-packages/airflow/example_dags/example_branch_datetime_operator.py for tasks to queue
[2023-06-22T14:38:57.687+0700] {logging_mixin.py:149} INFO - [2023-06-22T14:38:57.687+0700] {dagbag.py:541} INFO - Filling up the DagBag from /Users/macbook/Documents/Documents_MacBook_Pro/ISTT/AirflowTutorial/envlibs/lib/python3.10/site-packages/airflow/example_dags/example_branch_datetime_operator.py
[2023-06-22T14:38:57.714+0700] {processor.py:836} INFO - DAG(s) dict_keys(['example_branch_datetime_operator', 'example_branch_datetime_operator_2', 'example_branch_datetime_operator_3']) retrieved from /Users/macbook/Documents/Documents_MacBook_Pro/ISTT/AirflowTutorial/envlibs/lib/python3.10/site-packages/airflow/example_dags/example_branch_datetime_operator.py
[2023-06-22T14:38:58.674+0700] {logging_mixin.py:149} INFO - [2023-06-22T14:38:58.674+0700] {dag.py:2726} INFO - Sync 3 DAGs
[2023-06-22T14:38:58.683+0700] {logging_mixin.py:149} INFO - [2023-06-22T14:38:58.683+0700] {dag.py:2747} INFO - Creating ORM DAG for example_branch_datetime_operator_3
[2023-06-22T14:38:58.684+0700] {logging_mixin.py:149} INFO - [2023-06-22T14:38:58.684+0700] {dag.py:2747} INFO - Creating ORM DAG for example_branch_datetime_operator_2
[2023-06-22T14:38:58.684+0700] {logging_mixin.py:149} INFO - [2023-06-22T14:38:58.684+0700] {dag.py:2747} INFO - Creating ORM DAG for example_branch_datetime_operator
[2023-06-22T14:38:58.696+0700] {logging_mixin.py:149} INFO - [2023-06-22T14:38:58.695+0700] {dag.py:3486} INFO - Setting next_dagrun for example_branch_datetime_operator to 2023-06-21T00:00:00+00:00, run_after=2023-06-22T00:00:00+00:00
[2023-06-22T14:38:58.698+0700] {logging_mixin.py:149} INFO - [2023-06-22T14:38:58.698+0700] {dag.py:3486} INFO - Setting next_dagrun for example_branch_datetime_operator_2 to 2023-06-21T00:00:00+00:00, run_after=2023-06-22T00:00:00+00:00
[2023-06-22T14:38:58.700+0700] {logging_mixin.py:149} INFO - [2023-06-22T14:38:58.700+0700] {dag.py:3486} INFO - Setting next_dagrun for example_branch_datetime_operator_3 to 2023-06-21T00:00:00+00:00, run_after=2023-06-22T00:00:00+00:00
[2023-06-22T14:38:58.724+0700] {processor.py:179} INFO - Processing /Users/macbook/Documents/Documents_MacBook_Pro/ISTT/AirflowTutorial/envlibs/lib/python3.10/site-packages/airflow/example_dags/example_branch_datetime_operator.py took 1.039 seconds
[2023-06-22T14:43:19.138+0700] {processor.py:157} INFO - Started process (PID=12550) to work on /Users/macbook/Documents/Documents_MacBook_Pro/ISTT/AirflowTutorial/envlibs/lib/python3.10/site-packages/airflow/example_dags/example_branch_datetime_operator.py
[2023-06-22T14:43:19.139+0700] {processor.py:826} INFO - Processing file /Users/macbook/Documents/Documents_MacBook_Pro/ISTT/AirflowTutorial/envlibs/lib/python3.10/site-packages/airflow/example_dags/example_branch_datetime_operator.py for tasks to queue
[2023-06-22T14:43:19.141+0700] {logging_mixin.py:149} INFO - [2023-06-22T14:43:19.141+0700] {dagbag.py:541} INFO - Filling up the DagBag from /Users/macbook/Documents/Documents_MacBook_Pro/ISTT/AirflowTutorial/envlibs/lib/python3.10/site-packages/airflow/example_dags/example_branch_datetime_operator.py
[2023-06-22T14:43:19.180+0700] {processor.py:836} INFO - DAG(s) dict_keys(['example_branch_datetime_operator', 'example_branch_datetime_operator_3', 'example_branch_datetime_operator_2']) retrieved from /Users/macbook/Documents/Documents_MacBook_Pro/ISTT/AirflowTutorial/envlibs/lib/python3.10/site-packages/airflow/example_dags/example_branch_datetime_operator.py
[2023-06-22T14:43:20.250+0700] {logging_mixin.py:149} INFO - [2023-06-22T14:43:20.250+0700] {dag.py:2726} INFO - Sync 3 DAGs
[2023-06-22T14:43:20.274+0700] {logging_mixin.py:149} INFO - [2023-06-22T14:43:20.274+0700] {dag.py:3486} INFO - Setting next_dagrun for example_branch_datetime_operator to 2023-06-21T00:00:00+00:00, run_after=2023-06-22T00:00:00+00:00
[2023-06-22T14:43:20.281+0700] {logging_mixin.py:149} INFO - [2023-06-22T14:43:20.281+0700] {dag.py:3486} INFO - Setting next_dagrun for example_branch_datetime_operator_2 to 2023-06-21T00:00:00+00:00, run_after=2023-06-22T00:00:00+00:00
[2023-06-22T14:43:20.285+0700] {logging_mixin.py:149} INFO - [2023-06-22T14:43:20.285+0700] {dag.py:3486} INFO - Setting next_dagrun for example_branch_datetime_operator_3 to 2023-06-21T00:00:00+00:00, run_after=2023-06-22T00:00:00+00:00
[2023-06-22T14:43:20.307+0700] {processor.py:179} INFO - Processing /Users/macbook/Documents/Documents_MacBook_Pro/ISTT/AirflowTutorial/envlibs/lib/python3.10/site-packages/airflow/example_dags/example_branch_datetime_operator.py took 1.170 seconds
[2023-06-22T14:47:30.426+0700] {processor.py:157} INFO - Started process (PID=12661) to work on /Users/macbook/Documents/Documents_MacBook_Pro/ISTT/AirflowTutorial/envlibs/lib/python3.10/site-packages/airflow/example_dags/example_branch_datetime_operator.py
[2023-06-22T14:47:30.427+0700] {processor.py:826} INFO - Processing file /Users/macbook/Documents/Documents_MacBook_Pro/ISTT/AirflowTutorial/envlibs/lib/python3.10/site-packages/airflow/example_dags/example_branch_datetime_operator.py for tasks to queue
[2023-06-22T14:47:30.427+0700] {logging_mixin.py:149} INFO - [2023-06-22T14:47:30.427+0700] {dagbag.py:541} INFO - Filling up the DagBag from /Users/macbook/Documents/Documents_MacBook_Pro/ISTT/AirflowTutorial/envlibs/lib/python3.10/site-packages/airflow/example_dags/example_branch_datetime_operator.py
[2023-06-22T14:47:30.453+0700] {processor.py:836} INFO - DAG(s) dict_keys(['example_branch_datetime_operator_2', 'example_branch_datetime_operator_3', 'example_branch_datetime_operator']) retrieved from /Users/macbook/Documents/Documents_MacBook_Pro/ISTT/AirflowTutorial/envlibs/lib/python3.10/site-packages/airflow/example_dags/example_branch_datetime_operator.py
[2023-06-22T14:47:31.215+0700] {logging_mixin.py:149} INFO - [2023-06-22T14:47:31.215+0700] {dag.py:2726} INFO - Sync 3 DAGs
[2023-06-22T14:47:31.244+0700] {logging_mixin.py:149} INFO - [2023-06-22T14:47:31.244+0700] {dag.py:3486} INFO - Setting next_dagrun for example_branch_datetime_operator to 2023-06-21T00:00:00+00:00, run_after=2023-06-22T00:00:00+00:00
[2023-06-22T14:47:31.251+0700] {logging_mixin.py:149} INFO - [2023-06-22T14:47:31.250+0700] {dag.py:3486} INFO - Setting next_dagrun for example_branch_datetime_operator_2 to 2023-06-21T00:00:00+00:00, run_after=2023-06-22T00:00:00+00:00
[2023-06-22T14:47:31.253+0700] {logging_mixin.py:149} INFO - [2023-06-22T14:47:31.253+0700] {dag.py:3486} INFO - Setting next_dagrun for example_branch_datetime_operator_3 to 2023-06-21T00:00:00+00:00, run_after=2023-06-22T00:00:00+00:00
[2023-06-22T14:47:31.275+0700] {processor.py:179} INFO - Processing /Users/macbook/Documents/Documents_MacBook_Pro/ISTT/AirflowTutorial/envlibs/lib/python3.10/site-packages/airflow/example_dags/example_branch_datetime_operator.py took 0.850 seconds
[2023-06-22T14:51:41.042+0700] {processor.py:157} INFO - Started process (PID=12782) to work on /Users/macbook/Documents/Documents_MacBook_Pro/ISTT/AirflowTutorial/envlibs/lib/python3.10/site-packages/airflow/example_dags/example_branch_datetime_operator.py
[2023-06-22T14:51:41.044+0700] {processor.py:826} INFO - Processing file /Users/macbook/Documents/Documents_MacBook_Pro/ISTT/AirflowTutorial/envlibs/lib/python3.10/site-packages/airflow/example_dags/example_branch_datetime_operator.py for tasks to queue
[2023-06-22T14:51:41.044+0700] {logging_mixin.py:149} INFO - [2023-06-22T14:51:41.044+0700] {dagbag.py:541} INFO - Filling up the DagBag from /Users/macbook/Documents/Documents_MacBook_Pro/ISTT/AirflowTutorial/envlibs/lib/python3.10/site-packages/airflow/example_dags/example_branch_datetime_operator.py
[2023-06-22T14:51:41.070+0700] {processor.py:836} INFO - DAG(s) dict_keys(['example_branch_datetime_operator_2', 'example_branch_datetime_operator_3', 'example_branch_datetime_operator']) retrieved from /Users/macbook/Documents/Documents_MacBook_Pro/ISTT/AirflowTutorial/envlibs/lib/python3.10/site-packages/airflow/example_dags/example_branch_datetime_operator.py
[2023-06-22T14:51:42.083+0700] {logging_mixin.py:149} INFO - [2023-06-22T14:51:42.083+0700] {dag.py:2726} INFO - Sync 3 DAGs
[2023-06-22T14:51:42.106+0700] {logging_mixin.py:149} INFO - [2023-06-22T14:51:42.106+0700] {dag.py:3486} INFO - Setting next_dagrun for example_branch_datetime_operator to 2023-06-21T00:00:00+00:00, run_after=2023-06-22T00:00:00+00:00
[2023-06-22T14:51:42.111+0700] {logging_mixin.py:149} INFO - [2023-06-22T14:51:42.111+0700] {dag.py:3486} INFO - Setting next_dagrun for example_branch_datetime_operator_2 to 2023-06-21T00:00:00+00:00, run_after=2023-06-22T00:00:00+00:00
[2023-06-22T14:51:42.114+0700] {logging_mixin.py:149} INFO - [2023-06-22T14:51:42.114+0700] {dag.py:3486} INFO - Setting next_dagrun for example_branch_datetime_operator_3 to 2023-06-21T00:00:00+00:00, run_after=2023-06-22T00:00:00+00:00
[2023-06-22T14:51:42.133+0700] {processor.py:179} INFO - Processing /Users/macbook/Documents/Documents_MacBook_Pro/ISTT/AirflowTutorial/envlibs/lib/python3.10/site-packages/airflow/example_dags/example_branch_datetime_operator.py took 1.091 seconds
[2023-06-22T14:55:37.615+0700] {processor.py:157} INFO - Started process (PID=12892) to work on /Users/macbook/Documents/Documents_MacBook_Pro/ISTT/AirflowTutorial/envlibs/lib/python3.10/site-packages/airflow/example_dags/example_branch_datetime_operator.py
[2023-06-22T14:55:37.616+0700] {processor.py:826} INFO - Processing file /Users/macbook/Documents/Documents_MacBook_Pro/ISTT/AirflowTutorial/envlibs/lib/python3.10/site-packages/airflow/example_dags/example_branch_datetime_operator.py for tasks to queue
[2023-06-22T14:55:37.616+0700] {logging_mixin.py:149} INFO - [2023-06-22T14:55:37.616+0700] {dagbag.py:541} INFO - Filling up the DagBag from /Users/macbook/Documents/Documents_MacBook_Pro/ISTT/AirflowTutorial/envlibs/lib/python3.10/site-packages/airflow/example_dags/example_branch_datetime_operator.py
[2023-06-22T14:55:37.641+0700] {processor.py:836} INFO - DAG(s) dict_keys(['example_branch_datetime_operator_2', 'example_branch_datetime_operator', 'example_branch_datetime_operator_3']) retrieved from /Users/macbook/Documents/Documents_MacBook_Pro/ISTT/AirflowTutorial/envlibs/lib/python3.10/site-packages/airflow/example_dags/example_branch_datetime_operator.py
[2023-06-22T14:55:38.375+0700] {logging_mixin.py:149} INFO - [2023-06-22T14:55:38.375+0700] {dag.py:2726} INFO - Sync 3 DAGs
[2023-06-22T14:55:38.393+0700] {logging_mixin.py:149} INFO - [2023-06-22T14:55:38.393+0700] {dag.py:3486} INFO - Setting next_dagrun for example_branch_datetime_operator to 2023-06-21T00:00:00+00:00, run_after=2023-06-22T00:00:00+00:00
[2023-06-22T14:55:38.397+0700] {logging_mixin.py:149} INFO - [2023-06-22T14:55:38.397+0700] {dag.py:3486} INFO - Setting next_dagrun for example_branch_datetime_operator_2 to 2023-06-21T00:00:00+00:00, run_after=2023-06-22T00:00:00+00:00
[2023-06-22T14:55:38.399+0700] {logging_mixin.py:149} INFO - [2023-06-22T14:55:38.399+0700] {dag.py:3486} INFO - Setting next_dagrun for example_branch_datetime_operator_3 to 2023-06-21T00:00:00+00:00, run_after=2023-06-22T00:00:00+00:00
[2023-06-22T14:55:38.422+0700] {processor.py:179} INFO - Processing /Users/macbook/Documents/Documents_MacBook_Pro/ISTT/AirflowTutorial/envlibs/lib/python3.10/site-packages/airflow/example_dags/example_branch_datetime_operator.py took 0.808 seconds
[2023-06-22T14:59:36.868+0700] {processor.py:157} INFO - Started process (PID=12996) to work on /Users/macbook/Documents/Documents_MacBook_Pro/ISTT/AirflowTutorial/envlibs/lib/python3.10/site-packages/airflow/example_dags/example_branch_datetime_operator.py
[2023-06-22T14:59:36.870+0700] {processor.py:826} INFO - Processing file /Users/macbook/Documents/Documents_MacBook_Pro/ISTT/AirflowTutorial/envlibs/lib/python3.10/site-packages/airflow/example_dags/example_branch_datetime_operator.py for tasks to queue
[2023-06-22T14:59:36.870+0700] {logging_mixin.py:149} INFO - [2023-06-22T14:59:36.870+0700] {dagbag.py:541} INFO - Filling up the DagBag from /Users/macbook/Documents/Documents_MacBook_Pro/ISTT/AirflowTutorial/envlibs/lib/python3.10/site-packages/airflow/example_dags/example_branch_datetime_operator.py
[2023-06-22T14:59:36.898+0700] {processor.py:836} INFO - DAG(s) dict_keys(['example_branch_datetime_operator_2', 'example_branch_datetime_operator', 'example_branch_datetime_operator_3']) retrieved from /Users/macbook/Documents/Documents_MacBook_Pro/ISTT/AirflowTutorial/envlibs/lib/python3.10/site-packages/airflow/example_dags/example_branch_datetime_operator.py
[2023-06-22T14:59:37.708+0700] {logging_mixin.py:149} INFO - [2023-06-22T14:59:37.708+0700] {dag.py:2726} INFO - Sync 3 DAGs
[2023-06-22T14:59:37.731+0700] {logging_mixin.py:149} INFO - [2023-06-22T14:59:37.731+0700] {dag.py:3486} INFO - Setting next_dagrun for example_branch_datetime_operator to 2023-06-21T00:00:00+00:00, run_after=2023-06-22T00:00:00+00:00
[2023-06-22T14:59:37.736+0700] {logging_mixin.py:149} INFO - [2023-06-22T14:59:37.736+0700] {dag.py:3486} INFO - Setting next_dagrun for example_branch_datetime_operator_2 to 2023-06-21T00:00:00+00:00, run_after=2023-06-22T00:00:00+00:00
[2023-06-22T14:59:37.740+0700] {logging_mixin.py:149} INFO - [2023-06-22T14:59:37.740+0700] {dag.py:3486} INFO - Setting next_dagrun for example_branch_datetime_operator_3 to 2023-06-21T00:00:00+00:00, run_after=2023-06-22T00:00:00+00:00
[2023-06-22T14:59:37.759+0700] {processor.py:179} INFO - Processing /Users/macbook/Documents/Documents_MacBook_Pro/ISTT/AirflowTutorial/envlibs/lib/python3.10/site-packages/airflow/example_dags/example_branch_datetime_operator.py took 0.891 seconds
[2023-06-22T15:03:44.197+0700] {processor.py:157} INFO - Started process (PID=13109) to work on /Users/macbook/Documents/Documents_MacBook_Pro/ISTT/AirflowTutorial/envlibs/lib/python3.10/site-packages/airflow/example_dags/example_branch_datetime_operator.py
[2023-06-22T15:03:44.198+0700] {processor.py:826} INFO - Processing file /Users/macbook/Documents/Documents_MacBook_Pro/ISTT/AirflowTutorial/envlibs/lib/python3.10/site-packages/airflow/example_dags/example_branch_datetime_operator.py for tasks to queue
[2023-06-22T15:03:44.199+0700] {logging_mixin.py:149} INFO - [2023-06-22T15:03:44.199+0700] {dagbag.py:541} INFO - Filling up the DagBag from /Users/macbook/Documents/Documents_MacBook_Pro/ISTT/AirflowTutorial/envlibs/lib/python3.10/site-packages/airflow/example_dags/example_branch_datetime_operator.py
[2023-06-22T15:03:44.223+0700] {processor.py:836} INFO - DAG(s) dict_keys(['example_branch_datetime_operator', 'example_branch_datetime_operator_2', 'example_branch_datetime_operator_3']) retrieved from /Users/macbook/Documents/Documents_MacBook_Pro/ISTT/AirflowTutorial/envlibs/lib/python3.10/site-packages/airflow/example_dags/example_branch_datetime_operator.py
[2023-06-22T15:03:45.058+0700] {logging_mixin.py:149} INFO - [2023-06-22T15:03:45.058+0700] {dag.py:2726} INFO - Sync 3 DAGs
[2023-06-22T15:03:45.075+0700] {logging_mixin.py:149} INFO - [2023-06-22T15:03:45.075+0700] {dag.py:3486} INFO - Setting next_dagrun for example_branch_datetime_operator to 2023-06-21T00:00:00+00:00, run_after=2023-06-22T00:00:00+00:00
[2023-06-22T15:03:45.079+0700] {logging_mixin.py:149} INFO - [2023-06-22T15:03:45.079+0700] {dag.py:3486} INFO - Setting next_dagrun for example_branch_datetime_operator_2 to 2023-06-21T00:00:00+00:00, run_after=2023-06-22T00:00:00+00:00
[2023-06-22T15:03:45.081+0700] {logging_mixin.py:149} INFO - [2023-06-22T15:03:45.081+0700] {dag.py:3486} INFO - Setting next_dagrun for example_branch_datetime_operator_3 to 2023-06-21T00:00:00+00:00, run_after=2023-06-22T00:00:00+00:00
[2023-06-22T15:03:45.096+0700] {processor.py:179} INFO - Processing /Users/macbook/Documents/Documents_MacBook_Pro/ISTT/AirflowTutorial/envlibs/lib/python3.10/site-packages/airflow/example_dags/example_branch_datetime_operator.py took 0.900 seconds
[2023-06-22T15:07:56.127+0700] {processor.py:157} INFO - Started process (PID=13271) to work on /Users/macbook/Documents/Documents_MacBook_Pro/ISTT/AirflowTutorial/envlibs/lib/python3.10/site-packages/airflow/example_dags/example_branch_datetime_operator.py
[2023-06-22T15:07:56.128+0700] {processor.py:826} INFO - Processing file /Users/macbook/Documents/Documents_MacBook_Pro/ISTT/AirflowTutorial/envlibs/lib/python3.10/site-packages/airflow/example_dags/example_branch_datetime_operator.py for tasks to queue
[2023-06-22T15:07:56.129+0700] {logging_mixin.py:149} INFO - [2023-06-22T15:07:56.129+0700] {dagbag.py:541} INFO - Filling up the DagBag from /Users/macbook/Documents/Documents_MacBook_Pro/ISTT/AirflowTutorial/envlibs/lib/python3.10/site-packages/airflow/example_dags/example_branch_datetime_operator.py
[2023-06-22T15:07:56.155+0700] {processor.py:836} INFO - DAG(s) dict_keys(['example_branch_datetime_operator', 'example_branch_datetime_operator_2', 'example_branch_datetime_operator_3']) retrieved from /Users/macbook/Documents/Documents_MacBook_Pro/ISTT/AirflowTutorial/envlibs/lib/python3.10/site-packages/airflow/example_dags/example_branch_datetime_operator.py
[2023-06-22T15:07:56.935+0700] {logging_mixin.py:149} INFO - [2023-06-22T15:07:56.935+0700] {dag.py:2726} INFO - Sync 3 DAGs
[2023-06-22T15:07:56.953+0700] {logging_mixin.py:149} INFO - [2023-06-22T15:07:56.953+0700] {dag.py:3486} INFO - Setting next_dagrun for example_branch_datetime_operator to 2023-06-21T00:00:00+00:00, run_after=2023-06-22T00:00:00+00:00
[2023-06-22T15:07:56.957+0700] {logging_mixin.py:149} INFO - [2023-06-22T15:07:56.956+0700] {dag.py:3486} INFO - Setting next_dagrun for example_branch_datetime_operator_2 to 2023-06-21T00:00:00+00:00, run_after=2023-06-22T00:00:00+00:00
[2023-06-22T15:07:56.959+0700] {logging_mixin.py:149} INFO - [2023-06-22T15:07:56.959+0700] {dag.py:3486} INFO - Setting next_dagrun for example_branch_datetime_operator_3 to 2023-06-21T00:00:00+00:00, run_after=2023-06-22T00:00:00+00:00
[2023-06-22T15:07:56.974+0700] {processor.py:179} INFO - Processing /Users/macbook/Documents/Documents_MacBook_Pro/ISTT/AirflowTutorial/envlibs/lib/python3.10/site-packages/airflow/example_dags/example_branch_datetime_operator.py took 0.847 seconds
[2023-06-22T15:12:05.070+0700] {processor.py:157} INFO - Started process (PID=13422) to work on /Users/macbook/Documents/Documents_MacBook_Pro/ISTT/AirflowTutorial/envlibs/lib/python3.10/site-packages/airflow/example_dags/example_branch_datetime_operator.py
[2023-06-22T15:12:05.072+0700] {processor.py:826} INFO - Processing file /Users/macbook/Documents/Documents_MacBook_Pro/ISTT/AirflowTutorial/envlibs/lib/python3.10/site-packages/airflow/example_dags/example_branch_datetime_operator.py for tasks to queue
[2023-06-22T15:12:05.072+0700] {logging_mixin.py:149} INFO - [2023-06-22T15:12:05.072+0700] {dagbag.py:541} INFO - Filling up the DagBag from /Users/macbook/Documents/Documents_MacBook_Pro/ISTT/AirflowTutorial/envlibs/lib/python3.10/site-packages/airflow/example_dags/example_branch_datetime_operator.py
[2023-06-22T15:12:05.098+0700] {processor.py:836} INFO - DAG(s) dict_keys(['example_branch_datetime_operator_3', 'example_branch_datetime_operator', 'example_branch_datetime_operator_2']) retrieved from /Users/macbook/Documents/Documents_MacBook_Pro/ISTT/AirflowTutorial/envlibs/lib/python3.10/site-packages/airflow/example_dags/example_branch_datetime_operator.py
[2023-06-22T15:12:05.886+0700] {logging_mixin.py:149} INFO - [2023-06-22T15:12:05.886+0700] {dag.py:2726} INFO - Sync 3 DAGs
[2023-06-22T15:12:05.904+0700] {logging_mixin.py:149} INFO - [2023-06-22T15:12:05.904+0700] {dag.py:3486} INFO - Setting next_dagrun for example_branch_datetime_operator to 2023-06-21T00:00:00+00:00, run_after=2023-06-22T00:00:00+00:00
[2023-06-22T15:12:05.908+0700] {logging_mixin.py:149} INFO - [2023-06-22T15:12:05.908+0700] {dag.py:3486} INFO - Setting next_dagrun for example_branch_datetime_operator_2 to 2023-06-21T00:00:00+00:00, run_after=2023-06-22T00:00:00+00:00
[2023-06-22T15:12:05.910+0700] {logging_mixin.py:149} INFO - [2023-06-22T15:12:05.910+0700] {dag.py:3486} INFO - Setting next_dagrun for example_branch_datetime_operator_3 to 2023-06-21T00:00:00+00:00, run_after=2023-06-22T00:00:00+00:00
[2023-06-22T15:12:05.929+0700] {processor.py:179} INFO - Processing /Users/macbook/Documents/Documents_MacBook_Pro/ISTT/AirflowTutorial/envlibs/lib/python3.10/site-packages/airflow/example_dags/example_branch_datetime_operator.py took 0.860 seconds
[2023-06-22T15:16:20.266+0700] {processor.py:157} INFO - Started process (PID=13578) to work on /Users/macbook/Documents/Documents_MacBook_Pro/ISTT/AirflowTutorial/envlibs/lib/python3.10/site-packages/airflow/example_dags/example_branch_datetime_operator.py
[2023-06-22T15:16:20.267+0700] {processor.py:826} INFO - Processing file /Users/macbook/Documents/Documents_MacBook_Pro/ISTT/AirflowTutorial/envlibs/lib/python3.10/site-packages/airflow/example_dags/example_branch_datetime_operator.py for tasks to queue
[2023-06-22T15:16:20.268+0700] {logging_mixin.py:149} INFO - [2023-06-22T15:16:20.268+0700] {dagbag.py:541} INFO - Filling up the DagBag from /Users/macbook/Documents/Documents_MacBook_Pro/ISTT/AirflowTutorial/envlibs/lib/python3.10/site-packages/airflow/example_dags/example_branch_datetime_operator.py
[2023-06-22T15:16:20.294+0700] {processor.py:836} INFO - DAG(s) dict_keys(['example_branch_datetime_operator_3', 'example_branch_datetime_operator', 'example_branch_datetime_operator_2']) retrieved from /Users/macbook/Documents/Documents_MacBook_Pro/ISTT/AirflowTutorial/envlibs/lib/python3.10/site-packages/airflow/example_dags/example_branch_datetime_operator.py
[2023-06-22T15:16:21.083+0700] {logging_mixin.py:149} INFO - [2023-06-22T15:16:21.083+0700] {dag.py:2726} INFO - Sync 3 DAGs
[2023-06-22T15:16:21.103+0700] {logging_mixin.py:149} INFO - [2023-06-22T15:16:21.103+0700] {dag.py:3486} INFO - Setting next_dagrun for example_branch_datetime_operator to 2023-06-21T00:00:00+00:00, run_after=2023-06-22T00:00:00+00:00
[2023-06-22T15:16:21.108+0700] {logging_mixin.py:149} INFO - [2023-06-22T15:16:21.108+0700] {dag.py:3486} INFO - Setting next_dagrun for example_branch_datetime_operator_2 to 2023-06-21T00:00:00+00:00, run_after=2023-06-22T00:00:00+00:00
[2023-06-22T15:16:21.110+0700] {logging_mixin.py:149} INFO - [2023-06-22T15:16:21.110+0700] {dag.py:3486} INFO - Setting next_dagrun for example_branch_datetime_operator_3 to 2023-06-21T00:00:00+00:00, run_after=2023-06-22T00:00:00+00:00
[2023-06-22T15:16:21.127+0700] {processor.py:179} INFO - Processing /Users/macbook/Documents/Documents_MacBook_Pro/ISTT/AirflowTutorial/envlibs/lib/python3.10/site-packages/airflow/example_dags/example_branch_datetime_operator.py took 0.862 seconds
[2023-06-22T15:20:23.856+0700] {processor.py:157} INFO - Started process (PID=13748) to work on /Users/macbook/Documents/Documents_MacBook_Pro/ISTT/AirflowTutorial/envlibs/lib/python3.10/site-packages/airflow/example_dags/example_branch_datetime_operator.py
[2023-06-22T15:20:23.857+0700] {processor.py:826} INFO - Processing file /Users/macbook/Documents/Documents_MacBook_Pro/ISTT/AirflowTutorial/envlibs/lib/python3.10/site-packages/airflow/example_dags/example_branch_datetime_operator.py for tasks to queue
[2023-06-22T15:20:23.858+0700] {logging_mixin.py:149} INFO - [2023-06-22T15:20:23.857+0700] {dagbag.py:541} INFO - Filling up the DagBag from /Users/macbook/Documents/Documents_MacBook_Pro/ISTT/AirflowTutorial/envlibs/lib/python3.10/site-packages/airflow/example_dags/example_branch_datetime_operator.py
[2023-06-22T15:20:23.884+0700] {processor.py:836} INFO - DAG(s) dict_keys(['example_branch_datetime_operator_2', 'example_branch_datetime_operator', 'example_branch_datetime_operator_3']) retrieved from /Users/macbook/Documents/Documents_MacBook_Pro/ISTT/AirflowTutorial/envlibs/lib/python3.10/site-packages/airflow/example_dags/example_branch_datetime_operator.py
[2023-06-22T15:20:24.704+0700] {logging_mixin.py:149} INFO - [2023-06-22T15:20:24.704+0700] {dag.py:2726} INFO - Sync 3 DAGs
[2023-06-22T15:20:24.722+0700] {logging_mixin.py:149} INFO - [2023-06-22T15:20:24.722+0700] {dag.py:3486} INFO - Setting next_dagrun for example_branch_datetime_operator to 2023-06-21T00:00:00+00:00, run_after=2023-06-22T00:00:00+00:00
[2023-06-22T15:20:24.726+0700] {logging_mixin.py:149} INFO - [2023-06-22T15:20:24.726+0700] {dag.py:3486} INFO - Setting next_dagrun for example_branch_datetime_operator_2 to 2023-06-21T00:00:00+00:00, run_after=2023-06-22T00:00:00+00:00
[2023-06-22T15:20:24.728+0700] {logging_mixin.py:149} INFO - [2023-06-22T15:20:24.728+0700] {dag.py:3486} INFO - Setting next_dagrun for example_branch_datetime_operator_3 to 2023-06-21T00:00:00+00:00, run_after=2023-06-22T00:00:00+00:00
[2023-06-22T15:20:24.745+0700] {processor.py:179} INFO - Processing /Users/macbook/Documents/Documents_MacBook_Pro/ISTT/AirflowTutorial/envlibs/lib/python3.10/site-packages/airflow/example_dags/example_branch_datetime_operator.py took 0.890 seconds
[2023-06-22T15:24:46.541+0700] {processor.py:157} INFO - Started process (PID=13871) to work on /Users/macbook/Documents/Documents_MacBook_Pro/ISTT/AirflowTutorial/envlibs/lib/python3.10/site-packages/airflow/example_dags/example_branch_datetime_operator.py
[2023-06-22T15:24:46.542+0700] {processor.py:826} INFO - Processing file /Users/macbook/Documents/Documents_MacBook_Pro/ISTT/AirflowTutorial/envlibs/lib/python3.10/site-packages/airflow/example_dags/example_branch_datetime_operator.py for tasks to queue
[2023-06-22T15:24:46.543+0700] {logging_mixin.py:149} INFO - [2023-06-22T15:24:46.543+0700] {dagbag.py:541} INFO - Filling up the DagBag from /Users/macbook/Documents/Documents_MacBook_Pro/ISTT/AirflowTutorial/envlibs/lib/python3.10/site-packages/airflow/example_dags/example_branch_datetime_operator.py
[2023-06-22T15:24:46.584+0700] {processor.py:836} INFO - DAG(s) dict_keys(['example_branch_datetime_operator_2', 'example_branch_datetime_operator', 'example_branch_datetime_operator_3']) retrieved from /Users/macbook/Documents/Documents_MacBook_Pro/ISTT/AirflowTutorial/envlibs/lib/python3.10/site-packages/airflow/example_dags/example_branch_datetime_operator.py
[2023-06-22T15:24:47.656+0700] {logging_mixin.py:149} INFO - [2023-06-22T15:24:47.656+0700] {dag.py:2726} INFO - Sync 3 DAGs
[2023-06-22T15:24:47.685+0700] {logging_mixin.py:149} INFO - [2023-06-22T15:24:47.685+0700] {dag.py:3486} INFO - Setting next_dagrun for example_branch_datetime_operator to 2023-06-21T00:00:00+00:00, run_after=2023-06-22T00:00:00+00:00
[2023-06-22T15:24:47.690+0700] {logging_mixin.py:149} INFO - [2023-06-22T15:24:47.690+0700] {dag.py:3486} INFO - Setting next_dagrun for example_branch_datetime_operator_2 to 2023-06-21T00:00:00+00:00, run_after=2023-06-22T00:00:00+00:00
[2023-06-22T15:24:47.693+0700] {logging_mixin.py:149} INFO - [2023-06-22T15:24:47.693+0700] {dag.py:3486} INFO - Setting next_dagrun for example_branch_datetime_operator_3 to 2023-06-21T00:00:00+00:00, run_after=2023-06-22T00:00:00+00:00
[2023-06-22T15:24:47.718+0700] {processor.py:179} INFO - Processing /Users/macbook/Documents/Documents_MacBook_Pro/ISTT/AirflowTutorial/envlibs/lib/python3.10/site-packages/airflow/example_dags/example_branch_datetime_operator.py took 1.178 seconds
[2023-06-22T15:29:06.915+0700] {processor.py:157} INFO - Started process (PID=13986) to work on /Users/macbook/Documents/Documents_MacBook_Pro/ISTT/AirflowTutorial/envlibs/lib/python3.10/site-packages/airflow/example_dags/example_branch_datetime_operator.py
[2023-06-22T15:29:06.917+0700] {processor.py:826} INFO - Processing file /Users/macbook/Documents/Documents_MacBook_Pro/ISTT/AirflowTutorial/envlibs/lib/python3.10/site-packages/airflow/example_dags/example_branch_datetime_operator.py for tasks to queue
[2023-06-22T15:29:06.917+0700] {logging_mixin.py:149} INFO - [2023-06-22T15:29:06.917+0700] {dagbag.py:541} INFO - Filling up the DagBag from /Users/macbook/Documents/Documents_MacBook_Pro/ISTT/AirflowTutorial/envlibs/lib/python3.10/site-packages/airflow/example_dags/example_branch_datetime_operator.py
[2023-06-22T15:29:06.946+0700] {processor.py:836} INFO - DAG(s) dict_keys(['example_branch_datetime_operator_2', 'example_branch_datetime_operator_3', 'example_branch_datetime_operator']) retrieved from /Users/macbook/Documents/Documents_MacBook_Pro/ISTT/AirflowTutorial/envlibs/lib/python3.10/site-packages/airflow/example_dags/example_branch_datetime_operator.py
[2023-06-22T15:29:07.841+0700] {logging_mixin.py:149} INFO - [2023-06-22T15:29:07.841+0700] {dag.py:2726} INFO - Sync 3 DAGs
[2023-06-22T15:29:07.863+0700] {logging_mixin.py:149} INFO - [2023-06-22T15:29:07.863+0700] {dag.py:3486} INFO - Setting next_dagrun for example_branch_datetime_operator to 2023-06-21T00:00:00+00:00, run_after=2023-06-22T00:00:00+00:00
[2023-06-22T15:29:07.869+0700] {logging_mixin.py:149} INFO - [2023-06-22T15:29:07.869+0700] {dag.py:3486} INFO - Setting next_dagrun for example_branch_datetime_operator_2 to 2023-06-21T00:00:00+00:00, run_after=2023-06-22T00:00:00+00:00
[2023-06-22T15:29:07.872+0700] {logging_mixin.py:149} INFO - [2023-06-22T15:29:07.872+0700] {dag.py:3486} INFO - Setting next_dagrun for example_branch_datetime_operator_3 to 2023-06-21T00:00:00+00:00, run_after=2023-06-22T00:00:00+00:00
[2023-06-22T15:29:07.895+0700] {processor.py:179} INFO - Processing /Users/macbook/Documents/Documents_MacBook_Pro/ISTT/AirflowTutorial/envlibs/lib/python3.10/site-packages/airflow/example_dags/example_branch_datetime_operator.py took 0.980 seconds
[2023-06-22T15:33:17.991+0700] {processor.py:157} INFO - Started process (PID=14107) to work on /Users/macbook/Documents/Documents_MacBook_Pro/ISTT/AirflowTutorial/envlibs/lib/python3.10/site-packages/airflow/example_dags/example_branch_datetime_operator.py
[2023-06-22T15:33:17.993+0700] {processor.py:826} INFO - Processing file /Users/macbook/Documents/Documents_MacBook_Pro/ISTT/AirflowTutorial/envlibs/lib/python3.10/site-packages/airflow/example_dags/example_branch_datetime_operator.py for tasks to queue
[2023-06-22T15:33:17.993+0700] {logging_mixin.py:149} INFO - [2023-06-22T15:33:17.993+0700] {dagbag.py:541} INFO - Filling up the DagBag from /Users/macbook/Documents/Documents_MacBook_Pro/ISTT/AirflowTutorial/envlibs/lib/python3.10/site-packages/airflow/example_dags/example_branch_datetime_operator.py
[2023-06-22T15:33:18.018+0700] {processor.py:836} INFO - DAG(s) dict_keys(['example_branch_datetime_operator_3', 'example_branch_datetime_operator', 'example_branch_datetime_operator_2']) retrieved from /Users/macbook/Documents/Documents_MacBook_Pro/ISTT/AirflowTutorial/envlibs/lib/python3.10/site-packages/airflow/example_dags/example_branch_datetime_operator.py
[2023-06-22T15:33:18.795+0700] {logging_mixin.py:149} INFO - [2023-06-22T15:33:18.794+0700] {dag.py:2726} INFO - Sync 3 DAGs
[2023-06-22T15:33:18.812+0700] {logging_mixin.py:149} INFO - [2023-06-22T15:33:18.812+0700] {dag.py:3486} INFO - Setting next_dagrun for example_branch_datetime_operator to 2023-06-21T00:00:00+00:00, run_after=2023-06-22T00:00:00+00:00
[2023-06-22T15:33:18.816+0700] {logging_mixin.py:149} INFO - [2023-06-22T15:33:18.816+0700] {dag.py:3486} INFO - Setting next_dagrun for example_branch_datetime_operator_2 to 2023-06-21T00:00:00+00:00, run_after=2023-06-22T00:00:00+00:00
[2023-06-22T15:33:18.819+0700] {logging_mixin.py:149} INFO - [2023-06-22T15:33:18.818+0700] {dag.py:3486} INFO - Setting next_dagrun for example_branch_datetime_operator_3 to 2023-06-21T00:00:00+00:00, run_after=2023-06-22T00:00:00+00:00
[2023-06-22T15:33:18.837+0700] {processor.py:179} INFO - Processing /Users/macbook/Documents/Documents_MacBook_Pro/ISTT/AirflowTutorial/envlibs/lib/python3.10/site-packages/airflow/example_dags/example_branch_datetime_operator.py took 0.847 seconds
[2023-06-22T15:37:27.644+0700] {processor.py:157} INFO - Started process (PID=14222) to work on /Users/macbook/Documents/Documents_MacBook_Pro/ISTT/AirflowTutorial/envlibs/lib/python3.10/site-packages/airflow/example_dags/example_branch_datetime_operator.py
[2023-06-22T15:37:27.645+0700] {processor.py:826} INFO - Processing file /Users/macbook/Documents/Documents_MacBook_Pro/ISTT/AirflowTutorial/envlibs/lib/python3.10/site-packages/airflow/example_dags/example_branch_datetime_operator.py for tasks to queue
[2023-06-22T15:37:27.645+0700] {logging_mixin.py:149} INFO - [2023-06-22T15:37:27.645+0700] {dagbag.py:541} INFO - Filling up the DagBag from /Users/macbook/Documents/Documents_MacBook_Pro/ISTT/AirflowTutorial/envlibs/lib/python3.10/site-packages/airflow/example_dags/example_branch_datetime_operator.py
[2023-06-22T15:37:27.671+0700] {processor.py:836} INFO - DAG(s) dict_keys(['example_branch_datetime_operator_3', 'example_branch_datetime_operator', 'example_branch_datetime_operator_2']) retrieved from /Users/macbook/Documents/Documents_MacBook_Pro/ISTT/AirflowTutorial/envlibs/lib/python3.10/site-packages/airflow/example_dags/example_branch_datetime_operator.py
[2023-06-22T15:37:28.495+0700] {logging_mixin.py:149} INFO - [2023-06-22T15:37:28.495+0700] {dag.py:2726} INFO - Sync 3 DAGs
[2023-06-22T15:37:28.516+0700] {logging_mixin.py:149} INFO - [2023-06-22T15:37:28.516+0700] {dag.py:3486} INFO - Setting next_dagrun for example_branch_datetime_operator to 2023-06-21T00:00:00+00:00, run_after=2023-06-22T00:00:00+00:00
[2023-06-22T15:37:28.521+0700] {logging_mixin.py:149} INFO - [2023-06-22T15:37:28.520+0700] {dag.py:3486} INFO - Setting next_dagrun for example_branch_datetime_operator_2 to 2023-06-21T00:00:00+00:00, run_after=2023-06-22T00:00:00+00:00
[2023-06-22T15:37:28.523+0700] {logging_mixin.py:149} INFO - [2023-06-22T15:37:28.523+0700] {dag.py:3486} INFO - Setting next_dagrun for example_branch_datetime_operator_3 to 2023-06-21T00:00:00+00:00, run_after=2023-06-22T00:00:00+00:00
[2023-06-22T15:37:28.541+0700] {processor.py:179} INFO - Processing /Users/macbook/Documents/Documents_MacBook_Pro/ISTT/AirflowTutorial/envlibs/lib/python3.10/site-packages/airflow/example_dags/example_branch_datetime_operator.py took 0.898 seconds
[2023-06-22T15:41:50.061+0700] {processor.py:157} INFO - Started process (PID=14363) to work on /Users/macbook/Documents/Documents_MacBook_Pro/ISTT/AirflowTutorial/envlibs/lib/python3.10/site-packages/airflow/example_dags/example_branch_datetime_operator.py
[2023-06-22T15:41:50.062+0700] {processor.py:826} INFO - Processing file /Users/macbook/Documents/Documents_MacBook_Pro/ISTT/AirflowTutorial/envlibs/lib/python3.10/site-packages/airflow/example_dags/example_branch_datetime_operator.py for tasks to queue
[2023-06-22T15:41:50.063+0700] {logging_mixin.py:149} INFO - [2023-06-22T15:41:50.063+0700] {dagbag.py:541} INFO - Filling up the DagBag from /Users/macbook/Documents/Documents_MacBook_Pro/ISTT/AirflowTutorial/envlibs/lib/python3.10/site-packages/airflow/example_dags/example_branch_datetime_operator.py
[2023-06-22T15:41:50.100+0700] {processor.py:836} INFO - DAG(s) dict_keys(['example_branch_datetime_operator_3', 'example_branch_datetime_operator', 'example_branch_datetime_operator_2']) retrieved from /Users/macbook/Documents/Documents_MacBook_Pro/ISTT/AirflowTutorial/envlibs/lib/python3.10/site-packages/airflow/example_dags/example_branch_datetime_operator.py
[2023-06-22T15:41:51.045+0700] {logging_mixin.py:149} INFO - [2023-06-22T15:41:51.045+0700] {dag.py:2726} INFO - Sync 3 DAGs
[2023-06-22T15:41:51.069+0700] {logging_mixin.py:149} INFO - [2023-06-22T15:41:51.069+0700] {dag.py:3486} INFO - Setting next_dagrun for example_branch_datetime_operator to 2023-06-21T00:00:00+00:00, run_after=2023-06-22T00:00:00+00:00
[2023-06-22T15:41:51.074+0700] {logging_mixin.py:149} INFO - [2023-06-22T15:41:51.074+0700] {dag.py:3486} INFO - Setting next_dagrun for example_branch_datetime_operator_2 to 2023-06-21T00:00:00+00:00, run_after=2023-06-22T00:00:00+00:00
[2023-06-22T15:41:51.077+0700] {logging_mixin.py:149} INFO - [2023-06-22T15:41:51.076+0700] {dag.py:3486} INFO - Setting next_dagrun for example_branch_datetime_operator_3 to 2023-06-21T00:00:00+00:00, run_after=2023-06-22T00:00:00+00:00
[2023-06-22T15:41:51.100+0700] {processor.py:179} INFO - Processing /Users/macbook/Documents/Documents_MacBook_Pro/ISTT/AirflowTutorial/envlibs/lib/python3.10/site-packages/airflow/example_dags/example_branch_datetime_operator.py took 1.041 seconds
[2023-06-22T15:46:12.789+0700] {processor.py:157} INFO - Started process (PID=14501) to work on /Users/macbook/Documents/Documents_MacBook_Pro/ISTT/AirflowTutorial/envlibs/lib/python3.10/site-packages/airflow/example_dags/example_branch_datetime_operator.py
[2023-06-22T15:46:12.791+0700] {processor.py:826} INFO - Processing file /Users/macbook/Documents/Documents_MacBook_Pro/ISTT/AirflowTutorial/envlibs/lib/python3.10/site-packages/airflow/example_dags/example_branch_datetime_operator.py for tasks to queue
[2023-06-22T15:46:12.791+0700] {logging_mixin.py:149} INFO - [2023-06-22T15:46:12.791+0700] {dagbag.py:541} INFO - Filling up the DagBag from /Users/macbook/Documents/Documents_MacBook_Pro/ISTT/AirflowTutorial/envlibs/lib/python3.10/site-packages/airflow/example_dags/example_branch_datetime_operator.py
[2023-06-22T15:46:12.820+0700] {processor.py:836} INFO - DAG(s) dict_keys(['example_branch_datetime_operator_3', 'example_branch_datetime_operator', 'example_branch_datetime_operator_2']) retrieved from /Users/macbook/Documents/Documents_MacBook_Pro/ISTT/AirflowTutorial/envlibs/lib/python3.10/site-packages/airflow/example_dags/example_branch_datetime_operator.py
[2023-06-22T15:46:13.623+0700] {logging_mixin.py:149} INFO - [2023-06-22T15:46:13.623+0700] {dag.py:2726} INFO - Sync 3 DAGs
[2023-06-22T15:46:13.642+0700] {logging_mixin.py:149} INFO - [2023-06-22T15:46:13.642+0700] {dag.py:3486} INFO - Setting next_dagrun for example_branch_datetime_operator to 2023-06-21T00:00:00+00:00, run_after=2023-06-22T00:00:00+00:00
[2023-06-22T15:46:13.646+0700] {logging_mixin.py:149} INFO - [2023-06-22T15:46:13.646+0700] {dag.py:3486} INFO - Setting next_dagrun for example_branch_datetime_operator_2 to 2023-06-21T00:00:00+00:00, run_after=2023-06-22T00:00:00+00:00
[2023-06-22T15:46:13.648+0700] {logging_mixin.py:149} INFO - [2023-06-22T15:46:13.648+0700] {dag.py:3486} INFO - Setting next_dagrun for example_branch_datetime_operator_3 to 2023-06-21T00:00:00+00:00, run_after=2023-06-22T00:00:00+00:00
[2023-06-22T15:46:13.666+0700] {processor.py:179} INFO - Processing /Users/macbook/Documents/Documents_MacBook_Pro/ISTT/AirflowTutorial/envlibs/lib/python3.10/site-packages/airflow/example_dags/example_branch_datetime_operator.py took 0.877 seconds
[2023-06-22T15:50:40.567+0700] {processor.py:157} INFO - Started process (PID=14668) to work on /Users/macbook/Documents/Documents_MacBook_Pro/ISTT/AirflowTutorial/envlibs/lib/python3.10/site-packages/airflow/example_dags/example_branch_datetime_operator.py
[2023-06-22T15:50:40.569+0700] {processor.py:826} INFO - Processing file /Users/macbook/Documents/Documents_MacBook_Pro/ISTT/AirflowTutorial/envlibs/lib/python3.10/site-packages/airflow/example_dags/example_branch_datetime_operator.py for tasks to queue
[2023-06-22T15:50:40.570+0700] {logging_mixin.py:149} INFO - [2023-06-22T15:50:40.569+0700] {dagbag.py:541} INFO - Filling up the DagBag from /Users/macbook/Documents/Documents_MacBook_Pro/ISTT/AirflowTutorial/envlibs/lib/python3.10/site-packages/airflow/example_dags/example_branch_datetime_operator.py
[2023-06-22T15:50:40.598+0700] {processor.py:836} INFO - DAG(s) dict_keys(['example_branch_datetime_operator_2', 'example_branch_datetime_operator_3', 'example_branch_datetime_operator']) retrieved from /Users/macbook/Documents/Documents_MacBook_Pro/ISTT/AirflowTutorial/envlibs/lib/python3.10/site-packages/airflow/example_dags/example_branch_datetime_operator.py
[2023-06-22T15:50:41.544+0700] {logging_mixin.py:149} INFO - [2023-06-22T15:50:41.543+0700] {dag.py:2726} INFO - Sync 3 DAGs
[2023-06-22T15:50:41.583+0700] {logging_mixin.py:149} INFO - [2023-06-22T15:50:41.583+0700] {dag.py:3486} INFO - Setting next_dagrun for example_branch_datetime_operator to 2023-06-21T00:00:00+00:00, run_after=2023-06-22T00:00:00+00:00
[2023-06-22T15:50:41.588+0700] {logging_mixin.py:149} INFO - [2023-06-22T15:50:41.588+0700] {dag.py:3486} INFO - Setting next_dagrun for example_branch_datetime_operator_2 to 2023-06-21T00:00:00+00:00, run_after=2023-06-22T00:00:00+00:00
[2023-06-22T15:50:41.591+0700] {logging_mixin.py:149} INFO - [2023-06-22T15:50:41.591+0700] {dag.py:3486} INFO - Setting next_dagrun for example_branch_datetime_operator_3 to 2023-06-21T00:00:00+00:00, run_after=2023-06-22T00:00:00+00:00
[2023-06-22T15:50:41.612+0700] {processor.py:179} INFO - Processing /Users/macbook/Documents/Documents_MacBook_Pro/ISTT/AirflowTutorial/envlibs/lib/python3.10/site-packages/airflow/example_dags/example_branch_datetime_operator.py took 1.046 seconds
[2023-06-22T15:55:14.646+0700] {processor.py:157} INFO - Started process (PID=14845) to work on /Users/macbook/Documents/Documents_MacBook_Pro/ISTT/AirflowTutorial/envlibs/lib/python3.10/site-packages/airflow/example_dags/example_branch_datetime_operator.py
[2023-06-22T15:55:14.647+0700] {processor.py:826} INFO - Processing file /Users/macbook/Documents/Documents_MacBook_Pro/ISTT/AirflowTutorial/envlibs/lib/python3.10/site-packages/airflow/example_dags/example_branch_datetime_operator.py for tasks to queue
[2023-06-22T15:55:14.648+0700] {logging_mixin.py:149} INFO - [2023-06-22T15:55:14.648+0700] {dagbag.py:541} INFO - Filling up the DagBag from /Users/macbook/Documents/Documents_MacBook_Pro/ISTT/AirflowTutorial/envlibs/lib/python3.10/site-packages/airflow/example_dags/example_branch_datetime_operator.py
[2023-06-22T15:55:14.687+0700] {processor.py:836} INFO - DAG(s) dict_keys(['example_branch_datetime_operator_3', 'example_branch_datetime_operator', 'example_branch_datetime_operator_2']) retrieved from /Users/macbook/Documents/Documents_MacBook_Pro/ISTT/AirflowTutorial/envlibs/lib/python3.10/site-packages/airflow/example_dags/example_branch_datetime_operator.py
[2023-06-22T15:55:15.603+0700] {logging_mixin.py:149} INFO - [2023-06-22T15:55:15.603+0700] {dag.py:2726} INFO - Sync 3 DAGs
[2023-06-22T15:55:15.624+0700] {logging_mixin.py:149} INFO - [2023-06-22T15:55:15.624+0700] {dag.py:3486} INFO - Setting next_dagrun for example_branch_datetime_operator to 2023-06-21T00:00:00+00:00, run_after=2023-06-22T00:00:00+00:00
[2023-06-22T15:55:15.629+0700] {logging_mixin.py:149} INFO - [2023-06-22T15:55:15.629+0700] {dag.py:3486} INFO - Setting next_dagrun for example_branch_datetime_operator_2 to 2023-06-21T00:00:00+00:00, run_after=2023-06-22T00:00:00+00:00
[2023-06-22T15:55:15.631+0700] {logging_mixin.py:149} INFO - [2023-06-22T15:55:15.631+0700] {dag.py:3486} INFO - Setting next_dagrun for example_branch_datetime_operator_3 to 2023-06-21T00:00:00+00:00, run_after=2023-06-22T00:00:00+00:00
[2023-06-22T15:55:15.651+0700] {processor.py:179} INFO - Processing /Users/macbook/Documents/Documents_MacBook_Pro/ISTT/AirflowTutorial/envlibs/lib/python3.10/site-packages/airflow/example_dags/example_branch_datetime_operator.py took 1.006 seconds
[2023-06-22T15:59:47.177+0700] {processor.py:157} INFO - Started process (PID=14976) to work on /Users/macbook/Documents/Documents_MacBook_Pro/ISTT/AirflowTutorial/envlibs/lib/python3.10/site-packages/airflow/example_dags/example_branch_datetime_operator.py
[2023-06-22T15:59:47.178+0700] {processor.py:826} INFO - Processing file /Users/macbook/Documents/Documents_MacBook_Pro/ISTT/AirflowTutorial/envlibs/lib/python3.10/site-packages/airflow/example_dags/example_branch_datetime_operator.py for tasks to queue
[2023-06-22T15:59:47.179+0700] {logging_mixin.py:149} INFO - [2023-06-22T15:59:47.179+0700] {dagbag.py:541} INFO - Filling up the DagBag from /Users/macbook/Documents/Documents_MacBook_Pro/ISTT/AirflowTutorial/envlibs/lib/python3.10/site-packages/airflow/example_dags/example_branch_datetime_operator.py
[2023-06-22T15:59:47.205+0700] {processor.py:836} INFO - DAG(s) dict_keys(['example_branch_datetime_operator', 'example_branch_datetime_operator_3', 'example_branch_datetime_operator_2']) retrieved from /Users/macbook/Documents/Documents_MacBook_Pro/ISTT/AirflowTutorial/envlibs/lib/python3.10/site-packages/airflow/example_dags/example_branch_datetime_operator.py
[2023-06-22T15:59:48.040+0700] {logging_mixin.py:149} INFO - [2023-06-22T15:59:48.039+0700] {dag.py:2726} INFO - Sync 3 DAGs
[2023-06-22T15:59:48.059+0700] {logging_mixin.py:149} INFO - [2023-06-22T15:59:48.059+0700] {dag.py:3486} INFO - Setting next_dagrun for example_branch_datetime_operator to 2023-06-21T00:00:00+00:00, run_after=2023-06-22T00:00:00+00:00
[2023-06-22T15:59:48.064+0700] {logging_mixin.py:149} INFO - [2023-06-22T15:59:48.064+0700] {dag.py:3486} INFO - Setting next_dagrun for example_branch_datetime_operator_2 to 2023-06-21T00:00:00+00:00, run_after=2023-06-22T00:00:00+00:00
[2023-06-22T15:59:48.067+0700] {logging_mixin.py:149} INFO - [2023-06-22T15:59:48.066+0700] {dag.py:3486} INFO - Setting next_dagrun for example_branch_datetime_operator_3 to 2023-06-21T00:00:00+00:00, run_after=2023-06-22T00:00:00+00:00
[2023-06-22T15:59:48.086+0700] {processor.py:179} INFO - Processing /Users/macbook/Documents/Documents_MacBook_Pro/ISTT/AirflowTutorial/envlibs/lib/python3.10/site-packages/airflow/example_dags/example_branch_datetime_operator.py took 0.910 seconds
[2023-06-22T16:04:15.046+0700] {processor.py:157} INFO - Started process (PID=15096) to work on /Users/macbook/Documents/Documents_MacBook_Pro/ISTT/AirflowTutorial/envlibs/lib/python3.10/site-packages/airflow/example_dags/example_branch_datetime_operator.py
[2023-06-22T16:04:15.048+0700] {processor.py:826} INFO - Processing file /Users/macbook/Documents/Documents_MacBook_Pro/ISTT/AirflowTutorial/envlibs/lib/python3.10/site-packages/airflow/example_dags/example_branch_datetime_operator.py for tasks to queue
[2023-06-22T16:04:15.048+0700] {logging_mixin.py:149} INFO - [2023-06-22T16:04:15.048+0700] {dagbag.py:541} INFO - Filling up the DagBag from /Users/macbook/Documents/Documents_MacBook_Pro/ISTT/AirflowTutorial/envlibs/lib/python3.10/site-packages/airflow/example_dags/example_branch_datetime_operator.py
[2023-06-22T16:04:15.082+0700] {processor.py:836} INFO - DAG(s) dict_keys(['example_branch_datetime_operator', 'example_branch_datetime_operator_2', 'example_branch_datetime_operator_3']) retrieved from /Users/macbook/Documents/Documents_MacBook_Pro/ISTT/AirflowTutorial/envlibs/lib/python3.10/site-packages/airflow/example_dags/example_branch_datetime_operator.py
[2023-06-22T16:04:15.891+0700] {logging_mixin.py:149} INFO - [2023-06-22T16:04:15.890+0700] {dag.py:2726} INFO - Sync 3 DAGs
[2023-06-22T16:04:15.914+0700] {logging_mixin.py:149} INFO - [2023-06-22T16:04:15.914+0700] {dag.py:3486} INFO - Setting next_dagrun for example_branch_datetime_operator to 2023-06-21T00:00:00+00:00, run_after=2023-06-22T00:00:00+00:00
[2023-06-22T16:04:15.918+0700] {logging_mixin.py:149} INFO - [2023-06-22T16:04:15.918+0700] {dag.py:3486} INFO - Setting next_dagrun for example_branch_datetime_operator_2 to 2023-06-21T00:00:00+00:00, run_after=2023-06-22T00:00:00+00:00
[2023-06-22T16:04:15.921+0700] {logging_mixin.py:149} INFO - [2023-06-22T16:04:15.921+0700] {dag.py:3486} INFO - Setting next_dagrun for example_branch_datetime_operator_3 to 2023-06-21T00:00:00+00:00, run_after=2023-06-22T00:00:00+00:00
[2023-06-22T16:04:15.942+0700] {processor.py:179} INFO - Processing /Users/macbook/Documents/Documents_MacBook_Pro/ISTT/AirflowTutorial/envlibs/lib/python3.10/site-packages/airflow/example_dags/example_branch_datetime_operator.py took 0.896 seconds
[2023-06-22T16:08:32.551+0700] {processor.py:157} INFO - Started process (PID=15216) to work on /Users/macbook/Documents/Documents_MacBook_Pro/ISTT/AirflowTutorial/envlibs/lib/python3.10/site-packages/airflow/example_dags/example_branch_datetime_operator.py
[2023-06-22T16:08:32.552+0700] {processor.py:826} INFO - Processing file /Users/macbook/Documents/Documents_MacBook_Pro/ISTT/AirflowTutorial/envlibs/lib/python3.10/site-packages/airflow/example_dags/example_branch_datetime_operator.py for tasks to queue
[2023-06-22T16:08:32.553+0700] {logging_mixin.py:149} INFO - [2023-06-22T16:08:32.553+0700] {dagbag.py:541} INFO - Filling up the DagBag from /Users/macbook/Documents/Documents_MacBook_Pro/ISTT/AirflowTutorial/envlibs/lib/python3.10/site-packages/airflow/example_dags/example_branch_datetime_operator.py
[2023-06-22T16:08:32.583+0700] {processor.py:836} INFO - DAG(s) dict_keys(['example_branch_datetime_operator_2', 'example_branch_datetime_operator_3', 'example_branch_datetime_operator']) retrieved from /Users/macbook/Documents/Documents_MacBook_Pro/ISTT/AirflowTutorial/envlibs/lib/python3.10/site-packages/airflow/example_dags/example_branch_datetime_operator.py
[2023-06-22T16:08:33.507+0700] {logging_mixin.py:149} INFO - [2023-06-22T16:08:33.507+0700] {dag.py:2726} INFO - Sync 3 DAGs
[2023-06-22T16:08:33.530+0700] {logging_mixin.py:149} INFO - [2023-06-22T16:08:33.530+0700] {dag.py:3486} INFO - Setting next_dagrun for example_branch_datetime_operator to 2023-06-21T00:00:00+00:00, run_after=2023-06-22T00:00:00+00:00
[2023-06-22T16:08:33.537+0700] {logging_mixin.py:149} INFO - [2023-06-22T16:08:33.537+0700] {dag.py:3486} INFO - Setting next_dagrun for example_branch_datetime_operator_2 to 2023-06-21T00:00:00+00:00, run_after=2023-06-22T00:00:00+00:00
[2023-06-22T16:08:33.541+0700] {logging_mixin.py:149} INFO - [2023-06-22T16:08:33.541+0700] {dag.py:3486} INFO - Setting next_dagrun for example_branch_datetime_operator_3 to 2023-06-21T00:00:00+00:00, run_after=2023-06-22T00:00:00+00:00
[2023-06-22T16:08:33.561+0700] {processor.py:179} INFO - Processing /Users/macbook/Documents/Documents_MacBook_Pro/ISTT/AirflowTutorial/envlibs/lib/python3.10/site-packages/airflow/example_dags/example_branch_datetime_operator.py took 1.011 seconds
[2023-06-22T16:12:28.977+0700] {processor.py:157} INFO - Started process (PID=15330) to work on /Users/macbook/Documents/Documents_MacBook_Pro/ISTT/AirflowTutorial/envlibs/lib/python3.10/site-packages/airflow/example_dags/example_branch_datetime_operator.py
[2023-06-22T16:12:28.978+0700] {processor.py:826} INFO - Processing file /Users/macbook/Documents/Documents_MacBook_Pro/ISTT/AirflowTutorial/envlibs/lib/python3.10/site-packages/airflow/example_dags/example_branch_datetime_operator.py for tasks to queue
[2023-06-22T16:12:28.979+0700] {logging_mixin.py:149} INFO - [2023-06-22T16:12:28.979+0700] {dagbag.py:541} INFO - Filling up the DagBag from /Users/macbook/Documents/Documents_MacBook_Pro/ISTT/AirflowTutorial/envlibs/lib/python3.10/site-packages/airflow/example_dags/example_branch_datetime_operator.py
[2023-06-22T16:12:29.001+0700] {processor.py:836} INFO - DAG(s) dict_keys(['example_branch_datetime_operator_3', 'example_branch_datetime_operator', 'example_branch_datetime_operator_2']) retrieved from /Users/macbook/Documents/Documents_MacBook_Pro/ISTT/AirflowTutorial/envlibs/lib/python3.10/site-packages/airflow/example_dags/example_branch_datetime_operator.py
[2023-06-22T16:12:29.701+0700] {logging_mixin.py:149} INFO - [2023-06-22T16:12:29.701+0700] {dag.py:2726} INFO - Sync 3 DAGs
[2023-06-22T16:12:29.718+0700] {logging_mixin.py:149} INFO - [2023-06-22T16:12:29.718+0700] {dag.py:3486} INFO - Setting next_dagrun for example_branch_datetime_operator to 2023-06-21T00:00:00+00:00, run_after=2023-06-22T00:00:00+00:00
[2023-06-22T16:12:29.722+0700] {logging_mixin.py:149} INFO - [2023-06-22T16:12:29.722+0700] {dag.py:3486} INFO - Setting next_dagrun for example_branch_datetime_operator_2 to 2023-06-21T00:00:00+00:00, run_after=2023-06-22T00:00:00+00:00
[2023-06-22T16:12:29.724+0700] {logging_mixin.py:149} INFO - [2023-06-22T16:12:29.724+0700] {dag.py:3486} INFO - Setting next_dagrun for example_branch_datetime_operator_3 to 2023-06-21T00:00:00+00:00, run_after=2023-06-22T00:00:00+00:00
[2023-06-22T16:12:29.740+0700] {processor.py:179} INFO - Processing /Users/macbook/Documents/Documents_MacBook_Pro/ISTT/AirflowTutorial/envlibs/lib/python3.10/site-packages/airflow/example_dags/example_branch_datetime_operator.py took 0.764 seconds
[2023-06-22T16:16:34.219+0700] {processor.py:157} INFO - Started process (PID=15437) to work on /Users/macbook/Documents/Documents_MacBook_Pro/ISTT/AirflowTutorial/envlibs/lib/python3.10/site-packages/airflow/example_dags/example_branch_datetime_operator.py
[2023-06-22T16:16:34.220+0700] {processor.py:826} INFO - Processing file /Users/macbook/Documents/Documents_MacBook_Pro/ISTT/AirflowTutorial/envlibs/lib/python3.10/site-packages/airflow/example_dags/example_branch_datetime_operator.py for tasks to queue
[2023-06-22T16:16:34.221+0700] {logging_mixin.py:149} INFO - [2023-06-22T16:16:34.221+0700] {dagbag.py:541} INFO - Filling up the DagBag from /Users/macbook/Documents/Documents_MacBook_Pro/ISTT/AirflowTutorial/envlibs/lib/python3.10/site-packages/airflow/example_dags/example_branch_datetime_operator.py
[2023-06-22T16:16:34.246+0700] {processor.py:836} INFO - DAG(s) dict_keys(['example_branch_datetime_operator_3', 'example_branch_datetime_operator_2', 'example_branch_datetime_operator']) retrieved from /Users/macbook/Documents/Documents_MacBook_Pro/ISTT/AirflowTutorial/envlibs/lib/python3.10/site-packages/airflow/example_dags/example_branch_datetime_operator.py
[2023-06-22T16:16:35.134+0700] {logging_mixin.py:149} INFO - [2023-06-22T16:16:35.134+0700] {dag.py:2726} INFO - Sync 3 DAGs
[2023-06-22T16:16:35.154+0700] {logging_mixin.py:149} INFO - [2023-06-22T16:16:35.153+0700] {dag.py:3486} INFO - Setting next_dagrun for example_branch_datetime_operator to 2023-06-21T00:00:00+00:00, run_after=2023-06-22T00:00:00+00:00
[2023-06-22T16:16:35.158+0700] {logging_mixin.py:149} INFO - [2023-06-22T16:16:35.158+0700] {dag.py:3486} INFO - Setting next_dagrun for example_branch_datetime_operator_2 to 2023-06-21T00:00:00+00:00, run_after=2023-06-22T00:00:00+00:00
[2023-06-22T16:16:35.160+0700] {logging_mixin.py:149} INFO - [2023-06-22T16:16:35.160+0700] {dag.py:3486} INFO - Setting next_dagrun for example_branch_datetime_operator_3 to 2023-06-21T00:00:00+00:00, run_after=2023-06-22T00:00:00+00:00
[2023-06-22T16:16:35.176+0700] {processor.py:179} INFO - Processing /Users/macbook/Documents/Documents_MacBook_Pro/ISTT/AirflowTutorial/envlibs/lib/python3.10/site-packages/airflow/example_dags/example_branch_datetime_operator.py took 0.958 seconds
[2023-06-22T16:21:04.700+0700] {processor.py:157} INFO - Started process (PID=15597) to work on /Users/macbook/Documents/Documents_MacBook_Pro/ISTT/AirflowTutorial/envlibs/lib/python3.10/site-packages/airflow/example_dags/example_branch_datetime_operator.py
[2023-06-22T16:21:04.702+0700] {processor.py:826} INFO - Processing file /Users/macbook/Documents/Documents_MacBook_Pro/ISTT/AirflowTutorial/envlibs/lib/python3.10/site-packages/airflow/example_dags/example_branch_datetime_operator.py for tasks to queue
[2023-06-22T16:21:04.704+0700] {logging_mixin.py:149} INFO - [2023-06-22T16:21:04.704+0700] {dagbag.py:541} INFO - Filling up the DagBag from /Users/macbook/Documents/Documents_MacBook_Pro/ISTT/AirflowTutorial/envlibs/lib/python3.10/site-packages/airflow/example_dags/example_branch_datetime_operator.py
[2023-06-22T16:21:04.736+0700] {processor.py:836} INFO - DAG(s) dict_keys(['example_branch_datetime_operator_2', 'example_branch_datetime_operator_3', 'example_branch_datetime_operator']) retrieved from /Users/macbook/Documents/Documents_MacBook_Pro/ISTT/AirflowTutorial/envlibs/lib/python3.10/site-packages/airflow/example_dags/example_branch_datetime_operator.py
[2023-06-22T16:21:05.512+0700] {logging_mixin.py:149} INFO - [2023-06-22T16:21:05.512+0700] {dag.py:2726} INFO - Sync 3 DAGs
[2023-06-22T16:21:05.530+0700] {logging_mixin.py:149} INFO - [2023-06-22T16:21:05.530+0700] {dag.py:3486} INFO - Setting next_dagrun for example_branch_datetime_operator to 2023-06-21T00:00:00+00:00, run_after=2023-06-22T00:00:00+00:00
[2023-06-22T16:21:05.533+0700] {logging_mixin.py:149} INFO - [2023-06-22T16:21:05.533+0700] {dag.py:3486} INFO - Setting next_dagrun for example_branch_datetime_operator_2 to 2023-06-21T00:00:00+00:00, run_after=2023-06-22T00:00:00+00:00
[2023-06-22T16:21:05.536+0700] {logging_mixin.py:149} INFO - [2023-06-22T16:21:05.535+0700] {dag.py:3486} INFO - Setting next_dagrun for example_branch_datetime_operator_3 to 2023-06-21T00:00:00+00:00, run_after=2023-06-22T00:00:00+00:00
[2023-06-22T16:21:05.551+0700] {processor.py:179} INFO - Processing /Users/macbook/Documents/Documents_MacBook_Pro/ISTT/AirflowTutorial/envlibs/lib/python3.10/site-packages/airflow/example_dags/example_branch_datetime_operator.py took 0.853 seconds
[2023-06-22T16:24:57.639+0700] {processor.py:157} INFO - Started process (PID=15705) to work on /Users/macbook/Documents/Documents_MacBook_Pro/ISTT/AirflowTutorial/envlibs/lib/python3.10/site-packages/airflow/example_dags/example_branch_datetime_operator.py
[2023-06-22T16:24:57.640+0700] {processor.py:826} INFO - Processing file /Users/macbook/Documents/Documents_MacBook_Pro/ISTT/AirflowTutorial/envlibs/lib/python3.10/site-packages/airflow/example_dags/example_branch_datetime_operator.py for tasks to queue
[2023-06-22T16:24:57.641+0700] {logging_mixin.py:149} INFO - [2023-06-22T16:24:57.641+0700] {dagbag.py:541} INFO - Filling up the DagBag from /Users/macbook/Documents/Documents_MacBook_Pro/ISTT/AirflowTutorial/envlibs/lib/python3.10/site-packages/airflow/example_dags/example_branch_datetime_operator.py
[2023-06-22T16:24:57.663+0700] {processor.py:836} INFO - DAG(s) dict_keys(['example_branch_datetime_operator_3', 'example_branch_datetime_operator_2', 'example_branch_datetime_operator']) retrieved from /Users/macbook/Documents/Documents_MacBook_Pro/ISTT/AirflowTutorial/envlibs/lib/python3.10/site-packages/airflow/example_dags/example_branch_datetime_operator.py
[2023-06-22T16:24:58.397+0700] {logging_mixin.py:149} INFO - [2023-06-22T16:24:58.397+0700] {dag.py:2726} INFO - Sync 3 DAGs
[2023-06-22T16:24:58.414+0700] {logging_mixin.py:149} INFO - [2023-06-22T16:24:58.414+0700] {dag.py:3486} INFO - Setting next_dagrun for example_branch_datetime_operator to 2023-06-21T00:00:00+00:00, run_after=2023-06-22T00:00:00+00:00
[2023-06-22T16:24:58.417+0700] {logging_mixin.py:149} INFO - [2023-06-22T16:24:58.417+0700] {dag.py:3486} INFO - Setting next_dagrun for example_branch_datetime_operator_2 to 2023-06-21T00:00:00+00:00, run_after=2023-06-22T00:00:00+00:00
[2023-06-22T16:24:58.419+0700] {logging_mixin.py:149} INFO - [2023-06-22T16:24:58.419+0700] {dag.py:3486} INFO - Setting next_dagrun for example_branch_datetime_operator_3 to 2023-06-21T00:00:00+00:00, run_after=2023-06-22T00:00:00+00:00
[2023-06-22T16:24:58.434+0700] {processor.py:179} INFO - Processing /Users/macbook/Documents/Documents_MacBook_Pro/ISTT/AirflowTutorial/envlibs/lib/python3.10/site-packages/airflow/example_dags/example_branch_datetime_operator.py took 0.796 seconds
