[2023-06-22T14:28:48.929+0700] {processor.py:157} INFO - Started process (PID=11904) to work on /Users/macbook/Documents/Documents_MacBook_Pro/ISTT/AirflowTutorial/envlibs/lib/python3.10/site-packages/airflow/example_dags/example_branch_python_dop_operator_3.py
[2023-06-22T14:28:48.930+0700] {processor.py:826} INFO - Processing file /Users/macbook/Documents/Documents_MacBook_Pro/ISTT/AirflowTutorial/envlibs/lib/python3.10/site-packages/airflow/example_dags/example_branch_python_dop_operator_3.py for tasks to queue
[2023-06-22T14:28:48.930+0700] {logging_mixin.py:149} INFO - [2023-06-22T14:28:48.930+0700] {dagbag.py:541} INFO - Filling up the DagBag from /Users/macbook/Documents/Documents_MacBook_Pro/ISTT/AirflowTutorial/envlibs/lib/python3.10/site-packages/airflow/example_dags/example_branch_python_dop_operator_3.py
[2023-06-22T14:28:48.980+0700] {processor.py:836} INFO - DAG(s) dict_keys(['example_branch_dop_operator_v3']) retrieved from /Users/macbook/Documents/Documents_MacBook_Pro/ISTT/AirflowTutorial/envlibs/lib/python3.10/site-packages/airflow/example_dags/example_branch_python_dop_operator_3.py
[2023-06-22T14:28:49.786+0700] {logging_mixin.py:149} INFO - [2023-06-22T14:28:49.786+0700] {dag.py:2726} INFO - Sync 1 DAGs
[2023-06-22T14:28:49.806+0700] {logging_mixin.py:149} INFO - [2023-06-22T14:28:49.806+0700] {dag.py:3486} INFO - Setting next_dagrun for example_branch_dop_operator_v3 to 2023-06-22T07:27:00+00:00, run_after=2023-06-22T07:28:00+00:00
[2023-06-22T14:28:49.826+0700] {processor.py:179} INFO - Processing /Users/macbook/Documents/Documents_MacBook_Pro/ISTT/AirflowTutorial/envlibs/lib/python3.10/site-packages/airflow/example_dags/example_branch_python_dop_operator_3.py took 0.897 seconds
[2023-06-22T14:33:16.706+0700] {processor.py:157} INFO - Started process (PID=12096) to work on /Users/macbook/Documents/Documents_MacBook_Pro/ISTT/AirflowTutorial/envlibs/lib/python3.10/site-packages/airflow/example_dags/example_branch_python_dop_operator_3.py
[2023-06-22T14:33:16.707+0700] {processor.py:826} INFO - Processing file /Users/macbook/Documents/Documents_MacBook_Pro/ISTT/AirflowTutorial/envlibs/lib/python3.10/site-packages/airflow/example_dags/example_branch_python_dop_operator_3.py for tasks to queue
[2023-06-22T14:33:16.707+0700] {logging_mixin.py:149} INFO - [2023-06-22T14:33:16.707+0700] {dagbag.py:541} INFO - Filling up the DagBag from /Users/macbook/Documents/Documents_MacBook_Pro/ISTT/AirflowTutorial/envlibs/lib/python3.10/site-packages/airflow/example_dags/example_branch_python_dop_operator_3.py
[2023-06-22T14:33:16.810+0700] {processor.py:836} INFO - DAG(s) dict_keys(['example_branch_dop_operator_v3']) retrieved from /Users/macbook/Documents/Documents_MacBook_Pro/ISTT/AirflowTutorial/envlibs/lib/python3.10/site-packages/airflow/example_dags/example_branch_python_dop_operator_3.py
[2023-06-22T14:33:18.221+0700] {logging_mixin.py:149} INFO - [2023-06-22T14:33:18.221+0700] {dag.py:2726} INFO - Sync 1 DAGs
[2023-06-22T14:33:18.231+0700] {logging_mixin.py:149} INFO - [2023-06-22T14:33:18.230+0700] {dag.py:2747} INFO - Creating ORM DAG for example_branch_dop_operator_v3
[2023-06-22T14:33:18.247+0700] {logging_mixin.py:149} INFO - [2023-06-22T14:33:18.246+0700] {dag.py:3486} INFO - Setting next_dagrun for example_branch_dop_operator_v3 to 2023-06-22T07:32:00+00:00, run_after=2023-06-22T07:33:00+00:00
[2023-06-22T14:33:18.268+0700] {processor.py:179} INFO - Processing /Users/macbook/Documents/Documents_MacBook_Pro/ISTT/AirflowTutorial/envlibs/lib/python3.10/site-packages/airflow/example_dags/example_branch_python_dop_operator_3.py took 1.563 seconds
[2023-06-22T14:38:40.244+0700] {processor.py:157} INFO - Started process (PID=12373) to work on /Users/macbook/Documents/Documents_MacBook_Pro/ISTT/AirflowTutorial/envlibs/lib/python3.10/site-packages/airflow/example_dags/example_branch_python_dop_operator_3.py
[2023-06-22T14:38:40.245+0700] {processor.py:826} INFO - Processing file /Users/macbook/Documents/Documents_MacBook_Pro/ISTT/AirflowTutorial/envlibs/lib/python3.10/site-packages/airflow/example_dags/example_branch_python_dop_operator_3.py for tasks to queue
[2023-06-22T14:38:40.246+0700] {logging_mixin.py:149} INFO - [2023-06-22T14:38:40.246+0700] {dagbag.py:541} INFO - Filling up the DagBag from /Users/macbook/Documents/Documents_MacBook_Pro/ISTT/AirflowTutorial/envlibs/lib/python3.10/site-packages/airflow/example_dags/example_branch_python_dop_operator_3.py
[2023-06-22T14:38:40.304+0700] {processor.py:836} INFO - DAG(s) dict_keys(['example_branch_dop_operator_v3']) retrieved from /Users/macbook/Documents/Documents_MacBook_Pro/ISTT/AirflowTutorial/envlibs/lib/python3.10/site-packages/airflow/example_dags/example_branch_python_dop_operator_3.py
[2023-06-22T14:38:41.144+0700] {logging_mixin.py:149} INFO - [2023-06-22T14:38:41.144+0700] {dag.py:2726} INFO - Sync 1 DAGs
[2023-06-22T14:38:41.152+0700] {logging_mixin.py:149} INFO - [2023-06-22T14:38:41.152+0700] {dag.py:2747} INFO - Creating ORM DAG for example_branch_dop_operator_v3
[2023-06-22T14:38:41.164+0700] {logging_mixin.py:149} INFO - [2023-06-22T14:38:41.164+0700] {dag.py:3486} INFO - Setting next_dagrun for example_branch_dop_operator_v3 to 2023-06-22T07:37:00+00:00, run_after=2023-06-22T07:38:00+00:00
[2023-06-22T14:38:41.184+0700] {processor.py:179} INFO - Processing /Users/macbook/Documents/Documents_MacBook_Pro/ISTT/AirflowTutorial/envlibs/lib/python3.10/site-packages/airflow/example_dags/example_branch_python_dop_operator_3.py took 0.941 seconds
[2023-06-22T14:43:02.455+0700] {processor.py:157} INFO - Started process (PID=12544) to work on /Users/macbook/Documents/Documents_MacBook_Pro/ISTT/AirflowTutorial/envlibs/lib/python3.10/site-packages/airflow/example_dags/example_branch_python_dop_operator_3.py
[2023-06-22T14:43:02.457+0700] {processor.py:826} INFO - Processing file /Users/macbook/Documents/Documents_MacBook_Pro/ISTT/AirflowTutorial/envlibs/lib/python3.10/site-packages/airflow/example_dags/example_branch_python_dop_operator_3.py for tasks to queue
[2023-06-22T14:43:02.459+0700] {logging_mixin.py:149} INFO - [2023-06-22T14:43:02.459+0700] {dagbag.py:541} INFO - Filling up the DagBag from /Users/macbook/Documents/Documents_MacBook_Pro/ISTT/AirflowTutorial/envlibs/lib/python3.10/site-packages/airflow/example_dags/example_branch_python_dop_operator_3.py
[2023-06-22T14:43:02.544+0700] {processor.py:836} INFO - DAG(s) dict_keys(['example_branch_dop_operator_v3']) retrieved from /Users/macbook/Documents/Documents_MacBook_Pro/ISTT/AirflowTutorial/envlibs/lib/python3.10/site-packages/airflow/example_dags/example_branch_python_dop_operator_3.py
[2023-06-22T14:43:03.499+0700] {logging_mixin.py:149} INFO - [2023-06-22T14:43:03.499+0700] {dag.py:2726} INFO - Sync 1 DAGs
[2023-06-22T14:43:03.523+0700] {logging_mixin.py:149} INFO - [2023-06-22T14:43:03.523+0700] {dag.py:3486} INFO - Setting next_dagrun for example_branch_dop_operator_v3 to 2023-06-22T07:42:00+00:00, run_after=2023-06-22T07:43:00+00:00
[2023-06-22T14:43:03.544+0700] {processor.py:179} INFO - Processing /Users/macbook/Documents/Documents_MacBook_Pro/ISTT/AirflowTutorial/envlibs/lib/python3.10/site-packages/airflow/example_dags/example_branch_python_dop_operator_3.py took 1.090 seconds
[2023-06-22T14:47:13.809+0700] {processor.py:157} INFO - Started process (PID=12655) to work on /Users/macbook/Documents/Documents_MacBook_Pro/ISTT/AirflowTutorial/envlibs/lib/python3.10/site-packages/airflow/example_dags/example_branch_python_dop_operator_3.py
[2023-06-22T14:47:13.810+0700] {processor.py:826} INFO - Processing file /Users/macbook/Documents/Documents_MacBook_Pro/ISTT/AirflowTutorial/envlibs/lib/python3.10/site-packages/airflow/example_dags/example_branch_python_dop_operator_3.py for tasks to queue
[2023-06-22T14:47:13.811+0700] {logging_mixin.py:149} INFO - [2023-06-22T14:47:13.811+0700] {dagbag.py:541} INFO - Filling up the DagBag from /Users/macbook/Documents/Documents_MacBook_Pro/ISTT/AirflowTutorial/envlibs/lib/python3.10/site-packages/airflow/example_dags/example_branch_python_dop_operator_3.py
[2023-06-22T14:47:13.887+0700] {processor.py:836} INFO - DAG(s) dict_keys(['example_branch_dop_operator_v3']) retrieved from /Users/macbook/Documents/Documents_MacBook_Pro/ISTT/AirflowTutorial/envlibs/lib/python3.10/site-packages/airflow/example_dags/example_branch_python_dop_operator_3.py
[2023-06-22T14:47:14.765+0700] {logging_mixin.py:149} INFO - [2023-06-22T14:47:14.765+0700] {dag.py:2726} INFO - Sync 1 DAGs
[2023-06-22T14:47:14.785+0700] {logging_mixin.py:149} INFO - [2023-06-22T14:47:14.785+0700] {dag.py:3486} INFO - Setting next_dagrun for example_branch_dop_operator_v3 to 2023-06-22T07:46:00+00:00, run_after=2023-06-22T07:47:00+00:00
[2023-06-22T14:47:14.803+0700] {processor.py:179} INFO - Processing /Users/macbook/Documents/Documents_MacBook_Pro/ISTT/AirflowTutorial/envlibs/lib/python3.10/site-packages/airflow/example_dags/example_branch_python_dop_operator_3.py took 0.995 seconds
[2023-06-22T14:51:24.949+0700] {processor.py:157} INFO - Started process (PID=12776) to work on /Users/macbook/Documents/Documents_MacBook_Pro/ISTT/AirflowTutorial/envlibs/lib/python3.10/site-packages/airflow/example_dags/example_branch_python_dop_operator_3.py
[2023-06-22T14:51:24.950+0700] {processor.py:826} INFO - Processing file /Users/macbook/Documents/Documents_MacBook_Pro/ISTT/AirflowTutorial/envlibs/lib/python3.10/site-packages/airflow/example_dags/example_branch_python_dop_operator_3.py for tasks to queue
[2023-06-22T14:51:24.950+0700] {logging_mixin.py:149} INFO - [2023-06-22T14:51:24.950+0700] {dagbag.py:541} INFO - Filling up the DagBag from /Users/macbook/Documents/Documents_MacBook_Pro/ISTT/AirflowTutorial/envlibs/lib/python3.10/site-packages/airflow/example_dags/example_branch_python_dop_operator_3.py
[2023-06-22T14:51:25.015+0700] {processor.py:836} INFO - DAG(s) dict_keys(['example_branch_dop_operator_v3']) retrieved from /Users/macbook/Documents/Documents_MacBook_Pro/ISTT/AirflowTutorial/envlibs/lib/python3.10/site-packages/airflow/example_dags/example_branch_python_dop_operator_3.py
[2023-06-22T14:51:25.937+0700] {logging_mixin.py:149} INFO - [2023-06-22T14:51:25.937+0700] {dag.py:2726} INFO - Sync 1 DAGs
[2023-06-22T14:51:25.960+0700] {logging_mixin.py:149} INFO - [2023-06-22T14:51:25.960+0700] {dag.py:3486} INFO - Setting next_dagrun for example_branch_dop_operator_v3 to 2023-06-22T07:50:00+00:00, run_after=2023-06-22T07:51:00+00:00
[2023-06-22T14:51:25.980+0700] {processor.py:179} INFO - Processing /Users/macbook/Documents/Documents_MacBook_Pro/ISTT/AirflowTutorial/envlibs/lib/python3.10/site-packages/airflow/example_dags/example_branch_python_dop_operator_3.py took 1.032 seconds
[2023-06-22T14:55:22.811+0700] {processor.py:157} INFO - Started process (PID=12886) to work on /Users/macbook/Documents/Documents_MacBook_Pro/ISTT/AirflowTutorial/envlibs/lib/python3.10/site-packages/airflow/example_dags/example_branch_python_dop_operator_3.py
[2023-06-22T14:55:22.812+0700] {processor.py:826} INFO - Processing file /Users/macbook/Documents/Documents_MacBook_Pro/ISTT/AirflowTutorial/envlibs/lib/python3.10/site-packages/airflow/example_dags/example_branch_python_dop_operator_3.py for tasks to queue
[2023-06-22T14:55:22.813+0700] {logging_mixin.py:149} INFO - [2023-06-22T14:55:22.812+0700] {dagbag.py:541} INFO - Filling up the DagBag from /Users/macbook/Documents/Documents_MacBook_Pro/ISTT/AirflowTutorial/envlibs/lib/python3.10/site-packages/airflow/example_dags/example_branch_python_dop_operator_3.py
[2023-06-22T14:55:22.861+0700] {processor.py:836} INFO - DAG(s) dict_keys(['example_branch_dop_operator_v3']) retrieved from /Users/macbook/Documents/Documents_MacBook_Pro/ISTT/AirflowTutorial/envlibs/lib/python3.10/site-packages/airflow/example_dags/example_branch_python_dop_operator_3.py
[2023-06-22T14:55:23.557+0700] {logging_mixin.py:149} INFO - [2023-06-22T14:55:23.557+0700] {dag.py:2726} INFO - Sync 1 DAGs
[2023-06-22T14:55:23.576+0700] {logging_mixin.py:149} INFO - [2023-06-22T14:55:23.576+0700] {dag.py:3486} INFO - Setting next_dagrun for example_branch_dop_operator_v3 to 2023-06-22T07:54:00+00:00, run_after=2023-06-22T07:55:00+00:00
[2023-06-22T14:55:23.593+0700] {processor.py:179} INFO - Processing /Users/macbook/Documents/Documents_MacBook_Pro/ISTT/AirflowTutorial/envlibs/lib/python3.10/site-packages/airflow/example_dags/example_branch_python_dop_operator_3.py took 0.783 seconds
[2023-06-22T14:59:22.217+0700] {processor.py:157} INFO - Started process (PID=12989) to work on /Users/macbook/Documents/Documents_MacBook_Pro/ISTT/AirflowTutorial/envlibs/lib/python3.10/site-packages/airflow/example_dags/example_branch_python_dop_operator_3.py
[2023-06-22T14:59:22.219+0700] {processor.py:826} INFO - Processing file /Users/macbook/Documents/Documents_MacBook_Pro/ISTT/AirflowTutorial/envlibs/lib/python3.10/site-packages/airflow/example_dags/example_branch_python_dop_operator_3.py for tasks to queue
[2023-06-22T14:59:22.219+0700] {logging_mixin.py:149} INFO - [2023-06-22T14:59:22.219+0700] {dagbag.py:541} INFO - Filling up the DagBag from /Users/macbook/Documents/Documents_MacBook_Pro/ISTT/AirflowTutorial/envlibs/lib/python3.10/site-packages/airflow/example_dags/example_branch_python_dop_operator_3.py
[2023-06-22T14:59:22.273+0700] {processor.py:836} INFO - DAG(s) dict_keys(['example_branch_dop_operator_v3']) retrieved from /Users/macbook/Documents/Documents_MacBook_Pro/ISTT/AirflowTutorial/envlibs/lib/python3.10/site-packages/airflow/example_dags/example_branch_python_dop_operator_3.py
[2023-06-22T14:59:23.036+0700] {logging_mixin.py:149} INFO - [2023-06-22T14:59:23.036+0700] {dag.py:2726} INFO - Sync 1 DAGs
[2023-06-22T14:59:23.058+0700] {logging_mixin.py:149} INFO - [2023-06-22T14:59:23.058+0700] {dag.py:3486} INFO - Setting next_dagrun for example_branch_dop_operator_v3 to 2023-06-22T07:58:00+00:00, run_after=2023-06-22T07:59:00+00:00
[2023-06-22T14:59:23.078+0700] {processor.py:179} INFO - Processing /Users/macbook/Documents/Documents_MacBook_Pro/ISTT/AirflowTutorial/envlibs/lib/python3.10/site-packages/airflow/example_dags/example_branch_python_dop_operator_3.py took 0.861 seconds
[2023-06-22T15:03:28.377+0700] {processor.py:157} INFO - Started process (PID=13101) to work on /Users/macbook/Documents/Documents_MacBook_Pro/ISTT/AirflowTutorial/envlibs/lib/python3.10/site-packages/airflow/example_dags/example_branch_python_dop_operator_3.py
[2023-06-22T15:03:28.378+0700] {processor.py:826} INFO - Processing file /Users/macbook/Documents/Documents_MacBook_Pro/ISTT/AirflowTutorial/envlibs/lib/python3.10/site-packages/airflow/example_dags/example_branch_python_dop_operator_3.py for tasks to queue
[2023-06-22T15:03:28.378+0700] {logging_mixin.py:149} INFO - [2023-06-22T15:03:28.378+0700] {dagbag.py:541} INFO - Filling up the DagBag from /Users/macbook/Documents/Documents_MacBook_Pro/ISTT/AirflowTutorial/envlibs/lib/python3.10/site-packages/airflow/example_dags/example_branch_python_dop_operator_3.py
[2023-06-22T15:03:28.431+0700] {processor.py:836} INFO - DAG(s) dict_keys(['example_branch_dop_operator_v3']) retrieved from /Users/macbook/Documents/Documents_MacBook_Pro/ISTT/AirflowTutorial/envlibs/lib/python3.10/site-packages/airflow/example_dags/example_branch_python_dop_operator_3.py
[2023-06-22T15:03:29.179+0700] {logging_mixin.py:149} INFO - [2023-06-22T15:03:29.179+0700] {dag.py:2726} INFO - Sync 1 DAGs
[2023-06-22T15:03:29.200+0700] {logging_mixin.py:149} INFO - [2023-06-22T15:03:29.199+0700] {dag.py:3486} INFO - Setting next_dagrun for example_branch_dop_operator_v3 to 2023-06-22T08:02:00+00:00, run_after=2023-06-22T08:03:00+00:00
[2023-06-22T15:03:29.218+0700] {processor.py:179} INFO - Processing /Users/macbook/Documents/Documents_MacBook_Pro/ISTT/AirflowTutorial/envlibs/lib/python3.10/site-packages/airflow/example_dags/example_branch_python_dop_operator_3.py took 0.842 seconds
[2023-06-22T15:07:39.151+0700] {processor.py:157} INFO - Started process (PID=13264) to work on /Users/macbook/Documents/Documents_MacBook_Pro/ISTT/AirflowTutorial/envlibs/lib/python3.10/site-packages/airflow/example_dags/example_branch_python_dop_operator_3.py
[2023-06-22T15:07:39.152+0700] {processor.py:826} INFO - Processing file /Users/macbook/Documents/Documents_MacBook_Pro/ISTT/AirflowTutorial/envlibs/lib/python3.10/site-packages/airflow/example_dags/example_branch_python_dop_operator_3.py for tasks to queue
[2023-06-22T15:07:39.153+0700] {logging_mixin.py:149} INFO - [2023-06-22T15:07:39.153+0700] {dagbag.py:541} INFO - Filling up the DagBag from /Users/macbook/Documents/Documents_MacBook_Pro/ISTT/AirflowTutorial/envlibs/lib/python3.10/site-packages/airflow/example_dags/example_branch_python_dop_operator_3.py
[2023-06-22T15:07:39.216+0700] {processor.py:836} INFO - DAG(s) dict_keys(['example_branch_dop_operator_v3']) retrieved from /Users/macbook/Documents/Documents_MacBook_Pro/ISTT/AirflowTutorial/envlibs/lib/python3.10/site-packages/airflow/example_dags/example_branch_python_dop_operator_3.py
[2023-06-22T15:07:40.076+0700] {logging_mixin.py:149} INFO - [2023-06-22T15:07:40.076+0700] {dag.py:2726} INFO - Sync 1 DAGs
[2023-06-22T15:07:40.107+0700] {logging_mixin.py:149} INFO - [2023-06-22T15:07:40.107+0700] {dag.py:3486} INFO - Setting next_dagrun for example_branch_dop_operator_v3 to 2023-06-22T08:06:00+00:00, run_after=2023-06-22T08:07:00+00:00
[2023-06-22T15:07:40.135+0700] {processor.py:179} INFO - Processing /Users/macbook/Documents/Documents_MacBook_Pro/ISTT/AirflowTutorial/envlibs/lib/python3.10/site-packages/airflow/example_dags/example_branch_python_dop_operator_3.py took 0.986 seconds
[2023-06-22T15:11:49.500+0700] {processor.py:157} INFO - Started process (PID=13415) to work on /Users/macbook/Documents/Documents_MacBook_Pro/ISTT/AirflowTutorial/envlibs/lib/python3.10/site-packages/airflow/example_dags/example_branch_python_dop_operator_3.py
[2023-06-22T15:11:49.501+0700] {processor.py:826} INFO - Processing file /Users/macbook/Documents/Documents_MacBook_Pro/ISTT/AirflowTutorial/envlibs/lib/python3.10/site-packages/airflow/example_dags/example_branch_python_dop_operator_3.py for tasks to queue
[2023-06-22T15:11:49.502+0700] {logging_mixin.py:149} INFO - [2023-06-22T15:11:49.502+0700] {dagbag.py:541} INFO - Filling up the DagBag from /Users/macbook/Documents/Documents_MacBook_Pro/ISTT/AirflowTutorial/envlibs/lib/python3.10/site-packages/airflow/example_dags/example_branch_python_dop_operator_3.py
[2023-06-22T15:11:49.559+0700] {processor.py:836} INFO - DAG(s) dict_keys(['example_branch_dop_operator_v3']) retrieved from /Users/macbook/Documents/Documents_MacBook_Pro/ISTT/AirflowTutorial/envlibs/lib/python3.10/site-packages/airflow/example_dags/example_branch_python_dop_operator_3.py
[2023-06-22T15:11:50.310+0700] {logging_mixin.py:149} INFO - [2023-06-22T15:11:50.310+0700] {dag.py:2726} INFO - Sync 1 DAGs
[2023-06-22T15:11:50.332+0700] {logging_mixin.py:149} INFO - [2023-06-22T15:11:50.332+0700] {dag.py:3486} INFO - Setting next_dagrun for example_branch_dop_operator_v3 to 2023-06-22T08:10:00+00:00, run_after=2023-06-22T08:11:00+00:00
[2023-06-22T15:11:50.350+0700] {processor.py:179} INFO - Processing /Users/macbook/Documents/Documents_MacBook_Pro/ISTT/AirflowTutorial/envlibs/lib/python3.10/site-packages/airflow/example_dags/example_branch_python_dop_operator_3.py took 0.851 seconds
[2023-06-22T15:16:02.430+0700] {processor.py:157} INFO - Started process (PID=13571) to work on /Users/macbook/Documents/Documents_MacBook_Pro/ISTT/AirflowTutorial/envlibs/lib/python3.10/site-packages/airflow/example_dags/example_branch_python_dop_operator_3.py
[2023-06-22T15:16:02.431+0700] {processor.py:826} INFO - Processing file /Users/macbook/Documents/Documents_MacBook_Pro/ISTT/AirflowTutorial/envlibs/lib/python3.10/site-packages/airflow/example_dags/example_branch_python_dop_operator_3.py for tasks to queue
[2023-06-22T15:16:02.432+0700] {logging_mixin.py:149} INFO - [2023-06-22T15:16:02.432+0700] {dagbag.py:541} INFO - Filling up the DagBag from /Users/macbook/Documents/Documents_MacBook_Pro/ISTT/AirflowTutorial/envlibs/lib/python3.10/site-packages/airflow/example_dags/example_branch_python_dop_operator_3.py
[2023-06-22T15:16:02.488+0700] {processor.py:836} INFO - DAG(s) dict_keys(['example_branch_dop_operator_v3']) retrieved from /Users/macbook/Documents/Documents_MacBook_Pro/ISTT/AirflowTutorial/envlibs/lib/python3.10/site-packages/airflow/example_dags/example_branch_python_dop_operator_3.py
[2023-06-22T15:16:03.334+0700] {logging_mixin.py:149} INFO - [2023-06-22T15:16:03.333+0700] {dag.py:2726} INFO - Sync 1 DAGs
[2023-06-22T15:16:03.355+0700] {logging_mixin.py:149} INFO - [2023-06-22T15:16:03.355+0700] {dag.py:3486} INFO - Setting next_dagrun for example_branch_dop_operator_v3 to 2023-06-22T08:15:00+00:00, run_after=2023-06-22T08:16:00+00:00
[2023-06-22T15:16:03.375+0700] {processor.py:179} INFO - Processing /Users/macbook/Documents/Documents_MacBook_Pro/ISTT/AirflowTutorial/envlibs/lib/python3.10/site-packages/airflow/example_dags/example_branch_python_dop_operator_3.py took 0.946 seconds
[2023-06-22T15:20:06.246+0700] {processor.py:157} INFO - Started process (PID=13740) to work on /Users/macbook/Documents/Documents_MacBook_Pro/ISTT/AirflowTutorial/envlibs/lib/python3.10/site-packages/airflow/example_dags/example_branch_python_dop_operator_3.py
[2023-06-22T15:20:06.247+0700] {processor.py:826} INFO - Processing file /Users/macbook/Documents/Documents_MacBook_Pro/ISTT/AirflowTutorial/envlibs/lib/python3.10/site-packages/airflow/example_dags/example_branch_python_dop_operator_3.py for tasks to queue
[2023-06-22T15:20:06.248+0700] {logging_mixin.py:149} INFO - [2023-06-22T15:20:06.248+0700] {dagbag.py:541} INFO - Filling up the DagBag from /Users/macbook/Documents/Documents_MacBook_Pro/ISTT/AirflowTutorial/envlibs/lib/python3.10/site-packages/airflow/example_dags/example_branch_python_dop_operator_3.py
[2023-06-22T15:20:06.314+0700] {processor.py:836} INFO - DAG(s) dict_keys(['example_branch_dop_operator_v3']) retrieved from /Users/macbook/Documents/Documents_MacBook_Pro/ISTT/AirflowTutorial/envlibs/lib/python3.10/site-packages/airflow/example_dags/example_branch_python_dop_operator_3.py
[2023-06-22T15:20:07.191+0700] {logging_mixin.py:149} INFO - [2023-06-22T15:20:07.190+0700] {dag.py:2726} INFO - Sync 1 DAGs
[2023-06-22T15:20:07.214+0700] {logging_mixin.py:149} INFO - [2023-06-22T15:20:07.214+0700] {dag.py:3486} INFO - Setting next_dagrun for example_branch_dop_operator_v3 to 2023-06-22T08:19:00+00:00, run_after=2023-06-22T08:20:00+00:00
[2023-06-22T15:20:07.233+0700] {processor.py:179} INFO - Processing /Users/macbook/Documents/Documents_MacBook_Pro/ISTT/AirflowTutorial/envlibs/lib/python3.10/site-packages/airflow/example_dags/example_branch_python_dop_operator_3.py took 0.989 seconds
[2023-06-22T15:24:27.796+0700] {processor.py:157} INFO - Started process (PID=13864) to work on /Users/macbook/Documents/Documents_MacBook_Pro/ISTT/AirflowTutorial/envlibs/lib/python3.10/site-packages/airflow/example_dags/example_branch_python_dop_operator_3.py
[2023-06-22T15:24:27.797+0700] {processor.py:826} INFO - Processing file /Users/macbook/Documents/Documents_MacBook_Pro/ISTT/AirflowTutorial/envlibs/lib/python3.10/site-packages/airflow/example_dags/example_branch_python_dop_operator_3.py for tasks to queue
[2023-06-22T15:24:27.798+0700] {logging_mixin.py:149} INFO - [2023-06-22T15:24:27.798+0700] {dagbag.py:541} INFO - Filling up the DagBag from /Users/macbook/Documents/Documents_MacBook_Pro/ISTT/AirflowTutorial/envlibs/lib/python3.10/site-packages/airflow/example_dags/example_branch_python_dop_operator_3.py
[2023-06-22T15:24:27.863+0700] {processor.py:836} INFO - DAG(s) dict_keys(['example_branch_dop_operator_v3']) retrieved from /Users/macbook/Documents/Documents_MacBook_Pro/ISTT/AirflowTutorial/envlibs/lib/python3.10/site-packages/airflow/example_dags/example_branch_python_dop_operator_3.py
[2023-06-22T15:24:28.746+0700] {logging_mixin.py:149} INFO - [2023-06-22T15:24:28.746+0700] {dag.py:2726} INFO - Sync 1 DAGs
[2023-06-22T15:24:28.771+0700] {logging_mixin.py:149} INFO - [2023-06-22T15:24:28.771+0700] {dag.py:3486} INFO - Setting next_dagrun for example_branch_dop_operator_v3 to 2023-06-22T08:23:00+00:00, run_after=2023-06-22T08:24:00+00:00
[2023-06-22T15:24:28.792+0700] {processor.py:179} INFO - Processing /Users/macbook/Documents/Documents_MacBook_Pro/ISTT/AirflowTutorial/envlibs/lib/python3.10/site-packages/airflow/example_dags/example_branch_python_dop_operator_3.py took 0.997 seconds
[2023-06-22T15:28:50.103+0700] {processor.py:157} INFO - Started process (PID=13978) to work on /Users/macbook/Documents/Documents_MacBook_Pro/ISTT/AirflowTutorial/envlibs/lib/python3.10/site-packages/airflow/example_dags/example_branch_python_dop_operator_3.py
[2023-06-22T15:28:50.104+0700] {processor.py:826} INFO - Processing file /Users/macbook/Documents/Documents_MacBook_Pro/ISTT/AirflowTutorial/envlibs/lib/python3.10/site-packages/airflow/example_dags/example_branch_python_dop_operator_3.py for tasks to queue
[2023-06-22T15:28:50.105+0700] {logging_mixin.py:149} INFO - [2023-06-22T15:28:50.105+0700] {dagbag.py:541} INFO - Filling up the DagBag from /Users/macbook/Documents/Documents_MacBook_Pro/ISTT/AirflowTutorial/envlibs/lib/python3.10/site-packages/airflow/example_dags/example_branch_python_dop_operator_3.py
[2023-06-22T15:28:50.159+0700] {processor.py:836} INFO - DAG(s) dict_keys(['example_branch_dop_operator_v3']) retrieved from /Users/macbook/Documents/Documents_MacBook_Pro/ISTT/AirflowTutorial/envlibs/lib/python3.10/site-packages/airflow/example_dags/example_branch_python_dop_operator_3.py
[2023-06-22T15:28:50.933+0700] {logging_mixin.py:149} INFO - [2023-06-22T15:28:50.933+0700] {dag.py:2726} INFO - Sync 1 DAGs
[2023-06-22T15:28:50.955+0700] {logging_mixin.py:149} INFO - [2023-06-22T15:28:50.955+0700] {dag.py:3486} INFO - Setting next_dagrun for example_branch_dop_operator_v3 to 2023-06-22T08:27:00+00:00, run_after=2023-06-22T08:28:00+00:00
[2023-06-22T15:28:50.979+0700] {processor.py:179} INFO - Processing /Users/macbook/Documents/Documents_MacBook_Pro/ISTT/AirflowTutorial/envlibs/lib/python3.10/site-packages/airflow/example_dags/example_branch_python_dop_operator_3.py took 0.877 seconds
[2023-06-22T15:33:01.821+0700] {processor.py:157} INFO - Started process (PID=14100) to work on /Users/macbook/Documents/Documents_MacBook_Pro/ISTT/AirflowTutorial/envlibs/lib/python3.10/site-packages/airflow/example_dags/example_branch_python_dop_operator_3.py
[2023-06-22T15:33:01.822+0700] {processor.py:826} INFO - Processing file /Users/macbook/Documents/Documents_MacBook_Pro/ISTT/AirflowTutorial/envlibs/lib/python3.10/site-packages/airflow/example_dags/example_branch_python_dop_operator_3.py for tasks to queue
[2023-06-22T15:33:01.823+0700] {logging_mixin.py:149} INFO - [2023-06-22T15:33:01.822+0700] {dagbag.py:541} INFO - Filling up the DagBag from /Users/macbook/Documents/Documents_MacBook_Pro/ISTT/AirflowTutorial/envlibs/lib/python3.10/site-packages/airflow/example_dags/example_branch_python_dop_operator_3.py
[2023-06-22T15:33:01.874+0700] {processor.py:836} INFO - DAG(s) dict_keys(['example_branch_dop_operator_v3']) retrieved from /Users/macbook/Documents/Documents_MacBook_Pro/ISTT/AirflowTutorial/envlibs/lib/python3.10/site-packages/airflow/example_dags/example_branch_python_dop_operator_3.py
[2023-06-22T15:33:02.584+0700] {logging_mixin.py:149} INFO - [2023-06-22T15:33:02.583+0700] {dag.py:2726} INFO - Sync 1 DAGs
[2023-06-22T15:33:02.603+0700] {logging_mixin.py:149} INFO - [2023-06-22T15:33:02.603+0700] {dag.py:3486} INFO - Setting next_dagrun for example_branch_dop_operator_v3 to 2023-06-22T08:32:00+00:00, run_after=2023-06-22T08:33:00+00:00
[2023-06-22T15:33:02.621+0700] {processor.py:179} INFO - Processing /Users/macbook/Documents/Documents_MacBook_Pro/ISTT/AirflowTutorial/envlibs/lib/python3.10/site-packages/airflow/example_dags/example_branch_python_dop_operator_3.py took 0.801 seconds
[2023-06-22T15:37:11.829+0700] {processor.py:157} INFO - Started process (PID=14215) to work on /Users/macbook/Documents/Documents_MacBook_Pro/ISTT/AirflowTutorial/envlibs/lib/python3.10/site-packages/airflow/example_dags/example_branch_python_dop_operator_3.py
[2023-06-22T15:37:11.831+0700] {processor.py:826} INFO - Processing file /Users/macbook/Documents/Documents_MacBook_Pro/ISTT/AirflowTutorial/envlibs/lib/python3.10/site-packages/airflow/example_dags/example_branch_python_dop_operator_3.py for tasks to queue
[2023-06-22T15:37:11.831+0700] {logging_mixin.py:149} INFO - [2023-06-22T15:37:11.831+0700] {dagbag.py:541} INFO - Filling up the DagBag from /Users/macbook/Documents/Documents_MacBook_Pro/ISTT/AirflowTutorial/envlibs/lib/python3.10/site-packages/airflow/example_dags/example_branch_python_dop_operator_3.py
[2023-06-22T15:37:11.887+0700] {processor.py:836} INFO - DAG(s) dict_keys(['example_branch_dop_operator_v3']) retrieved from /Users/macbook/Documents/Documents_MacBook_Pro/ISTT/AirflowTutorial/envlibs/lib/python3.10/site-packages/airflow/example_dags/example_branch_python_dop_operator_3.py
[2023-06-22T15:37:12.703+0700] {logging_mixin.py:149} INFO - [2023-06-22T15:37:12.703+0700] {dag.py:2726} INFO - Sync 1 DAGs
[2023-06-22T15:37:12.726+0700] {logging_mixin.py:149} INFO - [2023-06-22T15:37:12.726+0700] {dag.py:3486} INFO - Setting next_dagrun for example_branch_dop_operator_v3 to 2023-06-22T08:36:00+00:00, run_after=2023-06-22T08:37:00+00:00
[2023-06-22T15:37:12.747+0700] {processor.py:179} INFO - Processing /Users/macbook/Documents/Documents_MacBook_Pro/ISTT/AirflowTutorial/envlibs/lib/python3.10/site-packages/airflow/example_dags/example_branch_python_dop_operator_3.py took 0.918 seconds
[2023-06-22T15:41:34.088+0700] {processor.py:157} INFO - Started process (PID=14356) to work on /Users/macbook/Documents/Documents_MacBook_Pro/ISTT/AirflowTutorial/envlibs/lib/python3.10/site-packages/airflow/example_dags/example_branch_python_dop_operator_3.py
[2023-06-22T15:41:34.090+0700] {processor.py:826} INFO - Processing file /Users/macbook/Documents/Documents_MacBook_Pro/ISTT/AirflowTutorial/envlibs/lib/python3.10/site-packages/airflow/example_dags/example_branch_python_dop_operator_3.py for tasks to queue
[2023-06-22T15:41:34.090+0700] {logging_mixin.py:149} INFO - [2023-06-22T15:41:34.090+0700] {dagbag.py:541} INFO - Filling up the DagBag from /Users/macbook/Documents/Documents_MacBook_Pro/ISTT/AirflowTutorial/envlibs/lib/python3.10/site-packages/airflow/example_dags/example_branch_python_dop_operator_3.py
[2023-06-22T15:41:34.145+0700] {processor.py:836} INFO - DAG(s) dict_keys(['example_branch_dop_operator_v3']) retrieved from /Users/macbook/Documents/Documents_MacBook_Pro/ISTT/AirflowTutorial/envlibs/lib/python3.10/site-packages/airflow/example_dags/example_branch_python_dop_operator_3.py
[2023-06-22T15:41:34.936+0700] {logging_mixin.py:149} INFO - [2023-06-22T15:41:34.936+0700] {dag.py:2726} INFO - Sync 1 DAGs
[2023-06-22T15:41:34.960+0700] {logging_mixin.py:149} INFO - [2023-06-22T15:41:34.960+0700] {dag.py:3486} INFO - Setting next_dagrun for example_branch_dop_operator_v3 to 2023-06-22T08:40:00+00:00, run_after=2023-06-22T08:41:00+00:00
[2023-06-22T15:41:34.980+0700] {processor.py:179} INFO - Processing /Users/macbook/Documents/Documents_MacBook_Pro/ISTT/AirflowTutorial/envlibs/lib/python3.10/site-packages/airflow/example_dags/example_branch_python_dop_operator_3.py took 0.892 seconds
[2023-06-22T15:45:55.894+0700] {processor.py:157} INFO - Started process (PID=14492) to work on /Users/macbook/Documents/Documents_MacBook_Pro/ISTT/AirflowTutorial/envlibs/lib/python3.10/site-packages/airflow/example_dags/example_branch_python_dop_operator_3.py
[2023-06-22T15:45:55.895+0700] {processor.py:826} INFO - Processing file /Users/macbook/Documents/Documents_MacBook_Pro/ISTT/AirflowTutorial/envlibs/lib/python3.10/site-packages/airflow/example_dags/example_branch_python_dop_operator_3.py for tasks to queue
[2023-06-22T15:45:55.896+0700] {logging_mixin.py:149} INFO - [2023-06-22T15:45:55.896+0700] {dagbag.py:541} INFO - Filling up the DagBag from /Users/macbook/Documents/Documents_MacBook_Pro/ISTT/AirflowTutorial/envlibs/lib/python3.10/site-packages/airflow/example_dags/example_branch_python_dop_operator_3.py
[2023-06-22T15:45:55.973+0700] {processor.py:836} INFO - DAG(s) dict_keys(['example_branch_dop_operator_v3']) retrieved from /Users/macbook/Documents/Documents_MacBook_Pro/ISTT/AirflowTutorial/envlibs/lib/python3.10/site-packages/airflow/example_dags/example_branch_python_dop_operator_3.py
[2023-06-22T15:45:56.800+0700] {logging_mixin.py:149} INFO - [2023-06-22T15:45:56.800+0700] {dag.py:2726} INFO - Sync 1 DAGs
[2023-06-22T15:45:56.824+0700] {logging_mixin.py:149} INFO - [2023-06-22T15:45:56.824+0700] {dag.py:3486} INFO - Setting next_dagrun for example_branch_dop_operator_v3 to 2023-06-22T08:44:00+00:00, run_after=2023-06-22T08:45:00+00:00
[2023-06-22T15:45:56.842+0700] {processor.py:179} INFO - Processing /Users/macbook/Documents/Documents_MacBook_Pro/ISTT/AirflowTutorial/envlibs/lib/python3.10/site-packages/airflow/example_dags/example_branch_python_dop_operator_3.py took 0.949 seconds
[2023-06-22T15:50:24.387+0700] {processor.py:157} INFO - Started process (PID=14661) to work on /Users/macbook/Documents/Documents_MacBook_Pro/ISTT/AirflowTutorial/envlibs/lib/python3.10/site-packages/airflow/example_dags/example_branch_python_dop_operator_3.py
[2023-06-22T15:50:24.388+0700] {processor.py:826} INFO - Processing file /Users/macbook/Documents/Documents_MacBook_Pro/ISTT/AirflowTutorial/envlibs/lib/python3.10/site-packages/airflow/example_dags/example_branch_python_dop_operator_3.py for tasks to queue
[2023-06-22T15:50:24.389+0700] {logging_mixin.py:149} INFO - [2023-06-22T15:50:24.389+0700] {dagbag.py:541} INFO - Filling up the DagBag from /Users/macbook/Documents/Documents_MacBook_Pro/ISTT/AirflowTutorial/envlibs/lib/python3.10/site-packages/airflow/example_dags/example_branch_python_dop_operator_3.py
[2023-06-22T15:50:24.445+0700] {processor.py:836} INFO - DAG(s) dict_keys(['example_branch_dop_operator_v3']) retrieved from /Users/macbook/Documents/Documents_MacBook_Pro/ISTT/AirflowTutorial/envlibs/lib/python3.10/site-packages/airflow/example_dags/example_branch_python_dop_operator_3.py
[2023-06-22T15:50:25.287+0700] {logging_mixin.py:149} INFO - [2023-06-22T15:50:25.287+0700] {dag.py:2726} INFO - Sync 1 DAGs
[2023-06-22T15:50:25.310+0700] {logging_mixin.py:149} INFO - [2023-06-22T15:50:25.310+0700] {dag.py:3486} INFO - Setting next_dagrun for example_branch_dop_operator_v3 to 2023-06-22T08:49:00+00:00, run_after=2023-06-22T08:50:00+00:00
[2023-06-22T15:50:25.333+0700] {processor.py:179} INFO - Processing /Users/macbook/Documents/Documents_MacBook_Pro/ISTT/AirflowTutorial/envlibs/lib/python3.10/site-packages/airflow/example_dags/example_branch_python_dop_operator_3.py took 0.947 seconds
[2023-06-22T15:54:58.653+0700] {processor.py:157} INFO - Started process (PID=14835) to work on /Users/macbook/Documents/Documents_MacBook_Pro/ISTT/AirflowTutorial/envlibs/lib/python3.10/site-packages/airflow/example_dags/example_branch_python_dop_operator_3.py
[2023-06-22T15:54:58.654+0700] {processor.py:826} INFO - Processing file /Users/macbook/Documents/Documents_MacBook_Pro/ISTT/AirflowTutorial/envlibs/lib/python3.10/site-packages/airflow/example_dags/example_branch_python_dop_operator_3.py for tasks to queue
[2023-06-22T15:54:58.655+0700] {logging_mixin.py:149} INFO - [2023-06-22T15:54:58.655+0700] {dagbag.py:541} INFO - Filling up the DagBag from /Users/macbook/Documents/Documents_MacBook_Pro/ISTT/AirflowTutorial/envlibs/lib/python3.10/site-packages/airflow/example_dags/example_branch_python_dop_operator_3.py
[2023-06-22T15:54:58.710+0700] {processor.py:836} INFO - DAG(s) dict_keys(['example_branch_dop_operator_v3']) retrieved from /Users/macbook/Documents/Documents_MacBook_Pro/ISTT/AirflowTutorial/envlibs/lib/python3.10/site-packages/airflow/example_dags/example_branch_python_dop_operator_3.py
[2023-06-22T15:54:59.487+0700] {logging_mixin.py:149} INFO - [2023-06-22T15:54:59.487+0700] {dag.py:2726} INFO - Sync 1 DAGs
[2023-06-22T15:54:59.510+0700] {logging_mixin.py:149} INFO - [2023-06-22T15:54:59.510+0700] {dag.py:3486} INFO - Setting next_dagrun for example_branch_dop_operator_v3 to 2023-06-22T08:53:00+00:00, run_after=2023-06-22T08:54:00+00:00
[2023-06-22T15:54:59.528+0700] {processor.py:179} INFO - Processing /Users/macbook/Documents/Documents_MacBook_Pro/ISTT/AirflowTutorial/envlibs/lib/python3.10/site-packages/airflow/example_dags/example_branch_python_dop_operator_3.py took 0.876 seconds
[2023-06-22T15:59:30.393+0700] {processor.py:157} INFO - Started process (PID=14969) to work on /Users/macbook/Documents/Documents_MacBook_Pro/ISTT/AirflowTutorial/envlibs/lib/python3.10/site-packages/airflow/example_dags/example_branch_python_dop_operator_3.py
[2023-06-22T15:59:30.395+0700] {processor.py:826} INFO - Processing file /Users/macbook/Documents/Documents_MacBook_Pro/ISTT/AirflowTutorial/envlibs/lib/python3.10/site-packages/airflow/example_dags/example_branch_python_dop_operator_3.py for tasks to queue
[2023-06-22T15:59:30.395+0700] {logging_mixin.py:149} INFO - [2023-06-22T15:59:30.395+0700] {dagbag.py:541} INFO - Filling up the DagBag from /Users/macbook/Documents/Documents_MacBook_Pro/ISTT/AirflowTutorial/envlibs/lib/python3.10/site-packages/airflow/example_dags/example_branch_python_dop_operator_3.py
[2023-06-22T15:59:30.451+0700] {processor.py:836} INFO - DAG(s) dict_keys(['example_branch_dop_operator_v3']) retrieved from /Users/macbook/Documents/Documents_MacBook_Pro/ISTT/AirflowTutorial/envlibs/lib/python3.10/site-packages/airflow/example_dags/example_branch_python_dop_operator_3.py
[2023-06-22T15:59:31.198+0700] {logging_mixin.py:149} INFO - [2023-06-22T15:59:31.197+0700] {dag.py:2726} INFO - Sync 1 DAGs
[2023-06-22T15:59:31.218+0700] {logging_mixin.py:149} INFO - [2023-06-22T15:59:31.218+0700] {dag.py:3486} INFO - Setting next_dagrun for example_branch_dop_operator_v3 to 2023-06-22T08:58:00+00:00, run_after=2023-06-22T08:59:00+00:00
[2023-06-22T15:59:31.237+0700] {processor.py:179} INFO - Processing /Users/macbook/Documents/Documents_MacBook_Pro/ISTT/AirflowTutorial/envlibs/lib/python3.10/site-packages/airflow/example_dags/example_branch_python_dop_operator_3.py took 0.844 seconds
[2023-06-22T16:03:57.365+0700] {processor.py:157} INFO - Started process (PID=15089) to work on /Users/macbook/Documents/Documents_MacBook_Pro/ISTT/AirflowTutorial/envlibs/lib/python3.10/site-packages/airflow/example_dags/example_branch_python_dop_operator_3.py
[2023-06-22T16:03:57.367+0700] {processor.py:826} INFO - Processing file /Users/macbook/Documents/Documents_MacBook_Pro/ISTT/AirflowTutorial/envlibs/lib/python3.10/site-packages/airflow/example_dags/example_branch_python_dop_operator_3.py for tasks to queue
[2023-06-22T16:03:57.367+0700] {logging_mixin.py:149} INFO - [2023-06-22T16:03:57.367+0700] {dagbag.py:541} INFO - Filling up the DagBag from /Users/macbook/Documents/Documents_MacBook_Pro/ISTT/AirflowTutorial/envlibs/lib/python3.10/site-packages/airflow/example_dags/example_branch_python_dop_operator_3.py
[2023-06-22T16:03:57.423+0700] {processor.py:836} INFO - DAG(s) dict_keys(['example_branch_dop_operator_v3']) retrieved from /Users/macbook/Documents/Documents_MacBook_Pro/ISTT/AirflowTutorial/envlibs/lib/python3.10/site-packages/airflow/example_dags/example_branch_python_dop_operator_3.py
[2023-06-22T16:03:58.382+0700] {logging_mixin.py:149} INFO - [2023-06-22T16:03:58.382+0700] {dag.py:2726} INFO - Sync 1 DAGs
[2023-06-22T16:03:58.403+0700] {logging_mixin.py:149} INFO - [2023-06-22T16:03:58.403+0700] {dag.py:3486} INFO - Setting next_dagrun for example_branch_dop_operator_v3 to 2023-06-22T09:02:00+00:00, run_after=2023-06-22T09:03:00+00:00
[2023-06-22T16:03:58.421+0700] {processor.py:179} INFO - Processing /Users/macbook/Documents/Documents_MacBook_Pro/ISTT/AirflowTutorial/envlibs/lib/python3.10/site-packages/airflow/example_dags/example_branch_python_dop_operator_3.py took 1.056 seconds
[2023-06-22T16:08:15.020+0700] {processor.py:157} INFO - Started process (PID=15209) to work on /Users/macbook/Documents/Documents_MacBook_Pro/ISTT/AirflowTutorial/envlibs/lib/python3.10/site-packages/airflow/example_dags/example_branch_python_dop_operator_3.py
[2023-06-22T16:08:15.021+0700] {processor.py:826} INFO - Processing file /Users/macbook/Documents/Documents_MacBook_Pro/ISTT/AirflowTutorial/envlibs/lib/python3.10/site-packages/airflow/example_dags/example_branch_python_dop_operator_3.py for tasks to queue
[2023-06-22T16:08:15.022+0700] {logging_mixin.py:149} INFO - [2023-06-22T16:08:15.022+0700] {dagbag.py:541} INFO - Filling up the DagBag from /Users/macbook/Documents/Documents_MacBook_Pro/ISTT/AirflowTutorial/envlibs/lib/python3.10/site-packages/airflow/example_dags/example_branch_python_dop_operator_3.py
[2023-06-22T16:08:15.075+0700] {processor.py:836} INFO - DAG(s) dict_keys(['example_branch_dop_operator_v3']) retrieved from /Users/macbook/Documents/Documents_MacBook_Pro/ISTT/AirflowTutorial/envlibs/lib/python3.10/site-packages/airflow/example_dags/example_branch_python_dop_operator_3.py
[2023-06-22T16:08:15.862+0700] {logging_mixin.py:149} INFO - [2023-06-22T16:08:15.862+0700] {dag.py:2726} INFO - Sync 1 DAGs
[2023-06-22T16:08:15.885+0700] {logging_mixin.py:149} INFO - [2023-06-22T16:08:15.885+0700] {dag.py:3486} INFO - Setting next_dagrun for example_branch_dop_operator_v3 to 2023-06-22T09:07:00+00:00, run_after=2023-06-22T09:08:00+00:00
[2023-06-22T16:08:15.907+0700] {processor.py:179} INFO - Processing /Users/macbook/Documents/Documents_MacBook_Pro/ISTT/AirflowTutorial/envlibs/lib/python3.10/site-packages/airflow/example_dags/example_branch_python_dop_operator_3.py took 0.887 seconds
[2023-06-22T16:12:13.795+0700] {processor.py:157} INFO - Started process (PID=15323) to work on /Users/macbook/Documents/Documents_MacBook_Pro/ISTT/AirflowTutorial/envlibs/lib/python3.10/site-packages/airflow/example_dags/example_branch_python_dop_operator_3.py
[2023-06-22T16:12:13.797+0700] {processor.py:826} INFO - Processing file /Users/macbook/Documents/Documents_MacBook_Pro/ISTT/AirflowTutorial/envlibs/lib/python3.10/site-packages/airflow/example_dags/example_branch_python_dop_operator_3.py for tasks to queue
[2023-06-22T16:12:13.797+0700] {logging_mixin.py:149} INFO - [2023-06-22T16:12:13.797+0700] {dagbag.py:541} INFO - Filling up the DagBag from /Users/macbook/Documents/Documents_MacBook_Pro/ISTT/AirflowTutorial/envlibs/lib/python3.10/site-packages/airflow/example_dags/example_branch_python_dop_operator_3.py
[2023-06-22T16:12:13.846+0700] {processor.py:836} INFO - DAG(s) dict_keys(['example_branch_dop_operator_v3']) retrieved from /Users/macbook/Documents/Documents_MacBook_Pro/ISTT/AirflowTutorial/envlibs/lib/python3.10/site-packages/airflow/example_dags/example_branch_python_dop_operator_3.py
[2023-06-22T16:12:14.567+0700] {logging_mixin.py:149} INFO - [2023-06-22T16:12:14.567+0700] {dag.py:2726} INFO - Sync 1 DAGs
[2023-06-22T16:12:14.587+0700] {logging_mixin.py:149} INFO - [2023-06-22T16:12:14.587+0700] {dag.py:3486} INFO - Setting next_dagrun for example_branch_dop_operator_v3 to 2023-06-22T09:11:00+00:00, run_after=2023-06-22T09:12:00+00:00
[2023-06-22T16:12:14.604+0700] {processor.py:179} INFO - Processing /Users/macbook/Documents/Documents_MacBook_Pro/ISTT/AirflowTutorial/envlibs/lib/python3.10/site-packages/airflow/example_dags/example_branch_python_dop_operator_3.py took 0.809 seconds
[2023-06-22T16:16:18.360+0700] {processor.py:157} INFO - Started process (PID=15431) to work on /Users/macbook/Documents/Documents_MacBook_Pro/ISTT/AirflowTutorial/envlibs/lib/python3.10/site-packages/airflow/example_dags/example_branch_python_dop_operator_3.py
[2023-06-22T16:16:18.361+0700] {processor.py:826} INFO - Processing file /Users/macbook/Documents/Documents_MacBook_Pro/ISTT/AirflowTutorial/envlibs/lib/python3.10/site-packages/airflow/example_dags/example_branch_python_dop_operator_3.py for tasks to queue
[2023-06-22T16:16:18.362+0700] {logging_mixin.py:149} INFO - [2023-06-22T16:16:18.362+0700] {dagbag.py:541} INFO - Filling up the DagBag from /Users/macbook/Documents/Documents_MacBook_Pro/ISTT/AirflowTutorial/envlibs/lib/python3.10/site-packages/airflow/example_dags/example_branch_python_dop_operator_3.py
[2023-06-22T16:16:18.413+0700] {processor.py:836} INFO - DAG(s) dict_keys(['example_branch_dop_operator_v3']) retrieved from /Users/macbook/Documents/Documents_MacBook_Pro/ISTT/AirflowTutorial/envlibs/lib/python3.10/site-packages/airflow/example_dags/example_branch_python_dop_operator_3.py
[2023-06-22T16:16:19.217+0700] {logging_mixin.py:149} INFO - [2023-06-22T16:16:19.216+0700] {dag.py:2726} INFO - Sync 1 DAGs
[2023-06-22T16:16:19.240+0700] {logging_mixin.py:149} INFO - [2023-06-22T16:16:19.240+0700] {dag.py:3486} INFO - Setting next_dagrun for example_branch_dop_operator_v3 to 2023-06-22T09:15:00+00:00, run_after=2023-06-22T09:16:00+00:00
[2023-06-22T16:16:19.258+0700] {processor.py:179} INFO - Processing /Users/macbook/Documents/Documents_MacBook_Pro/ISTT/AirflowTutorial/envlibs/lib/python3.10/site-packages/airflow/example_dags/example_branch_python_dop_operator_3.py took 0.899 seconds
[2023-06-22T16:20:49.252+0700] {processor.py:157} INFO - Started process (PID=15591) to work on /Users/macbook/Documents/Documents_MacBook_Pro/ISTT/AirflowTutorial/envlibs/lib/python3.10/site-packages/airflow/example_dags/example_branch_python_dop_operator_3.py
[2023-06-22T16:20:49.254+0700] {processor.py:826} INFO - Processing file /Users/macbook/Documents/Documents_MacBook_Pro/ISTT/AirflowTutorial/envlibs/lib/python3.10/site-packages/airflow/example_dags/example_branch_python_dop_operator_3.py for tasks to queue
[2023-06-22T16:20:49.254+0700] {logging_mixin.py:149} INFO - [2023-06-22T16:20:49.254+0700] {dagbag.py:541} INFO - Filling up the DagBag from /Users/macbook/Documents/Documents_MacBook_Pro/ISTT/AirflowTutorial/envlibs/lib/python3.10/site-packages/airflow/example_dags/example_branch_python_dop_operator_3.py
[2023-06-22T16:20:49.329+0700] {processor.py:836} INFO - DAG(s) dict_keys(['example_branch_dop_operator_v3']) retrieved from /Users/macbook/Documents/Documents_MacBook_Pro/ISTT/AirflowTutorial/envlibs/lib/python3.10/site-packages/airflow/example_dags/example_branch_python_dop_operator_3.py
[2023-06-22T16:20:50.075+0700] {logging_mixin.py:149} INFO - [2023-06-22T16:20:50.075+0700] {dag.py:2726} INFO - Sync 1 DAGs
[2023-06-22T16:20:50.094+0700] {logging_mixin.py:149} INFO - [2023-06-22T16:20:50.094+0700] {dag.py:3486} INFO - Setting next_dagrun for example_branch_dop_operator_v3 to 2023-06-22T09:19:00+00:00, run_after=2023-06-22T09:20:00+00:00
[2023-06-22T16:20:50.112+0700] {processor.py:179} INFO - Processing /Users/macbook/Documents/Documents_MacBook_Pro/ISTT/AirflowTutorial/envlibs/lib/python3.10/site-packages/airflow/example_dags/example_branch_python_dop_operator_3.py took 0.861 seconds
[2023-06-22T16:24:42.573+0700] {processor.py:157} INFO - Started process (PID=15698) to work on /Users/macbook/Documents/Documents_MacBook_Pro/ISTT/AirflowTutorial/envlibs/lib/python3.10/site-packages/airflow/example_dags/example_branch_python_dop_operator_3.py
[2023-06-22T16:24:42.575+0700] {processor.py:826} INFO - Processing file /Users/macbook/Documents/Documents_MacBook_Pro/ISTT/AirflowTutorial/envlibs/lib/python3.10/site-packages/airflow/example_dags/example_branch_python_dop_operator_3.py for tasks to queue
[2023-06-22T16:24:42.575+0700] {logging_mixin.py:149} INFO - [2023-06-22T16:24:42.575+0700] {dagbag.py:541} INFO - Filling up the DagBag from /Users/macbook/Documents/Documents_MacBook_Pro/ISTT/AirflowTutorial/envlibs/lib/python3.10/site-packages/airflow/example_dags/example_branch_python_dop_operator_3.py
[2023-06-22T16:24:42.623+0700] {processor.py:836} INFO - DAG(s) dict_keys(['example_branch_dop_operator_v3']) retrieved from /Users/macbook/Documents/Documents_MacBook_Pro/ISTT/AirflowTutorial/envlibs/lib/python3.10/site-packages/airflow/example_dags/example_branch_python_dop_operator_3.py
[2023-06-22T16:24:43.317+0700] {logging_mixin.py:149} INFO - [2023-06-22T16:24:43.317+0700] {dag.py:2726} INFO - Sync 1 DAGs
[2023-06-22T16:24:43.341+0700] {logging_mixin.py:149} INFO - [2023-06-22T16:24:43.341+0700] {dag.py:3486} INFO - Setting next_dagrun for example_branch_dop_operator_v3 to 2023-06-22T09:23:00+00:00, run_after=2023-06-22T09:24:00+00:00
[2023-06-22T16:24:43.358+0700] {processor.py:179} INFO - Processing /Users/macbook/Documents/Documents_MacBook_Pro/ISTT/AirflowTutorial/envlibs/lib/python3.10/site-packages/airflow/example_dags/example_branch_python_dop_operator_3.py took 0.785 seconds
