[2023-06-22T14:28:30.375+0700] {processor.py:157} INFO - Started process (PID=11896) to work on /Users/macbook/Documents/Documents_MacBook_Pro/ISTT/AirflowTutorial/envlibs/lib/python3.10/site-packages/airflow/example_dags/example_external_task_marker_dag.py
[2023-06-22T14:28:30.375+0700] {processor.py:826} INFO - Processing file /Users/macbook/Documents/Documents_MacBook_Pro/ISTT/AirflowTutorial/envlibs/lib/python3.10/site-packages/airflow/example_dags/example_external_task_marker_dag.py for tasks to queue
[2023-06-22T14:28:30.376+0700] {logging_mixin.py:149} INFO - [2023-06-22T14:28:30.376+0700] {dagbag.py:541} INFO - Filling up the DagBag from /Users/macbook/Documents/Documents_MacBook_Pro/ISTT/AirflowTutorial/envlibs/lib/python3.10/site-packages/airflow/example_dags/example_external_task_marker_dag.py
[2023-06-22T14:28:30.397+0700] {processor.py:836} INFO - DAG(s) dict_keys(['example_external_task_marker_parent', 'example_external_task_marker_child']) retrieved from /Users/macbook/Documents/Documents_MacBook_Pro/ISTT/AirflowTutorial/envlibs/lib/python3.10/site-packages/airflow/example_dags/example_external_task_marker_dag.py
[2023-06-22T14:28:31.185+0700] {logging_mixin.py:149} INFO - [2023-06-22T14:28:31.185+0700] {dag.py:2726} INFO - Sync 2 DAGs
[2023-06-22T14:28:31.199+0700] {logging_mixin.py:149} INFO - [2023-06-22T14:28:31.198+0700] {dag.py:3486} INFO - Setting next_dagrun for example_external_task_marker_child to None, run_after=None
[2023-06-22T14:28:31.200+0700] {logging_mixin.py:149} INFO - [2023-06-22T14:28:31.200+0700] {dag.py:3486} INFO - Setting next_dagrun for example_external_task_marker_parent to None, run_after=None
[2023-06-22T14:28:31.215+0700] {processor.py:179} INFO - Processing /Users/macbook/Documents/Documents_MacBook_Pro/ISTT/AirflowTutorial/envlibs/lib/python3.10/site-packages/airflow/example_dags/example_external_task_marker_dag.py took 0.841 seconds
[2023-06-22T14:31:02.966+0700] {processor.py:157} INFO - Started process (PID=11975) to work on /Users/macbook/Documents/Documents_MacBook_Pro/ISTT/AirflowTutorial/envlibs/lib/python3.10/site-packages/airflow/example_dags/example_external_task_marker_dag.py
[2023-06-22T14:31:02.967+0700] {processor.py:826} INFO - Processing file /Users/macbook/Documents/Documents_MacBook_Pro/ISTT/AirflowTutorial/envlibs/lib/python3.10/site-packages/airflow/example_dags/example_external_task_marker_dag.py for tasks to queue
[2023-06-22T14:31:02.968+0700] {logging_mixin.py:149} INFO - [2023-06-22T14:31:02.968+0700] {dagbag.py:541} INFO - Filling up the DagBag from /Users/macbook/Documents/Documents_MacBook_Pro/ISTT/AirflowTutorial/envlibs/lib/python3.10/site-packages/airflow/example_dags/example_external_task_marker_dag.py
[2023-06-22T14:31:02.990+0700] {processor.py:836} INFO - DAG(s) dict_keys(['example_external_task_marker_parent', 'example_external_task_marker_child']) retrieved from /Users/macbook/Documents/Documents_MacBook_Pro/ISTT/AirflowTutorial/envlibs/lib/python3.10/site-packages/airflow/example_dags/example_external_task_marker_dag.py
[2023-06-22T14:31:03.774+0700] {logging_mixin.py:149} INFO - [2023-06-22T14:31:03.773+0700] {dag.py:2726} INFO - Sync 2 DAGs
[2023-06-22T14:31:03.791+0700] {logging_mixin.py:149} INFO - [2023-06-22T14:31:03.791+0700] {dag.py:3486} INFO - Setting next_dagrun for example_external_task_marker_child to None, run_after=None
[2023-06-22T14:31:03.794+0700] {logging_mixin.py:149} INFO - [2023-06-22T14:31:03.794+0700] {dag.py:3486} INFO - Setting next_dagrun for example_external_task_marker_parent to None, run_after=None
[2023-06-22T14:31:03.809+0700] {processor.py:179} INFO - Processing /Users/macbook/Documents/Documents_MacBook_Pro/ISTT/AirflowTutorial/envlibs/lib/python3.10/site-packages/airflow/example_dags/example_external_task_marker_dag.py took 0.844 seconds
[2023-06-22T14:35:58.756+0700] {processor.py:157} INFO - Started process (PID=12241) to work on /Users/macbook/Documents/Documents_MacBook_Pro/ISTT/AirflowTutorial/envlibs/lib/python3.10/site-packages/airflow/example_dags/example_external_task_marker_dag.py
[2023-06-22T14:35:58.757+0700] {processor.py:826} INFO - Processing file /Users/macbook/Documents/Documents_MacBook_Pro/ISTT/AirflowTutorial/envlibs/lib/python3.10/site-packages/airflow/example_dags/example_external_task_marker_dag.py for tasks to queue
[2023-06-22T14:35:58.758+0700] {logging_mixin.py:149} INFO - [2023-06-22T14:35:58.758+0700] {dagbag.py:541} INFO - Filling up the DagBag from /Users/macbook/Documents/Documents_MacBook_Pro/ISTT/AirflowTutorial/envlibs/lib/python3.10/site-packages/airflow/example_dags/example_external_task_marker_dag.py
[2023-06-22T14:35:58.792+0700] {processor.py:836} INFO - DAG(s) dict_keys(['example_external_task_marker_child', 'example_external_task_marker_parent']) retrieved from /Users/macbook/Documents/Documents_MacBook_Pro/ISTT/AirflowTutorial/envlibs/lib/python3.10/site-packages/airflow/example_dags/example_external_task_marker_dag.py
[2023-06-22T14:36:00.242+0700] {logging_mixin.py:149} INFO - [2023-06-22T14:36:00.242+0700] {dag.py:2726} INFO - Sync 2 DAGs
[2023-06-22T14:36:00.254+0700] {logging_mixin.py:149} INFO - [2023-06-22T14:36:00.253+0700] {dag.py:2747} INFO - Creating ORM DAG for example_external_task_marker_child
[2023-06-22T14:36:00.254+0700] {logging_mixin.py:149} INFO - [2023-06-22T14:36:00.254+0700] {dag.py:2747} INFO - Creating ORM DAG for example_external_task_marker_parent
[2023-06-22T14:36:00.264+0700] {logging_mixin.py:149} INFO - [2023-06-22T14:36:00.264+0700] {dag.py:3486} INFO - Setting next_dagrun for example_external_task_marker_child to None, run_after=None
[2023-06-22T14:36:00.265+0700] {logging_mixin.py:149} INFO - [2023-06-22T14:36:00.265+0700] {dag.py:3486} INFO - Setting next_dagrun for example_external_task_marker_parent to None, run_after=None
[2023-06-22T14:36:00.290+0700] {processor.py:179} INFO - Processing /Users/macbook/Documents/Documents_MacBook_Pro/ISTT/AirflowTutorial/envlibs/lib/python3.10/site-packages/airflow/example_dags/example_external_task_marker_dag.py took 1.535 seconds
[2023-06-22T14:41:03.676+0700] {processor.py:157} INFO - Started process (PID=12486) to work on /Users/macbook/Documents/Documents_MacBook_Pro/ISTT/AirflowTutorial/envlibs/lib/python3.10/site-packages/airflow/example_dags/example_external_task_marker_dag.py
[2023-06-22T14:41:03.678+0700] {processor.py:826} INFO - Processing file /Users/macbook/Documents/Documents_MacBook_Pro/ISTT/AirflowTutorial/envlibs/lib/python3.10/site-packages/airflow/example_dags/example_external_task_marker_dag.py for tasks to queue
[2023-06-22T14:41:03.679+0700] {logging_mixin.py:149} INFO - [2023-06-22T14:41:03.678+0700] {dagbag.py:541} INFO - Filling up the DagBag from /Users/macbook/Documents/Documents_MacBook_Pro/ISTT/AirflowTutorial/envlibs/lib/python3.10/site-packages/airflow/example_dags/example_external_task_marker_dag.py
[2023-06-22T14:41:03.702+0700] {processor.py:836} INFO - DAG(s) dict_keys(['example_external_task_marker_parent', 'example_external_task_marker_child']) retrieved from /Users/macbook/Documents/Documents_MacBook_Pro/ISTT/AirflowTutorial/envlibs/lib/python3.10/site-packages/airflow/example_dags/example_external_task_marker_dag.py
[2023-06-22T14:41:04.585+0700] {logging_mixin.py:149} INFO - [2023-06-22T14:41:04.585+0700] {dag.py:2726} INFO - Sync 2 DAGs
[2023-06-22T14:41:04.594+0700] {logging_mixin.py:149} INFO - [2023-06-22T14:41:04.594+0700] {dag.py:2747} INFO - Creating ORM DAG for example_external_task_marker_parent
[2023-06-22T14:41:04.594+0700] {logging_mixin.py:149} INFO - [2023-06-22T14:41:04.594+0700] {dag.py:2747} INFO - Creating ORM DAG for example_external_task_marker_child
[2023-06-22T14:41:04.602+0700] {logging_mixin.py:149} INFO - [2023-06-22T14:41:04.602+0700] {dag.py:3486} INFO - Setting next_dagrun for example_external_task_marker_child to None, run_after=None
[2023-06-22T14:41:04.603+0700] {logging_mixin.py:149} INFO - [2023-06-22T14:41:04.603+0700] {dag.py:3486} INFO - Setting next_dagrun for example_external_task_marker_parent to None, run_after=None
[2023-06-22T14:41:04.623+0700] {processor.py:179} INFO - Processing /Users/macbook/Documents/Documents_MacBook_Pro/ISTT/AirflowTutorial/envlibs/lib/python3.10/site-packages/airflow/example_dags/example_external_task_marker_dag.py took 0.947 seconds
[2023-06-22T14:45:16.496+0700] {processor.py:157} INFO - Started process (PID=12602) to work on /Users/macbook/Documents/Documents_MacBook_Pro/ISTT/AirflowTutorial/envlibs/lib/python3.10/site-packages/airflow/example_dags/example_external_task_marker_dag.py
[2023-06-22T14:45:16.498+0700] {processor.py:826} INFO - Processing file /Users/macbook/Documents/Documents_MacBook_Pro/ISTT/AirflowTutorial/envlibs/lib/python3.10/site-packages/airflow/example_dags/example_external_task_marker_dag.py for tasks to queue
[2023-06-22T14:45:16.498+0700] {logging_mixin.py:149} INFO - [2023-06-22T14:45:16.498+0700] {dagbag.py:541} INFO - Filling up the DagBag from /Users/macbook/Documents/Documents_MacBook_Pro/ISTT/AirflowTutorial/envlibs/lib/python3.10/site-packages/airflow/example_dags/example_external_task_marker_dag.py
[2023-06-22T14:45:16.520+0700] {processor.py:836} INFO - DAG(s) dict_keys(['example_external_task_marker_parent', 'example_external_task_marker_child']) retrieved from /Users/macbook/Documents/Documents_MacBook_Pro/ISTT/AirflowTutorial/envlibs/lib/python3.10/site-packages/airflow/example_dags/example_external_task_marker_dag.py
[2023-06-22T14:45:17.368+0700] {logging_mixin.py:149} INFO - [2023-06-22T14:45:17.368+0700] {dag.py:2726} INFO - Sync 2 DAGs
[2023-06-22T14:45:17.383+0700] {logging_mixin.py:149} INFO - [2023-06-22T14:45:17.383+0700] {dag.py:3486} INFO - Setting next_dagrun for example_external_task_marker_child to None, run_after=None
[2023-06-22T14:45:17.385+0700] {logging_mixin.py:149} INFO - [2023-06-22T14:45:17.385+0700] {dag.py:3486} INFO - Setting next_dagrun for example_external_task_marker_parent to None, run_after=None
[2023-06-22T14:45:17.402+0700] {processor.py:179} INFO - Processing /Users/macbook/Documents/Documents_MacBook_Pro/ISTT/AirflowTutorial/envlibs/lib/python3.10/site-packages/airflow/example_dags/example_external_task_marker_dag.py took 0.907 seconds
[2023-06-22T14:49:29.792+0700] {processor.py:157} INFO - Started process (PID=12723) to work on /Users/macbook/Documents/Documents_MacBook_Pro/ISTT/AirflowTutorial/envlibs/lib/python3.10/site-packages/airflow/example_dags/example_external_task_marker_dag.py
[2023-06-22T14:49:29.794+0700] {processor.py:826} INFO - Processing file /Users/macbook/Documents/Documents_MacBook_Pro/ISTT/AirflowTutorial/envlibs/lib/python3.10/site-packages/airflow/example_dags/example_external_task_marker_dag.py for tasks to queue
[2023-06-22T14:49:29.795+0700] {logging_mixin.py:149} INFO - [2023-06-22T14:49:29.795+0700] {dagbag.py:541} INFO - Filling up the DagBag from /Users/macbook/Documents/Documents_MacBook_Pro/ISTT/AirflowTutorial/envlibs/lib/python3.10/site-packages/airflow/example_dags/example_external_task_marker_dag.py
[2023-06-22T14:49:29.824+0700] {processor.py:836} INFO - DAG(s) dict_keys(['example_external_task_marker_parent', 'example_external_task_marker_child']) retrieved from /Users/macbook/Documents/Documents_MacBook_Pro/ISTT/AirflowTutorial/envlibs/lib/python3.10/site-packages/airflow/example_dags/example_external_task_marker_dag.py
[2023-06-22T14:49:30.898+0700] {logging_mixin.py:149} INFO - [2023-06-22T14:49:30.898+0700] {dag.py:2726} INFO - Sync 2 DAGs
[2023-06-22T14:49:30.914+0700] {logging_mixin.py:149} INFO - [2023-06-22T14:49:30.914+0700] {dag.py:3486} INFO - Setting next_dagrun for example_external_task_marker_child to None, run_after=None
[2023-06-22T14:49:30.916+0700] {logging_mixin.py:149} INFO - [2023-06-22T14:49:30.916+0700] {dag.py:3486} INFO - Setting next_dagrun for example_external_task_marker_parent to None, run_after=None
[2023-06-22T14:49:30.936+0700] {processor.py:179} INFO - Processing /Users/macbook/Documents/Documents_MacBook_Pro/ISTT/AirflowTutorial/envlibs/lib/python3.10/site-packages/airflow/example_dags/example_external_task_marker_dag.py took 1.145 seconds
[2023-06-22T14:53:31.584+0700] {processor.py:157} INFO - Started process (PID=12834) to work on /Users/macbook/Documents/Documents_MacBook_Pro/ISTT/AirflowTutorial/envlibs/lib/python3.10/site-packages/airflow/example_dags/example_external_task_marker_dag.py
[2023-06-22T14:53:31.585+0700] {processor.py:826} INFO - Processing file /Users/macbook/Documents/Documents_MacBook_Pro/ISTT/AirflowTutorial/envlibs/lib/python3.10/site-packages/airflow/example_dags/example_external_task_marker_dag.py for tasks to queue
[2023-06-22T14:53:31.586+0700] {logging_mixin.py:149} INFO - [2023-06-22T14:53:31.586+0700] {dagbag.py:541} INFO - Filling up the DagBag from /Users/macbook/Documents/Documents_MacBook_Pro/ISTT/AirflowTutorial/envlibs/lib/python3.10/site-packages/airflow/example_dags/example_external_task_marker_dag.py
[2023-06-22T14:53:31.607+0700] {processor.py:836} INFO - DAG(s) dict_keys(['example_external_task_marker_child', 'example_external_task_marker_parent']) retrieved from /Users/macbook/Documents/Documents_MacBook_Pro/ISTT/AirflowTutorial/envlibs/lib/python3.10/site-packages/airflow/example_dags/example_external_task_marker_dag.py
[2023-06-22T14:53:32.427+0700] {logging_mixin.py:149} INFO - [2023-06-22T14:53:32.427+0700] {dag.py:2726} INFO - Sync 2 DAGs
[2023-06-22T14:53:32.444+0700] {logging_mixin.py:149} INFO - [2023-06-22T14:53:32.444+0700] {dag.py:3486} INFO - Setting next_dagrun for example_external_task_marker_child to None, run_after=None
[2023-06-22T14:53:32.447+0700] {logging_mixin.py:149} INFO - [2023-06-22T14:53:32.446+0700] {dag.py:3486} INFO - Setting next_dagrun for example_external_task_marker_parent to None, run_after=None
[2023-06-22T14:53:32.464+0700] {processor.py:179} INFO - Processing /Users/macbook/Documents/Documents_MacBook_Pro/ISTT/AirflowTutorial/envlibs/lib/python3.10/site-packages/airflow/example_dags/example_external_task_marker_dag.py took 0.881 seconds
[2023-06-22T14:57:25.219+0700] {processor.py:157} INFO - Started process (PID=12941) to work on /Users/macbook/Documents/Documents_MacBook_Pro/ISTT/AirflowTutorial/envlibs/lib/python3.10/site-packages/airflow/example_dags/example_external_task_marker_dag.py
[2023-06-22T14:57:25.220+0700] {processor.py:826} INFO - Processing file /Users/macbook/Documents/Documents_MacBook_Pro/ISTT/AirflowTutorial/envlibs/lib/python3.10/site-packages/airflow/example_dags/example_external_task_marker_dag.py for tasks to queue
[2023-06-22T14:57:25.220+0700] {logging_mixin.py:149} INFO - [2023-06-22T14:57:25.220+0700] {dagbag.py:541} INFO - Filling up the DagBag from /Users/macbook/Documents/Documents_MacBook_Pro/ISTT/AirflowTutorial/envlibs/lib/python3.10/site-packages/airflow/example_dags/example_external_task_marker_dag.py
[2023-06-22T14:57:25.242+0700] {processor.py:836} INFO - DAG(s) dict_keys(['example_external_task_marker_child', 'example_external_task_marker_parent']) retrieved from /Users/macbook/Documents/Documents_MacBook_Pro/ISTT/AirflowTutorial/envlibs/lib/python3.10/site-packages/airflow/example_dags/example_external_task_marker_dag.py
[2023-06-22T14:57:26.008+0700] {logging_mixin.py:149} INFO - [2023-06-22T14:57:26.008+0700] {dag.py:2726} INFO - Sync 2 DAGs
[2023-06-22T14:57:26.022+0700] {logging_mixin.py:149} INFO - [2023-06-22T14:57:26.022+0700] {dag.py:3486} INFO - Setting next_dagrun for example_external_task_marker_child to None, run_after=None
[2023-06-22T14:57:26.024+0700] {logging_mixin.py:149} INFO - [2023-06-22T14:57:26.024+0700] {dag.py:3486} INFO - Setting next_dagrun for example_external_task_marker_parent to None, run_after=None
[2023-06-22T14:57:26.044+0700] {processor.py:179} INFO - Processing /Users/macbook/Documents/Documents_MacBook_Pro/ISTT/AirflowTutorial/envlibs/lib/python3.10/site-packages/airflow/example_dags/example_external_task_marker_dag.py took 0.826 seconds
[2023-06-22T15:01:31.888+0700] {processor.py:157} INFO - Started process (PID=13048) to work on /Users/macbook/Documents/Documents_MacBook_Pro/ISTT/AirflowTutorial/envlibs/lib/python3.10/site-packages/airflow/example_dags/example_external_task_marker_dag.py
[2023-06-22T15:01:31.889+0700] {processor.py:826} INFO - Processing file /Users/macbook/Documents/Documents_MacBook_Pro/ISTT/AirflowTutorial/envlibs/lib/python3.10/site-packages/airflow/example_dags/example_external_task_marker_dag.py for tasks to queue
[2023-06-22T15:01:31.890+0700] {logging_mixin.py:149} INFO - [2023-06-22T15:01:31.890+0700] {dagbag.py:541} INFO - Filling up the DagBag from /Users/macbook/Documents/Documents_MacBook_Pro/ISTT/AirflowTutorial/envlibs/lib/python3.10/site-packages/airflow/example_dags/example_external_task_marker_dag.py
[2023-06-22T15:01:31.914+0700] {processor.py:836} INFO - DAG(s) dict_keys(['example_external_task_marker_parent', 'example_external_task_marker_child']) retrieved from /Users/macbook/Documents/Documents_MacBook_Pro/ISTT/AirflowTutorial/envlibs/lib/python3.10/site-packages/airflow/example_dags/example_external_task_marker_dag.py
[2023-06-22T15:01:32.808+0700] {logging_mixin.py:149} INFO - [2023-06-22T15:01:32.808+0700] {dag.py:2726} INFO - Sync 2 DAGs
[2023-06-22T15:01:32.826+0700] {logging_mixin.py:149} INFO - [2023-06-22T15:01:32.826+0700] {dag.py:3486} INFO - Setting next_dagrun for example_external_task_marker_child to None, run_after=None
[2023-06-22T15:01:32.828+0700] {logging_mixin.py:149} INFO - [2023-06-22T15:01:32.828+0700] {dag.py:3486} INFO - Setting next_dagrun for example_external_task_marker_parent to None, run_after=None
[2023-06-22T15:01:32.851+0700] {processor.py:179} INFO - Processing /Users/macbook/Documents/Documents_MacBook_Pro/ISTT/AirflowTutorial/envlibs/lib/python3.10/site-packages/airflow/example_dags/example_external_task_marker_dag.py took 0.965 seconds
[2023-06-22T15:05:36.560+0700] {processor.py:157} INFO - Started process (PID=13177) to work on /Users/macbook/Documents/Documents_MacBook_Pro/ISTT/AirflowTutorial/envlibs/lib/python3.10/site-packages/airflow/example_dags/example_external_task_marker_dag.py
[2023-06-22T15:05:36.561+0700] {processor.py:826} INFO - Processing file /Users/macbook/Documents/Documents_MacBook_Pro/ISTT/AirflowTutorial/envlibs/lib/python3.10/site-packages/airflow/example_dags/example_external_task_marker_dag.py for tasks to queue
[2023-06-22T15:05:36.562+0700] {logging_mixin.py:149} INFO - [2023-06-22T15:05:36.561+0700] {dagbag.py:541} INFO - Filling up the DagBag from /Users/macbook/Documents/Documents_MacBook_Pro/ISTT/AirflowTutorial/envlibs/lib/python3.10/site-packages/airflow/example_dags/example_external_task_marker_dag.py
[2023-06-22T15:05:36.587+0700] {processor.py:836} INFO - DAG(s) dict_keys(['example_external_task_marker_child', 'example_external_task_marker_parent']) retrieved from /Users/macbook/Documents/Documents_MacBook_Pro/ISTT/AirflowTutorial/envlibs/lib/python3.10/site-packages/airflow/example_dags/example_external_task_marker_dag.py
[2023-06-22T15:05:37.690+0700] {logging_mixin.py:149} INFO - [2023-06-22T15:05:37.690+0700] {dag.py:2726} INFO - Sync 2 DAGs
[2023-06-22T15:05:37.712+0700] {logging_mixin.py:149} INFO - [2023-06-22T15:05:37.712+0700] {dag.py:3486} INFO - Setting next_dagrun for example_external_task_marker_child to None, run_after=None
[2023-06-22T15:05:37.714+0700] {logging_mixin.py:149} INFO - [2023-06-22T15:05:37.714+0700] {dag.py:3486} INFO - Setting next_dagrun for example_external_task_marker_parent to None, run_after=None
[2023-06-22T15:05:37.737+0700] {processor.py:179} INFO - Processing /Users/macbook/Documents/Documents_MacBook_Pro/ISTT/AirflowTutorial/envlibs/lib/python3.10/site-packages/airflow/example_dags/example_external_task_marker_dag.py took 1.178 seconds
[2023-06-22T15:09:45.711+0700] {processor.py:157} INFO - Started process (PID=13330) to work on /Users/macbook/Documents/Documents_MacBook_Pro/ISTT/AirflowTutorial/envlibs/lib/python3.10/site-packages/airflow/example_dags/example_external_task_marker_dag.py
[2023-06-22T15:09:45.713+0700] {processor.py:826} INFO - Processing file /Users/macbook/Documents/Documents_MacBook_Pro/ISTT/AirflowTutorial/envlibs/lib/python3.10/site-packages/airflow/example_dags/example_external_task_marker_dag.py for tasks to queue
[2023-06-22T15:09:45.714+0700] {logging_mixin.py:149} INFO - [2023-06-22T15:09:45.713+0700] {dagbag.py:541} INFO - Filling up the DagBag from /Users/macbook/Documents/Documents_MacBook_Pro/ISTT/AirflowTutorial/envlibs/lib/python3.10/site-packages/airflow/example_dags/example_external_task_marker_dag.py
[2023-06-22T15:09:45.755+0700] {processor.py:836} INFO - DAG(s) dict_keys(['example_external_task_marker_parent', 'example_external_task_marker_child']) retrieved from /Users/macbook/Documents/Documents_MacBook_Pro/ISTT/AirflowTutorial/envlibs/lib/python3.10/site-packages/airflow/example_dags/example_external_task_marker_dag.py
[2023-06-22T15:09:46.893+0700] {logging_mixin.py:149} INFO - [2023-06-22T15:09:46.892+0700] {dag.py:2726} INFO - Sync 2 DAGs
[2023-06-22T15:09:46.922+0700] {logging_mixin.py:149} INFO - [2023-06-22T15:09:46.922+0700] {dag.py:3486} INFO - Setting next_dagrun for example_external_task_marker_child to None, run_after=None
[2023-06-22T15:09:46.926+0700] {logging_mixin.py:149} INFO - [2023-06-22T15:09:46.926+0700] {dag.py:3486} INFO - Setting next_dagrun for example_external_task_marker_parent to None, run_after=None
[2023-06-22T15:09:46.950+0700] {processor.py:179} INFO - Processing /Users/macbook/Documents/Documents_MacBook_Pro/ISTT/AirflowTutorial/envlibs/lib/python3.10/site-packages/airflow/example_dags/example_external_task_marker_dag.py took 1.240 seconds
[2023-06-22T15:13:57.958+0700] {processor.py:157} INFO - Started process (PID=13495) to work on /Users/macbook/Documents/Documents_MacBook_Pro/ISTT/AirflowTutorial/envlibs/lib/python3.10/site-packages/airflow/example_dags/example_external_task_marker_dag.py
[2023-06-22T15:13:57.959+0700] {processor.py:826} INFO - Processing file /Users/macbook/Documents/Documents_MacBook_Pro/ISTT/AirflowTutorial/envlibs/lib/python3.10/site-packages/airflow/example_dags/example_external_task_marker_dag.py for tasks to queue
[2023-06-22T15:13:57.959+0700] {logging_mixin.py:149} INFO - [2023-06-22T15:13:57.959+0700] {dagbag.py:541} INFO - Filling up the DagBag from /Users/macbook/Documents/Documents_MacBook_Pro/ISTT/AirflowTutorial/envlibs/lib/python3.10/site-packages/airflow/example_dags/example_external_task_marker_dag.py
[2023-06-22T15:13:57.987+0700] {processor.py:836} INFO - DAG(s) dict_keys(['example_external_task_marker_child', 'example_external_task_marker_parent']) retrieved from /Users/macbook/Documents/Documents_MacBook_Pro/ISTT/AirflowTutorial/envlibs/lib/python3.10/site-packages/airflow/example_dags/example_external_task_marker_dag.py
[2023-06-22T15:13:59.063+0700] {logging_mixin.py:149} INFO - [2023-06-22T15:13:59.063+0700] {dag.py:2726} INFO - Sync 2 DAGs
[2023-06-22T15:13:59.084+0700] {logging_mixin.py:149} INFO - [2023-06-22T15:13:59.084+0700] {dag.py:3486} INFO - Setting next_dagrun for example_external_task_marker_child to None, run_after=None
[2023-06-22T15:13:59.087+0700] {logging_mixin.py:149} INFO - [2023-06-22T15:13:59.086+0700] {dag.py:3486} INFO - Setting next_dagrun for example_external_task_marker_parent to None, run_after=None
[2023-06-22T15:13:59.107+0700] {processor.py:179} INFO - Processing /Users/macbook/Documents/Documents_MacBook_Pro/ISTT/AirflowTutorial/envlibs/lib/python3.10/site-packages/airflow/example_dags/example_external_task_marker_dag.py took 1.150 seconds
[2023-06-22T15:18:12.932+0700] {processor.py:157} INFO - Started process (PID=13654) to work on /Users/macbook/Documents/Documents_MacBook_Pro/ISTT/AirflowTutorial/envlibs/lib/python3.10/site-packages/airflow/example_dags/example_external_task_marker_dag.py
[2023-06-22T15:18:12.934+0700] {processor.py:826} INFO - Processing file /Users/macbook/Documents/Documents_MacBook_Pro/ISTT/AirflowTutorial/envlibs/lib/python3.10/site-packages/airflow/example_dags/example_external_task_marker_dag.py for tasks to queue
[2023-06-22T15:18:12.934+0700] {logging_mixin.py:149} INFO - [2023-06-22T15:18:12.934+0700] {dagbag.py:541} INFO - Filling up the DagBag from /Users/macbook/Documents/Documents_MacBook_Pro/ISTT/AirflowTutorial/envlibs/lib/python3.10/site-packages/airflow/example_dags/example_external_task_marker_dag.py
[2023-06-22T15:18:12.956+0700] {processor.py:836} INFO - DAG(s) dict_keys(['example_external_task_marker_child', 'example_external_task_marker_parent']) retrieved from /Users/macbook/Documents/Documents_MacBook_Pro/ISTT/AirflowTutorial/envlibs/lib/python3.10/site-packages/airflow/example_dags/example_external_task_marker_dag.py
[2023-06-22T15:18:13.703+0700] {logging_mixin.py:149} INFO - [2023-06-22T15:18:13.702+0700] {dag.py:2726} INFO - Sync 2 DAGs
[2023-06-22T15:18:13.721+0700] {logging_mixin.py:149} INFO - [2023-06-22T15:18:13.721+0700] {dag.py:3486} INFO - Setting next_dagrun for example_external_task_marker_child to None, run_after=None
[2023-06-22T15:18:13.724+0700] {logging_mixin.py:149} INFO - [2023-06-22T15:18:13.724+0700] {dag.py:3486} INFO - Setting next_dagrun for example_external_task_marker_parent to None, run_after=None
[2023-06-22T15:18:13.744+0700] {processor.py:179} INFO - Processing /Users/macbook/Documents/Documents_MacBook_Pro/ISTT/AirflowTutorial/envlibs/lib/python3.10/site-packages/airflow/example_dags/example_external_task_marker_dag.py took 0.812 seconds
[2023-06-22T15:22:13.949+0700] {processor.py:157} INFO - Started process (PID=13800) to work on /Users/macbook/Documents/Documents_MacBook_Pro/ISTT/AirflowTutorial/envlibs/lib/python3.10/site-packages/airflow/example_dags/example_external_task_marker_dag.py
[2023-06-22T15:22:13.950+0700] {processor.py:826} INFO - Processing file /Users/macbook/Documents/Documents_MacBook_Pro/ISTT/AirflowTutorial/envlibs/lib/python3.10/site-packages/airflow/example_dags/example_external_task_marker_dag.py for tasks to queue
[2023-06-22T15:22:13.951+0700] {logging_mixin.py:149} INFO - [2023-06-22T15:22:13.951+0700] {dagbag.py:541} INFO - Filling up the DagBag from /Users/macbook/Documents/Documents_MacBook_Pro/ISTT/AirflowTutorial/envlibs/lib/python3.10/site-packages/airflow/example_dags/example_external_task_marker_dag.py
[2023-06-22T15:22:13.977+0700] {processor.py:836} INFO - DAG(s) dict_keys(['example_external_task_marker_parent', 'example_external_task_marker_child']) retrieved from /Users/macbook/Documents/Documents_MacBook_Pro/ISTT/AirflowTutorial/envlibs/lib/python3.10/site-packages/airflow/example_dags/example_external_task_marker_dag.py
[2023-06-22T15:22:14.779+0700] {logging_mixin.py:149} INFO - [2023-06-22T15:22:14.779+0700] {dag.py:2726} INFO - Sync 2 DAGs
[2023-06-22T15:22:14.798+0700] {logging_mixin.py:149} INFO - [2023-06-22T15:22:14.798+0700] {dag.py:3486} INFO - Setting next_dagrun for example_external_task_marker_child to None, run_after=None
[2023-06-22T15:22:14.801+0700] {logging_mixin.py:149} INFO - [2023-06-22T15:22:14.801+0700] {dag.py:3486} INFO - Setting next_dagrun for example_external_task_marker_parent to None, run_after=None
[2023-06-22T15:22:14.877+0700] {processor.py:179} INFO - Processing /Users/macbook/Documents/Documents_MacBook_Pro/ISTT/AirflowTutorial/envlibs/lib/python3.10/site-packages/airflow/example_dags/example_external_task_marker_dag.py took 0.929 seconds
[2023-06-22T15:26:50.954+0700] {processor.py:157} INFO - Started process (PID=13925) to work on /Users/macbook/Documents/Documents_MacBook_Pro/ISTT/AirflowTutorial/envlibs/lib/python3.10/site-packages/airflow/example_dags/example_external_task_marker_dag.py
[2023-06-22T15:26:50.956+0700] {processor.py:826} INFO - Processing file /Users/macbook/Documents/Documents_MacBook_Pro/ISTT/AirflowTutorial/envlibs/lib/python3.10/site-packages/airflow/example_dags/example_external_task_marker_dag.py for tasks to queue
[2023-06-22T15:26:50.956+0700] {logging_mixin.py:149} INFO - [2023-06-22T15:26:50.956+0700] {dagbag.py:541} INFO - Filling up the DagBag from /Users/macbook/Documents/Documents_MacBook_Pro/ISTT/AirflowTutorial/envlibs/lib/python3.10/site-packages/airflow/example_dags/example_external_task_marker_dag.py
[2023-06-22T15:26:50.981+0700] {processor.py:836} INFO - DAG(s) dict_keys(['example_external_task_marker_parent', 'example_external_task_marker_child']) retrieved from /Users/macbook/Documents/Documents_MacBook_Pro/ISTT/AirflowTutorial/envlibs/lib/python3.10/site-packages/airflow/example_dags/example_external_task_marker_dag.py
[2023-06-22T15:26:51.858+0700] {logging_mixin.py:149} INFO - [2023-06-22T15:26:51.857+0700] {dag.py:2726} INFO - Sync 2 DAGs
[2023-06-22T15:26:51.875+0700] {logging_mixin.py:149} INFO - [2023-06-22T15:26:51.875+0700] {dag.py:3486} INFO - Setting next_dagrun for example_external_task_marker_child to None, run_after=None
[2023-06-22T15:26:51.878+0700] {logging_mixin.py:149} INFO - [2023-06-22T15:26:51.878+0700] {dag.py:3486} INFO - Setting next_dagrun for example_external_task_marker_parent to None, run_after=None
[2023-06-22T15:26:51.897+0700] {processor.py:179} INFO - Processing /Users/macbook/Documents/Documents_MacBook_Pro/ISTT/AirflowTutorial/envlibs/lib/python3.10/site-packages/airflow/example_dags/example_external_task_marker_dag.py took 0.944 seconds
[2023-06-22T15:31:03.001+0700] {processor.py:157} INFO - Started process (PID=14036) to work on /Users/macbook/Documents/Documents_MacBook_Pro/ISTT/AirflowTutorial/envlibs/lib/python3.10/site-packages/airflow/example_dags/example_external_task_marker_dag.py
[2023-06-22T15:31:03.002+0700] {processor.py:826} INFO - Processing file /Users/macbook/Documents/Documents_MacBook_Pro/ISTT/AirflowTutorial/envlibs/lib/python3.10/site-packages/airflow/example_dags/example_external_task_marker_dag.py for tasks to queue
[2023-06-22T15:31:03.003+0700] {logging_mixin.py:149} INFO - [2023-06-22T15:31:03.003+0700] {dagbag.py:541} INFO - Filling up the DagBag from /Users/macbook/Documents/Documents_MacBook_Pro/ISTT/AirflowTutorial/envlibs/lib/python3.10/site-packages/airflow/example_dags/example_external_task_marker_dag.py
[2023-06-22T15:31:03.026+0700] {processor.py:836} INFO - DAG(s) dict_keys(['example_external_task_marker_child', 'example_external_task_marker_parent']) retrieved from /Users/macbook/Documents/Documents_MacBook_Pro/ISTT/AirflowTutorial/envlibs/lib/python3.10/site-packages/airflow/example_dags/example_external_task_marker_dag.py
[2023-06-22T15:31:03.836+0700] {logging_mixin.py:149} INFO - [2023-06-22T15:31:03.836+0700] {dag.py:2726} INFO - Sync 2 DAGs
[2023-06-22T15:31:03.856+0700] {logging_mixin.py:149} INFO - [2023-06-22T15:31:03.856+0700] {dag.py:3486} INFO - Setting next_dagrun for example_external_task_marker_child to None, run_after=None
[2023-06-22T15:31:03.859+0700] {logging_mixin.py:149} INFO - [2023-06-22T15:31:03.859+0700] {dag.py:3486} INFO - Setting next_dagrun for example_external_task_marker_parent to None, run_after=None
[2023-06-22T15:31:03.875+0700] {processor.py:179} INFO - Processing /Users/macbook/Documents/Documents_MacBook_Pro/ISTT/AirflowTutorial/envlibs/lib/python3.10/site-packages/airflow/example_dags/example_external_task_marker_dag.py took 0.875 seconds
[2023-06-22T15:35:11.959+0700] {processor.py:157} INFO - Started process (PID=14163) to work on /Users/macbook/Documents/Documents_MacBook_Pro/ISTT/AirflowTutorial/envlibs/lib/python3.10/site-packages/airflow/example_dags/example_external_task_marker_dag.py
[2023-06-22T15:35:11.960+0700] {processor.py:826} INFO - Processing file /Users/macbook/Documents/Documents_MacBook_Pro/ISTT/AirflowTutorial/envlibs/lib/python3.10/site-packages/airflow/example_dags/example_external_task_marker_dag.py for tasks to queue
[2023-06-22T15:35:11.960+0700] {logging_mixin.py:149} INFO - [2023-06-22T15:35:11.960+0700] {dagbag.py:541} INFO - Filling up the DagBag from /Users/macbook/Documents/Documents_MacBook_Pro/ISTT/AirflowTutorial/envlibs/lib/python3.10/site-packages/airflow/example_dags/example_external_task_marker_dag.py
[2023-06-22T15:35:11.982+0700] {processor.py:836} INFO - DAG(s) dict_keys(['example_external_task_marker_child', 'example_external_task_marker_parent']) retrieved from /Users/macbook/Documents/Documents_MacBook_Pro/ISTT/AirflowTutorial/envlibs/lib/python3.10/site-packages/airflow/example_dags/example_external_task_marker_dag.py
[2023-06-22T15:35:12.786+0700] {logging_mixin.py:149} INFO - [2023-06-22T15:35:12.786+0700] {dag.py:2726} INFO - Sync 2 DAGs
[2023-06-22T15:35:12.803+0700] {logging_mixin.py:149} INFO - [2023-06-22T15:35:12.803+0700] {dag.py:3486} INFO - Setting next_dagrun for example_external_task_marker_child to None, run_after=None
[2023-06-22T15:35:12.805+0700] {logging_mixin.py:149} INFO - [2023-06-22T15:35:12.805+0700] {dag.py:3486} INFO - Setting next_dagrun for example_external_task_marker_parent to None, run_after=None
[2023-06-22T15:35:12.823+0700] {processor.py:179} INFO - Processing /Users/macbook/Documents/Documents_MacBook_Pro/ISTT/AirflowTutorial/envlibs/lib/python3.10/site-packages/airflow/example_dags/example_external_task_marker_dag.py took 0.865 seconds
[2023-06-22T15:39:31.930+0700] {processor.py:157} INFO - Started process (PID=14301) to work on /Users/macbook/Documents/Documents_MacBook_Pro/ISTT/AirflowTutorial/envlibs/lib/python3.10/site-packages/airflow/example_dags/example_external_task_marker_dag.py
[2023-06-22T15:39:31.931+0700] {processor.py:826} INFO - Processing file /Users/macbook/Documents/Documents_MacBook_Pro/ISTT/AirflowTutorial/envlibs/lib/python3.10/site-packages/airflow/example_dags/example_external_task_marker_dag.py for tasks to queue
[2023-06-22T15:39:31.932+0700] {logging_mixin.py:149} INFO - [2023-06-22T15:39:31.932+0700] {dagbag.py:541} INFO - Filling up the DagBag from /Users/macbook/Documents/Documents_MacBook_Pro/ISTT/AirflowTutorial/envlibs/lib/python3.10/site-packages/airflow/example_dags/example_external_task_marker_dag.py
[2023-06-22T15:39:31.954+0700] {processor.py:836} INFO - DAG(s) dict_keys(['example_external_task_marker_parent', 'example_external_task_marker_child']) retrieved from /Users/macbook/Documents/Documents_MacBook_Pro/ISTT/AirflowTutorial/envlibs/lib/python3.10/site-packages/airflow/example_dags/example_external_task_marker_dag.py
[2023-06-22T15:39:32.754+0700] {logging_mixin.py:149} INFO - [2023-06-22T15:39:32.754+0700] {dag.py:2726} INFO - Sync 2 DAGs
[2023-06-22T15:39:32.773+0700] {logging_mixin.py:149} INFO - [2023-06-22T15:39:32.773+0700] {dag.py:3486} INFO - Setting next_dagrun for example_external_task_marker_child to None, run_after=None
[2023-06-22T15:39:32.775+0700] {logging_mixin.py:149} INFO - [2023-06-22T15:39:32.775+0700] {dag.py:3486} INFO - Setting next_dagrun for example_external_task_marker_parent to None, run_after=None
[2023-06-22T15:39:32.799+0700] {processor.py:179} INFO - Processing /Users/macbook/Documents/Documents_MacBook_Pro/ISTT/AirflowTutorial/envlibs/lib/python3.10/site-packages/airflow/example_dags/example_external_task_marker_dag.py took 0.870 seconds
[2023-06-22T15:43:51.197+0700] {processor.py:157} INFO - Started process (PID=14438) to work on /Users/macbook/Documents/Documents_MacBook_Pro/ISTT/AirflowTutorial/envlibs/lib/python3.10/site-packages/airflow/example_dags/example_external_task_marker_dag.py
[2023-06-22T15:43:51.198+0700] {processor.py:826} INFO - Processing file /Users/macbook/Documents/Documents_MacBook_Pro/ISTT/AirflowTutorial/envlibs/lib/python3.10/site-packages/airflow/example_dags/example_external_task_marker_dag.py for tasks to queue
[2023-06-22T15:43:51.198+0700] {logging_mixin.py:149} INFO - [2023-06-22T15:43:51.198+0700] {dagbag.py:541} INFO - Filling up the DagBag from /Users/macbook/Documents/Documents_MacBook_Pro/ISTT/AirflowTutorial/envlibs/lib/python3.10/site-packages/airflow/example_dags/example_external_task_marker_dag.py
[2023-06-22T15:43:51.221+0700] {processor.py:836} INFO - DAG(s) dict_keys(['example_external_task_marker_parent', 'example_external_task_marker_child']) retrieved from /Users/macbook/Documents/Documents_MacBook_Pro/ISTT/AirflowTutorial/envlibs/lib/python3.10/site-packages/airflow/example_dags/example_external_task_marker_dag.py
[2023-06-22T15:43:52.120+0700] {logging_mixin.py:149} INFO - [2023-06-22T15:43:52.119+0700] {dag.py:2726} INFO - Sync 2 DAGs
[2023-06-22T15:43:52.137+0700] {logging_mixin.py:149} INFO - [2023-06-22T15:43:52.137+0700] {dag.py:3486} INFO - Setting next_dagrun for example_external_task_marker_child to None, run_after=None
[2023-06-22T15:43:52.141+0700] {logging_mixin.py:149} INFO - [2023-06-22T15:43:52.141+0700] {dag.py:3486} INFO - Setting next_dagrun for example_external_task_marker_parent to None, run_after=None
[2023-06-22T15:43:52.157+0700] {processor.py:179} INFO - Processing /Users/macbook/Documents/Documents_MacBook_Pro/ISTT/AirflowTutorial/envlibs/lib/python3.10/site-packages/airflow/example_dags/example_external_task_marker_dag.py took 0.961 seconds
[2023-06-22T15:48:12.497+0700] {processor.py:157} INFO - Started process (PID=14581) to work on /Users/macbook/Documents/Documents_MacBook_Pro/ISTT/AirflowTutorial/envlibs/lib/python3.10/site-packages/airflow/example_dags/example_external_task_marker_dag.py
[2023-06-22T15:48:12.498+0700] {processor.py:826} INFO - Processing file /Users/macbook/Documents/Documents_MacBook_Pro/ISTT/AirflowTutorial/envlibs/lib/python3.10/site-packages/airflow/example_dags/example_external_task_marker_dag.py for tasks to queue
[2023-06-22T15:48:12.498+0700] {logging_mixin.py:149} INFO - [2023-06-22T15:48:12.498+0700] {dagbag.py:541} INFO - Filling up the DagBag from /Users/macbook/Documents/Documents_MacBook_Pro/ISTT/AirflowTutorial/envlibs/lib/python3.10/site-packages/airflow/example_dags/example_external_task_marker_dag.py
[2023-06-22T15:48:12.523+0700] {processor.py:836} INFO - DAG(s) dict_keys(['example_external_task_marker_child', 'example_external_task_marker_parent']) retrieved from /Users/macbook/Documents/Documents_MacBook_Pro/ISTT/AirflowTutorial/envlibs/lib/python3.10/site-packages/airflow/example_dags/example_external_task_marker_dag.py
[2023-06-22T15:48:13.384+0700] {logging_mixin.py:149} INFO - [2023-06-22T15:48:13.383+0700] {dag.py:2726} INFO - Sync 2 DAGs
[2023-06-22T15:48:13.398+0700] {logging_mixin.py:149} INFO - [2023-06-22T15:48:13.398+0700] {dag.py:3486} INFO - Setting next_dagrun for example_external_task_marker_child to None, run_after=None
[2023-06-22T15:48:13.399+0700] {logging_mixin.py:149} INFO - [2023-06-22T15:48:13.399+0700] {dag.py:3486} INFO - Setting next_dagrun for example_external_task_marker_parent to None, run_after=None
[2023-06-22T15:48:13.416+0700] {processor.py:179} INFO - Processing /Users/macbook/Documents/Documents_MacBook_Pro/ISTT/AirflowTutorial/envlibs/lib/python3.10/site-packages/airflow/example_dags/example_external_task_marker_dag.py took 0.920 seconds
[2023-06-22T15:52:47.449+0700] {processor.py:157} INFO - Started process (PID=14721) to work on /Users/macbook/Documents/Documents_MacBook_Pro/ISTT/AirflowTutorial/envlibs/lib/python3.10/site-packages/airflow/example_dags/example_external_task_marker_dag.py
[2023-06-22T15:52:47.450+0700] {processor.py:826} INFO - Processing file /Users/macbook/Documents/Documents_MacBook_Pro/ISTT/AirflowTutorial/envlibs/lib/python3.10/site-packages/airflow/example_dags/example_external_task_marker_dag.py for tasks to queue
[2023-06-22T15:52:47.451+0700] {logging_mixin.py:149} INFO - [2023-06-22T15:52:47.451+0700] {dagbag.py:541} INFO - Filling up the DagBag from /Users/macbook/Documents/Documents_MacBook_Pro/ISTT/AirflowTutorial/envlibs/lib/python3.10/site-packages/airflow/example_dags/example_external_task_marker_dag.py
[2023-06-22T15:52:47.479+0700] {processor.py:836} INFO - DAG(s) dict_keys(['example_external_task_marker_parent', 'example_external_task_marker_child']) retrieved from /Users/macbook/Documents/Documents_MacBook_Pro/ISTT/AirflowTutorial/envlibs/lib/python3.10/site-packages/airflow/example_dags/example_external_task_marker_dag.py
[2023-06-22T15:52:48.357+0700] {logging_mixin.py:149} INFO - [2023-06-22T15:52:48.357+0700] {dag.py:2726} INFO - Sync 2 DAGs
[2023-06-22T15:52:48.372+0700] {logging_mixin.py:149} INFO - [2023-06-22T15:52:48.372+0700] {dag.py:3486} INFO - Setting next_dagrun for example_external_task_marker_child to None, run_after=None
[2023-06-22T15:52:48.374+0700] {logging_mixin.py:149} INFO - [2023-06-22T15:52:48.374+0700] {dag.py:3486} INFO - Setting next_dagrun for example_external_task_marker_parent to None, run_after=None
[2023-06-22T15:52:48.392+0700] {processor.py:179} INFO - Processing /Users/macbook/Documents/Documents_MacBook_Pro/ISTT/AirflowTutorial/envlibs/lib/python3.10/site-packages/airflow/example_dags/example_external_task_marker_dag.py took 0.944 seconds
[2023-06-22T15:57:19.949+0700] {processor.py:157} INFO - Started process (PID=14913) to work on /Users/macbook/Documents/Documents_MacBook_Pro/ISTT/AirflowTutorial/envlibs/lib/python3.10/site-packages/airflow/example_dags/example_external_task_marker_dag.py
[2023-06-22T15:57:19.951+0700] {processor.py:826} INFO - Processing file /Users/macbook/Documents/Documents_MacBook_Pro/ISTT/AirflowTutorial/envlibs/lib/python3.10/site-packages/airflow/example_dags/example_external_task_marker_dag.py for tasks to queue
[2023-06-22T15:57:19.952+0700] {logging_mixin.py:149} INFO - [2023-06-22T15:57:19.951+0700] {dagbag.py:541} INFO - Filling up the DagBag from /Users/macbook/Documents/Documents_MacBook_Pro/ISTT/AirflowTutorial/envlibs/lib/python3.10/site-packages/airflow/example_dags/example_external_task_marker_dag.py
[2023-06-22T15:57:19.983+0700] {processor.py:836} INFO - DAG(s) dict_keys(['example_external_task_marker_child', 'example_external_task_marker_parent']) retrieved from /Users/macbook/Documents/Documents_MacBook_Pro/ISTT/AirflowTutorial/envlibs/lib/python3.10/site-packages/airflow/example_dags/example_external_task_marker_dag.py
[2023-06-22T15:57:21.096+0700] {logging_mixin.py:149} INFO - [2023-06-22T15:57:21.096+0700] {dag.py:2726} INFO - Sync 2 DAGs
[2023-06-22T15:57:21.116+0700] {logging_mixin.py:149} INFO - [2023-06-22T15:57:21.116+0700] {dag.py:3486} INFO - Setting next_dagrun for example_external_task_marker_child to None, run_after=None
[2023-06-22T15:57:21.119+0700] {logging_mixin.py:149} INFO - [2023-06-22T15:57:21.119+0700] {dag.py:3486} INFO - Setting next_dagrun for example_external_task_marker_parent to None, run_after=None
[2023-06-22T15:57:21.143+0700] {processor.py:179} INFO - Processing /Users/macbook/Documents/Documents_MacBook_Pro/ISTT/AirflowTutorial/envlibs/lib/python3.10/site-packages/airflow/example_dags/example_external_task_marker_dag.py took 1.195 seconds
[2023-06-22T16:01:51.198+0700] {processor.py:157} INFO - Started process (PID=15028) to work on /Users/macbook/Documents/Documents_MacBook_Pro/ISTT/AirflowTutorial/envlibs/lib/python3.10/site-packages/airflow/example_dags/example_external_task_marker_dag.py
[2023-06-22T16:01:51.200+0700] {processor.py:826} INFO - Processing file /Users/macbook/Documents/Documents_MacBook_Pro/ISTT/AirflowTutorial/envlibs/lib/python3.10/site-packages/airflow/example_dags/example_external_task_marker_dag.py for tasks to queue
[2023-06-22T16:01:51.201+0700] {logging_mixin.py:149} INFO - [2023-06-22T16:01:51.201+0700] {dagbag.py:541} INFO - Filling up the DagBag from /Users/macbook/Documents/Documents_MacBook_Pro/ISTT/AirflowTutorial/envlibs/lib/python3.10/site-packages/airflow/example_dags/example_external_task_marker_dag.py
[2023-06-22T16:01:51.226+0700] {processor.py:836} INFO - DAG(s) dict_keys(['example_external_task_marker_parent', 'example_external_task_marker_child']) retrieved from /Users/macbook/Documents/Documents_MacBook_Pro/ISTT/AirflowTutorial/envlibs/lib/python3.10/site-packages/airflow/example_dags/example_external_task_marker_dag.py
[2023-06-22T16:01:52.114+0700] {logging_mixin.py:149} INFO - [2023-06-22T16:01:52.114+0700] {dag.py:2726} INFO - Sync 2 DAGs
[2023-06-22T16:01:52.135+0700] {logging_mixin.py:149} INFO - [2023-06-22T16:01:52.134+0700] {dag.py:3486} INFO - Setting next_dagrun for example_external_task_marker_child to None, run_after=None
[2023-06-22T16:01:52.138+0700] {logging_mixin.py:149} INFO - [2023-06-22T16:01:52.138+0700] {dag.py:3486} INFO - Setting next_dagrun for example_external_task_marker_parent to None, run_after=None
[2023-06-22T16:01:52.161+0700] {processor.py:179} INFO - Processing /Users/macbook/Documents/Documents_MacBook_Pro/ISTT/AirflowTutorial/envlibs/lib/python3.10/site-packages/airflow/example_dags/example_external_task_marker_dag.py took 0.964 seconds
[2023-06-22T16:06:11.056+0700] {processor.py:157} INFO - Started process (PID=15148) to work on /Users/macbook/Documents/Documents_MacBook_Pro/ISTT/AirflowTutorial/envlibs/lib/python3.10/site-packages/airflow/example_dags/example_external_task_marker_dag.py
[2023-06-22T16:06:11.058+0700] {processor.py:826} INFO - Processing file /Users/macbook/Documents/Documents_MacBook_Pro/ISTT/AirflowTutorial/envlibs/lib/python3.10/site-packages/airflow/example_dags/example_external_task_marker_dag.py for tasks to queue
[2023-06-22T16:06:11.059+0700] {logging_mixin.py:149} INFO - [2023-06-22T16:06:11.059+0700] {dagbag.py:541} INFO - Filling up the DagBag from /Users/macbook/Documents/Documents_MacBook_Pro/ISTT/AirflowTutorial/envlibs/lib/python3.10/site-packages/airflow/example_dags/example_external_task_marker_dag.py
[2023-06-22T16:06:11.084+0700] {processor.py:836} INFO - DAG(s) dict_keys(['example_external_task_marker_child', 'example_external_task_marker_parent']) retrieved from /Users/macbook/Documents/Documents_MacBook_Pro/ISTT/AirflowTutorial/envlibs/lib/python3.10/site-packages/airflow/example_dags/example_external_task_marker_dag.py
[2023-06-22T16:06:12.004+0700] {logging_mixin.py:149} INFO - [2023-06-22T16:06:12.004+0700] {dag.py:2726} INFO - Sync 2 DAGs
[2023-06-22T16:06:12.022+0700] {logging_mixin.py:149} INFO - [2023-06-22T16:06:12.021+0700] {dag.py:3486} INFO - Setting next_dagrun for example_external_task_marker_child to None, run_after=None
[2023-06-22T16:06:12.024+0700] {logging_mixin.py:149} INFO - [2023-06-22T16:06:12.023+0700] {dag.py:3486} INFO - Setting next_dagrun for example_external_task_marker_parent to None, run_after=None
[2023-06-22T16:06:12.044+0700] {processor.py:179} INFO - Processing /Users/macbook/Documents/Documents_MacBook_Pro/ISTT/AirflowTutorial/envlibs/lib/python3.10/site-packages/airflow/example_dags/example_external_task_marker_dag.py took 0.989 seconds
[2023-06-22T16:10:28.119+0700] {processor.py:157} INFO - Started process (PID=15270) to work on /Users/macbook/Documents/Documents_MacBook_Pro/ISTT/AirflowTutorial/envlibs/lib/python3.10/site-packages/airflow/example_dags/example_external_task_marker_dag.py
[2023-06-22T16:10:28.120+0700] {processor.py:826} INFO - Processing file /Users/macbook/Documents/Documents_MacBook_Pro/ISTT/AirflowTutorial/envlibs/lib/python3.10/site-packages/airflow/example_dags/example_external_task_marker_dag.py for tasks to queue
[2023-06-22T16:10:28.120+0700] {logging_mixin.py:149} INFO - [2023-06-22T16:10:28.120+0700] {dagbag.py:541} INFO - Filling up the DagBag from /Users/macbook/Documents/Documents_MacBook_Pro/ISTT/AirflowTutorial/envlibs/lib/python3.10/site-packages/airflow/example_dags/example_external_task_marker_dag.py
[2023-06-22T16:10:28.142+0700] {processor.py:836} INFO - DAG(s) dict_keys(['example_external_task_marker_parent', 'example_external_task_marker_child']) retrieved from /Users/macbook/Documents/Documents_MacBook_Pro/ISTT/AirflowTutorial/envlibs/lib/python3.10/site-packages/airflow/example_dags/example_external_task_marker_dag.py
[2023-06-22T16:10:28.884+0700] {logging_mixin.py:149} INFO - [2023-06-22T16:10:28.884+0700] {dag.py:2726} INFO - Sync 2 DAGs
[2023-06-22T16:10:28.901+0700] {logging_mixin.py:149} INFO - [2023-06-22T16:10:28.901+0700] {dag.py:3486} INFO - Setting next_dagrun for example_external_task_marker_child to None, run_after=None
[2023-06-22T16:10:28.904+0700] {logging_mixin.py:149} INFO - [2023-06-22T16:10:28.904+0700] {dag.py:3486} INFO - Setting next_dagrun for example_external_task_marker_parent to None, run_after=None
[2023-06-22T16:10:28.922+0700] {processor.py:179} INFO - Processing /Users/macbook/Documents/Documents_MacBook_Pro/ISTT/AirflowTutorial/envlibs/lib/python3.10/site-packages/airflow/example_dags/example_external_task_marker_dag.py took 0.804 seconds
[2023-06-22T16:14:18.636+0700] {processor.py:157} INFO - Started process (PID=15378) to work on /Users/macbook/Documents/Documents_MacBook_Pro/ISTT/AirflowTutorial/envlibs/lib/python3.10/site-packages/airflow/example_dags/example_external_task_marker_dag.py
[2023-06-22T16:14:18.637+0700] {processor.py:826} INFO - Processing file /Users/macbook/Documents/Documents_MacBook_Pro/ISTT/AirflowTutorial/envlibs/lib/python3.10/site-packages/airflow/example_dags/example_external_task_marker_dag.py for tasks to queue
[2023-06-22T16:14:18.638+0700] {logging_mixin.py:149} INFO - [2023-06-22T16:14:18.638+0700] {dagbag.py:541} INFO - Filling up the DagBag from /Users/macbook/Documents/Documents_MacBook_Pro/ISTT/AirflowTutorial/envlibs/lib/python3.10/site-packages/airflow/example_dags/example_external_task_marker_dag.py
[2023-06-22T16:14:18.663+0700] {processor.py:836} INFO - DAG(s) dict_keys(['example_external_task_marker_child', 'example_external_task_marker_parent']) retrieved from /Users/macbook/Documents/Documents_MacBook_Pro/ISTT/AirflowTutorial/envlibs/lib/python3.10/site-packages/airflow/example_dags/example_external_task_marker_dag.py
[2023-06-22T16:14:19.581+0700] {logging_mixin.py:149} INFO - [2023-06-22T16:14:19.581+0700] {dag.py:2726} INFO - Sync 2 DAGs
[2023-06-22T16:14:19.600+0700] {logging_mixin.py:149} INFO - [2023-06-22T16:14:19.600+0700] {dag.py:3486} INFO - Setting next_dagrun for example_external_task_marker_child to None, run_after=None
[2023-06-22T16:14:19.603+0700] {logging_mixin.py:149} INFO - [2023-06-22T16:14:19.602+0700] {dag.py:3486} INFO - Setting next_dagrun for example_external_task_marker_parent to None, run_after=None
[2023-06-22T16:14:19.621+0700] {processor.py:179} INFO - Processing /Users/macbook/Documents/Documents_MacBook_Pro/ISTT/AirflowTutorial/envlibs/lib/python3.10/site-packages/airflow/example_dags/example_external_task_marker_dag.py took 0.986 seconds
[2023-06-22T16:18:38.302+0700] {processor.py:157} INFO - Started process (PID=15534) to work on /Users/macbook/Documents/Documents_MacBook_Pro/ISTT/AirflowTutorial/envlibs/lib/python3.10/site-packages/airflow/example_dags/example_external_task_marker_dag.py
[2023-06-22T16:18:38.306+0700] {processor.py:826} INFO - Processing file /Users/macbook/Documents/Documents_MacBook_Pro/ISTT/AirflowTutorial/envlibs/lib/python3.10/site-packages/airflow/example_dags/example_external_task_marker_dag.py for tasks to queue
[2023-06-22T16:18:38.307+0700] {logging_mixin.py:149} INFO - [2023-06-22T16:18:38.306+0700] {dagbag.py:541} INFO - Filling up the DagBag from /Users/macbook/Documents/Documents_MacBook_Pro/ISTT/AirflowTutorial/envlibs/lib/python3.10/site-packages/airflow/example_dags/example_external_task_marker_dag.py
[2023-06-22T16:18:38.350+0700] {processor.py:836} INFO - DAG(s) dict_keys(['example_external_task_marker_parent', 'example_external_task_marker_child']) retrieved from /Users/macbook/Documents/Documents_MacBook_Pro/ISTT/AirflowTutorial/envlibs/lib/python3.10/site-packages/airflow/example_dags/example_external_task_marker_dag.py
[2023-06-22T16:18:39.382+0700] {logging_mixin.py:149} INFO - [2023-06-22T16:18:39.381+0700] {dag.py:2726} INFO - Sync 2 DAGs
[2023-06-22T16:18:39.398+0700] {logging_mixin.py:149} INFO - [2023-06-22T16:18:39.398+0700] {dag.py:3486} INFO - Setting next_dagrun for example_external_task_marker_child to None, run_after=None
[2023-06-22T16:18:39.400+0700] {logging_mixin.py:149} INFO - [2023-06-22T16:18:39.400+0700] {dag.py:3486} INFO - Setting next_dagrun for example_external_task_marker_parent to None, run_after=None
[2023-06-22T16:18:39.420+0700] {processor.py:179} INFO - Processing /Users/macbook/Documents/Documents_MacBook_Pro/ISTT/AirflowTutorial/envlibs/lib/python3.10/site-packages/airflow/example_dags/example_external_task_marker_dag.py took 1.118 seconds
[2023-06-22T16:22:55.455+0700] {processor.py:157} INFO - Started process (PID=15651) to work on /Users/macbook/Documents/Documents_MacBook_Pro/ISTT/AirflowTutorial/envlibs/lib/python3.10/site-packages/airflow/example_dags/example_external_task_marker_dag.py
[2023-06-22T16:22:55.456+0700] {processor.py:826} INFO - Processing file /Users/macbook/Documents/Documents_MacBook_Pro/ISTT/AirflowTutorial/envlibs/lib/python3.10/site-packages/airflow/example_dags/example_external_task_marker_dag.py for tasks to queue
[2023-06-22T16:22:55.457+0700] {logging_mixin.py:149} INFO - [2023-06-22T16:22:55.457+0700] {dagbag.py:541} INFO - Filling up the DagBag from /Users/macbook/Documents/Documents_MacBook_Pro/ISTT/AirflowTutorial/envlibs/lib/python3.10/site-packages/airflow/example_dags/example_external_task_marker_dag.py
[2023-06-22T16:22:55.477+0700] {processor.py:836} INFO - DAG(s) dict_keys(['example_external_task_marker_child', 'example_external_task_marker_parent']) retrieved from /Users/macbook/Documents/Documents_MacBook_Pro/ISTT/AirflowTutorial/envlibs/lib/python3.10/site-packages/airflow/example_dags/example_external_task_marker_dag.py
[2023-06-22T16:22:56.290+0700] {logging_mixin.py:149} INFO - [2023-06-22T16:22:56.289+0700] {dag.py:2726} INFO - Sync 2 DAGs
[2023-06-22T16:22:56.306+0700] {logging_mixin.py:149} INFO - [2023-06-22T16:22:56.306+0700] {dag.py:3486} INFO - Setting next_dagrun for example_external_task_marker_child to None, run_after=None
[2023-06-22T16:22:56.309+0700] {logging_mixin.py:149} INFO - [2023-06-22T16:22:56.308+0700] {dag.py:3486} INFO - Setting next_dagrun for example_external_task_marker_parent to None, run_after=None
[2023-06-22T16:22:56.325+0700] {processor.py:179} INFO - Processing /Users/macbook/Documents/Documents_MacBook_Pro/ISTT/AirflowTutorial/envlibs/lib/python3.10/site-packages/airflow/example_dags/example_external_task_marker_dag.py took 0.871 seconds
