[2023-06-22T14:28:36.832+0700] {processor.py:157} INFO - Started process (PID=11899) to work on /Users/macbook/Documents/Documents_MacBook_Pro/ISTT/AirflowTutorial/envlibs/lib/python3.10/site-packages/airflow/example_dags/example_dynamic_task_mapping.py
[2023-06-22T14:28:36.833+0700] {processor.py:826} INFO - Processing file /Users/macbook/Documents/Documents_MacBook_Pro/ISTT/AirflowTutorial/envlibs/lib/python3.10/site-packages/airflow/example_dags/example_dynamic_task_mapping.py for tasks to queue
[2023-06-22T14:28:36.833+0700] {logging_mixin.py:149} INFO - [2023-06-22T14:28:36.833+0700] {dagbag.py:541} INFO - Filling up the DagBag from /Users/macbook/Documents/Documents_MacBook_Pro/ISTT/AirflowTutorial/envlibs/lib/python3.10/site-packages/airflow/example_dags/example_dynamic_task_mapping.py
[2023-06-22T14:28:36.892+0700] {processor.py:836} INFO - DAG(s) dict_keys(['example_dynamic_task_mapping']) retrieved from /Users/macbook/Documents/Documents_MacBook_Pro/ISTT/AirflowTutorial/envlibs/lib/python3.10/site-packages/airflow/example_dags/example_dynamic_task_mapping.py
[2023-06-22T14:28:37.736+0700] {logging_mixin.py:149} INFO - [2023-06-22T14:28:37.736+0700] {dag.py:2726} INFO - Sync 1 DAGs
[2023-06-22T14:28:37.752+0700] {logging_mixin.py:149} INFO - [2023-06-22T14:28:37.752+0700] {dag.py:3486} INFO - Setting next_dagrun for example_dynamic_task_mapping to 2022-03-04T00:00:00+00:00, run_after=2022-03-05T00:00:00+00:00
[2023-06-22T14:28:37.769+0700] {processor.py:179} INFO - Processing /Users/macbook/Documents/Documents_MacBook_Pro/ISTT/AirflowTutorial/envlibs/lib/python3.10/site-packages/airflow/example_dags/example_dynamic_task_mapping.py took 0.937 seconds
[2023-06-22T14:31:09.766+0700] {processor.py:157} INFO - Started process (PID=11980) to work on /Users/macbook/Documents/Documents_MacBook_Pro/ISTT/AirflowTutorial/envlibs/lib/python3.10/site-packages/airflow/example_dags/example_dynamic_task_mapping.py
[2023-06-22T14:31:09.768+0700] {processor.py:826} INFO - Processing file /Users/macbook/Documents/Documents_MacBook_Pro/ISTT/AirflowTutorial/envlibs/lib/python3.10/site-packages/airflow/example_dags/example_dynamic_task_mapping.py for tasks to queue
[2023-06-22T14:31:09.768+0700] {logging_mixin.py:149} INFO - [2023-06-22T14:31:09.768+0700] {dagbag.py:541} INFO - Filling up the DagBag from /Users/macbook/Documents/Documents_MacBook_Pro/ISTT/AirflowTutorial/envlibs/lib/python3.10/site-packages/airflow/example_dags/example_dynamic_task_mapping.py
[2023-06-22T14:31:09.849+0700] {processor.py:836} INFO - DAG(s) dict_keys(['example_dynamic_task_mapping']) retrieved from /Users/macbook/Documents/Documents_MacBook_Pro/ISTT/AirflowTutorial/envlibs/lib/python3.10/site-packages/airflow/example_dags/example_dynamic_task_mapping.py
[2023-06-22T14:31:10.977+0700] {logging_mixin.py:149} INFO - [2023-06-22T14:31:10.977+0700] {dag.py:2726} INFO - Sync 1 DAGs
[2023-06-22T14:31:10.998+0700] {logging_mixin.py:149} INFO - [2023-06-22T14:31:10.997+0700] {dag.py:3486} INFO - Setting next_dagrun for example_dynamic_task_mapping to 2022-03-04T00:00:00+00:00, run_after=2022-03-05T00:00:00+00:00
[2023-06-22T14:31:11.020+0700] {processor.py:179} INFO - Processing /Users/macbook/Documents/Documents_MacBook_Pro/ISTT/AirflowTutorial/envlibs/lib/python3.10/site-packages/airflow/example_dags/example_dynamic_task_mapping.py took 1.254 seconds
[2023-06-22T14:36:07.893+0700] {processor.py:157} INFO - Started process (PID=12250) to work on /Users/macbook/Documents/Documents_MacBook_Pro/ISTT/AirflowTutorial/envlibs/lib/python3.10/site-packages/airflow/example_dags/example_dynamic_task_mapping.py
[2023-06-22T14:36:07.895+0700] {processor.py:826} INFO - Processing file /Users/macbook/Documents/Documents_MacBook_Pro/ISTT/AirflowTutorial/envlibs/lib/python3.10/site-packages/airflow/example_dags/example_dynamic_task_mapping.py for tasks to queue
[2023-06-22T14:36:07.896+0700] {logging_mixin.py:149} INFO - [2023-06-22T14:36:07.896+0700] {dagbag.py:541} INFO - Filling up the DagBag from /Users/macbook/Documents/Documents_MacBook_Pro/ISTT/AirflowTutorial/envlibs/lib/python3.10/site-packages/airflow/example_dags/example_dynamic_task_mapping.py
[2023-06-22T14:36:07.982+0700] {processor.py:836} INFO - DAG(s) dict_keys(['example_dynamic_task_mapping']) retrieved from /Users/macbook/Documents/Documents_MacBook_Pro/ISTT/AirflowTutorial/envlibs/lib/python3.10/site-packages/airflow/example_dags/example_dynamic_task_mapping.py
[2023-06-22T14:36:09.127+0700] {logging_mixin.py:149} INFO - [2023-06-22T14:36:09.126+0700] {dag.py:2726} INFO - Sync 1 DAGs
[2023-06-22T14:36:09.145+0700] {logging_mixin.py:149} INFO - [2023-06-22T14:36:09.145+0700] {dag.py:3486} INFO - Setting next_dagrun for example_dynamic_task_mapping to 2022-03-04T00:00:00+00:00, run_after=2022-03-05T00:00:00+00:00
[2023-06-22T14:36:09.167+0700] {processor.py:179} INFO - Processing /Users/macbook/Documents/Documents_MacBook_Pro/ISTT/AirflowTutorial/envlibs/lib/python3.10/site-packages/airflow/example_dags/example_dynamic_task_mapping.py took 1.276 seconds
[2023-06-22T14:41:09.433+0700] {processor.py:157} INFO - Started process (PID=12492) to work on /Users/macbook/Documents/Documents_MacBook_Pro/ISTT/AirflowTutorial/envlibs/lib/python3.10/site-packages/airflow/example_dags/example_dynamic_task_mapping.py
[2023-06-22T14:41:09.434+0700] {processor.py:826} INFO - Processing file /Users/macbook/Documents/Documents_MacBook_Pro/ISTT/AirflowTutorial/envlibs/lib/python3.10/site-packages/airflow/example_dags/example_dynamic_task_mapping.py for tasks to queue
[2023-06-22T14:41:09.435+0700] {logging_mixin.py:149} INFO - [2023-06-22T14:41:09.435+0700] {dagbag.py:541} INFO - Filling up the DagBag from /Users/macbook/Documents/Documents_MacBook_Pro/ISTT/AirflowTutorial/envlibs/lib/python3.10/site-packages/airflow/example_dags/example_dynamic_task_mapping.py
[2023-06-22T14:41:09.488+0700] {processor.py:836} INFO - DAG(s) dict_keys(['example_dynamic_task_mapping']) retrieved from /Users/macbook/Documents/Documents_MacBook_Pro/ISTT/AirflowTutorial/envlibs/lib/python3.10/site-packages/airflow/example_dags/example_dynamic_task_mapping.py
[2023-06-22T14:41:10.444+0700] {logging_mixin.py:149} INFO - [2023-06-22T14:41:10.444+0700] {dag.py:2726} INFO - Sync 1 DAGs
[2023-06-22T14:41:10.453+0700] {logging_mixin.py:149} INFO - [2023-06-22T14:41:10.453+0700] {dag.py:2747} INFO - Creating ORM DAG for example_dynamic_task_mapping
[2023-06-22T14:41:10.462+0700] {logging_mixin.py:149} INFO - [2023-06-22T14:41:10.462+0700] {dag.py:3486} INFO - Setting next_dagrun for example_dynamic_task_mapping to 2022-03-04T00:00:00+00:00, run_after=2022-03-05T00:00:00+00:00
[2023-06-22T14:41:10.481+0700] {processor.py:179} INFO - Processing /Users/macbook/Documents/Documents_MacBook_Pro/ISTT/AirflowTutorial/envlibs/lib/python3.10/site-packages/airflow/example_dags/example_dynamic_task_mapping.py took 1.048 seconds
[2023-06-22T14:45:23.110+0700] {processor.py:157} INFO - Started process (PID=12605) to work on /Users/macbook/Documents/Documents_MacBook_Pro/ISTT/AirflowTutorial/envlibs/lib/python3.10/site-packages/airflow/example_dags/example_dynamic_task_mapping.py
[2023-06-22T14:45:23.111+0700] {processor.py:826} INFO - Processing file /Users/macbook/Documents/Documents_MacBook_Pro/ISTT/AirflowTutorial/envlibs/lib/python3.10/site-packages/airflow/example_dags/example_dynamic_task_mapping.py for tasks to queue
[2023-06-22T14:45:23.112+0700] {logging_mixin.py:149} INFO - [2023-06-22T14:45:23.112+0700] {dagbag.py:541} INFO - Filling up the DagBag from /Users/macbook/Documents/Documents_MacBook_Pro/ISTT/AirflowTutorial/envlibs/lib/python3.10/site-packages/airflow/example_dags/example_dynamic_task_mapping.py
[2023-06-22T14:45:23.168+0700] {processor.py:836} INFO - DAG(s) dict_keys(['example_dynamic_task_mapping']) retrieved from /Users/macbook/Documents/Documents_MacBook_Pro/ISTT/AirflowTutorial/envlibs/lib/python3.10/site-packages/airflow/example_dags/example_dynamic_task_mapping.py
[2023-06-22T14:45:24.072+0700] {logging_mixin.py:149} INFO - [2023-06-22T14:45:24.072+0700] {dag.py:2726} INFO - Sync 1 DAGs
[2023-06-22T14:45:24.088+0700] {logging_mixin.py:149} INFO - [2023-06-22T14:45:24.088+0700] {dag.py:3486} INFO - Setting next_dagrun for example_dynamic_task_mapping to 2022-03-04T00:00:00+00:00, run_after=2022-03-05T00:00:00+00:00
[2023-06-22T14:45:24.105+0700] {processor.py:179} INFO - Processing /Users/macbook/Documents/Documents_MacBook_Pro/ISTT/AirflowTutorial/envlibs/lib/python3.10/site-packages/airflow/example_dags/example_dynamic_task_mapping.py took 0.996 seconds
[2023-06-22T14:49:36.630+0700] {processor.py:157} INFO - Started process (PID=12727) to work on /Users/macbook/Documents/Documents_MacBook_Pro/ISTT/AirflowTutorial/envlibs/lib/python3.10/site-packages/airflow/example_dags/example_dynamic_task_mapping.py
[2023-06-22T14:49:36.632+0700] {processor.py:826} INFO - Processing file /Users/macbook/Documents/Documents_MacBook_Pro/ISTT/AirflowTutorial/envlibs/lib/python3.10/site-packages/airflow/example_dags/example_dynamic_task_mapping.py for tasks to queue
[2023-06-22T14:49:36.633+0700] {logging_mixin.py:149} INFO - [2023-06-22T14:49:36.633+0700] {dagbag.py:541} INFO - Filling up the DagBag from /Users/macbook/Documents/Documents_MacBook_Pro/ISTT/AirflowTutorial/envlibs/lib/python3.10/site-packages/airflow/example_dags/example_dynamic_task_mapping.py
[2023-06-22T14:49:36.693+0700] {processor.py:836} INFO - DAG(s) dict_keys(['example_dynamic_task_mapping']) retrieved from /Users/macbook/Documents/Documents_MacBook_Pro/ISTT/AirflowTutorial/envlibs/lib/python3.10/site-packages/airflow/example_dags/example_dynamic_task_mapping.py
[2023-06-22T14:49:37.431+0700] {logging_mixin.py:149} INFO - [2023-06-22T14:49:37.431+0700] {dag.py:2726} INFO - Sync 1 DAGs
[2023-06-22T14:49:37.447+0700] {logging_mixin.py:149} INFO - [2023-06-22T14:49:37.447+0700] {dag.py:3486} INFO - Setting next_dagrun for example_dynamic_task_mapping to 2022-03-04T00:00:00+00:00, run_after=2022-03-05T00:00:00+00:00
[2023-06-22T14:49:37.465+0700] {processor.py:179} INFO - Processing /Users/macbook/Documents/Documents_MacBook_Pro/ISTT/AirflowTutorial/envlibs/lib/python3.10/site-packages/airflow/example_dags/example_dynamic_task_mapping.py took 0.836 seconds
[2023-06-22T14:53:37.423+0700] {processor.py:157} INFO - Started process (PID=12837) to work on /Users/macbook/Documents/Documents_MacBook_Pro/ISTT/AirflowTutorial/envlibs/lib/python3.10/site-packages/airflow/example_dags/example_dynamic_task_mapping.py
[2023-06-22T14:53:37.425+0700] {processor.py:826} INFO - Processing file /Users/macbook/Documents/Documents_MacBook_Pro/ISTT/AirflowTutorial/envlibs/lib/python3.10/site-packages/airflow/example_dags/example_dynamic_task_mapping.py for tasks to queue
[2023-06-22T14:53:37.425+0700] {logging_mixin.py:149} INFO - [2023-06-22T14:53:37.425+0700] {dagbag.py:541} INFO - Filling up the DagBag from /Users/macbook/Documents/Documents_MacBook_Pro/ISTT/AirflowTutorial/envlibs/lib/python3.10/site-packages/airflow/example_dags/example_dynamic_task_mapping.py
[2023-06-22T14:53:37.479+0700] {processor.py:836} INFO - DAG(s) dict_keys(['example_dynamic_task_mapping']) retrieved from /Users/macbook/Documents/Documents_MacBook_Pro/ISTT/AirflowTutorial/envlibs/lib/python3.10/site-packages/airflow/example_dags/example_dynamic_task_mapping.py
[2023-06-22T14:53:38.302+0700] {logging_mixin.py:149} INFO - [2023-06-22T14:53:38.301+0700] {dag.py:2726} INFO - Sync 1 DAGs
[2023-06-22T14:53:38.320+0700] {logging_mixin.py:149} INFO - [2023-06-22T14:53:38.320+0700] {dag.py:3486} INFO - Setting next_dagrun for example_dynamic_task_mapping to 2022-03-04T00:00:00+00:00, run_after=2022-03-05T00:00:00+00:00
[2023-06-22T14:53:38.338+0700] {processor.py:179} INFO - Processing /Users/macbook/Documents/Documents_MacBook_Pro/ISTT/AirflowTutorial/envlibs/lib/python3.10/site-packages/airflow/example_dags/example_dynamic_task_mapping.py took 0.915 seconds
[2023-06-22T14:57:30.724+0700] {processor.py:157} INFO - Started process (PID=12943) to work on /Users/macbook/Documents/Documents_MacBook_Pro/ISTT/AirflowTutorial/envlibs/lib/python3.10/site-packages/airflow/example_dags/example_dynamic_task_mapping.py
[2023-06-22T14:57:30.725+0700] {processor.py:826} INFO - Processing file /Users/macbook/Documents/Documents_MacBook_Pro/ISTT/AirflowTutorial/envlibs/lib/python3.10/site-packages/airflow/example_dags/example_dynamic_task_mapping.py for tasks to queue
[2023-06-22T14:57:30.726+0700] {logging_mixin.py:149} INFO - [2023-06-22T14:57:30.725+0700] {dagbag.py:541} INFO - Filling up the DagBag from /Users/macbook/Documents/Documents_MacBook_Pro/ISTT/AirflowTutorial/envlibs/lib/python3.10/site-packages/airflow/example_dags/example_dynamic_task_mapping.py
[2023-06-22T14:57:30.787+0700] {processor.py:836} INFO - DAG(s) dict_keys(['example_dynamic_task_mapping']) retrieved from /Users/macbook/Documents/Documents_MacBook_Pro/ISTT/AirflowTutorial/envlibs/lib/python3.10/site-packages/airflow/example_dags/example_dynamic_task_mapping.py
[2023-06-22T14:57:31.598+0700] {logging_mixin.py:149} INFO - [2023-06-22T14:57:31.598+0700] {dag.py:2726} INFO - Sync 1 DAGs
[2023-06-22T14:57:31.614+0700] {logging_mixin.py:149} INFO - [2023-06-22T14:57:31.614+0700] {dag.py:3486} INFO - Setting next_dagrun for example_dynamic_task_mapping to 2022-03-04T00:00:00+00:00, run_after=2022-03-05T00:00:00+00:00
[2023-06-22T14:57:31.635+0700] {processor.py:179} INFO - Processing /Users/macbook/Documents/Documents_MacBook_Pro/ISTT/AirflowTutorial/envlibs/lib/python3.10/site-packages/airflow/example_dags/example_dynamic_task_mapping.py took 0.912 seconds
[2023-06-22T15:01:38.697+0700] {processor.py:157} INFO - Started process (PID=13051) to work on /Users/macbook/Documents/Documents_MacBook_Pro/ISTT/AirflowTutorial/envlibs/lib/python3.10/site-packages/airflow/example_dags/example_dynamic_task_mapping.py
[2023-06-22T15:01:38.699+0700] {processor.py:826} INFO - Processing file /Users/macbook/Documents/Documents_MacBook_Pro/ISTT/AirflowTutorial/envlibs/lib/python3.10/site-packages/airflow/example_dags/example_dynamic_task_mapping.py for tasks to queue
[2023-06-22T15:01:38.699+0700] {logging_mixin.py:149} INFO - [2023-06-22T15:01:38.699+0700] {dagbag.py:541} INFO - Filling up the DagBag from /Users/macbook/Documents/Documents_MacBook_Pro/ISTT/AirflowTutorial/envlibs/lib/python3.10/site-packages/airflow/example_dags/example_dynamic_task_mapping.py
[2023-06-22T15:01:38.760+0700] {processor.py:836} INFO - DAG(s) dict_keys(['example_dynamic_task_mapping']) retrieved from /Users/macbook/Documents/Documents_MacBook_Pro/ISTT/AirflowTutorial/envlibs/lib/python3.10/site-packages/airflow/example_dags/example_dynamic_task_mapping.py
[2023-06-22T15:01:39.562+0700] {logging_mixin.py:149} INFO - [2023-06-22T15:01:39.561+0700] {dag.py:2726} INFO - Sync 1 DAGs
[2023-06-22T15:01:39.577+0700] {logging_mixin.py:149} INFO - [2023-06-22T15:01:39.577+0700] {dag.py:3486} INFO - Setting next_dagrun for example_dynamic_task_mapping to 2022-03-04T00:00:00+00:00, run_after=2022-03-05T00:00:00+00:00
[2023-06-22T15:01:39.603+0700] {processor.py:179} INFO - Processing /Users/macbook/Documents/Documents_MacBook_Pro/ISTT/AirflowTutorial/envlibs/lib/python3.10/site-packages/airflow/example_dags/example_dynamic_task_mapping.py took 0.906 seconds
[2023-06-22T15:05:44.378+0700] {processor.py:157} INFO - Started process (PID=13194) to work on /Users/macbook/Documents/Documents_MacBook_Pro/ISTT/AirflowTutorial/envlibs/lib/python3.10/site-packages/airflow/example_dags/example_dynamic_task_mapping.py
[2023-06-22T15:05:44.379+0700] {processor.py:826} INFO - Processing file /Users/macbook/Documents/Documents_MacBook_Pro/ISTT/AirflowTutorial/envlibs/lib/python3.10/site-packages/airflow/example_dags/example_dynamic_task_mapping.py for tasks to queue
[2023-06-22T15:05:44.380+0700] {logging_mixin.py:149} INFO - [2023-06-22T15:05:44.380+0700] {dagbag.py:541} INFO - Filling up the DagBag from /Users/macbook/Documents/Documents_MacBook_Pro/ISTT/AirflowTutorial/envlibs/lib/python3.10/site-packages/airflow/example_dags/example_dynamic_task_mapping.py
[2023-06-22T15:05:44.450+0700] {processor.py:836} INFO - DAG(s) dict_keys(['example_dynamic_task_mapping']) retrieved from /Users/macbook/Documents/Documents_MacBook_Pro/ISTT/AirflowTutorial/envlibs/lib/python3.10/site-packages/airflow/example_dags/example_dynamic_task_mapping.py
[2023-06-22T15:05:45.375+0700] {logging_mixin.py:149} INFO - [2023-06-22T15:05:45.375+0700] {dag.py:2726} INFO - Sync 1 DAGs
[2023-06-22T15:05:45.393+0700] {logging_mixin.py:149} INFO - [2023-06-22T15:05:45.393+0700] {dag.py:3486} INFO - Setting next_dagrun for example_dynamic_task_mapping to 2022-03-04T00:00:00+00:00, run_after=2022-03-05T00:00:00+00:00
[2023-06-22T15:05:45.411+0700] {processor.py:179} INFO - Processing /Users/macbook/Documents/Documents_MacBook_Pro/ISTT/AirflowTutorial/envlibs/lib/python3.10/site-packages/airflow/example_dags/example_dynamic_task_mapping.py took 1.034 seconds
[2023-06-22T15:09:53.683+0700] {processor.py:157} INFO - Started process (PID=13348) to work on /Users/macbook/Documents/Documents_MacBook_Pro/ISTT/AirflowTutorial/envlibs/lib/python3.10/site-packages/airflow/example_dags/example_dynamic_task_mapping.py
[2023-06-22T15:09:53.684+0700] {processor.py:826} INFO - Processing file /Users/macbook/Documents/Documents_MacBook_Pro/ISTT/AirflowTutorial/envlibs/lib/python3.10/site-packages/airflow/example_dags/example_dynamic_task_mapping.py for tasks to queue
[2023-06-22T15:09:53.685+0700] {logging_mixin.py:149} INFO - [2023-06-22T15:09:53.685+0700] {dagbag.py:541} INFO - Filling up the DagBag from /Users/macbook/Documents/Documents_MacBook_Pro/ISTT/AirflowTutorial/envlibs/lib/python3.10/site-packages/airflow/example_dags/example_dynamic_task_mapping.py
[2023-06-22T15:09:53.741+0700] {processor.py:836} INFO - DAG(s) dict_keys(['example_dynamic_task_mapping']) retrieved from /Users/macbook/Documents/Documents_MacBook_Pro/ISTT/AirflowTutorial/envlibs/lib/python3.10/site-packages/airflow/example_dags/example_dynamic_task_mapping.py
[2023-06-22T15:09:54.571+0700] {logging_mixin.py:149} INFO - [2023-06-22T15:09:54.571+0700] {dag.py:2726} INFO - Sync 1 DAGs
[2023-06-22T15:09:54.587+0700] {logging_mixin.py:149} INFO - [2023-06-22T15:09:54.587+0700] {dag.py:3486} INFO - Setting next_dagrun for example_dynamic_task_mapping to 2022-03-04T00:00:00+00:00, run_after=2022-03-05T00:00:00+00:00
[2023-06-22T15:09:54.606+0700] {processor.py:179} INFO - Processing /Users/macbook/Documents/Documents_MacBook_Pro/ISTT/AirflowTutorial/envlibs/lib/python3.10/site-packages/airflow/example_dags/example_dynamic_task_mapping.py took 0.924 seconds
[2023-06-22T15:14:05.325+0700] {processor.py:157} INFO - Started process (PID=13501) to work on /Users/macbook/Documents/Documents_MacBook_Pro/ISTT/AirflowTutorial/envlibs/lib/python3.10/site-packages/airflow/example_dags/example_dynamic_task_mapping.py
[2023-06-22T15:14:05.327+0700] {processor.py:826} INFO - Processing file /Users/macbook/Documents/Documents_MacBook_Pro/ISTT/AirflowTutorial/envlibs/lib/python3.10/site-packages/airflow/example_dags/example_dynamic_task_mapping.py for tasks to queue
[2023-06-22T15:14:05.328+0700] {logging_mixin.py:149} INFO - [2023-06-22T15:14:05.328+0700] {dagbag.py:541} INFO - Filling up the DagBag from /Users/macbook/Documents/Documents_MacBook_Pro/ISTT/AirflowTutorial/envlibs/lib/python3.10/site-packages/airflow/example_dags/example_dynamic_task_mapping.py
[2023-06-22T15:14:05.390+0700] {processor.py:836} INFO - DAG(s) dict_keys(['example_dynamic_task_mapping']) retrieved from /Users/macbook/Documents/Documents_MacBook_Pro/ISTT/AirflowTutorial/envlibs/lib/python3.10/site-packages/airflow/example_dags/example_dynamic_task_mapping.py
[2023-06-22T15:14:06.223+0700] {logging_mixin.py:149} INFO - [2023-06-22T15:14:06.222+0700] {dag.py:2726} INFO - Sync 1 DAGs
[2023-06-22T15:14:06.244+0700] {logging_mixin.py:149} INFO - [2023-06-22T15:14:06.244+0700] {dag.py:3486} INFO - Setting next_dagrun for example_dynamic_task_mapping to 2022-03-04T00:00:00+00:00, run_after=2022-03-05T00:00:00+00:00
[2023-06-22T15:14:06.266+0700] {processor.py:179} INFO - Processing /Users/macbook/Documents/Documents_MacBook_Pro/ISTT/AirflowTutorial/envlibs/lib/python3.10/site-packages/airflow/example_dags/example_dynamic_task_mapping.py took 0.942 seconds
[2023-06-22T15:18:19.188+0700] {processor.py:157} INFO - Started process (PID=13657) to work on /Users/macbook/Documents/Documents_MacBook_Pro/ISTT/AirflowTutorial/envlibs/lib/python3.10/site-packages/airflow/example_dags/example_dynamic_task_mapping.py
[2023-06-22T15:18:19.190+0700] {processor.py:826} INFO - Processing file /Users/macbook/Documents/Documents_MacBook_Pro/ISTT/AirflowTutorial/envlibs/lib/python3.10/site-packages/airflow/example_dags/example_dynamic_task_mapping.py for tasks to queue
[2023-06-22T15:18:19.191+0700] {logging_mixin.py:149} INFO - [2023-06-22T15:18:19.191+0700] {dagbag.py:541} INFO - Filling up the DagBag from /Users/macbook/Documents/Documents_MacBook_Pro/ISTT/AirflowTutorial/envlibs/lib/python3.10/site-packages/airflow/example_dags/example_dynamic_task_mapping.py
[2023-06-22T15:18:19.239+0700] {processor.py:836} INFO - DAG(s) dict_keys(['example_dynamic_task_mapping']) retrieved from /Users/macbook/Documents/Documents_MacBook_Pro/ISTT/AirflowTutorial/envlibs/lib/python3.10/site-packages/airflow/example_dags/example_dynamic_task_mapping.py
[2023-06-22T15:18:19.929+0700] {logging_mixin.py:149} INFO - [2023-06-22T15:18:19.929+0700] {dag.py:2726} INFO - Sync 1 DAGs
[2023-06-22T15:18:19.943+0700] {logging_mixin.py:149} INFO - [2023-06-22T15:18:19.943+0700] {dag.py:3486} INFO - Setting next_dagrun for example_dynamic_task_mapping to 2022-03-04T00:00:00+00:00, run_after=2022-03-05T00:00:00+00:00
[2023-06-22T15:18:19.960+0700] {processor.py:179} INFO - Processing /Users/macbook/Documents/Documents_MacBook_Pro/ISTT/AirflowTutorial/envlibs/lib/python3.10/site-packages/airflow/example_dags/example_dynamic_task_mapping.py took 0.773 seconds
[2023-06-22T15:22:20.726+0700] {processor.py:157} INFO - Started process (PID=13802) to work on /Users/macbook/Documents/Documents_MacBook_Pro/ISTT/AirflowTutorial/envlibs/lib/python3.10/site-packages/airflow/example_dags/example_dynamic_task_mapping.py
[2023-06-22T15:22:20.727+0700] {processor.py:826} INFO - Processing file /Users/macbook/Documents/Documents_MacBook_Pro/ISTT/AirflowTutorial/envlibs/lib/python3.10/site-packages/airflow/example_dags/example_dynamic_task_mapping.py for tasks to queue
[2023-06-22T15:22:20.727+0700] {logging_mixin.py:149} INFO - [2023-06-22T15:22:20.727+0700] {dagbag.py:541} INFO - Filling up the DagBag from /Users/macbook/Documents/Documents_MacBook_Pro/ISTT/AirflowTutorial/envlibs/lib/python3.10/site-packages/airflow/example_dags/example_dynamic_task_mapping.py
[2023-06-22T15:22:20.781+0700] {processor.py:836} INFO - DAG(s) dict_keys(['example_dynamic_task_mapping']) retrieved from /Users/macbook/Documents/Documents_MacBook_Pro/ISTT/AirflowTutorial/envlibs/lib/python3.10/site-packages/airflow/example_dags/example_dynamic_task_mapping.py
[2023-06-22T15:22:21.610+0700] {logging_mixin.py:149} INFO - [2023-06-22T15:22:21.610+0700] {dag.py:2726} INFO - Sync 1 DAGs
[2023-06-22T15:22:21.626+0700] {logging_mixin.py:149} INFO - [2023-06-22T15:22:21.626+0700] {dag.py:3486} INFO - Setting next_dagrun for example_dynamic_task_mapping to 2022-03-04T00:00:00+00:00, run_after=2022-03-05T00:00:00+00:00
[2023-06-22T15:22:21.644+0700] {processor.py:179} INFO - Processing /Users/macbook/Documents/Documents_MacBook_Pro/ISTT/AirflowTutorial/envlibs/lib/python3.10/site-packages/airflow/example_dags/example_dynamic_task_mapping.py took 0.919 seconds
[2023-06-22T15:26:57.870+0700] {processor.py:157} INFO - Started process (PID=13930) to work on /Users/macbook/Documents/Documents_MacBook_Pro/ISTT/AirflowTutorial/envlibs/lib/python3.10/site-packages/airflow/example_dags/example_dynamic_task_mapping.py
[2023-06-22T15:26:57.872+0700] {processor.py:826} INFO - Processing file /Users/macbook/Documents/Documents_MacBook_Pro/ISTT/AirflowTutorial/envlibs/lib/python3.10/site-packages/airflow/example_dags/example_dynamic_task_mapping.py for tasks to queue
[2023-06-22T15:26:57.873+0700] {logging_mixin.py:149} INFO - [2023-06-22T15:26:57.873+0700] {dagbag.py:541} INFO - Filling up the DagBag from /Users/macbook/Documents/Documents_MacBook_Pro/ISTT/AirflowTutorial/envlibs/lib/python3.10/site-packages/airflow/example_dags/example_dynamic_task_mapping.py
[2023-06-22T15:26:57.932+0700] {processor.py:836} INFO - DAG(s) dict_keys(['example_dynamic_task_mapping']) retrieved from /Users/macbook/Documents/Documents_MacBook_Pro/ISTT/AirflowTutorial/envlibs/lib/python3.10/site-packages/airflow/example_dags/example_dynamic_task_mapping.py
[2023-06-22T15:26:58.739+0700] {logging_mixin.py:149} INFO - [2023-06-22T15:26:58.739+0700] {dag.py:2726} INFO - Sync 1 DAGs
[2023-06-22T15:26:58.756+0700] {logging_mixin.py:149} INFO - [2023-06-22T15:26:58.756+0700] {dag.py:3486} INFO - Setting next_dagrun for example_dynamic_task_mapping to 2022-03-04T00:00:00+00:00, run_after=2022-03-05T00:00:00+00:00
[2023-06-22T15:26:58.773+0700] {processor.py:179} INFO - Processing /Users/macbook/Documents/Documents_MacBook_Pro/ISTT/AirflowTutorial/envlibs/lib/python3.10/site-packages/airflow/example_dags/example_dynamic_task_mapping.py took 0.903 seconds
[2023-06-22T15:31:09.677+0700] {processor.py:157} INFO - Started process (PID=14039) to work on /Users/macbook/Documents/Documents_MacBook_Pro/ISTT/AirflowTutorial/envlibs/lib/python3.10/site-packages/airflow/example_dags/example_dynamic_task_mapping.py
[2023-06-22T15:31:09.679+0700] {processor.py:826} INFO - Processing file /Users/macbook/Documents/Documents_MacBook_Pro/ISTT/AirflowTutorial/envlibs/lib/python3.10/site-packages/airflow/example_dags/example_dynamic_task_mapping.py for tasks to queue
[2023-06-22T15:31:09.679+0700] {logging_mixin.py:149} INFO - [2023-06-22T15:31:09.679+0700] {dagbag.py:541} INFO - Filling up the DagBag from /Users/macbook/Documents/Documents_MacBook_Pro/ISTT/AirflowTutorial/envlibs/lib/python3.10/site-packages/airflow/example_dags/example_dynamic_task_mapping.py
[2023-06-22T15:31:09.734+0700] {processor.py:836} INFO - DAG(s) dict_keys(['example_dynamic_task_mapping']) retrieved from /Users/macbook/Documents/Documents_MacBook_Pro/ISTT/AirflowTutorial/envlibs/lib/python3.10/site-packages/airflow/example_dags/example_dynamic_task_mapping.py
[2023-06-22T15:31:10.572+0700] {logging_mixin.py:149} INFO - [2023-06-22T15:31:10.572+0700] {dag.py:2726} INFO - Sync 1 DAGs
[2023-06-22T15:31:10.588+0700] {logging_mixin.py:149} INFO - [2023-06-22T15:31:10.588+0700] {dag.py:3486} INFO - Setting next_dagrun for example_dynamic_task_mapping to 2022-03-04T00:00:00+00:00, run_after=2022-03-05T00:00:00+00:00
[2023-06-22T15:31:10.607+0700] {processor.py:179} INFO - Processing /Users/macbook/Documents/Documents_MacBook_Pro/ISTT/AirflowTutorial/envlibs/lib/python3.10/site-packages/airflow/example_dags/example_dynamic_task_mapping.py took 0.931 seconds
[2023-06-22T15:35:18.368+0700] {processor.py:157} INFO - Started process (PID=14166) to work on /Users/macbook/Documents/Documents_MacBook_Pro/ISTT/AirflowTutorial/envlibs/lib/python3.10/site-packages/airflow/example_dags/example_dynamic_task_mapping.py
[2023-06-22T15:35:18.370+0700] {processor.py:826} INFO - Processing file /Users/macbook/Documents/Documents_MacBook_Pro/ISTT/AirflowTutorial/envlibs/lib/python3.10/site-packages/airflow/example_dags/example_dynamic_task_mapping.py for tasks to queue
[2023-06-22T15:35:18.370+0700] {logging_mixin.py:149} INFO - [2023-06-22T15:35:18.370+0700] {dagbag.py:541} INFO - Filling up the DagBag from /Users/macbook/Documents/Documents_MacBook_Pro/ISTT/AirflowTutorial/envlibs/lib/python3.10/site-packages/airflow/example_dags/example_dynamic_task_mapping.py
[2023-06-22T15:35:18.425+0700] {processor.py:836} INFO - DAG(s) dict_keys(['example_dynamic_task_mapping']) retrieved from /Users/macbook/Documents/Documents_MacBook_Pro/ISTT/AirflowTutorial/envlibs/lib/python3.10/site-packages/airflow/example_dags/example_dynamic_task_mapping.py
[2023-06-22T15:35:19.234+0700] {logging_mixin.py:149} INFO - [2023-06-22T15:35:19.234+0700] {dag.py:2726} INFO - Sync 1 DAGs
[2023-06-22T15:35:19.249+0700] {logging_mixin.py:149} INFO - [2023-06-22T15:35:19.249+0700] {dag.py:3486} INFO - Setting next_dagrun for example_dynamic_task_mapping to 2022-03-04T00:00:00+00:00, run_after=2022-03-05T00:00:00+00:00
[2023-06-22T15:35:19.266+0700] {processor.py:179} INFO - Processing /Users/macbook/Documents/Documents_MacBook_Pro/ISTT/AirflowTutorial/envlibs/lib/python3.10/site-packages/airflow/example_dags/example_dynamic_task_mapping.py took 0.899 seconds
[2023-06-22T15:39:38.691+0700] {processor.py:157} INFO - Started process (PID=14304) to work on /Users/macbook/Documents/Documents_MacBook_Pro/ISTT/AirflowTutorial/envlibs/lib/python3.10/site-packages/airflow/example_dags/example_dynamic_task_mapping.py
[2023-06-22T15:39:38.693+0700] {processor.py:826} INFO - Processing file /Users/macbook/Documents/Documents_MacBook_Pro/ISTT/AirflowTutorial/envlibs/lib/python3.10/site-packages/airflow/example_dags/example_dynamic_task_mapping.py for tasks to queue
[2023-06-22T15:39:38.694+0700] {logging_mixin.py:149} INFO - [2023-06-22T15:39:38.693+0700] {dagbag.py:541} INFO - Filling up the DagBag from /Users/macbook/Documents/Documents_MacBook_Pro/ISTT/AirflowTutorial/envlibs/lib/python3.10/site-packages/airflow/example_dags/example_dynamic_task_mapping.py
[2023-06-22T15:39:38.746+0700] {processor.py:836} INFO - DAG(s) dict_keys(['example_dynamic_task_mapping']) retrieved from /Users/macbook/Documents/Documents_MacBook_Pro/ISTT/AirflowTutorial/envlibs/lib/python3.10/site-packages/airflow/example_dags/example_dynamic_task_mapping.py
[2023-06-22T15:39:39.569+0700] {logging_mixin.py:149} INFO - [2023-06-22T15:39:39.569+0700] {dag.py:2726} INFO - Sync 1 DAGs
[2023-06-22T15:39:39.586+0700] {logging_mixin.py:149} INFO - [2023-06-22T15:39:39.586+0700] {dag.py:3486} INFO - Setting next_dagrun for example_dynamic_task_mapping to 2022-03-04T00:00:00+00:00, run_after=2022-03-05T00:00:00+00:00
[2023-06-22T15:39:39.606+0700] {processor.py:179} INFO - Processing /Users/macbook/Documents/Documents_MacBook_Pro/ISTT/AirflowTutorial/envlibs/lib/python3.10/site-packages/airflow/example_dags/example_dynamic_task_mapping.py took 0.916 seconds
[2023-06-22T15:43:57.932+0700] {processor.py:157} INFO - Started process (PID=14441) to work on /Users/macbook/Documents/Documents_MacBook_Pro/ISTT/AirflowTutorial/envlibs/lib/python3.10/site-packages/airflow/example_dags/example_dynamic_task_mapping.py
[2023-06-22T15:43:57.934+0700] {processor.py:826} INFO - Processing file /Users/macbook/Documents/Documents_MacBook_Pro/ISTT/AirflowTutorial/envlibs/lib/python3.10/site-packages/airflow/example_dags/example_dynamic_task_mapping.py for tasks to queue
[2023-06-22T15:43:57.934+0700] {logging_mixin.py:149} INFO - [2023-06-22T15:43:57.934+0700] {dagbag.py:541} INFO - Filling up the DagBag from /Users/macbook/Documents/Documents_MacBook_Pro/ISTT/AirflowTutorial/envlibs/lib/python3.10/site-packages/airflow/example_dags/example_dynamic_task_mapping.py
[2023-06-22T15:43:58.008+0700] {processor.py:836} INFO - DAG(s) dict_keys(['example_dynamic_task_mapping']) retrieved from /Users/macbook/Documents/Documents_MacBook_Pro/ISTT/AirflowTutorial/envlibs/lib/python3.10/site-packages/airflow/example_dags/example_dynamic_task_mapping.py
[2023-06-22T15:43:58.981+0700] {logging_mixin.py:149} INFO - [2023-06-22T15:43:58.981+0700] {dag.py:2726} INFO - Sync 1 DAGs
[2023-06-22T15:43:59.021+0700] {logging_mixin.py:149} INFO - [2023-06-22T15:43:59.021+0700] {dag.py:3486} INFO - Setting next_dagrun for example_dynamic_task_mapping to 2022-03-04T00:00:00+00:00, run_after=2022-03-05T00:00:00+00:00
[2023-06-22T15:43:59.052+0700] {processor.py:179} INFO - Processing /Users/macbook/Documents/Documents_MacBook_Pro/ISTT/AirflowTutorial/envlibs/lib/python3.10/site-packages/airflow/example_dags/example_dynamic_task_mapping.py took 1.121 seconds
[2023-06-22T15:48:18.082+0700] {processor.py:157} INFO - Started process (PID=14584) to work on /Users/macbook/Documents/Documents_MacBook_Pro/ISTT/AirflowTutorial/envlibs/lib/python3.10/site-packages/airflow/example_dags/example_dynamic_task_mapping.py
[2023-06-22T15:48:18.083+0700] {processor.py:826} INFO - Processing file /Users/macbook/Documents/Documents_MacBook_Pro/ISTT/AirflowTutorial/envlibs/lib/python3.10/site-packages/airflow/example_dags/example_dynamic_task_mapping.py for tasks to queue
[2023-06-22T15:48:18.084+0700] {logging_mixin.py:149} INFO - [2023-06-22T15:48:18.084+0700] {dagbag.py:541} INFO - Filling up the DagBag from /Users/macbook/Documents/Documents_MacBook_Pro/ISTT/AirflowTutorial/envlibs/lib/python3.10/site-packages/airflow/example_dags/example_dynamic_task_mapping.py
[2023-06-22T15:48:18.147+0700] {processor.py:836} INFO - DAG(s) dict_keys(['example_dynamic_task_mapping']) retrieved from /Users/macbook/Documents/Documents_MacBook_Pro/ISTT/AirflowTutorial/envlibs/lib/python3.10/site-packages/airflow/example_dags/example_dynamic_task_mapping.py
[2023-06-22T15:48:19.052+0700] {logging_mixin.py:149} INFO - [2023-06-22T15:48:19.052+0700] {dag.py:2726} INFO - Sync 1 DAGs
[2023-06-22T15:48:19.070+0700] {logging_mixin.py:149} INFO - [2023-06-22T15:48:19.070+0700] {dag.py:3486} INFO - Setting next_dagrun for example_dynamic_task_mapping to 2022-03-04T00:00:00+00:00, run_after=2022-03-05T00:00:00+00:00
[2023-06-22T15:48:19.088+0700] {processor.py:179} INFO - Processing /Users/macbook/Documents/Documents_MacBook_Pro/ISTT/AirflowTutorial/envlibs/lib/python3.10/site-packages/airflow/example_dags/example_dynamic_task_mapping.py took 1.007 seconds
[2023-06-22T15:52:54.555+0700] {processor.py:157} INFO - Started process (PID=14723) to work on /Users/macbook/Documents/Documents_MacBook_Pro/ISTT/AirflowTutorial/envlibs/lib/python3.10/site-packages/airflow/example_dags/example_dynamic_task_mapping.py
[2023-06-22T15:52:54.556+0700] {processor.py:826} INFO - Processing file /Users/macbook/Documents/Documents_MacBook_Pro/ISTT/AirflowTutorial/envlibs/lib/python3.10/site-packages/airflow/example_dags/example_dynamic_task_mapping.py for tasks to queue
[2023-06-22T15:52:54.557+0700] {logging_mixin.py:149} INFO - [2023-06-22T15:52:54.556+0700] {dagbag.py:541} INFO - Filling up the DagBag from /Users/macbook/Documents/Documents_MacBook_Pro/ISTT/AirflowTutorial/envlibs/lib/python3.10/site-packages/airflow/example_dags/example_dynamic_task_mapping.py
[2023-06-22T15:52:54.631+0700] {processor.py:836} INFO - DAG(s) dict_keys(['example_dynamic_task_mapping']) retrieved from /Users/macbook/Documents/Documents_MacBook_Pro/ISTT/AirflowTutorial/envlibs/lib/python3.10/site-packages/airflow/example_dags/example_dynamic_task_mapping.py
[2023-06-22T15:52:55.651+0700] {logging_mixin.py:149} INFO - [2023-06-22T15:52:55.650+0700] {dag.py:2726} INFO - Sync 1 DAGs
[2023-06-22T15:52:55.682+0700] {logging_mixin.py:149} INFO - [2023-06-22T15:52:55.682+0700] {dag.py:3486} INFO - Setting next_dagrun for example_dynamic_task_mapping to 2022-03-04T00:00:00+00:00, run_after=2022-03-05T00:00:00+00:00
[2023-06-22T15:52:55.710+0700] {processor.py:179} INFO - Processing /Users/macbook/Documents/Documents_MacBook_Pro/ISTT/AirflowTutorial/envlibs/lib/python3.10/site-packages/airflow/example_dags/example_dynamic_task_mapping.py took 1.156 seconds
[2023-06-22T15:57:27.426+0700] {processor.py:157} INFO - Started process (PID=14916) to work on /Users/macbook/Documents/Documents_MacBook_Pro/ISTT/AirflowTutorial/envlibs/lib/python3.10/site-packages/airflow/example_dags/example_dynamic_task_mapping.py
[2023-06-22T15:57:27.427+0700] {processor.py:826} INFO - Processing file /Users/macbook/Documents/Documents_MacBook_Pro/ISTT/AirflowTutorial/envlibs/lib/python3.10/site-packages/airflow/example_dags/example_dynamic_task_mapping.py for tasks to queue
[2023-06-22T15:57:27.428+0700] {logging_mixin.py:149} INFO - [2023-06-22T15:57:27.428+0700] {dagbag.py:541} INFO - Filling up the DagBag from /Users/macbook/Documents/Documents_MacBook_Pro/ISTT/AirflowTutorial/envlibs/lib/python3.10/site-packages/airflow/example_dags/example_dynamic_task_mapping.py
[2023-06-22T15:57:27.512+0700] {processor.py:836} INFO - DAG(s) dict_keys(['example_dynamic_task_mapping']) retrieved from /Users/macbook/Documents/Documents_MacBook_Pro/ISTT/AirflowTutorial/envlibs/lib/python3.10/site-packages/airflow/example_dags/example_dynamic_task_mapping.py
[2023-06-22T15:57:28.389+0700] {logging_mixin.py:149} INFO - [2023-06-22T15:57:28.389+0700] {dag.py:2726} INFO - Sync 1 DAGs
[2023-06-22T15:57:28.408+0700] {logging_mixin.py:149} INFO - [2023-06-22T15:57:28.408+0700] {dag.py:3486} INFO - Setting next_dagrun for example_dynamic_task_mapping to 2022-03-04T00:00:00+00:00, run_after=2022-03-05T00:00:00+00:00
[2023-06-22T15:57:28.435+0700] {processor.py:179} INFO - Processing /Users/macbook/Documents/Documents_MacBook_Pro/ISTT/AirflowTutorial/envlibs/lib/python3.10/site-packages/airflow/example_dags/example_dynamic_task_mapping.py took 1.011 seconds
[2023-06-22T16:01:58.778+0700] {processor.py:157} INFO - Started process (PID=15031) to work on /Users/macbook/Documents/Documents_MacBook_Pro/ISTT/AirflowTutorial/envlibs/lib/python3.10/site-packages/airflow/example_dags/example_dynamic_task_mapping.py
[2023-06-22T16:01:58.780+0700] {processor.py:826} INFO - Processing file /Users/macbook/Documents/Documents_MacBook_Pro/ISTT/AirflowTutorial/envlibs/lib/python3.10/site-packages/airflow/example_dags/example_dynamic_task_mapping.py for tasks to queue
[2023-06-22T16:01:58.781+0700] {logging_mixin.py:149} INFO - [2023-06-22T16:01:58.781+0700] {dagbag.py:541} INFO - Filling up the DagBag from /Users/macbook/Documents/Documents_MacBook_Pro/ISTT/AirflowTutorial/envlibs/lib/python3.10/site-packages/airflow/example_dags/example_dynamic_task_mapping.py
[2023-06-22T16:01:58.844+0700] {processor.py:836} INFO - DAG(s) dict_keys(['example_dynamic_task_mapping']) retrieved from /Users/macbook/Documents/Documents_MacBook_Pro/ISTT/AirflowTutorial/envlibs/lib/python3.10/site-packages/airflow/example_dags/example_dynamic_task_mapping.py
[2023-06-22T16:01:59.731+0700] {logging_mixin.py:149} INFO - [2023-06-22T16:01:59.731+0700] {dag.py:2726} INFO - Sync 1 DAGs
[2023-06-22T16:01:59.749+0700] {logging_mixin.py:149} INFO - [2023-06-22T16:01:59.748+0700] {dag.py:3486} INFO - Setting next_dagrun for example_dynamic_task_mapping to 2022-03-04T00:00:00+00:00, run_after=2022-03-05T00:00:00+00:00
[2023-06-22T16:01:59.770+0700] {processor.py:179} INFO - Processing /Users/macbook/Documents/Documents_MacBook_Pro/ISTT/AirflowTutorial/envlibs/lib/python3.10/site-packages/airflow/example_dags/example_dynamic_task_mapping.py took 0.993 seconds
[2023-06-22T16:06:18.464+0700] {processor.py:157} INFO - Started process (PID=15153) to work on /Users/macbook/Documents/Documents_MacBook_Pro/ISTT/AirflowTutorial/envlibs/lib/python3.10/site-packages/airflow/example_dags/example_dynamic_task_mapping.py
[2023-06-22T16:06:18.465+0700] {processor.py:826} INFO - Processing file /Users/macbook/Documents/Documents_MacBook_Pro/ISTT/AirflowTutorial/envlibs/lib/python3.10/site-packages/airflow/example_dags/example_dynamic_task_mapping.py for tasks to queue
[2023-06-22T16:06:18.466+0700] {logging_mixin.py:149} INFO - [2023-06-22T16:06:18.466+0700] {dagbag.py:541} INFO - Filling up the DagBag from /Users/macbook/Documents/Documents_MacBook_Pro/ISTT/AirflowTutorial/envlibs/lib/python3.10/site-packages/airflow/example_dags/example_dynamic_task_mapping.py
[2023-06-22T16:06:18.524+0700] {processor.py:836} INFO - DAG(s) dict_keys(['example_dynamic_task_mapping']) retrieved from /Users/macbook/Documents/Documents_MacBook_Pro/ISTT/AirflowTutorial/envlibs/lib/python3.10/site-packages/airflow/example_dags/example_dynamic_task_mapping.py
[2023-06-22T16:06:19.389+0700] {logging_mixin.py:149} INFO - [2023-06-22T16:06:19.388+0700] {dag.py:2726} INFO - Sync 1 DAGs
[2023-06-22T16:06:19.405+0700] {logging_mixin.py:149} INFO - [2023-06-22T16:06:19.405+0700] {dag.py:3486} INFO - Setting next_dagrun for example_dynamic_task_mapping to 2022-03-04T00:00:00+00:00, run_after=2022-03-05T00:00:00+00:00
[2023-06-22T16:06:19.427+0700] {processor.py:179} INFO - Processing /Users/macbook/Documents/Documents_MacBook_Pro/ISTT/AirflowTutorial/envlibs/lib/python3.10/site-packages/airflow/example_dags/example_dynamic_task_mapping.py took 0.964 seconds
[2023-06-22T16:10:33.815+0700] {processor.py:157} INFO - Started process (PID=15273) to work on /Users/macbook/Documents/Documents_MacBook_Pro/ISTT/AirflowTutorial/envlibs/lib/python3.10/site-packages/airflow/example_dags/example_dynamic_task_mapping.py
[2023-06-22T16:10:33.816+0700] {processor.py:826} INFO - Processing file /Users/macbook/Documents/Documents_MacBook_Pro/ISTT/AirflowTutorial/envlibs/lib/python3.10/site-packages/airflow/example_dags/example_dynamic_task_mapping.py for tasks to queue
[2023-06-22T16:10:33.817+0700] {logging_mixin.py:149} INFO - [2023-06-22T16:10:33.816+0700] {dagbag.py:541} INFO - Filling up the DagBag from /Users/macbook/Documents/Documents_MacBook_Pro/ISTT/AirflowTutorial/envlibs/lib/python3.10/site-packages/airflow/example_dags/example_dynamic_task_mapping.py
[2023-06-22T16:10:33.867+0700] {processor.py:836} INFO - DAG(s) dict_keys(['example_dynamic_task_mapping']) retrieved from /Users/macbook/Documents/Documents_MacBook_Pro/ISTT/AirflowTutorial/envlibs/lib/python3.10/site-packages/airflow/example_dags/example_dynamic_task_mapping.py
[2023-06-22T16:10:34.581+0700] {logging_mixin.py:149} INFO - [2023-06-22T16:10:34.580+0700] {dag.py:2726} INFO - Sync 1 DAGs
[2023-06-22T16:10:34.596+0700] {logging_mixin.py:149} INFO - [2023-06-22T16:10:34.596+0700] {dag.py:3486} INFO - Setting next_dagrun for example_dynamic_task_mapping to 2022-03-04T00:00:00+00:00, run_after=2022-03-05T00:00:00+00:00
[2023-06-22T16:10:34.612+0700] {processor.py:179} INFO - Processing /Users/macbook/Documents/Documents_MacBook_Pro/ISTT/AirflowTutorial/envlibs/lib/python3.10/site-packages/airflow/example_dags/example_dynamic_task_mapping.py took 0.798 seconds
[2023-06-22T16:14:25.355+0700] {processor.py:157} INFO - Started process (PID=15380) to work on /Users/macbook/Documents/Documents_MacBook_Pro/ISTT/AirflowTutorial/envlibs/lib/python3.10/site-packages/airflow/example_dags/example_dynamic_task_mapping.py
[2023-06-22T16:14:25.356+0700] {processor.py:826} INFO - Processing file /Users/macbook/Documents/Documents_MacBook_Pro/ISTT/AirflowTutorial/envlibs/lib/python3.10/site-packages/airflow/example_dags/example_dynamic_task_mapping.py for tasks to queue
[2023-06-22T16:14:25.356+0700] {logging_mixin.py:149} INFO - [2023-06-22T16:14:25.356+0700] {dagbag.py:541} INFO - Filling up the DagBag from /Users/macbook/Documents/Documents_MacBook_Pro/ISTT/AirflowTutorial/envlibs/lib/python3.10/site-packages/airflow/example_dags/example_dynamic_task_mapping.py
[2023-06-22T16:14:25.404+0700] {processor.py:836} INFO - DAG(s) dict_keys(['example_dynamic_task_mapping']) retrieved from /Users/macbook/Documents/Documents_MacBook_Pro/ISTT/AirflowTutorial/envlibs/lib/python3.10/site-packages/airflow/example_dags/example_dynamic_task_mapping.py
[2023-06-22T16:14:26.181+0700] {logging_mixin.py:149} INFO - [2023-06-22T16:14:26.181+0700] {dag.py:2726} INFO - Sync 1 DAGs
[2023-06-22T16:14:26.196+0700] {logging_mixin.py:149} INFO - [2023-06-22T16:14:26.196+0700] {dag.py:3486} INFO - Setting next_dagrun for example_dynamic_task_mapping to 2022-03-04T00:00:00+00:00, run_after=2022-03-05T00:00:00+00:00
[2023-06-22T16:14:26.214+0700] {processor.py:179} INFO - Processing /Users/macbook/Documents/Documents_MacBook_Pro/ISTT/AirflowTutorial/envlibs/lib/python3.10/site-packages/airflow/example_dags/example_dynamic_task_mapping.py took 0.860 seconds
[2023-06-22T16:18:45.130+0700] {processor.py:157} INFO - Started process (PID=15537) to work on /Users/macbook/Documents/Documents_MacBook_Pro/ISTT/AirflowTutorial/envlibs/lib/python3.10/site-packages/airflow/example_dags/example_dynamic_task_mapping.py
[2023-06-22T16:18:45.132+0700] {processor.py:826} INFO - Processing file /Users/macbook/Documents/Documents_MacBook_Pro/ISTT/AirflowTutorial/envlibs/lib/python3.10/site-packages/airflow/example_dags/example_dynamic_task_mapping.py for tasks to queue
[2023-06-22T16:18:45.132+0700] {logging_mixin.py:149} INFO - [2023-06-22T16:18:45.132+0700] {dagbag.py:541} INFO - Filling up the DagBag from /Users/macbook/Documents/Documents_MacBook_Pro/ISTT/AirflowTutorial/envlibs/lib/python3.10/site-packages/airflow/example_dags/example_dynamic_task_mapping.py
[2023-06-22T16:18:45.182+0700] {processor.py:836} INFO - DAG(s) dict_keys(['example_dynamic_task_mapping']) retrieved from /Users/macbook/Documents/Documents_MacBook_Pro/ISTT/AirflowTutorial/envlibs/lib/python3.10/site-packages/airflow/example_dags/example_dynamic_task_mapping.py
[2023-06-22T16:18:45.900+0700] {logging_mixin.py:149} INFO - [2023-06-22T16:18:45.900+0700] {dag.py:2726} INFO - Sync 1 DAGs
[2023-06-22T16:18:45.915+0700] {logging_mixin.py:149} INFO - [2023-06-22T16:18:45.915+0700] {dag.py:3486} INFO - Setting next_dagrun for example_dynamic_task_mapping to 2022-03-04T00:00:00+00:00, run_after=2022-03-05T00:00:00+00:00
[2023-06-22T16:18:45.931+0700] {processor.py:179} INFO - Processing /Users/macbook/Documents/Documents_MacBook_Pro/ISTT/AirflowTutorial/envlibs/lib/python3.10/site-packages/airflow/example_dags/example_dynamic_task_mapping.py took 0.802 seconds
[2023-06-22T16:23:01.754+0700] {processor.py:157} INFO - Started process (PID=15654) to work on /Users/macbook/Documents/Documents_MacBook_Pro/ISTT/AirflowTutorial/envlibs/lib/python3.10/site-packages/airflow/example_dags/example_dynamic_task_mapping.py
[2023-06-22T16:23:01.755+0700] {processor.py:826} INFO - Processing file /Users/macbook/Documents/Documents_MacBook_Pro/ISTT/AirflowTutorial/envlibs/lib/python3.10/site-packages/airflow/example_dags/example_dynamic_task_mapping.py for tasks to queue
[2023-06-22T16:23:01.755+0700] {logging_mixin.py:149} INFO - [2023-06-22T16:23:01.755+0700] {dagbag.py:541} INFO - Filling up the DagBag from /Users/macbook/Documents/Documents_MacBook_Pro/ISTT/AirflowTutorial/envlibs/lib/python3.10/site-packages/airflow/example_dags/example_dynamic_task_mapping.py
[2023-06-22T16:23:01.806+0700] {processor.py:836} INFO - DAG(s) dict_keys(['example_dynamic_task_mapping']) retrieved from /Users/macbook/Documents/Documents_MacBook_Pro/ISTT/AirflowTutorial/envlibs/lib/python3.10/site-packages/airflow/example_dags/example_dynamic_task_mapping.py
[2023-06-22T16:23:02.525+0700] {logging_mixin.py:149} INFO - [2023-06-22T16:23:02.525+0700] {dag.py:2726} INFO - Sync 1 DAGs
[2023-06-22T16:23:02.540+0700] {logging_mixin.py:149} INFO - [2023-06-22T16:23:02.540+0700] {dag.py:3486} INFO - Setting next_dagrun for example_dynamic_task_mapping to 2022-03-04T00:00:00+00:00, run_after=2022-03-05T00:00:00+00:00
[2023-06-22T16:23:02.560+0700] {processor.py:179} INFO - Processing /Users/macbook/Documents/Documents_MacBook_Pro/ISTT/AirflowTutorial/envlibs/lib/python3.10/site-packages/airflow/example_dags/example_dynamic_task_mapping.py took 0.807 seconds
[2023-06-22T16:26:57.388+0700] {processor.py:157} INFO - Started process (PID=15808) to work on /Users/macbook/Documents/Documents_MacBook_Pro/ISTT/AirflowTutorial/envlibs/lib/python3.10/site-packages/airflow/example_dags/example_dynamic_task_mapping.py
[2023-06-22T16:26:57.389+0700] {processor.py:826} INFO - Processing file /Users/macbook/Documents/Documents_MacBook_Pro/ISTT/AirflowTutorial/envlibs/lib/python3.10/site-packages/airflow/example_dags/example_dynamic_task_mapping.py for tasks to queue
[2023-06-22T16:26:57.389+0700] {logging_mixin.py:149} INFO - [2023-06-22T16:26:57.389+0700] {dagbag.py:541} INFO - Filling up the DagBag from /Users/macbook/Documents/Documents_MacBook_Pro/ISTT/AirflowTutorial/envlibs/lib/python3.10/site-packages/airflow/example_dags/example_dynamic_task_mapping.py
[2023-06-22T16:26:57.443+0700] {processor.py:836} INFO - DAG(s) dict_keys(['example_dynamic_task_mapping']) retrieved from /Users/macbook/Documents/Documents_MacBook_Pro/ISTT/AirflowTutorial/envlibs/lib/python3.10/site-packages/airflow/example_dags/example_dynamic_task_mapping.py
[2023-06-22T16:26:58.144+0700] {logging_mixin.py:149} INFO - [2023-06-22T16:26:58.143+0700] {dag.py:2726} INFO - Sync 1 DAGs
[2023-06-22T16:26:58.158+0700] {logging_mixin.py:149} INFO - [2023-06-22T16:26:58.158+0700] {dag.py:3486} INFO - Setting next_dagrun for example_dynamic_task_mapping to 2022-03-04T00:00:00+00:00, run_after=2022-03-05T00:00:00+00:00
[2023-06-22T16:26:58.184+0700] {processor.py:179} INFO - Processing /Users/macbook/Documents/Documents_MacBook_Pro/ISTT/AirflowTutorial/envlibs/lib/python3.10/site-packages/airflow/example_dags/example_dynamic_task_mapping.py took 0.797 seconds
