[2023-06-22T14:28:21.277+0700] {processor.py:157} INFO - Started process (PID=11893) to work on /Users/macbook/Documents/Documents_MacBook_Pro/ISTT/AirflowTutorial/envlibs/lib/python3.10/site-packages/airflow/example_dags/example_latest_only_with_trigger.py
[2023-06-22T14:28:21.278+0700] {processor.py:826} INFO - Processing file /Users/macbook/Documents/Documents_MacBook_Pro/ISTT/AirflowTutorial/envlibs/lib/python3.10/site-packages/airflow/example_dags/example_latest_only_with_trigger.py for tasks to queue
[2023-06-22T14:28:21.278+0700] {logging_mixin.py:149} INFO - [2023-06-22T14:28:21.278+0700] {dagbag.py:541} INFO - Filling up the DagBag from /Users/macbook/Documents/Documents_MacBook_Pro/ISTT/AirflowTutorial/envlibs/lib/python3.10/site-packages/airflow/example_dags/example_latest_only_with_trigger.py
[2023-06-22T14:28:21.296+0700] {processor.py:836} INFO - DAG(s) dict_keys(['latest_only_with_trigger']) retrieved from /Users/macbook/Documents/Documents_MacBook_Pro/ISTT/AirflowTutorial/envlibs/lib/python3.10/site-packages/airflow/example_dags/example_latest_only_with_trigger.py
[2023-06-22T14:28:22.119+0700] {logging_mixin.py:149} INFO - [2023-06-22T14:28:22.119+0700] {dag.py:2726} INFO - Sync 1 DAGs
[2023-06-22T14:28:22.133+0700] {logging_mixin.py:149} INFO - [2023-06-22T14:28:22.132+0700] {dag.py:3486} INFO - Setting next_dagrun for latest_only_with_trigger to 2023-06-22T03:28:22.132781+00:00, run_after=2023-06-22T07:28:22.132781+00:00
[2023-06-22T14:28:22.150+0700] {processor.py:179} INFO - Processing /Users/macbook/Documents/Documents_MacBook_Pro/ISTT/AirflowTutorial/envlibs/lib/python3.10/site-packages/airflow/example_dags/example_latest_only_with_trigger.py took 0.874 seconds
[2023-06-22T14:30:52.251+0700] {processor.py:157} INFO - Started process (PID=11969) to work on /Users/macbook/Documents/Documents_MacBook_Pro/ISTT/AirflowTutorial/envlibs/lib/python3.10/site-packages/airflow/example_dags/example_latest_only_with_trigger.py
[2023-06-22T14:30:52.253+0700] {processor.py:826} INFO - Processing file /Users/macbook/Documents/Documents_MacBook_Pro/ISTT/AirflowTutorial/envlibs/lib/python3.10/site-packages/airflow/example_dags/example_latest_only_with_trigger.py for tasks to queue
[2023-06-22T14:30:52.254+0700] {logging_mixin.py:149} INFO - [2023-06-22T14:30:52.254+0700] {dagbag.py:541} INFO - Filling up the DagBag from /Users/macbook/Documents/Documents_MacBook_Pro/ISTT/AirflowTutorial/envlibs/lib/python3.10/site-packages/airflow/example_dags/example_latest_only_with_trigger.py
[2023-06-22T14:30:52.274+0700] {processor.py:836} INFO - DAG(s) dict_keys(['latest_only_with_trigger']) retrieved from /Users/macbook/Documents/Documents_MacBook_Pro/ISTT/AirflowTutorial/envlibs/lib/python3.10/site-packages/airflow/example_dags/example_latest_only_with_trigger.py
[2023-06-22T14:30:53.029+0700] {logging_mixin.py:149} INFO - [2023-06-22T14:30:53.028+0700] {dag.py:2726} INFO - Sync 1 DAGs
[2023-06-22T14:30:53.045+0700] {logging_mixin.py:149} INFO - [2023-06-22T14:30:53.045+0700] {dag.py:3486} INFO - Setting next_dagrun for latest_only_with_trigger to 2023-06-22T03:30:53.045384+00:00, run_after=2023-06-22T07:30:53.045384+00:00
[2023-06-22T14:30:53.063+0700] {processor.py:179} INFO - Processing /Users/macbook/Documents/Documents_MacBook_Pro/ISTT/AirflowTutorial/envlibs/lib/python3.10/site-packages/airflow/example_dags/example_latest_only_with_trigger.py took 0.812 seconds
[2023-06-22T14:35:45.135+0700] {processor.py:157} INFO - Started process (PID=12231) to work on /Users/macbook/Documents/Documents_MacBook_Pro/ISTT/AirflowTutorial/envlibs/lib/python3.10/site-packages/airflow/example_dags/example_latest_only_with_trigger.py
[2023-06-22T14:35:45.137+0700] {processor.py:826} INFO - Processing file /Users/macbook/Documents/Documents_MacBook_Pro/ISTT/AirflowTutorial/envlibs/lib/python3.10/site-packages/airflow/example_dags/example_latest_only_with_trigger.py for tasks to queue
[2023-06-22T14:35:45.137+0700] {logging_mixin.py:149} INFO - [2023-06-22T14:35:45.137+0700] {dagbag.py:541} INFO - Filling up the DagBag from /Users/macbook/Documents/Documents_MacBook_Pro/ISTT/AirflowTutorial/envlibs/lib/python3.10/site-packages/airflow/example_dags/example_latest_only_with_trigger.py
[2023-06-22T14:35:45.171+0700] {processor.py:836} INFO - DAG(s) dict_keys(['latest_only_with_trigger']) retrieved from /Users/macbook/Documents/Documents_MacBook_Pro/ISTT/AirflowTutorial/envlibs/lib/python3.10/site-packages/airflow/example_dags/example_latest_only_with_trigger.py
[2023-06-22T14:35:46.402+0700] {logging_mixin.py:149} INFO - [2023-06-22T14:35:46.402+0700] {dag.py:2726} INFO - Sync 1 DAGs
[2023-06-22T14:35:46.423+0700] {logging_mixin.py:149} INFO - [2023-06-22T14:35:46.423+0700] {dag.py:3486} INFO - Setting next_dagrun for latest_only_with_trigger to 2023-06-22T03:35:46.423096+00:00, run_after=2023-06-22T07:35:46.423096+00:00
[2023-06-22T14:35:46.445+0700] {processor.py:179} INFO - Processing /Users/macbook/Documents/Documents_MacBook_Pro/ISTT/AirflowTutorial/envlibs/lib/python3.10/site-packages/airflow/example_dags/example_latest_only_with_trigger.py took 1.311 seconds
[2023-06-22T14:38:33.637+0700] {processor.py:157} INFO - Started process (PID=12369) to work on /Users/macbook/Documents/Documents_MacBook_Pro/ISTT/AirflowTutorial/envlibs/lib/python3.10/site-packages/airflow/example_dags/example_latest_only_with_trigger.py
[2023-06-22T14:38:33.638+0700] {processor.py:826} INFO - Processing file /Users/macbook/Documents/Documents_MacBook_Pro/ISTT/AirflowTutorial/envlibs/lib/python3.10/site-packages/airflow/example_dags/example_latest_only_with_trigger.py for tasks to queue
[2023-06-22T14:38:33.639+0700] {logging_mixin.py:149} INFO - [2023-06-22T14:38:33.639+0700] {dagbag.py:541} INFO - Filling up the DagBag from /Users/macbook/Documents/Documents_MacBook_Pro/ISTT/AirflowTutorial/envlibs/lib/python3.10/site-packages/airflow/example_dags/example_latest_only_with_trigger.py
[2023-06-22T14:38:33.668+0700] {processor.py:836} INFO - DAG(s) dict_keys(['latest_only_with_trigger']) retrieved from /Users/macbook/Documents/Documents_MacBook_Pro/ISTT/AirflowTutorial/envlibs/lib/python3.10/site-packages/airflow/example_dags/example_latest_only_with_trigger.py
[2023-06-22T14:38:34.574+0700] {logging_mixin.py:149} INFO - [2023-06-22T14:38:34.574+0700] {dag.py:2726} INFO - Sync 1 DAGs
[2023-06-22T14:38:34.583+0700] {logging_mixin.py:149} INFO - [2023-06-22T14:38:34.582+0700] {dag.py:2747} INFO - Creating ORM DAG for latest_only_with_trigger
[2023-06-22T14:38:34.593+0700] {logging_mixin.py:149} INFO - [2023-06-22T14:38:34.592+0700] {dag.py:3486} INFO - Setting next_dagrun for latest_only_with_trigger to 2023-06-22T03:38:34.592755+00:00, run_after=2023-06-22T07:38:34.592755+00:00
[2023-06-22T14:38:34.612+0700] {processor.py:179} INFO - Processing /Users/macbook/Documents/Documents_MacBook_Pro/ISTT/AirflowTutorial/envlibs/lib/python3.10/site-packages/airflow/example_dags/example_latest_only_with_trigger.py took 0.976 seconds
[2023-06-22T14:42:55.462+0700] {processor.py:157} INFO - Started process (PID=12541) to work on /Users/macbook/Documents/Documents_MacBook_Pro/ISTT/AirflowTutorial/envlibs/lib/python3.10/site-packages/airflow/example_dags/example_latest_only_with_trigger.py
[2023-06-22T14:42:55.463+0700] {processor.py:826} INFO - Processing file /Users/macbook/Documents/Documents_MacBook_Pro/ISTT/AirflowTutorial/envlibs/lib/python3.10/site-packages/airflow/example_dags/example_latest_only_with_trigger.py for tasks to queue
[2023-06-22T14:42:55.464+0700] {logging_mixin.py:149} INFO - [2023-06-22T14:42:55.463+0700] {dagbag.py:541} INFO - Filling up the DagBag from /Users/macbook/Documents/Documents_MacBook_Pro/ISTT/AirflowTutorial/envlibs/lib/python3.10/site-packages/airflow/example_dags/example_latest_only_with_trigger.py
[2023-06-22T14:42:55.484+0700] {processor.py:836} INFO - DAG(s) dict_keys(['latest_only_with_trigger']) retrieved from /Users/macbook/Documents/Documents_MacBook_Pro/ISTT/AirflowTutorial/envlibs/lib/python3.10/site-packages/airflow/example_dags/example_latest_only_with_trigger.py
[2023-06-22T14:42:56.214+0700] {logging_mixin.py:149} INFO - [2023-06-22T14:42:56.214+0700] {dag.py:2726} INFO - Sync 1 DAGs
[2023-06-22T14:42:56.232+0700] {logging_mixin.py:149} INFO - [2023-06-22T14:42:56.232+0700] {dag.py:3486} INFO - Setting next_dagrun for latest_only_with_trigger to 2023-06-22T03:42:56.232297+00:00, run_after=2023-06-22T07:42:56.232297+00:00
[2023-06-22T14:42:56.254+0700] {processor.py:179} INFO - Processing /Users/macbook/Documents/Documents_MacBook_Pro/ISTT/AirflowTutorial/envlibs/lib/python3.10/site-packages/airflow/example_dags/example_latest_only_with_trigger.py took 0.793 seconds
[2023-06-22T14:47:07.219+0700] {processor.py:157} INFO - Started process (PID=12652) to work on /Users/macbook/Documents/Documents_MacBook_Pro/ISTT/AirflowTutorial/envlibs/lib/python3.10/site-packages/airflow/example_dags/example_latest_only_with_trigger.py
[2023-06-22T14:47:07.220+0700] {processor.py:826} INFO - Processing file /Users/macbook/Documents/Documents_MacBook_Pro/ISTT/AirflowTutorial/envlibs/lib/python3.10/site-packages/airflow/example_dags/example_latest_only_with_trigger.py for tasks to queue
[2023-06-22T14:47:07.220+0700] {logging_mixin.py:149} INFO - [2023-06-22T14:47:07.220+0700] {dagbag.py:541} INFO - Filling up the DagBag from /Users/macbook/Documents/Documents_MacBook_Pro/ISTT/AirflowTutorial/envlibs/lib/python3.10/site-packages/airflow/example_dags/example_latest_only_with_trigger.py
[2023-06-22T14:47:07.242+0700] {processor.py:836} INFO - DAG(s) dict_keys(['latest_only_with_trigger']) retrieved from /Users/macbook/Documents/Documents_MacBook_Pro/ISTT/AirflowTutorial/envlibs/lib/python3.10/site-packages/airflow/example_dags/example_latest_only_with_trigger.py
[2023-06-22T14:47:08.013+0700] {logging_mixin.py:149} INFO - [2023-06-22T14:47:08.012+0700] {dag.py:2726} INFO - Sync 1 DAGs
[2023-06-22T14:47:08.029+0700] {logging_mixin.py:149} INFO - [2023-06-22T14:47:08.029+0700] {dag.py:3486} INFO - Setting next_dagrun for latest_only_with_trigger to 2023-06-22T03:47:08.029533+00:00, run_after=2023-06-22T07:47:08.029533+00:00
[2023-06-22T14:47:08.048+0700] {processor.py:179} INFO - Processing /Users/macbook/Documents/Documents_MacBook_Pro/ISTT/AirflowTutorial/envlibs/lib/python3.10/site-packages/airflow/example_dags/example_latest_only_with_trigger.py took 0.830 seconds
[2023-06-22T14:51:18.343+0700] {processor.py:157} INFO - Started process (PID=12773) to work on /Users/macbook/Documents/Documents_MacBook_Pro/ISTT/AirflowTutorial/envlibs/lib/python3.10/site-packages/airflow/example_dags/example_latest_only_with_trigger.py
[2023-06-22T14:51:18.344+0700] {processor.py:826} INFO - Processing file /Users/macbook/Documents/Documents_MacBook_Pro/ISTT/AirflowTutorial/envlibs/lib/python3.10/site-packages/airflow/example_dags/example_latest_only_with_trigger.py for tasks to queue
[2023-06-22T14:51:18.345+0700] {logging_mixin.py:149} INFO - [2023-06-22T14:51:18.345+0700] {dagbag.py:541} INFO - Filling up the DagBag from /Users/macbook/Documents/Documents_MacBook_Pro/ISTT/AirflowTutorial/envlibs/lib/python3.10/site-packages/airflow/example_dags/example_latest_only_with_trigger.py
[2023-06-22T14:51:18.366+0700] {processor.py:836} INFO - DAG(s) dict_keys(['latest_only_with_trigger']) retrieved from /Users/macbook/Documents/Documents_MacBook_Pro/ISTT/AirflowTutorial/envlibs/lib/python3.10/site-packages/airflow/example_dags/example_latest_only_with_trigger.py
[2023-06-22T14:51:19.163+0700] {logging_mixin.py:149} INFO - [2023-06-22T14:51:19.163+0700] {dag.py:2726} INFO - Sync 1 DAGs
[2023-06-22T14:51:19.181+0700] {logging_mixin.py:149} INFO - [2023-06-22T14:51:19.181+0700] {dag.py:3486} INFO - Setting next_dagrun for latest_only_with_trigger to 2023-06-22T03:51:19.180938+00:00, run_after=2023-06-22T07:51:19.180938+00:00
[2023-06-22T14:51:19.198+0700] {processor.py:179} INFO - Processing /Users/macbook/Documents/Documents_MacBook_Pro/ISTT/AirflowTutorial/envlibs/lib/python3.10/site-packages/airflow/example_dags/example_latest_only_with_trigger.py took 0.856 seconds
[2023-06-22T14:55:17.056+0700] {processor.py:157} INFO - Started process (PID=12883) to work on /Users/macbook/Documents/Documents_MacBook_Pro/ISTT/AirflowTutorial/envlibs/lib/python3.10/site-packages/airflow/example_dags/example_latest_only_with_trigger.py
[2023-06-22T14:55:17.058+0700] {processor.py:826} INFO - Processing file /Users/macbook/Documents/Documents_MacBook_Pro/ISTT/AirflowTutorial/envlibs/lib/python3.10/site-packages/airflow/example_dags/example_latest_only_with_trigger.py for tasks to queue
[2023-06-22T14:55:17.058+0700] {logging_mixin.py:149} INFO - [2023-06-22T14:55:17.058+0700] {dagbag.py:541} INFO - Filling up the DagBag from /Users/macbook/Documents/Documents_MacBook_Pro/ISTT/AirflowTutorial/envlibs/lib/python3.10/site-packages/airflow/example_dags/example_latest_only_with_trigger.py
[2023-06-22T14:55:17.078+0700] {processor.py:836} INFO - DAG(s) dict_keys(['latest_only_with_trigger']) retrieved from /Users/macbook/Documents/Documents_MacBook_Pro/ISTT/AirflowTutorial/envlibs/lib/python3.10/site-packages/airflow/example_dags/example_latest_only_with_trigger.py
[2023-06-22T14:55:17.782+0700] {logging_mixin.py:149} INFO - [2023-06-22T14:55:17.782+0700] {dag.py:2726} INFO - Sync 1 DAGs
[2023-06-22T14:55:17.801+0700] {logging_mixin.py:149} INFO - [2023-06-22T14:55:17.800+0700] {dag.py:3486} INFO - Setting next_dagrun for latest_only_with_trigger to 2023-06-22T03:55:17.800661+00:00, run_after=2023-06-22T07:55:17.800661+00:00
[2023-06-22T14:55:17.820+0700] {processor.py:179} INFO - Processing /Users/macbook/Documents/Documents_MacBook_Pro/ISTT/AirflowTutorial/envlibs/lib/python3.10/site-packages/airflow/example_dags/example_latest_only_with_trigger.py took 0.764 seconds
[2023-06-22T14:59:15.845+0700] {processor.py:157} INFO - Started process (PID=12987) to work on /Users/macbook/Documents/Documents_MacBook_Pro/ISTT/AirflowTutorial/envlibs/lib/python3.10/site-packages/airflow/example_dags/example_latest_only_with_trigger.py
[2023-06-22T14:59:15.846+0700] {processor.py:826} INFO - Processing file /Users/macbook/Documents/Documents_MacBook_Pro/ISTT/AirflowTutorial/envlibs/lib/python3.10/site-packages/airflow/example_dags/example_latest_only_with_trigger.py for tasks to queue
[2023-06-22T14:59:15.847+0700] {logging_mixin.py:149} INFO - [2023-06-22T14:59:15.847+0700] {dagbag.py:541} INFO - Filling up the DagBag from /Users/macbook/Documents/Documents_MacBook_Pro/ISTT/AirflowTutorial/envlibs/lib/python3.10/site-packages/airflow/example_dags/example_latest_only_with_trigger.py
[2023-06-22T14:59:15.867+0700] {processor.py:836} INFO - DAG(s) dict_keys(['latest_only_with_trigger']) retrieved from /Users/macbook/Documents/Documents_MacBook_Pro/ISTT/AirflowTutorial/envlibs/lib/python3.10/site-packages/airflow/example_dags/example_latest_only_with_trigger.py
[2023-06-22T14:59:16.626+0700] {logging_mixin.py:149} INFO - [2023-06-22T14:59:16.626+0700] {dag.py:2726} INFO - Sync 1 DAGs
[2023-06-22T14:59:16.646+0700] {logging_mixin.py:149} INFO - [2023-06-22T14:59:16.646+0700] {dag.py:3486} INFO - Setting next_dagrun for latest_only_with_trigger to 2023-06-22T03:59:16.646572+00:00, run_after=2023-06-22T07:59:16.646572+00:00
[2023-06-22T14:59:16.664+0700] {processor.py:179} INFO - Processing /Users/macbook/Documents/Documents_MacBook_Pro/ISTT/AirflowTutorial/envlibs/lib/python3.10/site-packages/airflow/example_dags/example_latest_only_with_trigger.py took 0.820 seconds
[2023-06-22T15:03:21.795+0700] {processor.py:157} INFO - Started process (PID=13098) to work on /Users/macbook/Documents/Documents_MacBook_Pro/ISTT/AirflowTutorial/envlibs/lib/python3.10/site-packages/airflow/example_dags/example_latest_only_with_trigger.py
[2023-06-22T15:03:21.796+0700] {processor.py:826} INFO - Processing file /Users/macbook/Documents/Documents_MacBook_Pro/ISTT/AirflowTutorial/envlibs/lib/python3.10/site-packages/airflow/example_dags/example_latest_only_with_trigger.py for tasks to queue
[2023-06-22T15:03:21.797+0700] {logging_mixin.py:149} INFO - [2023-06-22T15:03:21.797+0700] {dagbag.py:541} INFO - Filling up the DagBag from /Users/macbook/Documents/Documents_MacBook_Pro/ISTT/AirflowTutorial/envlibs/lib/python3.10/site-packages/airflow/example_dags/example_latest_only_with_trigger.py
[2023-06-22T15:03:21.817+0700] {processor.py:836} INFO - DAG(s) dict_keys(['latest_only_with_trigger']) retrieved from /Users/macbook/Documents/Documents_MacBook_Pro/ISTT/AirflowTutorial/envlibs/lib/python3.10/site-packages/airflow/example_dags/example_latest_only_with_trigger.py
[2023-06-22T15:03:22.616+0700] {logging_mixin.py:149} INFO - [2023-06-22T15:03:22.616+0700] {dag.py:2726} INFO - Sync 1 DAGs
[2023-06-22T15:03:22.633+0700] {logging_mixin.py:149} INFO - [2023-06-22T15:03:22.633+0700] {dag.py:3486} INFO - Setting next_dagrun for latest_only_with_trigger to 2023-06-22T04:03:22.633008+00:00, run_after=2023-06-22T08:03:22.633008+00:00
[2023-06-22T15:03:22.651+0700] {processor.py:179} INFO - Processing /Users/macbook/Documents/Documents_MacBook_Pro/ISTT/AirflowTutorial/envlibs/lib/python3.10/site-packages/airflow/example_dags/example_latest_only_with_trigger.py took 0.857 seconds
[2023-06-22T15:07:34.067+0700] {processor.py:157} INFO - Started process (PID=13262) to work on /Users/macbook/Documents/Documents_MacBook_Pro/ISTT/AirflowTutorial/envlibs/lib/python3.10/site-packages/airflow/example_dags/example_latest_only_with_trigger.py
[2023-06-22T15:07:34.069+0700] {processor.py:826} INFO - Processing file /Users/macbook/Documents/Documents_MacBook_Pro/ISTT/AirflowTutorial/envlibs/lib/python3.10/site-packages/airflow/example_dags/example_latest_only_with_trigger.py for tasks to queue
[2023-06-22T15:07:34.069+0700] {logging_mixin.py:149} INFO - [2023-06-22T15:07:34.069+0700] {dagbag.py:541} INFO - Filling up the DagBag from /Users/macbook/Documents/Documents_MacBook_Pro/ISTT/AirflowTutorial/envlibs/lib/python3.10/site-packages/airflow/example_dags/example_latest_only_with_trigger.py
[2023-06-22T15:07:34.089+0700] {processor.py:836} INFO - DAG(s) dict_keys(['latest_only_with_trigger']) retrieved from /Users/macbook/Documents/Documents_MacBook_Pro/ISTT/AirflowTutorial/envlibs/lib/python3.10/site-packages/airflow/example_dags/example_latest_only_with_trigger.py
[2023-06-22T15:07:34.902+0700] {logging_mixin.py:149} INFO - [2023-06-22T15:07:34.901+0700] {dag.py:2726} INFO - Sync 1 DAGs
[2023-06-22T15:07:34.918+0700] {logging_mixin.py:149} INFO - [2023-06-22T15:07:34.918+0700] {dag.py:3486} INFO - Setting next_dagrun for latest_only_with_trigger to 2023-06-22T04:07:34.918698+00:00, run_after=2023-06-22T08:07:34.918698+00:00
[2023-06-22T15:07:34.936+0700] {processor.py:179} INFO - Processing /Users/macbook/Documents/Documents_MacBook_Pro/ISTT/AirflowTutorial/envlibs/lib/python3.10/site-packages/airflow/example_dags/example_latest_only_with_trigger.py took 0.869 seconds
[2023-06-22T15:11:42.907+0700] {processor.py:157} INFO - Started process (PID=13410) to work on /Users/macbook/Documents/Documents_MacBook_Pro/ISTT/AirflowTutorial/envlibs/lib/python3.10/site-packages/airflow/example_dags/example_latest_only_with_trigger.py
[2023-06-22T15:11:42.909+0700] {processor.py:826} INFO - Processing file /Users/macbook/Documents/Documents_MacBook_Pro/ISTT/AirflowTutorial/envlibs/lib/python3.10/site-packages/airflow/example_dags/example_latest_only_with_trigger.py for tasks to queue
[2023-06-22T15:11:42.909+0700] {logging_mixin.py:149} INFO - [2023-06-22T15:11:42.909+0700] {dagbag.py:541} INFO - Filling up the DagBag from /Users/macbook/Documents/Documents_MacBook_Pro/ISTT/AirflowTutorial/envlibs/lib/python3.10/site-packages/airflow/example_dags/example_latest_only_with_trigger.py
[2023-06-22T15:11:42.932+0700] {processor.py:836} INFO - DAG(s) dict_keys(['latest_only_with_trigger']) retrieved from /Users/macbook/Documents/Documents_MacBook_Pro/ISTT/AirflowTutorial/envlibs/lib/python3.10/site-packages/airflow/example_dags/example_latest_only_with_trigger.py
[2023-06-22T15:11:43.740+0700] {logging_mixin.py:149} INFO - [2023-06-22T15:11:43.740+0700] {dag.py:2726} INFO - Sync 1 DAGs
[2023-06-22T15:11:43.757+0700] {logging_mixin.py:149} INFO - [2023-06-22T15:11:43.757+0700] {dag.py:3486} INFO - Setting next_dagrun for latest_only_with_trigger to 2023-06-22T04:11:43.757170+00:00, run_after=2023-06-22T08:11:43.757170+00:00
[2023-06-22T15:11:43.775+0700] {processor.py:179} INFO - Processing /Users/macbook/Documents/Documents_MacBook_Pro/ISTT/AirflowTutorial/envlibs/lib/python3.10/site-packages/airflow/example_dags/example_latest_only_with_trigger.py took 0.869 seconds
[2023-06-22T15:15:55.961+0700] {processor.py:157} INFO - Started process (PID=13567) to work on /Users/macbook/Documents/Documents_MacBook_Pro/ISTT/AirflowTutorial/envlibs/lib/python3.10/site-packages/airflow/example_dags/example_latest_only_with_trigger.py
[2023-06-22T15:15:55.962+0700] {processor.py:826} INFO - Processing file /Users/macbook/Documents/Documents_MacBook_Pro/ISTT/AirflowTutorial/envlibs/lib/python3.10/site-packages/airflow/example_dags/example_latest_only_with_trigger.py for tasks to queue
[2023-06-22T15:15:55.963+0700] {logging_mixin.py:149} INFO - [2023-06-22T15:15:55.963+0700] {dagbag.py:541} INFO - Filling up the DagBag from /Users/macbook/Documents/Documents_MacBook_Pro/ISTT/AirflowTutorial/envlibs/lib/python3.10/site-packages/airflow/example_dags/example_latest_only_with_trigger.py
[2023-06-22T15:15:55.989+0700] {processor.py:836} INFO - DAG(s) dict_keys(['latest_only_with_trigger']) retrieved from /Users/macbook/Documents/Documents_MacBook_Pro/ISTT/AirflowTutorial/envlibs/lib/python3.10/site-packages/airflow/example_dags/example_latest_only_with_trigger.py
[2023-06-22T15:15:57.010+0700] {logging_mixin.py:149} INFO - [2023-06-22T15:15:57.010+0700] {dag.py:2726} INFO - Sync 1 DAGs
[2023-06-22T15:15:57.031+0700] {logging_mixin.py:149} INFO - [2023-06-22T15:15:57.030+0700] {dag.py:3486} INFO - Setting next_dagrun for latest_only_with_trigger to 2023-06-22T04:15:57.030683+00:00, run_after=2023-06-22T08:15:57.030683+00:00
[2023-06-22T15:15:57.052+0700] {processor.py:179} INFO - Processing /Users/macbook/Documents/Documents_MacBook_Pro/ISTT/AirflowTutorial/envlibs/lib/python3.10/site-packages/airflow/example_dags/example_latest_only_with_trigger.py took 1.092 seconds
[2023-06-22T15:19:58.940+0700] {processor.py:157} INFO - Started process (PID=13737) to work on /Users/macbook/Documents/Documents_MacBook_Pro/ISTT/AirflowTutorial/envlibs/lib/python3.10/site-packages/airflow/example_dags/example_latest_only_with_trigger.py
[2023-06-22T15:19:58.944+0700] {processor.py:826} INFO - Processing file /Users/macbook/Documents/Documents_MacBook_Pro/ISTT/AirflowTutorial/envlibs/lib/python3.10/site-packages/airflow/example_dags/example_latest_only_with_trigger.py for tasks to queue
[2023-06-22T15:19:58.945+0700] {logging_mixin.py:149} INFO - [2023-06-22T15:19:58.945+0700] {dagbag.py:541} INFO - Filling up the DagBag from /Users/macbook/Documents/Documents_MacBook_Pro/ISTT/AirflowTutorial/envlibs/lib/python3.10/site-packages/airflow/example_dags/example_latest_only_with_trigger.py
[2023-06-22T15:19:58.993+0700] {processor.py:836} INFO - DAG(s) dict_keys(['latest_only_with_trigger']) retrieved from /Users/macbook/Documents/Documents_MacBook_Pro/ISTT/AirflowTutorial/envlibs/lib/python3.10/site-packages/airflow/example_dags/example_latest_only_with_trigger.py
[2023-06-22T15:19:59.967+0700] {logging_mixin.py:149} INFO - [2023-06-22T15:19:59.967+0700] {dag.py:2726} INFO - Sync 1 DAGs
[2023-06-22T15:19:59.990+0700] {logging_mixin.py:149} INFO - [2023-06-22T15:19:59.990+0700] {dag.py:3486} INFO - Setting next_dagrun for latest_only_with_trigger to 2023-06-22T04:19:59.990140+00:00, run_after=2023-06-22T08:19:59.990140+00:00
[2023-06-22T15:20:00.020+0700] {processor.py:179} INFO - Processing /Users/macbook/Documents/Documents_MacBook_Pro/ISTT/AirflowTutorial/envlibs/lib/python3.10/site-packages/airflow/example_dags/example_latest_only_with_trigger.py took 1.081 seconds
[2023-06-22T15:24:20.172+0700] {processor.py:157} INFO - Started process (PID=13861) to work on /Users/macbook/Documents/Documents_MacBook_Pro/ISTT/AirflowTutorial/envlibs/lib/python3.10/site-packages/airflow/example_dags/example_latest_only_with_trigger.py
[2023-06-22T15:24:20.174+0700] {processor.py:826} INFO - Processing file /Users/macbook/Documents/Documents_MacBook_Pro/ISTT/AirflowTutorial/envlibs/lib/python3.10/site-packages/airflow/example_dags/example_latest_only_with_trigger.py for tasks to queue
[2023-06-22T15:24:20.175+0700] {logging_mixin.py:149} INFO - [2023-06-22T15:24:20.175+0700] {dagbag.py:541} INFO - Filling up the DagBag from /Users/macbook/Documents/Documents_MacBook_Pro/ISTT/AirflowTutorial/envlibs/lib/python3.10/site-packages/airflow/example_dags/example_latest_only_with_trigger.py
[2023-06-22T15:24:20.206+0700] {processor.py:836} INFO - DAG(s) dict_keys(['latest_only_with_trigger']) retrieved from /Users/macbook/Documents/Documents_MacBook_Pro/ISTT/AirflowTutorial/envlibs/lib/python3.10/site-packages/airflow/example_dags/example_latest_only_with_trigger.py
[2023-06-22T15:24:21.272+0700] {logging_mixin.py:149} INFO - [2023-06-22T15:24:21.271+0700] {dag.py:2726} INFO - Sync 1 DAGs
[2023-06-22T15:24:21.291+0700] {logging_mixin.py:149} INFO - [2023-06-22T15:24:21.291+0700] {dag.py:3486} INFO - Setting next_dagrun for latest_only_with_trigger to 2023-06-22T04:24:21.291372+00:00, run_after=2023-06-22T08:24:21.291372+00:00
[2023-06-22T15:24:21.312+0700] {processor.py:179} INFO - Processing /Users/macbook/Documents/Documents_MacBook_Pro/ISTT/AirflowTutorial/envlibs/lib/python3.10/site-packages/airflow/example_dags/example_latest_only_with_trigger.py took 1.141 seconds
[2023-06-22T15:26:40.426+0700] {processor.py:157} INFO - Started process (PID=13921) to work on /Users/macbook/Documents/Documents_MacBook_Pro/ISTT/AirflowTutorial/envlibs/lib/python3.10/site-packages/airflow/example_dags/example_latest_only_with_trigger.py
[2023-06-22T15:26:40.427+0700] {processor.py:826} INFO - Processing file /Users/macbook/Documents/Documents_MacBook_Pro/ISTT/AirflowTutorial/envlibs/lib/python3.10/site-packages/airflow/example_dags/example_latest_only_with_trigger.py for tasks to queue
[2023-06-22T15:26:40.428+0700] {logging_mixin.py:149} INFO - [2023-06-22T15:26:40.428+0700] {dagbag.py:541} INFO - Filling up the DagBag from /Users/macbook/Documents/Documents_MacBook_Pro/ISTT/AirflowTutorial/envlibs/lib/python3.10/site-packages/airflow/example_dags/example_latest_only_with_trigger.py
[2023-06-22T15:26:40.454+0700] {processor.py:836} INFO - DAG(s) dict_keys(['latest_only_with_trigger']) retrieved from /Users/macbook/Documents/Documents_MacBook_Pro/ISTT/AirflowTutorial/envlibs/lib/python3.10/site-packages/airflow/example_dags/example_latest_only_with_trigger.py
[2023-06-22T15:26:41.248+0700] {logging_mixin.py:149} INFO - [2023-06-22T15:26:41.248+0700] {dag.py:2726} INFO - Sync 1 DAGs
[2023-06-22T15:26:41.268+0700] {logging_mixin.py:149} INFO - [2023-06-22T15:26:41.268+0700] {dag.py:3486} INFO - Setting next_dagrun for latest_only_with_trigger to 2023-06-22T04:26:41.267932+00:00, run_after=2023-06-22T08:26:41.267932+00:00
[2023-06-22T15:26:41.288+0700] {processor.py:179} INFO - Processing /Users/macbook/Documents/Documents_MacBook_Pro/ISTT/AirflowTutorial/envlibs/lib/python3.10/site-packages/airflow/example_dags/example_latest_only_with_trigger.py took 0.862 seconds
[2023-06-22T15:30:53.894+0700] {processor.py:157} INFO - Started process (PID=14030) to work on /Users/macbook/Documents/Documents_MacBook_Pro/ISTT/AirflowTutorial/envlibs/lib/python3.10/site-packages/airflow/example_dags/example_latest_only_with_trigger.py
[2023-06-22T15:30:53.895+0700] {processor.py:826} INFO - Processing file /Users/macbook/Documents/Documents_MacBook_Pro/ISTT/AirflowTutorial/envlibs/lib/python3.10/site-packages/airflow/example_dags/example_latest_only_with_trigger.py for tasks to queue
[2023-06-22T15:30:53.896+0700] {logging_mixin.py:149} INFO - [2023-06-22T15:30:53.895+0700] {dagbag.py:541} INFO - Filling up the DagBag from /Users/macbook/Documents/Documents_MacBook_Pro/ISTT/AirflowTutorial/envlibs/lib/python3.10/site-packages/airflow/example_dags/example_latest_only_with_trigger.py
[2023-06-22T15:30:53.916+0700] {processor.py:836} INFO - DAG(s) dict_keys(['latest_only_with_trigger']) retrieved from /Users/macbook/Documents/Documents_MacBook_Pro/ISTT/AirflowTutorial/envlibs/lib/python3.10/site-packages/airflow/example_dags/example_latest_only_with_trigger.py
[2023-06-22T15:30:54.656+0700] {logging_mixin.py:149} INFO - [2023-06-22T15:30:54.656+0700] {dag.py:2726} INFO - Sync 1 DAGs
[2023-06-22T15:30:54.680+0700] {logging_mixin.py:149} INFO - [2023-06-22T15:30:54.680+0700] {dag.py:3486} INFO - Setting next_dagrun for latest_only_with_trigger to 2023-06-22T04:30:54.680642+00:00, run_after=2023-06-22T08:30:54.680642+00:00
[2023-06-22T15:30:54.699+0700] {processor.py:179} INFO - Processing /Users/macbook/Documents/Documents_MacBook_Pro/ISTT/AirflowTutorial/envlibs/lib/python3.10/site-packages/airflow/example_dags/example_latest_only_with_trigger.py took 0.806 seconds
[2023-06-22T15:35:01.705+0700] {processor.py:157} INFO - Started process (PID=14159) to work on /Users/macbook/Documents/Documents_MacBook_Pro/ISTT/AirflowTutorial/envlibs/lib/python3.10/site-packages/airflow/example_dags/example_latest_only_with_trigger.py
[2023-06-22T15:35:01.710+0700] {processor.py:826} INFO - Processing file /Users/macbook/Documents/Documents_MacBook_Pro/ISTT/AirflowTutorial/envlibs/lib/python3.10/site-packages/airflow/example_dags/example_latest_only_with_trigger.py for tasks to queue
[2023-06-22T15:35:01.711+0700] {logging_mixin.py:149} INFO - [2023-06-22T15:35:01.711+0700] {dagbag.py:541} INFO - Filling up the DagBag from /Users/macbook/Documents/Documents_MacBook_Pro/ISTT/AirflowTutorial/envlibs/lib/python3.10/site-packages/airflow/example_dags/example_latest_only_with_trigger.py
[2023-06-22T15:35:01.742+0700] {processor.py:836} INFO - DAG(s) dict_keys(['latest_only_with_trigger']) retrieved from /Users/macbook/Documents/Documents_MacBook_Pro/ISTT/AirflowTutorial/envlibs/lib/python3.10/site-packages/airflow/example_dags/example_latest_only_with_trigger.py
[2023-06-22T15:35:02.771+0700] {logging_mixin.py:149} INFO - [2023-06-22T15:35:02.770+0700] {dag.py:2726} INFO - Sync 1 DAGs
[2023-06-22T15:35:02.791+0700] {logging_mixin.py:149} INFO - [2023-06-22T15:35:02.790+0700] {dag.py:3486} INFO - Setting next_dagrun for latest_only_with_trigger to 2023-06-22T04:35:02.790788+00:00, run_after=2023-06-22T08:35:02.790788+00:00
[2023-06-22T15:35:02.815+0700] {processor.py:179} INFO - Processing /Users/macbook/Documents/Documents_MacBook_Pro/ISTT/AirflowTutorial/envlibs/lib/python3.10/site-packages/airflow/example_dags/example_latest_only_with_trigger.py took 1.111 seconds
[2023-06-22T15:39:21.406+0700] {processor.py:157} INFO - Started process (PID=14296) to work on /Users/macbook/Documents/Documents_MacBook_Pro/ISTT/AirflowTutorial/envlibs/lib/python3.10/site-packages/airflow/example_dags/example_latest_only_with_trigger.py
[2023-06-22T15:39:21.408+0700] {processor.py:826} INFO - Processing file /Users/macbook/Documents/Documents_MacBook_Pro/ISTT/AirflowTutorial/envlibs/lib/python3.10/site-packages/airflow/example_dags/example_latest_only_with_trigger.py for tasks to queue
[2023-06-22T15:39:21.409+0700] {logging_mixin.py:149} INFO - [2023-06-22T15:39:21.408+0700] {dagbag.py:541} INFO - Filling up the DagBag from /Users/macbook/Documents/Documents_MacBook_Pro/ISTT/AirflowTutorial/envlibs/lib/python3.10/site-packages/airflow/example_dags/example_latest_only_with_trigger.py
[2023-06-22T15:39:21.435+0700] {processor.py:836} INFO - DAG(s) dict_keys(['latest_only_with_trigger']) retrieved from /Users/macbook/Documents/Documents_MacBook_Pro/ISTT/AirflowTutorial/envlibs/lib/python3.10/site-packages/airflow/example_dags/example_latest_only_with_trigger.py
[2023-06-22T15:39:22.243+0700] {logging_mixin.py:149} INFO - [2023-06-22T15:39:22.243+0700] {dag.py:2726} INFO - Sync 1 DAGs
[2023-06-22T15:39:22.260+0700] {logging_mixin.py:149} INFO - [2023-06-22T15:39:22.260+0700] {dag.py:3486} INFO - Setting next_dagrun for latest_only_with_trigger to 2023-06-22T04:39:22.260650+00:00, run_after=2023-06-22T08:39:22.260650+00:00
[2023-06-22T15:39:22.281+0700] {processor.py:179} INFO - Processing /Users/macbook/Documents/Documents_MacBook_Pro/ISTT/AirflowTutorial/envlibs/lib/python3.10/site-packages/airflow/example_dags/example_latest_only_with_trigger.py took 0.875 seconds
[2023-06-22T15:43:41.615+0700] {processor.py:157} INFO - Started process (PID=14434) to work on /Users/macbook/Documents/Documents_MacBook_Pro/ISTT/AirflowTutorial/envlibs/lib/python3.10/site-packages/airflow/example_dags/example_latest_only_with_trigger.py
[2023-06-22T15:43:41.617+0700] {processor.py:826} INFO - Processing file /Users/macbook/Documents/Documents_MacBook_Pro/ISTT/AirflowTutorial/envlibs/lib/python3.10/site-packages/airflow/example_dags/example_latest_only_with_trigger.py for tasks to queue
[2023-06-22T15:43:41.618+0700] {logging_mixin.py:149} INFO - [2023-06-22T15:43:41.618+0700] {dagbag.py:541} INFO - Filling up the DagBag from /Users/macbook/Documents/Documents_MacBook_Pro/ISTT/AirflowTutorial/envlibs/lib/python3.10/site-packages/airflow/example_dags/example_latest_only_with_trigger.py
[2023-06-22T15:43:41.652+0700] {processor.py:836} INFO - DAG(s) dict_keys(['latest_only_with_trigger']) retrieved from /Users/macbook/Documents/Documents_MacBook_Pro/ISTT/AirflowTutorial/envlibs/lib/python3.10/site-packages/airflow/example_dags/example_latest_only_with_trigger.py
[2023-06-22T15:43:42.633+0700] {logging_mixin.py:149} INFO - [2023-06-22T15:43:42.633+0700] {dag.py:2726} INFO - Sync 1 DAGs
[2023-06-22T15:43:42.661+0700] {logging_mixin.py:149} INFO - [2023-06-22T15:43:42.660+0700] {dag.py:3486} INFO - Setting next_dagrun for latest_only_with_trigger to 2023-06-22T04:43:42.660767+00:00, run_after=2023-06-22T08:43:42.660767+00:00
[2023-06-22T15:43:42.687+0700] {processor.py:179} INFO - Processing /Users/macbook/Documents/Documents_MacBook_Pro/ISTT/AirflowTutorial/envlibs/lib/python3.10/site-packages/airflow/example_dags/example_latest_only_with_trigger.py took 1.073 seconds
[2023-06-22T15:48:02.375+0700] {processor.py:157} INFO - Started process (PID=14577) to work on /Users/macbook/Documents/Documents_MacBook_Pro/ISTT/AirflowTutorial/envlibs/lib/python3.10/site-packages/airflow/example_dags/example_latest_only_with_trigger.py
[2023-06-22T15:48:02.376+0700] {processor.py:826} INFO - Processing file /Users/macbook/Documents/Documents_MacBook_Pro/ISTT/AirflowTutorial/envlibs/lib/python3.10/site-packages/airflow/example_dags/example_latest_only_with_trigger.py for tasks to queue
[2023-06-22T15:48:02.377+0700] {logging_mixin.py:149} INFO - [2023-06-22T15:48:02.377+0700] {dagbag.py:541} INFO - Filling up the DagBag from /Users/macbook/Documents/Documents_MacBook_Pro/ISTT/AirflowTutorial/envlibs/lib/python3.10/site-packages/airflow/example_dags/example_latest_only_with_trigger.py
[2023-06-22T15:48:02.406+0700] {processor.py:836} INFO - DAG(s) dict_keys(['latest_only_with_trigger']) retrieved from /Users/macbook/Documents/Documents_MacBook_Pro/ISTT/AirflowTutorial/envlibs/lib/python3.10/site-packages/airflow/example_dags/example_latest_only_with_trigger.py
[2023-06-22T15:48:03.249+0700] {logging_mixin.py:149} INFO - [2023-06-22T15:48:03.249+0700] {dag.py:2726} INFO - Sync 1 DAGs
[2023-06-22T15:48:03.269+0700] {logging_mixin.py:149} INFO - [2023-06-22T15:48:03.268+0700] {dag.py:3486} INFO - Setting next_dagrun for latest_only_with_trigger to 2023-06-22T04:48:03.268623+00:00, run_after=2023-06-22T08:48:03.268623+00:00
[2023-06-22T15:48:03.289+0700] {processor.py:179} INFO - Processing /Users/macbook/Documents/Documents_MacBook_Pro/ISTT/AirflowTutorial/envlibs/lib/python3.10/site-packages/airflow/example_dags/example_latest_only_with_trigger.py took 0.915 seconds
[2023-06-22T15:52:37.290+0700] {processor.py:157} INFO - Started process (PID=14717) to work on /Users/macbook/Documents/Documents_MacBook_Pro/ISTT/AirflowTutorial/envlibs/lib/python3.10/site-packages/airflow/example_dags/example_latest_only_with_trigger.py
[2023-06-22T15:52:37.291+0700] {processor.py:826} INFO - Processing file /Users/macbook/Documents/Documents_MacBook_Pro/ISTT/AirflowTutorial/envlibs/lib/python3.10/site-packages/airflow/example_dags/example_latest_only_with_trigger.py for tasks to queue
[2023-06-22T15:52:37.292+0700] {logging_mixin.py:149} INFO - [2023-06-22T15:52:37.292+0700] {dagbag.py:541} INFO - Filling up the DagBag from /Users/macbook/Documents/Documents_MacBook_Pro/ISTT/AirflowTutorial/envlibs/lib/python3.10/site-packages/airflow/example_dags/example_latest_only_with_trigger.py
[2023-06-22T15:52:37.314+0700] {processor.py:836} INFO - DAG(s) dict_keys(['latest_only_with_trigger']) retrieved from /Users/macbook/Documents/Documents_MacBook_Pro/ISTT/AirflowTutorial/envlibs/lib/python3.10/site-packages/airflow/example_dags/example_latest_only_with_trigger.py
[2023-06-22T15:52:38.157+0700] {logging_mixin.py:149} INFO - [2023-06-22T15:52:38.156+0700] {dag.py:2726} INFO - Sync 1 DAGs
[2023-06-22T15:52:38.177+0700] {logging_mixin.py:149} INFO - [2023-06-22T15:52:38.177+0700] {dag.py:3486} INFO - Setting next_dagrun for latest_only_with_trigger to 2023-06-22T04:52:38.177545+00:00, run_after=2023-06-22T08:52:38.177545+00:00
[2023-06-22T15:52:38.195+0700] {processor.py:179} INFO - Processing /Users/macbook/Documents/Documents_MacBook_Pro/ISTT/AirflowTutorial/envlibs/lib/python3.10/site-packages/airflow/example_dags/example_latest_only_with_trigger.py took 0.906 seconds
[2023-06-22T15:57:07.303+0700] {processor.py:157} INFO - Started process (PID=14907) to work on /Users/macbook/Documents/Documents_MacBook_Pro/ISTT/AirflowTutorial/envlibs/lib/python3.10/site-packages/airflow/example_dags/example_latest_only_with_trigger.py
[2023-06-22T15:57:07.304+0700] {processor.py:826} INFO - Processing file /Users/macbook/Documents/Documents_MacBook_Pro/ISTT/AirflowTutorial/envlibs/lib/python3.10/site-packages/airflow/example_dags/example_latest_only_with_trigger.py for tasks to queue
[2023-06-22T15:57:07.305+0700] {logging_mixin.py:149} INFO - [2023-06-22T15:57:07.305+0700] {dagbag.py:541} INFO - Filling up the DagBag from /Users/macbook/Documents/Documents_MacBook_Pro/ISTT/AirflowTutorial/envlibs/lib/python3.10/site-packages/airflow/example_dags/example_latest_only_with_trigger.py
[2023-06-22T15:57:07.329+0700] {processor.py:836} INFO - DAG(s) dict_keys(['latest_only_with_trigger']) retrieved from /Users/macbook/Documents/Documents_MacBook_Pro/ISTT/AirflowTutorial/envlibs/lib/python3.10/site-packages/airflow/example_dags/example_latest_only_with_trigger.py
[2023-06-22T15:57:08.293+0700] {logging_mixin.py:149} INFO - [2023-06-22T15:57:08.292+0700] {dag.py:2726} INFO - Sync 1 DAGs
[2023-06-22T15:57:08.311+0700] {logging_mixin.py:149} INFO - [2023-06-22T15:57:08.311+0700] {dag.py:3486} INFO - Setting next_dagrun for latest_only_with_trigger to 2023-06-22T04:57:08.310958+00:00, run_after=2023-06-22T08:57:08.310958+00:00
[2023-06-22T15:57:08.331+0700] {processor.py:179} INFO - Processing /Users/macbook/Documents/Documents_MacBook_Pro/ISTT/AirflowTutorial/envlibs/lib/python3.10/site-packages/airflow/example_dags/example_latest_only_with_trigger.py took 1.029 seconds
[2023-06-22T16:01:38.703+0700] {processor.py:157} INFO - Started process (PID=15023) to work on /Users/macbook/Documents/Documents_MacBook_Pro/ISTT/AirflowTutorial/envlibs/lib/python3.10/site-packages/airflow/example_dags/example_latest_only_with_trigger.py
[2023-06-22T16:01:38.704+0700] {processor.py:826} INFO - Processing file /Users/macbook/Documents/Documents_MacBook_Pro/ISTT/AirflowTutorial/envlibs/lib/python3.10/site-packages/airflow/example_dags/example_latest_only_with_trigger.py for tasks to queue
[2023-06-22T16:01:38.705+0700] {logging_mixin.py:149} INFO - [2023-06-22T16:01:38.705+0700] {dagbag.py:541} INFO - Filling up the DagBag from /Users/macbook/Documents/Documents_MacBook_Pro/ISTT/AirflowTutorial/envlibs/lib/python3.10/site-packages/airflow/example_dags/example_latest_only_with_trigger.py
[2023-06-22T16:01:38.726+0700] {processor.py:836} INFO - DAG(s) dict_keys(['latest_only_with_trigger']) retrieved from /Users/macbook/Documents/Documents_MacBook_Pro/ISTT/AirflowTutorial/envlibs/lib/python3.10/site-packages/airflow/example_dags/example_latest_only_with_trigger.py
[2023-06-22T16:01:39.497+0700] {logging_mixin.py:149} INFO - [2023-06-22T16:01:39.497+0700] {dag.py:2726} INFO - Sync 1 DAGs
[2023-06-22T16:01:39.521+0700] {logging_mixin.py:149} INFO - [2023-06-22T16:01:39.521+0700] {dag.py:3486} INFO - Setting next_dagrun for latest_only_with_trigger to 2023-06-22T05:01:39.521499+00:00, run_after=2023-06-22T09:01:39.521499+00:00
[2023-06-22T16:01:39.542+0700] {processor.py:179} INFO - Processing /Users/macbook/Documents/Documents_MacBook_Pro/ISTT/AirflowTutorial/envlibs/lib/python3.10/site-packages/airflow/example_dags/example_latest_only_with_trigger.py took 0.840 seconds
[2023-06-22T16:06:00.648+0700] {processor.py:157} INFO - Started process (PID=15144) to work on /Users/macbook/Documents/Documents_MacBook_Pro/ISTT/AirflowTutorial/envlibs/lib/python3.10/site-packages/airflow/example_dags/example_latest_only_with_trigger.py
[2023-06-22T16:06:00.649+0700] {processor.py:826} INFO - Processing file /Users/macbook/Documents/Documents_MacBook_Pro/ISTT/AirflowTutorial/envlibs/lib/python3.10/site-packages/airflow/example_dags/example_latest_only_with_trigger.py for tasks to queue
[2023-06-22T16:06:00.650+0700] {logging_mixin.py:149} INFO - [2023-06-22T16:06:00.650+0700] {dagbag.py:541} INFO - Filling up the DagBag from /Users/macbook/Documents/Documents_MacBook_Pro/ISTT/AirflowTutorial/envlibs/lib/python3.10/site-packages/airflow/example_dags/example_latest_only_with_trigger.py
[2023-06-22T16:06:00.673+0700] {processor.py:836} INFO - DAG(s) dict_keys(['latest_only_with_trigger']) retrieved from /Users/macbook/Documents/Documents_MacBook_Pro/ISTT/AirflowTutorial/envlibs/lib/python3.10/site-packages/airflow/example_dags/example_latest_only_with_trigger.py
[2023-06-22T16:06:01.427+0700] {logging_mixin.py:149} INFO - [2023-06-22T16:06:01.426+0700] {dag.py:2726} INFO - Sync 1 DAGs
[2023-06-22T16:06:01.444+0700] {logging_mixin.py:149} INFO - [2023-06-22T16:06:01.444+0700] {dag.py:3486} INFO - Setting next_dagrun for latest_only_with_trigger to 2023-06-22T05:06:01.444047+00:00, run_after=2023-06-22T09:06:01.444047+00:00
[2023-06-22T16:06:01.463+0700] {processor.py:179} INFO - Processing /Users/macbook/Documents/Documents_MacBook_Pro/ISTT/AirflowTutorial/envlibs/lib/python3.10/site-packages/airflow/example_dags/example_latest_only_with_trigger.py took 0.816 seconds
[2023-06-22T16:10:19.073+0700] {processor.py:157} INFO - Started process (PID=15266) to work on /Users/macbook/Documents/Documents_MacBook_Pro/ISTT/AirflowTutorial/envlibs/lib/python3.10/site-packages/airflow/example_dags/example_latest_only_with_trigger.py
[2023-06-22T16:10:19.075+0700] {processor.py:826} INFO - Processing file /Users/macbook/Documents/Documents_MacBook_Pro/ISTT/AirflowTutorial/envlibs/lib/python3.10/site-packages/airflow/example_dags/example_latest_only_with_trigger.py for tasks to queue
[2023-06-22T16:10:19.075+0700] {logging_mixin.py:149} INFO - [2023-06-22T16:10:19.075+0700] {dagbag.py:541} INFO - Filling up the DagBag from /Users/macbook/Documents/Documents_MacBook_Pro/ISTT/AirflowTutorial/envlibs/lib/python3.10/site-packages/airflow/example_dags/example_latest_only_with_trigger.py
[2023-06-22T16:10:19.099+0700] {processor.py:836} INFO - DAG(s) dict_keys(['latest_only_with_trigger']) retrieved from /Users/macbook/Documents/Documents_MacBook_Pro/ISTT/AirflowTutorial/envlibs/lib/python3.10/site-packages/airflow/example_dags/example_latest_only_with_trigger.py
[2023-06-22T16:10:19.847+0700] {logging_mixin.py:149} INFO - [2023-06-22T16:10:19.846+0700] {dag.py:2726} INFO - Sync 1 DAGs
[2023-06-22T16:10:19.862+0700] {logging_mixin.py:149} INFO - [2023-06-22T16:10:19.862+0700] {dag.py:3486} INFO - Setting next_dagrun for latest_only_with_trigger to 2023-06-22T05:10:19.862395+00:00, run_after=2023-06-22T09:10:19.862395+00:00
[2023-06-22T16:10:19.880+0700] {processor.py:179} INFO - Processing /Users/macbook/Documents/Documents_MacBook_Pro/ISTT/AirflowTutorial/envlibs/lib/python3.10/site-packages/airflow/example_dags/example_latest_only_with_trigger.py took 0.807 seconds
[2023-06-22T16:14:07.394+0700] {processor.py:157} INFO - Started process (PID=15374) to work on /Users/macbook/Documents/Documents_MacBook_Pro/ISTT/AirflowTutorial/envlibs/lib/python3.10/site-packages/airflow/example_dags/example_latest_only_with_trigger.py
[2023-06-22T16:14:07.395+0700] {processor.py:826} INFO - Processing file /Users/macbook/Documents/Documents_MacBook_Pro/ISTT/AirflowTutorial/envlibs/lib/python3.10/site-packages/airflow/example_dags/example_latest_only_with_trigger.py for tasks to queue
[2023-06-22T16:14:07.396+0700] {logging_mixin.py:149} INFO - [2023-06-22T16:14:07.395+0700] {dagbag.py:541} INFO - Filling up the DagBag from /Users/macbook/Documents/Documents_MacBook_Pro/ISTT/AirflowTutorial/envlibs/lib/python3.10/site-packages/airflow/example_dags/example_latest_only_with_trigger.py
[2023-06-22T16:14:07.420+0700] {processor.py:836} INFO - DAG(s) dict_keys(['latest_only_with_trigger']) retrieved from /Users/macbook/Documents/Documents_MacBook_Pro/ISTT/AirflowTutorial/envlibs/lib/python3.10/site-packages/airflow/example_dags/example_latest_only_with_trigger.py
[2023-06-22T16:14:08.368+0700] {logging_mixin.py:149} INFO - [2023-06-22T16:14:08.368+0700] {dag.py:2726} INFO - Sync 1 DAGs
[2023-06-22T16:14:08.389+0700] {logging_mixin.py:149} INFO - [2023-06-22T16:14:08.389+0700] {dag.py:3486} INFO - Setting next_dagrun for latest_only_with_trigger to 2023-06-22T05:14:08.388854+00:00, run_after=2023-06-22T09:14:08.388854+00:00
[2023-06-22T16:14:08.411+0700] {processor.py:179} INFO - Processing /Users/macbook/Documents/Documents_MacBook_Pro/ISTT/AirflowTutorial/envlibs/lib/python3.10/site-packages/airflow/example_dags/example_latest_only_with_trigger.py took 1.018 seconds
[2023-06-22T16:18:25.460+0700] {processor.py:157} INFO - Started process (PID=15524) to work on /Users/macbook/Documents/Documents_MacBook_Pro/ISTT/AirflowTutorial/envlibs/lib/python3.10/site-packages/airflow/example_dags/example_latest_only_with_trigger.py
[2023-06-22T16:18:25.461+0700] {processor.py:826} INFO - Processing file /Users/macbook/Documents/Documents_MacBook_Pro/ISTT/AirflowTutorial/envlibs/lib/python3.10/site-packages/airflow/example_dags/example_latest_only_with_trigger.py for tasks to queue
[2023-06-22T16:18:25.462+0700] {logging_mixin.py:149} INFO - [2023-06-22T16:18:25.462+0700] {dagbag.py:541} INFO - Filling up the DagBag from /Users/macbook/Documents/Documents_MacBook_Pro/ISTT/AirflowTutorial/envlibs/lib/python3.10/site-packages/airflow/example_dags/example_latest_only_with_trigger.py
[2023-06-22T16:18:25.492+0700] {processor.py:836} INFO - DAG(s) dict_keys(['latest_only_with_trigger']) retrieved from /Users/macbook/Documents/Documents_MacBook_Pro/ISTT/AirflowTutorial/envlibs/lib/python3.10/site-packages/airflow/example_dags/example_latest_only_with_trigger.py
[2023-06-22T16:18:26.655+0700] {logging_mixin.py:149} INFO - [2023-06-22T16:18:26.654+0700] {dag.py:2726} INFO - Sync 1 DAGs
[2023-06-22T16:18:26.677+0700] {logging_mixin.py:149} INFO - [2023-06-22T16:18:26.677+0700] {dag.py:3486} INFO - Setting next_dagrun for latest_only_with_trigger to 2023-06-22T05:18:26.676862+00:00, run_after=2023-06-22T09:18:26.676862+00:00
[2023-06-22T16:18:26.699+0700] {processor.py:179} INFO - Processing /Users/macbook/Documents/Documents_MacBook_Pro/ISTT/AirflowTutorial/envlibs/lib/python3.10/site-packages/airflow/example_dags/example_latest_only_with_trigger.py took 1.240 seconds
[2023-06-22T16:22:45.812+0700] {processor.py:157} INFO - Started process (PID=15647) to work on /Users/macbook/Documents/Documents_MacBook_Pro/ISTT/AirflowTutorial/envlibs/lib/python3.10/site-packages/airflow/example_dags/example_latest_only_with_trigger.py
[2023-06-22T16:22:45.813+0700] {processor.py:826} INFO - Processing file /Users/macbook/Documents/Documents_MacBook_Pro/ISTT/AirflowTutorial/envlibs/lib/python3.10/site-packages/airflow/example_dags/example_latest_only_with_trigger.py for tasks to queue
[2023-06-22T16:22:45.814+0700] {logging_mixin.py:149} INFO - [2023-06-22T16:22:45.814+0700] {dagbag.py:541} INFO - Filling up the DagBag from /Users/macbook/Documents/Documents_MacBook_Pro/ISTT/AirflowTutorial/envlibs/lib/python3.10/site-packages/airflow/example_dags/example_latest_only_with_trigger.py
[2023-06-22T16:22:45.835+0700] {processor.py:836} INFO - DAG(s) dict_keys(['latest_only_with_trigger']) retrieved from /Users/macbook/Documents/Documents_MacBook_Pro/ISTT/AirflowTutorial/envlibs/lib/python3.10/site-packages/airflow/example_dags/example_latest_only_with_trigger.py
[2023-06-22T16:22:46.588+0700] {logging_mixin.py:149} INFO - [2023-06-22T16:22:46.588+0700] {dag.py:2726} INFO - Sync 1 DAGs
[2023-06-22T16:22:46.604+0700] {logging_mixin.py:149} INFO - [2023-06-22T16:22:46.604+0700] {dag.py:3486} INFO - Setting next_dagrun for latest_only_with_trigger to 2023-06-22T05:22:46.604275+00:00, run_after=2023-06-22T09:22:46.604275+00:00
[2023-06-22T16:22:46.622+0700] {processor.py:179} INFO - Processing /Users/macbook/Documents/Documents_MacBook_Pro/ISTT/AirflowTutorial/envlibs/lib/python3.10/site-packages/airflow/example_dags/example_latest_only_with_trigger.py took 0.811 seconds
[2023-06-22T16:26:40.506+0700] {processor.py:157} INFO - Started process (PID=15799) to work on /Users/macbook/Documents/Documents_MacBook_Pro/ISTT/AirflowTutorial/envlibs/lib/python3.10/site-packages/airflow/example_dags/example_latest_only_with_trigger.py
[2023-06-22T16:26:40.507+0700] {processor.py:826} INFO - Processing file /Users/macbook/Documents/Documents_MacBook_Pro/ISTT/AirflowTutorial/envlibs/lib/python3.10/site-packages/airflow/example_dags/example_latest_only_with_trigger.py for tasks to queue
[2023-06-22T16:26:40.508+0700] {logging_mixin.py:149} INFO - [2023-06-22T16:26:40.508+0700] {dagbag.py:541} INFO - Filling up the DagBag from /Users/macbook/Documents/Documents_MacBook_Pro/ISTT/AirflowTutorial/envlibs/lib/python3.10/site-packages/airflow/example_dags/example_latest_only_with_trigger.py
[2023-06-22T16:26:40.528+0700] {processor.py:836} INFO - DAG(s) dict_keys(['latest_only_with_trigger']) retrieved from /Users/macbook/Documents/Documents_MacBook_Pro/ISTT/AirflowTutorial/envlibs/lib/python3.10/site-packages/airflow/example_dags/example_latest_only_with_trigger.py
[2023-06-22T16:26:41.302+0700] {logging_mixin.py:149} INFO - [2023-06-22T16:26:41.302+0700] {dag.py:2726} INFO - Sync 1 DAGs
[2023-06-22T16:26:41.320+0700] {logging_mixin.py:149} INFO - [2023-06-22T16:26:41.320+0700] {dag.py:3486} INFO - Setting next_dagrun for latest_only_with_trigger to 2023-06-22T05:26:41.320088+00:00, run_after=2023-06-22T09:26:41.320088+00:00
[2023-06-22T16:26:41.340+0700] {processor.py:179} INFO - Processing /Users/macbook/Documents/Documents_MacBook_Pro/ISTT/AirflowTutorial/envlibs/lib/python3.10/site-packages/airflow/example_dags/example_latest_only_with_trigger.py took 0.834 seconds
