[2023-06-22T14:27:38.548+0700] {processor.py:157} INFO - Started process (PID=11873) to work on /Users/macbook/Documents/Documents_MacBook_Pro/ISTT/AirflowTutorial/envlibs/lib/python3.10/site-packages/airflow/example_dags/example_sla_dag.py
[2023-06-22T14:27:38.548+0700] {processor.py:826} INFO - Processing file /Users/macbook/Documents/Documents_MacBook_Pro/ISTT/AirflowTutorial/envlibs/lib/python3.10/site-packages/airflow/example_dags/example_sla_dag.py for tasks to queue
[2023-06-22T14:27:38.549+0700] {logging_mixin.py:149} INFO - [2023-06-22T14:27:38.549+0700] {dagbag.py:541} INFO - Filling up the DagBag from /Users/macbook/Documents/Documents_MacBook_Pro/ISTT/AirflowTutorial/envlibs/lib/python3.10/site-packages/airflow/example_dags/example_sla_dag.py
[2023-06-22T14:27:38.604+0700] {processor.py:836} INFO - DAG(s) dict_keys(['example_sla_dag']) retrieved from /Users/macbook/Documents/Documents_MacBook_Pro/ISTT/AirflowTutorial/envlibs/lib/python3.10/site-packages/airflow/example_dags/example_sla_dag.py
[2023-06-22T14:27:39.494+0700] {logging_mixin.py:149} INFO - [2023-06-22T14:27:39.493+0700] {dag.py:2726} INFO - Sync 1 DAGs
[2023-06-22T14:27:39.512+0700] {logging_mixin.py:149} INFO - [2023-06-22T14:27:39.512+0700] {dag.py:3486} INFO - Setting next_dagrun for example_sla_dag to 2023-06-22T07:24:00+00:00, run_after=2023-06-22T07:26:00+00:00
[2023-06-22T14:27:39.530+0700] {processor.py:179} INFO - Processing /Users/macbook/Documents/Documents_MacBook_Pro/ISTT/AirflowTutorial/envlibs/lib/python3.10/site-packages/airflow/example_dags/example_sla_dag.py took 0.983 seconds
[2023-06-22T14:30:06.523+0700] {processor.py:157} INFO - Started process (PID=11943) to work on /Users/macbook/Documents/Documents_MacBook_Pro/ISTT/AirflowTutorial/envlibs/lib/python3.10/site-packages/airflow/example_dags/example_sla_dag.py
[2023-06-22T14:30:06.524+0700] {processor.py:826} INFO - Processing file /Users/macbook/Documents/Documents_MacBook_Pro/ISTT/AirflowTutorial/envlibs/lib/python3.10/site-packages/airflow/example_dags/example_sla_dag.py for tasks to queue
[2023-06-22T14:30:06.525+0700] {logging_mixin.py:149} INFO - [2023-06-22T14:30:06.525+0700] {dagbag.py:541} INFO - Filling up the DagBag from /Users/macbook/Documents/Documents_MacBook_Pro/ISTT/AirflowTutorial/envlibs/lib/python3.10/site-packages/airflow/example_dags/example_sla_dag.py
[2023-06-22T14:30:06.589+0700] {processor.py:836} INFO - DAG(s) dict_keys(['example_sla_dag']) retrieved from /Users/macbook/Documents/Documents_MacBook_Pro/ISTT/AirflowTutorial/envlibs/lib/python3.10/site-packages/airflow/example_dags/example_sla_dag.py
[2023-06-22T14:30:07.441+0700] {logging_mixin.py:149} INFO - [2023-06-22T14:30:07.441+0700] {dag.py:2726} INFO - Sync 1 DAGs
[2023-06-22T14:30:07.467+0700] {logging_mixin.py:149} INFO - [2023-06-22T14:30:07.467+0700] {dag.py:3486} INFO - Setting next_dagrun for example_sla_dag to 2023-06-22T07:28:00+00:00, run_after=2023-06-22T07:30:00+00:00
[2023-06-22T14:30:07.490+0700] {processor.py:179} INFO - Processing /Users/macbook/Documents/Documents_MacBook_Pro/ISTT/AirflowTutorial/envlibs/lib/python3.10/site-packages/airflow/example_dags/example_sla_dag.py took 0.968 seconds
[2023-06-22T14:32:19.390+0700] {processor.py:157} INFO - Started process (PID=12043) to work on /Users/macbook/Documents/Documents_MacBook_Pro/ISTT/AirflowTutorial/envlibs/lib/python3.10/site-packages/airflow/example_dags/example_sla_dag.py
[2023-06-22T14:32:19.391+0700] {processor.py:826} INFO - Processing file /Users/macbook/Documents/Documents_MacBook_Pro/ISTT/AirflowTutorial/envlibs/lib/python3.10/site-packages/airflow/example_dags/example_sla_dag.py for tasks to queue
[2023-06-22T14:32:19.391+0700] {logging_mixin.py:149} INFO - [2023-06-22T14:32:19.391+0700] {dagbag.py:541} INFO - Filling up the DagBag from /Users/macbook/Documents/Documents_MacBook_Pro/ISTT/AirflowTutorial/envlibs/lib/python3.10/site-packages/airflow/example_dags/example_sla_dag.py
[2023-06-22T14:32:19.442+0700] {processor.py:836} INFO - DAG(s) dict_keys(['example_sla_dag']) retrieved from /Users/macbook/Documents/Documents_MacBook_Pro/ISTT/AirflowTutorial/envlibs/lib/python3.10/site-packages/airflow/example_dags/example_sla_dag.py
[2023-06-22T14:32:20.225+0700] {logging_mixin.py:149} INFO - [2023-06-22T14:32:20.225+0700] {dag.py:2726} INFO - Sync 1 DAGs
[2023-06-22T14:32:20.245+0700] {logging_mixin.py:149} INFO - [2023-06-22T14:32:20.245+0700] {dag.py:3486} INFO - Setting next_dagrun for example_sla_dag to 2023-06-22T07:30:00+00:00, run_after=2023-06-22T07:32:00+00:00
[2023-06-22T14:32:20.262+0700] {processor.py:179} INFO - Processing /Users/macbook/Documents/Documents_MacBook_Pro/ISTT/AirflowTutorial/envlibs/lib/python3.10/site-packages/airflow/example_dags/example_sla_dag.py took 0.873 seconds
[2023-06-22T14:34:48.347+0700] {processor.py:157} INFO - Started process (PID=12171) to work on /Users/macbook/Documents/Documents_MacBook_Pro/ISTT/AirflowTutorial/envlibs/lib/python3.10/site-packages/airflow/example_dags/example_sla_dag.py
[2023-06-22T14:34:48.348+0700] {processor.py:826} INFO - Processing file /Users/macbook/Documents/Documents_MacBook_Pro/ISTT/AirflowTutorial/envlibs/lib/python3.10/site-packages/airflow/example_dags/example_sla_dag.py for tasks to queue
[2023-06-22T14:34:48.349+0700] {logging_mixin.py:149} INFO - [2023-06-22T14:34:48.349+0700] {dagbag.py:541} INFO - Filling up the DagBag from /Users/macbook/Documents/Documents_MacBook_Pro/ISTT/AirflowTutorial/envlibs/lib/python3.10/site-packages/airflow/example_dags/example_sla_dag.py
[2023-06-22T14:34:48.413+0700] {processor.py:836} INFO - DAG(s) dict_keys(['example_sla_dag']) retrieved from /Users/macbook/Documents/Documents_MacBook_Pro/ISTT/AirflowTutorial/envlibs/lib/python3.10/site-packages/airflow/example_dags/example_sla_dag.py
[2023-06-22T14:34:49.366+0700] {logging_mixin.py:149} INFO - [2023-06-22T14:34:49.366+0700] {dag.py:2726} INFO - Sync 1 DAGs
[2023-06-22T14:34:49.394+0700] {logging_mixin.py:149} INFO - [2023-06-22T14:34:49.394+0700] {dag.py:3486} INFO - Setting next_dagrun for example_sla_dag to 2023-06-22T07:32:00+00:00, run_after=2023-06-22T07:34:00+00:00
[2023-06-22T14:34:49.418+0700] {processor.py:179} INFO - Processing /Users/macbook/Documents/Documents_MacBook_Pro/ISTT/AirflowTutorial/envlibs/lib/python3.10/site-packages/airflow/example_dags/example_sla_dag.py took 1.073 seconds
[2023-06-22T14:37:34.917+0700] {processor.py:157} INFO - Started process (PID=12322) to work on /Users/macbook/Documents/Documents_MacBook_Pro/ISTT/AirflowTutorial/envlibs/lib/python3.10/site-packages/airflow/example_dags/example_sla_dag.py
[2023-06-22T14:37:34.919+0700] {processor.py:826} INFO - Processing file /Users/macbook/Documents/Documents_MacBook_Pro/ISTT/AirflowTutorial/envlibs/lib/python3.10/site-packages/airflow/example_dags/example_sla_dag.py for tasks to queue
[2023-06-22T14:37:34.921+0700] {logging_mixin.py:149} INFO - [2023-06-22T14:37:34.920+0700] {dagbag.py:541} INFO - Filling up the DagBag from /Users/macbook/Documents/Documents_MacBook_Pro/ISTT/AirflowTutorial/envlibs/lib/python3.10/site-packages/airflow/example_dags/example_sla_dag.py
[2023-06-22T14:37:35.020+0700] {processor.py:836} INFO - DAG(s) dict_keys(['example_sla_dag']) retrieved from /Users/macbook/Documents/Documents_MacBook_Pro/ISTT/AirflowTutorial/envlibs/lib/python3.10/site-packages/airflow/example_dags/example_sla_dag.py
[2023-06-22T14:37:36.810+0700] {logging_mixin.py:149} INFO - [2023-06-22T14:37:36.809+0700] {dag.py:2726} INFO - Sync 1 DAGs
[2023-06-22T14:37:36.880+0700] {logging_mixin.py:149} INFO - [2023-06-22T14:37:36.879+0700] {dag.py:2747} INFO - Creating ORM DAG for example_sla_dag
[2023-06-22T14:37:36.911+0700] {logging_mixin.py:149} INFO - [2023-06-22T14:37:36.911+0700] {dag.py:3486} INFO - Setting next_dagrun for example_sla_dag to 2023-06-22T07:34:00+00:00, run_after=2023-06-22T07:36:00+00:00
[2023-06-22T14:37:36.945+0700] {processor.py:179} INFO - Processing /Users/macbook/Documents/Documents_MacBook_Pro/ISTT/AirflowTutorial/envlibs/lib/python3.10/site-packages/airflow/example_dags/example_sla_dag.py took 2.029 seconds
[2023-06-22T14:40:05.495+0700] {processor.py:157} INFO - Started process (PID=12427) to work on /Users/macbook/Documents/Documents_MacBook_Pro/ISTT/AirflowTutorial/envlibs/lib/python3.10/site-packages/airflow/example_dags/example_sla_dag.py
[2023-06-22T14:40:05.496+0700] {processor.py:826} INFO - Processing file /Users/macbook/Documents/Documents_MacBook_Pro/ISTT/AirflowTutorial/envlibs/lib/python3.10/site-packages/airflow/example_dags/example_sla_dag.py for tasks to queue
[2023-06-22T14:40:05.497+0700] {logging_mixin.py:149} INFO - [2023-06-22T14:40:05.496+0700] {dagbag.py:541} INFO - Filling up the DagBag from /Users/macbook/Documents/Documents_MacBook_Pro/ISTT/AirflowTutorial/envlibs/lib/python3.10/site-packages/airflow/example_dags/example_sla_dag.py
[2023-06-22T14:40:05.554+0700] {processor.py:836} INFO - DAG(s) dict_keys(['example_sla_dag']) retrieved from /Users/macbook/Documents/Documents_MacBook_Pro/ISTT/AirflowTutorial/envlibs/lib/python3.10/site-packages/airflow/example_dags/example_sla_dag.py
[2023-06-22T14:40:06.403+0700] {logging_mixin.py:149} INFO - [2023-06-22T14:40:06.403+0700] {dag.py:2726} INFO - Sync 1 DAGs
[2023-06-22T14:40:06.411+0700] {logging_mixin.py:149} INFO - [2023-06-22T14:40:06.411+0700] {dag.py:2747} INFO - Creating ORM DAG for example_sla_dag
[2023-06-22T14:40:06.423+0700] {logging_mixin.py:149} INFO - [2023-06-22T14:40:06.423+0700] {dag.py:3486} INFO - Setting next_dagrun for example_sla_dag to 2023-06-22T07:38:00+00:00, run_after=2023-06-22T07:40:00+00:00
[2023-06-22T14:40:06.440+0700] {processor.py:179} INFO - Processing /Users/macbook/Documents/Documents_MacBook_Pro/ISTT/AirflowTutorial/envlibs/lib/python3.10/site-packages/airflow/example_dags/example_sla_dag.py took 0.946 seconds
[2023-06-22T14:42:16.470+0700] {processor.py:157} INFO - Started process (PID=12525) to work on /Users/macbook/Documents/Documents_MacBook_Pro/ISTT/AirflowTutorial/envlibs/lib/python3.10/site-packages/airflow/example_dags/example_sla_dag.py
[2023-06-22T14:42:16.471+0700] {processor.py:826} INFO - Processing file /Users/macbook/Documents/Documents_MacBook_Pro/ISTT/AirflowTutorial/envlibs/lib/python3.10/site-packages/airflow/example_dags/example_sla_dag.py for tasks to queue
[2023-06-22T14:42:16.472+0700] {logging_mixin.py:149} INFO - [2023-06-22T14:42:16.472+0700] {dagbag.py:541} INFO - Filling up the DagBag from /Users/macbook/Documents/Documents_MacBook_Pro/ISTT/AirflowTutorial/envlibs/lib/python3.10/site-packages/airflow/example_dags/example_sla_dag.py
[2023-06-22T14:42:16.531+0700] {processor.py:836} INFO - DAG(s) dict_keys(['example_sla_dag']) retrieved from /Users/macbook/Documents/Documents_MacBook_Pro/ISTT/AirflowTutorial/envlibs/lib/python3.10/site-packages/airflow/example_dags/example_sla_dag.py
[2023-06-22T14:42:17.403+0700] {logging_mixin.py:149} INFO - [2023-06-22T14:42:17.402+0700] {dag.py:2726} INFO - Sync 1 DAGs
[2023-06-22T14:42:17.422+0700] {logging_mixin.py:149} INFO - [2023-06-22T14:42:17.422+0700] {dag.py:3486} INFO - Setting next_dagrun for example_sla_dag to 2023-06-22T07:40:00+00:00, run_after=2023-06-22T07:42:00+00:00
[2023-06-22T14:42:17.445+0700] {processor.py:179} INFO - Processing /Users/macbook/Documents/Documents_MacBook_Pro/ISTT/AirflowTutorial/envlibs/lib/python3.10/site-packages/airflow/example_dags/example_sla_dag.py took 0.975 seconds
[2023-06-22T14:44:24.279+0700] {processor.py:157} INFO - Started process (PID=12580) to work on /Users/macbook/Documents/Documents_MacBook_Pro/ISTT/AirflowTutorial/envlibs/lib/python3.10/site-packages/airflow/example_dags/example_sla_dag.py
[2023-06-22T14:44:24.280+0700] {processor.py:826} INFO - Processing file /Users/macbook/Documents/Documents_MacBook_Pro/ISTT/AirflowTutorial/envlibs/lib/python3.10/site-packages/airflow/example_dags/example_sla_dag.py for tasks to queue
[2023-06-22T14:44:24.281+0700] {logging_mixin.py:149} INFO - [2023-06-22T14:44:24.281+0700] {dagbag.py:541} INFO - Filling up the DagBag from /Users/macbook/Documents/Documents_MacBook_Pro/ISTT/AirflowTutorial/envlibs/lib/python3.10/site-packages/airflow/example_dags/example_sla_dag.py
[2023-06-22T14:44:24.336+0700] {processor.py:836} INFO - DAG(s) dict_keys(['example_sla_dag']) retrieved from /Users/macbook/Documents/Documents_MacBook_Pro/ISTT/AirflowTutorial/envlibs/lib/python3.10/site-packages/airflow/example_dags/example_sla_dag.py
[2023-06-22T14:44:25.109+0700] {logging_mixin.py:149} INFO - [2023-06-22T14:44:25.109+0700] {dag.py:2726} INFO - Sync 1 DAGs
[2023-06-22T14:44:25.131+0700] {logging_mixin.py:149} INFO - [2023-06-22T14:44:25.131+0700] {dag.py:3486} INFO - Setting next_dagrun for example_sla_dag to 2023-06-22T07:42:00+00:00, run_after=2023-06-22T07:44:00+00:00
[2023-06-22T14:44:25.150+0700] {processor.py:179} INFO - Processing /Users/macbook/Documents/Documents_MacBook_Pro/ISTT/AirflowTutorial/envlibs/lib/python3.10/site-packages/airflow/example_dags/example_sla_dag.py took 0.873 seconds
[2023-06-22T14:46:28.183+0700] {processor.py:157} INFO - Started process (PID=12634) to work on /Users/macbook/Documents/Documents_MacBook_Pro/ISTT/AirflowTutorial/envlibs/lib/python3.10/site-packages/airflow/example_dags/example_sla_dag.py
[2023-06-22T14:46:28.185+0700] {processor.py:826} INFO - Processing file /Users/macbook/Documents/Documents_MacBook_Pro/ISTT/AirflowTutorial/envlibs/lib/python3.10/site-packages/airflow/example_dags/example_sla_dag.py for tasks to queue
[2023-06-22T14:46:28.186+0700] {logging_mixin.py:149} INFO - [2023-06-22T14:46:28.186+0700] {dagbag.py:541} INFO - Filling up the DagBag from /Users/macbook/Documents/Documents_MacBook_Pro/ISTT/AirflowTutorial/envlibs/lib/python3.10/site-packages/airflow/example_dags/example_sla_dag.py
[2023-06-22T14:46:28.242+0700] {processor.py:836} INFO - DAG(s) dict_keys(['example_sla_dag']) retrieved from /Users/macbook/Documents/Documents_MacBook_Pro/ISTT/AirflowTutorial/envlibs/lib/python3.10/site-packages/airflow/example_dags/example_sla_dag.py
[2023-06-22T14:46:28.986+0700] {logging_mixin.py:149} INFO - [2023-06-22T14:46:28.986+0700] {dag.py:2726} INFO - Sync 1 DAGs
[2023-06-22T14:46:29.006+0700] {logging_mixin.py:149} INFO - [2023-06-22T14:46:29.005+0700] {dag.py:3486} INFO - Setting next_dagrun for example_sla_dag to 2023-06-22T07:44:00+00:00, run_after=2023-06-22T07:46:00+00:00
[2023-06-22T14:46:29.023+0700] {processor.py:179} INFO - Processing /Users/macbook/Documents/Documents_MacBook_Pro/ISTT/AirflowTutorial/envlibs/lib/python3.10/site-packages/airflow/example_dags/example_sla_dag.py took 0.841 seconds
[2023-06-22T14:48:34.971+0700] {processor.py:157} INFO - Started process (PID=12698) to work on /Users/macbook/Documents/Documents_MacBook_Pro/ISTT/AirflowTutorial/envlibs/lib/python3.10/site-packages/airflow/example_dags/example_sla_dag.py
[2023-06-22T14:48:34.972+0700] {processor.py:826} INFO - Processing file /Users/macbook/Documents/Documents_MacBook_Pro/ISTT/AirflowTutorial/envlibs/lib/python3.10/site-packages/airflow/example_dags/example_sla_dag.py for tasks to queue
[2023-06-22T14:48:34.972+0700] {logging_mixin.py:149} INFO - [2023-06-22T14:48:34.972+0700] {dagbag.py:541} INFO - Filling up the DagBag from /Users/macbook/Documents/Documents_MacBook_Pro/ISTT/AirflowTutorial/envlibs/lib/python3.10/site-packages/airflow/example_dags/example_sla_dag.py
[2023-06-22T14:48:35.042+0700] {processor.py:836} INFO - DAG(s) dict_keys(['example_sla_dag']) retrieved from /Users/macbook/Documents/Documents_MacBook_Pro/ISTT/AirflowTutorial/envlibs/lib/python3.10/site-packages/airflow/example_dags/example_sla_dag.py
[2023-06-22T14:48:35.983+0700] {logging_mixin.py:149} INFO - [2023-06-22T14:48:35.983+0700] {dag.py:2726} INFO - Sync 1 DAGs
[2023-06-22T14:48:36.004+0700] {logging_mixin.py:149} INFO - [2023-06-22T14:48:36.004+0700] {dag.py:3486} INFO - Setting next_dagrun for example_sla_dag to 2023-06-22T07:46:00+00:00, run_after=2023-06-22T07:48:00+00:00
[2023-06-22T14:48:36.023+0700] {processor.py:179} INFO - Processing /Users/macbook/Documents/Documents_MacBook_Pro/ISTT/AirflowTutorial/envlibs/lib/python3.10/site-packages/airflow/example_dags/example_sla_dag.py took 1.053 seconds
[2023-06-22T14:50:41.294+0700] {processor.py:157} INFO - Started process (PID=12757) to work on /Users/macbook/Documents/Documents_MacBook_Pro/ISTT/AirflowTutorial/envlibs/lib/python3.10/site-packages/airflow/example_dags/example_sla_dag.py
[2023-06-22T14:50:41.295+0700] {processor.py:826} INFO - Processing file /Users/macbook/Documents/Documents_MacBook_Pro/ISTT/AirflowTutorial/envlibs/lib/python3.10/site-packages/airflow/example_dags/example_sla_dag.py for tasks to queue
[2023-06-22T14:50:41.296+0700] {logging_mixin.py:149} INFO - [2023-06-22T14:50:41.296+0700] {dagbag.py:541} INFO - Filling up the DagBag from /Users/macbook/Documents/Documents_MacBook_Pro/ISTT/AirflowTutorial/envlibs/lib/python3.10/site-packages/airflow/example_dags/example_sla_dag.py
[2023-06-22T14:50:41.349+0700] {processor.py:836} INFO - DAG(s) dict_keys(['example_sla_dag']) retrieved from /Users/macbook/Documents/Documents_MacBook_Pro/ISTT/AirflowTutorial/envlibs/lib/python3.10/site-packages/airflow/example_dags/example_sla_dag.py
[2023-06-22T14:50:42.175+0700] {logging_mixin.py:149} INFO - [2023-06-22T14:50:42.175+0700] {dag.py:2726} INFO - Sync 1 DAGs
[2023-06-22T14:50:42.194+0700] {logging_mixin.py:149} INFO - [2023-06-22T14:50:42.194+0700] {dag.py:3486} INFO - Setting next_dagrun for example_sla_dag to 2023-06-22T07:48:00+00:00, run_after=2023-06-22T07:50:00+00:00
[2023-06-22T14:50:42.215+0700] {processor.py:179} INFO - Processing /Users/macbook/Documents/Documents_MacBook_Pro/ISTT/AirflowTutorial/envlibs/lib/python3.10/site-packages/airflow/example_dags/example_sla_dag.py took 0.921 seconds
[2023-06-22T14:52:42.072+0700] {processor.py:157} INFO - Started process (PID=12813) to work on /Users/macbook/Documents/Documents_MacBook_Pro/ISTT/AirflowTutorial/envlibs/lib/python3.10/site-packages/airflow/example_dags/example_sla_dag.py
[2023-06-22T14:52:42.073+0700] {processor.py:826} INFO - Processing file /Users/macbook/Documents/Documents_MacBook_Pro/ISTT/AirflowTutorial/envlibs/lib/python3.10/site-packages/airflow/example_dags/example_sla_dag.py for tasks to queue
[2023-06-22T14:52:42.074+0700] {logging_mixin.py:149} INFO - [2023-06-22T14:52:42.074+0700] {dagbag.py:541} INFO - Filling up the DagBag from /Users/macbook/Documents/Documents_MacBook_Pro/ISTT/AirflowTutorial/envlibs/lib/python3.10/site-packages/airflow/example_dags/example_sla_dag.py
[2023-06-22T14:52:42.138+0700] {processor.py:836} INFO - DAG(s) dict_keys(['example_sla_dag']) retrieved from /Users/macbook/Documents/Documents_MacBook_Pro/ISTT/AirflowTutorial/envlibs/lib/python3.10/site-packages/airflow/example_dags/example_sla_dag.py
[2023-06-22T14:52:42.980+0700] {logging_mixin.py:149} INFO - [2023-06-22T14:52:42.979+0700] {dag.py:2726} INFO - Sync 1 DAGs
[2023-06-22T14:52:43.008+0700] {logging_mixin.py:149} INFO - [2023-06-22T14:52:43.008+0700] {dag.py:3486} INFO - Setting next_dagrun for example_sla_dag to 2023-06-22T07:50:00+00:00, run_after=2023-06-22T07:52:00+00:00
[2023-06-22T14:52:43.027+0700] {processor.py:179} INFO - Processing /Users/macbook/Documents/Documents_MacBook_Pro/ISTT/AirflowTutorial/envlibs/lib/python3.10/site-packages/airflow/example_dags/example_sla_dag.py took 0.955 seconds
[2023-06-22T14:54:41.757+0700] {processor.py:157} INFO - Started process (PID=12866) to work on /Users/macbook/Documents/Documents_MacBook_Pro/ISTT/AirflowTutorial/envlibs/lib/python3.10/site-packages/airflow/example_dags/example_sla_dag.py
[2023-06-22T14:54:41.758+0700] {processor.py:826} INFO - Processing file /Users/macbook/Documents/Documents_MacBook_Pro/ISTT/AirflowTutorial/envlibs/lib/python3.10/site-packages/airflow/example_dags/example_sla_dag.py for tasks to queue
[2023-06-22T14:54:41.759+0700] {logging_mixin.py:149} INFO - [2023-06-22T14:54:41.758+0700] {dagbag.py:541} INFO - Filling up the DagBag from /Users/macbook/Documents/Documents_MacBook_Pro/ISTT/AirflowTutorial/envlibs/lib/python3.10/site-packages/airflow/example_dags/example_sla_dag.py
[2023-06-22T14:54:41.810+0700] {processor.py:836} INFO - DAG(s) dict_keys(['example_sla_dag']) retrieved from /Users/macbook/Documents/Documents_MacBook_Pro/ISTT/AirflowTutorial/envlibs/lib/python3.10/site-packages/airflow/example_dags/example_sla_dag.py
[2023-06-22T14:54:42.530+0700] {logging_mixin.py:149} INFO - [2023-06-22T14:54:42.530+0700] {dag.py:2726} INFO - Sync 1 DAGs
[2023-06-22T14:54:42.548+0700] {logging_mixin.py:149} INFO - [2023-06-22T14:54:42.548+0700] {dag.py:3486} INFO - Setting next_dagrun for example_sla_dag to 2023-06-22T07:52:00+00:00, run_after=2023-06-22T07:54:00+00:00
[2023-06-22T14:54:42.565+0700] {processor.py:179} INFO - Processing /Users/macbook/Documents/Documents_MacBook_Pro/ISTT/AirflowTutorial/envlibs/lib/python3.10/site-packages/airflow/example_dags/example_sla_dag.py took 0.809 seconds
[2023-06-22T14:56:35.632+0700] {processor.py:157} INFO - Started process (PID=12917) to work on /Users/macbook/Documents/Documents_MacBook_Pro/ISTT/AirflowTutorial/envlibs/lib/python3.10/site-packages/airflow/example_dags/example_sla_dag.py
[2023-06-22T14:56:35.632+0700] {processor.py:826} INFO - Processing file /Users/macbook/Documents/Documents_MacBook_Pro/ISTT/AirflowTutorial/envlibs/lib/python3.10/site-packages/airflow/example_dags/example_sla_dag.py for tasks to queue
[2023-06-22T14:56:35.633+0700] {logging_mixin.py:149} INFO - [2023-06-22T14:56:35.633+0700] {dagbag.py:541} INFO - Filling up the DagBag from /Users/macbook/Documents/Documents_MacBook_Pro/ISTT/AirflowTutorial/envlibs/lib/python3.10/site-packages/airflow/example_dags/example_sla_dag.py
[2023-06-22T14:56:35.683+0700] {processor.py:836} INFO - DAG(s) dict_keys(['example_sla_dag']) retrieved from /Users/macbook/Documents/Documents_MacBook_Pro/ISTT/AirflowTutorial/envlibs/lib/python3.10/site-packages/airflow/example_dags/example_sla_dag.py
[2023-06-22T14:56:36.516+0700] {logging_mixin.py:149} INFO - [2023-06-22T14:56:36.516+0700] {dag.py:2726} INFO - Sync 1 DAGs
[2023-06-22T14:56:36.535+0700] {logging_mixin.py:149} INFO - [2023-06-22T14:56:36.535+0700] {dag.py:3486} INFO - Setting next_dagrun for example_sla_dag to 2023-06-22T07:54:00+00:00, run_after=2023-06-22T07:56:00+00:00
[2023-06-22T14:56:36.552+0700] {processor.py:179} INFO - Processing /Users/macbook/Documents/Documents_MacBook_Pro/ISTT/AirflowTutorial/envlibs/lib/python3.10/site-packages/airflow/example_dags/example_sla_dag.py took 0.921 seconds
[2023-06-22T14:58:37.924+0700] {processor.py:157} INFO - Started process (PID=12971) to work on /Users/macbook/Documents/Documents_MacBook_Pro/ISTT/AirflowTutorial/envlibs/lib/python3.10/site-packages/airflow/example_dags/example_sla_dag.py
[2023-06-22T14:58:37.925+0700] {processor.py:826} INFO - Processing file /Users/macbook/Documents/Documents_MacBook_Pro/ISTT/AirflowTutorial/envlibs/lib/python3.10/site-packages/airflow/example_dags/example_sla_dag.py for tasks to queue
[2023-06-22T14:58:37.926+0700] {logging_mixin.py:149} INFO - [2023-06-22T14:58:37.926+0700] {dagbag.py:541} INFO - Filling up the DagBag from /Users/macbook/Documents/Documents_MacBook_Pro/ISTT/AirflowTutorial/envlibs/lib/python3.10/site-packages/airflow/example_dags/example_sla_dag.py
[2023-06-22T14:58:37.986+0700] {processor.py:836} INFO - DAG(s) dict_keys(['example_sla_dag']) retrieved from /Users/macbook/Documents/Documents_MacBook_Pro/ISTT/AirflowTutorial/envlibs/lib/python3.10/site-packages/airflow/example_dags/example_sla_dag.py
[2023-06-22T14:58:38.764+0700] {logging_mixin.py:149} INFO - [2023-06-22T14:58:38.763+0700] {dag.py:2726} INFO - Sync 1 DAGs
[2023-06-22T14:58:38.783+0700] {logging_mixin.py:149} INFO - [2023-06-22T14:58:38.783+0700] {dag.py:3486} INFO - Setting next_dagrun for example_sla_dag to 2023-06-22T07:56:00+00:00, run_after=2023-06-22T07:58:00+00:00
[2023-06-22T14:58:38.803+0700] {processor.py:179} INFO - Processing /Users/macbook/Documents/Documents_MacBook_Pro/ISTT/AirflowTutorial/envlibs/lib/python3.10/site-packages/airflow/example_dags/example_sla_dag.py took 0.880 seconds
[2023-06-22T15:00:42.883+0700] {processor.py:157} INFO - Started process (PID=13024) to work on /Users/macbook/Documents/Documents_MacBook_Pro/ISTT/AirflowTutorial/envlibs/lib/python3.10/site-packages/airflow/example_dags/example_sla_dag.py
[2023-06-22T15:00:42.884+0700] {processor.py:826} INFO - Processing file /Users/macbook/Documents/Documents_MacBook_Pro/ISTT/AirflowTutorial/envlibs/lib/python3.10/site-packages/airflow/example_dags/example_sla_dag.py for tasks to queue
[2023-06-22T15:00:42.885+0700] {logging_mixin.py:149} INFO - [2023-06-22T15:00:42.885+0700] {dagbag.py:541} INFO - Filling up the DagBag from /Users/macbook/Documents/Documents_MacBook_Pro/ISTT/AirflowTutorial/envlibs/lib/python3.10/site-packages/airflow/example_dags/example_sla_dag.py
[2023-06-22T15:00:42.935+0700] {processor.py:836} INFO - DAG(s) dict_keys(['example_sla_dag']) retrieved from /Users/macbook/Documents/Documents_MacBook_Pro/ISTT/AirflowTutorial/envlibs/lib/python3.10/site-packages/airflow/example_dags/example_sla_dag.py
[2023-06-22T15:00:43.670+0700] {logging_mixin.py:149} INFO - [2023-06-22T15:00:43.669+0700] {dag.py:2726} INFO - Sync 1 DAGs
[2023-06-22T15:00:43.691+0700] {logging_mixin.py:149} INFO - [2023-06-22T15:00:43.691+0700] {dag.py:3486} INFO - Setting next_dagrun for example_sla_dag to 2023-06-22T07:58:00+00:00, run_after=2023-06-22T08:00:00+00:00
[2023-06-22T15:00:43.712+0700] {processor.py:179} INFO - Processing /Users/macbook/Documents/Documents_MacBook_Pro/ISTT/AirflowTutorial/envlibs/lib/python3.10/site-packages/airflow/example_dags/example_sla_dag.py took 0.830 seconds
[2023-06-22T15:02:43.802+0700] {processor.py:157} INFO - Started process (PID=13082) to work on /Users/macbook/Documents/Documents_MacBook_Pro/ISTT/AirflowTutorial/envlibs/lib/python3.10/site-packages/airflow/example_dags/example_sla_dag.py
[2023-06-22T15:02:43.803+0700] {processor.py:826} INFO - Processing file /Users/macbook/Documents/Documents_MacBook_Pro/ISTT/AirflowTutorial/envlibs/lib/python3.10/site-packages/airflow/example_dags/example_sla_dag.py for tasks to queue
[2023-06-22T15:02:43.804+0700] {logging_mixin.py:149} INFO - [2023-06-22T15:02:43.804+0700] {dagbag.py:541} INFO - Filling up the DagBag from /Users/macbook/Documents/Documents_MacBook_Pro/ISTT/AirflowTutorial/envlibs/lib/python3.10/site-packages/airflow/example_dags/example_sla_dag.py
[2023-06-22T15:02:43.851+0700] {processor.py:836} INFO - DAG(s) dict_keys(['example_sla_dag']) retrieved from /Users/macbook/Documents/Documents_MacBook_Pro/ISTT/AirflowTutorial/envlibs/lib/python3.10/site-packages/airflow/example_dags/example_sla_dag.py
[2023-06-22T15:02:44.579+0700] {logging_mixin.py:149} INFO - [2023-06-22T15:02:44.579+0700] {dag.py:2726} INFO - Sync 1 DAGs
[2023-06-22T15:02:44.597+0700] {logging_mixin.py:149} INFO - [2023-06-22T15:02:44.597+0700] {dag.py:3486} INFO - Setting next_dagrun for example_sla_dag to 2023-06-22T08:00:00+00:00, run_after=2023-06-22T08:02:00+00:00
[2023-06-22T15:02:44.613+0700] {processor.py:179} INFO - Processing /Users/macbook/Documents/Documents_MacBook_Pro/ISTT/AirflowTutorial/envlibs/lib/python3.10/site-packages/airflow/example_dags/example_sla_dag.py took 0.812 seconds
[2023-06-22T15:04:44.580+0700] {processor.py:157} INFO - Started process (PID=13140) to work on /Users/macbook/Documents/Documents_MacBook_Pro/ISTT/AirflowTutorial/envlibs/lib/python3.10/site-packages/airflow/example_dags/example_sla_dag.py
[2023-06-22T15:04:44.581+0700] {processor.py:826} INFO - Processing file /Users/macbook/Documents/Documents_MacBook_Pro/ISTT/AirflowTutorial/envlibs/lib/python3.10/site-packages/airflow/example_dags/example_sla_dag.py for tasks to queue
[2023-06-22T15:04:44.582+0700] {logging_mixin.py:149} INFO - [2023-06-22T15:04:44.582+0700] {dagbag.py:541} INFO - Filling up the DagBag from /Users/macbook/Documents/Documents_MacBook_Pro/ISTT/AirflowTutorial/envlibs/lib/python3.10/site-packages/airflow/example_dags/example_sla_dag.py
[2023-06-22T15:04:44.633+0700] {processor.py:836} INFO - DAG(s) dict_keys(['example_sla_dag']) retrieved from /Users/macbook/Documents/Documents_MacBook_Pro/ISTT/AirflowTutorial/envlibs/lib/python3.10/site-packages/airflow/example_dags/example_sla_dag.py
[2023-06-22T15:04:45.351+0700] {logging_mixin.py:149} INFO - [2023-06-22T15:04:45.351+0700] {dag.py:2726} INFO - Sync 1 DAGs
[2023-06-22T15:04:45.371+0700] {logging_mixin.py:149} INFO - [2023-06-22T15:04:45.371+0700] {dag.py:3486} INFO - Setting next_dagrun for example_sla_dag to 2023-06-22T08:02:00+00:00, run_after=2023-06-22T08:04:00+00:00
[2023-06-22T15:04:45.387+0700] {processor.py:179} INFO - Processing /Users/macbook/Documents/Documents_MacBook_Pro/ISTT/AirflowTutorial/envlibs/lib/python3.10/site-packages/airflow/example_dags/example_sla_dag.py took 0.808 seconds
[2023-06-22T15:06:55.235+0700] {processor.py:157} INFO - Started process (PID=13245) to work on /Users/macbook/Documents/Documents_MacBook_Pro/ISTT/AirflowTutorial/envlibs/lib/python3.10/site-packages/airflow/example_dags/example_sla_dag.py
[2023-06-22T15:06:55.236+0700] {processor.py:826} INFO - Processing file /Users/macbook/Documents/Documents_MacBook_Pro/ISTT/AirflowTutorial/envlibs/lib/python3.10/site-packages/airflow/example_dags/example_sla_dag.py for tasks to queue
[2023-06-22T15:06:55.237+0700] {logging_mixin.py:149} INFO - [2023-06-22T15:06:55.237+0700] {dagbag.py:541} INFO - Filling up the DagBag from /Users/macbook/Documents/Documents_MacBook_Pro/ISTT/AirflowTutorial/envlibs/lib/python3.10/site-packages/airflow/example_dags/example_sla_dag.py
[2023-06-22T15:06:55.291+0700] {processor.py:836} INFO - DAG(s) dict_keys(['example_sla_dag']) retrieved from /Users/macbook/Documents/Documents_MacBook_Pro/ISTT/AirflowTutorial/envlibs/lib/python3.10/site-packages/airflow/example_dags/example_sla_dag.py
[2023-06-22T15:06:56.035+0700] {logging_mixin.py:149} INFO - [2023-06-22T15:06:56.035+0700] {dag.py:2726} INFO - Sync 1 DAGs
[2023-06-22T15:06:56.055+0700] {logging_mixin.py:149} INFO - [2023-06-22T15:06:56.054+0700] {dag.py:3486} INFO - Setting next_dagrun for example_sla_dag to 2023-06-22T08:04:00+00:00, run_after=2023-06-22T08:06:00+00:00
[2023-06-22T15:06:56.073+0700] {processor.py:179} INFO - Processing /Users/macbook/Documents/Documents_MacBook_Pro/ISTT/AirflowTutorial/envlibs/lib/python3.10/site-packages/airflow/example_dags/example_sla_dag.py took 0.839 seconds
[2023-06-22T15:08:55.514+0700] {processor.py:157} INFO - Started process (PID=13296) to work on /Users/macbook/Documents/Documents_MacBook_Pro/ISTT/AirflowTutorial/envlibs/lib/python3.10/site-packages/airflow/example_dags/example_sla_dag.py
[2023-06-22T15:08:55.515+0700] {processor.py:826} INFO - Processing file /Users/macbook/Documents/Documents_MacBook_Pro/ISTT/AirflowTutorial/envlibs/lib/python3.10/site-packages/airflow/example_dags/example_sla_dag.py for tasks to queue
[2023-06-22T15:08:55.515+0700] {logging_mixin.py:149} INFO - [2023-06-22T15:08:55.515+0700] {dagbag.py:541} INFO - Filling up the DagBag from /Users/macbook/Documents/Documents_MacBook_Pro/ISTT/AirflowTutorial/envlibs/lib/python3.10/site-packages/airflow/example_dags/example_sla_dag.py
[2023-06-22T15:08:55.573+0700] {processor.py:836} INFO - DAG(s) dict_keys(['example_sla_dag']) retrieved from /Users/macbook/Documents/Documents_MacBook_Pro/ISTT/AirflowTutorial/envlibs/lib/python3.10/site-packages/airflow/example_dags/example_sla_dag.py
[2023-06-22T15:08:56.477+0700] {logging_mixin.py:149} INFO - [2023-06-22T15:08:56.477+0700] {dag.py:2726} INFO - Sync 1 DAGs
[2023-06-22T15:08:56.501+0700] {logging_mixin.py:149} INFO - [2023-06-22T15:08:56.501+0700] {dag.py:3486} INFO - Setting next_dagrun for example_sla_dag to 2023-06-22T08:06:00+00:00, run_after=2023-06-22T08:08:00+00:00
[2023-06-22T15:08:56.520+0700] {processor.py:179} INFO - Processing /Users/macbook/Documents/Documents_MacBook_Pro/ISTT/AirflowTutorial/envlibs/lib/python3.10/site-packages/airflow/example_dags/example_sla_dag.py took 1.007 seconds
[2023-06-22T15:11:00.460+0700] {processor.py:157} INFO - Started process (PID=13392) to work on /Users/macbook/Documents/Documents_MacBook_Pro/ISTT/AirflowTutorial/envlibs/lib/python3.10/site-packages/airflow/example_dags/example_sla_dag.py
[2023-06-22T15:11:00.462+0700] {processor.py:826} INFO - Processing file /Users/macbook/Documents/Documents_MacBook_Pro/ISTT/AirflowTutorial/envlibs/lib/python3.10/site-packages/airflow/example_dags/example_sla_dag.py for tasks to queue
[2023-06-22T15:11:00.462+0700] {logging_mixin.py:149} INFO - [2023-06-22T15:11:00.462+0700] {dagbag.py:541} INFO - Filling up the DagBag from /Users/macbook/Documents/Documents_MacBook_Pro/ISTT/AirflowTutorial/envlibs/lib/python3.10/site-packages/airflow/example_dags/example_sla_dag.py
[2023-06-22T15:11:00.535+0700] {processor.py:836} INFO - DAG(s) dict_keys(['example_sla_dag']) retrieved from /Users/macbook/Documents/Documents_MacBook_Pro/ISTT/AirflowTutorial/envlibs/lib/python3.10/site-packages/airflow/example_dags/example_sla_dag.py
[2023-06-22T15:11:01.440+0700] {logging_mixin.py:149} INFO - [2023-06-22T15:11:01.440+0700] {dag.py:2726} INFO - Sync 1 DAGs
[2023-06-22T15:11:01.463+0700] {logging_mixin.py:149} INFO - [2023-06-22T15:11:01.462+0700] {dag.py:3486} INFO - Setting next_dagrun for example_sla_dag to 2023-06-22T08:08:00+00:00, run_after=2023-06-22T08:10:00+00:00
[2023-06-22T15:11:01.483+0700] {processor.py:179} INFO - Processing /Users/macbook/Documents/Documents_MacBook_Pro/ISTT/AirflowTutorial/envlibs/lib/python3.10/site-packages/airflow/example_dags/example_sla_dag.py took 1.024 seconds
[2023-06-22T15:13:05.804+0700] {processor.py:157} INFO - Started process (PID=13451) to work on /Users/macbook/Documents/Documents_MacBook_Pro/ISTT/AirflowTutorial/envlibs/lib/python3.10/site-packages/airflow/example_dags/example_sla_dag.py
[2023-06-22T15:13:05.805+0700] {processor.py:826} INFO - Processing file /Users/macbook/Documents/Documents_MacBook_Pro/ISTT/AirflowTutorial/envlibs/lib/python3.10/site-packages/airflow/example_dags/example_sla_dag.py for tasks to queue
[2023-06-22T15:13:05.805+0700] {logging_mixin.py:149} INFO - [2023-06-22T15:13:05.805+0700] {dagbag.py:541} INFO - Filling up the DagBag from /Users/macbook/Documents/Documents_MacBook_Pro/ISTT/AirflowTutorial/envlibs/lib/python3.10/site-packages/airflow/example_dags/example_sla_dag.py
[2023-06-22T15:13:05.858+0700] {processor.py:836} INFO - DAG(s) dict_keys(['example_sla_dag']) retrieved from /Users/macbook/Documents/Documents_MacBook_Pro/ISTT/AirflowTutorial/envlibs/lib/python3.10/site-packages/airflow/example_dags/example_sla_dag.py
[2023-06-22T15:13:06.604+0700] {logging_mixin.py:149} INFO - [2023-06-22T15:13:06.604+0700] {dag.py:2726} INFO - Sync 1 DAGs
[2023-06-22T15:13:06.623+0700] {logging_mixin.py:149} INFO - [2023-06-22T15:13:06.622+0700] {dag.py:3486} INFO - Setting next_dagrun for example_sla_dag to 2023-06-22T08:10:00+00:00, run_after=2023-06-22T08:12:00+00:00
[2023-06-22T15:13:06.639+0700] {processor.py:179} INFO - Processing /Users/macbook/Documents/Documents_MacBook_Pro/ISTT/AirflowTutorial/envlibs/lib/python3.10/site-packages/airflow/example_dags/example_sla_dag.py took 0.836 seconds
[2023-06-22T15:15:11.549+0700] {processor.py:157} INFO - Started process (PID=13542) to work on /Users/macbook/Documents/Documents_MacBook_Pro/ISTT/AirflowTutorial/envlibs/lib/python3.10/site-packages/airflow/example_dags/example_sla_dag.py
[2023-06-22T15:15:11.550+0700] {processor.py:826} INFO - Processing file /Users/macbook/Documents/Documents_MacBook_Pro/ISTT/AirflowTutorial/envlibs/lib/python3.10/site-packages/airflow/example_dags/example_sla_dag.py for tasks to queue
[2023-06-22T15:15:11.550+0700] {logging_mixin.py:149} INFO - [2023-06-22T15:15:11.550+0700] {dagbag.py:541} INFO - Filling up the DagBag from /Users/macbook/Documents/Documents_MacBook_Pro/ISTT/AirflowTutorial/envlibs/lib/python3.10/site-packages/airflow/example_dags/example_sla_dag.py
[2023-06-22T15:15:11.606+0700] {processor.py:836} INFO - DAG(s) dict_keys(['example_sla_dag']) retrieved from /Users/macbook/Documents/Documents_MacBook_Pro/ISTT/AirflowTutorial/envlibs/lib/python3.10/site-packages/airflow/example_dags/example_sla_dag.py
[2023-06-22T15:15:12.375+0700] {logging_mixin.py:149} INFO - [2023-06-22T15:15:12.375+0700] {dag.py:2726} INFO - Sync 1 DAGs
[2023-06-22T15:15:12.395+0700] {logging_mixin.py:149} INFO - [2023-06-22T15:15:12.394+0700] {dag.py:3486} INFO - Setting next_dagrun for example_sla_dag to 2023-06-22T08:12:00+00:00, run_after=2023-06-22T08:14:00+00:00
[2023-06-22T15:15:12.411+0700] {processor.py:179} INFO - Processing /Users/macbook/Documents/Documents_MacBook_Pro/ISTT/AirflowTutorial/envlibs/lib/python3.10/site-packages/airflow/example_dags/example_sla_dag.py took 0.864 seconds
[2023-06-22T15:17:23.009+0700] {processor.py:157} INFO - Started process (PID=13623) to work on /Users/macbook/Documents/Documents_MacBook_Pro/ISTT/AirflowTutorial/envlibs/lib/python3.10/site-packages/airflow/example_dags/example_sla_dag.py
[2023-06-22T15:17:23.010+0700] {processor.py:826} INFO - Processing file /Users/macbook/Documents/Documents_MacBook_Pro/ISTT/AirflowTutorial/envlibs/lib/python3.10/site-packages/airflow/example_dags/example_sla_dag.py for tasks to queue
[2023-06-22T15:17:23.010+0700] {logging_mixin.py:149} INFO - [2023-06-22T15:17:23.010+0700] {dagbag.py:541} INFO - Filling up the DagBag from /Users/macbook/Documents/Documents_MacBook_Pro/ISTT/AirflowTutorial/envlibs/lib/python3.10/site-packages/airflow/example_dags/example_sla_dag.py
[2023-06-22T15:17:23.065+0700] {processor.py:836} INFO - DAG(s) dict_keys(['example_sla_dag']) retrieved from /Users/macbook/Documents/Documents_MacBook_Pro/ISTT/AirflowTutorial/envlibs/lib/python3.10/site-packages/airflow/example_dags/example_sla_dag.py
[2023-06-22T15:17:23.810+0700] {logging_mixin.py:149} INFO - [2023-06-22T15:17:23.810+0700] {dag.py:2726} INFO - Sync 1 DAGs
[2023-06-22T15:17:23.829+0700] {logging_mixin.py:149} INFO - [2023-06-22T15:17:23.829+0700] {dag.py:3486} INFO - Setting next_dagrun for example_sla_dag to 2023-06-22T08:14:00+00:00, run_after=2023-06-22T08:16:00+00:00
[2023-06-22T15:17:23.848+0700] {processor.py:179} INFO - Processing /Users/macbook/Documents/Documents_MacBook_Pro/ISTT/AirflowTutorial/envlibs/lib/python3.10/site-packages/airflow/example_dags/example_sla_dag.py took 0.840 seconds
[2023-06-22T15:19:22.945+0700] {processor.py:157} INFO - Started process (PID=13720) to work on /Users/macbook/Documents/Documents_MacBook_Pro/ISTT/AirflowTutorial/envlibs/lib/python3.10/site-packages/airflow/example_dags/example_sla_dag.py
[2023-06-22T15:19:22.947+0700] {processor.py:826} INFO - Processing file /Users/macbook/Documents/Documents_MacBook_Pro/ISTT/AirflowTutorial/envlibs/lib/python3.10/site-packages/airflow/example_dags/example_sla_dag.py for tasks to queue
[2023-06-22T15:19:22.948+0700] {logging_mixin.py:149} INFO - [2023-06-22T15:19:22.948+0700] {dagbag.py:541} INFO - Filling up the DagBag from /Users/macbook/Documents/Documents_MacBook_Pro/ISTT/AirflowTutorial/envlibs/lib/python3.10/site-packages/airflow/example_dags/example_sla_dag.py
[2023-06-22T15:19:22.995+0700] {processor.py:836} INFO - DAG(s) dict_keys(['example_sla_dag']) retrieved from /Users/macbook/Documents/Documents_MacBook_Pro/ISTT/AirflowTutorial/envlibs/lib/python3.10/site-packages/airflow/example_dags/example_sla_dag.py
[2023-06-22T15:19:23.674+0700] {logging_mixin.py:149} INFO - [2023-06-22T15:19:23.674+0700] {dag.py:2726} INFO - Sync 1 DAGs
[2023-06-22T15:19:23.692+0700] {logging_mixin.py:149} INFO - [2023-06-22T15:19:23.691+0700] {dag.py:3486} INFO - Setting next_dagrun for example_sla_dag to 2023-06-22T08:16:00+00:00, run_after=2023-06-22T08:18:00+00:00
[2023-06-22T15:19:23.708+0700] {processor.py:179} INFO - Processing /Users/macbook/Documents/Documents_MacBook_Pro/ISTT/AirflowTutorial/envlibs/lib/python3.10/site-packages/airflow/example_dags/example_sla_dag.py took 0.764 seconds
[2023-06-22T15:21:23.956+0700] {processor.py:157} INFO - Started process (PID=13777) to work on /Users/macbook/Documents/Documents_MacBook_Pro/ISTT/AirflowTutorial/envlibs/lib/python3.10/site-packages/airflow/example_dags/example_sla_dag.py
[2023-06-22T15:21:23.957+0700] {processor.py:826} INFO - Processing file /Users/macbook/Documents/Documents_MacBook_Pro/ISTT/AirflowTutorial/envlibs/lib/python3.10/site-packages/airflow/example_dags/example_sla_dag.py for tasks to queue
[2023-06-22T15:21:23.958+0700] {logging_mixin.py:149} INFO - [2023-06-22T15:21:23.958+0700] {dagbag.py:541} INFO - Filling up the DagBag from /Users/macbook/Documents/Documents_MacBook_Pro/ISTT/AirflowTutorial/envlibs/lib/python3.10/site-packages/airflow/example_dags/example_sla_dag.py
[2023-06-22T15:21:24.004+0700] {processor.py:836} INFO - DAG(s) dict_keys(['example_sla_dag']) retrieved from /Users/macbook/Documents/Documents_MacBook_Pro/ISTT/AirflowTutorial/envlibs/lib/python3.10/site-packages/airflow/example_dags/example_sla_dag.py
[2023-06-22T15:21:24.696+0700] {logging_mixin.py:149} INFO - [2023-06-22T15:21:24.695+0700] {dag.py:2726} INFO - Sync 1 DAGs
[2023-06-22T15:21:24.713+0700] {logging_mixin.py:149} INFO - [2023-06-22T15:21:24.713+0700] {dag.py:3486} INFO - Setting next_dagrun for example_sla_dag to 2023-06-22T08:18:00+00:00, run_after=2023-06-22T08:20:00+00:00
[2023-06-22T15:21:24.729+0700] {processor.py:179} INFO - Processing /Users/macbook/Documents/Documents_MacBook_Pro/ISTT/AirflowTutorial/envlibs/lib/python3.10/site-packages/airflow/example_dags/example_sla_dag.py took 0.774 seconds
[2023-06-22T15:23:35.298+0700] {processor.py:157} INFO - Started process (PID=13845) to work on /Users/macbook/Documents/Documents_MacBook_Pro/ISTT/AirflowTutorial/envlibs/lib/python3.10/site-packages/airflow/example_dags/example_sla_dag.py
[2023-06-22T15:23:35.299+0700] {processor.py:826} INFO - Processing file /Users/macbook/Documents/Documents_MacBook_Pro/ISTT/AirflowTutorial/envlibs/lib/python3.10/site-packages/airflow/example_dags/example_sla_dag.py for tasks to queue
[2023-06-22T15:23:35.300+0700] {logging_mixin.py:149} INFO - [2023-06-22T15:23:35.300+0700] {dagbag.py:541} INFO - Filling up the DagBag from /Users/macbook/Documents/Documents_MacBook_Pro/ISTT/AirflowTutorial/envlibs/lib/python3.10/site-packages/airflow/example_dags/example_sla_dag.py
[2023-06-22T15:23:35.379+0700] {processor.py:836} INFO - DAG(s) dict_keys(['example_sla_dag']) retrieved from /Users/macbook/Documents/Documents_MacBook_Pro/ISTT/AirflowTutorial/envlibs/lib/python3.10/site-packages/airflow/example_dags/example_sla_dag.py
[2023-06-22T15:23:36.499+0700] {logging_mixin.py:149} INFO - [2023-06-22T15:23:36.498+0700] {dag.py:2726} INFO - Sync 1 DAGs
[2023-06-22T15:23:36.537+0700] {logging_mixin.py:149} INFO - [2023-06-22T15:23:36.536+0700] {dag.py:3486} INFO - Setting next_dagrun for example_sla_dag to 2023-06-22T08:20:00+00:00, run_after=2023-06-22T08:22:00+00:00
[2023-06-22T15:23:36.568+0700] {processor.py:179} INFO - Processing /Users/macbook/Documents/Documents_MacBook_Pro/ISTT/AirflowTutorial/envlibs/lib/python3.10/site-packages/airflow/example_dags/example_sla_dag.py took 1.271 seconds
[2023-06-22T15:25:53.453+0700] {processor.py:157} INFO - Started process (PID=13901) to work on /Users/macbook/Documents/Documents_MacBook_Pro/ISTT/AirflowTutorial/envlibs/lib/python3.10/site-packages/airflow/example_dags/example_sla_dag.py
[2023-06-22T15:25:53.455+0700] {processor.py:826} INFO - Processing file /Users/macbook/Documents/Documents_MacBook_Pro/ISTT/AirflowTutorial/envlibs/lib/python3.10/site-packages/airflow/example_dags/example_sla_dag.py for tasks to queue
[2023-06-22T15:25:53.456+0700] {logging_mixin.py:149} INFO - [2023-06-22T15:25:53.455+0700] {dagbag.py:541} INFO - Filling up the DagBag from /Users/macbook/Documents/Documents_MacBook_Pro/ISTT/AirflowTutorial/envlibs/lib/python3.10/site-packages/airflow/example_dags/example_sla_dag.py
[2023-06-22T15:25:53.508+0700] {processor.py:836} INFO - DAG(s) dict_keys(['example_sla_dag']) retrieved from /Users/macbook/Documents/Documents_MacBook_Pro/ISTT/AirflowTutorial/envlibs/lib/python3.10/site-packages/airflow/example_dags/example_sla_dag.py
[2023-06-22T15:25:54.320+0700] {logging_mixin.py:149} INFO - [2023-06-22T15:25:54.319+0700] {dag.py:2726} INFO - Sync 1 DAGs
[2023-06-22T15:25:54.344+0700] {logging_mixin.py:149} INFO - [2023-06-22T15:25:54.344+0700] {dag.py:3486} INFO - Setting next_dagrun for example_sla_dag to 2023-06-22T08:22:00+00:00, run_after=2023-06-22T08:24:00+00:00
[2023-06-22T15:25:54.373+0700] {processor.py:179} INFO - Processing /Users/macbook/Documents/Documents_MacBook_Pro/ISTT/AirflowTutorial/envlibs/lib/python3.10/site-packages/airflow/example_dags/example_sla_dag.py took 0.921 seconds
[2023-06-22T15:28:02.474+0700] {processor.py:157} INFO - Started process (PID=13957) to work on /Users/macbook/Documents/Documents_MacBook_Pro/ISTT/AirflowTutorial/envlibs/lib/python3.10/site-packages/airflow/example_dags/example_sla_dag.py
[2023-06-22T15:28:02.475+0700] {processor.py:826} INFO - Processing file /Users/macbook/Documents/Documents_MacBook_Pro/ISTT/AirflowTutorial/envlibs/lib/python3.10/site-packages/airflow/example_dags/example_sla_dag.py for tasks to queue
[2023-06-22T15:28:02.476+0700] {logging_mixin.py:149} INFO - [2023-06-22T15:28:02.476+0700] {dagbag.py:541} INFO - Filling up the DagBag from /Users/macbook/Documents/Documents_MacBook_Pro/ISTT/AirflowTutorial/envlibs/lib/python3.10/site-packages/airflow/example_dags/example_sla_dag.py
[2023-06-22T15:28:02.528+0700] {processor.py:836} INFO - DAG(s) dict_keys(['example_sla_dag']) retrieved from /Users/macbook/Documents/Documents_MacBook_Pro/ISTT/AirflowTutorial/envlibs/lib/python3.10/site-packages/airflow/example_dags/example_sla_dag.py
[2023-06-22T15:28:03.369+0700] {logging_mixin.py:149} INFO - [2023-06-22T15:28:03.369+0700] {dag.py:2726} INFO - Sync 1 DAGs
[2023-06-22T15:28:03.390+0700] {logging_mixin.py:149} INFO - [2023-06-22T15:28:03.390+0700] {dag.py:3486} INFO - Setting next_dagrun for example_sla_dag to 2023-06-22T08:26:00+00:00, run_after=2023-06-22T08:28:00+00:00
[2023-06-22T15:28:03.410+0700] {processor.py:179} INFO - Processing /Users/macbook/Documents/Documents_MacBook_Pro/ISTT/AirflowTutorial/envlibs/lib/python3.10/site-packages/airflow/example_dags/example_sla_dag.py took 0.937 seconds
[2023-06-22T15:30:10.976+0700] {processor.py:157} INFO - Started process (PID=14013) to work on /Users/macbook/Documents/Documents_MacBook_Pro/ISTT/AirflowTutorial/envlibs/lib/python3.10/site-packages/airflow/example_dags/example_sla_dag.py
[2023-06-22T15:30:10.978+0700] {processor.py:826} INFO - Processing file /Users/macbook/Documents/Documents_MacBook_Pro/ISTT/AirflowTutorial/envlibs/lib/python3.10/site-packages/airflow/example_dags/example_sla_dag.py for tasks to queue
[2023-06-22T15:30:10.978+0700] {logging_mixin.py:149} INFO - [2023-06-22T15:30:10.978+0700] {dagbag.py:541} INFO - Filling up the DagBag from /Users/macbook/Documents/Documents_MacBook_Pro/ISTT/AirflowTutorial/envlibs/lib/python3.10/site-packages/airflow/example_dags/example_sla_dag.py
[2023-06-22T15:30:11.055+0700] {processor.py:836} INFO - DAG(s) dict_keys(['example_sla_dag']) retrieved from /Users/macbook/Documents/Documents_MacBook_Pro/ISTT/AirflowTutorial/envlibs/lib/python3.10/site-packages/airflow/example_dags/example_sla_dag.py
[2023-06-22T15:30:11.832+0700] {logging_mixin.py:149} INFO - [2023-06-22T15:30:11.832+0700] {dag.py:2726} INFO - Sync 1 DAGs
[2023-06-22T15:30:11.859+0700] {logging_mixin.py:149} INFO - [2023-06-22T15:30:11.859+0700] {dag.py:3486} INFO - Setting next_dagrun for example_sla_dag to 2023-06-22T08:28:00+00:00, run_after=2023-06-22T08:30:00+00:00
[2023-06-22T15:30:11.879+0700] {processor.py:179} INFO - Processing /Users/macbook/Documents/Documents_MacBook_Pro/ISTT/AirflowTutorial/envlibs/lib/python3.10/site-packages/airflow/example_dags/example_sla_dag.py took 0.904 seconds
[2023-06-22T15:32:15.779+0700] {processor.py:157} INFO - Started process (PID=14081) to work on /Users/macbook/Documents/Documents_MacBook_Pro/ISTT/AirflowTutorial/envlibs/lib/python3.10/site-packages/airflow/example_dags/example_sla_dag.py
[2023-06-22T15:32:15.780+0700] {processor.py:826} INFO - Processing file /Users/macbook/Documents/Documents_MacBook_Pro/ISTT/AirflowTutorial/envlibs/lib/python3.10/site-packages/airflow/example_dags/example_sla_dag.py for tasks to queue
[2023-06-22T15:32:15.780+0700] {logging_mixin.py:149} INFO - [2023-06-22T15:32:15.780+0700] {dagbag.py:541} INFO - Filling up the DagBag from /Users/macbook/Documents/Documents_MacBook_Pro/ISTT/AirflowTutorial/envlibs/lib/python3.10/site-packages/airflow/example_dags/example_sla_dag.py
[2023-06-22T15:32:15.837+0700] {processor.py:836} INFO - DAG(s) dict_keys(['example_sla_dag']) retrieved from /Users/macbook/Documents/Documents_MacBook_Pro/ISTT/AirflowTutorial/envlibs/lib/python3.10/site-packages/airflow/example_dags/example_sla_dag.py
[2023-06-22T15:32:16.663+0700] {logging_mixin.py:149} INFO - [2023-06-22T15:32:16.663+0700] {dag.py:2726} INFO - Sync 1 DAGs
[2023-06-22T15:32:16.684+0700] {logging_mixin.py:149} INFO - [2023-06-22T15:32:16.684+0700] {dag.py:3486} INFO - Setting next_dagrun for example_sla_dag to 2023-06-22T08:30:00+00:00, run_after=2023-06-22T08:32:00+00:00
[2023-06-22T15:32:16.705+0700] {processor.py:179} INFO - Processing /Users/macbook/Documents/Documents_MacBook_Pro/ISTT/AirflowTutorial/envlibs/lib/python3.10/site-packages/airflow/example_dags/example_sla_dag.py took 0.927 seconds
[2023-06-22T15:34:20.471+0700] {processor.py:157} INFO - Started process (PID=14142) to work on /Users/macbook/Documents/Documents_MacBook_Pro/ISTT/AirflowTutorial/envlibs/lib/python3.10/site-packages/airflow/example_dags/example_sla_dag.py
[2023-06-22T15:34:20.473+0700] {processor.py:826} INFO - Processing file /Users/macbook/Documents/Documents_MacBook_Pro/ISTT/AirflowTutorial/envlibs/lib/python3.10/site-packages/airflow/example_dags/example_sla_dag.py for tasks to queue
[2023-06-22T15:34:20.473+0700] {logging_mixin.py:149} INFO - [2023-06-22T15:34:20.473+0700] {dagbag.py:541} INFO - Filling up the DagBag from /Users/macbook/Documents/Documents_MacBook_Pro/ISTT/AirflowTutorial/envlibs/lib/python3.10/site-packages/airflow/example_dags/example_sla_dag.py
[2023-06-22T15:34:20.528+0700] {processor.py:836} INFO - DAG(s) dict_keys(['example_sla_dag']) retrieved from /Users/macbook/Documents/Documents_MacBook_Pro/ISTT/AirflowTutorial/envlibs/lib/python3.10/site-packages/airflow/example_dags/example_sla_dag.py
[2023-06-22T15:34:21.364+0700] {logging_mixin.py:149} INFO - [2023-06-22T15:34:21.364+0700] {dag.py:2726} INFO - Sync 1 DAGs
[2023-06-22T15:34:21.383+0700] {logging_mixin.py:149} INFO - [2023-06-22T15:34:21.383+0700] {dag.py:3486} INFO - Setting next_dagrun for example_sla_dag to 2023-06-22T08:32:00+00:00, run_after=2023-06-22T08:34:00+00:00
[2023-06-22T15:34:21.401+0700] {processor.py:179} INFO - Processing /Users/macbook/Documents/Documents_MacBook_Pro/ISTT/AirflowTutorial/envlibs/lib/python3.10/site-packages/airflow/example_dags/example_sla_dag.py took 0.930 seconds
[2023-06-22T15:36:26.781+0700] {processor.py:157} INFO - Started process (PID=14194) to work on /Users/macbook/Documents/Documents_MacBook_Pro/ISTT/AirflowTutorial/envlibs/lib/python3.10/site-packages/airflow/example_dags/example_sla_dag.py
[2023-06-22T15:36:26.782+0700] {processor.py:826} INFO - Processing file /Users/macbook/Documents/Documents_MacBook_Pro/ISTT/AirflowTutorial/envlibs/lib/python3.10/site-packages/airflow/example_dags/example_sla_dag.py for tasks to queue
[2023-06-22T15:36:26.783+0700] {logging_mixin.py:149} INFO - [2023-06-22T15:36:26.783+0700] {dagbag.py:541} INFO - Filling up the DagBag from /Users/macbook/Documents/Documents_MacBook_Pro/ISTT/AirflowTutorial/envlibs/lib/python3.10/site-packages/airflow/example_dags/example_sla_dag.py
[2023-06-22T15:36:26.843+0700] {processor.py:836} INFO - DAG(s) dict_keys(['example_sla_dag']) retrieved from /Users/macbook/Documents/Documents_MacBook_Pro/ISTT/AirflowTutorial/envlibs/lib/python3.10/site-packages/airflow/example_dags/example_sla_dag.py
[2023-06-22T15:36:27.627+0700] {logging_mixin.py:149} INFO - [2023-06-22T15:36:27.626+0700] {dag.py:2726} INFO - Sync 1 DAGs
[2023-06-22T15:36:27.645+0700] {logging_mixin.py:149} INFO - [2023-06-22T15:36:27.645+0700] {dag.py:3486} INFO - Setting next_dagrun for example_sla_dag to 2023-06-22T08:34:00+00:00, run_after=2023-06-22T08:36:00+00:00
[2023-06-22T15:36:27.663+0700] {processor.py:179} INFO - Processing /Users/macbook/Documents/Documents_MacBook_Pro/ISTT/AirflowTutorial/envlibs/lib/python3.10/site-packages/airflow/example_dags/example_sla_dag.py took 0.883 seconds
[2023-06-22T15:38:38.812+0700] {processor.py:157} INFO - Started process (PID=14278) to work on /Users/macbook/Documents/Documents_MacBook_Pro/ISTT/AirflowTutorial/envlibs/lib/python3.10/site-packages/airflow/example_dags/example_sla_dag.py
[2023-06-22T15:38:38.814+0700] {processor.py:826} INFO - Processing file /Users/macbook/Documents/Documents_MacBook_Pro/ISTT/AirflowTutorial/envlibs/lib/python3.10/site-packages/airflow/example_dags/example_sla_dag.py for tasks to queue
[2023-06-22T15:38:38.815+0700] {logging_mixin.py:149} INFO - [2023-06-22T15:38:38.815+0700] {dagbag.py:541} INFO - Filling up the DagBag from /Users/macbook/Documents/Documents_MacBook_Pro/ISTT/AirflowTutorial/envlibs/lib/python3.10/site-packages/airflow/example_dags/example_sla_dag.py
[2023-06-22T15:38:38.890+0700] {processor.py:836} INFO - DAG(s) dict_keys(['example_sla_dag']) retrieved from /Users/macbook/Documents/Documents_MacBook_Pro/ISTT/AirflowTutorial/envlibs/lib/python3.10/site-packages/airflow/example_dags/example_sla_dag.py
[2023-06-22T15:38:39.731+0700] {logging_mixin.py:149} INFO - [2023-06-22T15:38:39.731+0700] {dag.py:2726} INFO - Sync 1 DAGs
[2023-06-22T15:38:39.752+0700] {logging_mixin.py:149} INFO - [2023-06-22T15:38:39.752+0700] {dag.py:3486} INFO - Setting next_dagrun for example_sla_dag to 2023-06-22T08:36:00+00:00, run_after=2023-06-22T08:38:00+00:00
[2023-06-22T15:38:39.770+0700] {processor.py:179} INFO - Processing /Users/macbook/Documents/Documents_MacBook_Pro/ISTT/AirflowTutorial/envlibs/lib/python3.10/site-packages/airflow/example_dags/example_sla_dag.py took 0.959 seconds
[2023-06-22T15:40:47.500+0700] {processor.py:157} INFO - Started process (PID=14332) to work on /Users/macbook/Documents/Documents_MacBook_Pro/ISTT/AirflowTutorial/envlibs/lib/python3.10/site-packages/airflow/example_dags/example_sla_dag.py
[2023-06-22T15:40:47.502+0700] {processor.py:826} INFO - Processing file /Users/macbook/Documents/Documents_MacBook_Pro/ISTT/AirflowTutorial/envlibs/lib/python3.10/site-packages/airflow/example_dags/example_sla_dag.py for tasks to queue
[2023-06-22T15:40:47.503+0700] {logging_mixin.py:149} INFO - [2023-06-22T15:40:47.503+0700] {dagbag.py:541} INFO - Filling up the DagBag from /Users/macbook/Documents/Documents_MacBook_Pro/ISTT/AirflowTutorial/envlibs/lib/python3.10/site-packages/airflow/example_dags/example_sla_dag.py
[2023-06-22T15:40:47.571+0700] {processor.py:836} INFO - DAG(s) dict_keys(['example_sla_dag']) retrieved from /Users/macbook/Documents/Documents_MacBook_Pro/ISTT/AirflowTutorial/envlibs/lib/python3.10/site-packages/airflow/example_dags/example_sla_dag.py
[2023-06-22T15:40:48.468+0700] {logging_mixin.py:149} INFO - [2023-06-22T15:40:48.468+0700] {dag.py:2726} INFO - Sync 1 DAGs
[2023-06-22T15:40:48.495+0700] {logging_mixin.py:149} INFO - [2023-06-22T15:40:48.495+0700] {dag.py:3486} INFO - Setting next_dagrun for example_sla_dag to 2023-06-22T08:38:00+00:00, run_after=2023-06-22T08:40:00+00:00
[2023-06-22T15:40:48.520+0700] {processor.py:179} INFO - Processing /Users/macbook/Documents/Documents_MacBook_Pro/ISTT/AirflowTutorial/envlibs/lib/python3.10/site-packages/airflow/example_dags/example_sla_dag.py took 1.021 seconds
[2023-06-22T15:42:59.062+0700] {processor.py:157} INFO - Started process (PID=14415) to work on /Users/macbook/Documents/Documents_MacBook_Pro/ISTT/AirflowTutorial/envlibs/lib/python3.10/site-packages/airflow/example_dags/example_sla_dag.py
[2023-06-22T15:42:59.063+0700] {processor.py:826} INFO - Processing file /Users/macbook/Documents/Documents_MacBook_Pro/ISTT/AirflowTutorial/envlibs/lib/python3.10/site-packages/airflow/example_dags/example_sla_dag.py for tasks to queue
[2023-06-22T15:42:59.064+0700] {logging_mixin.py:149} INFO - [2023-06-22T15:42:59.064+0700] {dagbag.py:541} INFO - Filling up the DagBag from /Users/macbook/Documents/Documents_MacBook_Pro/ISTT/AirflowTutorial/envlibs/lib/python3.10/site-packages/airflow/example_dags/example_sla_dag.py
[2023-06-22T15:42:59.114+0700] {processor.py:836} INFO - DAG(s) dict_keys(['example_sla_dag']) retrieved from /Users/macbook/Documents/Documents_MacBook_Pro/ISTT/AirflowTutorial/envlibs/lib/python3.10/site-packages/airflow/example_dags/example_sla_dag.py
[2023-06-22T15:42:59.885+0700] {logging_mixin.py:149} INFO - [2023-06-22T15:42:59.885+0700] {dag.py:2726} INFO - Sync 1 DAGs
[2023-06-22T15:42:59.907+0700] {logging_mixin.py:149} INFO - [2023-06-22T15:42:59.907+0700] {dag.py:3486} INFO - Setting next_dagrun for example_sla_dag to 2023-06-22T08:40:00+00:00, run_after=2023-06-22T08:42:00+00:00
[2023-06-22T15:42:59.928+0700] {processor.py:179} INFO - Processing /Users/macbook/Documents/Documents_MacBook_Pro/ISTT/AirflowTutorial/envlibs/lib/python3.10/site-packages/airflow/example_dags/example_sla_dag.py took 0.868 seconds
[2023-06-22T15:45:05.971+0700] {processor.py:157} INFO - Started process (PID=14471) to work on /Users/macbook/Documents/Documents_MacBook_Pro/ISTT/AirflowTutorial/envlibs/lib/python3.10/site-packages/airflow/example_dags/example_sla_dag.py
[2023-06-22T15:45:05.972+0700] {processor.py:826} INFO - Processing file /Users/macbook/Documents/Documents_MacBook_Pro/ISTT/AirflowTutorial/envlibs/lib/python3.10/site-packages/airflow/example_dags/example_sla_dag.py for tasks to queue
[2023-06-22T15:45:05.973+0700] {logging_mixin.py:149} INFO - [2023-06-22T15:45:05.973+0700] {dagbag.py:541} INFO - Filling up the DagBag from /Users/macbook/Documents/Documents_MacBook_Pro/ISTT/AirflowTutorial/envlibs/lib/python3.10/site-packages/airflow/example_dags/example_sla_dag.py
[2023-06-22T15:45:06.029+0700] {processor.py:836} INFO - DAG(s) dict_keys(['example_sla_dag']) retrieved from /Users/macbook/Documents/Documents_MacBook_Pro/ISTT/AirflowTutorial/envlibs/lib/python3.10/site-packages/airflow/example_dags/example_sla_dag.py
[2023-06-22T15:45:06.861+0700] {logging_mixin.py:149} INFO - [2023-06-22T15:45:06.860+0700] {dag.py:2726} INFO - Sync 1 DAGs
[2023-06-22T15:45:06.880+0700] {logging_mixin.py:149} INFO - [2023-06-22T15:45:06.880+0700] {dag.py:3486} INFO - Setting next_dagrun for example_sla_dag to 2023-06-22T08:42:00+00:00, run_after=2023-06-22T08:44:00+00:00
[2023-06-22T15:45:06.899+0700] {processor.py:179} INFO - Processing /Users/macbook/Documents/Documents_MacBook_Pro/ISTT/AirflowTutorial/envlibs/lib/python3.10/site-packages/airflow/example_dags/example_sla_dag.py took 0.929 seconds
[2023-06-22T15:47:19.784+0700] {processor.py:157} INFO - Started process (PID=14560) to work on /Users/macbook/Documents/Documents_MacBook_Pro/ISTT/AirflowTutorial/envlibs/lib/python3.10/site-packages/airflow/example_dags/example_sla_dag.py
[2023-06-22T15:47:19.786+0700] {processor.py:826} INFO - Processing file /Users/macbook/Documents/Documents_MacBook_Pro/ISTT/AirflowTutorial/envlibs/lib/python3.10/site-packages/airflow/example_dags/example_sla_dag.py for tasks to queue
[2023-06-22T15:47:19.787+0700] {logging_mixin.py:149} INFO - [2023-06-22T15:47:19.787+0700] {dagbag.py:541} INFO - Filling up the DagBag from /Users/macbook/Documents/Documents_MacBook_Pro/ISTT/AirflowTutorial/envlibs/lib/python3.10/site-packages/airflow/example_dags/example_sla_dag.py
[2023-06-22T15:47:19.846+0700] {processor.py:836} INFO - DAG(s) dict_keys(['example_sla_dag']) retrieved from /Users/macbook/Documents/Documents_MacBook_Pro/ISTT/AirflowTutorial/envlibs/lib/python3.10/site-packages/airflow/example_dags/example_sla_dag.py
[2023-06-22T15:47:20.759+0700] {logging_mixin.py:149} INFO - [2023-06-22T15:47:20.759+0700] {dag.py:2726} INFO - Sync 1 DAGs
[2023-06-22T15:47:20.779+0700] {logging_mixin.py:149} INFO - [2023-06-22T15:47:20.779+0700] {dag.py:3486} INFO - Setting next_dagrun for example_sla_dag to 2023-06-22T08:44:00+00:00, run_after=2023-06-22T08:46:00+00:00
[2023-06-22T15:47:20.797+0700] {processor.py:179} INFO - Processing /Users/macbook/Documents/Documents_MacBook_Pro/ISTT/AirflowTutorial/envlibs/lib/python3.10/site-packages/airflow/example_dags/example_sla_dag.py took 1.014 seconds
[2023-06-22T15:49:36.738+0700] {processor.py:157} INFO - Started process (PID=14642) to work on /Users/macbook/Documents/Documents_MacBook_Pro/ISTT/AirflowTutorial/envlibs/lib/python3.10/site-packages/airflow/example_dags/example_sla_dag.py
[2023-06-22T15:49:36.739+0700] {processor.py:826} INFO - Processing file /Users/macbook/Documents/Documents_MacBook_Pro/ISTT/AirflowTutorial/envlibs/lib/python3.10/site-packages/airflow/example_dags/example_sla_dag.py for tasks to queue
[2023-06-22T15:49:36.740+0700] {logging_mixin.py:149} INFO - [2023-06-22T15:49:36.740+0700] {dagbag.py:541} INFO - Filling up the DagBag from /Users/macbook/Documents/Documents_MacBook_Pro/ISTT/AirflowTutorial/envlibs/lib/python3.10/site-packages/airflow/example_dags/example_sla_dag.py
[2023-06-22T15:49:36.801+0700] {processor.py:836} INFO - DAG(s) dict_keys(['example_sla_dag']) retrieved from /Users/macbook/Documents/Documents_MacBook_Pro/ISTT/AirflowTutorial/envlibs/lib/python3.10/site-packages/airflow/example_dags/example_sla_dag.py
[2023-06-22T15:49:37.641+0700] {logging_mixin.py:149} INFO - [2023-06-22T15:49:37.641+0700] {dag.py:2726} INFO - Sync 1 DAGs
[2023-06-22T15:49:37.662+0700] {logging_mixin.py:149} INFO - [2023-06-22T15:49:37.662+0700] {dag.py:3486} INFO - Setting next_dagrun for example_sla_dag to 2023-06-22T08:46:00+00:00, run_after=2023-06-22T08:48:00+00:00
[2023-06-22T15:49:37.680+0700] {processor.py:179} INFO - Processing /Users/macbook/Documents/Documents_MacBook_Pro/ISTT/AirflowTutorial/envlibs/lib/python3.10/site-packages/airflow/example_dags/example_sla_dag.py took 0.943 seconds
[2023-06-22T15:51:45.757+0700] {processor.py:157} INFO - Started process (PID=14695) to work on /Users/macbook/Documents/Documents_MacBook_Pro/ISTT/AirflowTutorial/envlibs/lib/python3.10/site-packages/airflow/example_dags/example_sla_dag.py
[2023-06-22T15:51:45.759+0700] {processor.py:826} INFO - Processing file /Users/macbook/Documents/Documents_MacBook_Pro/ISTT/AirflowTutorial/envlibs/lib/python3.10/site-packages/airflow/example_dags/example_sla_dag.py for tasks to queue
[2023-06-22T15:51:45.759+0700] {logging_mixin.py:149} INFO - [2023-06-22T15:51:45.759+0700] {dagbag.py:541} INFO - Filling up the DagBag from /Users/macbook/Documents/Documents_MacBook_Pro/ISTT/AirflowTutorial/envlibs/lib/python3.10/site-packages/airflow/example_dags/example_sla_dag.py
[2023-06-22T15:51:45.843+0700] {processor.py:836} INFO - DAG(s) dict_keys(['example_sla_dag']) retrieved from /Users/macbook/Documents/Documents_MacBook_Pro/ISTT/AirflowTutorial/envlibs/lib/python3.10/site-packages/airflow/example_dags/example_sla_dag.py
[2023-06-22T15:51:46.789+0700] {logging_mixin.py:149} INFO - [2023-06-22T15:51:46.788+0700] {dag.py:2726} INFO - Sync 1 DAGs
[2023-06-22T15:51:46.812+0700] {logging_mixin.py:149} INFO - [2023-06-22T15:51:46.812+0700] {dag.py:3486} INFO - Setting next_dagrun for example_sla_dag to 2023-06-22T08:48:00+00:00, run_after=2023-06-22T08:50:00+00:00
[2023-06-22T15:51:46.832+0700] {processor.py:179} INFO - Processing /Users/macbook/Documents/Documents_MacBook_Pro/ISTT/AirflowTutorial/envlibs/lib/python3.10/site-packages/airflow/example_dags/example_sla_dag.py took 1.076 seconds
[2023-06-22T15:54:11.307+0700] {processor.py:157} INFO - Started process (PID=14814) to work on /Users/macbook/Documents/Documents_MacBook_Pro/ISTT/AirflowTutorial/envlibs/lib/python3.10/site-packages/airflow/example_dags/example_sla_dag.py
[2023-06-22T15:54:11.308+0700] {processor.py:826} INFO - Processing file /Users/macbook/Documents/Documents_MacBook_Pro/ISTT/AirflowTutorial/envlibs/lib/python3.10/site-packages/airflow/example_dags/example_sla_dag.py for tasks to queue
[2023-06-22T15:54:11.309+0700] {logging_mixin.py:149} INFO - [2023-06-22T15:54:11.309+0700] {dagbag.py:541} INFO - Filling up the DagBag from /Users/macbook/Documents/Documents_MacBook_Pro/ISTT/AirflowTutorial/envlibs/lib/python3.10/site-packages/airflow/example_dags/example_sla_dag.py
[2023-06-22T15:54:11.363+0700] {processor.py:836} INFO - DAG(s) dict_keys(['example_sla_dag']) retrieved from /Users/macbook/Documents/Documents_MacBook_Pro/ISTT/AirflowTutorial/envlibs/lib/python3.10/site-packages/airflow/example_dags/example_sla_dag.py
[2023-06-22T15:54:12.084+0700] {logging_mixin.py:149} INFO - [2023-06-22T15:54:12.084+0700] {dag.py:2726} INFO - Sync 1 DAGs
[2023-06-22T15:54:12.102+0700] {logging_mixin.py:149} INFO - [2023-06-22T15:54:12.102+0700] {dag.py:3486} INFO - Setting next_dagrun for example_sla_dag to 2023-06-22T08:52:00+00:00, run_after=2023-06-22T08:54:00+00:00
[2023-06-22T15:54:12.119+0700] {processor.py:179} INFO - Processing /Users/macbook/Documents/Documents_MacBook_Pro/ISTT/AirflowTutorial/envlibs/lib/python3.10/site-packages/airflow/example_dags/example_sla_dag.py took 0.813 seconds
[2023-06-22T15:56:21.299+0700] {processor.py:157} INFO - Started process (PID=14885) to work on /Users/macbook/Documents/Documents_MacBook_Pro/ISTT/AirflowTutorial/envlibs/lib/python3.10/site-packages/airflow/example_dags/example_sla_dag.py
[2023-06-22T15:56:21.300+0700] {processor.py:826} INFO - Processing file /Users/macbook/Documents/Documents_MacBook_Pro/ISTT/AirflowTutorial/envlibs/lib/python3.10/site-packages/airflow/example_dags/example_sla_dag.py for tasks to queue
[2023-06-22T15:56:21.301+0700] {logging_mixin.py:149} INFO - [2023-06-22T15:56:21.300+0700] {dagbag.py:541} INFO - Filling up the DagBag from /Users/macbook/Documents/Documents_MacBook_Pro/ISTT/AirflowTutorial/envlibs/lib/python3.10/site-packages/airflow/example_dags/example_sla_dag.py
[2023-06-22T15:56:21.364+0700] {processor.py:836} INFO - DAG(s) dict_keys(['example_sla_dag']) retrieved from /Users/macbook/Documents/Documents_MacBook_Pro/ISTT/AirflowTutorial/envlibs/lib/python3.10/site-packages/airflow/example_dags/example_sla_dag.py
[2023-06-22T15:56:22.210+0700] {logging_mixin.py:149} INFO - [2023-06-22T15:56:22.210+0700] {dag.py:2726} INFO - Sync 1 DAGs
[2023-06-22T15:56:22.231+0700] {logging_mixin.py:149} INFO - [2023-06-22T15:56:22.230+0700] {dag.py:3486} INFO - Setting next_dagrun for example_sla_dag to 2023-06-22T08:54:00+00:00, run_after=2023-06-22T08:56:00+00:00
[2023-06-22T15:56:22.248+0700] {processor.py:179} INFO - Processing /Users/macbook/Documents/Documents_MacBook_Pro/ISTT/AirflowTutorial/envlibs/lib/python3.10/site-packages/airflow/example_dags/example_sla_dag.py took 0.950 seconds
[2023-06-22T15:58:38.781+0700] {processor.py:157} INFO - Started process (PID=14949) to work on /Users/macbook/Documents/Documents_MacBook_Pro/ISTT/AirflowTutorial/envlibs/lib/python3.10/site-packages/airflow/example_dags/example_sla_dag.py
[2023-06-22T15:58:38.783+0700] {processor.py:826} INFO - Processing file /Users/macbook/Documents/Documents_MacBook_Pro/ISTT/AirflowTutorial/envlibs/lib/python3.10/site-packages/airflow/example_dags/example_sla_dag.py for tasks to queue
[2023-06-22T15:58:38.783+0700] {logging_mixin.py:149} INFO - [2023-06-22T15:58:38.783+0700] {dagbag.py:541} INFO - Filling up the DagBag from /Users/macbook/Documents/Documents_MacBook_Pro/ISTT/AirflowTutorial/envlibs/lib/python3.10/site-packages/airflow/example_dags/example_sla_dag.py
[2023-06-22T15:58:38.837+0700] {processor.py:836} INFO - DAG(s) dict_keys(['example_sla_dag']) retrieved from /Users/macbook/Documents/Documents_MacBook_Pro/ISTT/AirflowTutorial/envlibs/lib/python3.10/site-packages/airflow/example_dags/example_sla_dag.py
[2023-06-22T15:58:39.589+0700] {logging_mixin.py:149} INFO - [2023-06-22T15:58:39.589+0700] {dag.py:2726} INFO - Sync 1 DAGs
[2023-06-22T15:58:39.609+0700] {logging_mixin.py:149} INFO - [2023-06-22T15:58:39.608+0700] {dag.py:3486} INFO - Setting next_dagrun for example_sla_dag to 2023-06-22T08:56:00+00:00, run_after=2023-06-22T08:58:00+00:00
[2023-06-22T15:58:39.626+0700] {processor.py:179} INFO - Processing /Users/macbook/Documents/Documents_MacBook_Pro/ISTT/AirflowTutorial/envlibs/lib/python3.10/site-packages/airflow/example_dags/example_sla_dag.py took 0.846 seconds
[2023-06-22T16:00:53.549+0700] {processor.py:157} INFO - Started process (PID=15001) to work on /Users/macbook/Documents/Documents_MacBook_Pro/ISTT/AirflowTutorial/envlibs/lib/python3.10/site-packages/airflow/example_dags/example_sla_dag.py
[2023-06-22T16:00:53.551+0700] {processor.py:826} INFO - Processing file /Users/macbook/Documents/Documents_MacBook_Pro/ISTT/AirflowTutorial/envlibs/lib/python3.10/site-packages/airflow/example_dags/example_sla_dag.py for tasks to queue
[2023-06-22T16:00:53.551+0700] {logging_mixin.py:149} INFO - [2023-06-22T16:00:53.551+0700] {dagbag.py:541} INFO - Filling up the DagBag from /Users/macbook/Documents/Documents_MacBook_Pro/ISTT/AirflowTutorial/envlibs/lib/python3.10/site-packages/airflow/example_dags/example_sla_dag.py
[2023-06-22T16:00:53.606+0700] {processor.py:836} INFO - DAG(s) dict_keys(['example_sla_dag']) retrieved from /Users/macbook/Documents/Documents_MacBook_Pro/ISTT/AirflowTutorial/envlibs/lib/python3.10/site-packages/airflow/example_dags/example_sla_dag.py
[2023-06-22T16:00:54.429+0700] {logging_mixin.py:149} INFO - [2023-06-22T16:00:54.428+0700] {dag.py:2726} INFO - Sync 1 DAGs
[2023-06-22T16:00:54.463+0700] {logging_mixin.py:149} INFO - [2023-06-22T16:00:54.462+0700] {dag.py:3486} INFO - Setting next_dagrun for example_sla_dag to 2023-06-22T08:58:00+00:00, run_after=2023-06-22T09:00:00+00:00
[2023-06-22T16:00:54.505+0700] {processor.py:179} INFO - Processing /Users/macbook/Documents/Documents_MacBook_Pro/ISTT/AirflowTutorial/envlibs/lib/python3.10/site-packages/airflow/example_dags/example_sla_dag.py took 0.956 seconds
[2023-06-22T16:03:06.140+0700] {processor.py:157} INFO - Started process (PID=15064) to work on /Users/macbook/Documents/Documents_MacBook_Pro/ISTT/AirflowTutorial/envlibs/lib/python3.10/site-packages/airflow/example_dags/example_sla_dag.py
[2023-06-22T16:03:06.141+0700] {processor.py:826} INFO - Processing file /Users/macbook/Documents/Documents_MacBook_Pro/ISTT/AirflowTutorial/envlibs/lib/python3.10/site-packages/airflow/example_dags/example_sla_dag.py for tasks to queue
[2023-06-22T16:03:06.142+0700] {logging_mixin.py:149} INFO - [2023-06-22T16:03:06.142+0700] {dagbag.py:541} INFO - Filling up the DagBag from /Users/macbook/Documents/Documents_MacBook_Pro/ISTT/AirflowTutorial/envlibs/lib/python3.10/site-packages/airflow/example_dags/example_sla_dag.py
[2023-06-22T16:03:06.193+0700] {processor.py:836} INFO - DAG(s) dict_keys(['example_sla_dag']) retrieved from /Users/macbook/Documents/Documents_MacBook_Pro/ISTT/AirflowTutorial/envlibs/lib/python3.10/site-packages/airflow/example_dags/example_sla_dag.py
[2023-06-22T16:03:07.034+0700] {logging_mixin.py:149} INFO - [2023-06-22T16:03:07.034+0700] {dag.py:2726} INFO - Sync 1 DAGs
[2023-06-22T16:03:07.075+0700] {logging_mixin.py:149} INFO - [2023-06-22T16:03:07.075+0700] {dag.py:3486} INFO - Setting next_dagrun for example_sla_dag to 2023-06-22T09:00:00+00:00, run_after=2023-06-22T09:02:00+00:00
[2023-06-22T16:03:07.098+0700] {processor.py:179} INFO - Processing /Users/macbook/Documents/Documents_MacBook_Pro/ISTT/AirflowTutorial/envlibs/lib/python3.10/site-packages/airflow/example_dags/example_sla_dag.py took 0.959 seconds
[2023-06-22T16:05:20.657+0700] {processor.py:157} INFO - Started process (PID=15125) to work on /Users/macbook/Documents/Documents_MacBook_Pro/ISTT/AirflowTutorial/envlibs/lib/python3.10/site-packages/airflow/example_dags/example_sla_dag.py
[2023-06-22T16:05:20.660+0700] {processor.py:826} INFO - Processing file /Users/macbook/Documents/Documents_MacBook_Pro/ISTT/AirflowTutorial/envlibs/lib/python3.10/site-packages/airflow/example_dags/example_sla_dag.py for tasks to queue
[2023-06-22T16:05:20.660+0700] {logging_mixin.py:149} INFO - [2023-06-22T16:05:20.660+0700] {dagbag.py:541} INFO - Filling up the DagBag from /Users/macbook/Documents/Documents_MacBook_Pro/ISTT/AirflowTutorial/envlibs/lib/python3.10/site-packages/airflow/example_dags/example_sla_dag.py
[2023-06-22T16:05:20.713+0700] {processor.py:836} INFO - DAG(s) dict_keys(['example_sla_dag']) retrieved from /Users/macbook/Documents/Documents_MacBook_Pro/ISTT/AirflowTutorial/envlibs/lib/python3.10/site-packages/airflow/example_dags/example_sla_dag.py
[2023-06-22T16:05:21.448+0700] {logging_mixin.py:149} INFO - [2023-06-22T16:05:21.448+0700] {dag.py:2726} INFO - Sync 1 DAGs
[2023-06-22T16:05:21.469+0700] {logging_mixin.py:149} INFO - [2023-06-22T16:05:21.469+0700] {dag.py:3486} INFO - Setting next_dagrun for example_sla_dag to 2023-06-22T09:02:00+00:00, run_after=2023-06-22T09:04:00+00:00
[2023-06-22T16:05:21.488+0700] {processor.py:179} INFO - Processing /Users/macbook/Documents/Documents_MacBook_Pro/ISTT/AirflowTutorial/envlibs/lib/python3.10/site-packages/airflow/example_dags/example_sla_dag.py took 0.831 seconds
[2023-06-22T16:07:23.999+0700] {processor.py:157} INFO - Started process (PID=15187) to work on /Users/macbook/Documents/Documents_MacBook_Pro/ISTT/AirflowTutorial/envlibs/lib/python3.10/site-packages/airflow/example_dags/example_sla_dag.py
[2023-06-22T16:07:24.001+0700] {processor.py:826} INFO - Processing file /Users/macbook/Documents/Documents_MacBook_Pro/ISTT/AirflowTutorial/envlibs/lib/python3.10/site-packages/airflow/example_dags/example_sla_dag.py for tasks to queue
[2023-06-22T16:07:24.002+0700] {logging_mixin.py:149} INFO - [2023-06-22T16:07:24.002+0700] {dagbag.py:541} INFO - Filling up the DagBag from /Users/macbook/Documents/Documents_MacBook_Pro/ISTT/AirflowTutorial/envlibs/lib/python3.10/site-packages/airflow/example_dags/example_sla_dag.py
[2023-06-22T16:07:24.065+0700] {processor.py:836} INFO - DAG(s) dict_keys(['example_sla_dag']) retrieved from /Users/macbook/Documents/Documents_MacBook_Pro/ISTT/AirflowTutorial/envlibs/lib/python3.10/site-packages/airflow/example_dags/example_sla_dag.py
[2023-06-22T16:07:25.008+0700] {logging_mixin.py:149} INFO - [2023-06-22T16:07:25.007+0700] {dag.py:2726} INFO - Sync 1 DAGs
[2023-06-22T16:07:25.038+0700] {logging_mixin.py:149} INFO - [2023-06-22T16:07:25.038+0700] {dag.py:3486} INFO - Setting next_dagrun for example_sla_dag to 2023-06-22T09:04:00+00:00, run_after=2023-06-22T09:06:00+00:00
[2023-06-22T16:07:25.070+0700] {processor.py:179} INFO - Processing /Users/macbook/Documents/Documents_MacBook_Pro/ISTT/AirflowTutorial/envlibs/lib/python3.10/site-packages/airflow/example_dags/example_sla_dag.py took 1.071 seconds
[2023-06-22T16:09:39.697+0700] {processor.py:157} INFO - Started process (PID=15244) to work on /Users/macbook/Documents/Documents_MacBook_Pro/ISTT/AirflowTutorial/envlibs/lib/python3.10/site-packages/airflow/example_dags/example_sla_dag.py
[2023-06-22T16:09:39.699+0700] {processor.py:826} INFO - Processing file /Users/macbook/Documents/Documents_MacBook_Pro/ISTT/AirflowTutorial/envlibs/lib/python3.10/site-packages/airflow/example_dags/example_sla_dag.py for tasks to queue
[2023-06-22T16:09:39.699+0700] {logging_mixin.py:149} INFO - [2023-06-22T16:09:39.699+0700] {dagbag.py:541} INFO - Filling up the DagBag from /Users/macbook/Documents/Documents_MacBook_Pro/ISTT/AirflowTutorial/envlibs/lib/python3.10/site-packages/airflow/example_dags/example_sla_dag.py
[2023-06-22T16:09:39.751+0700] {processor.py:836} INFO - DAG(s) dict_keys(['example_sla_dag']) retrieved from /Users/macbook/Documents/Documents_MacBook_Pro/ISTT/AirflowTutorial/envlibs/lib/python3.10/site-packages/airflow/example_dags/example_sla_dag.py
[2023-06-22T16:09:40.513+0700] {logging_mixin.py:149} INFO - [2023-06-22T16:09:40.513+0700] {dag.py:2726} INFO - Sync 1 DAGs
[2023-06-22T16:09:40.532+0700] {logging_mixin.py:149} INFO - [2023-06-22T16:09:40.531+0700] {dag.py:3486} INFO - Setting next_dagrun for example_sla_dag to 2023-06-22T09:06:00+00:00, run_after=2023-06-22T09:08:00+00:00
[2023-06-22T16:09:40.550+0700] {processor.py:179} INFO - Processing /Users/macbook/Documents/Documents_MacBook_Pro/ISTT/AirflowTutorial/envlibs/lib/python3.10/site-packages/airflow/example_dags/example_sla_dag.py took 0.853 seconds
[2023-06-22T16:11:34.397+0700] {processor.py:157} INFO - Started process (PID=15303) to work on /Users/macbook/Documents/Documents_MacBook_Pro/ISTT/AirflowTutorial/envlibs/lib/python3.10/site-packages/airflow/example_dags/example_sla_dag.py
[2023-06-22T16:11:34.398+0700] {processor.py:826} INFO - Processing file /Users/macbook/Documents/Documents_MacBook_Pro/ISTT/AirflowTutorial/envlibs/lib/python3.10/site-packages/airflow/example_dags/example_sla_dag.py for tasks to queue
[2023-06-22T16:11:34.399+0700] {logging_mixin.py:149} INFO - [2023-06-22T16:11:34.399+0700] {dagbag.py:541} INFO - Filling up the DagBag from /Users/macbook/Documents/Documents_MacBook_Pro/ISTT/AirflowTutorial/envlibs/lib/python3.10/site-packages/airflow/example_dags/example_sla_dag.py
[2023-06-22T16:11:34.451+0700] {processor.py:836} INFO - DAG(s) dict_keys(['example_sla_dag']) retrieved from /Users/macbook/Documents/Documents_MacBook_Pro/ISTT/AirflowTutorial/envlibs/lib/python3.10/site-packages/airflow/example_dags/example_sla_dag.py
[2023-06-22T16:11:35.201+0700] {logging_mixin.py:149} INFO - [2023-06-22T16:11:35.200+0700] {dag.py:2726} INFO - Sync 1 DAGs
[2023-06-22T16:11:35.218+0700] {logging_mixin.py:149} INFO - [2023-06-22T16:11:35.218+0700] {dag.py:3486} INFO - Setting next_dagrun for example_sla_dag to 2023-06-22T09:08:00+00:00, run_after=2023-06-22T09:10:00+00:00
[2023-06-22T16:11:35.236+0700] {processor.py:179} INFO - Processing /Users/macbook/Documents/Documents_MacBook_Pro/ISTT/AirflowTutorial/envlibs/lib/python3.10/site-packages/airflow/example_dags/example_sla_dag.py took 0.839 seconds
[2023-06-22T16:13:25.277+0700] {processor.py:157} INFO - Started process (PID=15356) to work on /Users/macbook/Documents/Documents_MacBook_Pro/ISTT/AirflowTutorial/envlibs/lib/python3.10/site-packages/airflow/example_dags/example_sla_dag.py
[2023-06-22T16:13:25.279+0700] {processor.py:826} INFO - Processing file /Users/macbook/Documents/Documents_MacBook_Pro/ISTT/AirflowTutorial/envlibs/lib/python3.10/site-packages/airflow/example_dags/example_sla_dag.py for tasks to queue
[2023-06-22T16:13:25.280+0700] {logging_mixin.py:149} INFO - [2023-06-22T16:13:25.280+0700] {dagbag.py:541} INFO - Filling up the DagBag from /Users/macbook/Documents/Documents_MacBook_Pro/ISTT/AirflowTutorial/envlibs/lib/python3.10/site-packages/airflow/example_dags/example_sla_dag.py
[2023-06-22T16:13:25.355+0700] {processor.py:836} INFO - DAG(s) dict_keys(['example_sla_dag']) retrieved from /Users/macbook/Documents/Documents_MacBook_Pro/ISTT/AirflowTutorial/envlibs/lib/python3.10/site-packages/airflow/example_dags/example_sla_dag.py
[2023-06-22T16:13:26.384+0700] {logging_mixin.py:149} INFO - [2023-06-22T16:13:26.383+0700] {dag.py:2726} INFO - Sync 1 DAGs
[2023-06-22T16:13:26.407+0700] {logging_mixin.py:149} INFO - [2023-06-22T16:13:26.407+0700] {dag.py:3486} INFO - Setting next_dagrun for example_sla_dag to 2023-06-22T09:10:00+00:00, run_after=2023-06-22T09:12:00+00:00
[2023-06-22T16:13:26.428+0700] {processor.py:179} INFO - Processing /Users/macbook/Documents/Documents_MacBook_Pro/ISTT/AirflowTutorial/envlibs/lib/python3.10/site-packages/airflow/example_dags/example_sla_dag.py took 1.152 seconds
[2023-06-22T16:15:31.719+0700] {processor.py:157} INFO - Started process (PID=15409) to work on /Users/macbook/Documents/Documents_MacBook_Pro/ISTT/AirflowTutorial/envlibs/lib/python3.10/site-packages/airflow/example_dags/example_sla_dag.py
[2023-06-22T16:15:31.721+0700] {processor.py:826} INFO - Processing file /Users/macbook/Documents/Documents_MacBook_Pro/ISTT/AirflowTutorial/envlibs/lib/python3.10/site-packages/airflow/example_dags/example_sla_dag.py for tasks to queue
[2023-06-22T16:15:31.721+0700] {logging_mixin.py:149} INFO - [2023-06-22T16:15:31.721+0700] {dagbag.py:541} INFO - Filling up the DagBag from /Users/macbook/Documents/Documents_MacBook_Pro/ISTT/AirflowTutorial/envlibs/lib/python3.10/site-packages/airflow/example_dags/example_sla_dag.py
[2023-06-22T16:15:31.776+0700] {processor.py:836} INFO - DAG(s) dict_keys(['example_sla_dag']) retrieved from /Users/macbook/Documents/Documents_MacBook_Pro/ISTT/AirflowTutorial/envlibs/lib/python3.10/site-packages/airflow/example_dags/example_sla_dag.py
[2023-06-22T16:15:32.563+0700] {logging_mixin.py:149} INFO - [2023-06-22T16:15:32.563+0700] {dag.py:2726} INFO - Sync 1 DAGs
[2023-06-22T16:15:32.585+0700] {logging_mixin.py:149} INFO - [2023-06-22T16:15:32.585+0700] {dag.py:3486} INFO - Setting next_dagrun for example_sla_dag to 2023-06-22T09:12:00+00:00, run_after=2023-06-22T09:14:00+00:00
[2023-06-22T16:15:32.607+0700] {processor.py:179} INFO - Processing /Users/macbook/Documents/Documents_MacBook_Pro/ISTT/AirflowTutorial/envlibs/lib/python3.10/site-packages/airflow/example_dags/example_sla_dag.py took 0.889 seconds
[2023-06-22T16:17:39.891+0700] {processor.py:157} INFO - Started process (PID=15465) to work on /Users/macbook/Documents/Documents_MacBook_Pro/ISTT/AirflowTutorial/envlibs/lib/python3.10/site-packages/airflow/example_dags/example_sla_dag.py
[2023-06-22T16:17:39.892+0700] {processor.py:826} INFO - Processing file /Users/macbook/Documents/Documents_MacBook_Pro/ISTT/AirflowTutorial/envlibs/lib/python3.10/site-packages/airflow/example_dags/example_sla_dag.py for tasks to queue
[2023-06-22T16:17:39.893+0700] {logging_mixin.py:149} INFO - [2023-06-22T16:17:39.893+0700] {dagbag.py:541} INFO - Filling up the DagBag from /Users/macbook/Documents/Documents_MacBook_Pro/ISTT/AirflowTutorial/envlibs/lib/python3.10/site-packages/airflow/example_dags/example_sla_dag.py
[2023-06-22T16:17:39.946+0700] {processor.py:836} INFO - DAG(s) dict_keys(['example_sla_dag']) retrieved from /Users/macbook/Documents/Documents_MacBook_Pro/ISTT/AirflowTutorial/envlibs/lib/python3.10/site-packages/airflow/example_dags/example_sla_dag.py
[2023-06-22T16:17:40.782+0700] {logging_mixin.py:149} INFO - [2023-06-22T16:17:40.782+0700] {dag.py:2726} INFO - Sync 1 DAGs
[2023-06-22T16:17:40.801+0700] {logging_mixin.py:149} INFO - [2023-06-22T16:17:40.801+0700] {dag.py:3486} INFO - Setting next_dagrun for example_sla_dag to 2023-06-22T09:14:00+00:00, run_after=2023-06-22T09:16:00+00:00
[2023-06-22T16:17:40.827+0700] {processor.py:179} INFO - Processing /Users/macbook/Documents/Documents_MacBook_Pro/ISTT/AirflowTutorial/envlibs/lib/python3.10/site-packages/airflow/example_dags/example_sla_dag.py took 0.936 seconds
[2023-06-22T16:19:56.194+0700] {processor.py:157} INFO - Started process (PID=15568) to work on /Users/macbook/Documents/Documents_MacBook_Pro/ISTT/AirflowTutorial/envlibs/lib/python3.10/site-packages/airflow/example_dags/example_sla_dag.py
[2023-06-22T16:19:56.195+0700] {processor.py:826} INFO - Processing file /Users/macbook/Documents/Documents_MacBook_Pro/ISTT/AirflowTutorial/envlibs/lib/python3.10/site-packages/airflow/example_dags/example_sla_dag.py for tasks to queue
[2023-06-22T16:19:56.196+0700] {logging_mixin.py:149} INFO - [2023-06-22T16:19:56.196+0700] {dagbag.py:541} INFO - Filling up the DagBag from /Users/macbook/Documents/Documents_MacBook_Pro/ISTT/AirflowTutorial/envlibs/lib/python3.10/site-packages/airflow/example_dags/example_sla_dag.py
[2023-06-22T16:19:56.254+0700] {processor.py:836} INFO - DAG(s) dict_keys(['example_sla_dag']) retrieved from /Users/macbook/Documents/Documents_MacBook_Pro/ISTT/AirflowTutorial/envlibs/lib/python3.10/site-packages/airflow/example_dags/example_sla_dag.py
[2023-06-22T16:19:57.043+0700] {logging_mixin.py:149} INFO - [2023-06-22T16:19:57.043+0700] {dag.py:2726} INFO - Sync 1 DAGs
[2023-06-22T16:19:57.065+0700] {logging_mixin.py:149} INFO - [2023-06-22T16:19:57.064+0700] {dag.py:3486} INFO - Setting next_dagrun for example_sla_dag to 2023-06-22T09:16:00+00:00, run_after=2023-06-22T09:18:00+00:00
[2023-06-22T16:19:57.086+0700] {processor.py:179} INFO - Processing /Users/macbook/Documents/Documents_MacBook_Pro/ISTT/AirflowTutorial/envlibs/lib/python3.10/site-packages/airflow/example_dags/example_sla_dag.py took 0.893 seconds
[2023-06-22T16:22:05.648+0700] {processor.py:157} INFO - Started process (PID=15627) to work on /Users/macbook/Documents/Documents_MacBook_Pro/ISTT/AirflowTutorial/envlibs/lib/python3.10/site-packages/airflow/example_dags/example_sla_dag.py
[2023-06-22T16:22:05.649+0700] {processor.py:826} INFO - Processing file /Users/macbook/Documents/Documents_MacBook_Pro/ISTT/AirflowTutorial/envlibs/lib/python3.10/site-packages/airflow/example_dags/example_sla_dag.py for tasks to queue
[2023-06-22T16:22:05.650+0700] {logging_mixin.py:149} INFO - [2023-06-22T16:22:05.650+0700] {dagbag.py:541} INFO - Filling up the DagBag from /Users/macbook/Documents/Documents_MacBook_Pro/ISTT/AirflowTutorial/envlibs/lib/python3.10/site-packages/airflow/example_dags/example_sla_dag.py
[2023-06-22T16:22:05.703+0700] {processor.py:836} INFO - DAG(s) dict_keys(['example_sla_dag']) retrieved from /Users/macbook/Documents/Documents_MacBook_Pro/ISTT/AirflowTutorial/envlibs/lib/python3.10/site-packages/airflow/example_dags/example_sla_dag.py
[2023-06-22T16:22:06.524+0700] {logging_mixin.py:149} INFO - [2023-06-22T16:22:06.523+0700] {dag.py:2726} INFO - Sync 1 DAGs
[2023-06-22T16:22:06.544+0700] {logging_mixin.py:149} INFO - [2023-06-22T16:22:06.544+0700] {dag.py:3486} INFO - Setting next_dagrun for example_sla_dag to 2023-06-22T09:20:00+00:00, run_after=2023-06-22T09:22:00+00:00
[2023-06-22T16:22:06.563+0700] {processor.py:179} INFO - Processing /Users/macbook/Documents/Documents_MacBook_Pro/ISTT/AirflowTutorial/envlibs/lib/python3.10/site-packages/airflow/example_dags/example_sla_dag.py took 0.916 seconds
[2023-06-22T16:24:03.236+0700] {processor.py:157} INFO - Started process (PID=15680) to work on /Users/macbook/Documents/Documents_MacBook_Pro/ISTT/AirflowTutorial/envlibs/lib/python3.10/site-packages/airflow/example_dags/example_sla_dag.py
[2023-06-22T16:24:03.237+0700] {processor.py:826} INFO - Processing file /Users/macbook/Documents/Documents_MacBook_Pro/ISTT/AirflowTutorial/envlibs/lib/python3.10/site-packages/airflow/example_dags/example_sla_dag.py for tasks to queue
[2023-06-22T16:24:03.238+0700] {logging_mixin.py:149} INFO - [2023-06-22T16:24:03.237+0700] {dagbag.py:541} INFO - Filling up the DagBag from /Users/macbook/Documents/Documents_MacBook_Pro/ISTT/AirflowTutorial/envlibs/lib/python3.10/site-packages/airflow/example_dags/example_sla_dag.py
[2023-06-22T16:24:03.291+0700] {processor.py:836} INFO - DAG(s) dict_keys(['example_sla_dag']) retrieved from /Users/macbook/Documents/Documents_MacBook_Pro/ISTT/AirflowTutorial/envlibs/lib/python3.10/site-packages/airflow/example_dags/example_sla_dag.py
[2023-06-22T16:24:03.976+0700] {logging_mixin.py:149} INFO - [2023-06-22T16:24:03.976+0700] {dag.py:2726} INFO - Sync 1 DAGs
[2023-06-22T16:24:03.993+0700] {logging_mixin.py:149} INFO - [2023-06-22T16:24:03.993+0700] {dag.py:3486} INFO - Setting next_dagrun for example_sla_dag to 2023-06-22T09:22:00+00:00, run_after=2023-06-22T09:24:00+00:00
[2023-06-22T16:24:04.018+0700] {processor.py:179} INFO - Processing /Users/macbook/Documents/Documents_MacBook_Pro/ISTT/AirflowTutorial/envlibs/lib/python3.10/site-packages/airflow/example_dags/example_sla_dag.py took 0.783 seconds
[2023-06-22T16:26:00.220+0700] {processor.py:157} INFO - Started process (PID=15759) to work on /Users/macbook/Documents/Documents_MacBook_Pro/ISTT/AirflowTutorial/envlibs/lib/python3.10/site-packages/airflow/example_dags/example_sla_dag.py
[2023-06-22T16:26:00.222+0700] {processor.py:826} INFO - Processing file /Users/macbook/Documents/Documents_MacBook_Pro/ISTT/AirflowTutorial/envlibs/lib/python3.10/site-packages/airflow/example_dags/example_sla_dag.py for tasks to queue
[2023-06-22T16:26:00.222+0700] {logging_mixin.py:149} INFO - [2023-06-22T16:26:00.222+0700] {dagbag.py:541} INFO - Filling up the DagBag from /Users/macbook/Documents/Documents_MacBook_Pro/ISTT/AirflowTutorial/envlibs/lib/python3.10/site-packages/airflow/example_dags/example_sla_dag.py
[2023-06-22T16:26:00.271+0700] {processor.py:836} INFO - DAG(s) dict_keys(['example_sla_dag']) retrieved from /Users/macbook/Documents/Documents_MacBook_Pro/ISTT/AirflowTutorial/envlibs/lib/python3.10/site-packages/airflow/example_dags/example_sla_dag.py
[2023-06-22T16:26:00.959+0700] {logging_mixin.py:149} INFO - [2023-06-22T16:26:00.958+0700] {dag.py:2726} INFO - Sync 1 DAGs
[2023-06-22T16:26:00.984+0700] {logging_mixin.py:149} INFO - [2023-06-22T16:26:00.984+0700] {dag.py:3486} INFO - Setting next_dagrun for example_sla_dag to 2023-06-22T09:24:00+00:00, run_after=2023-06-22T09:26:00+00:00
[2023-06-22T16:26:01.002+0700] {processor.py:179} INFO - Processing /Users/macbook/Documents/Documents_MacBook_Pro/ISTT/AirflowTutorial/envlibs/lib/python3.10/site-packages/airflow/example_dags/example_sla_dag.py took 0.783 seconds
