[2023-06-22T14:28:59.636+0700] {processor.py:157} INFO - Started process (PID=11908) to work on /Users/macbook/Documents/Documents_MacBook_Pro/ISTT/AirflowTutorial/envlibs/lib/python3.10/site-packages/airflow/example_dags/example_branch_labels.py
[2023-06-22T14:28:59.636+0700] {processor.py:826} INFO - Processing file /Users/macbook/Documents/Documents_MacBook_Pro/ISTT/AirflowTutorial/envlibs/lib/python3.10/site-packages/airflow/example_dags/example_branch_labels.py for tasks to queue
[2023-06-22T14:28:59.637+0700] {logging_mixin.py:149} INFO - [2023-06-22T14:28:59.637+0700] {dagbag.py:541} INFO - Filling up the DagBag from /Users/macbook/Documents/Documents_MacBook_Pro/ISTT/AirflowTutorial/envlibs/lib/python3.10/site-packages/airflow/example_dags/example_branch_labels.py
[2023-06-22T14:28:59.666+0700] {processor.py:836} INFO - DAG(s) dict_keys(['example_branch_labels']) retrieved from /Users/macbook/Documents/Documents_MacBook_Pro/ISTT/AirflowTutorial/envlibs/lib/python3.10/site-packages/airflow/example_dags/example_branch_labels.py
[2023-06-22T14:29:00.494+0700] {logging_mixin.py:149} INFO - [2023-06-22T14:29:00.494+0700] {dag.py:2726} INFO - Sync 1 DAGs
[2023-06-22T14:29:00.509+0700] {logging_mixin.py:149} INFO - [2023-06-22T14:29:00.509+0700] {dag.py:3486} INFO - Setting next_dagrun for example_branch_labels to 2023-06-21T00:00:00+00:00, run_after=2023-06-22T00:00:00+00:00
[2023-06-22T14:29:00.526+0700] {processor.py:179} INFO - Processing /Users/macbook/Documents/Documents_MacBook_Pro/ISTT/AirflowTutorial/envlibs/lib/python3.10/site-packages/airflow/example_dags/example_branch_labels.py took 0.891 seconds
[2023-06-22T14:33:28.009+0700] {processor.py:157} INFO - Started process (PID=12106) to work on /Users/macbook/Documents/Documents_MacBook_Pro/ISTT/AirflowTutorial/envlibs/lib/python3.10/site-packages/airflow/example_dags/example_branch_labels.py
[2023-06-22T14:33:28.010+0700] {processor.py:826} INFO - Processing file /Users/macbook/Documents/Documents_MacBook_Pro/ISTT/AirflowTutorial/envlibs/lib/python3.10/site-packages/airflow/example_dags/example_branch_labels.py for tasks to queue
[2023-06-22T14:33:28.011+0700] {logging_mixin.py:149} INFO - [2023-06-22T14:33:28.011+0700] {dagbag.py:541} INFO - Filling up the DagBag from /Users/macbook/Documents/Documents_MacBook_Pro/ISTT/AirflowTutorial/envlibs/lib/python3.10/site-packages/airflow/example_dags/example_branch_labels.py
[2023-06-22T14:33:28.036+0700] {processor.py:836} INFO - DAG(s) dict_keys(['example_branch_labels']) retrieved from /Users/macbook/Documents/Documents_MacBook_Pro/ISTT/AirflowTutorial/envlibs/lib/python3.10/site-packages/airflow/example_dags/example_branch_labels.py
[2023-06-22T14:33:28.987+0700] {logging_mixin.py:149} INFO - [2023-06-22T14:33:28.986+0700] {dag.py:2726} INFO - Sync 1 DAGs
[2023-06-22T14:33:28.997+0700] {logging_mixin.py:149} INFO - [2023-06-22T14:33:28.996+0700] {dag.py:2747} INFO - Creating ORM DAG for example_branch_labels
[2023-06-22T14:33:29.007+0700] {logging_mixin.py:149} INFO - [2023-06-22T14:33:29.007+0700] {dag.py:3486} INFO - Setting next_dagrun for example_branch_labels to 2023-06-21T00:00:00+00:00, run_after=2023-06-22T00:00:00+00:00
[2023-06-22T14:33:29.027+0700] {processor.py:179} INFO - Processing /Users/macbook/Documents/Documents_MacBook_Pro/ISTT/AirflowTutorial/envlibs/lib/python3.10/site-packages/airflow/example_dags/example_branch_labels.py took 1.018 seconds
[2023-06-22T14:38:50.191+0700] {processor.py:157} INFO - Started process (PID=12377) to work on /Users/macbook/Documents/Documents_MacBook_Pro/ISTT/AirflowTutorial/envlibs/lib/python3.10/site-packages/airflow/example_dags/example_branch_labels.py
[2023-06-22T14:38:50.192+0700] {processor.py:826} INFO - Processing file /Users/macbook/Documents/Documents_MacBook_Pro/ISTT/AirflowTutorial/envlibs/lib/python3.10/site-packages/airflow/example_dags/example_branch_labels.py for tasks to queue
[2023-06-22T14:38:50.193+0700] {logging_mixin.py:149} INFO - [2023-06-22T14:38:50.193+0700] {dagbag.py:541} INFO - Filling up the DagBag from /Users/macbook/Documents/Documents_MacBook_Pro/ISTT/AirflowTutorial/envlibs/lib/python3.10/site-packages/airflow/example_dags/example_branch_labels.py
[2023-06-22T14:38:50.220+0700] {processor.py:836} INFO - DAG(s) dict_keys(['example_branch_labels']) retrieved from /Users/macbook/Documents/Documents_MacBook_Pro/ISTT/AirflowTutorial/envlibs/lib/python3.10/site-packages/airflow/example_dags/example_branch_labels.py
[2023-06-22T14:38:51.310+0700] {logging_mixin.py:149} INFO - [2023-06-22T14:38:51.310+0700] {dag.py:2726} INFO - Sync 1 DAGs
[2023-06-22T14:38:51.320+0700] {logging_mixin.py:149} INFO - [2023-06-22T14:38:51.320+0700] {dag.py:2747} INFO - Creating ORM DAG for example_branch_labels
[2023-06-22T14:38:51.332+0700] {logging_mixin.py:149} INFO - [2023-06-22T14:38:51.331+0700] {dag.py:3486} INFO - Setting next_dagrun for example_branch_labels to 2023-06-21T00:00:00+00:00, run_after=2023-06-22T00:00:00+00:00
[2023-06-22T14:38:51.352+0700] {processor.py:179} INFO - Processing /Users/macbook/Documents/Documents_MacBook_Pro/ISTT/AirflowTutorial/envlibs/lib/python3.10/site-packages/airflow/example_dags/example_branch_labels.py took 1.162 seconds
[2023-06-22T14:43:12.290+0700] {processor.py:157} INFO - Started process (PID=12548) to work on /Users/macbook/Documents/Documents_MacBook_Pro/ISTT/AirflowTutorial/envlibs/lib/python3.10/site-packages/airflow/example_dags/example_branch_labels.py
[2023-06-22T14:43:12.291+0700] {processor.py:826} INFO - Processing file /Users/macbook/Documents/Documents_MacBook_Pro/ISTT/AirflowTutorial/envlibs/lib/python3.10/site-packages/airflow/example_dags/example_branch_labels.py for tasks to queue
[2023-06-22T14:43:12.292+0700] {logging_mixin.py:149} INFO - [2023-06-22T14:43:12.292+0700] {dagbag.py:541} INFO - Filling up the DagBag from /Users/macbook/Documents/Documents_MacBook_Pro/ISTT/AirflowTutorial/envlibs/lib/python3.10/site-packages/airflow/example_dags/example_branch_labels.py
[2023-06-22T14:43:12.317+0700] {processor.py:836} INFO - DAG(s) dict_keys(['example_branch_labels']) retrieved from /Users/macbook/Documents/Documents_MacBook_Pro/ISTT/AirflowTutorial/envlibs/lib/python3.10/site-packages/airflow/example_dags/example_branch_labels.py
[2023-06-22T14:43:13.382+0700] {logging_mixin.py:149} INFO - [2023-06-22T14:43:13.382+0700] {dag.py:2726} INFO - Sync 1 DAGs
[2023-06-22T14:43:13.402+0700] {logging_mixin.py:149} INFO - [2023-06-22T14:43:13.402+0700] {dag.py:3486} INFO - Setting next_dagrun for example_branch_labels to 2023-06-21T00:00:00+00:00, run_after=2023-06-22T00:00:00+00:00
[2023-06-22T14:43:13.421+0700] {processor.py:179} INFO - Processing /Users/macbook/Documents/Documents_MacBook_Pro/ISTT/AirflowTutorial/envlibs/lib/python3.10/site-packages/airflow/example_dags/example_branch_labels.py took 1.132 seconds
[2023-06-22T14:47:23.146+0700] {processor.py:157} INFO - Started process (PID=12659) to work on /Users/macbook/Documents/Documents_MacBook_Pro/ISTT/AirflowTutorial/envlibs/lib/python3.10/site-packages/airflow/example_dags/example_branch_labels.py
[2023-06-22T14:47:23.148+0700] {processor.py:826} INFO - Processing file /Users/macbook/Documents/Documents_MacBook_Pro/ISTT/AirflowTutorial/envlibs/lib/python3.10/site-packages/airflow/example_dags/example_branch_labels.py for tasks to queue
[2023-06-22T14:47:23.148+0700] {logging_mixin.py:149} INFO - [2023-06-22T14:47:23.148+0700] {dagbag.py:541} INFO - Filling up the DagBag from /Users/macbook/Documents/Documents_MacBook_Pro/ISTT/AirflowTutorial/envlibs/lib/python3.10/site-packages/airflow/example_dags/example_branch_labels.py
[2023-06-22T14:47:23.173+0700] {processor.py:836} INFO - DAG(s) dict_keys(['example_branch_labels']) retrieved from /Users/macbook/Documents/Documents_MacBook_Pro/ISTT/AirflowTutorial/envlibs/lib/python3.10/site-packages/airflow/example_dags/example_branch_labels.py
[2023-06-22T14:47:24.219+0700] {logging_mixin.py:149} INFO - [2023-06-22T14:47:24.219+0700] {dag.py:2726} INFO - Sync 1 DAGs
[2023-06-22T14:47:24.243+0700] {logging_mixin.py:149} INFO - [2023-06-22T14:47:24.243+0700] {dag.py:3486} INFO - Setting next_dagrun for example_branch_labels to 2023-06-21T00:00:00+00:00, run_after=2023-06-22T00:00:00+00:00
[2023-06-22T14:47:24.272+0700] {processor.py:179} INFO - Processing /Users/macbook/Documents/Documents_MacBook_Pro/ISTT/AirflowTutorial/envlibs/lib/python3.10/site-packages/airflow/example_dags/example_branch_labels.py took 1.126 seconds
[2023-06-22T14:51:35.379+0700] {processor.py:157} INFO - Started process (PID=12780) to work on /Users/macbook/Documents/Documents_MacBook_Pro/ISTT/AirflowTutorial/envlibs/lib/python3.10/site-packages/airflow/example_dags/example_branch_labels.py
[2023-06-22T14:51:35.380+0700] {processor.py:826} INFO - Processing file /Users/macbook/Documents/Documents_MacBook_Pro/ISTT/AirflowTutorial/envlibs/lib/python3.10/site-packages/airflow/example_dags/example_branch_labels.py for tasks to queue
[2023-06-22T14:51:35.381+0700] {logging_mixin.py:149} INFO - [2023-06-22T14:51:35.381+0700] {dagbag.py:541} INFO - Filling up the DagBag from /Users/macbook/Documents/Documents_MacBook_Pro/ISTT/AirflowTutorial/envlibs/lib/python3.10/site-packages/airflow/example_dags/example_branch_labels.py
[2023-06-22T14:51:35.401+0700] {processor.py:836} INFO - DAG(s) dict_keys(['example_branch_labels']) retrieved from /Users/macbook/Documents/Documents_MacBook_Pro/ISTT/AirflowTutorial/envlibs/lib/python3.10/site-packages/airflow/example_dags/example_branch_labels.py
[2023-06-22T14:51:36.193+0700] {logging_mixin.py:149} INFO - [2023-06-22T14:51:36.193+0700] {dag.py:2726} INFO - Sync 1 DAGs
[2023-06-22T14:51:36.211+0700] {logging_mixin.py:149} INFO - [2023-06-22T14:51:36.211+0700] {dag.py:3486} INFO - Setting next_dagrun for example_branch_labels to 2023-06-21T00:00:00+00:00, run_after=2023-06-22T00:00:00+00:00
[2023-06-22T14:51:36.228+0700] {processor.py:179} INFO - Processing /Users/macbook/Documents/Documents_MacBook_Pro/ISTT/AirflowTutorial/envlibs/lib/python3.10/site-packages/airflow/example_dags/example_branch_labels.py took 0.850 seconds
[2023-06-22T14:55:31.352+0700] {processor.py:157} INFO - Started process (PID=12889) to work on /Users/macbook/Documents/Documents_MacBook_Pro/ISTT/AirflowTutorial/envlibs/lib/python3.10/site-packages/airflow/example_dags/example_branch_labels.py
[2023-06-22T14:55:31.353+0700] {processor.py:826} INFO - Processing file /Users/macbook/Documents/Documents_MacBook_Pro/ISTT/AirflowTutorial/envlibs/lib/python3.10/site-packages/airflow/example_dags/example_branch_labels.py for tasks to queue
[2023-06-22T14:55:31.353+0700] {logging_mixin.py:149} INFO - [2023-06-22T14:55:31.353+0700] {dagbag.py:541} INFO - Filling up the DagBag from /Users/macbook/Documents/Documents_MacBook_Pro/ISTT/AirflowTutorial/envlibs/lib/python3.10/site-packages/airflow/example_dags/example_branch_labels.py
[2023-06-22T14:55:31.373+0700] {processor.py:836} INFO - DAG(s) dict_keys(['example_branch_labels']) retrieved from /Users/macbook/Documents/Documents_MacBook_Pro/ISTT/AirflowTutorial/envlibs/lib/python3.10/site-packages/airflow/example_dags/example_branch_labels.py
[2023-06-22T14:55:32.100+0700] {logging_mixin.py:149} INFO - [2023-06-22T14:55:32.099+0700] {dag.py:2726} INFO - Sync 1 DAGs
[2023-06-22T14:55:32.117+0700] {logging_mixin.py:149} INFO - [2023-06-22T14:55:32.117+0700] {dag.py:3486} INFO - Setting next_dagrun for example_branch_labels to 2023-06-21T00:00:00+00:00, run_after=2023-06-22T00:00:00+00:00
[2023-06-22T14:55:32.134+0700] {processor.py:179} INFO - Processing /Users/macbook/Documents/Documents_MacBook_Pro/ISTT/AirflowTutorial/envlibs/lib/python3.10/site-packages/airflow/example_dags/example_branch_labels.py took 0.783 seconds
[2023-06-22T14:59:30.483+0700] {processor.py:157} INFO - Started process (PID=12993) to work on /Users/macbook/Documents/Documents_MacBook_Pro/ISTT/AirflowTutorial/envlibs/lib/python3.10/site-packages/airflow/example_dags/example_branch_labels.py
[2023-06-22T14:59:30.484+0700] {processor.py:826} INFO - Processing file /Users/macbook/Documents/Documents_MacBook_Pro/ISTT/AirflowTutorial/envlibs/lib/python3.10/site-packages/airflow/example_dags/example_branch_labels.py for tasks to queue
[2023-06-22T14:59:30.485+0700] {logging_mixin.py:149} INFO - [2023-06-22T14:59:30.485+0700] {dagbag.py:541} INFO - Filling up the DagBag from /Users/macbook/Documents/Documents_MacBook_Pro/ISTT/AirflowTutorial/envlibs/lib/python3.10/site-packages/airflow/example_dags/example_branch_labels.py
[2023-06-22T14:59:30.507+0700] {processor.py:836} INFO - DAG(s) dict_keys(['example_branch_labels']) retrieved from /Users/macbook/Documents/Documents_MacBook_Pro/ISTT/AirflowTutorial/envlibs/lib/python3.10/site-packages/airflow/example_dags/example_branch_labels.py
[2023-06-22T14:59:31.354+0700] {logging_mixin.py:149} INFO - [2023-06-22T14:59:31.354+0700] {dag.py:2726} INFO - Sync 1 DAGs
[2023-06-22T14:59:31.374+0700] {logging_mixin.py:149} INFO - [2023-06-22T14:59:31.373+0700] {dag.py:3486} INFO - Setting next_dagrun for example_branch_labels to 2023-06-21T00:00:00+00:00, run_after=2023-06-22T00:00:00+00:00
[2023-06-22T14:59:31.392+0700] {processor.py:179} INFO - Processing /Users/macbook/Documents/Documents_MacBook_Pro/ISTT/AirflowTutorial/envlibs/lib/python3.10/site-packages/airflow/example_dags/example_branch_labels.py took 0.910 seconds
[2023-06-22T15:03:37.634+0700] {processor.py:157} INFO - Started process (PID=13106) to work on /Users/macbook/Documents/Documents_MacBook_Pro/ISTT/AirflowTutorial/envlibs/lib/python3.10/site-packages/airflow/example_dags/example_branch_labels.py
[2023-06-22T15:03:37.635+0700] {processor.py:826} INFO - Processing file /Users/macbook/Documents/Documents_MacBook_Pro/ISTT/AirflowTutorial/envlibs/lib/python3.10/site-packages/airflow/example_dags/example_branch_labels.py for tasks to queue
[2023-06-22T15:03:37.636+0700] {logging_mixin.py:149} INFO - [2023-06-22T15:03:37.636+0700] {dagbag.py:541} INFO - Filling up the DagBag from /Users/macbook/Documents/Documents_MacBook_Pro/ISTT/AirflowTutorial/envlibs/lib/python3.10/site-packages/airflow/example_dags/example_branch_labels.py
[2023-06-22T15:03:37.660+0700] {processor.py:836} INFO - DAG(s) dict_keys(['example_branch_labels']) retrieved from /Users/macbook/Documents/Documents_MacBook_Pro/ISTT/AirflowTutorial/envlibs/lib/python3.10/site-packages/airflow/example_dags/example_branch_labels.py
[2023-06-22T15:03:38.440+0700] {logging_mixin.py:149} INFO - [2023-06-22T15:03:38.440+0700] {dag.py:2726} INFO - Sync 1 DAGs
[2023-06-22T15:03:38.459+0700] {logging_mixin.py:149} INFO - [2023-06-22T15:03:38.459+0700] {dag.py:3486} INFO - Setting next_dagrun for example_branch_labels to 2023-06-21T00:00:00+00:00, run_after=2023-06-22T00:00:00+00:00
[2023-06-22T15:03:38.479+0700] {processor.py:179} INFO - Processing /Users/macbook/Documents/Documents_MacBook_Pro/ISTT/AirflowTutorial/envlibs/lib/python3.10/site-packages/airflow/example_dags/example_branch_labels.py took 0.845 seconds
[2023-06-22T15:07:49.645+0700] {processor.py:157} INFO - Started process (PID=13268) to work on /Users/macbook/Documents/Documents_MacBook_Pro/ISTT/AirflowTutorial/envlibs/lib/python3.10/site-packages/airflow/example_dags/example_branch_labels.py
[2023-06-22T15:07:49.646+0700] {processor.py:826} INFO - Processing file /Users/macbook/Documents/Documents_MacBook_Pro/ISTT/AirflowTutorial/envlibs/lib/python3.10/site-packages/airflow/example_dags/example_branch_labels.py for tasks to queue
[2023-06-22T15:07:49.646+0700] {logging_mixin.py:149} INFO - [2023-06-22T15:07:49.646+0700] {dagbag.py:541} INFO - Filling up the DagBag from /Users/macbook/Documents/Documents_MacBook_Pro/ISTT/AirflowTutorial/envlibs/lib/python3.10/site-packages/airflow/example_dags/example_branch_labels.py
[2023-06-22T15:07:49.669+0700] {processor.py:836} INFO - DAG(s) dict_keys(['example_branch_labels']) retrieved from /Users/macbook/Documents/Documents_MacBook_Pro/ISTT/AirflowTutorial/envlibs/lib/python3.10/site-packages/airflow/example_dags/example_branch_labels.py
[2023-06-22T15:07:50.454+0700] {logging_mixin.py:149} INFO - [2023-06-22T15:07:50.454+0700] {dag.py:2726} INFO - Sync 1 DAGs
[2023-06-22T15:07:50.472+0700] {logging_mixin.py:149} INFO - [2023-06-22T15:07:50.472+0700] {dag.py:3486} INFO - Setting next_dagrun for example_branch_labels to 2023-06-21T00:00:00+00:00, run_after=2023-06-22T00:00:00+00:00
[2023-06-22T15:07:50.490+0700] {processor.py:179} INFO - Processing /Users/macbook/Documents/Documents_MacBook_Pro/ISTT/AirflowTutorial/envlibs/lib/python3.10/site-packages/airflow/example_dags/example_branch_labels.py took 0.846 seconds
[2023-06-22T15:11:58.481+0700] {processor.py:157} INFO - Started process (PID=13419) to work on /Users/macbook/Documents/Documents_MacBook_Pro/ISTT/AirflowTutorial/envlibs/lib/python3.10/site-packages/airflow/example_dags/example_branch_labels.py
[2023-06-22T15:11:58.483+0700] {processor.py:826} INFO - Processing file /Users/macbook/Documents/Documents_MacBook_Pro/ISTT/AirflowTutorial/envlibs/lib/python3.10/site-packages/airflow/example_dags/example_branch_labels.py for tasks to queue
[2023-06-22T15:11:58.483+0700] {logging_mixin.py:149} INFO - [2023-06-22T15:11:58.483+0700] {dagbag.py:541} INFO - Filling up the DagBag from /Users/macbook/Documents/Documents_MacBook_Pro/ISTT/AirflowTutorial/envlibs/lib/python3.10/site-packages/airflow/example_dags/example_branch_labels.py
[2023-06-22T15:11:58.506+0700] {processor.py:836} INFO - DAG(s) dict_keys(['example_branch_labels']) retrieved from /Users/macbook/Documents/Documents_MacBook_Pro/ISTT/AirflowTutorial/envlibs/lib/python3.10/site-packages/airflow/example_dags/example_branch_labels.py
[2023-06-22T15:11:59.326+0700] {logging_mixin.py:149} INFO - [2023-06-22T15:11:59.326+0700] {dag.py:2726} INFO - Sync 1 DAGs
[2023-06-22T15:11:59.347+0700] {logging_mixin.py:149} INFO - [2023-06-22T15:11:59.347+0700] {dag.py:3486} INFO - Setting next_dagrun for example_branch_labels to 2023-06-21T00:00:00+00:00, run_after=2023-06-22T00:00:00+00:00
[2023-06-22T15:11:59.365+0700] {processor.py:179} INFO - Processing /Users/macbook/Documents/Documents_MacBook_Pro/ISTT/AirflowTutorial/envlibs/lib/python3.10/site-packages/airflow/example_dags/example_branch_labels.py took 0.884 seconds
[2023-06-22T15:16:13.337+0700] {processor.py:157} INFO - Started process (PID=13575) to work on /Users/macbook/Documents/Documents_MacBook_Pro/ISTT/AirflowTutorial/envlibs/lib/python3.10/site-packages/airflow/example_dags/example_branch_labels.py
[2023-06-22T15:16:13.338+0700] {processor.py:826} INFO - Processing file /Users/macbook/Documents/Documents_MacBook_Pro/ISTT/AirflowTutorial/envlibs/lib/python3.10/site-packages/airflow/example_dags/example_branch_labels.py for tasks to queue
[2023-06-22T15:16:13.339+0700] {logging_mixin.py:149} INFO - [2023-06-22T15:16:13.339+0700] {dagbag.py:541} INFO - Filling up the DagBag from /Users/macbook/Documents/Documents_MacBook_Pro/ISTT/AirflowTutorial/envlibs/lib/python3.10/site-packages/airflow/example_dags/example_branch_labels.py
[2023-06-22T15:16:13.364+0700] {processor.py:836} INFO - DAG(s) dict_keys(['example_branch_labels']) retrieved from /Users/macbook/Documents/Documents_MacBook_Pro/ISTT/AirflowTutorial/envlibs/lib/python3.10/site-packages/airflow/example_dags/example_branch_labels.py
[2023-06-22T15:16:14.195+0700] {logging_mixin.py:149} INFO - [2023-06-22T15:16:14.195+0700] {dag.py:2726} INFO - Sync 1 DAGs
[2023-06-22T15:16:14.214+0700] {logging_mixin.py:149} INFO - [2023-06-22T15:16:14.214+0700] {dag.py:3486} INFO - Setting next_dagrun for example_branch_labels to 2023-06-21T00:00:00+00:00, run_after=2023-06-22T00:00:00+00:00
[2023-06-22T15:16:14.233+0700] {processor.py:179} INFO - Processing /Users/macbook/Documents/Documents_MacBook_Pro/ISTT/AirflowTutorial/envlibs/lib/python3.10/site-packages/airflow/example_dags/example_branch_labels.py took 0.896 seconds
[2023-06-22T15:20:16.903+0700] {processor.py:157} INFO - Started process (PID=13744) to work on /Users/macbook/Documents/Documents_MacBook_Pro/ISTT/AirflowTutorial/envlibs/lib/python3.10/site-packages/airflow/example_dags/example_branch_labels.py
[2023-06-22T15:20:16.904+0700] {processor.py:826} INFO - Processing file /Users/macbook/Documents/Documents_MacBook_Pro/ISTT/AirflowTutorial/envlibs/lib/python3.10/site-packages/airflow/example_dags/example_branch_labels.py for tasks to queue
[2023-06-22T15:20:16.905+0700] {logging_mixin.py:149} INFO - [2023-06-22T15:20:16.904+0700] {dagbag.py:541} INFO - Filling up the DagBag from /Users/macbook/Documents/Documents_MacBook_Pro/ISTT/AirflowTutorial/envlibs/lib/python3.10/site-packages/airflow/example_dags/example_branch_labels.py
[2023-06-22T15:20:16.929+0700] {processor.py:836} INFO - DAG(s) dict_keys(['example_branch_labels']) retrieved from /Users/macbook/Documents/Documents_MacBook_Pro/ISTT/AirflowTutorial/envlibs/lib/python3.10/site-packages/airflow/example_dags/example_branch_labels.py
[2023-06-22T15:20:17.825+0700] {logging_mixin.py:149} INFO - [2023-06-22T15:20:17.825+0700] {dag.py:2726} INFO - Sync 1 DAGs
[2023-06-22T15:20:17.847+0700] {logging_mixin.py:149} INFO - [2023-06-22T15:20:17.847+0700] {dag.py:3486} INFO - Setting next_dagrun for example_branch_labels to 2023-06-21T00:00:00+00:00, run_after=2023-06-22T00:00:00+00:00
[2023-06-22T15:20:17.878+0700] {processor.py:179} INFO - Processing /Users/macbook/Documents/Documents_MacBook_Pro/ISTT/AirflowTutorial/envlibs/lib/python3.10/site-packages/airflow/example_dags/example_branch_labels.py took 0.976 seconds
[2023-06-22T15:24:38.525+0700] {processor.py:157} INFO - Started process (PID=13868) to work on /Users/macbook/Documents/Documents_MacBook_Pro/ISTT/AirflowTutorial/envlibs/lib/python3.10/site-packages/airflow/example_dags/example_branch_labels.py
[2023-06-22T15:24:38.527+0700] {processor.py:826} INFO - Processing file /Users/macbook/Documents/Documents_MacBook_Pro/ISTT/AirflowTutorial/envlibs/lib/python3.10/site-packages/airflow/example_dags/example_branch_labels.py for tasks to queue
[2023-06-22T15:24:38.528+0700] {logging_mixin.py:149} INFO - [2023-06-22T15:24:38.528+0700] {dagbag.py:541} INFO - Filling up the DagBag from /Users/macbook/Documents/Documents_MacBook_Pro/ISTT/AirflowTutorial/envlibs/lib/python3.10/site-packages/airflow/example_dags/example_branch_labels.py
[2023-06-22T15:24:38.568+0700] {processor.py:836} INFO - DAG(s) dict_keys(['example_branch_labels']) retrieved from /Users/macbook/Documents/Documents_MacBook_Pro/ISTT/AirflowTutorial/envlibs/lib/python3.10/site-packages/airflow/example_dags/example_branch_labels.py
[2023-06-22T15:24:39.623+0700] {logging_mixin.py:149} INFO - [2023-06-22T15:24:39.623+0700] {dag.py:2726} INFO - Sync 1 DAGs
[2023-06-22T15:24:39.648+0700] {logging_mixin.py:149} INFO - [2023-06-22T15:24:39.647+0700] {dag.py:3486} INFO - Setting next_dagrun for example_branch_labels to 2023-06-21T00:00:00+00:00, run_after=2023-06-22T00:00:00+00:00
[2023-06-22T15:24:39.677+0700] {processor.py:179} INFO - Processing /Users/macbook/Documents/Documents_MacBook_Pro/ISTT/AirflowTutorial/envlibs/lib/python3.10/site-packages/airflow/example_dags/example_branch_labels.py took 1.152 seconds
[2023-06-22T15:28:59.404+0700] {processor.py:157} INFO - Started process (PID=13982) to work on /Users/macbook/Documents/Documents_MacBook_Pro/ISTT/AirflowTutorial/envlibs/lib/python3.10/site-packages/airflow/example_dags/example_branch_labels.py
[2023-06-22T15:28:59.405+0700] {processor.py:826} INFO - Processing file /Users/macbook/Documents/Documents_MacBook_Pro/ISTT/AirflowTutorial/envlibs/lib/python3.10/site-packages/airflow/example_dags/example_branch_labels.py for tasks to queue
[2023-06-22T15:28:59.406+0700] {logging_mixin.py:149} INFO - [2023-06-22T15:28:59.406+0700] {dagbag.py:541} INFO - Filling up the DagBag from /Users/macbook/Documents/Documents_MacBook_Pro/ISTT/AirflowTutorial/envlibs/lib/python3.10/site-packages/airflow/example_dags/example_branch_labels.py
[2023-06-22T15:28:59.433+0700] {processor.py:836} INFO - DAG(s) dict_keys(['example_branch_labels']) retrieved from /Users/macbook/Documents/Documents_MacBook_Pro/ISTT/AirflowTutorial/envlibs/lib/python3.10/site-packages/airflow/example_dags/example_branch_labels.py
[2023-06-22T15:29:00.441+0700] {logging_mixin.py:149} INFO - [2023-06-22T15:29:00.441+0700] {dag.py:2726} INFO - Sync 1 DAGs
[2023-06-22T15:29:00.504+0700] {logging_mixin.py:149} INFO - [2023-06-22T15:29:00.504+0700] {dag.py:3486} INFO - Setting next_dagrun for example_branch_labels to 2023-06-21T00:00:00+00:00, run_after=2023-06-22T00:00:00+00:00
[2023-06-22T15:29:00.540+0700] {processor.py:179} INFO - Processing /Users/macbook/Documents/Documents_MacBook_Pro/ISTT/AirflowTutorial/envlibs/lib/python3.10/site-packages/airflow/example_dags/example_branch_labels.py took 1.136 seconds
[2023-06-22T15:33:11.246+0700] {processor.py:157} INFO - Started process (PID=14104) to work on /Users/macbook/Documents/Documents_MacBook_Pro/ISTT/AirflowTutorial/envlibs/lib/python3.10/site-packages/airflow/example_dags/example_branch_labels.py
[2023-06-22T15:33:11.248+0700] {processor.py:826} INFO - Processing file /Users/macbook/Documents/Documents_MacBook_Pro/ISTT/AirflowTutorial/envlibs/lib/python3.10/site-packages/airflow/example_dags/example_branch_labels.py for tasks to queue
[2023-06-22T15:33:11.248+0700] {logging_mixin.py:149} INFO - [2023-06-22T15:33:11.248+0700] {dagbag.py:541} INFO - Filling up the DagBag from /Users/macbook/Documents/Documents_MacBook_Pro/ISTT/AirflowTutorial/envlibs/lib/python3.10/site-packages/airflow/example_dags/example_branch_labels.py
[2023-06-22T15:33:11.271+0700] {processor.py:836} INFO - DAG(s) dict_keys(['example_branch_labels']) retrieved from /Users/macbook/Documents/Documents_MacBook_Pro/ISTT/AirflowTutorial/envlibs/lib/python3.10/site-packages/airflow/example_dags/example_branch_labels.py
[2023-06-22T15:33:12.100+0700] {logging_mixin.py:149} INFO - [2023-06-22T15:33:12.100+0700] {dag.py:2726} INFO - Sync 1 DAGs
[2023-06-22T15:33:12.123+0700] {logging_mixin.py:149} INFO - [2023-06-22T15:33:12.122+0700] {dag.py:3486} INFO - Setting next_dagrun for example_branch_labels to 2023-06-21T00:00:00+00:00, run_after=2023-06-22T00:00:00+00:00
[2023-06-22T15:33:12.141+0700] {processor.py:179} INFO - Processing /Users/macbook/Documents/Documents_MacBook_Pro/ISTT/AirflowTutorial/envlibs/lib/python3.10/site-packages/airflow/example_dags/example_branch_labels.py took 0.896 seconds
[2023-06-22T15:37:21.306+0700] {processor.py:157} INFO - Started process (PID=14219) to work on /Users/macbook/Documents/Documents_MacBook_Pro/ISTT/AirflowTutorial/envlibs/lib/python3.10/site-packages/airflow/example_dags/example_branch_labels.py
[2023-06-22T15:37:21.308+0700] {processor.py:826} INFO - Processing file /Users/macbook/Documents/Documents_MacBook_Pro/ISTT/AirflowTutorial/envlibs/lib/python3.10/site-packages/airflow/example_dags/example_branch_labels.py for tasks to queue
[2023-06-22T15:37:21.308+0700] {logging_mixin.py:149} INFO - [2023-06-22T15:37:21.308+0700] {dagbag.py:541} INFO - Filling up the DagBag from /Users/macbook/Documents/Documents_MacBook_Pro/ISTT/AirflowTutorial/envlibs/lib/python3.10/site-packages/airflow/example_dags/example_branch_labels.py
[2023-06-22T15:37:21.334+0700] {processor.py:836} INFO - DAG(s) dict_keys(['example_branch_labels']) retrieved from /Users/macbook/Documents/Documents_MacBook_Pro/ISTT/AirflowTutorial/envlibs/lib/python3.10/site-packages/airflow/example_dags/example_branch_labels.py
[2023-06-22T15:37:22.138+0700] {logging_mixin.py:149} INFO - [2023-06-22T15:37:22.137+0700] {dag.py:2726} INFO - Sync 1 DAGs
[2023-06-22T15:37:22.157+0700] {logging_mixin.py:149} INFO - [2023-06-22T15:37:22.157+0700] {dag.py:3486} INFO - Setting next_dagrun for example_branch_labels to 2023-06-21T00:00:00+00:00, run_after=2023-06-22T00:00:00+00:00
[2023-06-22T15:37:22.176+0700] {processor.py:179} INFO - Processing /Users/macbook/Documents/Documents_MacBook_Pro/ISTT/AirflowTutorial/envlibs/lib/python3.10/site-packages/airflow/example_dags/example_branch_labels.py took 0.871 seconds
[2023-06-22T15:41:43.092+0700] {processor.py:157} INFO - Started process (PID=14360) to work on /Users/macbook/Documents/Documents_MacBook_Pro/ISTT/AirflowTutorial/envlibs/lib/python3.10/site-packages/airflow/example_dags/example_branch_labels.py
[2023-06-22T15:41:43.094+0700] {processor.py:826} INFO - Processing file /Users/macbook/Documents/Documents_MacBook_Pro/ISTT/AirflowTutorial/envlibs/lib/python3.10/site-packages/airflow/example_dags/example_branch_labels.py for tasks to queue
[2023-06-22T15:41:43.094+0700] {logging_mixin.py:149} INFO - [2023-06-22T15:41:43.094+0700] {dagbag.py:541} INFO - Filling up the DagBag from /Users/macbook/Documents/Documents_MacBook_Pro/ISTT/AirflowTutorial/envlibs/lib/python3.10/site-packages/airflow/example_dags/example_branch_labels.py
[2023-06-22T15:41:43.115+0700] {processor.py:836} INFO - DAG(s) dict_keys(['example_branch_labels']) retrieved from /Users/macbook/Documents/Documents_MacBook_Pro/ISTT/AirflowTutorial/envlibs/lib/python3.10/site-packages/airflow/example_dags/example_branch_labels.py
[2023-06-22T15:41:43.952+0700] {logging_mixin.py:149} INFO - [2023-06-22T15:41:43.952+0700] {dag.py:2726} INFO - Sync 1 DAGs
[2023-06-22T15:41:43.972+0700] {logging_mixin.py:149} INFO - [2023-06-22T15:41:43.971+0700] {dag.py:3486} INFO - Setting next_dagrun for example_branch_labels to 2023-06-21T00:00:00+00:00, run_after=2023-06-22T00:00:00+00:00
[2023-06-22T15:41:43.989+0700] {processor.py:179} INFO - Processing /Users/macbook/Documents/Documents_MacBook_Pro/ISTT/AirflowTutorial/envlibs/lib/python3.10/site-packages/airflow/example_dags/example_branch_labels.py took 0.898 seconds
[2023-06-22T15:46:06.124+0700] {processor.py:157} INFO - Started process (PID=14499) to work on /Users/macbook/Documents/Documents_MacBook_Pro/ISTT/AirflowTutorial/envlibs/lib/python3.10/site-packages/airflow/example_dags/example_branch_labels.py
[2023-06-22T15:46:06.126+0700] {processor.py:826} INFO - Processing file /Users/macbook/Documents/Documents_MacBook_Pro/ISTT/AirflowTutorial/envlibs/lib/python3.10/site-packages/airflow/example_dags/example_branch_labels.py for tasks to queue
[2023-06-22T15:46:06.127+0700] {logging_mixin.py:149} INFO - [2023-06-22T15:46:06.126+0700] {dagbag.py:541} INFO - Filling up the DagBag from /Users/macbook/Documents/Documents_MacBook_Pro/ISTT/AirflowTutorial/envlibs/lib/python3.10/site-packages/airflow/example_dags/example_branch_labels.py
[2023-06-22T15:46:06.150+0700] {processor.py:836} INFO - DAG(s) dict_keys(['example_branch_labels']) retrieved from /Users/macbook/Documents/Documents_MacBook_Pro/ISTT/AirflowTutorial/envlibs/lib/python3.10/site-packages/airflow/example_dags/example_branch_labels.py
[2023-06-22T15:46:07.006+0700] {logging_mixin.py:149} INFO - [2023-06-22T15:46:07.005+0700] {dag.py:2726} INFO - Sync 1 DAGs
[2023-06-22T15:46:07.026+0700] {logging_mixin.py:149} INFO - [2023-06-22T15:46:07.026+0700] {dag.py:3486} INFO - Setting next_dagrun for example_branch_labels to 2023-06-21T00:00:00+00:00, run_after=2023-06-22T00:00:00+00:00
[2023-06-22T15:46:07.046+0700] {processor.py:179} INFO - Processing /Users/macbook/Documents/Documents_MacBook_Pro/ISTT/AirflowTutorial/envlibs/lib/python3.10/site-packages/airflow/example_dags/example_branch_labels.py took 0.923 seconds
[2023-06-22T15:50:34.393+0700] {processor.py:157} INFO - Started process (PID=14665) to work on /Users/macbook/Documents/Documents_MacBook_Pro/ISTT/AirflowTutorial/envlibs/lib/python3.10/site-packages/airflow/example_dags/example_branch_labels.py
[2023-06-22T15:50:34.394+0700] {processor.py:826} INFO - Processing file /Users/macbook/Documents/Documents_MacBook_Pro/ISTT/AirflowTutorial/envlibs/lib/python3.10/site-packages/airflow/example_dags/example_branch_labels.py for tasks to queue
[2023-06-22T15:50:34.395+0700] {logging_mixin.py:149} INFO - [2023-06-22T15:50:34.395+0700] {dagbag.py:541} INFO - Filling up the DagBag from /Users/macbook/Documents/Documents_MacBook_Pro/ISTT/AirflowTutorial/envlibs/lib/python3.10/site-packages/airflow/example_dags/example_branch_labels.py
[2023-06-22T15:50:34.416+0700] {processor.py:836} INFO - DAG(s) dict_keys(['example_branch_labels']) retrieved from /Users/macbook/Documents/Documents_MacBook_Pro/ISTT/AirflowTutorial/envlibs/lib/python3.10/site-packages/airflow/example_dags/example_branch_labels.py
[2023-06-22T15:50:35.228+0700] {logging_mixin.py:149} INFO - [2023-06-22T15:50:35.228+0700] {dag.py:2726} INFO - Sync 1 DAGs
[2023-06-22T15:50:35.247+0700] {logging_mixin.py:149} INFO - [2023-06-22T15:50:35.246+0700] {dag.py:3486} INFO - Setting next_dagrun for example_branch_labels to 2023-06-21T00:00:00+00:00, run_after=2023-06-22T00:00:00+00:00
[2023-06-22T15:50:35.265+0700] {processor.py:179} INFO - Processing /Users/macbook/Documents/Documents_MacBook_Pro/ISTT/AirflowTutorial/envlibs/lib/python3.10/site-packages/airflow/example_dags/example_branch_labels.py took 0.872 seconds
[2023-06-22T15:55:07.603+0700] {processor.py:157} INFO - Started process (PID=14843) to work on /Users/macbook/Documents/Documents_MacBook_Pro/ISTT/AirflowTutorial/envlibs/lib/python3.10/site-packages/airflow/example_dags/example_branch_labels.py
[2023-06-22T15:55:07.605+0700] {processor.py:826} INFO - Processing file /Users/macbook/Documents/Documents_MacBook_Pro/ISTT/AirflowTutorial/envlibs/lib/python3.10/site-packages/airflow/example_dags/example_branch_labels.py for tasks to queue
[2023-06-22T15:55:07.605+0700] {logging_mixin.py:149} INFO - [2023-06-22T15:55:07.605+0700] {dagbag.py:541} INFO - Filling up the DagBag from /Users/macbook/Documents/Documents_MacBook_Pro/ISTT/AirflowTutorial/envlibs/lib/python3.10/site-packages/airflow/example_dags/example_branch_labels.py
[2023-06-22T15:55:07.627+0700] {processor.py:836} INFO - DAG(s) dict_keys(['example_branch_labels']) retrieved from /Users/macbook/Documents/Documents_MacBook_Pro/ISTT/AirflowTutorial/envlibs/lib/python3.10/site-packages/airflow/example_dags/example_branch_labels.py
[2023-06-22T15:55:08.467+0700] {logging_mixin.py:149} INFO - [2023-06-22T15:55:08.466+0700] {dag.py:2726} INFO - Sync 1 DAGs
[2023-06-22T15:55:08.489+0700] {logging_mixin.py:149} INFO - [2023-06-22T15:55:08.489+0700] {dag.py:3486} INFO - Setting next_dagrun for example_branch_labels to 2023-06-21T00:00:00+00:00, run_after=2023-06-22T00:00:00+00:00
[2023-06-22T15:55:08.508+0700] {processor.py:179} INFO - Processing /Users/macbook/Documents/Documents_MacBook_Pro/ISTT/AirflowTutorial/envlibs/lib/python3.10/site-packages/airflow/example_dags/example_branch_labels.py took 0.905 seconds
[2023-06-22T15:59:40.482+0700] {processor.py:157} INFO - Started process (PID=14973) to work on /Users/macbook/Documents/Documents_MacBook_Pro/ISTT/AirflowTutorial/envlibs/lib/python3.10/site-packages/airflow/example_dags/example_branch_labels.py
[2023-06-22T15:59:40.484+0700] {processor.py:826} INFO - Processing file /Users/macbook/Documents/Documents_MacBook_Pro/ISTT/AirflowTutorial/envlibs/lib/python3.10/site-packages/airflow/example_dags/example_branch_labels.py for tasks to queue
[2023-06-22T15:59:40.484+0700] {logging_mixin.py:149} INFO - [2023-06-22T15:59:40.484+0700] {dagbag.py:541} INFO - Filling up the DagBag from /Users/macbook/Documents/Documents_MacBook_Pro/ISTT/AirflowTutorial/envlibs/lib/python3.10/site-packages/airflow/example_dags/example_branch_labels.py
[2023-06-22T15:59:40.509+0700] {processor.py:836} INFO - DAG(s) dict_keys(['example_branch_labels']) retrieved from /Users/macbook/Documents/Documents_MacBook_Pro/ISTT/AirflowTutorial/envlibs/lib/python3.10/site-packages/airflow/example_dags/example_branch_labels.py
[2023-06-22T15:59:41.295+0700] {logging_mixin.py:149} INFO - [2023-06-22T15:59:41.295+0700] {dag.py:2726} INFO - Sync 1 DAGs
[2023-06-22T15:59:41.314+0700] {logging_mixin.py:149} INFO - [2023-06-22T15:59:41.314+0700] {dag.py:3486} INFO - Setting next_dagrun for example_branch_labels to 2023-06-21T00:00:00+00:00, run_after=2023-06-22T00:00:00+00:00
[2023-06-22T15:59:41.334+0700] {processor.py:179} INFO - Processing /Users/macbook/Documents/Documents_MacBook_Pro/ISTT/AirflowTutorial/envlibs/lib/python3.10/site-packages/airflow/example_dags/example_branch_labels.py took 0.853 seconds
[2023-06-22T16:04:08.438+0700] {processor.py:157} INFO - Started process (PID=15094) to work on /Users/macbook/Documents/Documents_MacBook_Pro/ISTT/AirflowTutorial/envlibs/lib/python3.10/site-packages/airflow/example_dags/example_branch_labels.py
[2023-06-22T16:04:08.440+0700] {processor.py:826} INFO - Processing file /Users/macbook/Documents/Documents_MacBook_Pro/ISTT/AirflowTutorial/envlibs/lib/python3.10/site-packages/airflow/example_dags/example_branch_labels.py for tasks to queue
[2023-06-22T16:04:08.440+0700] {logging_mixin.py:149} INFO - [2023-06-22T16:04:08.440+0700] {dagbag.py:541} INFO - Filling up the DagBag from /Users/macbook/Documents/Documents_MacBook_Pro/ISTT/AirflowTutorial/envlibs/lib/python3.10/site-packages/airflow/example_dags/example_branch_labels.py
[2023-06-22T16:04:08.462+0700] {processor.py:836} INFO - DAG(s) dict_keys(['example_branch_labels']) retrieved from /Users/macbook/Documents/Documents_MacBook_Pro/ISTT/AirflowTutorial/envlibs/lib/python3.10/site-packages/airflow/example_dags/example_branch_labels.py
[2023-06-22T16:04:09.271+0700] {logging_mixin.py:149} INFO - [2023-06-22T16:04:09.271+0700] {dag.py:2726} INFO - Sync 1 DAGs
[2023-06-22T16:04:09.292+0700] {logging_mixin.py:149} INFO - [2023-06-22T16:04:09.292+0700] {dag.py:3486} INFO - Setting next_dagrun for example_branch_labels to 2023-06-21T00:00:00+00:00, run_after=2023-06-22T00:00:00+00:00
[2023-06-22T16:04:09.311+0700] {processor.py:179} INFO - Processing /Users/macbook/Documents/Documents_MacBook_Pro/ISTT/AirflowTutorial/envlibs/lib/python3.10/site-packages/airflow/example_dags/example_branch_labels.py took 0.873 seconds
[2023-06-22T16:08:25.283+0700] {processor.py:157} INFO - Started process (PID=15213) to work on /Users/macbook/Documents/Documents_MacBook_Pro/ISTT/AirflowTutorial/envlibs/lib/python3.10/site-packages/airflow/example_dags/example_branch_labels.py
[2023-06-22T16:08:25.284+0700] {processor.py:826} INFO - Processing file /Users/macbook/Documents/Documents_MacBook_Pro/ISTT/AirflowTutorial/envlibs/lib/python3.10/site-packages/airflow/example_dags/example_branch_labels.py for tasks to queue
[2023-06-22T16:08:25.285+0700] {logging_mixin.py:149} INFO - [2023-06-22T16:08:25.285+0700] {dagbag.py:541} INFO - Filling up the DagBag from /Users/macbook/Documents/Documents_MacBook_Pro/ISTT/AirflowTutorial/envlibs/lib/python3.10/site-packages/airflow/example_dags/example_branch_labels.py
[2023-06-22T16:08:25.308+0700] {processor.py:836} INFO - DAG(s) dict_keys(['example_branch_labels']) retrieved from /Users/macbook/Documents/Documents_MacBook_Pro/ISTT/AirflowTutorial/envlibs/lib/python3.10/site-packages/airflow/example_dags/example_branch_labels.py
[2023-06-22T16:08:26.129+0700] {logging_mixin.py:149} INFO - [2023-06-22T16:08:26.129+0700] {dag.py:2726} INFO - Sync 1 DAGs
[2023-06-22T16:08:26.147+0700] {logging_mixin.py:149} INFO - [2023-06-22T16:08:26.147+0700] {dag.py:3486} INFO - Setting next_dagrun for example_branch_labels to 2023-06-21T00:00:00+00:00, run_after=2023-06-22T00:00:00+00:00
[2023-06-22T16:08:26.166+0700] {processor.py:179} INFO - Processing /Users/macbook/Documents/Documents_MacBook_Pro/ISTT/AirflowTutorial/envlibs/lib/python3.10/site-packages/airflow/example_dags/example_branch_labels.py took 0.884 seconds
[2023-06-22T16:12:22.821+0700] {processor.py:157} INFO - Started process (PID=15327) to work on /Users/macbook/Documents/Documents_MacBook_Pro/ISTT/AirflowTutorial/envlibs/lib/python3.10/site-packages/airflow/example_dags/example_branch_labels.py
[2023-06-22T16:12:22.822+0700] {processor.py:826} INFO - Processing file /Users/macbook/Documents/Documents_MacBook_Pro/ISTT/AirflowTutorial/envlibs/lib/python3.10/site-packages/airflow/example_dags/example_branch_labels.py for tasks to queue
[2023-06-22T16:12:22.823+0700] {logging_mixin.py:149} INFO - [2023-06-22T16:12:22.823+0700] {dagbag.py:541} INFO - Filling up the DagBag from /Users/macbook/Documents/Documents_MacBook_Pro/ISTT/AirflowTutorial/envlibs/lib/python3.10/site-packages/airflow/example_dags/example_branch_labels.py
[2023-06-22T16:12:22.841+0700] {processor.py:836} INFO - DAG(s) dict_keys(['example_branch_labels']) retrieved from /Users/macbook/Documents/Documents_MacBook_Pro/ISTT/AirflowTutorial/envlibs/lib/python3.10/site-packages/airflow/example_dags/example_branch_labels.py
[2023-06-22T16:12:23.539+0700] {logging_mixin.py:149} INFO - [2023-06-22T16:12:23.538+0700] {dag.py:2726} INFO - Sync 1 DAGs
[2023-06-22T16:12:23.555+0700] {logging_mixin.py:149} INFO - [2023-06-22T16:12:23.555+0700] {dag.py:3486} INFO - Setting next_dagrun for example_branch_labels to 2023-06-21T00:00:00+00:00, run_after=2023-06-22T00:00:00+00:00
[2023-06-22T16:12:23.580+0700] {processor.py:179} INFO - Processing /Users/macbook/Documents/Documents_MacBook_Pro/ISTT/AirflowTutorial/envlibs/lib/python3.10/site-packages/airflow/example_dags/example_branch_labels.py took 0.759 seconds
[2023-06-22T16:16:27.500+0700] {processor.py:157} INFO - Started process (PID=15435) to work on /Users/macbook/Documents/Documents_MacBook_Pro/ISTT/AirflowTutorial/envlibs/lib/python3.10/site-packages/airflow/example_dags/example_branch_labels.py
[2023-06-22T16:16:27.501+0700] {processor.py:826} INFO - Processing file /Users/macbook/Documents/Documents_MacBook_Pro/ISTT/AirflowTutorial/envlibs/lib/python3.10/site-packages/airflow/example_dags/example_branch_labels.py for tasks to queue
[2023-06-22T16:16:27.502+0700] {logging_mixin.py:149} INFO - [2023-06-22T16:16:27.502+0700] {dagbag.py:541} INFO - Filling up the DagBag from /Users/macbook/Documents/Documents_MacBook_Pro/ISTT/AirflowTutorial/envlibs/lib/python3.10/site-packages/airflow/example_dags/example_branch_labels.py
[2023-06-22T16:16:27.525+0700] {processor.py:836} INFO - DAG(s) dict_keys(['example_branch_labels']) retrieved from /Users/macbook/Documents/Documents_MacBook_Pro/ISTT/AirflowTutorial/envlibs/lib/python3.10/site-packages/airflow/example_dags/example_branch_labels.py
[2023-06-22T16:16:28.383+0700] {logging_mixin.py:149} INFO - [2023-06-22T16:16:28.382+0700] {dag.py:2726} INFO - Sync 1 DAGs
[2023-06-22T16:16:28.402+0700] {logging_mixin.py:149} INFO - [2023-06-22T16:16:28.402+0700] {dag.py:3486} INFO - Setting next_dagrun for example_branch_labels to 2023-06-21T00:00:00+00:00, run_after=2023-06-22T00:00:00+00:00
[2023-06-22T16:16:28.422+0700] {processor.py:179} INFO - Processing /Users/macbook/Documents/Documents_MacBook_Pro/ISTT/AirflowTutorial/envlibs/lib/python3.10/site-packages/airflow/example_dags/example_branch_labels.py took 0.923 seconds
[2023-06-22T16:20:58.621+0700] {processor.py:157} INFO - Started process (PID=15595) to work on /Users/macbook/Documents/Documents_MacBook_Pro/ISTT/AirflowTutorial/envlibs/lib/python3.10/site-packages/airflow/example_dags/example_branch_labels.py
[2023-06-22T16:20:58.623+0700] {processor.py:826} INFO - Processing file /Users/macbook/Documents/Documents_MacBook_Pro/ISTT/AirflowTutorial/envlibs/lib/python3.10/site-packages/airflow/example_dags/example_branch_labels.py for tasks to queue
[2023-06-22T16:20:58.624+0700] {logging_mixin.py:149} INFO - [2023-06-22T16:20:58.623+0700] {dagbag.py:541} INFO - Filling up the DagBag from /Users/macbook/Documents/Documents_MacBook_Pro/ISTT/AirflowTutorial/envlibs/lib/python3.10/site-packages/airflow/example_dags/example_branch_labels.py
[2023-06-22T16:20:58.646+0700] {processor.py:836} INFO - DAG(s) dict_keys(['example_branch_labels']) retrieved from /Users/macbook/Documents/Documents_MacBook_Pro/ISTT/AirflowTutorial/envlibs/lib/python3.10/site-packages/airflow/example_dags/example_branch_labels.py
[2023-06-22T16:20:59.605+0700] {logging_mixin.py:149} INFO - [2023-06-22T16:20:59.604+0700] {dag.py:2726} INFO - Sync 1 DAGs
[2023-06-22T16:20:59.633+0700] {logging_mixin.py:149} INFO - [2023-06-22T16:20:59.633+0700] {dag.py:3486} INFO - Setting next_dagrun for example_branch_labels to 2023-06-21T00:00:00+00:00, run_after=2023-06-22T00:00:00+00:00
[2023-06-22T16:20:59.654+0700] {processor.py:179} INFO - Processing /Users/macbook/Documents/Documents_MacBook_Pro/ISTT/AirflowTutorial/envlibs/lib/python3.10/site-packages/airflow/example_dags/example_branch_labels.py took 1.033 seconds
[2023-06-22T16:24:51.605+0700] {processor.py:157} INFO - Started process (PID=15702) to work on /Users/macbook/Documents/Documents_MacBook_Pro/ISTT/AirflowTutorial/envlibs/lib/python3.10/site-packages/airflow/example_dags/example_branch_labels.py
[2023-06-22T16:24:51.606+0700] {processor.py:826} INFO - Processing file /Users/macbook/Documents/Documents_MacBook_Pro/ISTT/AirflowTutorial/envlibs/lib/python3.10/site-packages/airflow/example_dags/example_branch_labels.py for tasks to queue
[2023-06-22T16:24:51.607+0700] {logging_mixin.py:149} INFO - [2023-06-22T16:24:51.607+0700] {dagbag.py:541} INFO - Filling up the DagBag from /Users/macbook/Documents/Documents_MacBook_Pro/ISTT/AirflowTutorial/envlibs/lib/python3.10/site-packages/airflow/example_dags/example_branch_labels.py
[2023-06-22T16:24:51.626+0700] {processor.py:836} INFO - DAG(s) dict_keys(['example_branch_labels']) retrieved from /Users/macbook/Documents/Documents_MacBook_Pro/ISTT/AirflowTutorial/envlibs/lib/python3.10/site-packages/airflow/example_dags/example_branch_labels.py
[2023-06-22T16:24:52.336+0700] {logging_mixin.py:149} INFO - [2023-06-22T16:24:52.335+0700] {dag.py:2726} INFO - Sync 1 DAGs
[2023-06-22T16:24:52.353+0700] {logging_mixin.py:149} INFO - [2023-06-22T16:24:52.353+0700] {dag.py:3486} INFO - Setting next_dagrun for example_branch_labels to 2023-06-21T00:00:00+00:00, run_after=2023-06-22T00:00:00+00:00
[2023-06-22T16:24:52.369+0700] {processor.py:179} INFO - Processing /Users/macbook/Documents/Documents_MacBook_Pro/ISTT/AirflowTutorial/envlibs/lib/python3.10/site-packages/airflow/example_dags/example_branch_labels.py took 0.764 seconds
