[2023-06-22T14:27:19.931+0700] {processor.py:157} INFO - Started process (PID=11865) to work on /Users/macbook/Documents/Documents_MacBook_Pro/ISTT/AirflowTutorial/envlibs/lib/python3.10/site-packages/airflow/example_dags/example_trigger_target_dag.py
[2023-06-22T14:27:19.931+0700] {processor.py:826} INFO - Processing file /Users/macbook/Documents/Documents_MacBook_Pro/ISTT/AirflowTutorial/envlibs/lib/python3.10/site-packages/airflow/example_dags/example_trigger_target_dag.py for tasks to queue
[2023-06-22T14:27:19.932+0700] {logging_mixin.py:149} INFO - [2023-06-22T14:27:19.932+0700] {dagbag.py:541} INFO - Filling up the DagBag from /Users/macbook/Documents/Documents_MacBook_Pro/ISTT/AirflowTutorial/envlibs/lib/python3.10/site-packages/airflow/example_dags/example_trigger_target_dag.py
[2023-06-22T14:27:20.000+0700] {processor.py:836} INFO - DAG(s) dict_keys(['example_trigger_target_dag']) retrieved from /Users/macbook/Documents/Documents_MacBook_Pro/ISTT/AirflowTutorial/envlibs/lib/python3.10/site-packages/airflow/example_dags/example_trigger_target_dag.py
[2023-06-22T14:27:20.945+0700] {logging_mixin.py:149} INFO - [2023-06-22T14:27:20.945+0700] {dag.py:2726} INFO - Sync 1 DAGs
[2023-06-22T14:27:20.960+0700] {logging_mixin.py:149} INFO - [2023-06-22T14:27:20.960+0700] {dag.py:3486} INFO - Setting next_dagrun for example_trigger_target_dag to None, run_after=None
[2023-06-22T14:27:20.981+0700] {processor.py:179} INFO - Processing /Users/macbook/Documents/Documents_MacBook_Pro/ISTT/AirflowTutorial/envlibs/lib/python3.10/site-packages/airflow/example_dags/example_trigger_target_dag.py took 1.051 seconds
[2023-06-22T14:29:47.996+0700] {processor.py:157} INFO - Started process (PID=11934) to work on /Users/macbook/Documents/Documents_MacBook_Pro/ISTT/AirflowTutorial/envlibs/lib/python3.10/site-packages/airflow/example_dags/example_trigger_target_dag.py
[2023-06-22T14:29:47.998+0700] {processor.py:826} INFO - Processing file /Users/macbook/Documents/Documents_MacBook_Pro/ISTT/AirflowTutorial/envlibs/lib/python3.10/site-packages/airflow/example_dags/example_trigger_target_dag.py for tasks to queue
[2023-06-22T14:29:47.998+0700] {logging_mixin.py:149} INFO - [2023-06-22T14:29:47.998+0700] {dagbag.py:541} INFO - Filling up the DagBag from /Users/macbook/Documents/Documents_MacBook_Pro/ISTT/AirflowTutorial/envlibs/lib/python3.10/site-packages/airflow/example_dags/example_trigger_target_dag.py
[2023-06-22T14:29:48.049+0700] {processor.py:836} INFO - DAG(s) dict_keys(['example_trigger_target_dag']) retrieved from /Users/macbook/Documents/Documents_MacBook_Pro/ISTT/AirflowTutorial/envlibs/lib/python3.10/site-packages/airflow/example_dags/example_trigger_target_dag.py
[2023-06-22T14:29:48.775+0700] {logging_mixin.py:149} INFO - [2023-06-22T14:29:48.775+0700] {dag.py:2726} INFO - Sync 1 DAGs
[2023-06-22T14:29:48.792+0700] {logging_mixin.py:149} INFO - [2023-06-22T14:29:48.792+0700] {dag.py:3486} INFO - Setting next_dagrun for example_trigger_target_dag to None, run_after=None
[2023-06-22T14:29:48.810+0700] {processor.py:179} INFO - Processing /Users/macbook/Documents/Documents_MacBook_Pro/ISTT/AirflowTutorial/envlibs/lib/python3.10/site-packages/airflow/example_dags/example_trigger_target_dag.py took 0.814 seconds
[2023-06-22T14:31:58.992+0700] {processor.py:157} INFO - Started process (PID=12031) to work on /Users/macbook/Documents/Documents_MacBook_Pro/ISTT/AirflowTutorial/envlibs/lib/python3.10/site-packages/airflow/example_dags/example_trigger_target_dag.py
[2023-06-22T14:31:58.993+0700] {processor.py:826} INFO - Processing file /Users/macbook/Documents/Documents_MacBook_Pro/ISTT/AirflowTutorial/envlibs/lib/python3.10/site-packages/airflow/example_dags/example_trigger_target_dag.py for tasks to queue
[2023-06-22T14:31:58.994+0700] {logging_mixin.py:149} INFO - [2023-06-22T14:31:58.994+0700] {dagbag.py:541} INFO - Filling up the DagBag from /Users/macbook/Documents/Documents_MacBook_Pro/ISTT/AirflowTutorial/envlibs/lib/python3.10/site-packages/airflow/example_dags/example_trigger_target_dag.py
[2023-06-22T14:31:59.055+0700] {processor.py:836} INFO - DAG(s) dict_keys(['example_trigger_target_dag']) retrieved from /Users/macbook/Documents/Documents_MacBook_Pro/ISTT/AirflowTutorial/envlibs/lib/python3.10/site-packages/airflow/example_dags/example_trigger_target_dag.py
[2023-06-22T14:32:00.152+0700] {logging_mixin.py:149} INFO - [2023-06-22T14:32:00.152+0700] {dag.py:2726} INFO - Sync 1 DAGs
[2023-06-22T14:32:00.179+0700] {logging_mixin.py:149} INFO - [2023-06-22T14:32:00.179+0700] {dag.py:3486} INFO - Setting next_dagrun for example_trigger_target_dag to None, run_after=None
[2023-06-22T14:32:00.205+0700] {processor.py:179} INFO - Processing /Users/macbook/Documents/Documents_MacBook_Pro/ISTT/AirflowTutorial/envlibs/lib/python3.10/site-packages/airflow/example_dags/example_trigger_target_dag.py took 1.214 seconds
[2023-06-22T14:34:25.659+0700] {processor.py:157} INFO - Started process (PID=12153) to work on /Users/macbook/Documents/Documents_MacBook_Pro/ISTT/AirflowTutorial/envlibs/lib/python3.10/site-packages/airflow/example_dags/example_trigger_target_dag.py
[2023-06-22T14:34:25.661+0700] {processor.py:826} INFO - Processing file /Users/macbook/Documents/Documents_MacBook_Pro/ISTT/AirflowTutorial/envlibs/lib/python3.10/site-packages/airflow/example_dags/example_trigger_target_dag.py for tasks to queue
[2023-06-22T14:34:25.661+0700] {logging_mixin.py:149} INFO - [2023-06-22T14:34:25.661+0700] {dagbag.py:541} INFO - Filling up the DagBag from /Users/macbook/Documents/Documents_MacBook_Pro/ISTT/AirflowTutorial/envlibs/lib/python3.10/site-packages/airflow/example_dags/example_trigger_target_dag.py
[2023-06-22T14:34:25.716+0700] {processor.py:836} INFO - DAG(s) dict_keys(['example_trigger_target_dag']) retrieved from /Users/macbook/Documents/Documents_MacBook_Pro/ISTT/AirflowTutorial/envlibs/lib/python3.10/site-packages/airflow/example_dags/example_trigger_target_dag.py
[2023-06-22T14:34:26.795+0700] {logging_mixin.py:149} INFO - [2023-06-22T14:34:26.795+0700] {dag.py:2726} INFO - Sync 1 DAGs
[2023-06-22T14:34:26.870+0700] {logging_mixin.py:149} INFO - [2023-06-22T14:34:26.870+0700] {dag.py:3486} INFO - Setting next_dagrun for example_trigger_target_dag to None, run_after=None
[2023-06-22T14:34:26.894+0700] {processor.py:179} INFO - Processing /Users/macbook/Documents/Documents_MacBook_Pro/ISTT/AirflowTutorial/envlibs/lib/python3.10/site-packages/airflow/example_dags/example_trigger_target_dag.py took 1.235 seconds
[2023-06-22T14:37:06.846+0700] {processor.py:157} INFO - Started process (PID=12299) to work on /Users/macbook/Documents/Documents_MacBook_Pro/ISTT/AirflowTutorial/envlibs/lib/python3.10/site-packages/airflow/example_dags/example_trigger_target_dag.py
[2023-06-22T14:37:06.847+0700] {processor.py:826} INFO - Processing file /Users/macbook/Documents/Documents_MacBook_Pro/ISTT/AirflowTutorial/envlibs/lib/python3.10/site-packages/airflow/example_dags/example_trigger_target_dag.py for tasks to queue
[2023-06-22T14:37:06.848+0700] {logging_mixin.py:149} INFO - [2023-06-22T14:37:06.848+0700] {dagbag.py:541} INFO - Filling up the DagBag from /Users/macbook/Documents/Documents_MacBook_Pro/ISTT/AirflowTutorial/envlibs/lib/python3.10/site-packages/airflow/example_dags/example_trigger_target_dag.py
[2023-06-22T14:37:06.925+0700] {processor.py:836} INFO - DAG(s) dict_keys(['example_trigger_target_dag']) retrieved from /Users/macbook/Documents/Documents_MacBook_Pro/ISTT/AirflowTutorial/envlibs/lib/python3.10/site-packages/airflow/example_dags/example_trigger_target_dag.py
[2023-06-22T14:37:07.891+0700] {logging_mixin.py:149} INFO - [2023-06-22T14:37:07.891+0700] {dag.py:2726} INFO - Sync 1 DAGs
[2023-06-22T14:37:07.910+0700] {logging_mixin.py:149} INFO - [2023-06-22T14:37:07.910+0700] {dag.py:3486} INFO - Setting next_dagrun for example_trigger_target_dag to None, run_after=None
[2023-06-22T14:37:07.942+0700] {processor.py:179} INFO - Processing /Users/macbook/Documents/Documents_MacBook_Pro/ISTT/AirflowTutorial/envlibs/lib/python3.10/site-packages/airflow/example_dags/example_trigger_target_dag.py took 1.097 seconds
[2023-06-22T14:39:44.157+0700] {processor.py:157} INFO - Started process (PID=12419) to work on /Users/macbook/Documents/Documents_MacBook_Pro/ISTT/AirflowTutorial/envlibs/lib/python3.10/site-packages/airflow/example_dags/example_trigger_target_dag.py
[2023-06-22T14:39:44.159+0700] {processor.py:826} INFO - Processing file /Users/macbook/Documents/Documents_MacBook_Pro/ISTT/AirflowTutorial/envlibs/lib/python3.10/site-packages/airflow/example_dags/example_trigger_target_dag.py for tasks to queue
[2023-06-22T14:39:44.159+0700] {logging_mixin.py:149} INFO - [2023-06-22T14:39:44.159+0700] {dagbag.py:541} INFO - Filling up the DagBag from /Users/macbook/Documents/Documents_MacBook_Pro/ISTT/AirflowTutorial/envlibs/lib/python3.10/site-packages/airflow/example_dags/example_trigger_target_dag.py
[2023-06-22T14:39:44.220+0700] {processor.py:836} INFO - DAG(s) dict_keys(['example_trigger_target_dag']) retrieved from /Users/macbook/Documents/Documents_MacBook_Pro/ISTT/AirflowTutorial/envlibs/lib/python3.10/site-packages/airflow/example_dags/example_trigger_target_dag.py
[2023-06-22T14:39:45.267+0700] {logging_mixin.py:149} INFO - [2023-06-22T14:39:45.267+0700] {dag.py:2726} INFO - Sync 1 DAGs
[2023-06-22T14:39:45.276+0700] {logging_mixin.py:149} INFO - [2023-06-22T14:39:45.276+0700] {dag.py:2747} INFO - Creating ORM DAG for example_trigger_target_dag
[2023-06-22T14:39:45.286+0700] {logging_mixin.py:149} INFO - [2023-06-22T14:39:45.286+0700] {dag.py:3486} INFO - Setting next_dagrun for example_trigger_target_dag to None, run_after=None
[2023-06-22T14:39:45.306+0700] {processor.py:179} INFO - Processing /Users/macbook/Documents/Documents_MacBook_Pro/ISTT/AirflowTutorial/envlibs/lib/python3.10/site-packages/airflow/example_dags/example_trigger_target_dag.py took 1.149 seconds
[2023-06-22T14:41:57.236+0700] {processor.py:157} INFO - Started process (PID=12517) to work on /Users/macbook/Documents/Documents_MacBook_Pro/ISTT/AirflowTutorial/envlibs/lib/python3.10/site-packages/airflow/example_dags/example_trigger_target_dag.py
[2023-06-22T14:41:57.237+0700] {processor.py:826} INFO - Processing file /Users/macbook/Documents/Documents_MacBook_Pro/ISTT/AirflowTutorial/envlibs/lib/python3.10/site-packages/airflow/example_dags/example_trigger_target_dag.py for tasks to queue
[2023-06-22T14:41:57.238+0700] {logging_mixin.py:149} INFO - [2023-06-22T14:41:57.238+0700] {dagbag.py:541} INFO - Filling up the DagBag from /Users/macbook/Documents/Documents_MacBook_Pro/ISTT/AirflowTutorial/envlibs/lib/python3.10/site-packages/airflow/example_dags/example_trigger_target_dag.py
[2023-06-22T14:41:57.295+0700] {processor.py:836} INFO - DAG(s) dict_keys(['example_trigger_target_dag']) retrieved from /Users/macbook/Documents/Documents_MacBook_Pro/ISTT/AirflowTutorial/envlibs/lib/python3.10/site-packages/airflow/example_dags/example_trigger_target_dag.py
[2023-06-22T14:41:58.112+0700] {logging_mixin.py:149} INFO - [2023-06-22T14:41:58.111+0700] {dag.py:2726} INFO - Sync 1 DAGs
[2023-06-22T14:41:58.130+0700] {logging_mixin.py:149} INFO - [2023-06-22T14:41:58.130+0700] {dag.py:3486} INFO - Setting next_dagrun for example_trigger_target_dag to None, run_after=None
[2023-06-22T14:41:58.149+0700] {processor.py:179} INFO - Processing /Users/macbook/Documents/Documents_MacBook_Pro/ISTT/AirflowTutorial/envlibs/lib/python3.10/site-packages/airflow/example_dags/example_trigger_target_dag.py took 0.914 seconds
[2023-06-22T14:44:05.076+0700] {processor.py:157} INFO - Started process (PID=12572) to work on /Users/macbook/Documents/Documents_MacBook_Pro/ISTT/AirflowTutorial/envlibs/lib/python3.10/site-packages/airflow/example_dags/example_trigger_target_dag.py
[2023-06-22T14:44:05.077+0700] {processor.py:826} INFO - Processing file /Users/macbook/Documents/Documents_MacBook_Pro/ISTT/AirflowTutorial/envlibs/lib/python3.10/site-packages/airflow/example_dags/example_trigger_target_dag.py for tasks to queue
[2023-06-22T14:44:05.078+0700] {logging_mixin.py:149} INFO - [2023-06-22T14:44:05.078+0700] {dagbag.py:541} INFO - Filling up the DagBag from /Users/macbook/Documents/Documents_MacBook_Pro/ISTT/AirflowTutorial/envlibs/lib/python3.10/site-packages/airflow/example_dags/example_trigger_target_dag.py
[2023-06-22T14:44:05.128+0700] {processor.py:836} INFO - DAG(s) dict_keys(['example_trigger_target_dag']) retrieved from /Users/macbook/Documents/Documents_MacBook_Pro/ISTT/AirflowTutorial/envlibs/lib/python3.10/site-packages/airflow/example_dags/example_trigger_target_dag.py
[2023-06-22T14:44:05.918+0700] {logging_mixin.py:149} INFO - [2023-06-22T14:44:05.918+0700] {dag.py:2726} INFO - Sync 1 DAGs
[2023-06-22T14:44:05.933+0700] {logging_mixin.py:149} INFO - [2023-06-22T14:44:05.933+0700] {dag.py:3486} INFO - Setting next_dagrun for example_trigger_target_dag to None, run_after=None
[2023-06-22T14:44:05.950+0700] {processor.py:179} INFO - Processing /Users/macbook/Documents/Documents_MacBook_Pro/ISTT/AirflowTutorial/envlibs/lib/python3.10/site-packages/airflow/example_dags/example_trigger_target_dag.py took 0.875 seconds
[2023-06-22T14:46:09.860+0700] {processor.py:157} INFO - Started process (PID=12625) to work on /Users/macbook/Documents/Documents_MacBook_Pro/ISTT/AirflowTutorial/envlibs/lib/python3.10/site-packages/airflow/example_dags/example_trigger_target_dag.py
[2023-06-22T14:46:09.861+0700] {processor.py:826} INFO - Processing file /Users/macbook/Documents/Documents_MacBook_Pro/ISTT/AirflowTutorial/envlibs/lib/python3.10/site-packages/airflow/example_dags/example_trigger_target_dag.py for tasks to queue
[2023-06-22T14:46:09.862+0700] {logging_mixin.py:149} INFO - [2023-06-22T14:46:09.862+0700] {dagbag.py:541} INFO - Filling up the DagBag from /Users/macbook/Documents/Documents_MacBook_Pro/ISTT/AirflowTutorial/envlibs/lib/python3.10/site-packages/airflow/example_dags/example_trigger_target_dag.py
[2023-06-22T14:46:09.913+0700] {processor.py:836} INFO - DAG(s) dict_keys(['example_trigger_target_dag']) retrieved from /Users/macbook/Documents/Documents_MacBook_Pro/ISTT/AirflowTutorial/envlibs/lib/python3.10/site-packages/airflow/example_dags/example_trigger_target_dag.py
[2023-06-22T14:46:10.618+0700] {logging_mixin.py:149} INFO - [2023-06-22T14:46:10.618+0700] {dag.py:2726} INFO - Sync 1 DAGs
[2023-06-22T14:46:10.633+0700] {logging_mixin.py:149} INFO - [2023-06-22T14:46:10.632+0700] {dag.py:3486} INFO - Setting next_dagrun for example_trigger_target_dag to None, run_after=None
[2023-06-22T14:46:10.651+0700] {processor.py:179} INFO - Processing /Users/macbook/Documents/Documents_MacBook_Pro/ISTT/AirflowTutorial/envlibs/lib/python3.10/site-packages/airflow/example_dags/example_trigger_target_dag.py took 0.792 seconds
[2023-06-22T14:48:15.235+0700] {processor.py:157} INFO - Started process (PID=12690) to work on /Users/macbook/Documents/Documents_MacBook_Pro/ISTT/AirflowTutorial/envlibs/lib/python3.10/site-packages/airflow/example_dags/example_trigger_target_dag.py
[2023-06-22T14:48:15.236+0700] {processor.py:826} INFO - Processing file /Users/macbook/Documents/Documents_MacBook_Pro/ISTT/AirflowTutorial/envlibs/lib/python3.10/site-packages/airflow/example_dags/example_trigger_target_dag.py for tasks to queue
[2023-06-22T14:48:15.236+0700] {logging_mixin.py:149} INFO - [2023-06-22T14:48:15.236+0700] {dagbag.py:541} INFO - Filling up the DagBag from /Users/macbook/Documents/Documents_MacBook_Pro/ISTT/AirflowTutorial/envlibs/lib/python3.10/site-packages/airflow/example_dags/example_trigger_target_dag.py
[2023-06-22T14:48:15.295+0700] {processor.py:836} INFO - DAG(s) dict_keys(['example_trigger_target_dag']) retrieved from /Users/macbook/Documents/Documents_MacBook_Pro/ISTT/AirflowTutorial/envlibs/lib/python3.10/site-packages/airflow/example_dags/example_trigger_target_dag.py
[2023-06-22T14:48:16.080+0700] {logging_mixin.py:149} INFO - [2023-06-22T14:48:16.080+0700] {dag.py:2726} INFO - Sync 1 DAGs
[2023-06-22T14:48:16.097+0700] {logging_mixin.py:149} INFO - [2023-06-22T14:48:16.097+0700] {dag.py:3486} INFO - Setting next_dagrun for example_trigger_target_dag to None, run_after=None
[2023-06-22T14:48:16.119+0700] {processor.py:179} INFO - Processing /Users/macbook/Documents/Documents_MacBook_Pro/ISTT/AirflowTutorial/envlibs/lib/python3.10/site-packages/airflow/example_dags/example_trigger_target_dag.py took 0.885 seconds
[2023-06-22T14:50:21.499+0700] {processor.py:157} INFO - Started process (PID=12749) to work on /Users/macbook/Documents/Documents_MacBook_Pro/ISTT/AirflowTutorial/envlibs/lib/python3.10/site-packages/airflow/example_dags/example_trigger_target_dag.py
[2023-06-22T14:50:21.500+0700] {processor.py:826} INFO - Processing file /Users/macbook/Documents/Documents_MacBook_Pro/ISTT/AirflowTutorial/envlibs/lib/python3.10/site-packages/airflow/example_dags/example_trigger_target_dag.py for tasks to queue
[2023-06-22T14:50:21.501+0700] {logging_mixin.py:149} INFO - [2023-06-22T14:50:21.501+0700] {dagbag.py:541} INFO - Filling up the DagBag from /Users/macbook/Documents/Documents_MacBook_Pro/ISTT/AirflowTutorial/envlibs/lib/python3.10/site-packages/airflow/example_dags/example_trigger_target_dag.py
[2023-06-22T14:50:21.547+0700] {processor.py:836} INFO - DAG(s) dict_keys(['example_trigger_target_dag']) retrieved from /Users/macbook/Documents/Documents_MacBook_Pro/ISTT/AirflowTutorial/envlibs/lib/python3.10/site-packages/airflow/example_dags/example_trigger_target_dag.py
[2023-06-22T14:50:22.296+0700] {logging_mixin.py:149} INFO - [2023-06-22T14:50:22.296+0700] {dag.py:2726} INFO - Sync 1 DAGs
[2023-06-22T14:50:22.311+0700] {logging_mixin.py:149} INFO - [2023-06-22T14:50:22.311+0700] {dag.py:3486} INFO - Setting next_dagrun for example_trigger_target_dag to None, run_after=None
[2023-06-22T14:50:22.327+0700] {processor.py:179} INFO - Processing /Users/macbook/Documents/Documents_MacBook_Pro/ISTT/AirflowTutorial/envlibs/lib/python3.10/site-packages/airflow/example_dags/example_trigger_target_dag.py took 0.829 seconds
[2023-06-22T14:52:22.679+0700] {processor.py:157} INFO - Started process (PID=12805) to work on /Users/macbook/Documents/Documents_MacBook_Pro/ISTT/AirflowTutorial/envlibs/lib/python3.10/site-packages/airflow/example_dags/example_trigger_target_dag.py
[2023-06-22T14:52:22.680+0700] {processor.py:826} INFO - Processing file /Users/macbook/Documents/Documents_MacBook_Pro/ISTT/AirflowTutorial/envlibs/lib/python3.10/site-packages/airflow/example_dags/example_trigger_target_dag.py for tasks to queue
[2023-06-22T14:52:22.681+0700] {logging_mixin.py:149} INFO - [2023-06-22T14:52:22.681+0700] {dagbag.py:541} INFO - Filling up the DagBag from /Users/macbook/Documents/Documents_MacBook_Pro/ISTT/AirflowTutorial/envlibs/lib/python3.10/site-packages/airflow/example_dags/example_trigger_target_dag.py
[2023-06-22T14:52:22.725+0700] {processor.py:836} INFO - DAG(s) dict_keys(['example_trigger_target_dag']) retrieved from /Users/macbook/Documents/Documents_MacBook_Pro/ISTT/AirflowTutorial/envlibs/lib/python3.10/site-packages/airflow/example_dags/example_trigger_target_dag.py
[2023-06-22T14:52:23.392+0700] {logging_mixin.py:149} INFO - [2023-06-22T14:52:23.392+0700] {dag.py:2726} INFO - Sync 1 DAGs
[2023-06-22T14:52:23.406+0700] {logging_mixin.py:149} INFO - [2023-06-22T14:52:23.406+0700] {dag.py:3486} INFO - Setting next_dagrun for example_trigger_target_dag to None, run_after=None
[2023-06-22T14:52:23.422+0700] {processor.py:179} INFO - Processing /Users/macbook/Documents/Documents_MacBook_Pro/ISTT/AirflowTutorial/envlibs/lib/python3.10/site-packages/airflow/example_dags/example_trigger_target_dag.py took 0.743 seconds
[2023-06-22T14:54:22.103+0700] {processor.py:157} INFO - Started process (PID=12857) to work on /Users/macbook/Documents/Documents_MacBook_Pro/ISTT/AirflowTutorial/envlibs/lib/python3.10/site-packages/airflow/example_dags/example_trigger_target_dag.py
[2023-06-22T14:54:22.104+0700] {processor.py:826} INFO - Processing file /Users/macbook/Documents/Documents_MacBook_Pro/ISTT/AirflowTutorial/envlibs/lib/python3.10/site-packages/airflow/example_dags/example_trigger_target_dag.py for tasks to queue
[2023-06-22T14:54:22.104+0700] {logging_mixin.py:149} INFO - [2023-06-22T14:54:22.104+0700] {dagbag.py:541} INFO - Filling up the DagBag from /Users/macbook/Documents/Documents_MacBook_Pro/ISTT/AirflowTutorial/envlibs/lib/python3.10/site-packages/airflow/example_dags/example_trigger_target_dag.py
[2023-06-22T14:54:22.159+0700] {processor.py:836} INFO - DAG(s) dict_keys(['example_trigger_target_dag']) retrieved from /Users/macbook/Documents/Documents_MacBook_Pro/ISTT/AirflowTutorial/envlibs/lib/python3.10/site-packages/airflow/example_dags/example_trigger_target_dag.py
[2023-06-22T14:54:23.012+0700] {logging_mixin.py:149} INFO - [2023-06-22T14:54:23.012+0700] {dag.py:2726} INFO - Sync 1 DAGs
[2023-06-22T14:54:23.029+0700] {logging_mixin.py:149} INFO - [2023-06-22T14:54:23.029+0700] {dag.py:3486} INFO - Setting next_dagrun for example_trigger_target_dag to None, run_after=None
[2023-06-22T14:54:23.049+0700] {processor.py:179} INFO - Processing /Users/macbook/Documents/Documents_MacBook_Pro/ISTT/AirflowTutorial/envlibs/lib/python3.10/site-packages/airflow/example_dags/example_trigger_target_dag.py took 0.948 seconds
[2023-06-22T14:56:17.562+0700] {processor.py:157} INFO - Started process (PID=12909) to work on /Users/macbook/Documents/Documents_MacBook_Pro/ISTT/AirflowTutorial/envlibs/lib/python3.10/site-packages/airflow/example_dags/example_trigger_target_dag.py
[2023-06-22T14:56:17.563+0700] {processor.py:826} INFO - Processing file /Users/macbook/Documents/Documents_MacBook_Pro/ISTT/AirflowTutorial/envlibs/lib/python3.10/site-packages/airflow/example_dags/example_trigger_target_dag.py for tasks to queue
[2023-06-22T14:56:17.563+0700] {logging_mixin.py:149} INFO - [2023-06-22T14:56:17.563+0700] {dagbag.py:541} INFO - Filling up the DagBag from /Users/macbook/Documents/Documents_MacBook_Pro/ISTT/AirflowTutorial/envlibs/lib/python3.10/site-packages/airflow/example_dags/example_trigger_target_dag.py
[2023-06-22T14:56:17.614+0700] {processor.py:836} INFO - DAG(s) dict_keys(['example_trigger_target_dag']) retrieved from /Users/macbook/Documents/Documents_MacBook_Pro/ISTT/AirflowTutorial/envlibs/lib/python3.10/site-packages/airflow/example_dags/example_trigger_target_dag.py
[2023-06-22T14:56:18.355+0700] {logging_mixin.py:149} INFO - [2023-06-22T14:56:18.355+0700] {dag.py:2726} INFO - Sync 1 DAGs
[2023-06-22T14:56:18.371+0700] {logging_mixin.py:149} INFO - [2023-06-22T14:56:18.371+0700] {dag.py:3486} INFO - Setting next_dagrun for example_trigger_target_dag to None, run_after=None
[2023-06-22T14:56:18.389+0700] {processor.py:179} INFO - Processing /Users/macbook/Documents/Documents_MacBook_Pro/ISTT/AirflowTutorial/envlibs/lib/python3.10/site-packages/airflow/example_dags/example_trigger_target_dag.py took 0.827 seconds
[2023-06-22T14:58:17.544+0700] {processor.py:157} INFO - Started process (PID=12963) to work on /Users/macbook/Documents/Documents_MacBook_Pro/ISTT/AirflowTutorial/envlibs/lib/python3.10/site-packages/airflow/example_dags/example_trigger_target_dag.py
[2023-06-22T14:58:17.545+0700] {processor.py:826} INFO - Processing file /Users/macbook/Documents/Documents_MacBook_Pro/ISTT/AirflowTutorial/envlibs/lib/python3.10/site-packages/airflow/example_dags/example_trigger_target_dag.py for tasks to queue
[2023-06-22T14:58:17.546+0700] {logging_mixin.py:149} INFO - [2023-06-22T14:58:17.546+0700] {dagbag.py:541} INFO - Filling up the DagBag from /Users/macbook/Documents/Documents_MacBook_Pro/ISTT/AirflowTutorial/envlibs/lib/python3.10/site-packages/airflow/example_dags/example_trigger_target_dag.py
[2023-06-22T14:58:17.608+0700] {processor.py:836} INFO - DAG(s) dict_keys(['example_trigger_target_dag']) retrieved from /Users/macbook/Documents/Documents_MacBook_Pro/ISTT/AirflowTutorial/envlibs/lib/python3.10/site-packages/airflow/example_dags/example_trigger_target_dag.py
[2023-06-22T14:58:18.632+0700] {logging_mixin.py:149} INFO - [2023-06-22T14:58:18.631+0700] {dag.py:2726} INFO - Sync 1 DAGs
[2023-06-22T14:58:18.658+0700] {logging_mixin.py:149} INFO - [2023-06-22T14:58:18.658+0700] {dag.py:3486} INFO - Setting next_dagrun for example_trigger_target_dag to None, run_after=None
[2023-06-22T14:58:18.687+0700] {processor.py:179} INFO - Processing /Users/macbook/Documents/Documents_MacBook_Pro/ISTT/AirflowTutorial/envlibs/lib/python3.10/site-packages/airflow/example_dags/example_trigger_target_dag.py took 1.144 seconds
[2023-06-22T15:00:23.063+0700] {processor.py:157} INFO - Started process (PID=13016) to work on /Users/macbook/Documents/Documents_MacBook_Pro/ISTT/AirflowTutorial/envlibs/lib/python3.10/site-packages/airflow/example_dags/example_trigger_target_dag.py
[2023-06-22T15:00:23.064+0700] {processor.py:826} INFO - Processing file /Users/macbook/Documents/Documents_MacBook_Pro/ISTT/AirflowTutorial/envlibs/lib/python3.10/site-packages/airflow/example_dags/example_trigger_target_dag.py for tasks to queue
[2023-06-22T15:00:23.064+0700] {logging_mixin.py:149} INFO - [2023-06-22T15:00:23.064+0700] {dagbag.py:541} INFO - Filling up the DagBag from /Users/macbook/Documents/Documents_MacBook_Pro/ISTT/AirflowTutorial/envlibs/lib/python3.10/site-packages/airflow/example_dags/example_trigger_target_dag.py
[2023-06-22T15:00:23.124+0700] {processor.py:836} INFO - DAG(s) dict_keys(['example_trigger_target_dag']) retrieved from /Users/macbook/Documents/Documents_MacBook_Pro/ISTT/AirflowTutorial/envlibs/lib/python3.10/site-packages/airflow/example_dags/example_trigger_target_dag.py
[2023-06-22T15:00:23.856+0700] {logging_mixin.py:149} INFO - [2023-06-22T15:00:23.856+0700] {dag.py:2726} INFO - Sync 1 DAGs
[2023-06-22T15:00:23.874+0700] {logging_mixin.py:149} INFO - [2023-06-22T15:00:23.874+0700] {dag.py:3486} INFO - Setting next_dagrun for example_trigger_target_dag to None, run_after=None
[2023-06-22T15:00:23.894+0700] {processor.py:179} INFO - Processing /Users/macbook/Documents/Documents_MacBook_Pro/ISTT/AirflowTutorial/envlibs/lib/python3.10/site-packages/airflow/example_dags/example_trigger_target_dag.py took 0.832 seconds
[2023-06-22T15:02:24.841+0700] {processor.py:157} INFO - Started process (PID=13074) to work on /Users/macbook/Documents/Documents_MacBook_Pro/ISTT/AirflowTutorial/envlibs/lib/python3.10/site-packages/airflow/example_dags/example_trigger_target_dag.py
[2023-06-22T15:02:24.842+0700] {processor.py:826} INFO - Processing file /Users/macbook/Documents/Documents_MacBook_Pro/ISTT/AirflowTutorial/envlibs/lib/python3.10/site-packages/airflow/example_dags/example_trigger_target_dag.py for tasks to queue
[2023-06-22T15:02:24.843+0700] {logging_mixin.py:149} INFO - [2023-06-22T15:02:24.843+0700] {dagbag.py:541} INFO - Filling up the DagBag from /Users/macbook/Documents/Documents_MacBook_Pro/ISTT/AirflowTutorial/envlibs/lib/python3.10/site-packages/airflow/example_dags/example_trigger_target_dag.py
[2023-06-22T15:02:24.903+0700] {processor.py:836} INFO - DAG(s) dict_keys(['example_trigger_target_dag']) retrieved from /Users/macbook/Documents/Documents_MacBook_Pro/ISTT/AirflowTutorial/envlibs/lib/python3.10/site-packages/airflow/example_dags/example_trigger_target_dag.py
[2023-06-22T15:02:25.726+0700] {logging_mixin.py:149} INFO - [2023-06-22T15:02:25.726+0700] {dag.py:2726} INFO - Sync 1 DAGs
[2023-06-22T15:02:25.743+0700] {logging_mixin.py:149} INFO - [2023-06-22T15:02:25.743+0700] {dag.py:3486} INFO - Setting next_dagrun for example_trigger_target_dag to None, run_after=None
[2023-06-22T15:02:25.763+0700] {processor.py:179} INFO - Processing /Users/macbook/Documents/Documents_MacBook_Pro/ISTT/AirflowTutorial/envlibs/lib/python3.10/site-packages/airflow/example_dags/example_trigger_target_dag.py took 0.922 seconds
[2023-06-22T15:04:26.424+0700] {processor.py:157} INFO - Started process (PID=13131) to work on /Users/macbook/Documents/Documents_MacBook_Pro/ISTT/AirflowTutorial/envlibs/lib/python3.10/site-packages/airflow/example_dags/example_trigger_target_dag.py
[2023-06-22T15:04:26.425+0700] {processor.py:826} INFO - Processing file /Users/macbook/Documents/Documents_MacBook_Pro/ISTT/AirflowTutorial/envlibs/lib/python3.10/site-packages/airflow/example_dags/example_trigger_target_dag.py for tasks to queue
[2023-06-22T15:04:26.426+0700] {logging_mixin.py:149} INFO - [2023-06-22T15:04:26.426+0700] {dagbag.py:541} INFO - Filling up the DagBag from /Users/macbook/Documents/Documents_MacBook_Pro/ISTT/AirflowTutorial/envlibs/lib/python3.10/site-packages/airflow/example_dags/example_trigger_target_dag.py
[2023-06-22T15:04:26.480+0700] {processor.py:836} INFO - DAG(s) dict_keys(['example_trigger_target_dag']) retrieved from /Users/macbook/Documents/Documents_MacBook_Pro/ISTT/AirflowTutorial/envlibs/lib/python3.10/site-packages/airflow/example_dags/example_trigger_target_dag.py
[2023-06-22T15:04:27.368+0700] {logging_mixin.py:149} INFO - [2023-06-22T15:04:27.368+0700] {dag.py:2726} INFO - Sync 1 DAGs
[2023-06-22T15:04:27.385+0700] {logging_mixin.py:149} INFO - [2023-06-22T15:04:27.385+0700] {dag.py:3486} INFO - Setting next_dagrun for example_trigger_target_dag to None, run_after=None
[2023-06-22T15:04:27.402+0700] {processor.py:179} INFO - Processing /Users/macbook/Documents/Documents_MacBook_Pro/ISTT/AirflowTutorial/envlibs/lib/python3.10/site-packages/airflow/example_dags/example_trigger_target_dag.py took 0.978 seconds
[2023-06-22T15:06:36.516+0700] {processor.py:157} INFO - Started process (PID=13229) to work on /Users/macbook/Documents/Documents_MacBook_Pro/ISTT/AirflowTutorial/envlibs/lib/python3.10/site-packages/airflow/example_dags/example_trigger_target_dag.py
[2023-06-22T15:06:36.518+0700] {processor.py:826} INFO - Processing file /Users/macbook/Documents/Documents_MacBook_Pro/ISTT/AirflowTutorial/envlibs/lib/python3.10/site-packages/airflow/example_dags/example_trigger_target_dag.py for tasks to queue
[2023-06-22T15:06:36.519+0700] {logging_mixin.py:149} INFO - [2023-06-22T15:06:36.519+0700] {dagbag.py:541} INFO - Filling up the DagBag from /Users/macbook/Documents/Documents_MacBook_Pro/ISTT/AirflowTutorial/envlibs/lib/python3.10/site-packages/airflow/example_dags/example_trigger_target_dag.py
[2023-06-22T15:06:36.589+0700] {processor.py:836} INFO - DAG(s) dict_keys(['example_trigger_target_dag']) retrieved from /Users/macbook/Documents/Documents_MacBook_Pro/ISTT/AirflowTutorial/envlibs/lib/python3.10/site-packages/airflow/example_dags/example_trigger_target_dag.py
[2023-06-22T15:06:37.541+0700] {logging_mixin.py:149} INFO - [2023-06-22T15:06:37.541+0700] {dag.py:2726} INFO - Sync 1 DAGs
[2023-06-22T15:06:37.559+0700] {logging_mixin.py:149} INFO - [2023-06-22T15:06:37.559+0700] {dag.py:3486} INFO - Setting next_dagrun for example_trigger_target_dag to None, run_after=None
[2023-06-22T15:06:37.580+0700] {processor.py:179} INFO - Processing /Users/macbook/Documents/Documents_MacBook_Pro/ISTT/AirflowTutorial/envlibs/lib/python3.10/site-packages/airflow/example_dags/example_trigger_target_dag.py took 1.064 seconds
[2023-06-22T15:08:37.114+0700] {processor.py:157} INFO - Started process (PID=13288) to work on /Users/macbook/Documents/Documents_MacBook_Pro/ISTT/AirflowTutorial/envlibs/lib/python3.10/site-packages/airflow/example_dags/example_trigger_target_dag.py
[2023-06-22T15:08:37.114+0700] {processor.py:826} INFO - Processing file /Users/macbook/Documents/Documents_MacBook_Pro/ISTT/AirflowTutorial/envlibs/lib/python3.10/site-packages/airflow/example_dags/example_trigger_target_dag.py for tasks to queue
[2023-06-22T15:08:37.115+0700] {logging_mixin.py:149} INFO - [2023-06-22T15:08:37.115+0700] {dagbag.py:541} INFO - Filling up the DagBag from /Users/macbook/Documents/Documents_MacBook_Pro/ISTT/AirflowTutorial/envlibs/lib/python3.10/site-packages/airflow/example_dags/example_trigger_target_dag.py
[2023-06-22T15:08:37.166+0700] {processor.py:836} INFO - DAG(s) dict_keys(['example_trigger_target_dag']) retrieved from /Users/macbook/Documents/Documents_MacBook_Pro/ISTT/AirflowTutorial/envlibs/lib/python3.10/site-packages/airflow/example_dags/example_trigger_target_dag.py
[2023-06-22T15:08:37.952+0700] {logging_mixin.py:149} INFO - [2023-06-22T15:08:37.951+0700] {dag.py:2726} INFO - Sync 1 DAGs
[2023-06-22T15:08:37.973+0700] {logging_mixin.py:149} INFO - [2023-06-22T15:08:37.973+0700] {dag.py:3486} INFO - Setting next_dagrun for example_trigger_target_dag to None, run_after=None
[2023-06-22T15:08:37.997+0700] {processor.py:179} INFO - Processing /Users/macbook/Documents/Documents_MacBook_Pro/ISTT/AirflowTutorial/envlibs/lib/python3.10/site-packages/airflow/example_dags/example_trigger_target_dag.py took 0.884 seconds
[2023-06-22T15:10:41.360+0700] {processor.py:157} INFO - Started process (PID=13384) to work on /Users/macbook/Documents/Documents_MacBook_Pro/ISTT/AirflowTutorial/envlibs/lib/python3.10/site-packages/airflow/example_dags/example_trigger_target_dag.py
[2023-06-22T15:10:41.362+0700] {processor.py:826} INFO - Processing file /Users/macbook/Documents/Documents_MacBook_Pro/ISTT/AirflowTutorial/envlibs/lib/python3.10/site-packages/airflow/example_dags/example_trigger_target_dag.py for tasks to queue
[2023-06-22T15:10:41.362+0700] {logging_mixin.py:149} INFO - [2023-06-22T15:10:41.362+0700] {dagbag.py:541} INFO - Filling up the DagBag from /Users/macbook/Documents/Documents_MacBook_Pro/ISTT/AirflowTutorial/envlibs/lib/python3.10/site-packages/airflow/example_dags/example_trigger_target_dag.py
[2023-06-22T15:10:41.415+0700] {processor.py:836} INFO - DAG(s) dict_keys(['example_trigger_target_dag']) retrieved from /Users/macbook/Documents/Documents_MacBook_Pro/ISTT/AirflowTutorial/envlibs/lib/python3.10/site-packages/airflow/example_dags/example_trigger_target_dag.py
[2023-06-22T15:10:42.182+0700] {logging_mixin.py:149} INFO - [2023-06-22T15:10:42.182+0700] {dag.py:2726} INFO - Sync 1 DAGs
[2023-06-22T15:10:42.198+0700] {logging_mixin.py:149} INFO - [2023-06-22T15:10:42.198+0700] {dag.py:3486} INFO - Setting next_dagrun for example_trigger_target_dag to None, run_after=None
[2023-06-22T15:10:42.215+0700] {processor.py:179} INFO - Processing /Users/macbook/Documents/Documents_MacBook_Pro/ISTT/AirflowTutorial/envlibs/lib/python3.10/site-packages/airflow/example_dags/example_trigger_target_dag.py took 0.855 seconds
[2023-06-22T15:12:46.092+0700] {processor.py:157} INFO - Started process (PID=13439) to work on /Users/macbook/Documents/Documents_MacBook_Pro/ISTT/AirflowTutorial/envlibs/lib/python3.10/site-packages/airflow/example_dags/example_trigger_target_dag.py
[2023-06-22T15:12:46.093+0700] {processor.py:826} INFO - Processing file /Users/macbook/Documents/Documents_MacBook_Pro/ISTT/AirflowTutorial/envlibs/lib/python3.10/site-packages/airflow/example_dags/example_trigger_target_dag.py for tasks to queue
[2023-06-22T15:12:46.094+0700] {logging_mixin.py:149} INFO - [2023-06-22T15:12:46.093+0700] {dagbag.py:541} INFO - Filling up the DagBag from /Users/macbook/Documents/Documents_MacBook_Pro/ISTT/AirflowTutorial/envlibs/lib/python3.10/site-packages/airflow/example_dags/example_trigger_target_dag.py
[2023-06-22T15:12:46.139+0700] {processor.py:836} INFO - DAG(s) dict_keys(['example_trigger_target_dag']) retrieved from /Users/macbook/Documents/Documents_MacBook_Pro/ISTT/AirflowTutorial/envlibs/lib/python3.10/site-packages/airflow/example_dags/example_trigger_target_dag.py
[2023-06-22T15:12:46.933+0700] {logging_mixin.py:149} INFO - [2023-06-22T15:12:46.933+0700] {dag.py:2726} INFO - Sync 1 DAGs
[2023-06-22T15:12:46.950+0700] {logging_mixin.py:149} INFO - [2023-06-22T15:12:46.950+0700] {dag.py:3486} INFO - Setting next_dagrun for example_trigger_target_dag to None, run_after=None
[2023-06-22T15:12:46.968+0700] {processor.py:179} INFO - Processing /Users/macbook/Documents/Documents_MacBook_Pro/ISTT/AirflowTutorial/envlibs/lib/python3.10/site-packages/airflow/example_dags/example_trigger_target_dag.py took 0.876 seconds
[2023-06-22T15:14:53.882+0700] {processor.py:157} INFO - Started process (PID=13532) to work on /Users/macbook/Documents/Documents_MacBook_Pro/ISTT/AirflowTutorial/envlibs/lib/python3.10/site-packages/airflow/example_dags/example_trigger_target_dag.py
[2023-06-22T15:14:53.883+0700] {processor.py:826} INFO - Processing file /Users/macbook/Documents/Documents_MacBook_Pro/ISTT/AirflowTutorial/envlibs/lib/python3.10/site-packages/airflow/example_dags/example_trigger_target_dag.py for tasks to queue
[2023-06-22T15:14:53.883+0700] {logging_mixin.py:149} INFO - [2023-06-22T15:14:53.883+0700] {dagbag.py:541} INFO - Filling up the DagBag from /Users/macbook/Documents/Documents_MacBook_Pro/ISTT/AirflowTutorial/envlibs/lib/python3.10/site-packages/airflow/example_dags/example_trigger_target_dag.py
[2023-06-22T15:14:53.935+0700] {processor.py:836} INFO - DAG(s) dict_keys(['example_trigger_target_dag']) retrieved from /Users/macbook/Documents/Documents_MacBook_Pro/ISTT/AirflowTutorial/envlibs/lib/python3.10/site-packages/airflow/example_dags/example_trigger_target_dag.py
[2023-06-22T15:14:54.707+0700] {logging_mixin.py:149} INFO - [2023-06-22T15:14:54.706+0700] {dag.py:2726} INFO - Sync 1 DAGs
[2023-06-22T15:14:54.728+0700] {logging_mixin.py:149} INFO - [2023-06-22T15:14:54.728+0700] {dag.py:3486} INFO - Setting next_dagrun for example_trigger_target_dag to None, run_after=None
[2023-06-22T15:14:54.755+0700] {processor.py:179} INFO - Processing /Users/macbook/Documents/Documents_MacBook_Pro/ISTT/AirflowTutorial/envlibs/lib/python3.10/site-packages/airflow/example_dags/example_trigger_target_dag.py took 0.873 seconds
[2023-06-22T15:17:03.548+0700] {processor.py:157} INFO - Started process (PID=13609) to work on /Users/macbook/Documents/Documents_MacBook_Pro/ISTT/AirflowTutorial/envlibs/lib/python3.10/site-packages/airflow/example_dags/example_trigger_target_dag.py
[2023-06-22T15:17:03.549+0700] {processor.py:826} INFO - Processing file /Users/macbook/Documents/Documents_MacBook_Pro/ISTT/AirflowTutorial/envlibs/lib/python3.10/site-packages/airflow/example_dags/example_trigger_target_dag.py for tasks to queue
[2023-06-22T15:17:03.549+0700] {logging_mixin.py:149} INFO - [2023-06-22T15:17:03.549+0700] {dagbag.py:541} INFO - Filling up the DagBag from /Users/macbook/Documents/Documents_MacBook_Pro/ISTT/AirflowTutorial/envlibs/lib/python3.10/site-packages/airflow/example_dags/example_trigger_target_dag.py
[2023-06-22T15:17:03.598+0700] {processor.py:836} INFO - DAG(s) dict_keys(['example_trigger_target_dag']) retrieved from /Users/macbook/Documents/Documents_MacBook_Pro/ISTT/AirflowTutorial/envlibs/lib/python3.10/site-packages/airflow/example_dags/example_trigger_target_dag.py
[2023-06-22T15:17:04.268+0700] {logging_mixin.py:149} INFO - [2023-06-22T15:17:04.268+0700] {dag.py:2726} INFO - Sync 1 DAGs
[2023-06-22T15:17:04.282+0700] {logging_mixin.py:149} INFO - [2023-06-22T15:17:04.282+0700] {dag.py:3486} INFO - Setting next_dagrun for example_trigger_target_dag to None, run_after=None
[2023-06-22T15:17:04.307+0700] {processor.py:179} INFO - Processing /Users/macbook/Documents/Documents_MacBook_Pro/ISTT/AirflowTutorial/envlibs/lib/python3.10/site-packages/airflow/example_dags/example_trigger_target_dag.py took 0.759 seconds
[2023-06-22T15:19:04.365+0700] {processor.py:157} INFO - Started process (PID=13713) to work on /Users/macbook/Documents/Documents_MacBook_Pro/ISTT/AirflowTutorial/envlibs/lib/python3.10/site-packages/airflow/example_dags/example_trigger_target_dag.py
[2023-06-22T15:19:04.366+0700] {processor.py:826} INFO - Processing file /Users/macbook/Documents/Documents_MacBook_Pro/ISTT/AirflowTutorial/envlibs/lib/python3.10/site-packages/airflow/example_dags/example_trigger_target_dag.py for tasks to queue
[2023-06-22T15:19:04.367+0700] {logging_mixin.py:149} INFO - [2023-06-22T15:19:04.367+0700] {dagbag.py:541} INFO - Filling up the DagBag from /Users/macbook/Documents/Documents_MacBook_Pro/ISTT/AirflowTutorial/envlibs/lib/python3.10/site-packages/airflow/example_dags/example_trigger_target_dag.py
[2023-06-22T15:19:04.420+0700] {processor.py:836} INFO - DAG(s) dict_keys(['example_trigger_target_dag']) retrieved from /Users/macbook/Documents/Documents_MacBook_Pro/ISTT/AirflowTutorial/envlibs/lib/python3.10/site-packages/airflow/example_dags/example_trigger_target_dag.py
[2023-06-22T15:19:05.158+0700] {logging_mixin.py:149} INFO - [2023-06-22T15:19:05.157+0700] {dag.py:2726} INFO - Sync 1 DAGs
[2023-06-22T15:19:05.173+0700] {logging_mixin.py:149} INFO - [2023-06-22T15:19:05.173+0700] {dag.py:3486} INFO - Setting next_dagrun for example_trigger_target_dag to None, run_after=None
[2023-06-22T15:19:05.198+0700] {processor.py:179} INFO - Processing /Users/macbook/Documents/Documents_MacBook_Pro/ISTT/AirflowTutorial/envlibs/lib/python3.10/site-packages/airflow/example_dags/example_trigger_target_dag.py took 0.834 seconds
[2023-06-22T15:21:05.303+0700] {processor.py:157} INFO - Started process (PID=13769) to work on /Users/macbook/Documents/Documents_MacBook_Pro/ISTT/AirflowTutorial/envlibs/lib/python3.10/site-packages/airflow/example_dags/example_trigger_target_dag.py
[2023-06-22T15:21:05.304+0700] {processor.py:826} INFO - Processing file /Users/macbook/Documents/Documents_MacBook_Pro/ISTT/AirflowTutorial/envlibs/lib/python3.10/site-packages/airflow/example_dags/example_trigger_target_dag.py for tasks to queue
[2023-06-22T15:21:05.305+0700] {logging_mixin.py:149} INFO - [2023-06-22T15:21:05.305+0700] {dagbag.py:541} INFO - Filling up the DagBag from /Users/macbook/Documents/Documents_MacBook_Pro/ISTT/AirflowTutorial/envlibs/lib/python3.10/site-packages/airflow/example_dags/example_trigger_target_dag.py
[2023-06-22T15:21:05.365+0700] {processor.py:836} INFO - DAG(s) dict_keys(['example_trigger_target_dag']) retrieved from /Users/macbook/Documents/Documents_MacBook_Pro/ISTT/AirflowTutorial/envlibs/lib/python3.10/site-packages/airflow/example_dags/example_trigger_target_dag.py
[2023-06-22T15:21:06.174+0700] {logging_mixin.py:149} INFO - [2023-06-22T15:21:06.174+0700] {dag.py:2726} INFO - Sync 1 DAGs
[2023-06-22T15:21:06.191+0700] {logging_mixin.py:149} INFO - [2023-06-22T15:21:06.191+0700] {dag.py:3486} INFO - Setting next_dagrun for example_trigger_target_dag to None, run_after=None
[2023-06-22T15:21:06.214+0700] {processor.py:179} INFO - Processing /Users/macbook/Documents/Documents_MacBook_Pro/ISTT/AirflowTutorial/envlibs/lib/python3.10/site-packages/airflow/example_dags/example_trigger_target_dag.py took 0.911 seconds
[2023-06-22T15:23:13.056+0700] {processor.py:157} INFO - Started process (PID=13833) to work on /Users/macbook/Documents/Documents_MacBook_Pro/ISTT/AirflowTutorial/envlibs/lib/python3.10/site-packages/airflow/example_dags/example_trigger_target_dag.py
[2023-06-22T15:23:13.058+0700] {processor.py:826} INFO - Processing file /Users/macbook/Documents/Documents_MacBook_Pro/ISTT/AirflowTutorial/envlibs/lib/python3.10/site-packages/airflow/example_dags/example_trigger_target_dag.py for tasks to queue
[2023-06-22T15:23:13.058+0700] {logging_mixin.py:149} INFO - [2023-06-22T15:23:13.058+0700] {dagbag.py:541} INFO - Filling up the DagBag from /Users/macbook/Documents/Documents_MacBook_Pro/ISTT/AirflowTutorial/envlibs/lib/python3.10/site-packages/airflow/example_dags/example_trigger_target_dag.py
[2023-06-22T15:23:13.117+0700] {processor.py:836} INFO - DAG(s) dict_keys(['example_trigger_target_dag']) retrieved from /Users/macbook/Documents/Documents_MacBook_Pro/ISTT/AirflowTutorial/envlibs/lib/python3.10/site-packages/airflow/example_dags/example_trigger_target_dag.py
[2023-06-22T15:23:13.943+0700] {logging_mixin.py:149} INFO - [2023-06-22T15:23:13.943+0700] {dag.py:2726} INFO - Sync 1 DAGs
[2023-06-22T15:23:13.968+0700] {logging_mixin.py:149} INFO - [2023-06-22T15:23:13.968+0700] {dag.py:3486} INFO - Setting next_dagrun for example_trigger_target_dag to None, run_after=None
[2023-06-22T15:23:13.987+0700] {processor.py:179} INFO - Processing /Users/macbook/Documents/Documents_MacBook_Pro/ISTT/AirflowTutorial/envlibs/lib/python3.10/site-packages/airflow/example_dags/example_trigger_target_dag.py took 0.931 seconds
[2023-06-22T15:25:32.654+0700] {processor.py:157} INFO - Started process (PID=13893) to work on /Users/macbook/Documents/Documents_MacBook_Pro/ISTT/AirflowTutorial/envlibs/lib/python3.10/site-packages/airflow/example_dags/example_trigger_target_dag.py
[2023-06-22T15:25:32.655+0700] {processor.py:826} INFO - Processing file /Users/macbook/Documents/Documents_MacBook_Pro/ISTT/AirflowTutorial/envlibs/lib/python3.10/site-packages/airflow/example_dags/example_trigger_target_dag.py for tasks to queue
[2023-06-22T15:25:32.656+0700] {logging_mixin.py:149} INFO - [2023-06-22T15:25:32.656+0700] {dagbag.py:541} INFO - Filling up the DagBag from /Users/macbook/Documents/Documents_MacBook_Pro/ISTT/AirflowTutorial/envlibs/lib/python3.10/site-packages/airflow/example_dags/example_trigger_target_dag.py
[2023-06-22T15:25:32.712+0700] {processor.py:836} INFO - DAG(s) dict_keys(['example_trigger_target_dag']) retrieved from /Users/macbook/Documents/Documents_MacBook_Pro/ISTT/AirflowTutorial/envlibs/lib/python3.10/site-packages/airflow/example_dags/example_trigger_target_dag.py
[2023-06-22T15:25:33.599+0700] {logging_mixin.py:149} INFO - [2023-06-22T15:25:33.598+0700] {dag.py:2726} INFO - Sync 1 DAGs
[2023-06-22T15:25:33.615+0700] {logging_mixin.py:149} INFO - [2023-06-22T15:25:33.615+0700] {dag.py:3486} INFO - Setting next_dagrun for example_trigger_target_dag to None, run_after=None
[2023-06-22T15:25:33.633+0700] {processor.py:179} INFO - Processing /Users/macbook/Documents/Documents_MacBook_Pro/ISTT/AirflowTutorial/envlibs/lib/python3.10/site-packages/airflow/example_dags/example_trigger_target_dag.py took 0.980 seconds
[2023-06-22T15:27:43.054+0700] {processor.py:157} INFO - Started process (PID=13949) to work on /Users/macbook/Documents/Documents_MacBook_Pro/ISTT/AirflowTutorial/envlibs/lib/python3.10/site-packages/airflow/example_dags/example_trigger_target_dag.py
[2023-06-22T15:27:43.055+0700] {processor.py:826} INFO - Processing file /Users/macbook/Documents/Documents_MacBook_Pro/ISTT/AirflowTutorial/envlibs/lib/python3.10/site-packages/airflow/example_dags/example_trigger_target_dag.py for tasks to queue
[2023-06-22T15:27:43.055+0700] {logging_mixin.py:149} INFO - [2023-06-22T15:27:43.055+0700] {dagbag.py:541} INFO - Filling up the DagBag from /Users/macbook/Documents/Documents_MacBook_Pro/ISTT/AirflowTutorial/envlibs/lib/python3.10/site-packages/airflow/example_dags/example_trigger_target_dag.py
[2023-06-22T15:27:43.108+0700] {processor.py:836} INFO - DAG(s) dict_keys(['example_trigger_target_dag']) retrieved from /Users/macbook/Documents/Documents_MacBook_Pro/ISTT/AirflowTutorial/envlibs/lib/python3.10/site-packages/airflow/example_dags/example_trigger_target_dag.py
[2023-06-22T15:27:43.949+0700] {logging_mixin.py:149} INFO - [2023-06-22T15:27:43.949+0700] {dag.py:2726} INFO - Sync 1 DAGs
[2023-06-22T15:27:43.966+0700] {logging_mixin.py:149} INFO - [2023-06-22T15:27:43.966+0700] {dag.py:3486} INFO - Setting next_dagrun for example_trigger_target_dag to None, run_after=None
[2023-06-22T15:27:43.985+0700] {processor.py:179} INFO - Processing /Users/macbook/Documents/Documents_MacBook_Pro/ISTT/AirflowTutorial/envlibs/lib/python3.10/site-packages/airflow/example_dags/example_trigger_target_dag.py took 0.932 seconds
[2023-06-22T15:29:51.056+0700] {processor.py:157} INFO - Started process (PID=14003) to work on /Users/macbook/Documents/Documents_MacBook_Pro/ISTT/AirflowTutorial/envlibs/lib/python3.10/site-packages/airflow/example_dags/example_trigger_target_dag.py
[2023-06-22T15:29:51.058+0700] {processor.py:826} INFO - Processing file /Users/macbook/Documents/Documents_MacBook_Pro/ISTT/AirflowTutorial/envlibs/lib/python3.10/site-packages/airflow/example_dags/example_trigger_target_dag.py for tasks to queue
[2023-06-22T15:29:51.059+0700] {logging_mixin.py:149} INFO - [2023-06-22T15:29:51.059+0700] {dagbag.py:541} INFO - Filling up the DagBag from /Users/macbook/Documents/Documents_MacBook_Pro/ISTT/AirflowTutorial/envlibs/lib/python3.10/site-packages/airflow/example_dags/example_trigger_target_dag.py
[2023-06-22T15:29:51.113+0700] {processor.py:836} INFO - DAG(s) dict_keys(['example_trigger_target_dag']) retrieved from /Users/macbook/Documents/Documents_MacBook_Pro/ISTT/AirflowTutorial/envlibs/lib/python3.10/site-packages/airflow/example_dags/example_trigger_target_dag.py
[2023-06-22T15:29:51.849+0700] {logging_mixin.py:149} INFO - [2023-06-22T15:29:51.849+0700] {dag.py:2726} INFO - Sync 1 DAGs
[2023-06-22T15:29:51.865+0700] {logging_mixin.py:149} INFO - [2023-06-22T15:29:51.864+0700] {dag.py:3486} INFO - Setting next_dagrun for example_trigger_target_dag to None, run_after=None
[2023-06-22T15:29:51.880+0700] {processor.py:179} INFO - Processing /Users/macbook/Documents/Documents_MacBook_Pro/ISTT/AirflowTutorial/envlibs/lib/python3.10/site-packages/airflow/example_dags/example_trigger_target_dag.py took 0.825 seconds
[2023-06-22T15:31:56.162+0700] {processor.py:157} INFO - Started process (PID=14073) to work on /Users/macbook/Documents/Documents_MacBook_Pro/ISTT/AirflowTutorial/envlibs/lib/python3.10/site-packages/airflow/example_dags/example_trigger_target_dag.py
[2023-06-22T15:31:56.163+0700] {processor.py:826} INFO - Processing file /Users/macbook/Documents/Documents_MacBook_Pro/ISTT/AirflowTutorial/envlibs/lib/python3.10/site-packages/airflow/example_dags/example_trigger_target_dag.py for tasks to queue
[2023-06-22T15:31:56.164+0700] {logging_mixin.py:149} INFO - [2023-06-22T15:31:56.164+0700] {dagbag.py:541} INFO - Filling up the DagBag from /Users/macbook/Documents/Documents_MacBook_Pro/ISTT/AirflowTutorial/envlibs/lib/python3.10/site-packages/airflow/example_dags/example_trigger_target_dag.py
[2023-06-22T15:31:56.218+0700] {processor.py:836} INFO - DAG(s) dict_keys(['example_trigger_target_dag']) retrieved from /Users/macbook/Documents/Documents_MacBook_Pro/ISTT/AirflowTutorial/envlibs/lib/python3.10/site-packages/airflow/example_dags/example_trigger_target_dag.py
[2023-06-22T15:31:57.042+0700] {logging_mixin.py:149} INFO - [2023-06-22T15:31:57.042+0700] {dag.py:2726} INFO - Sync 1 DAGs
[2023-06-22T15:31:57.062+0700] {logging_mixin.py:149} INFO - [2023-06-22T15:31:57.061+0700] {dag.py:3486} INFO - Setting next_dagrun for example_trigger_target_dag to None, run_after=None
[2023-06-22T15:31:57.083+0700] {processor.py:179} INFO - Processing /Users/macbook/Documents/Documents_MacBook_Pro/ISTT/AirflowTutorial/envlibs/lib/python3.10/site-packages/airflow/example_dags/example_trigger_target_dag.py took 0.922 seconds
[2023-06-22T15:33:59.909+0700] {processor.py:157} INFO - Started process (PID=14128) to work on /Users/macbook/Documents/Documents_MacBook_Pro/ISTT/AirflowTutorial/envlibs/lib/python3.10/site-packages/airflow/example_dags/example_trigger_target_dag.py
[2023-06-22T15:33:59.910+0700] {processor.py:826} INFO - Processing file /Users/macbook/Documents/Documents_MacBook_Pro/ISTT/AirflowTutorial/envlibs/lib/python3.10/site-packages/airflow/example_dags/example_trigger_target_dag.py for tasks to queue
[2023-06-22T15:33:59.911+0700] {logging_mixin.py:149} INFO - [2023-06-22T15:33:59.911+0700] {dagbag.py:541} INFO - Filling up the DagBag from /Users/macbook/Documents/Documents_MacBook_Pro/ISTT/AirflowTutorial/envlibs/lib/python3.10/site-packages/airflow/example_dags/example_trigger_target_dag.py
[2023-06-22T15:33:59.966+0700] {processor.py:836} INFO - DAG(s) dict_keys(['example_trigger_target_dag']) retrieved from /Users/macbook/Documents/Documents_MacBook_Pro/ISTT/AirflowTutorial/envlibs/lib/python3.10/site-packages/airflow/example_dags/example_trigger_target_dag.py
[2023-06-22T15:34:00.845+0700] {logging_mixin.py:149} INFO - [2023-06-22T15:34:00.844+0700] {dag.py:2726} INFO - Sync 1 DAGs
[2023-06-22T15:34:00.862+0700] {logging_mixin.py:149} INFO - [2023-06-22T15:34:00.862+0700] {dag.py:3486} INFO - Setting next_dagrun for example_trigger_target_dag to None, run_after=None
[2023-06-22T15:34:00.880+0700] {processor.py:179} INFO - Processing /Users/macbook/Documents/Documents_MacBook_Pro/ISTT/AirflowTutorial/envlibs/lib/python3.10/site-packages/airflow/example_dags/example_trigger_target_dag.py took 0.972 seconds
[2023-06-22T15:36:06.041+0700] {processor.py:157} INFO - Started process (PID=14186) to work on /Users/macbook/Documents/Documents_MacBook_Pro/ISTT/AirflowTutorial/envlibs/lib/python3.10/site-packages/airflow/example_dags/example_trigger_target_dag.py
[2023-06-22T15:36:06.042+0700] {processor.py:826} INFO - Processing file /Users/macbook/Documents/Documents_MacBook_Pro/ISTT/AirflowTutorial/envlibs/lib/python3.10/site-packages/airflow/example_dags/example_trigger_target_dag.py for tasks to queue
[2023-06-22T15:36:06.043+0700] {logging_mixin.py:149} INFO - [2023-06-22T15:36:06.043+0700] {dagbag.py:541} INFO - Filling up the DagBag from /Users/macbook/Documents/Documents_MacBook_Pro/ISTT/AirflowTutorial/envlibs/lib/python3.10/site-packages/airflow/example_dags/example_trigger_target_dag.py
[2023-06-22T15:36:06.108+0700] {processor.py:836} INFO - DAG(s) dict_keys(['example_trigger_target_dag']) retrieved from /Users/macbook/Documents/Documents_MacBook_Pro/ISTT/AirflowTutorial/envlibs/lib/python3.10/site-packages/airflow/example_dags/example_trigger_target_dag.py
[2023-06-22T15:36:07.061+0700] {logging_mixin.py:149} INFO - [2023-06-22T15:36:07.061+0700] {dag.py:2726} INFO - Sync 1 DAGs
[2023-06-22T15:36:07.079+0700] {logging_mixin.py:149} INFO - [2023-06-22T15:36:07.079+0700] {dag.py:3486} INFO - Setting next_dagrun for example_trigger_target_dag to None, run_after=None
[2023-06-22T15:36:07.098+0700] {processor.py:179} INFO - Processing /Users/macbook/Documents/Documents_MacBook_Pro/ISTT/AirflowTutorial/envlibs/lib/python3.10/site-packages/airflow/example_dags/example_trigger_target_dag.py took 1.058 seconds
[2023-06-22T15:38:17.820+0700] {processor.py:157} INFO - Started process (PID=14270) to work on /Users/macbook/Documents/Documents_MacBook_Pro/ISTT/AirflowTutorial/envlibs/lib/python3.10/site-packages/airflow/example_dags/example_trigger_target_dag.py
[2023-06-22T15:38:17.821+0700] {processor.py:826} INFO - Processing file /Users/macbook/Documents/Documents_MacBook_Pro/ISTT/AirflowTutorial/envlibs/lib/python3.10/site-packages/airflow/example_dags/example_trigger_target_dag.py for tasks to queue
[2023-06-22T15:38:17.822+0700] {logging_mixin.py:149} INFO - [2023-06-22T15:38:17.822+0700] {dagbag.py:541} INFO - Filling up the DagBag from /Users/macbook/Documents/Documents_MacBook_Pro/ISTT/AirflowTutorial/envlibs/lib/python3.10/site-packages/airflow/example_dags/example_trigger_target_dag.py
[2023-06-22T15:38:17.877+0700] {processor.py:836} INFO - DAG(s) dict_keys(['example_trigger_target_dag']) retrieved from /Users/macbook/Documents/Documents_MacBook_Pro/ISTT/AirflowTutorial/envlibs/lib/python3.10/site-packages/airflow/example_dags/example_trigger_target_dag.py
[2023-06-22T15:38:18.655+0700] {logging_mixin.py:149} INFO - [2023-06-22T15:38:18.655+0700] {dag.py:2726} INFO - Sync 1 DAGs
[2023-06-22T15:38:18.672+0700] {logging_mixin.py:149} INFO - [2023-06-22T15:38:18.672+0700] {dag.py:3486} INFO - Setting next_dagrun for example_trigger_target_dag to None, run_after=None
[2023-06-22T15:38:18.690+0700] {processor.py:179} INFO - Processing /Users/macbook/Documents/Documents_MacBook_Pro/ISTT/AirflowTutorial/envlibs/lib/python3.10/site-packages/airflow/example_dags/example_trigger_target_dag.py took 0.871 seconds
[2023-06-22T15:40:27.053+0700] {processor.py:157} INFO - Started process (PID=14324) to work on /Users/macbook/Documents/Documents_MacBook_Pro/ISTT/AirflowTutorial/envlibs/lib/python3.10/site-packages/airflow/example_dags/example_trigger_target_dag.py
[2023-06-22T15:40:27.054+0700] {processor.py:826} INFO - Processing file /Users/macbook/Documents/Documents_MacBook_Pro/ISTT/AirflowTutorial/envlibs/lib/python3.10/site-packages/airflow/example_dags/example_trigger_target_dag.py for tasks to queue
[2023-06-22T15:40:27.055+0700] {logging_mixin.py:149} INFO - [2023-06-22T15:40:27.055+0700] {dagbag.py:541} INFO - Filling up the DagBag from /Users/macbook/Documents/Documents_MacBook_Pro/ISTT/AirflowTutorial/envlibs/lib/python3.10/site-packages/airflow/example_dags/example_trigger_target_dag.py
[2023-06-22T15:40:27.118+0700] {processor.py:836} INFO - DAG(s) dict_keys(['example_trigger_target_dag']) retrieved from /Users/macbook/Documents/Documents_MacBook_Pro/ISTT/AirflowTutorial/envlibs/lib/python3.10/site-packages/airflow/example_dags/example_trigger_target_dag.py
[2023-06-22T15:40:27.913+0700] {logging_mixin.py:149} INFO - [2023-06-22T15:40:27.913+0700] {dag.py:2726} INFO - Sync 1 DAGs
[2023-06-22T15:40:27.929+0700] {logging_mixin.py:149} INFO - [2023-06-22T15:40:27.929+0700] {dag.py:3486} INFO - Setting next_dagrun for example_trigger_target_dag to None, run_after=None
[2023-06-22T15:40:27.946+0700] {processor.py:179} INFO - Processing /Users/macbook/Documents/Documents_MacBook_Pro/ISTT/AirflowTutorial/envlibs/lib/python3.10/site-packages/airflow/example_dags/example_trigger_target_dag.py took 0.894 seconds
[2023-06-22T15:42:37.977+0700] {processor.py:157} INFO - Started process (PID=14399) to work on /Users/macbook/Documents/Documents_MacBook_Pro/ISTT/AirflowTutorial/envlibs/lib/python3.10/site-packages/airflow/example_dags/example_trigger_target_dag.py
[2023-06-22T15:42:37.979+0700] {processor.py:826} INFO - Processing file /Users/macbook/Documents/Documents_MacBook_Pro/ISTT/AirflowTutorial/envlibs/lib/python3.10/site-packages/airflow/example_dags/example_trigger_target_dag.py for tasks to queue
[2023-06-22T15:42:37.980+0700] {logging_mixin.py:149} INFO - [2023-06-22T15:42:37.980+0700] {dagbag.py:541} INFO - Filling up the DagBag from /Users/macbook/Documents/Documents_MacBook_Pro/ISTT/AirflowTutorial/envlibs/lib/python3.10/site-packages/airflow/example_dags/example_trigger_target_dag.py
[2023-06-22T15:42:38.076+0700] {processor.py:836} INFO - DAG(s) dict_keys(['example_trigger_target_dag']) retrieved from /Users/macbook/Documents/Documents_MacBook_Pro/ISTT/AirflowTutorial/envlibs/lib/python3.10/site-packages/airflow/example_dags/example_trigger_target_dag.py
[2023-06-22T15:42:39.678+0700] {logging_mixin.py:149} INFO - [2023-06-22T15:42:39.677+0700] {dag.py:2726} INFO - Sync 1 DAGs
[2023-06-22T15:42:39.705+0700] {logging_mixin.py:149} INFO - [2023-06-22T15:42:39.704+0700] {dag.py:3486} INFO - Setting next_dagrun for example_trigger_target_dag to None, run_after=None
[2023-06-22T15:42:39.735+0700] {processor.py:179} INFO - Processing /Users/macbook/Documents/Documents_MacBook_Pro/ISTT/AirflowTutorial/envlibs/lib/python3.10/site-packages/airflow/example_dags/example_trigger_target_dag.py took 1.759 seconds
[2023-06-22T15:44:46.460+0700] {processor.py:157} INFO - Started process (PID=14461) to work on /Users/macbook/Documents/Documents_MacBook_Pro/ISTT/AirflowTutorial/envlibs/lib/python3.10/site-packages/airflow/example_dags/example_trigger_target_dag.py
[2023-06-22T15:44:46.461+0700] {processor.py:826} INFO - Processing file /Users/macbook/Documents/Documents_MacBook_Pro/ISTT/AirflowTutorial/envlibs/lib/python3.10/site-packages/airflow/example_dags/example_trigger_target_dag.py for tasks to queue
[2023-06-22T15:44:46.462+0700] {logging_mixin.py:149} INFO - [2023-06-22T15:44:46.462+0700] {dagbag.py:541} INFO - Filling up the DagBag from /Users/macbook/Documents/Documents_MacBook_Pro/ISTT/AirflowTutorial/envlibs/lib/python3.10/site-packages/airflow/example_dags/example_trigger_target_dag.py
[2023-06-22T15:44:46.528+0700] {processor.py:836} INFO - DAG(s) dict_keys(['example_trigger_target_dag']) retrieved from /Users/macbook/Documents/Documents_MacBook_Pro/ISTT/AirflowTutorial/envlibs/lib/python3.10/site-packages/airflow/example_dags/example_trigger_target_dag.py
[2023-06-22T15:44:47.489+0700] {logging_mixin.py:149} INFO - [2023-06-22T15:44:47.489+0700] {dag.py:2726} INFO - Sync 1 DAGs
[2023-06-22T15:44:47.509+0700] {logging_mixin.py:149} INFO - [2023-06-22T15:44:47.509+0700] {dag.py:3486} INFO - Setting next_dagrun for example_trigger_target_dag to None, run_after=None
[2023-06-22T15:44:47.532+0700] {processor.py:179} INFO - Processing /Users/macbook/Documents/Documents_MacBook_Pro/ISTT/AirflowTutorial/envlibs/lib/python3.10/site-packages/airflow/example_dags/example_trigger_target_dag.py took 1.073 seconds
[2023-06-22T15:47:00.147+0700] {processor.py:157} INFO - Started process (PID=14550) to work on /Users/macbook/Documents/Documents_MacBook_Pro/ISTT/AirflowTutorial/envlibs/lib/python3.10/site-packages/airflow/example_dags/example_trigger_target_dag.py
[2023-06-22T15:47:00.148+0700] {processor.py:826} INFO - Processing file /Users/macbook/Documents/Documents_MacBook_Pro/ISTT/AirflowTutorial/envlibs/lib/python3.10/site-packages/airflow/example_dags/example_trigger_target_dag.py for tasks to queue
[2023-06-22T15:47:00.149+0700] {logging_mixin.py:149} INFO - [2023-06-22T15:47:00.149+0700] {dagbag.py:541} INFO - Filling up the DagBag from /Users/macbook/Documents/Documents_MacBook_Pro/ISTT/AirflowTutorial/envlibs/lib/python3.10/site-packages/airflow/example_dags/example_trigger_target_dag.py
[2023-06-22T15:47:00.213+0700] {processor.py:836} INFO - DAG(s) dict_keys(['example_trigger_target_dag']) retrieved from /Users/macbook/Documents/Documents_MacBook_Pro/ISTT/AirflowTutorial/envlibs/lib/python3.10/site-packages/airflow/example_dags/example_trigger_target_dag.py
[2023-06-22T15:47:01.083+0700] {logging_mixin.py:149} INFO - [2023-06-22T15:47:01.083+0700] {dag.py:2726} INFO - Sync 1 DAGs
[2023-06-22T15:47:01.100+0700] {logging_mixin.py:149} INFO - [2023-06-22T15:47:01.100+0700] {dag.py:3486} INFO - Setting next_dagrun for example_trigger_target_dag to None, run_after=None
[2023-06-22T15:47:01.124+0700] {processor.py:179} INFO - Processing /Users/macbook/Documents/Documents_MacBook_Pro/ISTT/AirflowTutorial/envlibs/lib/python3.10/site-packages/airflow/example_dags/example_trigger_target_dag.py took 0.978 seconds
[2023-06-22T15:49:15.736+0700] {processor.py:157} INFO - Started process (PID=14634) to work on /Users/macbook/Documents/Documents_MacBook_Pro/ISTT/AirflowTutorial/envlibs/lib/python3.10/site-packages/airflow/example_dags/example_trigger_target_dag.py
[2023-06-22T15:49:15.738+0700] {processor.py:826} INFO - Processing file /Users/macbook/Documents/Documents_MacBook_Pro/ISTT/AirflowTutorial/envlibs/lib/python3.10/site-packages/airflow/example_dags/example_trigger_target_dag.py for tasks to queue
[2023-06-22T15:49:15.739+0700] {logging_mixin.py:149} INFO - [2023-06-22T15:49:15.739+0700] {dagbag.py:541} INFO - Filling up the DagBag from /Users/macbook/Documents/Documents_MacBook_Pro/ISTT/AirflowTutorial/envlibs/lib/python3.10/site-packages/airflow/example_dags/example_trigger_target_dag.py
[2023-06-22T15:49:15.798+0700] {processor.py:836} INFO - DAG(s) dict_keys(['example_trigger_target_dag']) retrieved from /Users/macbook/Documents/Documents_MacBook_Pro/ISTT/AirflowTutorial/envlibs/lib/python3.10/site-packages/airflow/example_dags/example_trigger_target_dag.py
[2023-06-22T15:49:16.650+0700] {logging_mixin.py:149} INFO - [2023-06-22T15:49:16.650+0700] {dag.py:2726} INFO - Sync 1 DAGs
[2023-06-22T15:49:16.670+0700] {logging_mixin.py:149} INFO - [2023-06-22T15:49:16.669+0700] {dag.py:3486} INFO - Setting next_dagrun for example_trigger_target_dag to None, run_after=None
[2023-06-22T15:49:16.693+0700] {processor.py:179} INFO - Processing /Users/macbook/Documents/Documents_MacBook_Pro/ISTT/AirflowTutorial/envlibs/lib/python3.10/site-packages/airflow/example_dags/example_trigger_target_dag.py took 0.958 seconds
[2023-06-22T15:51:26.476+0700] {processor.py:157} INFO - Started process (PID=14688) to work on /Users/macbook/Documents/Documents_MacBook_Pro/ISTT/AirflowTutorial/envlibs/lib/python3.10/site-packages/airflow/example_dags/example_trigger_target_dag.py
[2023-06-22T15:51:26.477+0700] {processor.py:826} INFO - Processing file /Users/macbook/Documents/Documents_MacBook_Pro/ISTT/AirflowTutorial/envlibs/lib/python3.10/site-packages/airflow/example_dags/example_trigger_target_dag.py for tasks to queue
[2023-06-22T15:51:26.478+0700] {logging_mixin.py:149} INFO - [2023-06-22T15:51:26.478+0700] {dagbag.py:541} INFO - Filling up the DagBag from /Users/macbook/Documents/Documents_MacBook_Pro/ISTT/AirflowTutorial/envlibs/lib/python3.10/site-packages/airflow/example_dags/example_trigger_target_dag.py
[2023-06-22T15:51:26.536+0700] {processor.py:836} INFO - DAG(s) dict_keys(['example_trigger_target_dag']) retrieved from /Users/macbook/Documents/Documents_MacBook_Pro/ISTT/AirflowTutorial/envlibs/lib/python3.10/site-packages/airflow/example_dags/example_trigger_target_dag.py
[2023-06-22T15:51:27.347+0700] {logging_mixin.py:149} INFO - [2023-06-22T15:51:27.346+0700] {dag.py:2726} INFO - Sync 1 DAGs
[2023-06-22T15:51:27.363+0700] {logging_mixin.py:149} INFO - [2023-06-22T15:51:27.362+0700] {dag.py:3486} INFO - Setting next_dagrun for example_trigger_target_dag to None, run_after=None
[2023-06-22T15:51:27.381+0700] {processor.py:179} INFO - Processing /Users/macbook/Documents/Documents_MacBook_Pro/ISTT/AirflowTutorial/envlibs/lib/python3.10/site-packages/airflow/example_dags/example_trigger_target_dag.py took 0.906 seconds
[2023-06-22T15:53:47.703+0700] {processor.py:157} INFO - Started process (PID=14795) to work on /Users/macbook/Documents/Documents_MacBook_Pro/ISTT/AirflowTutorial/envlibs/lib/python3.10/site-packages/airflow/example_dags/example_trigger_target_dag.py
[2023-06-22T15:53:47.704+0700] {processor.py:826} INFO - Processing file /Users/macbook/Documents/Documents_MacBook_Pro/ISTT/AirflowTutorial/envlibs/lib/python3.10/site-packages/airflow/example_dags/example_trigger_target_dag.py for tasks to queue
[2023-06-22T15:53:47.705+0700] {logging_mixin.py:149} INFO - [2023-06-22T15:53:47.705+0700] {dagbag.py:541} INFO - Filling up the DagBag from /Users/macbook/Documents/Documents_MacBook_Pro/ISTT/AirflowTutorial/envlibs/lib/python3.10/site-packages/airflow/example_dags/example_trigger_target_dag.py
[2023-06-22T15:53:47.775+0700] {processor.py:836} INFO - DAG(s) dict_keys(['example_trigger_target_dag']) retrieved from /Users/macbook/Documents/Documents_MacBook_Pro/ISTT/AirflowTutorial/envlibs/lib/python3.10/site-packages/airflow/example_dags/example_trigger_target_dag.py
[2023-06-22T15:53:48.671+0700] {logging_mixin.py:149} INFO - [2023-06-22T15:53:48.670+0700] {dag.py:2726} INFO - Sync 1 DAGs
[2023-06-22T15:53:48.692+0700] {logging_mixin.py:149} INFO - [2023-06-22T15:53:48.692+0700] {dag.py:3486} INFO - Setting next_dagrun for example_trigger_target_dag to None, run_after=None
[2023-06-22T15:53:48.717+0700] {processor.py:179} INFO - Processing /Users/macbook/Documents/Documents_MacBook_Pro/ISTT/AirflowTutorial/envlibs/lib/python3.10/site-packages/airflow/example_dags/example_trigger_target_dag.py took 1.015 seconds
[2023-06-22T15:56:00.152+0700] {processor.py:157} INFO - Started process (PID=14867) to work on /Users/macbook/Documents/Documents_MacBook_Pro/ISTT/AirflowTutorial/envlibs/lib/python3.10/site-packages/airflow/example_dags/example_trigger_target_dag.py
[2023-06-22T15:56:00.154+0700] {processor.py:826} INFO - Processing file /Users/macbook/Documents/Documents_MacBook_Pro/ISTT/AirflowTutorial/envlibs/lib/python3.10/site-packages/airflow/example_dags/example_trigger_target_dag.py for tasks to queue
[2023-06-22T15:56:00.155+0700] {logging_mixin.py:149} INFO - [2023-06-22T15:56:00.155+0700] {dagbag.py:541} INFO - Filling up the DagBag from /Users/macbook/Documents/Documents_MacBook_Pro/ISTT/AirflowTutorial/envlibs/lib/python3.10/site-packages/airflow/example_dags/example_trigger_target_dag.py
[2023-06-22T15:56:00.212+0700] {processor.py:836} INFO - DAG(s) dict_keys(['example_trigger_target_dag']) retrieved from /Users/macbook/Documents/Documents_MacBook_Pro/ISTT/AirflowTutorial/envlibs/lib/python3.10/site-packages/airflow/example_dags/example_trigger_target_dag.py
[2023-06-22T15:56:01.062+0700] {logging_mixin.py:149} INFO - [2023-06-22T15:56:01.062+0700] {dag.py:2726} INFO - Sync 1 DAGs
[2023-06-22T15:56:01.079+0700] {logging_mixin.py:149} INFO - [2023-06-22T15:56:01.079+0700] {dag.py:3486} INFO - Setting next_dagrun for example_trigger_target_dag to None, run_after=None
[2023-06-22T15:56:01.098+0700] {processor.py:179} INFO - Processing /Users/macbook/Documents/Documents_MacBook_Pro/ISTT/AirflowTutorial/envlibs/lib/python3.10/site-packages/airflow/example_dags/example_trigger_target_dag.py took 0.947 seconds
[2023-06-22T15:58:17.904+0700] {processor.py:157} INFO - Started process (PID=14941) to work on /Users/macbook/Documents/Documents_MacBook_Pro/ISTT/AirflowTutorial/envlibs/lib/python3.10/site-packages/airflow/example_dags/example_trigger_target_dag.py
[2023-06-22T15:58:17.905+0700] {processor.py:826} INFO - Processing file /Users/macbook/Documents/Documents_MacBook_Pro/ISTT/AirflowTutorial/envlibs/lib/python3.10/site-packages/airflow/example_dags/example_trigger_target_dag.py for tasks to queue
[2023-06-22T15:58:17.905+0700] {logging_mixin.py:149} INFO - [2023-06-22T15:58:17.905+0700] {dagbag.py:541} INFO - Filling up the DagBag from /Users/macbook/Documents/Documents_MacBook_Pro/ISTT/AirflowTutorial/envlibs/lib/python3.10/site-packages/airflow/example_dags/example_trigger_target_dag.py
[2023-06-22T15:58:17.957+0700] {processor.py:836} INFO - DAG(s) dict_keys(['example_trigger_target_dag']) retrieved from /Users/macbook/Documents/Documents_MacBook_Pro/ISTT/AirflowTutorial/envlibs/lib/python3.10/site-packages/airflow/example_dags/example_trigger_target_dag.py
[2023-06-22T15:58:18.807+0700] {logging_mixin.py:149} INFO - [2023-06-22T15:58:18.806+0700] {dag.py:2726} INFO - Sync 1 DAGs
[2023-06-22T15:58:18.827+0700] {logging_mixin.py:149} INFO - [2023-06-22T15:58:18.826+0700] {dag.py:3486} INFO - Setting next_dagrun for example_trigger_target_dag to None, run_after=None
[2023-06-22T15:58:18.848+0700] {processor.py:179} INFO - Processing /Users/macbook/Documents/Documents_MacBook_Pro/ISTT/AirflowTutorial/envlibs/lib/python3.10/site-packages/airflow/example_dags/example_trigger_target_dag.py took 0.945 seconds
[2023-06-22T16:00:32.979+0700] {processor.py:157} INFO - Started process (PID=14993) to work on /Users/macbook/Documents/Documents_MacBook_Pro/ISTT/AirflowTutorial/envlibs/lib/python3.10/site-packages/airflow/example_dags/example_trigger_target_dag.py
[2023-06-22T16:00:32.980+0700] {processor.py:826} INFO - Processing file /Users/macbook/Documents/Documents_MacBook_Pro/ISTT/AirflowTutorial/envlibs/lib/python3.10/site-packages/airflow/example_dags/example_trigger_target_dag.py for tasks to queue
[2023-06-22T16:00:32.981+0700] {logging_mixin.py:149} INFO - [2023-06-22T16:00:32.981+0700] {dagbag.py:541} INFO - Filling up the DagBag from /Users/macbook/Documents/Documents_MacBook_Pro/ISTT/AirflowTutorial/envlibs/lib/python3.10/site-packages/airflow/example_dags/example_trigger_target_dag.py
[2023-06-22T16:00:33.044+0700] {processor.py:836} INFO - DAG(s) dict_keys(['example_trigger_target_dag']) retrieved from /Users/macbook/Documents/Documents_MacBook_Pro/ISTT/AirflowTutorial/envlibs/lib/python3.10/site-packages/airflow/example_dags/example_trigger_target_dag.py
[2023-06-22T16:00:33.887+0700] {logging_mixin.py:149} INFO - [2023-06-22T16:00:33.887+0700] {dag.py:2726} INFO - Sync 1 DAGs
[2023-06-22T16:00:33.904+0700] {logging_mixin.py:149} INFO - [2023-06-22T16:00:33.904+0700] {dag.py:3486} INFO - Setting next_dagrun for example_trigger_target_dag to None, run_after=None
[2023-06-22T16:00:33.923+0700] {processor.py:179} INFO - Processing /Users/macbook/Documents/Documents_MacBook_Pro/ISTT/AirflowTutorial/envlibs/lib/python3.10/site-packages/airflow/example_dags/example_trigger_target_dag.py took 0.945 seconds
[2023-06-22T16:02:47.062+0700] {processor.py:157} INFO - Started process (PID=15054) to work on /Users/macbook/Documents/Documents_MacBook_Pro/ISTT/AirflowTutorial/envlibs/lib/python3.10/site-packages/airflow/example_dags/example_trigger_target_dag.py
[2023-06-22T16:02:47.064+0700] {processor.py:826} INFO - Processing file /Users/macbook/Documents/Documents_MacBook_Pro/ISTT/AirflowTutorial/envlibs/lib/python3.10/site-packages/airflow/example_dags/example_trigger_target_dag.py for tasks to queue
[2023-06-22T16:02:47.064+0700] {logging_mixin.py:149} INFO - [2023-06-22T16:02:47.064+0700] {dagbag.py:541} INFO - Filling up the DagBag from /Users/macbook/Documents/Documents_MacBook_Pro/ISTT/AirflowTutorial/envlibs/lib/python3.10/site-packages/airflow/example_dags/example_trigger_target_dag.py
[2023-06-22T16:02:47.125+0700] {processor.py:836} INFO - DAG(s) dict_keys(['example_trigger_target_dag']) retrieved from /Users/macbook/Documents/Documents_MacBook_Pro/ISTT/AirflowTutorial/envlibs/lib/python3.10/site-packages/airflow/example_dags/example_trigger_target_dag.py
[2023-06-22T16:02:47.960+0700] {logging_mixin.py:149} INFO - [2023-06-22T16:02:47.960+0700] {dag.py:2726} INFO - Sync 1 DAGs
[2023-06-22T16:02:47.978+0700] {logging_mixin.py:149} INFO - [2023-06-22T16:02:47.978+0700] {dag.py:3486} INFO - Setting next_dagrun for example_trigger_target_dag to None, run_after=None
[2023-06-22T16:02:47.996+0700] {processor.py:179} INFO - Processing /Users/macbook/Documents/Documents_MacBook_Pro/ISTT/AirflowTutorial/envlibs/lib/python3.10/site-packages/airflow/example_dags/example_trigger_target_dag.py took 0.934 seconds
[2023-06-22T16:04:59.613+0700] {processor.py:157} INFO - Started process (PID=15115) to work on /Users/macbook/Documents/Documents_MacBook_Pro/ISTT/AirflowTutorial/envlibs/lib/python3.10/site-packages/airflow/example_dags/example_trigger_target_dag.py
[2023-06-22T16:04:59.615+0700] {processor.py:826} INFO - Processing file /Users/macbook/Documents/Documents_MacBook_Pro/ISTT/AirflowTutorial/envlibs/lib/python3.10/site-packages/airflow/example_dags/example_trigger_target_dag.py for tasks to queue
[2023-06-22T16:04:59.615+0700] {logging_mixin.py:149} INFO - [2023-06-22T16:04:59.615+0700] {dagbag.py:541} INFO - Filling up the DagBag from /Users/macbook/Documents/Documents_MacBook_Pro/ISTT/AirflowTutorial/envlibs/lib/python3.10/site-packages/airflow/example_dags/example_trigger_target_dag.py
[2023-06-22T16:04:59.676+0700] {processor.py:836} INFO - DAG(s) dict_keys(['example_trigger_target_dag']) retrieved from /Users/macbook/Documents/Documents_MacBook_Pro/ISTT/AirflowTutorial/envlibs/lib/python3.10/site-packages/airflow/example_dags/example_trigger_target_dag.py
[2023-06-22T16:05:00.671+0700] {logging_mixin.py:149} INFO - [2023-06-22T16:05:00.670+0700] {dag.py:2726} INFO - Sync 1 DAGs
[2023-06-22T16:05:00.689+0700] {logging_mixin.py:149} INFO - [2023-06-22T16:05:00.689+0700] {dag.py:3486} INFO - Setting next_dagrun for example_trigger_target_dag to None, run_after=None
[2023-06-22T16:05:00.711+0700] {processor.py:179} INFO - Processing /Users/macbook/Documents/Documents_MacBook_Pro/ISTT/AirflowTutorial/envlibs/lib/python3.10/site-packages/airflow/example_dags/example_trigger_target_dag.py took 1.099 seconds
[2023-06-22T16:07:06.067+0700] {processor.py:157} INFO - Started process (PID=15177) to work on /Users/macbook/Documents/Documents_MacBook_Pro/ISTT/AirflowTutorial/envlibs/lib/python3.10/site-packages/airflow/example_dags/example_trigger_target_dag.py
[2023-06-22T16:07:06.068+0700] {processor.py:826} INFO - Processing file /Users/macbook/Documents/Documents_MacBook_Pro/ISTT/AirflowTutorial/envlibs/lib/python3.10/site-packages/airflow/example_dags/example_trigger_target_dag.py for tasks to queue
[2023-06-22T16:07:06.069+0700] {logging_mixin.py:149} INFO - [2023-06-22T16:07:06.068+0700] {dagbag.py:541} INFO - Filling up the DagBag from /Users/macbook/Documents/Documents_MacBook_Pro/ISTT/AirflowTutorial/envlibs/lib/python3.10/site-packages/airflow/example_dags/example_trigger_target_dag.py
[2023-06-22T16:07:06.119+0700] {processor.py:836} INFO - DAG(s) dict_keys(['example_trigger_target_dag']) retrieved from /Users/macbook/Documents/Documents_MacBook_Pro/ISTT/AirflowTutorial/envlibs/lib/python3.10/site-packages/airflow/example_dags/example_trigger_target_dag.py
[2023-06-22T16:07:06.888+0700] {logging_mixin.py:149} INFO - [2023-06-22T16:07:06.887+0700] {dag.py:2726} INFO - Sync 1 DAGs
[2023-06-22T16:07:06.904+0700] {logging_mixin.py:149} INFO - [2023-06-22T16:07:06.904+0700] {dag.py:3486} INFO - Setting next_dagrun for example_trigger_target_dag to None, run_after=None
[2023-06-22T16:07:06.923+0700] {processor.py:179} INFO - Processing /Users/macbook/Documents/Documents_MacBook_Pro/ISTT/AirflowTutorial/envlibs/lib/python3.10/site-packages/airflow/example_dags/example_trigger_target_dag.py took 0.858 seconds
[2023-06-22T16:09:19.590+0700] {processor.py:157} INFO - Started process (PID=15236) to work on /Users/macbook/Documents/Documents_MacBook_Pro/ISTT/AirflowTutorial/envlibs/lib/python3.10/site-packages/airflow/example_dags/example_trigger_target_dag.py
[2023-06-22T16:09:19.592+0700] {processor.py:826} INFO - Processing file /Users/macbook/Documents/Documents_MacBook_Pro/ISTT/AirflowTutorial/envlibs/lib/python3.10/site-packages/airflow/example_dags/example_trigger_target_dag.py for tasks to queue
[2023-06-22T16:09:19.593+0700] {logging_mixin.py:149} INFO - [2023-06-22T16:09:19.593+0700] {dagbag.py:541} INFO - Filling up the DagBag from /Users/macbook/Documents/Documents_MacBook_Pro/ISTT/AirflowTutorial/envlibs/lib/python3.10/site-packages/airflow/example_dags/example_trigger_target_dag.py
[2023-06-22T16:09:19.658+0700] {processor.py:836} INFO - DAG(s) dict_keys(['example_trigger_target_dag']) retrieved from /Users/macbook/Documents/Documents_MacBook_Pro/ISTT/AirflowTutorial/envlibs/lib/python3.10/site-packages/airflow/example_dags/example_trigger_target_dag.py
[2023-06-22T16:09:20.515+0700] {logging_mixin.py:149} INFO - [2023-06-22T16:09:20.514+0700] {dag.py:2726} INFO - Sync 1 DAGs
[2023-06-22T16:09:20.531+0700] {logging_mixin.py:149} INFO - [2023-06-22T16:09:20.531+0700] {dag.py:3486} INFO - Setting next_dagrun for example_trigger_target_dag to None, run_after=None
[2023-06-22T16:09:20.549+0700] {processor.py:179} INFO - Processing /Users/macbook/Documents/Documents_MacBook_Pro/ISTT/AirflowTutorial/envlibs/lib/python3.10/site-packages/airflow/example_dags/example_trigger_target_dag.py took 0.960 seconds
[2023-06-22T16:11:17.289+0700] {processor.py:157} INFO - Started process (PID=15295) to work on /Users/macbook/Documents/Documents_MacBook_Pro/ISTT/AirflowTutorial/envlibs/lib/python3.10/site-packages/airflow/example_dags/example_trigger_target_dag.py
[2023-06-22T16:11:17.290+0700] {processor.py:826} INFO - Processing file /Users/macbook/Documents/Documents_MacBook_Pro/ISTT/AirflowTutorial/envlibs/lib/python3.10/site-packages/airflow/example_dags/example_trigger_target_dag.py for tasks to queue
[2023-06-22T16:11:17.290+0700] {logging_mixin.py:149} INFO - [2023-06-22T16:11:17.290+0700] {dagbag.py:541} INFO - Filling up the DagBag from /Users/macbook/Documents/Documents_MacBook_Pro/ISTT/AirflowTutorial/envlibs/lib/python3.10/site-packages/airflow/example_dags/example_trigger_target_dag.py
[2023-06-22T16:11:17.338+0700] {processor.py:836} INFO - DAG(s) dict_keys(['example_trigger_target_dag']) retrieved from /Users/macbook/Documents/Documents_MacBook_Pro/ISTT/AirflowTutorial/envlibs/lib/python3.10/site-packages/airflow/example_dags/example_trigger_target_dag.py
[2023-06-22T16:11:18.027+0700] {logging_mixin.py:149} INFO - [2023-06-22T16:11:18.027+0700] {dag.py:2726} INFO - Sync 1 DAGs
[2023-06-22T16:11:18.041+0700] {logging_mixin.py:149} INFO - [2023-06-22T16:11:18.041+0700] {dag.py:3486} INFO - Setting next_dagrun for example_trigger_target_dag to None, run_after=None
[2023-06-22T16:11:18.057+0700] {processor.py:179} INFO - Processing /Users/macbook/Documents/Documents_MacBook_Pro/ISTT/AirflowTutorial/envlibs/lib/python3.10/site-packages/airflow/example_dags/example_trigger_target_dag.py took 0.768 seconds
[2023-06-22T16:13:05.944+0700] {processor.py:157} INFO - Started process (PID=15347) to work on /Users/macbook/Documents/Documents_MacBook_Pro/ISTT/AirflowTutorial/envlibs/lib/python3.10/site-packages/airflow/example_dags/example_trigger_target_dag.py
[2023-06-22T16:13:05.945+0700] {processor.py:826} INFO - Processing file /Users/macbook/Documents/Documents_MacBook_Pro/ISTT/AirflowTutorial/envlibs/lib/python3.10/site-packages/airflow/example_dags/example_trigger_target_dag.py for tasks to queue
[2023-06-22T16:13:05.945+0700] {logging_mixin.py:149} INFO - [2023-06-22T16:13:05.945+0700] {dagbag.py:541} INFO - Filling up the DagBag from /Users/macbook/Documents/Documents_MacBook_Pro/ISTT/AirflowTutorial/envlibs/lib/python3.10/site-packages/airflow/example_dags/example_trigger_target_dag.py
[2023-06-22T16:13:05.994+0700] {processor.py:836} INFO - DAG(s) dict_keys(['example_trigger_target_dag']) retrieved from /Users/macbook/Documents/Documents_MacBook_Pro/ISTT/AirflowTutorial/envlibs/lib/python3.10/site-packages/airflow/example_dags/example_trigger_target_dag.py
[2023-06-22T16:13:06.691+0700] {logging_mixin.py:149} INFO - [2023-06-22T16:13:06.691+0700] {dag.py:2726} INFO - Sync 1 DAGs
[2023-06-22T16:13:06.705+0700] {logging_mixin.py:149} INFO - [2023-06-22T16:13:06.705+0700] {dag.py:3486} INFO - Setting next_dagrun for example_trigger_target_dag to None, run_after=None
[2023-06-22T16:13:06.729+0700] {processor.py:179} INFO - Processing /Users/macbook/Documents/Documents_MacBook_Pro/ISTT/AirflowTutorial/envlibs/lib/python3.10/site-packages/airflow/example_dags/example_trigger_target_dag.py took 0.786 seconds
[2023-06-22T16:15:12.127+0700] {processor.py:157} INFO - Started process (PID=15401) to work on /Users/macbook/Documents/Documents_MacBook_Pro/ISTT/AirflowTutorial/envlibs/lib/python3.10/site-packages/airflow/example_dags/example_trigger_target_dag.py
[2023-06-22T16:15:12.129+0700] {processor.py:826} INFO - Processing file /Users/macbook/Documents/Documents_MacBook_Pro/ISTT/AirflowTutorial/envlibs/lib/python3.10/site-packages/airflow/example_dags/example_trigger_target_dag.py for tasks to queue
[2023-06-22T16:15:12.129+0700] {logging_mixin.py:149} INFO - [2023-06-22T16:15:12.129+0700] {dagbag.py:541} INFO - Filling up the DagBag from /Users/macbook/Documents/Documents_MacBook_Pro/ISTT/AirflowTutorial/envlibs/lib/python3.10/site-packages/airflow/example_dags/example_trigger_target_dag.py
[2023-06-22T16:15:12.183+0700] {processor.py:836} INFO - DAG(s) dict_keys(['example_trigger_target_dag']) retrieved from /Users/macbook/Documents/Documents_MacBook_Pro/ISTT/AirflowTutorial/envlibs/lib/python3.10/site-packages/airflow/example_dags/example_trigger_target_dag.py
[2023-06-22T16:15:12.982+0700] {logging_mixin.py:149} INFO - [2023-06-22T16:15:12.981+0700] {dag.py:2726} INFO - Sync 1 DAGs
[2023-06-22T16:15:13.001+0700] {logging_mixin.py:149} INFO - [2023-06-22T16:15:13.000+0700] {dag.py:3486} INFO - Setting next_dagrun for example_trigger_target_dag to None, run_after=None
[2023-06-22T16:15:13.026+0700] {processor.py:179} INFO - Processing /Users/macbook/Documents/Documents_MacBook_Pro/ISTT/AirflowTutorial/envlibs/lib/python3.10/site-packages/airflow/example_dags/example_trigger_target_dag.py took 0.899 seconds
[2023-06-22T16:17:19.349+0700] {processor.py:157} INFO - Started process (PID=15457) to work on /Users/macbook/Documents/Documents_MacBook_Pro/ISTT/AirflowTutorial/envlibs/lib/python3.10/site-packages/airflow/example_dags/example_trigger_target_dag.py
[2023-06-22T16:17:19.350+0700] {processor.py:826} INFO - Processing file /Users/macbook/Documents/Documents_MacBook_Pro/ISTT/AirflowTutorial/envlibs/lib/python3.10/site-packages/airflow/example_dags/example_trigger_target_dag.py for tasks to queue
[2023-06-22T16:17:19.351+0700] {logging_mixin.py:149} INFO - [2023-06-22T16:17:19.351+0700] {dagbag.py:541} INFO - Filling up the DagBag from /Users/macbook/Documents/Documents_MacBook_Pro/ISTT/AirflowTutorial/envlibs/lib/python3.10/site-packages/airflow/example_dags/example_trigger_target_dag.py
[2023-06-22T16:17:19.414+0700] {processor.py:836} INFO - DAG(s) dict_keys(['example_trigger_target_dag']) retrieved from /Users/macbook/Documents/Documents_MacBook_Pro/ISTT/AirflowTutorial/envlibs/lib/python3.10/site-packages/airflow/example_dags/example_trigger_target_dag.py
[2023-06-22T16:17:20.221+0700] {logging_mixin.py:149} INFO - [2023-06-22T16:17:20.221+0700] {dag.py:2726} INFO - Sync 1 DAGs
[2023-06-22T16:17:20.244+0700] {logging_mixin.py:149} INFO - [2023-06-22T16:17:20.244+0700] {dag.py:3486} INFO - Setting next_dagrun for example_trigger_target_dag to None, run_after=None
[2023-06-22T16:17:20.263+0700] {processor.py:179} INFO - Processing /Users/macbook/Documents/Documents_MacBook_Pro/ISTT/AirflowTutorial/envlibs/lib/python3.10/site-packages/airflow/example_dags/example_trigger_target_dag.py took 0.915 seconds
[2023-06-22T16:19:35.302+0700] {processor.py:157} INFO - Started process (PID=15560) to work on /Users/macbook/Documents/Documents_MacBook_Pro/ISTT/AirflowTutorial/envlibs/lib/python3.10/site-packages/airflow/example_dags/example_trigger_target_dag.py
[2023-06-22T16:19:35.303+0700] {processor.py:826} INFO - Processing file /Users/macbook/Documents/Documents_MacBook_Pro/ISTT/AirflowTutorial/envlibs/lib/python3.10/site-packages/airflow/example_dags/example_trigger_target_dag.py for tasks to queue
[2023-06-22T16:19:35.304+0700] {logging_mixin.py:149} INFO - [2023-06-22T16:19:35.304+0700] {dagbag.py:541} INFO - Filling up the DagBag from /Users/macbook/Documents/Documents_MacBook_Pro/ISTT/AirflowTutorial/envlibs/lib/python3.10/site-packages/airflow/example_dags/example_trigger_target_dag.py
[2023-06-22T16:19:35.370+0700] {processor.py:836} INFO - DAG(s) dict_keys(['example_trigger_target_dag']) retrieved from /Users/macbook/Documents/Documents_MacBook_Pro/ISTT/AirflowTutorial/envlibs/lib/python3.10/site-packages/airflow/example_dags/example_trigger_target_dag.py
[2023-06-22T16:19:36.131+0700] {logging_mixin.py:149} INFO - [2023-06-22T16:19:36.131+0700] {dag.py:2726} INFO - Sync 1 DAGs
[2023-06-22T16:19:36.152+0700] {logging_mixin.py:149} INFO - [2023-06-22T16:19:36.152+0700] {dag.py:3486} INFO - Setting next_dagrun for example_trigger_target_dag to None, run_after=None
[2023-06-22T16:19:36.172+0700] {processor.py:179} INFO - Processing /Users/macbook/Documents/Documents_MacBook_Pro/ISTT/AirflowTutorial/envlibs/lib/python3.10/site-packages/airflow/example_dags/example_trigger_target_dag.py took 0.871 seconds
[2023-06-22T16:21:48.276+0700] {processor.py:157} INFO - Started process (PID=15620) to work on /Users/macbook/Documents/Documents_MacBook_Pro/ISTT/AirflowTutorial/envlibs/lib/python3.10/site-packages/airflow/example_dags/example_trigger_target_dag.py
[2023-06-22T16:21:48.277+0700] {processor.py:826} INFO - Processing file /Users/macbook/Documents/Documents_MacBook_Pro/ISTT/AirflowTutorial/envlibs/lib/python3.10/site-packages/airflow/example_dags/example_trigger_target_dag.py for tasks to queue
[2023-06-22T16:21:48.277+0700] {logging_mixin.py:149} INFO - [2023-06-22T16:21:48.277+0700] {dagbag.py:541} INFO - Filling up the DagBag from /Users/macbook/Documents/Documents_MacBook_Pro/ISTT/AirflowTutorial/envlibs/lib/python3.10/site-packages/airflow/example_dags/example_trigger_target_dag.py
[2023-06-22T16:21:48.332+0700] {processor.py:836} INFO - DAG(s) dict_keys(['example_trigger_target_dag']) retrieved from /Users/macbook/Documents/Documents_MacBook_Pro/ISTT/AirflowTutorial/envlibs/lib/python3.10/site-packages/airflow/example_dags/example_trigger_target_dag.py
[2023-06-22T16:21:49.200+0700] {logging_mixin.py:149} INFO - [2023-06-22T16:21:49.200+0700] {dag.py:2726} INFO - Sync 1 DAGs
[2023-06-22T16:21:49.217+0700] {logging_mixin.py:149} INFO - [2023-06-22T16:21:49.217+0700] {dag.py:3486} INFO - Setting next_dagrun for example_trigger_target_dag to None, run_after=None
[2023-06-22T16:21:49.241+0700] {processor.py:179} INFO - Processing /Users/macbook/Documents/Documents_MacBook_Pro/ISTT/AirflowTutorial/envlibs/lib/python3.10/site-packages/airflow/example_dags/example_trigger_target_dag.py took 0.966 seconds
[2023-06-22T16:23:44.711+0700] {processor.py:157} INFO - Started process (PID=15672) to work on /Users/macbook/Documents/Documents_MacBook_Pro/ISTT/AirflowTutorial/envlibs/lib/python3.10/site-packages/airflow/example_dags/example_trigger_target_dag.py
[2023-06-22T16:23:44.713+0700] {processor.py:826} INFO - Processing file /Users/macbook/Documents/Documents_MacBook_Pro/ISTT/AirflowTutorial/envlibs/lib/python3.10/site-packages/airflow/example_dags/example_trigger_target_dag.py for tasks to queue
[2023-06-22T16:23:44.713+0700] {logging_mixin.py:149} INFO - [2023-06-22T16:23:44.713+0700] {dagbag.py:541} INFO - Filling up the DagBag from /Users/macbook/Documents/Documents_MacBook_Pro/ISTT/AirflowTutorial/envlibs/lib/python3.10/site-packages/airflow/example_dags/example_trigger_target_dag.py
[2023-06-22T16:23:44.767+0700] {processor.py:836} INFO - DAG(s) dict_keys(['example_trigger_target_dag']) retrieved from /Users/macbook/Documents/Documents_MacBook_Pro/ISTT/AirflowTutorial/envlibs/lib/python3.10/site-packages/airflow/example_dags/example_trigger_target_dag.py
[2023-06-22T16:23:45.572+0700] {logging_mixin.py:149} INFO - [2023-06-22T16:23:45.572+0700] {dag.py:2726} INFO - Sync 1 DAGs
[2023-06-22T16:23:45.589+0700] {logging_mixin.py:149} INFO - [2023-06-22T16:23:45.589+0700] {dag.py:3486} INFO - Setting next_dagrun for example_trigger_target_dag to None, run_after=None
[2023-06-22T16:23:45.609+0700] {processor.py:179} INFO - Processing /Users/macbook/Documents/Documents_MacBook_Pro/ISTT/AirflowTutorial/envlibs/lib/python3.10/site-packages/airflow/example_dags/example_trigger_target_dag.py took 0.899 seconds
[2023-06-22T16:25:38.630+0700] {processor.py:157} INFO - Started process (PID=15735) to work on /Users/macbook/Documents/Documents_MacBook_Pro/ISTT/AirflowTutorial/envlibs/lib/python3.10/site-packages/airflow/example_dags/example_trigger_target_dag.py
[2023-06-22T16:25:38.631+0700] {processor.py:826} INFO - Processing file /Users/macbook/Documents/Documents_MacBook_Pro/ISTT/AirflowTutorial/envlibs/lib/python3.10/site-packages/airflow/example_dags/example_trigger_target_dag.py for tasks to queue
[2023-06-22T16:25:38.632+0700] {logging_mixin.py:149} INFO - [2023-06-22T16:25:38.632+0700] {dagbag.py:541} INFO - Filling up the DagBag from /Users/macbook/Documents/Documents_MacBook_Pro/ISTT/AirflowTutorial/envlibs/lib/python3.10/site-packages/airflow/example_dags/example_trigger_target_dag.py
[2023-06-22T16:25:38.723+0700] {processor.py:836} INFO - DAG(s) dict_keys(['example_trigger_target_dag']) retrieved from /Users/macbook/Documents/Documents_MacBook_Pro/ISTT/AirflowTutorial/envlibs/lib/python3.10/site-packages/airflow/example_dags/example_trigger_target_dag.py
[2023-06-22T16:25:39.950+0700] {logging_mixin.py:149} INFO - [2023-06-22T16:25:39.950+0700] {dag.py:2726} INFO - Sync 1 DAGs
[2023-06-22T16:25:39.978+0700] {logging_mixin.py:149} INFO - [2023-06-22T16:25:39.978+0700] {dag.py:3486} INFO - Setting next_dagrun for example_trigger_target_dag to None, run_after=None
[2023-06-22T16:25:40.011+0700] {processor.py:179} INFO - Processing /Users/macbook/Documents/Documents_MacBook_Pro/ISTT/AirflowTutorial/envlibs/lib/python3.10/site-packages/airflow/example_dags/example_trigger_target_dag.py took 1.382 seconds
[2023-06-22T16:27:40.504+0700] {processor.py:157} INFO - Started process (PID=15831) to work on /Users/macbook/Documents/Documents_MacBook_Pro/ISTT/AirflowTutorial/envlibs/lib/python3.10/site-packages/airflow/example_dags/example_trigger_target_dag.py
[2023-06-22T16:27:40.505+0700] {processor.py:826} INFO - Processing file /Users/macbook/Documents/Documents_MacBook_Pro/ISTT/AirflowTutorial/envlibs/lib/python3.10/site-packages/airflow/example_dags/example_trigger_target_dag.py for tasks to queue
[2023-06-22T16:27:40.505+0700] {logging_mixin.py:149} INFO - [2023-06-22T16:27:40.505+0700] {dagbag.py:541} INFO - Filling up the DagBag from /Users/macbook/Documents/Documents_MacBook_Pro/ISTT/AirflowTutorial/envlibs/lib/python3.10/site-packages/airflow/example_dags/example_trigger_target_dag.py
[2023-06-22T16:27:40.552+0700] {processor.py:836} INFO - DAG(s) dict_keys(['example_trigger_target_dag']) retrieved from /Users/macbook/Documents/Documents_MacBook_Pro/ISTT/AirflowTutorial/envlibs/lib/python3.10/site-packages/airflow/example_dags/example_trigger_target_dag.py
[2023-06-22T16:27:41.247+0700] {logging_mixin.py:149} INFO - [2023-06-22T16:27:41.247+0700] {dag.py:2726} INFO - Sync 1 DAGs
[2023-06-22T16:27:41.261+0700] {logging_mixin.py:149} INFO - [2023-06-22T16:27:41.261+0700] {dag.py:3486} INFO - Setting next_dagrun for example_trigger_target_dag to None, run_after=None
[2023-06-22T16:27:41.279+0700] {processor.py:179} INFO - Processing /Users/macbook/Documents/Documents_MacBook_Pro/ISTT/AirflowTutorial/envlibs/lib/python3.10/site-packages/airflow/example_dags/example_trigger_target_dag.py took 0.775 seconds
