[2023-06-22T14:28:08.505+0700] {processor.py:157} INFO - Started process (PID=11887) to work on /Users/macbook/Documents/Documents_MacBook_Pro/ISTT/AirflowTutorial/envlibs/lib/python3.10/site-packages/airflow/example_dags/example_params_ui_tutorial.py
[2023-06-22T14:28:08.505+0700] {processor.py:826} INFO - Processing file /Users/macbook/Documents/Documents_MacBook_Pro/ISTT/AirflowTutorial/envlibs/lib/python3.10/site-packages/airflow/example_dags/example_params_ui_tutorial.py for tasks to queue
[2023-06-22T14:28:08.506+0700] {logging_mixin.py:149} INFO - [2023-06-22T14:28:08.506+0700] {dagbag.py:541} INFO - Filling up the DagBag from /Users/macbook/Documents/Documents_MacBook_Pro/ISTT/AirflowTutorial/envlibs/lib/python3.10/site-packages/airflow/example_dags/example_params_ui_tutorial.py
[2023-06-22T14:28:08.599+0700] {processor.py:836} INFO - DAG(s) dict_keys(['example_params_ui_tutorial']) retrieved from /Users/macbook/Documents/Documents_MacBook_Pro/ISTT/AirflowTutorial/envlibs/lib/python3.10/site-packages/airflow/example_dags/example_params_ui_tutorial.py
[2023-06-22T14:28:09.353+0700] {logging_mixin.py:149} INFO - [2023-06-22T14:28:09.353+0700] {dag.py:2726} INFO - Sync 1 DAGs
[2023-06-22T14:28:09.368+0700] {logging_mixin.py:149} INFO - [2023-06-22T14:28:09.368+0700] {dag.py:3486} INFO - Setting next_dagrun for example_params_ui_tutorial to None, run_after=None
[2023-06-22T14:28:09.385+0700] {processor.py:179} INFO - Processing /Users/macbook/Documents/Documents_MacBook_Pro/ISTT/AirflowTutorial/envlibs/lib/python3.10/site-packages/airflow/example_dags/example_params_ui_tutorial.py took 0.881 seconds
[2023-06-22T14:30:38.646+0700] {processor.py:157} INFO - Started process (PID=11962) to work on /Users/macbook/Documents/Documents_MacBook_Pro/ISTT/AirflowTutorial/envlibs/lib/python3.10/site-packages/airflow/example_dags/example_params_ui_tutorial.py
[2023-06-22T14:30:38.646+0700] {processor.py:826} INFO - Processing file /Users/macbook/Documents/Documents_MacBook_Pro/ISTT/AirflowTutorial/envlibs/lib/python3.10/site-packages/airflow/example_dags/example_params_ui_tutorial.py for tasks to queue
[2023-06-22T14:30:38.647+0700] {logging_mixin.py:149} INFO - [2023-06-22T14:30:38.647+0700] {dagbag.py:541} INFO - Filling up the DagBag from /Users/macbook/Documents/Documents_MacBook_Pro/ISTT/AirflowTutorial/envlibs/lib/python3.10/site-packages/airflow/example_dags/example_params_ui_tutorial.py
[2023-06-22T14:30:38.739+0700] {processor.py:836} INFO - DAG(s) dict_keys(['example_params_ui_tutorial']) retrieved from /Users/macbook/Documents/Documents_MacBook_Pro/ISTT/AirflowTutorial/envlibs/lib/python3.10/site-packages/airflow/example_dags/example_params_ui_tutorial.py
[2023-06-22T14:30:39.516+0700] {logging_mixin.py:149} INFO - [2023-06-22T14:30:39.516+0700] {dag.py:2726} INFO - Sync 1 DAGs
[2023-06-22T14:30:39.531+0700] {logging_mixin.py:149} INFO - [2023-06-22T14:30:39.531+0700] {dag.py:3486} INFO - Setting next_dagrun for example_params_ui_tutorial to None, run_after=None
[2023-06-22T14:30:39.546+0700] {processor.py:179} INFO - Processing /Users/macbook/Documents/Documents_MacBook_Pro/ISTT/AirflowTutorial/envlibs/lib/python3.10/site-packages/airflow/example_dags/example_params_ui_tutorial.py took 0.901 seconds
[2023-06-22T14:32:58.177+0700] {processor.py:157} INFO - Started process (PID=12080) to work on /Users/macbook/Documents/Documents_MacBook_Pro/ISTT/AirflowTutorial/envlibs/lib/python3.10/site-packages/airflow/example_dags/example_params_ui_tutorial.py
[2023-06-22T14:32:58.178+0700] {processor.py:826} INFO - Processing file /Users/macbook/Documents/Documents_MacBook_Pro/ISTT/AirflowTutorial/envlibs/lib/python3.10/site-packages/airflow/example_dags/example_params_ui_tutorial.py for tasks to queue
[2023-06-22T14:32:58.179+0700] {logging_mixin.py:149} INFO - [2023-06-22T14:32:58.178+0700] {dagbag.py:541} INFO - Filling up the DagBag from /Users/macbook/Documents/Documents_MacBook_Pro/ISTT/AirflowTutorial/envlibs/lib/python3.10/site-packages/airflow/example_dags/example_params_ui_tutorial.py
[2023-06-22T14:32:58.320+0700] {processor.py:836} INFO - DAG(s) dict_keys(['example_params_ui_tutorial']) retrieved from /Users/macbook/Documents/Documents_MacBook_Pro/ISTT/AirflowTutorial/envlibs/lib/python3.10/site-packages/airflow/example_dags/example_params_ui_tutorial.py
[2023-06-22T14:32:59.304+0700] {logging_mixin.py:149} INFO - [2023-06-22T14:32:59.304+0700] {dag.py:2726} INFO - Sync 1 DAGs
[2023-06-22T14:32:59.329+0700] {logging_mixin.py:149} INFO - [2023-06-22T14:32:59.329+0700] {dag.py:3486} INFO - Setting next_dagrun for example_params_ui_tutorial to None, run_after=None
[2023-06-22T14:32:59.354+0700] {processor.py:179} INFO - Processing /Users/macbook/Documents/Documents_MacBook_Pro/ISTT/AirflowTutorial/envlibs/lib/python3.10/site-packages/airflow/example_dags/example_params_ui_tutorial.py took 1.177 seconds
[2023-06-22T14:35:27.201+0700] {processor.py:157} INFO - Started process (PID=12216) to work on /Users/macbook/Documents/Documents_MacBook_Pro/ISTT/AirflowTutorial/envlibs/lib/python3.10/site-packages/airflow/example_dags/example_params_ui_tutorial.py
[2023-06-22T14:35:27.203+0700] {processor.py:826} INFO - Processing file /Users/macbook/Documents/Documents_MacBook_Pro/ISTT/AirflowTutorial/envlibs/lib/python3.10/site-packages/airflow/example_dags/example_params_ui_tutorial.py for tasks to queue
[2023-06-22T14:35:27.203+0700] {logging_mixin.py:149} INFO - [2023-06-22T14:35:27.203+0700] {dagbag.py:541} INFO - Filling up the DagBag from /Users/macbook/Documents/Documents_MacBook_Pro/ISTT/AirflowTutorial/envlibs/lib/python3.10/site-packages/airflow/example_dags/example_params_ui_tutorial.py
[2023-06-22T14:35:27.358+0700] {processor.py:836} INFO - DAG(s) dict_keys(['example_params_ui_tutorial']) retrieved from /Users/macbook/Documents/Documents_MacBook_Pro/ISTT/AirflowTutorial/envlibs/lib/python3.10/site-packages/airflow/example_dags/example_params_ui_tutorial.py
[2023-06-22T14:35:28.206+0700] {logging_mixin.py:149} INFO - [2023-06-22T14:35:28.205+0700] {dag.py:2726} INFO - Sync 1 DAGs
[2023-06-22T14:35:28.232+0700] {logging_mixin.py:149} INFO - [2023-06-22T14:35:28.232+0700] {dag.py:3486} INFO - Setting next_dagrun for example_params_ui_tutorial to None, run_after=None
[2023-06-22T14:35:28.261+0700] {processor.py:179} INFO - Processing /Users/macbook/Documents/Documents_MacBook_Pro/ISTT/AirflowTutorial/envlibs/lib/python3.10/site-packages/airflow/example_dags/example_params_ui_tutorial.py took 1.061 seconds
[2023-06-22T14:38:17.912+0700] {processor.py:157} INFO - Started process (PID=12357) to work on /Users/macbook/Documents/Documents_MacBook_Pro/ISTT/AirflowTutorial/envlibs/lib/python3.10/site-packages/airflow/example_dags/example_params_ui_tutorial.py
[2023-06-22T14:38:17.913+0700] {processor.py:826} INFO - Processing file /Users/macbook/Documents/Documents_MacBook_Pro/ISTT/AirflowTutorial/envlibs/lib/python3.10/site-packages/airflow/example_dags/example_params_ui_tutorial.py for tasks to queue
[2023-06-22T14:38:17.914+0700] {logging_mixin.py:149} INFO - [2023-06-22T14:38:17.913+0700] {dagbag.py:541} INFO - Filling up the DagBag from /Users/macbook/Documents/Documents_MacBook_Pro/ISTT/AirflowTutorial/envlibs/lib/python3.10/site-packages/airflow/example_dags/example_params_ui_tutorial.py
[2023-06-22T14:38:18.015+0700] {processor.py:836} INFO - DAG(s) dict_keys(['example_params_ui_tutorial']) retrieved from /Users/macbook/Documents/Documents_MacBook_Pro/ISTT/AirflowTutorial/envlibs/lib/python3.10/site-packages/airflow/example_dags/example_params_ui_tutorial.py
[2023-06-22T14:38:18.986+0700] {logging_mixin.py:149} INFO - [2023-06-22T14:38:18.986+0700] {dag.py:2726} INFO - Sync 1 DAGs
[2023-06-22T14:38:18.995+0700] {logging_mixin.py:149} INFO - [2023-06-22T14:38:18.995+0700] {dag.py:2747} INFO - Creating ORM DAG for example_params_ui_tutorial
[2023-06-22T14:38:19.003+0700] {logging_mixin.py:149} INFO - [2023-06-22T14:38:19.003+0700] {dag.py:3486} INFO - Setting next_dagrun for example_params_ui_tutorial to None, run_after=None
[2023-06-22T14:38:19.023+0700] {processor.py:179} INFO - Processing /Users/macbook/Documents/Documents_MacBook_Pro/ISTT/AirflowTutorial/envlibs/lib/python3.10/site-packages/airflow/example_dags/example_params_ui_tutorial.py took 1.112 seconds
[2023-06-22T14:40:40.649+0700] {processor.py:157} INFO - Started process (PID=12474) to work on /Users/macbook/Documents/Documents_MacBook_Pro/ISTT/AirflowTutorial/envlibs/lib/python3.10/site-packages/airflow/example_dags/example_params_ui_tutorial.py
[2023-06-22T14:40:40.650+0700] {processor.py:826} INFO - Processing file /Users/macbook/Documents/Documents_MacBook_Pro/ISTT/AirflowTutorial/envlibs/lib/python3.10/site-packages/airflow/example_dags/example_params_ui_tutorial.py for tasks to queue
[2023-06-22T14:40:40.651+0700] {logging_mixin.py:149} INFO - [2023-06-22T14:40:40.651+0700] {dagbag.py:541} INFO - Filling up the DagBag from /Users/macbook/Documents/Documents_MacBook_Pro/ISTT/AirflowTutorial/envlibs/lib/python3.10/site-packages/airflow/example_dags/example_params_ui_tutorial.py
[2023-06-22T14:40:40.773+0700] {processor.py:836} INFO - DAG(s) dict_keys(['example_params_ui_tutorial']) retrieved from /Users/macbook/Documents/Documents_MacBook_Pro/ISTT/AirflowTutorial/envlibs/lib/python3.10/site-packages/airflow/example_dags/example_params_ui_tutorial.py
[2023-06-22T14:40:41.623+0700] {logging_mixin.py:149} INFO - [2023-06-22T14:40:41.622+0700] {dag.py:2726} INFO - Sync 1 DAGs
[2023-06-22T14:40:41.646+0700] {logging_mixin.py:149} INFO - [2023-06-22T14:40:41.646+0700] {dag.py:3486} INFO - Setting next_dagrun for example_params_ui_tutorial to None, run_after=None
[2023-06-22T14:40:41.671+0700] {processor.py:179} INFO - Processing /Users/macbook/Documents/Documents_MacBook_Pro/ISTT/AirflowTutorial/envlibs/lib/python3.10/site-packages/airflow/example_dags/example_params_ui_tutorial.py took 1.023 seconds
[2023-06-22T14:42:48.393+0700] {processor.py:157} INFO - Started process (PID=12538) to work on /Users/macbook/Documents/Documents_MacBook_Pro/ISTT/AirflowTutorial/envlibs/lib/python3.10/site-packages/airflow/example_dags/example_params_ui_tutorial.py
[2023-06-22T14:42:48.395+0700] {processor.py:826} INFO - Processing file /Users/macbook/Documents/Documents_MacBook_Pro/ISTT/AirflowTutorial/envlibs/lib/python3.10/site-packages/airflow/example_dags/example_params_ui_tutorial.py for tasks to queue
[2023-06-22T14:42:48.396+0700] {logging_mixin.py:149} INFO - [2023-06-22T14:42:48.396+0700] {dagbag.py:541} INFO - Filling up the DagBag from /Users/macbook/Documents/Documents_MacBook_Pro/ISTT/AirflowTutorial/envlibs/lib/python3.10/site-packages/airflow/example_dags/example_params_ui_tutorial.py
[2023-06-22T14:42:48.525+0700] {processor.py:836} INFO - DAG(s) dict_keys(['example_params_ui_tutorial']) retrieved from /Users/macbook/Documents/Documents_MacBook_Pro/ISTT/AirflowTutorial/envlibs/lib/python3.10/site-packages/airflow/example_dags/example_params_ui_tutorial.py
[2023-06-22T14:42:49.394+0700] {logging_mixin.py:149} INFO - [2023-06-22T14:42:49.393+0700] {dag.py:2726} INFO - Sync 1 DAGs
[2023-06-22T14:42:49.412+0700] {logging_mixin.py:149} INFO - [2023-06-22T14:42:49.412+0700] {dag.py:3486} INFO - Setting next_dagrun for example_params_ui_tutorial to None, run_after=None
[2023-06-22T14:42:49.433+0700] {processor.py:179} INFO - Processing /Users/macbook/Documents/Documents_MacBook_Pro/ISTT/AirflowTutorial/envlibs/lib/python3.10/site-packages/airflow/example_dags/example_params_ui_tutorial.py took 1.041 seconds
[2023-06-22T14:44:56.165+0700] {processor.py:157} INFO - Started process (PID=12594) to work on /Users/macbook/Documents/Documents_MacBook_Pro/ISTT/AirflowTutorial/envlibs/lib/python3.10/site-packages/airflow/example_dags/example_params_ui_tutorial.py
[2023-06-22T14:44:56.166+0700] {processor.py:826} INFO - Processing file /Users/macbook/Documents/Documents_MacBook_Pro/ISTT/AirflowTutorial/envlibs/lib/python3.10/site-packages/airflow/example_dags/example_params_ui_tutorial.py for tasks to queue
[2023-06-22T14:44:56.167+0700] {logging_mixin.py:149} INFO - [2023-06-22T14:44:56.167+0700] {dagbag.py:541} INFO - Filling up the DagBag from /Users/macbook/Documents/Documents_MacBook_Pro/ISTT/AirflowTutorial/envlibs/lib/python3.10/site-packages/airflow/example_dags/example_params_ui_tutorial.py
[2023-06-22T14:44:56.282+0700] {processor.py:836} INFO - DAG(s) dict_keys(['example_params_ui_tutorial']) retrieved from /Users/macbook/Documents/Documents_MacBook_Pro/ISTT/AirflowTutorial/envlibs/lib/python3.10/site-packages/airflow/example_dags/example_params_ui_tutorial.py
[2023-06-22T14:44:57.052+0700] {logging_mixin.py:149} INFO - [2023-06-22T14:44:57.052+0700] {dag.py:2726} INFO - Sync 1 DAGs
[2023-06-22T14:44:57.069+0700] {logging_mixin.py:149} INFO - [2023-06-22T14:44:57.069+0700] {dag.py:3486} INFO - Setting next_dagrun for example_params_ui_tutorial to None, run_after=None
[2023-06-22T14:44:57.087+0700] {processor.py:179} INFO - Processing /Users/macbook/Documents/Documents_MacBook_Pro/ISTT/AirflowTutorial/envlibs/lib/python3.10/site-packages/airflow/example_dags/example_params_ui_tutorial.py took 0.922 seconds
[2023-06-22T14:47:00.173+0700] {processor.py:157} INFO - Started process (PID=12649) to work on /Users/macbook/Documents/Documents_MacBook_Pro/ISTT/AirflowTutorial/envlibs/lib/python3.10/site-packages/airflow/example_dags/example_params_ui_tutorial.py
[2023-06-22T14:47:00.174+0700] {processor.py:826} INFO - Processing file /Users/macbook/Documents/Documents_MacBook_Pro/ISTT/AirflowTutorial/envlibs/lib/python3.10/site-packages/airflow/example_dags/example_params_ui_tutorial.py for tasks to queue
[2023-06-22T14:47:00.175+0700] {logging_mixin.py:149} INFO - [2023-06-22T14:47:00.175+0700] {dagbag.py:541} INFO - Filling up the DagBag from /Users/macbook/Documents/Documents_MacBook_Pro/ISTT/AirflowTutorial/envlibs/lib/python3.10/site-packages/airflow/example_dags/example_params_ui_tutorial.py
[2023-06-22T14:47:00.303+0700] {processor.py:836} INFO - DAG(s) dict_keys(['example_params_ui_tutorial']) retrieved from /Users/macbook/Documents/Documents_MacBook_Pro/ISTT/AirflowTutorial/envlibs/lib/python3.10/site-packages/airflow/example_dags/example_params_ui_tutorial.py
[2023-06-22T14:47:01.175+0700] {logging_mixin.py:149} INFO - [2023-06-22T14:47:01.174+0700] {dag.py:2726} INFO - Sync 1 DAGs
[2023-06-22T14:47:01.198+0700] {logging_mixin.py:149} INFO - [2023-06-22T14:47:01.198+0700] {dag.py:3486} INFO - Setting next_dagrun for example_params_ui_tutorial to None, run_after=None
[2023-06-22T14:47:01.223+0700] {processor.py:179} INFO - Processing /Users/macbook/Documents/Documents_MacBook_Pro/ISTT/AirflowTutorial/envlibs/lib/python3.10/site-packages/airflow/example_dags/example_params_ui_tutorial.py took 1.050 seconds
[2023-06-22T14:49:08.305+0700] {processor.py:157} INFO - Started process (PID=12715) to work on /Users/macbook/Documents/Documents_MacBook_Pro/ISTT/AirflowTutorial/envlibs/lib/python3.10/site-packages/airflow/example_dags/example_params_ui_tutorial.py
[2023-06-22T14:49:08.306+0700] {processor.py:826} INFO - Processing file /Users/macbook/Documents/Documents_MacBook_Pro/ISTT/AirflowTutorial/envlibs/lib/python3.10/site-packages/airflow/example_dags/example_params_ui_tutorial.py for tasks to queue
[2023-06-22T14:49:08.307+0700] {logging_mixin.py:149} INFO - [2023-06-22T14:49:08.307+0700] {dagbag.py:541} INFO - Filling up the DagBag from /Users/macbook/Documents/Documents_MacBook_Pro/ISTT/AirflowTutorial/envlibs/lib/python3.10/site-packages/airflow/example_dags/example_params_ui_tutorial.py
[2023-06-22T14:49:08.408+0700] {processor.py:836} INFO - DAG(s) dict_keys(['example_params_ui_tutorial']) retrieved from /Users/macbook/Documents/Documents_MacBook_Pro/ISTT/AirflowTutorial/envlibs/lib/python3.10/site-packages/airflow/example_dags/example_params_ui_tutorial.py
[2023-06-22T14:49:09.155+0700] {logging_mixin.py:149} INFO - [2023-06-22T14:49:09.154+0700] {dag.py:2726} INFO - Sync 1 DAGs
[2023-06-22T14:49:09.173+0700] {logging_mixin.py:149} INFO - [2023-06-22T14:49:09.173+0700] {dag.py:3486} INFO - Setting next_dagrun for example_params_ui_tutorial to None, run_after=None
[2023-06-22T14:49:09.192+0700] {processor.py:179} INFO - Processing /Users/macbook/Documents/Documents_MacBook_Pro/ISTT/AirflowTutorial/envlibs/lib/python3.10/site-packages/airflow/example_dags/example_params_ui_tutorial.py took 0.888 seconds
[2023-06-22T14:51:12.560+0700] {processor.py:157} INFO - Started process (PID=12771) to work on /Users/macbook/Documents/Documents_MacBook_Pro/ISTT/AirflowTutorial/envlibs/lib/python3.10/site-packages/airflow/example_dags/example_params_ui_tutorial.py
[2023-06-22T14:51:12.561+0700] {processor.py:826} INFO - Processing file /Users/macbook/Documents/Documents_MacBook_Pro/ISTT/AirflowTutorial/envlibs/lib/python3.10/site-packages/airflow/example_dags/example_params_ui_tutorial.py for tasks to queue
[2023-06-22T14:51:12.561+0700] {logging_mixin.py:149} INFO - [2023-06-22T14:51:12.561+0700] {dagbag.py:541} INFO - Filling up the DagBag from /Users/macbook/Documents/Documents_MacBook_Pro/ISTT/AirflowTutorial/envlibs/lib/python3.10/site-packages/airflow/example_dags/example_params_ui_tutorial.py
[2023-06-22T14:51:12.660+0700] {processor.py:836} INFO - DAG(s) dict_keys(['example_params_ui_tutorial']) retrieved from /Users/macbook/Documents/Documents_MacBook_Pro/ISTT/AirflowTutorial/envlibs/lib/python3.10/site-packages/airflow/example_dags/example_params_ui_tutorial.py
[2023-06-22T14:51:13.450+0700] {logging_mixin.py:149} INFO - [2023-06-22T14:51:13.450+0700] {dag.py:2726} INFO - Sync 1 DAGs
[2023-06-22T14:51:13.466+0700] {logging_mixin.py:149} INFO - [2023-06-22T14:51:13.466+0700] {dag.py:3486} INFO - Setting next_dagrun for example_params_ui_tutorial to None, run_after=None
[2023-06-22T14:51:13.484+0700] {processor.py:179} INFO - Processing /Users/macbook/Documents/Documents_MacBook_Pro/ISTT/AirflowTutorial/envlibs/lib/python3.10/site-packages/airflow/example_dags/example_params_ui_tutorial.py took 0.925 seconds
[2023-06-22T14:53:14.562+0700] {processor.py:157} INFO - Started process (PID=12828) to work on /Users/macbook/Documents/Documents_MacBook_Pro/ISTT/AirflowTutorial/envlibs/lib/python3.10/site-packages/airflow/example_dags/example_params_ui_tutorial.py
[2023-06-22T14:53:14.563+0700] {processor.py:826} INFO - Processing file /Users/macbook/Documents/Documents_MacBook_Pro/ISTT/AirflowTutorial/envlibs/lib/python3.10/site-packages/airflow/example_dags/example_params_ui_tutorial.py for tasks to queue
[2023-06-22T14:53:14.564+0700] {logging_mixin.py:149} INFO - [2023-06-22T14:53:14.564+0700] {dagbag.py:541} INFO - Filling up the DagBag from /Users/macbook/Documents/Documents_MacBook_Pro/ISTT/AirflowTutorial/envlibs/lib/python3.10/site-packages/airflow/example_dags/example_params_ui_tutorial.py
[2023-06-22T14:53:14.675+0700] {processor.py:836} INFO - DAG(s) dict_keys(['example_params_ui_tutorial']) retrieved from /Users/macbook/Documents/Documents_MacBook_Pro/ISTT/AirflowTutorial/envlibs/lib/python3.10/site-packages/airflow/example_dags/example_params_ui_tutorial.py
[2023-06-22T14:53:15.480+0700] {logging_mixin.py:149} INFO - [2023-06-22T14:53:15.480+0700] {dag.py:2726} INFO - Sync 1 DAGs
[2023-06-22T14:53:15.497+0700] {logging_mixin.py:149} INFO - [2023-06-22T14:53:15.497+0700] {dag.py:3486} INFO - Setting next_dagrun for example_params_ui_tutorial to None, run_after=None
[2023-06-22T14:53:15.514+0700] {processor.py:179} INFO - Processing /Users/macbook/Documents/Documents_MacBook_Pro/ISTT/AirflowTutorial/envlibs/lib/python3.10/site-packages/airflow/example_dags/example_params_ui_tutorial.py took 0.952 seconds
[2023-06-22T14:55:10.751+0700] {processor.py:157} INFO - Started process (PID=12880) to work on /Users/macbook/Documents/Documents_MacBook_Pro/ISTT/AirflowTutorial/envlibs/lib/python3.10/site-packages/airflow/example_dags/example_params_ui_tutorial.py
[2023-06-22T14:55:10.752+0700] {processor.py:826} INFO - Processing file /Users/macbook/Documents/Documents_MacBook_Pro/ISTT/AirflowTutorial/envlibs/lib/python3.10/site-packages/airflow/example_dags/example_params_ui_tutorial.py for tasks to queue
[2023-06-22T14:55:10.753+0700] {logging_mixin.py:149} INFO - [2023-06-22T14:55:10.753+0700] {dagbag.py:541} INFO - Filling up the DagBag from /Users/macbook/Documents/Documents_MacBook_Pro/ISTT/AirflowTutorial/envlibs/lib/python3.10/site-packages/airflow/example_dags/example_params_ui_tutorial.py
[2023-06-22T14:55:10.843+0700] {processor.py:836} INFO - DAG(s) dict_keys(['example_params_ui_tutorial']) retrieved from /Users/macbook/Documents/Documents_MacBook_Pro/ISTT/AirflowTutorial/envlibs/lib/python3.10/site-packages/airflow/example_dags/example_params_ui_tutorial.py
[2023-06-22T14:55:11.551+0700] {logging_mixin.py:149} INFO - [2023-06-22T14:55:11.551+0700] {dag.py:2726} INFO - Sync 1 DAGs
[2023-06-22T14:55:11.566+0700] {logging_mixin.py:149} INFO - [2023-06-22T14:55:11.566+0700] {dag.py:3486} INFO - Setting next_dagrun for example_params_ui_tutorial to None, run_after=None
[2023-06-22T14:55:11.582+0700] {processor.py:179} INFO - Processing /Users/macbook/Documents/Documents_MacBook_Pro/ISTT/AirflowTutorial/envlibs/lib/python3.10/site-packages/airflow/example_dags/example_params_ui_tutorial.py took 0.832 seconds
[2023-06-22T14:57:07.896+0700] {processor.py:157} INFO - Started process (PID=12932) to work on /Users/macbook/Documents/Documents_MacBook_Pro/ISTT/AirflowTutorial/envlibs/lib/python3.10/site-packages/airflow/example_dags/example_params_ui_tutorial.py
[2023-06-22T14:57:07.898+0700] {processor.py:826} INFO - Processing file /Users/macbook/Documents/Documents_MacBook_Pro/ISTT/AirflowTutorial/envlibs/lib/python3.10/site-packages/airflow/example_dags/example_params_ui_tutorial.py for tasks to queue
[2023-06-22T14:57:07.898+0700] {logging_mixin.py:149} INFO - [2023-06-22T14:57:07.898+0700] {dagbag.py:541} INFO - Filling up the DagBag from /Users/macbook/Documents/Documents_MacBook_Pro/ISTT/AirflowTutorial/envlibs/lib/python3.10/site-packages/airflow/example_dags/example_params_ui_tutorial.py
[2023-06-22T14:57:08.008+0700] {processor.py:836} INFO - DAG(s) dict_keys(['example_params_ui_tutorial']) retrieved from /Users/macbook/Documents/Documents_MacBook_Pro/ISTT/AirflowTutorial/envlibs/lib/python3.10/site-packages/airflow/example_dags/example_params_ui_tutorial.py
[2023-06-22T14:57:08.834+0700] {logging_mixin.py:149} INFO - [2023-06-22T14:57:08.834+0700] {dag.py:2726} INFO - Sync 1 DAGs
[2023-06-22T14:57:08.851+0700] {logging_mixin.py:149} INFO - [2023-06-22T14:57:08.851+0700] {dag.py:3486} INFO - Setting next_dagrun for example_params_ui_tutorial to None, run_after=None
[2023-06-22T14:57:08.868+0700] {processor.py:179} INFO - Processing /Users/macbook/Documents/Documents_MacBook_Pro/ISTT/AirflowTutorial/envlibs/lib/python3.10/site-packages/airflow/example_dags/example_params_ui_tutorial.py took 0.972 seconds
[2023-06-22T14:59:09.910+0700] {processor.py:157} INFO - Started process (PID=12984) to work on /Users/macbook/Documents/Documents_MacBook_Pro/ISTT/AirflowTutorial/envlibs/lib/python3.10/site-packages/airflow/example_dags/example_params_ui_tutorial.py
[2023-06-22T14:59:09.912+0700] {processor.py:826} INFO - Processing file /Users/macbook/Documents/Documents_MacBook_Pro/ISTT/AirflowTutorial/envlibs/lib/python3.10/site-packages/airflow/example_dags/example_params_ui_tutorial.py for tasks to queue
[2023-06-22T14:59:09.912+0700] {logging_mixin.py:149} INFO - [2023-06-22T14:59:09.912+0700] {dagbag.py:541} INFO - Filling up the DagBag from /Users/macbook/Documents/Documents_MacBook_Pro/ISTT/AirflowTutorial/envlibs/lib/python3.10/site-packages/airflow/example_dags/example_params_ui_tutorial.py
[2023-06-22T14:59:10.034+0700] {processor.py:836} INFO - DAG(s) dict_keys(['example_params_ui_tutorial']) retrieved from /Users/macbook/Documents/Documents_MacBook_Pro/ISTT/AirflowTutorial/envlibs/lib/python3.10/site-packages/airflow/example_dags/example_params_ui_tutorial.py
[2023-06-22T14:59:10.750+0700] {logging_mixin.py:149} INFO - [2023-06-22T14:59:10.750+0700] {dag.py:2726} INFO - Sync 1 DAGs
[2023-06-22T14:59:10.766+0700] {logging_mixin.py:149} INFO - [2023-06-22T14:59:10.766+0700] {dag.py:3486} INFO - Setting next_dagrun for example_params_ui_tutorial to None, run_after=None
[2023-06-22T14:59:10.784+0700] {processor.py:179} INFO - Processing /Users/macbook/Documents/Documents_MacBook_Pro/ISTT/AirflowTutorial/envlibs/lib/python3.10/site-packages/airflow/example_dags/example_params_ui_tutorial.py took 0.875 seconds
[2023-06-22T15:01:12.848+0700] {processor.py:157} INFO - Started process (PID=13041) to work on /Users/macbook/Documents/Documents_MacBook_Pro/ISTT/AirflowTutorial/envlibs/lib/python3.10/site-packages/airflow/example_dags/example_params_ui_tutorial.py
[2023-06-22T15:01:12.849+0700] {processor.py:826} INFO - Processing file /Users/macbook/Documents/Documents_MacBook_Pro/ISTT/AirflowTutorial/envlibs/lib/python3.10/site-packages/airflow/example_dags/example_params_ui_tutorial.py for tasks to queue
[2023-06-22T15:01:12.850+0700] {logging_mixin.py:149} INFO - [2023-06-22T15:01:12.850+0700] {dagbag.py:541} INFO - Filling up the DagBag from /Users/macbook/Documents/Documents_MacBook_Pro/ISTT/AirflowTutorial/envlibs/lib/python3.10/site-packages/airflow/example_dags/example_params_ui_tutorial.py
[2023-06-22T15:01:12.972+0700] {processor.py:836} INFO - DAG(s) dict_keys(['example_params_ui_tutorial']) retrieved from /Users/macbook/Documents/Documents_MacBook_Pro/ISTT/AirflowTutorial/envlibs/lib/python3.10/site-packages/airflow/example_dags/example_params_ui_tutorial.py
[2023-06-22T15:01:13.792+0700] {logging_mixin.py:149} INFO - [2023-06-22T15:01:13.791+0700] {dag.py:2726} INFO - Sync 1 DAGs
[2023-06-22T15:01:13.812+0700] {logging_mixin.py:149} INFO - [2023-06-22T15:01:13.812+0700] {dag.py:3486} INFO - Setting next_dagrun for example_params_ui_tutorial to None, run_after=None
[2023-06-22T15:01:13.831+0700] {processor.py:179} INFO - Processing /Users/macbook/Documents/Documents_MacBook_Pro/ISTT/AirflowTutorial/envlibs/lib/python3.10/site-packages/airflow/example_dags/example_params_ui_tutorial.py took 0.984 seconds
[2023-06-22T15:03:14.989+0700] {processor.py:157} INFO - Started process (PID=13096) to work on /Users/macbook/Documents/Documents_MacBook_Pro/ISTT/AirflowTutorial/envlibs/lib/python3.10/site-packages/airflow/example_dags/example_params_ui_tutorial.py
[2023-06-22T15:03:14.991+0700] {processor.py:826} INFO - Processing file /Users/macbook/Documents/Documents_MacBook_Pro/ISTT/AirflowTutorial/envlibs/lib/python3.10/site-packages/airflow/example_dags/example_params_ui_tutorial.py for tasks to queue
[2023-06-22T15:03:14.991+0700] {logging_mixin.py:149} INFO - [2023-06-22T15:03:14.991+0700] {dagbag.py:541} INFO - Filling up the DagBag from /Users/macbook/Documents/Documents_MacBook_Pro/ISTT/AirflowTutorial/envlibs/lib/python3.10/site-packages/airflow/example_dags/example_params_ui_tutorial.py
[2023-06-22T15:03:15.097+0700] {processor.py:836} INFO - DAG(s) dict_keys(['example_params_ui_tutorial']) retrieved from /Users/macbook/Documents/Documents_MacBook_Pro/ISTT/AirflowTutorial/envlibs/lib/python3.10/site-packages/airflow/example_dags/example_params_ui_tutorial.py
[2023-06-22T15:03:15.904+0700] {logging_mixin.py:149} INFO - [2023-06-22T15:03:15.904+0700] {dag.py:2726} INFO - Sync 1 DAGs
[2023-06-22T15:03:15.920+0700] {logging_mixin.py:149} INFO - [2023-06-22T15:03:15.920+0700] {dag.py:3486} INFO - Setting next_dagrun for example_params_ui_tutorial to None, run_after=None
[2023-06-22T15:03:15.938+0700] {processor.py:179} INFO - Processing /Users/macbook/Documents/Documents_MacBook_Pro/ISTT/AirflowTutorial/envlibs/lib/python3.10/site-packages/airflow/example_dags/example_params_ui_tutorial.py took 0.950 seconds
[2023-06-22T15:05:15.060+0700] {processor.py:157} INFO - Started process (PID=13156) to work on /Users/macbook/Documents/Documents_MacBook_Pro/ISTT/AirflowTutorial/envlibs/lib/python3.10/site-packages/airflow/example_dags/example_params_ui_tutorial.py
[2023-06-22T15:05:15.061+0700] {processor.py:826} INFO - Processing file /Users/macbook/Documents/Documents_MacBook_Pro/ISTT/AirflowTutorial/envlibs/lib/python3.10/site-packages/airflow/example_dags/example_params_ui_tutorial.py for tasks to queue
[2023-06-22T15:05:15.061+0700] {logging_mixin.py:149} INFO - [2023-06-22T15:05:15.061+0700] {dagbag.py:541} INFO - Filling up the DagBag from /Users/macbook/Documents/Documents_MacBook_Pro/ISTT/AirflowTutorial/envlibs/lib/python3.10/site-packages/airflow/example_dags/example_params_ui_tutorial.py
[2023-06-22T15:05:15.164+0700] {processor.py:836} INFO - DAG(s) dict_keys(['example_params_ui_tutorial']) retrieved from /Users/macbook/Documents/Documents_MacBook_Pro/ISTT/AirflowTutorial/envlibs/lib/python3.10/site-packages/airflow/example_dags/example_params_ui_tutorial.py
[2023-06-22T15:05:15.892+0700] {logging_mixin.py:149} INFO - [2023-06-22T15:05:15.892+0700] {dag.py:2726} INFO - Sync 1 DAGs
[2023-06-22T15:05:15.908+0700] {logging_mixin.py:149} INFO - [2023-06-22T15:05:15.908+0700] {dag.py:3486} INFO - Setting next_dagrun for example_params_ui_tutorial to None, run_after=None
[2023-06-22T15:05:15.926+0700] {processor.py:179} INFO - Processing /Users/macbook/Documents/Documents_MacBook_Pro/ISTT/AirflowTutorial/envlibs/lib/python3.10/site-packages/airflow/example_dags/example_params_ui_tutorial.py took 0.867 seconds
[2023-06-22T15:07:25.109+0700] {processor.py:157} INFO - Started process (PID=13258) to work on /Users/macbook/Documents/Documents_MacBook_Pro/ISTT/AirflowTutorial/envlibs/lib/python3.10/site-packages/airflow/example_dags/example_params_ui_tutorial.py
[2023-06-22T15:07:25.110+0700] {processor.py:826} INFO - Processing file /Users/macbook/Documents/Documents_MacBook_Pro/ISTT/AirflowTutorial/envlibs/lib/python3.10/site-packages/airflow/example_dags/example_params_ui_tutorial.py for tasks to queue
[2023-06-22T15:07:25.111+0700] {logging_mixin.py:149} INFO - [2023-06-22T15:07:25.110+0700] {dagbag.py:541} INFO - Filling up the DagBag from /Users/macbook/Documents/Documents_MacBook_Pro/ISTT/AirflowTutorial/envlibs/lib/python3.10/site-packages/airflow/example_dags/example_params_ui_tutorial.py
[2023-06-22T15:07:25.215+0700] {processor.py:836} INFO - DAG(s) dict_keys(['example_params_ui_tutorial']) retrieved from /Users/macbook/Documents/Documents_MacBook_Pro/ISTT/AirflowTutorial/envlibs/lib/python3.10/site-packages/airflow/example_dags/example_params_ui_tutorial.py
[2023-06-22T15:07:25.981+0700] {logging_mixin.py:149} INFO - [2023-06-22T15:07:25.981+0700] {dag.py:2726} INFO - Sync 1 DAGs
[2023-06-22T15:07:25.998+0700] {logging_mixin.py:149} INFO - [2023-06-22T15:07:25.997+0700] {dag.py:3486} INFO - Setting next_dagrun for example_params_ui_tutorial to None, run_after=None
[2023-06-22T15:07:26.016+0700] {processor.py:179} INFO - Processing /Users/macbook/Documents/Documents_MacBook_Pro/ISTT/AirflowTutorial/envlibs/lib/python3.10/site-packages/airflow/example_dags/example_params_ui_tutorial.py took 0.908 seconds
[2023-06-22T15:09:25.951+0700] {processor.py:157} INFO - Started process (PID=13310) to work on /Users/macbook/Documents/Documents_MacBook_Pro/ISTT/AirflowTutorial/envlibs/lib/python3.10/site-packages/airflow/example_dags/example_params_ui_tutorial.py
[2023-06-22T15:09:25.952+0700] {processor.py:826} INFO - Processing file /Users/macbook/Documents/Documents_MacBook_Pro/ISTT/AirflowTutorial/envlibs/lib/python3.10/site-packages/airflow/example_dags/example_params_ui_tutorial.py for tasks to queue
[2023-06-22T15:09:25.952+0700] {logging_mixin.py:149} INFO - [2023-06-22T15:09:25.952+0700] {dagbag.py:541} INFO - Filling up the DagBag from /Users/macbook/Documents/Documents_MacBook_Pro/ISTT/AirflowTutorial/envlibs/lib/python3.10/site-packages/airflow/example_dags/example_params_ui_tutorial.py
[2023-06-22T15:09:26.049+0700] {processor.py:836} INFO - DAG(s) dict_keys(['example_params_ui_tutorial']) retrieved from /Users/macbook/Documents/Documents_MacBook_Pro/ISTT/AirflowTutorial/envlibs/lib/python3.10/site-packages/airflow/example_dags/example_params_ui_tutorial.py
[2023-06-22T15:09:26.832+0700] {logging_mixin.py:149} INFO - [2023-06-22T15:09:26.832+0700] {dag.py:2726} INFO - Sync 1 DAGs
[2023-06-22T15:09:26.851+0700] {logging_mixin.py:149} INFO - [2023-06-22T15:09:26.851+0700] {dag.py:3486} INFO - Setting next_dagrun for example_params_ui_tutorial to None, run_after=None
[2023-06-22T15:09:26.869+0700] {processor.py:179} INFO - Processing /Users/macbook/Documents/Documents_MacBook_Pro/ISTT/AirflowTutorial/envlibs/lib/python3.10/site-packages/airflow/example_dags/example_params_ui_tutorial.py took 0.919 seconds
[2023-06-22T15:11:33.819+0700] {processor.py:157} INFO - Started process (PID=13407) to work on /Users/macbook/Documents/Documents_MacBook_Pro/ISTT/AirflowTutorial/envlibs/lib/python3.10/site-packages/airflow/example_dags/example_params_ui_tutorial.py
[2023-06-22T15:11:33.821+0700] {processor.py:826} INFO - Processing file /Users/macbook/Documents/Documents_MacBook_Pro/ISTT/AirflowTutorial/envlibs/lib/python3.10/site-packages/airflow/example_dags/example_params_ui_tutorial.py for tasks to queue
[2023-06-22T15:11:33.822+0700] {logging_mixin.py:149} INFO - [2023-06-22T15:11:33.822+0700] {dagbag.py:541} INFO - Filling up the DagBag from /Users/macbook/Documents/Documents_MacBook_Pro/ISTT/AirflowTutorial/envlibs/lib/python3.10/site-packages/airflow/example_dags/example_params_ui_tutorial.py
[2023-06-22T15:11:33.915+0700] {processor.py:836} INFO - DAG(s) dict_keys(['example_params_ui_tutorial']) retrieved from /Users/macbook/Documents/Documents_MacBook_Pro/ISTT/AirflowTutorial/envlibs/lib/python3.10/site-packages/airflow/example_dags/example_params_ui_tutorial.py
[2023-06-22T15:11:34.670+0700] {logging_mixin.py:149} INFO - [2023-06-22T15:11:34.670+0700] {dag.py:2726} INFO - Sync 1 DAGs
[2023-06-22T15:11:34.685+0700] {logging_mixin.py:149} INFO - [2023-06-22T15:11:34.685+0700] {dag.py:3486} INFO - Setting next_dagrun for example_params_ui_tutorial to None, run_after=None
[2023-06-22T15:11:34.701+0700] {processor.py:179} INFO - Processing /Users/macbook/Documents/Documents_MacBook_Pro/ISTT/AirflowTutorial/envlibs/lib/python3.10/site-packages/airflow/example_dags/example_params_ui_tutorial.py took 0.883 seconds
[2023-06-22T15:13:38.697+0700] {processor.py:157} INFO - Started process (PID=13488) to work on /Users/macbook/Documents/Documents_MacBook_Pro/ISTT/AirflowTutorial/envlibs/lib/python3.10/site-packages/airflow/example_dags/example_params_ui_tutorial.py
[2023-06-22T15:13:38.698+0700] {processor.py:826} INFO - Processing file /Users/macbook/Documents/Documents_MacBook_Pro/ISTT/AirflowTutorial/envlibs/lib/python3.10/site-packages/airflow/example_dags/example_params_ui_tutorial.py for tasks to queue
[2023-06-22T15:13:38.698+0700] {logging_mixin.py:149} INFO - [2023-06-22T15:13:38.698+0700] {dagbag.py:541} INFO - Filling up the DagBag from /Users/macbook/Documents/Documents_MacBook_Pro/ISTT/AirflowTutorial/envlibs/lib/python3.10/site-packages/airflow/example_dags/example_params_ui_tutorial.py
[2023-06-22T15:13:38.793+0700] {processor.py:836} INFO - DAG(s) dict_keys(['example_params_ui_tutorial']) retrieved from /Users/macbook/Documents/Documents_MacBook_Pro/ISTT/AirflowTutorial/envlibs/lib/python3.10/site-packages/airflow/example_dags/example_params_ui_tutorial.py
[2023-06-22T15:13:39.500+0700] {logging_mixin.py:149} INFO - [2023-06-22T15:13:39.500+0700] {dag.py:2726} INFO - Sync 1 DAGs
[2023-06-22T15:13:39.516+0700] {logging_mixin.py:149} INFO - [2023-06-22T15:13:39.516+0700] {dag.py:3486} INFO - Setting next_dagrun for example_params_ui_tutorial to None, run_after=None
[2023-06-22T15:13:39.533+0700] {processor.py:179} INFO - Processing /Users/macbook/Documents/Documents_MacBook_Pro/ISTT/AirflowTutorial/envlibs/lib/python3.10/site-packages/airflow/example_dags/example_params_ui_tutorial.py took 0.836 seconds
[2023-06-22T15:15:45.949+0700] {processor.py:157} INFO - Started process (PID=13561) to work on /Users/macbook/Documents/Documents_MacBook_Pro/ISTT/AirflowTutorial/envlibs/lib/python3.10/site-packages/airflow/example_dags/example_params_ui_tutorial.py
[2023-06-22T15:15:45.949+0700] {processor.py:826} INFO - Processing file /Users/macbook/Documents/Documents_MacBook_Pro/ISTT/AirflowTutorial/envlibs/lib/python3.10/site-packages/airflow/example_dags/example_params_ui_tutorial.py for tasks to queue
[2023-06-22T15:15:45.951+0700] {logging_mixin.py:149} INFO - [2023-06-22T15:15:45.951+0700] {dagbag.py:541} INFO - Filling up the DagBag from /Users/macbook/Documents/Documents_MacBook_Pro/ISTT/AirflowTutorial/envlibs/lib/python3.10/site-packages/airflow/example_dags/example_params_ui_tutorial.py
[2023-06-22T15:15:46.062+0700] {processor.py:836} INFO - DAG(s) dict_keys(['example_params_ui_tutorial']) retrieved from /Users/macbook/Documents/Documents_MacBook_Pro/ISTT/AirflowTutorial/envlibs/lib/python3.10/site-packages/airflow/example_dags/example_params_ui_tutorial.py
[2023-06-22T15:15:46.874+0700] {logging_mixin.py:149} INFO - [2023-06-22T15:15:46.874+0700] {dag.py:2726} INFO - Sync 1 DAGs
[2023-06-22T15:15:46.892+0700] {logging_mixin.py:149} INFO - [2023-06-22T15:15:46.892+0700] {dag.py:3486} INFO - Setting next_dagrun for example_params_ui_tutorial to None, run_after=None
[2023-06-22T15:15:46.911+0700] {processor.py:179} INFO - Processing /Users/macbook/Documents/Documents_MacBook_Pro/ISTT/AirflowTutorial/envlibs/lib/python3.10/site-packages/airflow/example_dags/example_params_ui_tutorial.py took 0.964 seconds
[2023-06-22T15:17:53.254+0700] {processor.py:157} INFO - Started process (PID=13643) to work on /Users/macbook/Documents/Documents_MacBook_Pro/ISTT/AirflowTutorial/envlibs/lib/python3.10/site-packages/airflow/example_dags/example_params_ui_tutorial.py
[2023-06-22T15:17:53.255+0700] {processor.py:826} INFO - Processing file /Users/macbook/Documents/Documents_MacBook_Pro/ISTT/AirflowTutorial/envlibs/lib/python3.10/site-packages/airflow/example_dags/example_params_ui_tutorial.py for tasks to queue
[2023-06-22T15:17:53.256+0700] {logging_mixin.py:149} INFO - [2023-06-22T15:17:53.255+0700] {dagbag.py:541} INFO - Filling up the DagBag from /Users/macbook/Documents/Documents_MacBook_Pro/ISTT/AirflowTutorial/envlibs/lib/python3.10/site-packages/airflow/example_dags/example_params_ui_tutorial.py
[2023-06-22T15:17:53.371+0700] {processor.py:836} INFO - DAG(s) dict_keys(['example_params_ui_tutorial']) retrieved from /Users/macbook/Documents/Documents_MacBook_Pro/ISTT/AirflowTutorial/envlibs/lib/python3.10/site-packages/airflow/example_dags/example_params_ui_tutorial.py
[2023-06-22T15:17:54.167+0700] {logging_mixin.py:149} INFO - [2023-06-22T15:17:54.167+0700] {dag.py:2726} INFO - Sync 1 DAGs
[2023-06-22T15:17:54.192+0700] {logging_mixin.py:149} INFO - [2023-06-22T15:17:54.192+0700] {dag.py:3486} INFO - Setting next_dagrun for example_params_ui_tutorial to None, run_after=None
[2023-06-22T15:17:54.214+0700] {processor.py:179} INFO - Processing /Users/macbook/Documents/Documents_MacBook_Pro/ISTT/AirflowTutorial/envlibs/lib/python3.10/site-packages/airflow/example_dags/example_params_ui_tutorial.py took 0.961 seconds
[2023-06-22T15:19:55.537+0700] {processor.py:157} INFO - Started process (PID=13734) to work on /Users/macbook/Documents/Documents_MacBook_Pro/ISTT/AirflowTutorial/envlibs/lib/python3.10/site-packages/airflow/example_dags/example_params_ui_tutorial.py
[2023-06-22T15:19:55.538+0700] {processor.py:826} INFO - Processing file /Users/macbook/Documents/Documents_MacBook_Pro/ISTT/AirflowTutorial/envlibs/lib/python3.10/site-packages/airflow/example_dags/example_params_ui_tutorial.py for tasks to queue
[2023-06-22T15:19:55.539+0700] {logging_mixin.py:149} INFO - [2023-06-22T15:19:55.539+0700] {dagbag.py:541} INFO - Filling up the DagBag from /Users/macbook/Documents/Documents_MacBook_Pro/ISTT/AirflowTutorial/envlibs/lib/python3.10/site-packages/airflow/example_dags/example_params_ui_tutorial.py
[2023-06-22T15:19:55.647+0700] {processor.py:836} INFO - DAG(s) dict_keys(['example_params_ui_tutorial']) retrieved from /Users/macbook/Documents/Documents_MacBook_Pro/ISTT/AirflowTutorial/envlibs/lib/python3.10/site-packages/airflow/example_dags/example_params_ui_tutorial.py
[2023-06-22T15:19:56.409+0700] {logging_mixin.py:149} INFO - [2023-06-22T15:19:56.409+0700] {dag.py:2726} INFO - Sync 1 DAGs
[2023-06-22T15:19:56.426+0700] {logging_mixin.py:149} INFO - [2023-06-22T15:19:56.426+0700] {dag.py:3486} INFO - Setting next_dagrun for example_params_ui_tutorial to None, run_after=None
[2023-06-22T15:19:56.444+0700] {processor.py:179} INFO - Processing /Users/macbook/Documents/Documents_MacBook_Pro/ISTT/AirflowTutorial/envlibs/lib/python3.10/site-packages/airflow/example_dags/example_params_ui_tutorial.py took 0.908 seconds
[2023-06-22T15:21:53.612+0700] {processor.py:157} INFO - Started process (PID=13791) to work on /Users/macbook/Documents/Documents_MacBook_Pro/ISTT/AirflowTutorial/envlibs/lib/python3.10/site-packages/airflow/example_dags/example_params_ui_tutorial.py
[2023-06-22T15:21:53.614+0700] {processor.py:826} INFO - Processing file /Users/macbook/Documents/Documents_MacBook_Pro/ISTT/AirflowTutorial/envlibs/lib/python3.10/site-packages/airflow/example_dags/example_params_ui_tutorial.py for tasks to queue
[2023-06-22T15:21:53.614+0700] {logging_mixin.py:149} INFO - [2023-06-22T15:21:53.614+0700] {dagbag.py:541} INFO - Filling up the DagBag from /Users/macbook/Documents/Documents_MacBook_Pro/ISTT/AirflowTutorial/envlibs/lib/python3.10/site-packages/airflow/example_dags/example_params_ui_tutorial.py
[2023-06-22T15:21:53.735+0700] {processor.py:836} INFO - DAG(s) dict_keys(['example_params_ui_tutorial']) retrieved from /Users/macbook/Documents/Documents_MacBook_Pro/ISTT/AirflowTutorial/envlibs/lib/python3.10/site-packages/airflow/example_dags/example_params_ui_tutorial.py
[2023-06-22T15:21:54.648+0700] {logging_mixin.py:149} INFO - [2023-06-22T15:21:54.648+0700] {dag.py:2726} INFO - Sync 1 DAGs
[2023-06-22T15:21:54.668+0700] {logging_mixin.py:149} INFO - [2023-06-22T15:21:54.668+0700] {dag.py:3486} INFO - Setting next_dagrun for example_params_ui_tutorial to None, run_after=None
[2023-06-22T15:21:54.688+0700] {processor.py:179} INFO - Processing /Users/macbook/Documents/Documents_MacBook_Pro/ISTT/AirflowTutorial/envlibs/lib/python3.10/site-packages/airflow/example_dags/example_params_ui_tutorial.py took 1.076 seconds
[2023-06-22T15:24:11.582+0700] {processor.py:157} INFO - Started process (PID=13858) to work on /Users/macbook/Documents/Documents_MacBook_Pro/ISTT/AirflowTutorial/envlibs/lib/python3.10/site-packages/airflow/example_dags/example_params_ui_tutorial.py
[2023-06-22T15:24:11.583+0700] {processor.py:826} INFO - Processing file /Users/macbook/Documents/Documents_MacBook_Pro/ISTT/AirflowTutorial/envlibs/lib/python3.10/site-packages/airflow/example_dags/example_params_ui_tutorial.py for tasks to queue
[2023-06-22T15:24:11.584+0700] {logging_mixin.py:149} INFO - [2023-06-22T15:24:11.584+0700] {dagbag.py:541} INFO - Filling up the DagBag from /Users/macbook/Documents/Documents_MacBook_Pro/ISTT/AirflowTutorial/envlibs/lib/python3.10/site-packages/airflow/example_dags/example_params_ui_tutorial.py
[2023-06-22T15:24:11.715+0700] {processor.py:836} INFO - DAG(s) dict_keys(['example_params_ui_tutorial']) retrieved from /Users/macbook/Documents/Documents_MacBook_Pro/ISTT/AirflowTutorial/envlibs/lib/python3.10/site-packages/airflow/example_dags/example_params_ui_tutorial.py
[2023-06-22T15:24:12.575+0700] {logging_mixin.py:149} INFO - [2023-06-22T15:24:12.575+0700] {dag.py:2726} INFO - Sync 1 DAGs
[2023-06-22T15:24:12.593+0700] {logging_mixin.py:149} INFO - [2023-06-22T15:24:12.593+0700] {dag.py:3486} INFO - Setting next_dagrun for example_params_ui_tutorial to None, run_after=None
[2023-06-22T15:24:12.618+0700] {processor.py:179} INFO - Processing /Users/macbook/Documents/Documents_MacBook_Pro/ISTT/AirflowTutorial/envlibs/lib/python3.10/site-packages/airflow/example_dags/example_params_ui_tutorial.py took 1.037 seconds
[2023-06-22T15:26:26.541+0700] {processor.py:157} INFO - Started process (PID=13916) to work on /Users/macbook/Documents/Documents_MacBook_Pro/ISTT/AirflowTutorial/envlibs/lib/python3.10/site-packages/airflow/example_dags/example_params_ui_tutorial.py
[2023-06-22T15:26:26.542+0700] {processor.py:826} INFO - Processing file /Users/macbook/Documents/Documents_MacBook_Pro/ISTT/AirflowTutorial/envlibs/lib/python3.10/site-packages/airflow/example_dags/example_params_ui_tutorial.py for tasks to queue
[2023-06-22T15:26:26.543+0700] {logging_mixin.py:149} INFO - [2023-06-22T15:26:26.543+0700] {dagbag.py:541} INFO - Filling up the DagBag from /Users/macbook/Documents/Documents_MacBook_Pro/ISTT/AirflowTutorial/envlibs/lib/python3.10/site-packages/airflow/example_dags/example_params_ui_tutorial.py
[2023-06-22T15:26:26.657+0700] {processor.py:836} INFO - DAG(s) dict_keys(['example_params_ui_tutorial']) retrieved from /Users/macbook/Documents/Documents_MacBook_Pro/ISTT/AirflowTutorial/envlibs/lib/python3.10/site-packages/airflow/example_dags/example_params_ui_tutorial.py
[2023-06-22T15:26:27.566+0700] {logging_mixin.py:149} INFO - [2023-06-22T15:26:27.566+0700] {dag.py:2726} INFO - Sync 1 DAGs
[2023-06-22T15:26:27.585+0700] {logging_mixin.py:149} INFO - [2023-06-22T15:26:27.585+0700] {dag.py:3486} INFO - Setting next_dagrun for example_params_ui_tutorial to None, run_after=None
[2023-06-22T15:26:27.604+0700] {processor.py:179} INFO - Processing /Users/macbook/Documents/Documents_MacBook_Pro/ISTT/AirflowTutorial/envlibs/lib/python3.10/site-packages/airflow/example_dags/example_params_ui_tutorial.py took 1.064 seconds
[2023-06-22T15:28:35.509+0700] {processor.py:157} INFO - Started process (PID=13973) to work on /Users/macbook/Documents/Documents_MacBook_Pro/ISTT/AirflowTutorial/envlibs/lib/python3.10/site-packages/airflow/example_dags/example_params_ui_tutorial.py
[2023-06-22T15:28:35.511+0700] {processor.py:826} INFO - Processing file /Users/macbook/Documents/Documents_MacBook_Pro/ISTT/AirflowTutorial/envlibs/lib/python3.10/site-packages/airflow/example_dags/example_params_ui_tutorial.py for tasks to queue
[2023-06-22T15:28:35.512+0700] {logging_mixin.py:149} INFO - [2023-06-22T15:28:35.512+0700] {dagbag.py:541} INFO - Filling up the DagBag from /Users/macbook/Documents/Documents_MacBook_Pro/ISTT/AirflowTutorial/envlibs/lib/python3.10/site-packages/airflow/example_dags/example_params_ui_tutorial.py
[2023-06-22T15:28:35.625+0700] {processor.py:836} INFO - DAG(s) dict_keys(['example_params_ui_tutorial']) retrieved from /Users/macbook/Documents/Documents_MacBook_Pro/ISTT/AirflowTutorial/envlibs/lib/python3.10/site-packages/airflow/example_dags/example_params_ui_tutorial.py
[2023-06-22T15:28:36.501+0700] {logging_mixin.py:149} INFO - [2023-06-22T15:28:36.501+0700] {dag.py:2726} INFO - Sync 1 DAGs
[2023-06-22T15:28:36.519+0700] {logging_mixin.py:149} INFO - [2023-06-22T15:28:36.519+0700] {dag.py:3486} INFO - Setting next_dagrun for example_params_ui_tutorial to None, run_after=None
[2023-06-22T15:28:36.537+0700] {processor.py:179} INFO - Processing /Users/macbook/Documents/Documents_MacBook_Pro/ISTT/AirflowTutorial/envlibs/lib/python3.10/site-packages/airflow/example_dags/example_params_ui_tutorial.py took 1.029 seconds
[2023-06-22T15:30:43.576+0700] {processor.py:157} INFO - Started process (PID=14026) to work on /Users/macbook/Documents/Documents_MacBook_Pro/ISTT/AirflowTutorial/envlibs/lib/python3.10/site-packages/airflow/example_dags/example_params_ui_tutorial.py
[2023-06-22T15:30:43.577+0700] {processor.py:826} INFO - Processing file /Users/macbook/Documents/Documents_MacBook_Pro/ISTT/AirflowTutorial/envlibs/lib/python3.10/site-packages/airflow/example_dags/example_params_ui_tutorial.py for tasks to queue
[2023-06-22T15:30:43.578+0700] {logging_mixin.py:149} INFO - [2023-06-22T15:30:43.578+0700] {dagbag.py:541} INFO - Filling up the DagBag from /Users/macbook/Documents/Documents_MacBook_Pro/ISTT/AirflowTutorial/envlibs/lib/python3.10/site-packages/airflow/example_dags/example_params_ui_tutorial.py
[2023-06-22T15:30:43.702+0700] {processor.py:836} INFO - DAG(s) dict_keys(['example_params_ui_tutorial']) retrieved from /Users/macbook/Documents/Documents_MacBook_Pro/ISTT/AirflowTutorial/envlibs/lib/python3.10/site-packages/airflow/example_dags/example_params_ui_tutorial.py
[2023-06-22T15:30:44.515+0700] {logging_mixin.py:149} INFO - [2023-06-22T15:30:44.515+0700] {dag.py:2726} INFO - Sync 1 DAGs
[2023-06-22T15:30:44.532+0700] {logging_mixin.py:149} INFO - [2023-06-22T15:30:44.532+0700] {dag.py:3486} INFO - Setting next_dagrun for example_params_ui_tutorial to None, run_after=None
[2023-06-22T15:30:44.550+0700] {processor.py:179} INFO - Processing /Users/macbook/Documents/Documents_MacBook_Pro/ISTT/AirflowTutorial/envlibs/lib/python3.10/site-packages/airflow/example_dags/example_params_ui_tutorial.py took 0.974 seconds
[2023-06-22T15:32:49.066+0700] {processor.py:157} INFO - Started process (PID=14094) to work on /Users/macbook/Documents/Documents_MacBook_Pro/ISTT/AirflowTutorial/envlibs/lib/python3.10/site-packages/airflow/example_dags/example_params_ui_tutorial.py
[2023-06-22T15:32:49.068+0700] {processor.py:826} INFO - Processing file /Users/macbook/Documents/Documents_MacBook_Pro/ISTT/AirflowTutorial/envlibs/lib/python3.10/site-packages/airflow/example_dags/example_params_ui_tutorial.py for tasks to queue
[2023-06-22T15:32:49.068+0700] {logging_mixin.py:149} INFO - [2023-06-22T15:32:49.068+0700] {dagbag.py:541} INFO - Filling up the DagBag from /Users/macbook/Documents/Documents_MacBook_Pro/ISTT/AirflowTutorial/envlibs/lib/python3.10/site-packages/airflow/example_dags/example_params_ui_tutorial.py
[2023-06-22T15:32:49.171+0700] {processor.py:836} INFO - DAG(s) dict_keys(['example_params_ui_tutorial']) retrieved from /Users/macbook/Documents/Documents_MacBook_Pro/ISTT/AirflowTutorial/envlibs/lib/python3.10/site-packages/airflow/example_dags/example_params_ui_tutorial.py
[2023-06-22T15:32:49.901+0700] {logging_mixin.py:149} INFO - [2023-06-22T15:32:49.901+0700] {dag.py:2726} INFO - Sync 1 DAGs
[2023-06-22T15:32:49.917+0700] {logging_mixin.py:149} INFO - [2023-06-22T15:32:49.917+0700] {dag.py:3486} INFO - Setting next_dagrun for example_params_ui_tutorial to None, run_after=None
[2023-06-22T15:32:49.936+0700] {processor.py:179} INFO - Processing /Users/macbook/Documents/Documents_MacBook_Pro/ISTT/AirflowTutorial/envlibs/lib/python3.10/site-packages/airflow/example_dags/example_params_ui_tutorial.py took 0.870 seconds
[2023-06-22T15:34:54.577+0700] {processor.py:157} INFO - Started process (PID=14156) to work on /Users/macbook/Documents/Documents_MacBook_Pro/ISTT/AirflowTutorial/envlibs/lib/python3.10/site-packages/airflow/example_dags/example_params_ui_tutorial.py
[2023-06-22T15:34:54.578+0700] {processor.py:826} INFO - Processing file /Users/macbook/Documents/Documents_MacBook_Pro/ISTT/AirflowTutorial/envlibs/lib/python3.10/site-packages/airflow/example_dags/example_params_ui_tutorial.py for tasks to queue
[2023-06-22T15:34:54.579+0700] {logging_mixin.py:149} INFO - [2023-06-22T15:34:54.579+0700] {dagbag.py:541} INFO - Filling up the DagBag from /Users/macbook/Documents/Documents_MacBook_Pro/ISTT/AirflowTutorial/envlibs/lib/python3.10/site-packages/airflow/example_dags/example_params_ui_tutorial.py
[2023-06-22T15:34:54.699+0700] {processor.py:836} INFO - DAG(s) dict_keys(['example_params_ui_tutorial']) retrieved from /Users/macbook/Documents/Documents_MacBook_Pro/ISTT/AirflowTutorial/envlibs/lib/python3.10/site-packages/airflow/example_dags/example_params_ui_tutorial.py
[2023-06-22T15:34:55.411+0700] {logging_mixin.py:149} INFO - [2023-06-22T15:34:55.411+0700] {dag.py:2726} INFO - Sync 1 DAGs
[2023-06-22T15:34:55.427+0700] {logging_mixin.py:149} INFO - [2023-06-22T15:34:55.427+0700] {dag.py:3486} INFO - Setting next_dagrun for example_params_ui_tutorial to None, run_after=None
[2023-06-22T15:34:55.446+0700] {processor.py:179} INFO - Processing /Users/macbook/Documents/Documents_MacBook_Pro/ISTT/AirflowTutorial/envlibs/lib/python3.10/site-packages/airflow/example_dags/example_params_ui_tutorial.py took 0.870 seconds
[2023-06-22T15:36:58.656+0700] {processor.py:157} INFO - Started process (PID=14209) to work on /Users/macbook/Documents/Documents_MacBook_Pro/ISTT/AirflowTutorial/envlibs/lib/python3.10/site-packages/airflow/example_dags/example_params_ui_tutorial.py
[2023-06-22T15:36:58.657+0700] {processor.py:826} INFO - Processing file /Users/macbook/Documents/Documents_MacBook_Pro/ISTT/AirflowTutorial/envlibs/lib/python3.10/site-packages/airflow/example_dags/example_params_ui_tutorial.py for tasks to queue
[2023-06-22T15:36:58.658+0700] {logging_mixin.py:149} INFO - [2023-06-22T15:36:58.658+0700] {dagbag.py:541} INFO - Filling up the DagBag from /Users/macbook/Documents/Documents_MacBook_Pro/ISTT/AirflowTutorial/envlibs/lib/python3.10/site-packages/airflow/example_dags/example_params_ui_tutorial.py
[2023-06-22T15:36:58.771+0700] {processor.py:836} INFO - DAG(s) dict_keys(['example_params_ui_tutorial']) retrieved from /Users/macbook/Documents/Documents_MacBook_Pro/ISTT/AirflowTutorial/envlibs/lib/python3.10/site-packages/airflow/example_dags/example_params_ui_tutorial.py
[2023-06-22T15:36:59.629+0700] {logging_mixin.py:149} INFO - [2023-06-22T15:36:59.629+0700] {dag.py:2726} INFO - Sync 1 DAGs
[2023-06-22T15:36:59.647+0700] {logging_mixin.py:149} INFO - [2023-06-22T15:36:59.647+0700] {dag.py:3486} INFO - Setting next_dagrun for example_params_ui_tutorial to None, run_after=None
[2023-06-22T15:36:59.667+0700] {processor.py:179} INFO - Processing /Users/macbook/Documents/Documents_MacBook_Pro/ISTT/AirflowTutorial/envlibs/lib/python3.10/site-packages/airflow/example_dags/example_params_ui_tutorial.py took 1.012 seconds
[2023-06-22T15:39:12.004+0700] {processor.py:157} INFO - Started process (PID=14292) to work on /Users/macbook/Documents/Documents_MacBook_Pro/ISTT/AirflowTutorial/envlibs/lib/python3.10/site-packages/airflow/example_dags/example_params_ui_tutorial.py
[2023-06-22T15:39:12.005+0700] {processor.py:826} INFO - Processing file /Users/macbook/Documents/Documents_MacBook_Pro/ISTT/AirflowTutorial/envlibs/lib/python3.10/site-packages/airflow/example_dags/example_params_ui_tutorial.py for tasks to queue
[2023-06-22T15:39:12.006+0700] {logging_mixin.py:149} INFO - [2023-06-22T15:39:12.006+0700] {dagbag.py:541} INFO - Filling up the DagBag from /Users/macbook/Documents/Documents_MacBook_Pro/ISTT/AirflowTutorial/envlibs/lib/python3.10/site-packages/airflow/example_dags/example_params_ui_tutorial.py
[2023-06-22T15:39:12.110+0700] {processor.py:836} INFO - DAG(s) dict_keys(['example_params_ui_tutorial']) retrieved from /Users/macbook/Documents/Documents_MacBook_Pro/ISTT/AirflowTutorial/envlibs/lib/python3.10/site-packages/airflow/example_dags/example_params_ui_tutorial.py
[2023-06-22T15:39:12.884+0700] {logging_mixin.py:149} INFO - [2023-06-22T15:39:12.884+0700] {dag.py:2726} INFO - Sync 1 DAGs
[2023-06-22T15:39:12.901+0700] {logging_mixin.py:149} INFO - [2023-06-22T15:39:12.901+0700] {dag.py:3486} INFO - Setting next_dagrun for example_params_ui_tutorial to None, run_after=None
[2023-06-22T15:39:12.919+0700] {processor.py:179} INFO - Processing /Users/macbook/Documents/Documents_MacBook_Pro/ISTT/AirflowTutorial/envlibs/lib/python3.10/site-packages/airflow/example_dags/example_params_ui_tutorial.py took 0.916 seconds
[2023-06-22T15:41:20.298+0700] {processor.py:157} INFO - Started process (PID=14351) to work on /Users/macbook/Documents/Documents_MacBook_Pro/ISTT/AirflowTutorial/envlibs/lib/python3.10/site-packages/airflow/example_dags/example_params_ui_tutorial.py
[2023-06-22T15:41:20.299+0700] {processor.py:826} INFO - Processing file /Users/macbook/Documents/Documents_MacBook_Pro/ISTT/AirflowTutorial/envlibs/lib/python3.10/site-packages/airflow/example_dags/example_params_ui_tutorial.py for tasks to queue
[2023-06-22T15:41:20.299+0700] {logging_mixin.py:149} INFO - [2023-06-22T15:41:20.299+0700] {dagbag.py:541} INFO - Filling up the DagBag from /Users/macbook/Documents/Documents_MacBook_Pro/ISTT/AirflowTutorial/envlibs/lib/python3.10/site-packages/airflow/example_dags/example_params_ui_tutorial.py
[2023-06-22T15:41:20.399+0700] {processor.py:836} INFO - DAG(s) dict_keys(['example_params_ui_tutorial']) retrieved from /Users/macbook/Documents/Documents_MacBook_Pro/ISTT/AirflowTutorial/envlibs/lib/python3.10/site-packages/airflow/example_dags/example_params_ui_tutorial.py
[2023-06-22T15:41:21.207+0700] {logging_mixin.py:149} INFO - [2023-06-22T15:41:21.207+0700] {dag.py:2726} INFO - Sync 1 DAGs
[2023-06-22T15:41:21.224+0700] {logging_mixin.py:149} INFO - [2023-06-22T15:41:21.224+0700] {dag.py:3486} INFO - Setting next_dagrun for example_params_ui_tutorial to None, run_after=None
[2023-06-22T15:41:21.242+0700] {processor.py:179} INFO - Processing /Users/macbook/Documents/Documents_MacBook_Pro/ISTT/AirflowTutorial/envlibs/lib/python3.10/site-packages/airflow/example_dags/example_params_ui_tutorial.py took 0.945 seconds
[2023-06-22T15:43:30.312+0700] {processor.py:157} INFO - Started process (PID=14430) to work on /Users/macbook/Documents/Documents_MacBook_Pro/ISTT/AirflowTutorial/envlibs/lib/python3.10/site-packages/airflow/example_dags/example_params_ui_tutorial.py
[2023-06-22T15:43:30.314+0700] {processor.py:826} INFO - Processing file /Users/macbook/Documents/Documents_MacBook_Pro/ISTT/AirflowTutorial/envlibs/lib/python3.10/site-packages/airflow/example_dags/example_params_ui_tutorial.py for tasks to queue
[2023-06-22T15:43:30.315+0700] {logging_mixin.py:149} INFO - [2023-06-22T15:43:30.315+0700] {dagbag.py:541} INFO - Filling up the DagBag from /Users/macbook/Documents/Documents_MacBook_Pro/ISTT/AirflowTutorial/envlibs/lib/python3.10/site-packages/airflow/example_dags/example_params_ui_tutorial.py
[2023-06-22T15:43:30.446+0700] {processor.py:836} INFO - DAG(s) dict_keys(['example_params_ui_tutorial']) retrieved from /Users/macbook/Documents/Documents_MacBook_Pro/ISTT/AirflowTutorial/envlibs/lib/python3.10/site-packages/airflow/example_dags/example_params_ui_tutorial.py
[2023-06-22T15:43:31.488+0700] {logging_mixin.py:149} INFO - [2023-06-22T15:43:31.487+0700] {dag.py:2726} INFO - Sync 1 DAGs
[2023-06-22T15:43:31.508+0700] {logging_mixin.py:149} INFO - [2023-06-22T15:43:31.507+0700] {dag.py:3486} INFO - Setting next_dagrun for example_params_ui_tutorial to None, run_after=None
[2023-06-22T15:43:31.529+0700] {processor.py:179} INFO - Processing /Users/macbook/Documents/Documents_MacBook_Pro/ISTT/AirflowTutorial/envlibs/lib/python3.10/site-packages/airflow/example_dags/example_params_ui_tutorial.py took 1.218 seconds
[2023-06-22T15:45:43.124+0700] {processor.py:157} INFO - Started process (PID=14486) to work on /Users/macbook/Documents/Documents_MacBook_Pro/ISTT/AirflowTutorial/envlibs/lib/python3.10/site-packages/airflow/example_dags/example_params_ui_tutorial.py
[2023-06-22T15:45:43.125+0700] {processor.py:826} INFO - Processing file /Users/macbook/Documents/Documents_MacBook_Pro/ISTT/AirflowTutorial/envlibs/lib/python3.10/site-packages/airflow/example_dags/example_params_ui_tutorial.py for tasks to queue
[2023-06-22T15:45:43.126+0700] {logging_mixin.py:149} INFO - [2023-06-22T15:45:43.126+0700] {dagbag.py:541} INFO - Filling up the DagBag from /Users/macbook/Documents/Documents_MacBook_Pro/ISTT/AirflowTutorial/envlibs/lib/python3.10/site-packages/airflow/example_dags/example_params_ui_tutorial.py
[2023-06-22T15:45:43.260+0700] {processor.py:836} INFO - DAG(s) dict_keys(['example_params_ui_tutorial']) retrieved from /Users/macbook/Documents/Documents_MacBook_Pro/ISTT/AirflowTutorial/envlibs/lib/python3.10/site-packages/airflow/example_dags/example_params_ui_tutorial.py
[2023-06-22T15:45:44.135+0700] {logging_mixin.py:149} INFO - [2023-06-22T15:45:44.135+0700] {dag.py:2726} INFO - Sync 1 DAGs
[2023-06-22T15:45:44.158+0700] {logging_mixin.py:149} INFO - [2023-06-22T15:45:44.157+0700] {dag.py:3486} INFO - Setting next_dagrun for example_params_ui_tutorial to None, run_after=None
[2023-06-22T15:45:44.179+0700] {processor.py:179} INFO - Processing /Users/macbook/Documents/Documents_MacBook_Pro/ISTT/AirflowTutorial/envlibs/lib/python3.10/site-packages/airflow/example_dags/example_params_ui_tutorial.py took 1.056 seconds
[2023-06-22T15:47:54.186+0700] {processor.py:157} INFO - Started process (PID=14573) to work on /Users/macbook/Documents/Documents_MacBook_Pro/ISTT/AirflowTutorial/envlibs/lib/python3.10/site-packages/airflow/example_dags/example_params_ui_tutorial.py
[2023-06-22T15:47:54.188+0700] {processor.py:826} INFO - Processing file /Users/macbook/Documents/Documents_MacBook_Pro/ISTT/AirflowTutorial/envlibs/lib/python3.10/site-packages/airflow/example_dags/example_params_ui_tutorial.py for tasks to queue
[2023-06-22T15:47:54.188+0700] {logging_mixin.py:149} INFO - [2023-06-22T15:47:54.188+0700] {dagbag.py:541} INFO - Filling up the DagBag from /Users/macbook/Documents/Documents_MacBook_Pro/ISTT/AirflowTutorial/envlibs/lib/python3.10/site-packages/airflow/example_dags/example_params_ui_tutorial.py
[2023-06-22T15:47:54.305+0700] {processor.py:836} INFO - DAG(s) dict_keys(['example_params_ui_tutorial']) retrieved from /Users/macbook/Documents/Documents_MacBook_Pro/ISTT/AirflowTutorial/envlibs/lib/python3.10/site-packages/airflow/example_dags/example_params_ui_tutorial.py
[2023-06-22T15:47:55.587+0700] {logging_mixin.py:149} INFO - [2023-06-22T15:47:55.586+0700] {dag.py:2726} INFO - Sync 1 DAGs
[2023-06-22T15:47:55.628+0700] {logging_mixin.py:149} INFO - [2023-06-22T15:47:55.628+0700] {dag.py:3486} INFO - Setting next_dagrun for example_params_ui_tutorial to None, run_after=None
[2023-06-22T15:47:55.653+0700] {processor.py:179} INFO - Processing /Users/macbook/Documents/Documents_MacBook_Pro/ISTT/AirflowTutorial/envlibs/lib/python3.10/site-packages/airflow/example_dags/example_params_ui_tutorial.py took 1.469 seconds
[2023-06-22T15:50:10.192+0700] {processor.py:157} INFO - Started process (PID=14655) to work on /Users/macbook/Documents/Documents_MacBook_Pro/ISTT/AirflowTutorial/envlibs/lib/python3.10/site-packages/airflow/example_dags/example_params_ui_tutorial.py
[2023-06-22T15:50:10.194+0700] {processor.py:826} INFO - Processing file /Users/macbook/Documents/Documents_MacBook_Pro/ISTT/AirflowTutorial/envlibs/lib/python3.10/site-packages/airflow/example_dags/example_params_ui_tutorial.py for tasks to queue
[2023-06-22T15:50:10.194+0700] {logging_mixin.py:149} INFO - [2023-06-22T15:50:10.194+0700] {dagbag.py:541} INFO - Filling up the DagBag from /Users/macbook/Documents/Documents_MacBook_Pro/ISTT/AirflowTutorial/envlibs/lib/python3.10/site-packages/airflow/example_dags/example_params_ui_tutorial.py
[2023-06-22T15:50:10.301+0700] {processor.py:836} INFO - DAG(s) dict_keys(['example_params_ui_tutorial']) retrieved from /Users/macbook/Documents/Documents_MacBook_Pro/ISTT/AirflowTutorial/envlibs/lib/python3.10/site-packages/airflow/example_dags/example_params_ui_tutorial.py
[2023-06-22T15:50:11.089+0700] {logging_mixin.py:149} INFO - [2023-06-22T15:50:11.089+0700] {dag.py:2726} INFO - Sync 1 DAGs
[2023-06-22T15:50:11.109+0700] {logging_mixin.py:149} INFO - [2023-06-22T15:50:11.109+0700] {dag.py:3486} INFO - Setting next_dagrun for example_params_ui_tutorial to None, run_after=None
[2023-06-22T15:50:11.130+0700] {processor.py:179} INFO - Processing /Users/macbook/Documents/Documents_MacBook_Pro/ISTT/AirflowTutorial/envlibs/lib/python3.10/site-packages/airflow/example_dags/example_params_ui_tutorial.py took 0.938 seconds
[2023-06-22T15:52:24.982+0700] {processor.py:157} INFO - Started process (PID=14712) to work on /Users/macbook/Documents/Documents_MacBook_Pro/ISTT/AirflowTutorial/envlibs/lib/python3.10/site-packages/airflow/example_dags/example_params_ui_tutorial.py
[2023-06-22T15:52:24.983+0700] {processor.py:826} INFO - Processing file /Users/macbook/Documents/Documents_MacBook_Pro/ISTT/AirflowTutorial/envlibs/lib/python3.10/site-packages/airflow/example_dags/example_params_ui_tutorial.py for tasks to queue
[2023-06-22T15:52:24.984+0700] {logging_mixin.py:149} INFO - [2023-06-22T15:52:24.984+0700] {dagbag.py:541} INFO - Filling up the DagBag from /Users/macbook/Documents/Documents_MacBook_Pro/ISTT/AirflowTutorial/envlibs/lib/python3.10/site-packages/airflow/example_dags/example_params_ui_tutorial.py
[2023-06-22T15:52:25.163+0700] {processor.py:836} INFO - DAG(s) dict_keys(['example_params_ui_tutorial']) retrieved from /Users/macbook/Documents/Documents_MacBook_Pro/ISTT/AirflowTutorial/envlibs/lib/python3.10/site-packages/airflow/example_dags/example_params_ui_tutorial.py
[2023-06-22T15:52:26.305+0700] {logging_mixin.py:149} INFO - [2023-06-22T15:52:26.305+0700] {dag.py:2726} INFO - Sync 1 DAGs
[2023-06-22T15:52:26.329+0700] {logging_mixin.py:149} INFO - [2023-06-22T15:52:26.329+0700] {dag.py:3486} INFO - Setting next_dagrun for example_params_ui_tutorial to None, run_after=None
[2023-06-22T15:52:26.356+0700] {processor.py:179} INFO - Processing /Users/macbook/Documents/Documents_MacBook_Pro/ISTT/AirflowTutorial/envlibs/lib/python3.10/site-packages/airflow/example_dags/example_params_ui_tutorial.py took 1.375 seconds
[2023-06-22T15:54:43.629+0700] {processor.py:157} INFO - Started process (PID=14829) to work on /Users/macbook/Documents/Documents_MacBook_Pro/ISTT/AirflowTutorial/envlibs/lib/python3.10/site-packages/airflow/example_dags/example_params_ui_tutorial.py
[2023-06-22T15:54:43.631+0700] {processor.py:826} INFO - Processing file /Users/macbook/Documents/Documents_MacBook_Pro/ISTT/AirflowTutorial/envlibs/lib/python3.10/site-packages/airflow/example_dags/example_params_ui_tutorial.py for tasks to queue
[2023-06-22T15:54:43.632+0700] {logging_mixin.py:149} INFO - [2023-06-22T15:54:43.631+0700] {dagbag.py:541} INFO - Filling up the DagBag from /Users/macbook/Documents/Documents_MacBook_Pro/ISTT/AirflowTutorial/envlibs/lib/python3.10/site-packages/airflow/example_dags/example_params_ui_tutorial.py
[2023-06-22T15:54:43.752+0700] {processor.py:836} INFO - DAG(s) dict_keys(['example_params_ui_tutorial']) retrieved from /Users/macbook/Documents/Documents_MacBook_Pro/ISTT/AirflowTutorial/envlibs/lib/python3.10/site-packages/airflow/example_dags/example_params_ui_tutorial.py
[2023-06-22T15:54:44.671+0700] {logging_mixin.py:149} INFO - [2023-06-22T15:54:44.670+0700] {dag.py:2726} INFO - Sync 1 DAGs
[2023-06-22T15:54:44.690+0700] {logging_mixin.py:149} INFO - [2023-06-22T15:54:44.690+0700] {dag.py:3486} INFO - Setting next_dagrun for example_params_ui_tutorial to None, run_after=None
[2023-06-22T15:54:44.711+0700] {processor.py:179} INFO - Processing /Users/macbook/Documents/Documents_MacBook_Pro/ISTT/AirflowTutorial/envlibs/lib/python3.10/site-packages/airflow/example_dags/example_params_ui_tutorial.py took 1.082 seconds
[2023-06-22T15:56:55.465+0700] {processor.py:157} INFO - Started process (PID=14900) to work on /Users/macbook/Documents/Documents_MacBook_Pro/ISTT/AirflowTutorial/envlibs/lib/python3.10/site-packages/airflow/example_dags/example_params_ui_tutorial.py
[2023-06-22T15:56:55.467+0700] {processor.py:826} INFO - Processing file /Users/macbook/Documents/Documents_MacBook_Pro/ISTT/AirflowTutorial/envlibs/lib/python3.10/site-packages/airflow/example_dags/example_params_ui_tutorial.py for tasks to queue
[2023-06-22T15:56:55.468+0700] {logging_mixin.py:149} INFO - [2023-06-22T15:56:55.468+0700] {dagbag.py:541} INFO - Filling up the DagBag from /Users/macbook/Documents/Documents_MacBook_Pro/ISTT/AirflowTutorial/envlibs/lib/python3.10/site-packages/airflow/example_dags/example_params_ui_tutorial.py
[2023-06-22T15:56:55.594+0700] {processor.py:836} INFO - DAG(s) dict_keys(['example_params_ui_tutorial']) retrieved from /Users/macbook/Documents/Documents_MacBook_Pro/ISTT/AirflowTutorial/envlibs/lib/python3.10/site-packages/airflow/example_dags/example_params_ui_tutorial.py
[2023-06-22T15:56:56.452+0700] {logging_mixin.py:149} INFO - [2023-06-22T15:56:56.451+0700] {dag.py:2726} INFO - Sync 1 DAGs
[2023-06-22T15:56:56.473+0700] {logging_mixin.py:149} INFO - [2023-06-22T15:56:56.472+0700] {dag.py:3486} INFO - Setting next_dagrun for example_params_ui_tutorial to None, run_after=None
[2023-06-22T15:56:56.500+0700] {processor.py:179} INFO - Processing /Users/macbook/Documents/Documents_MacBook_Pro/ISTT/AirflowTutorial/envlibs/lib/python3.10/site-packages/airflow/example_dags/example_params_ui_tutorial.py took 1.036 seconds
[2023-06-22T15:59:12.774+0700] {processor.py:157} INFO - Started process (PID=14962) to work on /Users/macbook/Documents/Documents_MacBook_Pro/ISTT/AirflowTutorial/envlibs/lib/python3.10/site-packages/airflow/example_dags/example_params_ui_tutorial.py
[2023-06-22T15:59:12.775+0700] {processor.py:826} INFO - Processing file /Users/macbook/Documents/Documents_MacBook_Pro/ISTT/AirflowTutorial/envlibs/lib/python3.10/site-packages/airflow/example_dags/example_params_ui_tutorial.py for tasks to queue
[2023-06-22T15:59:12.776+0700] {logging_mixin.py:149} INFO - [2023-06-22T15:59:12.776+0700] {dagbag.py:541} INFO - Filling up the DagBag from /Users/macbook/Documents/Documents_MacBook_Pro/ISTT/AirflowTutorial/envlibs/lib/python3.10/site-packages/airflow/example_dags/example_params_ui_tutorial.py
[2023-06-22T15:59:12.903+0700] {processor.py:836} INFO - DAG(s) dict_keys(['example_params_ui_tutorial']) retrieved from /Users/macbook/Documents/Documents_MacBook_Pro/ISTT/AirflowTutorial/envlibs/lib/python3.10/site-packages/airflow/example_dags/example_params_ui_tutorial.py
[2023-06-22T15:59:13.628+0700] {logging_mixin.py:149} INFO - [2023-06-22T15:59:13.627+0700] {dag.py:2726} INFO - Sync 1 DAGs
[2023-06-22T15:59:13.645+0700] {logging_mixin.py:149} INFO - [2023-06-22T15:59:13.645+0700] {dag.py:3486} INFO - Setting next_dagrun for example_params_ui_tutorial to None, run_after=None
[2023-06-22T15:59:13.664+0700] {processor.py:179} INFO - Processing /Users/macbook/Documents/Documents_MacBook_Pro/ISTT/AirflowTutorial/envlibs/lib/python3.10/site-packages/airflow/example_dags/example_params_ui_tutorial.py took 0.891 seconds
[2023-06-22T16:01:28.291+0700] {processor.py:157} INFO - Started process (PID=15019) to work on /Users/macbook/Documents/Documents_MacBook_Pro/ISTT/AirflowTutorial/envlibs/lib/python3.10/site-packages/airflow/example_dags/example_params_ui_tutorial.py
[2023-06-22T16:01:28.292+0700] {processor.py:826} INFO - Processing file /Users/macbook/Documents/Documents_MacBook_Pro/ISTT/AirflowTutorial/envlibs/lib/python3.10/site-packages/airflow/example_dags/example_params_ui_tutorial.py for tasks to queue
[2023-06-22T16:01:28.292+0700] {logging_mixin.py:149} INFO - [2023-06-22T16:01:28.292+0700] {dagbag.py:541} INFO - Filling up the DagBag from /Users/macbook/Documents/Documents_MacBook_Pro/ISTT/AirflowTutorial/envlibs/lib/python3.10/site-packages/airflow/example_dags/example_params_ui_tutorial.py
[2023-06-22T16:01:28.395+0700] {processor.py:836} INFO - DAG(s) dict_keys(['example_params_ui_tutorial']) retrieved from /Users/macbook/Documents/Documents_MacBook_Pro/ISTT/AirflowTutorial/envlibs/lib/python3.10/site-packages/airflow/example_dags/example_params_ui_tutorial.py
[2023-06-22T16:01:29.255+0700] {logging_mixin.py:149} INFO - [2023-06-22T16:01:29.254+0700] {dag.py:2726} INFO - Sync 1 DAGs
[2023-06-22T16:01:29.272+0700] {logging_mixin.py:149} INFO - [2023-06-22T16:01:29.272+0700] {dag.py:3486} INFO - Setting next_dagrun for example_params_ui_tutorial to None, run_after=None
[2023-06-22T16:01:29.292+0700] {processor.py:179} INFO - Processing /Users/macbook/Documents/Documents_MacBook_Pro/ISTT/AirflowTutorial/envlibs/lib/python3.10/site-packages/airflow/example_dags/example_params_ui_tutorial.py took 1.002 seconds
[2023-06-22T16:03:39.916+0700] {processor.py:157} INFO - Started process (PID=15078) to work on /Users/macbook/Documents/Documents_MacBook_Pro/ISTT/AirflowTutorial/envlibs/lib/python3.10/site-packages/airflow/example_dags/example_params_ui_tutorial.py
[2023-06-22T16:03:39.918+0700] {processor.py:826} INFO - Processing file /Users/macbook/Documents/Documents_MacBook_Pro/ISTT/AirflowTutorial/envlibs/lib/python3.10/site-packages/airflow/example_dags/example_params_ui_tutorial.py for tasks to queue
[2023-06-22T16:03:39.918+0700] {logging_mixin.py:149} INFO - [2023-06-22T16:03:39.918+0700] {dagbag.py:541} INFO - Filling up the DagBag from /Users/macbook/Documents/Documents_MacBook_Pro/ISTT/AirflowTutorial/envlibs/lib/python3.10/site-packages/airflow/example_dags/example_params_ui_tutorial.py
[2023-06-22T16:03:40.054+0700] {processor.py:836} INFO - DAG(s) dict_keys(['example_params_ui_tutorial']) retrieved from /Users/macbook/Documents/Documents_MacBook_Pro/ISTT/AirflowTutorial/envlibs/lib/python3.10/site-packages/airflow/example_dags/example_params_ui_tutorial.py
[2023-06-22T16:03:40.872+0700] {logging_mixin.py:149} INFO - [2023-06-22T16:03:40.871+0700] {dag.py:2726} INFO - Sync 1 DAGs
[2023-06-22T16:03:40.893+0700] {logging_mixin.py:149} INFO - [2023-06-22T16:03:40.893+0700] {dag.py:3486} INFO - Setting next_dagrun for example_params_ui_tutorial to None, run_after=None
[2023-06-22T16:03:40.919+0700] {processor.py:179} INFO - Processing /Users/macbook/Documents/Documents_MacBook_Pro/ISTT/AirflowTutorial/envlibs/lib/python3.10/site-packages/airflow/example_dags/example_params_ui_tutorial.py took 1.004 seconds
[2023-06-22T16:05:51.000+0700] {processor.py:157} INFO - Started process (PID=15138) to work on /Users/macbook/Documents/Documents_MacBook_Pro/ISTT/AirflowTutorial/envlibs/lib/python3.10/site-packages/airflow/example_dags/example_params_ui_tutorial.py
[2023-06-22T16:05:51.002+0700] {processor.py:826} INFO - Processing file /Users/macbook/Documents/Documents_MacBook_Pro/ISTT/AirflowTutorial/envlibs/lib/python3.10/site-packages/airflow/example_dags/example_params_ui_tutorial.py for tasks to queue
[2023-06-22T16:05:51.002+0700] {logging_mixin.py:149} INFO - [2023-06-22T16:05:51.002+0700] {dagbag.py:541} INFO - Filling up the DagBag from /Users/macbook/Documents/Documents_MacBook_Pro/ISTT/AirflowTutorial/envlibs/lib/python3.10/site-packages/airflow/example_dags/example_params_ui_tutorial.py
[2023-06-22T16:05:51.122+0700] {processor.py:836} INFO - DAG(s) dict_keys(['example_params_ui_tutorial']) retrieved from /Users/macbook/Documents/Documents_MacBook_Pro/ISTT/AirflowTutorial/envlibs/lib/python3.10/site-packages/airflow/example_dags/example_params_ui_tutorial.py
[2023-06-22T16:05:51.948+0700] {logging_mixin.py:149} INFO - [2023-06-22T16:05:51.948+0700] {dag.py:2726} INFO - Sync 1 DAGs
[2023-06-22T16:05:51.966+0700] {logging_mixin.py:149} INFO - [2023-06-22T16:05:51.966+0700] {dag.py:3486} INFO - Setting next_dagrun for example_params_ui_tutorial to None, run_after=None
[2023-06-22T16:05:51.984+0700] {processor.py:179} INFO - Processing /Users/macbook/Documents/Documents_MacBook_Pro/ISTT/AirflowTutorial/envlibs/lib/python3.10/site-packages/airflow/example_dags/example_params_ui_tutorial.py took 0.985 seconds
[2023-06-22T16:07:59.462+0700] {processor.py:157} INFO - Started process (PID=15202) to work on /Users/macbook/Documents/Documents_MacBook_Pro/ISTT/AirflowTutorial/envlibs/lib/python3.10/site-packages/airflow/example_dags/example_params_ui_tutorial.py
[2023-06-22T16:07:59.463+0700] {processor.py:826} INFO - Processing file /Users/macbook/Documents/Documents_MacBook_Pro/ISTT/AirflowTutorial/envlibs/lib/python3.10/site-packages/airflow/example_dags/example_params_ui_tutorial.py for tasks to queue
[2023-06-22T16:07:59.464+0700] {logging_mixin.py:149} INFO - [2023-06-22T16:07:59.464+0700] {dagbag.py:541} INFO - Filling up the DagBag from /Users/macbook/Documents/Documents_MacBook_Pro/ISTT/AirflowTutorial/envlibs/lib/python3.10/site-packages/airflow/example_dags/example_params_ui_tutorial.py
[2023-06-22T16:07:59.580+0700] {processor.py:836} INFO - DAG(s) dict_keys(['example_params_ui_tutorial']) retrieved from /Users/macbook/Documents/Documents_MacBook_Pro/ISTT/AirflowTutorial/envlibs/lib/python3.10/site-packages/airflow/example_dags/example_params_ui_tutorial.py
[2023-06-22T16:08:00.523+0700] {logging_mixin.py:149} INFO - [2023-06-22T16:08:00.522+0700] {dag.py:2726} INFO - Sync 1 DAGs
[2023-06-22T16:08:00.541+0700] {logging_mixin.py:149} INFO - [2023-06-22T16:08:00.541+0700] {dag.py:3486} INFO - Setting next_dagrun for example_params_ui_tutorial to None, run_after=None
[2023-06-22T16:08:00.560+0700] {processor.py:179} INFO - Processing /Users/macbook/Documents/Documents_MacBook_Pro/ISTT/AirflowTutorial/envlibs/lib/python3.10/site-packages/airflow/example_dags/example_params_ui_tutorial.py took 1.099 seconds
[2023-06-22T16:10:09.603+0700] {processor.py:157} INFO - Started process (PID=15258) to work on /Users/macbook/Documents/Documents_MacBook_Pro/ISTT/AirflowTutorial/envlibs/lib/python3.10/site-packages/airflow/example_dags/example_params_ui_tutorial.py
[2023-06-22T16:10:09.605+0700] {processor.py:826} INFO - Processing file /Users/macbook/Documents/Documents_MacBook_Pro/ISTT/AirflowTutorial/envlibs/lib/python3.10/site-packages/airflow/example_dags/example_params_ui_tutorial.py for tasks to queue
[2023-06-22T16:10:09.605+0700] {logging_mixin.py:149} INFO - [2023-06-22T16:10:09.605+0700] {dagbag.py:541} INFO - Filling up the DagBag from /Users/macbook/Documents/Documents_MacBook_Pro/ISTT/AirflowTutorial/envlibs/lib/python3.10/site-packages/airflow/example_dags/example_params_ui_tutorial.py
[2023-06-22T16:10:09.702+0700] {processor.py:836} INFO - DAG(s) dict_keys(['example_params_ui_tutorial']) retrieved from /Users/macbook/Documents/Documents_MacBook_Pro/ISTT/AirflowTutorial/envlibs/lib/python3.10/site-packages/airflow/example_dags/example_params_ui_tutorial.py
[2023-06-22T16:10:10.389+0700] {logging_mixin.py:149} INFO - [2023-06-22T16:10:10.389+0700] {dag.py:2726} INFO - Sync 1 DAGs
[2023-06-22T16:10:10.405+0700] {logging_mixin.py:149} INFO - [2023-06-22T16:10:10.405+0700] {dag.py:3486} INFO - Setting next_dagrun for example_params_ui_tutorial to None, run_after=None
[2023-06-22T16:10:10.421+0700] {processor.py:179} INFO - Processing /Users/macbook/Documents/Documents_MacBook_Pro/ISTT/AirflowTutorial/envlibs/lib/python3.10/site-packages/airflow/example_dags/example_params_ui_tutorial.py took 0.818 seconds
[2023-06-22T16:12:04.540+0700] {processor.py:157} INFO - Started process (PID=15317) to work on /Users/macbook/Documents/Documents_MacBook_Pro/ISTT/AirflowTutorial/envlibs/lib/python3.10/site-packages/airflow/example_dags/example_params_ui_tutorial.py
[2023-06-22T16:12:04.540+0700] {processor.py:826} INFO - Processing file /Users/macbook/Documents/Documents_MacBook_Pro/ISTT/AirflowTutorial/envlibs/lib/python3.10/site-packages/airflow/example_dags/example_params_ui_tutorial.py for tasks to queue
[2023-06-22T16:12:04.541+0700] {logging_mixin.py:149} INFO - [2023-06-22T16:12:04.541+0700] {dagbag.py:541} INFO - Filling up the DagBag from /Users/macbook/Documents/Documents_MacBook_Pro/ISTT/AirflowTutorial/envlibs/lib/python3.10/site-packages/airflow/example_dags/example_params_ui_tutorial.py
[2023-06-22T16:12:04.634+0700] {processor.py:836} INFO - DAG(s) dict_keys(['example_params_ui_tutorial']) retrieved from /Users/macbook/Documents/Documents_MacBook_Pro/ISTT/AirflowTutorial/envlibs/lib/python3.10/site-packages/airflow/example_dags/example_params_ui_tutorial.py
[2023-06-22T16:12:05.338+0700] {logging_mixin.py:149} INFO - [2023-06-22T16:12:05.337+0700] {dag.py:2726} INFO - Sync 1 DAGs
[2023-06-22T16:12:05.352+0700] {logging_mixin.py:149} INFO - [2023-06-22T16:12:05.352+0700] {dag.py:3486} INFO - Setting next_dagrun for example_params_ui_tutorial to None, run_after=None
[2023-06-22T16:12:05.370+0700] {processor.py:179} INFO - Processing /Users/macbook/Documents/Documents_MacBook_Pro/ISTT/AirflowTutorial/envlibs/lib/python3.10/site-packages/airflow/example_dags/example_params_ui_tutorial.py took 0.831 seconds
[2023-06-22T16:16:04.564+0700] {processor.py:157} INFO - Started process (PID=15422) to work on /Users/macbook/Documents/Documents_MacBook_Pro/ISTT/AirflowTutorial/envlibs/lib/python3.10/site-packages/airflow/example_dags/example_params_ui_tutorial.py
[2023-06-22T16:16:04.565+0700] {processor.py:826} INFO - Processing file /Users/macbook/Documents/Documents_MacBook_Pro/ISTT/AirflowTutorial/envlibs/lib/python3.10/site-packages/airflow/example_dags/example_params_ui_tutorial.py for tasks to queue
[2023-06-22T16:16:04.566+0700] {logging_mixin.py:149} INFO - [2023-06-22T16:16:04.566+0700] {dagbag.py:541} INFO - Filling up the DagBag from /Users/macbook/Documents/Documents_MacBook_Pro/ISTT/AirflowTutorial/envlibs/lib/python3.10/site-packages/airflow/example_dags/example_params_ui_tutorial.py
[2023-06-22T16:16:04.665+0700] {processor.py:836} INFO - DAG(s) dict_keys(['example_params_ui_tutorial']) retrieved from /Users/macbook/Documents/Documents_MacBook_Pro/ISTT/AirflowTutorial/envlibs/lib/python3.10/site-packages/airflow/example_dags/example_params_ui_tutorial.py
[2023-06-22T16:16:05.469+0700] {logging_mixin.py:149} INFO - [2023-06-22T16:16:05.469+0700] {dag.py:2726} INFO - Sync 1 DAGs
[2023-06-22T16:16:05.490+0700] {logging_mixin.py:149} INFO - [2023-06-22T16:16:05.490+0700] {dag.py:3486} INFO - Setting next_dagrun for example_params_ui_tutorial to None, run_after=None
[2023-06-22T16:16:05.510+0700] {processor.py:179} INFO - Processing /Users/macbook/Documents/Documents_MacBook_Pro/ISTT/AirflowTutorial/envlibs/lib/python3.10/site-packages/airflow/example_dags/example_params_ui_tutorial.py took 0.946 seconds
[2023-06-22T16:18:14.758+0700] {processor.py:157} INFO - Started process (PID=15507) to work on /Users/macbook/Documents/Documents_MacBook_Pro/ISTT/AirflowTutorial/envlibs/lib/python3.10/site-packages/airflow/example_dags/example_params_ui_tutorial.py
[2023-06-22T16:18:14.759+0700] {processor.py:826} INFO - Processing file /Users/macbook/Documents/Documents_MacBook_Pro/ISTT/AirflowTutorial/envlibs/lib/python3.10/site-packages/airflow/example_dags/example_params_ui_tutorial.py for tasks to queue
[2023-06-22T16:18:14.760+0700] {logging_mixin.py:149} INFO - [2023-06-22T16:18:14.760+0700] {dagbag.py:541} INFO - Filling up the DagBag from /Users/macbook/Documents/Documents_MacBook_Pro/ISTT/AirflowTutorial/envlibs/lib/python3.10/site-packages/airflow/example_dags/example_params_ui_tutorial.py
[2023-06-22T16:18:14.877+0700] {processor.py:836} INFO - DAG(s) dict_keys(['example_params_ui_tutorial']) retrieved from /Users/macbook/Documents/Documents_MacBook_Pro/ISTT/AirflowTutorial/envlibs/lib/python3.10/site-packages/airflow/example_dags/example_params_ui_tutorial.py
[2023-06-22T16:18:15.633+0700] {logging_mixin.py:149} INFO - [2023-06-22T16:18:15.632+0700] {dag.py:2726} INFO - Sync 1 DAGs
[2023-06-22T16:18:15.649+0700] {logging_mixin.py:149} INFO - [2023-06-22T16:18:15.649+0700] {dag.py:3486} INFO - Setting next_dagrun for example_params_ui_tutorial to None, run_after=None
[2023-06-22T16:18:15.672+0700] {processor.py:179} INFO - Processing /Users/macbook/Documents/Documents_MacBook_Pro/ISTT/AirflowTutorial/envlibs/lib/python3.10/site-packages/airflow/example_dags/example_params_ui_tutorial.py took 0.915 seconds
[2023-06-22T16:20:31.105+0700] {processor.py:157} INFO - Started process (PID=15584) to work on /Users/macbook/Documents/Documents_MacBook_Pro/ISTT/AirflowTutorial/envlibs/lib/python3.10/site-packages/airflow/example_dags/example_params_ui_tutorial.py
[2023-06-22T16:20:31.106+0700] {processor.py:826} INFO - Processing file /Users/macbook/Documents/Documents_MacBook_Pro/ISTT/AirflowTutorial/envlibs/lib/python3.10/site-packages/airflow/example_dags/example_params_ui_tutorial.py for tasks to queue
[2023-06-22T16:20:31.107+0700] {logging_mixin.py:149} INFO - [2023-06-22T16:20:31.107+0700] {dagbag.py:541} INFO - Filling up the DagBag from /Users/macbook/Documents/Documents_MacBook_Pro/ISTT/AirflowTutorial/envlibs/lib/python3.10/site-packages/airflow/example_dags/example_params_ui_tutorial.py
[2023-06-22T16:20:31.231+0700] {processor.py:836} INFO - DAG(s) dict_keys(['example_params_ui_tutorial']) retrieved from /Users/macbook/Documents/Documents_MacBook_Pro/ISTT/AirflowTutorial/envlibs/lib/python3.10/site-packages/airflow/example_dags/example_params_ui_tutorial.py
[2023-06-22T16:20:32.024+0700] {logging_mixin.py:149} INFO - [2023-06-22T16:20:32.023+0700] {dag.py:2726} INFO - Sync 1 DAGs
[2023-06-22T16:20:32.043+0700] {logging_mixin.py:149} INFO - [2023-06-22T16:20:32.043+0700] {dag.py:3486} INFO - Setting next_dagrun for example_params_ui_tutorial to None, run_after=None
[2023-06-22T16:20:32.063+0700] {processor.py:179} INFO - Processing /Users/macbook/Documents/Documents_MacBook_Pro/ISTT/AirflowTutorial/envlibs/lib/python3.10/site-packages/airflow/example_dags/example_params_ui_tutorial.py took 0.959 seconds
[2023-06-22T16:22:36.542+0700] {processor.py:157} INFO - Started process (PID=15643) to work on /Users/macbook/Documents/Documents_MacBook_Pro/ISTT/AirflowTutorial/envlibs/lib/python3.10/site-packages/airflow/example_dags/example_params_ui_tutorial.py
[2023-06-22T16:22:36.543+0700] {processor.py:826} INFO - Processing file /Users/macbook/Documents/Documents_MacBook_Pro/ISTT/AirflowTutorial/envlibs/lib/python3.10/site-packages/airflow/example_dags/example_params_ui_tutorial.py for tasks to queue
[2023-06-22T16:22:36.544+0700] {logging_mixin.py:149} INFO - [2023-06-22T16:22:36.544+0700] {dagbag.py:541} INFO - Filling up the DagBag from /Users/macbook/Documents/Documents_MacBook_Pro/ISTT/AirflowTutorial/envlibs/lib/python3.10/site-packages/airflow/example_dags/example_params_ui_tutorial.py
[2023-06-22T16:22:36.649+0700] {processor.py:836} INFO - DAG(s) dict_keys(['example_params_ui_tutorial']) retrieved from /Users/macbook/Documents/Documents_MacBook_Pro/ISTT/AirflowTutorial/envlibs/lib/python3.10/site-packages/airflow/example_dags/example_params_ui_tutorial.py
[2023-06-22T16:22:37.355+0700] {logging_mixin.py:149} INFO - [2023-06-22T16:22:37.355+0700] {dag.py:2726} INFO - Sync 1 DAGs
[2023-06-22T16:22:37.372+0700] {logging_mixin.py:149} INFO - [2023-06-22T16:22:37.372+0700] {dag.py:3486} INFO - Setting next_dagrun for example_params_ui_tutorial to None, run_after=None
[2023-06-22T16:22:37.388+0700] {processor.py:179} INFO - Processing /Users/macbook/Documents/Documents_MacBook_Pro/ISTT/AirflowTutorial/envlibs/lib/python3.10/site-packages/airflow/example_dags/example_params_ui_tutorial.py took 0.847 seconds
[2023-06-22T16:24:33.078+0700] {processor.py:157} INFO - Started process (PID=15694) to work on /Users/macbook/Documents/Documents_MacBook_Pro/ISTT/AirflowTutorial/envlibs/lib/python3.10/site-packages/airflow/example_dags/example_params_ui_tutorial.py
[2023-06-22T16:24:33.080+0700] {processor.py:826} INFO - Processing file /Users/macbook/Documents/Documents_MacBook_Pro/ISTT/AirflowTutorial/envlibs/lib/python3.10/site-packages/airflow/example_dags/example_params_ui_tutorial.py for tasks to queue
[2023-06-22T16:24:33.080+0700] {logging_mixin.py:149} INFO - [2023-06-22T16:24:33.080+0700] {dagbag.py:541} INFO - Filling up the DagBag from /Users/macbook/Documents/Documents_MacBook_Pro/ISTT/AirflowTutorial/envlibs/lib/python3.10/site-packages/airflow/example_dags/example_params_ui_tutorial.py
[2023-06-22T16:24:33.179+0700] {processor.py:836} INFO - DAG(s) dict_keys(['example_params_ui_tutorial']) retrieved from /Users/macbook/Documents/Documents_MacBook_Pro/ISTT/AirflowTutorial/envlibs/lib/python3.10/site-packages/airflow/example_dags/example_params_ui_tutorial.py
[2023-06-22T16:24:33.965+0700] {logging_mixin.py:149} INFO - [2023-06-22T16:24:33.965+0700] {dag.py:2726} INFO - Sync 1 DAGs
[2023-06-22T16:24:33.993+0700] {logging_mixin.py:149} INFO - [2023-06-22T16:24:33.993+0700] {dag.py:3486} INFO - Setting next_dagrun for example_params_ui_tutorial to None, run_after=None
[2023-06-22T16:24:34.012+0700] {processor.py:179} INFO - Processing /Users/macbook/Documents/Documents_MacBook_Pro/ISTT/AirflowTutorial/envlibs/lib/python3.10/site-packages/airflow/example_dags/example_params_ui_tutorial.py took 0.935 seconds
