[2023-06-22T14:28:24.417+0700] {processor.py:157} INFO - Started process (PID=11894) to work on /Users/macbook/Documents/Documents_MacBook_Pro/ISTT/AirflowTutorial/envlibs/lib/python3.10/site-packages/airflow/example_dags/example_latest_only.py
[2023-06-22T14:28:24.418+0700] {processor.py:826} INFO - Processing file /Users/macbook/Documents/Documents_MacBook_Pro/ISTT/AirflowTutorial/envlibs/lib/python3.10/site-packages/airflow/example_dags/example_latest_only.py for tasks to queue
[2023-06-22T14:28:24.419+0700] {logging_mixin.py:149} INFO - [2023-06-22T14:28:24.419+0700] {dagbag.py:541} INFO - Filling up the DagBag from /Users/macbook/Documents/Documents_MacBook_Pro/ISTT/AirflowTutorial/envlibs/lib/python3.10/site-packages/airflow/example_dags/example_latest_only.py
[2023-06-22T14:28:24.449+0700] {processor.py:836} INFO - DAG(s) dict_keys(['latest_only']) retrieved from /Users/macbook/Documents/Documents_MacBook_Pro/ISTT/AirflowTutorial/envlibs/lib/python3.10/site-packages/airflow/example_dags/example_latest_only.py
[2023-06-22T14:28:25.245+0700] {logging_mixin.py:149} INFO - [2023-06-22T14:28:25.244+0700] {dag.py:2726} INFO - Sync 1 DAGs
[2023-06-22T14:28:25.262+0700] {logging_mixin.py:149} INFO - [2023-06-22T14:28:25.262+0700] {dag.py:3486} INFO - Setting next_dagrun for latest_only to 2023-06-22T03:28:25.262562+00:00, run_after=2023-06-22T07:28:25.262562+00:00
[2023-06-22T14:28:25.285+0700] {processor.py:179} INFO - Processing /Users/macbook/Documents/Documents_MacBook_Pro/ISTT/AirflowTutorial/envlibs/lib/python3.10/site-packages/airflow/example_dags/example_latest_only.py took 0.869 seconds
[2023-06-22T14:30:55.409+0700] {processor.py:157} INFO - Started process (PID=11970) to work on /Users/macbook/Documents/Documents_MacBook_Pro/ISTT/AirflowTutorial/envlibs/lib/python3.10/site-packages/airflow/example_dags/example_latest_only.py
[2023-06-22T14:30:55.410+0700] {processor.py:826} INFO - Processing file /Users/macbook/Documents/Documents_MacBook_Pro/ISTT/AirflowTutorial/envlibs/lib/python3.10/site-packages/airflow/example_dags/example_latest_only.py for tasks to queue
[2023-06-22T14:30:55.411+0700] {logging_mixin.py:149} INFO - [2023-06-22T14:30:55.411+0700] {dagbag.py:541} INFO - Filling up the DagBag from /Users/macbook/Documents/Documents_MacBook_Pro/ISTT/AirflowTutorial/envlibs/lib/python3.10/site-packages/airflow/example_dags/example_latest_only.py
[2023-06-22T14:30:55.429+0700] {processor.py:836} INFO - DAG(s) dict_keys(['latest_only']) retrieved from /Users/macbook/Documents/Documents_MacBook_Pro/ISTT/AirflowTutorial/envlibs/lib/python3.10/site-packages/airflow/example_dags/example_latest_only.py
[2023-06-22T14:30:56.138+0700] {logging_mixin.py:149} INFO - [2023-06-22T14:30:56.138+0700] {dag.py:2726} INFO - Sync 1 DAGs
[2023-06-22T14:30:56.153+0700] {logging_mixin.py:149} INFO - [2023-06-22T14:30:56.153+0700] {dag.py:3486} INFO - Setting next_dagrun for latest_only to 2023-06-22T03:30:56.153547+00:00, run_after=2023-06-22T07:30:56.153547+00:00
[2023-06-22T14:30:56.171+0700] {processor.py:179} INFO - Processing /Users/macbook/Documents/Documents_MacBook_Pro/ISTT/AirflowTutorial/envlibs/lib/python3.10/site-packages/airflow/example_dags/example_latest_only.py took 0.762 seconds
[2023-06-22T14:35:49.241+0700] {processor.py:157} INFO - Started process (PID=12234) to work on /Users/macbook/Documents/Documents_MacBook_Pro/ISTT/AirflowTutorial/envlibs/lib/python3.10/site-packages/airflow/example_dags/example_latest_only.py
[2023-06-22T14:35:49.242+0700] {processor.py:826} INFO - Processing file /Users/macbook/Documents/Documents_MacBook_Pro/ISTT/AirflowTutorial/envlibs/lib/python3.10/site-packages/airflow/example_dags/example_latest_only.py for tasks to queue
[2023-06-22T14:35:49.243+0700] {logging_mixin.py:149} INFO - [2023-06-22T14:35:49.243+0700] {dagbag.py:541} INFO - Filling up the DagBag from /Users/macbook/Documents/Documents_MacBook_Pro/ISTT/AirflowTutorial/envlibs/lib/python3.10/site-packages/airflow/example_dags/example_latest_only.py
[2023-06-22T14:35:49.273+0700] {processor.py:836} INFO - DAG(s) dict_keys(['latest_only']) retrieved from /Users/macbook/Documents/Documents_MacBook_Pro/ISTT/AirflowTutorial/envlibs/lib/python3.10/site-packages/airflow/example_dags/example_latest_only.py
[2023-06-22T14:35:50.384+0700] {logging_mixin.py:149} INFO - [2023-06-22T14:35:50.383+0700] {dag.py:2726} INFO - Sync 1 DAGs
[2023-06-22T14:35:50.413+0700] {logging_mixin.py:149} INFO - [2023-06-22T14:35:50.413+0700] {dag.py:3486} INFO - Setting next_dagrun for latest_only to 2023-06-22T03:35:50.413009+00:00, run_after=2023-06-22T07:35:50.413009+00:00
[2023-06-22T14:35:50.448+0700] {processor.py:179} INFO - Processing /Users/macbook/Documents/Documents_MacBook_Pro/ISTT/AirflowTutorial/envlibs/lib/python3.10/site-packages/airflow/example_dags/example_latest_only.py took 1.208 seconds
[2023-06-22T14:40:55.753+0700] {processor.py:157} INFO - Started process (PID=12481) to work on /Users/macbook/Documents/Documents_MacBook_Pro/ISTT/AirflowTutorial/envlibs/lib/python3.10/site-packages/airflow/example_dags/example_latest_only.py
[2023-06-22T14:40:55.754+0700] {processor.py:826} INFO - Processing file /Users/macbook/Documents/Documents_MacBook_Pro/ISTT/AirflowTutorial/envlibs/lib/python3.10/site-packages/airflow/example_dags/example_latest_only.py for tasks to queue
[2023-06-22T14:40:55.755+0700] {logging_mixin.py:149} INFO - [2023-06-22T14:40:55.755+0700] {dagbag.py:541} INFO - Filling up the DagBag from /Users/macbook/Documents/Documents_MacBook_Pro/ISTT/AirflowTutorial/envlibs/lib/python3.10/site-packages/airflow/example_dags/example_latest_only.py
[2023-06-22T14:40:55.779+0700] {processor.py:836} INFO - DAG(s) dict_keys(['latest_only']) retrieved from /Users/macbook/Documents/Documents_MacBook_Pro/ISTT/AirflowTutorial/envlibs/lib/python3.10/site-packages/airflow/example_dags/example_latest_only.py
[2023-06-22T14:40:56.763+0700] {logging_mixin.py:149} INFO - [2023-06-22T14:40:56.762+0700] {dag.py:2726} INFO - Sync 1 DAGs
[2023-06-22T14:40:56.772+0700] {logging_mixin.py:149} INFO - [2023-06-22T14:40:56.772+0700] {dag.py:2747} INFO - Creating ORM DAG for latest_only
[2023-06-22T14:40:56.781+0700] {logging_mixin.py:149} INFO - [2023-06-22T14:40:56.781+0700] {dag.py:3486} INFO - Setting next_dagrun for latest_only to 2023-06-22T03:40:56.781615+00:00, run_after=2023-06-22T07:40:56.781615+00:00
[2023-06-22T14:40:56.802+0700] {processor.py:179} INFO - Processing /Users/macbook/Documents/Documents_MacBook_Pro/ISTT/AirflowTutorial/envlibs/lib/python3.10/site-packages/airflow/example_dags/example_latest_only.py took 1.050 seconds
[2023-06-22T14:45:09.554+0700] {processor.py:157} INFO - Started process (PID=12599) to work on /Users/macbook/Documents/Documents_MacBook_Pro/ISTT/AirflowTutorial/envlibs/lib/python3.10/site-packages/airflow/example_dags/example_latest_only.py
[2023-06-22T14:45:09.556+0700] {processor.py:826} INFO - Processing file /Users/macbook/Documents/Documents_MacBook_Pro/ISTT/AirflowTutorial/envlibs/lib/python3.10/site-packages/airflow/example_dags/example_latest_only.py for tasks to queue
[2023-06-22T14:45:09.556+0700] {logging_mixin.py:149} INFO - [2023-06-22T14:45:09.556+0700] {dagbag.py:541} INFO - Filling up the DagBag from /Users/macbook/Documents/Documents_MacBook_Pro/ISTT/AirflowTutorial/envlibs/lib/python3.10/site-packages/airflow/example_dags/example_latest_only.py
[2023-06-22T14:45:09.577+0700] {processor.py:836} INFO - DAG(s) dict_keys(['latest_only']) retrieved from /Users/macbook/Documents/Documents_MacBook_Pro/ISTT/AirflowTutorial/envlibs/lib/python3.10/site-packages/airflow/example_dags/example_latest_only.py
[2023-06-22T14:45:10.396+0700] {logging_mixin.py:149} INFO - [2023-06-22T14:45:10.396+0700] {dag.py:2726} INFO - Sync 1 DAGs
[2023-06-22T14:45:10.415+0700] {logging_mixin.py:149} INFO - [2023-06-22T14:45:10.414+0700] {dag.py:3486} INFO - Setting next_dagrun for latest_only to 2023-06-22T03:45:10.414746+00:00, run_after=2023-06-22T07:45:10.414746+00:00
[2023-06-22T14:45:10.433+0700] {processor.py:179} INFO - Processing /Users/macbook/Documents/Documents_MacBook_Pro/ISTT/AirflowTutorial/envlibs/lib/python3.10/site-packages/airflow/example_dags/example_latest_only.py took 0.879 seconds
[2023-06-22T14:49:22.889+0700] {processor.py:157} INFO - Started process (PID=12721) to work on /Users/macbook/Documents/Documents_MacBook_Pro/ISTT/AirflowTutorial/envlibs/lib/python3.10/site-packages/airflow/example_dags/example_latest_only.py
[2023-06-22T14:49:22.890+0700] {processor.py:826} INFO - Processing file /Users/macbook/Documents/Documents_MacBook_Pro/ISTT/AirflowTutorial/envlibs/lib/python3.10/site-packages/airflow/example_dags/example_latest_only.py for tasks to queue
[2023-06-22T14:49:22.891+0700] {logging_mixin.py:149} INFO - [2023-06-22T14:49:22.891+0700] {dagbag.py:541} INFO - Filling up the DagBag from /Users/macbook/Documents/Documents_MacBook_Pro/ISTT/AirflowTutorial/envlibs/lib/python3.10/site-packages/airflow/example_dags/example_latest_only.py
[2023-06-22T14:49:22.914+0700] {processor.py:836} INFO - DAG(s) dict_keys(['latest_only']) retrieved from /Users/macbook/Documents/Documents_MacBook_Pro/ISTT/AirflowTutorial/envlibs/lib/python3.10/site-packages/airflow/example_dags/example_latest_only.py
[2023-06-22T14:49:23.742+0700] {logging_mixin.py:149} INFO - [2023-06-22T14:49:23.742+0700] {dag.py:2726} INFO - Sync 1 DAGs
[2023-06-22T14:49:23.761+0700] {logging_mixin.py:149} INFO - [2023-06-22T14:49:23.761+0700] {dag.py:3486} INFO - Setting next_dagrun for latest_only to 2023-06-22T03:49:23.761225+00:00, run_after=2023-06-22T07:49:23.761225+00:00
[2023-06-22T14:49:23.783+0700] {processor.py:179} INFO - Processing /Users/macbook/Documents/Documents_MacBook_Pro/ISTT/AirflowTutorial/envlibs/lib/python3.10/site-packages/airflow/example_dags/example_latest_only.py took 0.895 seconds
[2023-06-22T14:53:25.053+0700] {processor.py:157} INFO - Started process (PID=12832) to work on /Users/macbook/Documents/Documents_MacBook_Pro/ISTT/AirflowTutorial/envlibs/lib/python3.10/site-packages/airflow/example_dags/example_latest_only.py
[2023-06-22T14:53:25.054+0700] {processor.py:826} INFO - Processing file /Users/macbook/Documents/Documents_MacBook_Pro/ISTT/AirflowTutorial/envlibs/lib/python3.10/site-packages/airflow/example_dags/example_latest_only.py for tasks to queue
[2023-06-22T14:53:25.055+0700] {logging_mixin.py:149} INFO - [2023-06-22T14:53:25.055+0700] {dagbag.py:541} INFO - Filling up the DagBag from /Users/macbook/Documents/Documents_MacBook_Pro/ISTT/AirflowTutorial/envlibs/lib/python3.10/site-packages/airflow/example_dags/example_latest_only.py
[2023-06-22T14:53:25.076+0700] {processor.py:836} INFO - DAG(s) dict_keys(['latest_only']) retrieved from /Users/macbook/Documents/Documents_MacBook_Pro/ISTT/AirflowTutorial/envlibs/lib/python3.10/site-packages/airflow/example_dags/example_latest_only.py
[2023-06-22T14:53:25.803+0700] {logging_mixin.py:149} INFO - [2023-06-22T14:53:25.802+0700] {dag.py:2726} INFO - Sync 1 DAGs
[2023-06-22T14:53:25.818+0700] {logging_mixin.py:149} INFO - [2023-06-22T14:53:25.818+0700] {dag.py:3486} INFO - Setting next_dagrun for latest_only to 2023-06-22T03:53:25.818092+00:00, run_after=2023-06-22T07:53:25.818092+00:00
[2023-06-22T14:53:25.840+0700] {processor.py:179} INFO - Processing /Users/macbook/Documents/Documents_MacBook_Pro/ISTT/AirflowTutorial/envlibs/lib/python3.10/site-packages/airflow/example_dags/example_latest_only.py took 0.788 seconds
[2023-06-22T14:57:18.511+0700] {processor.py:157} INFO - Started process (PID=12936) to work on /Users/macbook/Documents/Documents_MacBook_Pro/ISTT/AirflowTutorial/envlibs/lib/python3.10/site-packages/airflow/example_dags/example_latest_only.py
[2023-06-22T14:57:18.513+0700] {processor.py:826} INFO - Processing file /Users/macbook/Documents/Documents_MacBook_Pro/ISTT/AirflowTutorial/envlibs/lib/python3.10/site-packages/airflow/example_dags/example_latest_only.py for tasks to queue
[2023-06-22T14:57:18.513+0700] {logging_mixin.py:149} INFO - [2023-06-22T14:57:18.513+0700] {dagbag.py:541} INFO - Filling up the DagBag from /Users/macbook/Documents/Documents_MacBook_Pro/ISTT/AirflowTutorial/envlibs/lib/python3.10/site-packages/airflow/example_dags/example_latest_only.py
[2023-06-22T14:57:18.533+0700] {processor.py:836} INFO - DAG(s) dict_keys(['latest_only']) retrieved from /Users/macbook/Documents/Documents_MacBook_Pro/ISTT/AirflowTutorial/envlibs/lib/python3.10/site-packages/airflow/example_dags/example_latest_only.py
[2023-06-22T14:57:19.239+0700] {logging_mixin.py:149} INFO - [2023-06-22T14:57:19.239+0700] {dag.py:2726} INFO - Sync 1 DAGs
[2023-06-22T14:57:19.257+0700] {logging_mixin.py:149} INFO - [2023-06-22T14:57:19.257+0700] {dag.py:3486} INFO - Setting next_dagrun for latest_only to 2023-06-22T03:57:19.257567+00:00, run_after=2023-06-22T07:57:19.257567+00:00
[2023-06-22T14:57:19.275+0700] {processor.py:179} INFO - Processing /Users/macbook/Documents/Documents_MacBook_Pro/ISTT/AirflowTutorial/envlibs/lib/python3.10/site-packages/airflow/example_dags/example_latest_only.py took 0.765 seconds
[2023-06-22T15:01:24.374+0700] {processor.py:157} INFO - Started process (PID=13046) to work on /Users/macbook/Documents/Documents_MacBook_Pro/ISTT/AirflowTutorial/envlibs/lib/python3.10/site-packages/airflow/example_dags/example_latest_only.py
[2023-06-22T15:01:24.375+0700] {processor.py:826} INFO - Processing file /Users/macbook/Documents/Documents_MacBook_Pro/ISTT/AirflowTutorial/envlibs/lib/python3.10/site-packages/airflow/example_dags/example_latest_only.py for tasks to queue
[2023-06-22T15:01:24.376+0700] {logging_mixin.py:149} INFO - [2023-06-22T15:01:24.376+0700] {dagbag.py:541} INFO - Filling up the DagBag from /Users/macbook/Documents/Documents_MacBook_Pro/ISTT/AirflowTutorial/envlibs/lib/python3.10/site-packages/airflow/example_dags/example_latest_only.py
[2023-06-22T15:01:24.401+0700] {processor.py:836} INFO - DAG(s) dict_keys(['latest_only']) retrieved from /Users/macbook/Documents/Documents_MacBook_Pro/ISTT/AirflowTutorial/envlibs/lib/python3.10/site-packages/airflow/example_dags/example_latest_only.py
[2023-06-22T15:01:25.307+0700] {logging_mixin.py:149} INFO - [2023-06-22T15:01:25.307+0700] {dag.py:2726} INFO - Sync 1 DAGs
[2023-06-22T15:01:25.326+0700] {logging_mixin.py:149} INFO - [2023-06-22T15:01:25.326+0700] {dag.py:3486} INFO - Setting next_dagrun for latest_only to 2023-06-22T04:01:25.326525+00:00, run_after=2023-06-22T08:01:25.326525+00:00
[2023-06-22T15:01:25.347+0700] {processor.py:179} INFO - Processing /Users/macbook/Documents/Documents_MacBook_Pro/ISTT/AirflowTutorial/envlibs/lib/python3.10/site-packages/airflow/example_dags/example_latest_only.py took 0.974 seconds
[2023-06-22T15:05:28.677+0700] {processor.py:157} INFO - Started process (PID=13172) to work on /Users/macbook/Documents/Documents_MacBook_Pro/ISTT/AirflowTutorial/envlibs/lib/python3.10/site-packages/airflow/example_dags/example_latest_only.py
[2023-06-22T15:05:28.678+0700] {processor.py:826} INFO - Processing file /Users/macbook/Documents/Documents_MacBook_Pro/ISTT/AirflowTutorial/envlibs/lib/python3.10/site-packages/airflow/example_dags/example_latest_only.py for tasks to queue
[2023-06-22T15:05:28.679+0700] {logging_mixin.py:149} INFO - [2023-06-22T15:05:28.678+0700] {dagbag.py:541} INFO - Filling up the DagBag from /Users/macbook/Documents/Documents_MacBook_Pro/ISTT/AirflowTutorial/envlibs/lib/python3.10/site-packages/airflow/example_dags/example_latest_only.py
[2023-06-22T15:05:28.705+0700] {processor.py:836} INFO - DAG(s) dict_keys(['latest_only']) retrieved from /Users/macbook/Documents/Documents_MacBook_Pro/ISTT/AirflowTutorial/envlibs/lib/python3.10/site-packages/airflow/example_dags/example_latest_only.py
[2023-06-22T15:05:29.590+0700] {logging_mixin.py:149} INFO - [2023-06-22T15:05:29.590+0700] {dag.py:2726} INFO - Sync 1 DAGs
[2023-06-22T15:05:29.608+0700] {logging_mixin.py:149} INFO - [2023-06-22T15:05:29.608+0700] {dag.py:3486} INFO - Setting next_dagrun for latest_only to 2023-06-22T04:05:29.608148+00:00, run_after=2023-06-22T08:05:29.608148+00:00
[2023-06-22T15:05:29.627+0700] {processor.py:179} INFO - Processing /Users/macbook/Documents/Documents_MacBook_Pro/ISTT/AirflowTutorial/envlibs/lib/python3.10/site-packages/airflow/example_dags/example_latest_only.py took 0.951 seconds
[2023-06-22T15:09:36.867+0700] {processor.py:157} INFO - Started process (PID=13325) to work on /Users/macbook/Documents/Documents_MacBook_Pro/ISTT/AirflowTutorial/envlibs/lib/python3.10/site-packages/airflow/example_dags/example_latest_only.py
[2023-06-22T15:09:36.868+0700] {processor.py:826} INFO - Processing file /Users/macbook/Documents/Documents_MacBook_Pro/ISTT/AirflowTutorial/envlibs/lib/python3.10/site-packages/airflow/example_dags/example_latest_only.py for tasks to queue
[2023-06-22T15:09:36.869+0700] {logging_mixin.py:149} INFO - [2023-06-22T15:09:36.869+0700] {dagbag.py:541} INFO - Filling up the DagBag from /Users/macbook/Documents/Documents_MacBook_Pro/ISTT/AirflowTutorial/envlibs/lib/python3.10/site-packages/airflow/example_dags/example_latest_only.py
[2023-06-22T15:09:36.900+0700] {processor.py:836} INFO - DAG(s) dict_keys(['latest_only']) retrieved from /Users/macbook/Documents/Documents_MacBook_Pro/ISTT/AirflowTutorial/envlibs/lib/python3.10/site-packages/airflow/example_dags/example_latest_only.py
[2023-06-22T15:09:37.859+0700] {logging_mixin.py:149} INFO - [2023-06-22T15:09:37.858+0700] {dag.py:2726} INFO - Sync 1 DAGs
[2023-06-22T15:09:37.889+0700] {logging_mixin.py:149} INFO - [2023-06-22T15:09:37.889+0700] {dag.py:3486} INFO - Setting next_dagrun for latest_only to 2023-06-22T04:09:37.888991+00:00, run_after=2023-06-22T08:09:37.888991+00:00
[2023-06-22T15:09:37.913+0700] {processor.py:179} INFO - Processing /Users/macbook/Documents/Documents_MacBook_Pro/ISTT/AirflowTutorial/envlibs/lib/python3.10/site-packages/airflow/example_dags/example_latest_only.py took 1.047 seconds
[2023-06-22T15:13:49.071+0700] {processor.py:157} INFO - Started process (PID=13492) to work on /Users/macbook/Documents/Documents_MacBook_Pro/ISTT/AirflowTutorial/envlibs/lib/python3.10/site-packages/airflow/example_dags/example_latest_only.py
[2023-06-22T15:13:49.073+0700] {processor.py:826} INFO - Processing file /Users/macbook/Documents/Documents_MacBook_Pro/ISTT/AirflowTutorial/envlibs/lib/python3.10/site-packages/airflow/example_dags/example_latest_only.py for tasks to queue
[2023-06-22T15:13:49.074+0700] {logging_mixin.py:149} INFO - [2023-06-22T15:13:49.074+0700] {dagbag.py:541} INFO - Filling up the DagBag from /Users/macbook/Documents/Documents_MacBook_Pro/ISTT/AirflowTutorial/envlibs/lib/python3.10/site-packages/airflow/example_dags/example_latest_only.py
[2023-06-22T15:13:49.100+0700] {processor.py:836} INFO - DAG(s) dict_keys(['latest_only']) retrieved from /Users/macbook/Documents/Documents_MacBook_Pro/ISTT/AirflowTutorial/envlibs/lib/python3.10/site-packages/airflow/example_dags/example_latest_only.py
[2023-06-22T15:13:50.151+0700] {logging_mixin.py:149} INFO - [2023-06-22T15:13:50.150+0700] {dag.py:2726} INFO - Sync 1 DAGs
[2023-06-22T15:13:50.173+0700] {logging_mixin.py:149} INFO - [2023-06-22T15:13:50.173+0700] {dag.py:3486} INFO - Setting next_dagrun for latest_only to 2023-06-22T04:13:50.173428+00:00, run_after=2023-06-22T08:13:50.173428+00:00
[2023-06-22T15:13:50.197+0700] {processor.py:179} INFO - Processing /Users/macbook/Documents/Documents_MacBook_Pro/ISTT/AirflowTutorial/envlibs/lib/python3.10/site-packages/airflow/example_dags/example_latest_only.py took 1.127 seconds
