[2023-06-22T14:28:11.704+0700] {processor.py:157} INFO - Started process (PID=11889) to work on /Users/macbook/Documents/Documents_MacBook_Pro/ISTT/AirflowTutorial/envlibs/lib/python3.10/site-packages/airflow/example_dags/example_params_trigger_ui.py
[2023-06-22T14:28:11.705+0700] {processor.py:826} INFO - Processing file /Users/macbook/Documents/Documents_MacBook_Pro/ISTT/AirflowTutorial/envlibs/lib/python3.10/site-packages/airflow/example_dags/example_params_trigger_ui.py for tasks to queue
[2023-06-22T14:28:11.706+0700] {logging_mixin.py:149} INFO - [2023-06-22T14:28:11.705+0700] {dagbag.py:541} INFO - Filling up the DagBag from /Users/macbook/Documents/Documents_MacBook_Pro/ISTT/AirflowTutorial/envlibs/lib/python3.10/site-packages/airflow/example_dags/example_params_trigger_ui.py
[2023-06-22T14:28:11.779+0700] {processor.py:836} INFO - DAG(s) dict_keys(['example_params_trigger_ui']) retrieved from /Users/macbook/Documents/Documents_MacBook_Pro/ISTT/AirflowTutorial/envlibs/lib/python3.10/site-packages/airflow/example_dags/example_params_trigger_ui.py
[2023-06-22T14:28:12.544+0700] {logging_mixin.py:149} INFO - [2023-06-22T14:28:12.544+0700] {dag.py:2726} INFO - Sync 1 DAGs
[2023-06-22T14:28:12.558+0700] {logging_mixin.py:149} INFO - [2023-06-22T14:28:12.558+0700] {dag.py:3486} INFO - Setting next_dagrun for example_params_trigger_ui to None, run_after=None
[2023-06-22T14:28:12.574+0700] {processor.py:179} INFO - Processing /Users/macbook/Documents/Documents_MacBook_Pro/ISTT/AirflowTutorial/envlibs/lib/python3.10/site-packages/airflow/example_dags/example_params_trigger_ui.py took 0.871 seconds
[2023-06-22T14:30:41.910+0700] {processor.py:157} INFO - Started process (PID=11964) to work on /Users/macbook/Documents/Documents_MacBook_Pro/ISTT/AirflowTutorial/envlibs/lib/python3.10/site-packages/airflow/example_dags/example_params_trigger_ui.py
[2023-06-22T14:30:41.911+0700] {processor.py:826} INFO - Processing file /Users/macbook/Documents/Documents_MacBook_Pro/ISTT/AirflowTutorial/envlibs/lib/python3.10/site-packages/airflow/example_dags/example_params_trigger_ui.py for tasks to queue
[2023-06-22T14:30:41.912+0700] {logging_mixin.py:149} INFO - [2023-06-22T14:30:41.912+0700] {dagbag.py:541} INFO - Filling up the DagBag from /Users/macbook/Documents/Documents_MacBook_Pro/ISTT/AirflowTutorial/envlibs/lib/python3.10/site-packages/airflow/example_dags/example_params_trigger_ui.py
[2023-06-22T14:30:42.004+0700] {processor.py:836} INFO - DAG(s) dict_keys(['example_params_trigger_ui']) retrieved from /Users/macbook/Documents/Documents_MacBook_Pro/ISTT/AirflowTutorial/envlibs/lib/python3.10/site-packages/airflow/example_dags/example_params_trigger_ui.py
[2023-06-22T14:30:42.852+0700] {logging_mixin.py:149} INFO - [2023-06-22T14:30:42.852+0700] {dag.py:2726} INFO - Sync 1 DAGs
[2023-06-22T14:30:42.870+0700] {logging_mixin.py:149} INFO - [2023-06-22T14:30:42.869+0700] {dag.py:3486} INFO - Setting next_dagrun for example_params_trigger_ui to None, run_after=None
[2023-06-22T14:30:42.892+0700] {processor.py:179} INFO - Processing /Users/macbook/Documents/Documents_MacBook_Pro/ISTT/AirflowTutorial/envlibs/lib/python3.10/site-packages/airflow/example_dags/example_params_trigger_ui.py took 0.983 seconds
[2023-06-22T14:35:31.269+0700] {processor.py:157} INFO - Started process (PID=12217) to work on /Users/macbook/Documents/Documents_MacBook_Pro/ISTT/AirflowTutorial/envlibs/lib/python3.10/site-packages/airflow/example_dags/example_params_trigger_ui.py
[2023-06-22T14:35:31.270+0700] {processor.py:826} INFO - Processing file /Users/macbook/Documents/Documents_MacBook_Pro/ISTT/AirflowTutorial/envlibs/lib/python3.10/site-packages/airflow/example_dags/example_params_trigger_ui.py for tasks to queue
[2023-06-22T14:35:31.271+0700] {logging_mixin.py:149} INFO - [2023-06-22T14:35:31.271+0700] {dagbag.py:541} INFO - Filling up the DagBag from /Users/macbook/Documents/Documents_MacBook_Pro/ISTT/AirflowTutorial/envlibs/lib/python3.10/site-packages/airflow/example_dags/example_params_trigger_ui.py
[2023-06-22T14:35:31.377+0700] {processor.py:836} INFO - DAG(s) dict_keys(['example_params_trigger_ui']) retrieved from /Users/macbook/Documents/Documents_MacBook_Pro/ISTT/AirflowTutorial/envlibs/lib/python3.10/site-packages/airflow/example_dags/example_params_trigger_ui.py
[2023-06-22T14:35:32.618+0700] {logging_mixin.py:149} INFO - [2023-06-22T14:35:32.617+0700] {dag.py:2726} INFO - Sync 1 DAGs
[2023-06-22T14:35:32.634+0700] {logging_mixin.py:149} INFO - [2023-06-22T14:35:32.633+0700] {dag.py:2747} INFO - Creating ORM DAG for example_params_trigger_ui
[2023-06-22T14:35:32.649+0700] {logging_mixin.py:149} INFO - [2023-06-22T14:35:32.649+0700] {dag.py:3486} INFO - Setting next_dagrun for example_params_trigger_ui to None, run_after=None
[2023-06-22T14:35:32.683+0700] {processor.py:179} INFO - Processing /Users/macbook/Documents/Documents_MacBook_Pro/ISTT/AirflowTutorial/envlibs/lib/python3.10/site-packages/airflow/example_dags/example_params_trigger_ui.py took 1.415 seconds
[2023-06-22T14:38:21.503+0700] {processor.py:157} INFO - Started process (PID=12359) to work on /Users/macbook/Documents/Documents_MacBook_Pro/ISTT/AirflowTutorial/envlibs/lib/python3.10/site-packages/airflow/example_dags/example_params_trigger_ui.py
[2023-06-22T14:38:21.504+0700] {processor.py:826} INFO - Processing file /Users/macbook/Documents/Documents_MacBook_Pro/ISTT/AirflowTutorial/envlibs/lib/python3.10/site-packages/airflow/example_dags/example_params_trigger_ui.py for tasks to queue
[2023-06-22T14:38:21.505+0700] {logging_mixin.py:149} INFO - [2023-06-22T14:38:21.505+0700] {dagbag.py:541} INFO - Filling up the DagBag from /Users/macbook/Documents/Documents_MacBook_Pro/ISTT/AirflowTutorial/envlibs/lib/python3.10/site-packages/airflow/example_dags/example_params_trigger_ui.py
[2023-06-22T14:38:21.604+0700] {processor.py:836} INFO - DAG(s) dict_keys(['example_params_trigger_ui']) retrieved from /Users/macbook/Documents/Documents_MacBook_Pro/ISTT/AirflowTutorial/envlibs/lib/python3.10/site-packages/airflow/example_dags/example_params_trigger_ui.py
[2023-06-22T14:38:22.870+0700] {logging_mixin.py:149} INFO - [2023-06-22T14:38:22.870+0700] {dag.py:2726} INFO - Sync 1 DAGs
[2023-06-22T14:38:22.883+0700] {logging_mixin.py:149} INFO - [2023-06-22T14:38:22.882+0700] {dag.py:2747} INFO - Creating ORM DAG for example_params_trigger_ui
[2023-06-22T14:38:22.891+0700] {logging_mixin.py:149} INFO - [2023-06-22T14:38:22.891+0700] {dag.py:3486} INFO - Setting next_dagrun for example_params_trigger_ui to None, run_after=None
[2023-06-22T14:38:22.910+0700] {processor.py:179} INFO - Processing /Users/macbook/Documents/Documents_MacBook_Pro/ISTT/AirflowTutorial/envlibs/lib/python3.10/site-packages/airflow/example_dags/example_params_trigger_ui.py took 1.408 seconds
[2023-06-22T14:40:44.121+0700] {processor.py:157} INFO - Started process (PID=12476) to work on /Users/macbook/Documents/Documents_MacBook_Pro/ISTT/AirflowTutorial/envlibs/lib/python3.10/site-packages/airflow/example_dags/example_params_trigger_ui.py
[2023-06-22T14:40:44.122+0700] {processor.py:826} INFO - Processing file /Users/macbook/Documents/Documents_MacBook_Pro/ISTT/AirflowTutorial/envlibs/lib/python3.10/site-packages/airflow/example_dags/example_params_trigger_ui.py for tasks to queue
[2023-06-22T14:40:44.123+0700] {logging_mixin.py:149} INFO - [2023-06-22T14:40:44.123+0700] {dagbag.py:541} INFO - Filling up the DagBag from /Users/macbook/Documents/Documents_MacBook_Pro/ISTT/AirflowTutorial/envlibs/lib/python3.10/site-packages/airflow/example_dags/example_params_trigger_ui.py
[2023-06-22T14:40:44.217+0700] {processor.py:836} INFO - DAG(s) dict_keys(['example_params_trigger_ui']) retrieved from /Users/macbook/Documents/Documents_MacBook_Pro/ISTT/AirflowTutorial/envlibs/lib/python3.10/site-packages/airflow/example_dags/example_params_trigger_ui.py
[2023-06-22T14:40:45.180+0700] {logging_mixin.py:149} INFO - [2023-06-22T14:40:45.179+0700] {dag.py:2726} INFO - Sync 1 DAGs
[2023-06-22T14:40:45.209+0700] {logging_mixin.py:149} INFO - [2023-06-22T14:40:45.208+0700] {dag.py:3486} INFO - Setting next_dagrun for example_params_trigger_ui to None, run_after=None
[2023-06-22T14:40:45.236+0700] {processor.py:179} INFO - Processing /Users/macbook/Documents/Documents_MacBook_Pro/ISTT/AirflowTutorial/envlibs/lib/python3.10/site-packages/airflow/example_dags/example_params_trigger_ui.py took 1.116 seconds
[2023-06-22T14:42:52.062+0700] {processor.py:157} INFO - Started process (PID=12540) to work on /Users/macbook/Documents/Documents_MacBook_Pro/ISTT/AirflowTutorial/envlibs/lib/python3.10/site-packages/airflow/example_dags/example_params_trigger_ui.py
[2023-06-22T14:42:52.063+0700] {processor.py:826} INFO - Processing file /Users/macbook/Documents/Documents_MacBook_Pro/ISTT/AirflowTutorial/envlibs/lib/python3.10/site-packages/airflow/example_dags/example_params_trigger_ui.py for tasks to queue
[2023-06-22T14:42:52.063+0700] {logging_mixin.py:149} INFO - [2023-06-22T14:42:52.063+0700] {dagbag.py:541} INFO - Filling up the DagBag from /Users/macbook/Documents/Documents_MacBook_Pro/ISTT/AirflowTutorial/envlibs/lib/python3.10/site-packages/airflow/example_dags/example_params_trigger_ui.py
[2023-06-22T14:42:52.148+0700] {processor.py:836} INFO - DAG(s) dict_keys(['example_params_trigger_ui']) retrieved from /Users/macbook/Documents/Documents_MacBook_Pro/ISTT/AirflowTutorial/envlibs/lib/python3.10/site-packages/airflow/example_dags/example_params_trigger_ui.py
[2023-06-22T14:42:53.000+0700] {logging_mixin.py:149} INFO - [2023-06-22T14:42:53.000+0700] {dag.py:2726} INFO - Sync 1 DAGs
[2023-06-22T14:42:53.018+0700] {logging_mixin.py:149} INFO - [2023-06-22T14:42:53.017+0700] {dag.py:3486} INFO - Setting next_dagrun for example_params_trigger_ui to None, run_after=None
[2023-06-22T14:42:53.037+0700] {processor.py:179} INFO - Processing /Users/macbook/Documents/Documents_MacBook_Pro/ISTT/AirflowTutorial/envlibs/lib/python3.10/site-packages/airflow/example_dags/example_params_trigger_ui.py took 0.976 seconds
[2023-06-22T14:44:59.515+0700] {processor.py:157} INFO - Started process (PID=12595) to work on /Users/macbook/Documents/Documents_MacBook_Pro/ISTT/AirflowTutorial/envlibs/lib/python3.10/site-packages/airflow/example_dags/example_params_trigger_ui.py
[2023-06-22T14:44:59.517+0700] {processor.py:826} INFO - Processing file /Users/macbook/Documents/Documents_MacBook_Pro/ISTT/AirflowTutorial/envlibs/lib/python3.10/site-packages/airflow/example_dags/example_params_trigger_ui.py for tasks to queue
[2023-06-22T14:44:59.517+0700] {logging_mixin.py:149} INFO - [2023-06-22T14:44:59.517+0700] {dagbag.py:541} INFO - Filling up the DagBag from /Users/macbook/Documents/Documents_MacBook_Pro/ISTT/AirflowTutorial/envlibs/lib/python3.10/site-packages/airflow/example_dags/example_params_trigger_ui.py
[2023-06-22T14:44:59.606+0700] {processor.py:836} INFO - DAG(s) dict_keys(['example_params_trigger_ui']) retrieved from /Users/macbook/Documents/Documents_MacBook_Pro/ISTT/AirflowTutorial/envlibs/lib/python3.10/site-packages/airflow/example_dags/example_params_trigger_ui.py
[2023-06-22T14:45:00.556+0700] {logging_mixin.py:149} INFO - [2023-06-22T14:45:00.555+0700] {dag.py:2726} INFO - Sync 1 DAGs
[2023-06-22T14:45:00.572+0700] {logging_mixin.py:149} INFO - [2023-06-22T14:45:00.572+0700] {dag.py:3486} INFO - Setting next_dagrun for example_params_trigger_ui to None, run_after=None
[2023-06-22T14:45:00.590+0700] {processor.py:179} INFO - Processing /Users/macbook/Documents/Documents_MacBook_Pro/ISTT/AirflowTutorial/envlibs/lib/python3.10/site-packages/airflow/example_dags/example_params_trigger_ui.py took 1.075 seconds
[2023-06-22T14:47:03.768+0700] {processor.py:157} INFO - Started process (PID=12651) to work on /Users/macbook/Documents/Documents_MacBook_Pro/ISTT/AirflowTutorial/envlibs/lib/python3.10/site-packages/airflow/example_dags/example_params_trigger_ui.py
[2023-06-22T14:47:03.769+0700] {processor.py:826} INFO - Processing file /Users/macbook/Documents/Documents_MacBook_Pro/ISTT/AirflowTutorial/envlibs/lib/python3.10/site-packages/airflow/example_dags/example_params_trigger_ui.py for tasks to queue
[2023-06-22T14:47:03.770+0700] {logging_mixin.py:149} INFO - [2023-06-22T14:47:03.770+0700] {dagbag.py:541} INFO - Filling up the DagBag from /Users/macbook/Documents/Documents_MacBook_Pro/ISTT/AirflowTutorial/envlibs/lib/python3.10/site-packages/airflow/example_dags/example_params_trigger_ui.py
[2023-06-22T14:47:03.863+0700] {processor.py:836} INFO - DAG(s) dict_keys(['example_params_trigger_ui']) retrieved from /Users/macbook/Documents/Documents_MacBook_Pro/ISTT/AirflowTutorial/envlibs/lib/python3.10/site-packages/airflow/example_dags/example_params_trigger_ui.py
[2023-06-22T14:47:04.749+0700] {logging_mixin.py:149} INFO - [2023-06-22T14:47:04.749+0700] {dag.py:2726} INFO - Sync 1 DAGs
[2023-06-22T14:47:04.766+0700] {logging_mixin.py:149} INFO - [2023-06-22T14:47:04.766+0700] {dag.py:3486} INFO - Setting next_dagrun for example_params_trigger_ui to None, run_after=None
[2023-06-22T14:47:04.787+0700] {processor.py:179} INFO - Processing /Users/macbook/Documents/Documents_MacBook_Pro/ISTT/AirflowTutorial/envlibs/lib/python3.10/site-packages/airflow/example_dags/example_params_trigger_ui.py took 1.020 seconds
[2023-06-22T14:49:11.638+0700] {processor.py:157} INFO - Started process (PID=12716) to work on /Users/macbook/Documents/Documents_MacBook_Pro/ISTT/AirflowTutorial/envlibs/lib/python3.10/site-packages/airflow/example_dags/example_params_trigger_ui.py
[2023-06-22T14:49:11.640+0700] {processor.py:826} INFO - Processing file /Users/macbook/Documents/Documents_MacBook_Pro/ISTT/AirflowTutorial/envlibs/lib/python3.10/site-packages/airflow/example_dags/example_params_trigger_ui.py for tasks to queue
[2023-06-22T14:49:11.640+0700] {logging_mixin.py:149} INFO - [2023-06-22T14:49:11.640+0700] {dagbag.py:541} INFO - Filling up the DagBag from /Users/macbook/Documents/Documents_MacBook_Pro/ISTT/AirflowTutorial/envlibs/lib/python3.10/site-packages/airflow/example_dags/example_params_trigger_ui.py
[2023-06-22T14:49:11.733+0700] {processor.py:836} INFO - DAG(s) dict_keys(['example_params_trigger_ui']) retrieved from /Users/macbook/Documents/Documents_MacBook_Pro/ISTT/AirflowTutorial/envlibs/lib/python3.10/site-packages/airflow/example_dags/example_params_trigger_ui.py
[2023-06-22T14:49:12.671+0700] {logging_mixin.py:149} INFO - [2023-06-22T14:49:12.671+0700] {dag.py:2726} INFO - Sync 1 DAGs
[2023-06-22T14:49:12.689+0700] {logging_mixin.py:149} INFO - [2023-06-22T14:49:12.689+0700] {dag.py:3486} INFO - Setting next_dagrun for example_params_trigger_ui to None, run_after=None
[2023-06-22T14:49:12.708+0700] {processor.py:179} INFO - Processing /Users/macbook/Documents/Documents_MacBook_Pro/ISTT/AirflowTutorial/envlibs/lib/python3.10/site-packages/airflow/example_dags/example_params_trigger_ui.py took 1.070 seconds
[2023-06-22T14:51:15.836+0700] {processor.py:157} INFO - Started process (PID=12772) to work on /Users/macbook/Documents/Documents_MacBook_Pro/ISTT/AirflowTutorial/envlibs/lib/python3.10/site-packages/airflow/example_dags/example_params_trigger_ui.py
[2023-06-22T14:51:15.838+0700] {processor.py:826} INFO - Processing file /Users/macbook/Documents/Documents_MacBook_Pro/ISTT/AirflowTutorial/envlibs/lib/python3.10/site-packages/airflow/example_dags/example_params_trigger_ui.py for tasks to queue
[2023-06-22T14:51:15.839+0700] {logging_mixin.py:149} INFO - [2023-06-22T14:51:15.839+0700] {dagbag.py:541} INFO - Filling up the DagBag from /Users/macbook/Documents/Documents_MacBook_Pro/ISTT/AirflowTutorial/envlibs/lib/python3.10/site-packages/airflow/example_dags/example_params_trigger_ui.py
[2023-06-22T14:51:15.931+0700] {processor.py:836} INFO - DAG(s) dict_keys(['example_params_trigger_ui']) retrieved from /Users/macbook/Documents/Documents_MacBook_Pro/ISTT/AirflowTutorial/envlibs/lib/python3.10/site-packages/airflow/example_dags/example_params_trigger_ui.py
[2023-06-22T14:51:16.693+0700] {logging_mixin.py:149} INFO - [2023-06-22T14:51:16.692+0700] {dag.py:2726} INFO - Sync 1 DAGs
[2023-06-22T14:51:16.711+0700] {logging_mixin.py:149} INFO - [2023-06-22T14:51:16.711+0700] {dag.py:3486} INFO - Setting next_dagrun for example_params_trigger_ui to None, run_after=None
[2023-06-22T14:51:16.727+0700] {processor.py:179} INFO - Processing /Users/macbook/Documents/Documents_MacBook_Pro/ISTT/AirflowTutorial/envlibs/lib/python3.10/site-packages/airflow/example_dags/example_params_trigger_ui.py took 0.892 seconds
[2023-06-22T14:55:13.864+0700] {processor.py:157} INFO - Started process (PID=12882) to work on /Users/macbook/Documents/Documents_MacBook_Pro/ISTT/AirflowTutorial/envlibs/lib/python3.10/site-packages/airflow/example_dags/example_params_trigger_ui.py
[2023-06-22T14:55:13.865+0700] {processor.py:826} INFO - Processing file /Users/macbook/Documents/Documents_MacBook_Pro/ISTT/AirflowTutorial/envlibs/lib/python3.10/site-packages/airflow/example_dags/example_params_trigger_ui.py for tasks to queue
[2023-06-22T14:55:13.866+0700] {logging_mixin.py:149} INFO - [2023-06-22T14:55:13.866+0700] {dagbag.py:541} INFO - Filling up the DagBag from /Users/macbook/Documents/Documents_MacBook_Pro/ISTT/AirflowTutorial/envlibs/lib/python3.10/site-packages/airflow/example_dags/example_params_trigger_ui.py
[2023-06-22T14:55:13.943+0700] {processor.py:836} INFO - DAG(s) dict_keys(['example_params_trigger_ui']) retrieved from /Users/macbook/Documents/Documents_MacBook_Pro/ISTT/AirflowTutorial/envlibs/lib/python3.10/site-packages/airflow/example_dags/example_params_trigger_ui.py
[2023-06-22T14:55:14.686+0700] {logging_mixin.py:149} INFO - [2023-06-22T14:55:14.686+0700] {dag.py:2726} INFO - Sync 1 DAGs
[2023-06-22T14:55:14.706+0700] {logging_mixin.py:149} INFO - [2023-06-22T14:55:14.706+0700] {dag.py:3486} INFO - Setting next_dagrun for example_params_trigger_ui to None, run_after=None
[2023-06-22T14:55:14.722+0700] {processor.py:179} INFO - Processing /Users/macbook/Documents/Documents_MacBook_Pro/ISTT/AirflowTutorial/envlibs/lib/python3.10/site-packages/airflow/example_dags/example_params_trigger_ui.py took 0.859 seconds
[2023-06-22T14:59:13.176+0700] {processor.py:157} INFO - Started process (PID=12986) to work on /Users/macbook/Documents/Documents_MacBook_Pro/ISTT/AirflowTutorial/envlibs/lib/python3.10/site-packages/airflow/example_dags/example_params_trigger_ui.py
[2023-06-22T14:59:13.177+0700] {processor.py:826} INFO - Processing file /Users/macbook/Documents/Documents_MacBook_Pro/ISTT/AirflowTutorial/envlibs/lib/python3.10/site-packages/airflow/example_dags/example_params_trigger_ui.py for tasks to queue
[2023-06-22T14:59:13.178+0700] {logging_mixin.py:149} INFO - [2023-06-22T14:59:13.177+0700] {dagbag.py:541} INFO - Filling up the DagBag from /Users/macbook/Documents/Documents_MacBook_Pro/ISTT/AirflowTutorial/envlibs/lib/python3.10/site-packages/airflow/example_dags/example_params_trigger_ui.py
[2023-06-22T14:59:13.275+0700] {processor.py:836} INFO - DAG(s) dict_keys(['example_params_trigger_ui']) retrieved from /Users/macbook/Documents/Documents_MacBook_Pro/ISTT/AirflowTutorial/envlibs/lib/python3.10/site-packages/airflow/example_dags/example_params_trigger_ui.py
[2023-06-22T14:59:14.063+0700] {logging_mixin.py:149} INFO - [2023-06-22T14:59:14.063+0700] {dag.py:2726} INFO - Sync 1 DAGs
[2023-06-22T14:59:14.083+0700] {logging_mixin.py:149} INFO - [2023-06-22T14:59:14.083+0700] {dag.py:3486} INFO - Setting next_dagrun for example_params_trigger_ui to None, run_after=None
[2023-06-22T14:59:14.103+0700] {processor.py:179} INFO - Processing /Users/macbook/Documents/Documents_MacBook_Pro/ISTT/AirflowTutorial/envlibs/lib/python3.10/site-packages/airflow/example_dags/example_params_trigger_ui.py took 0.928 seconds
[2023-06-22T15:03:18.398+0700] {processor.py:157} INFO - Started process (PID=13097) to work on /Users/macbook/Documents/Documents_MacBook_Pro/ISTT/AirflowTutorial/envlibs/lib/python3.10/site-packages/airflow/example_dags/example_params_trigger_ui.py
[2023-06-22T15:03:18.399+0700] {processor.py:826} INFO - Processing file /Users/macbook/Documents/Documents_MacBook_Pro/ISTT/AirflowTutorial/envlibs/lib/python3.10/site-packages/airflow/example_dags/example_params_trigger_ui.py for tasks to queue
[2023-06-22T15:03:18.400+0700] {logging_mixin.py:149} INFO - [2023-06-22T15:03:18.399+0700] {dagbag.py:541} INFO - Filling up the DagBag from /Users/macbook/Documents/Documents_MacBook_Pro/ISTT/AirflowTutorial/envlibs/lib/python3.10/site-packages/airflow/example_dags/example_params_trigger_ui.py
[2023-06-22T15:03:18.484+0700] {processor.py:836} INFO - DAG(s) dict_keys(['example_params_trigger_ui']) retrieved from /Users/macbook/Documents/Documents_MacBook_Pro/ISTT/AirflowTutorial/envlibs/lib/python3.10/site-packages/airflow/example_dags/example_params_trigger_ui.py
[2023-06-22T15:03:19.322+0700] {logging_mixin.py:149} INFO - [2023-06-22T15:03:19.321+0700] {dag.py:2726} INFO - Sync 1 DAGs
[2023-06-22T15:03:19.338+0700] {logging_mixin.py:149} INFO - [2023-06-22T15:03:19.337+0700] {dag.py:3486} INFO - Setting next_dagrun for example_params_trigger_ui to None, run_after=None
[2023-06-22T15:03:19.356+0700] {processor.py:179} INFO - Processing /Users/macbook/Documents/Documents_MacBook_Pro/ISTT/AirflowTutorial/envlibs/lib/python3.10/site-packages/airflow/example_dags/example_params_trigger_ui.py took 0.959 seconds
[2023-06-22T15:05:18.286+0700] {processor.py:157} INFO - Started process (PID=13157) to work on /Users/macbook/Documents/Documents_MacBook_Pro/ISTT/AirflowTutorial/envlibs/lib/python3.10/site-packages/airflow/example_dags/example_params_trigger_ui.py
[2023-06-22T15:05:18.287+0700] {processor.py:826} INFO - Processing file /Users/macbook/Documents/Documents_MacBook_Pro/ISTT/AirflowTutorial/envlibs/lib/python3.10/site-packages/airflow/example_dags/example_params_trigger_ui.py for tasks to queue
[2023-06-22T15:05:18.288+0700] {logging_mixin.py:149} INFO - [2023-06-22T15:05:18.288+0700] {dagbag.py:541} INFO - Filling up the DagBag from /Users/macbook/Documents/Documents_MacBook_Pro/ISTT/AirflowTutorial/envlibs/lib/python3.10/site-packages/airflow/example_dags/example_params_trigger_ui.py
[2023-06-22T15:05:18.376+0700] {processor.py:836} INFO - DAG(s) dict_keys(['example_params_trigger_ui']) retrieved from /Users/macbook/Documents/Documents_MacBook_Pro/ISTT/AirflowTutorial/envlibs/lib/python3.10/site-packages/airflow/example_dags/example_params_trigger_ui.py
[2023-06-22T15:05:19.096+0700] {logging_mixin.py:149} INFO - [2023-06-22T15:05:19.096+0700] {dag.py:2726} INFO - Sync 1 DAGs
[2023-06-22T15:05:19.113+0700] {logging_mixin.py:149} INFO - [2023-06-22T15:05:19.113+0700] {dag.py:3486} INFO - Setting next_dagrun for example_params_trigger_ui to None, run_after=None
[2023-06-22T15:05:19.130+0700] {processor.py:179} INFO - Processing /Users/macbook/Documents/Documents_MacBook_Pro/ISTT/AirflowTutorial/envlibs/lib/python3.10/site-packages/airflow/example_dags/example_params_trigger_ui.py took 0.845 seconds
[2023-06-22T15:07:28.450+0700] {processor.py:157} INFO - Started process (PID=13259) to work on /Users/macbook/Documents/Documents_MacBook_Pro/ISTT/AirflowTutorial/envlibs/lib/python3.10/site-packages/airflow/example_dags/example_params_trigger_ui.py
[2023-06-22T15:07:28.451+0700] {processor.py:826} INFO - Processing file /Users/macbook/Documents/Documents_MacBook_Pro/ISTT/AirflowTutorial/envlibs/lib/python3.10/site-packages/airflow/example_dags/example_params_trigger_ui.py for tasks to queue
[2023-06-22T15:07:28.452+0700] {logging_mixin.py:149} INFO - [2023-06-22T15:07:28.452+0700] {dagbag.py:541} INFO - Filling up the DagBag from /Users/macbook/Documents/Documents_MacBook_Pro/ISTT/AirflowTutorial/envlibs/lib/python3.10/site-packages/airflow/example_dags/example_params_trigger_ui.py
[2023-06-22T15:07:28.540+0700] {processor.py:836} INFO - DAG(s) dict_keys(['example_params_trigger_ui']) retrieved from /Users/macbook/Documents/Documents_MacBook_Pro/ISTT/AirflowTutorial/envlibs/lib/python3.10/site-packages/airflow/example_dags/example_params_trigger_ui.py
[2023-06-22T15:07:29.317+0700] {logging_mixin.py:149} INFO - [2023-06-22T15:07:29.317+0700] {dag.py:2726} INFO - Sync 1 DAGs
[2023-06-22T15:07:29.335+0700] {logging_mixin.py:149} INFO - [2023-06-22T15:07:29.335+0700] {dag.py:3486} INFO - Setting next_dagrun for example_params_trigger_ui to None, run_after=None
[2023-06-22T15:07:29.353+0700] {processor.py:179} INFO - Processing /Users/macbook/Documents/Documents_MacBook_Pro/ISTT/AirflowTutorial/envlibs/lib/python3.10/site-packages/airflow/example_dags/example_params_trigger_ui.py took 0.904 seconds
[2023-06-22T15:09:29.294+0700] {processor.py:157} INFO - Started process (PID=13311) to work on /Users/macbook/Documents/Documents_MacBook_Pro/ISTT/AirflowTutorial/envlibs/lib/python3.10/site-packages/airflow/example_dags/example_params_trigger_ui.py
[2023-06-22T15:09:29.294+0700] {processor.py:826} INFO - Processing file /Users/macbook/Documents/Documents_MacBook_Pro/ISTT/AirflowTutorial/envlibs/lib/python3.10/site-packages/airflow/example_dags/example_params_trigger_ui.py for tasks to queue
[2023-06-22T15:09:29.295+0700] {logging_mixin.py:149} INFO - [2023-06-22T15:09:29.295+0700] {dagbag.py:541} INFO - Filling up the DagBag from /Users/macbook/Documents/Documents_MacBook_Pro/ISTT/AirflowTutorial/envlibs/lib/python3.10/site-packages/airflow/example_dags/example_params_trigger_ui.py
[2023-06-22T15:09:29.377+0700] {processor.py:836} INFO - DAG(s) dict_keys(['example_params_trigger_ui']) retrieved from /Users/macbook/Documents/Documents_MacBook_Pro/ISTT/AirflowTutorial/envlibs/lib/python3.10/site-packages/airflow/example_dags/example_params_trigger_ui.py
[2023-06-22T15:09:30.251+0700] {logging_mixin.py:149} INFO - [2023-06-22T15:09:30.250+0700] {dag.py:2726} INFO - Sync 1 DAGs
[2023-06-22T15:09:30.268+0700] {logging_mixin.py:149} INFO - [2023-06-22T15:09:30.267+0700] {dag.py:3486} INFO - Setting next_dagrun for example_params_trigger_ui to None, run_after=None
[2023-06-22T15:09:30.285+0700] {processor.py:179} INFO - Processing /Users/macbook/Documents/Documents_MacBook_Pro/ISTT/AirflowTutorial/envlibs/lib/python3.10/site-packages/airflow/example_dags/example_params_trigger_ui.py took 0.992 seconds
[2023-06-22T15:11:37.071+0700] {processor.py:157} INFO - Started process (PID=13408) to work on /Users/macbook/Documents/Documents_MacBook_Pro/ISTT/AirflowTutorial/envlibs/lib/python3.10/site-packages/airflow/example_dags/example_params_trigger_ui.py
[2023-06-22T15:11:37.072+0700] {processor.py:826} INFO - Processing file /Users/macbook/Documents/Documents_MacBook_Pro/ISTT/AirflowTutorial/envlibs/lib/python3.10/site-packages/airflow/example_dags/example_params_trigger_ui.py for tasks to queue
[2023-06-22T15:11:37.073+0700] {logging_mixin.py:149} INFO - [2023-06-22T15:11:37.073+0700] {dagbag.py:541} INFO - Filling up the DagBag from /Users/macbook/Documents/Documents_MacBook_Pro/ISTT/AirflowTutorial/envlibs/lib/python3.10/site-packages/airflow/example_dags/example_params_trigger_ui.py
[2023-06-22T15:11:37.162+0700] {processor.py:836} INFO - DAG(s) dict_keys(['example_params_trigger_ui']) retrieved from /Users/macbook/Documents/Documents_MacBook_Pro/ISTT/AirflowTutorial/envlibs/lib/python3.10/site-packages/airflow/example_dags/example_params_trigger_ui.py
[2023-06-22T15:11:37.974+0700] {logging_mixin.py:149} INFO - [2023-06-22T15:11:37.974+0700] {dag.py:2726} INFO - Sync 1 DAGs
[2023-06-22T15:11:37.991+0700] {logging_mixin.py:149} INFO - [2023-06-22T15:11:37.991+0700] {dag.py:3486} INFO - Setting next_dagrun for example_params_trigger_ui to None, run_after=None
[2023-06-22T15:11:38.008+0700] {processor.py:179} INFO - Processing /Users/macbook/Documents/Documents_MacBook_Pro/ISTT/AirflowTutorial/envlibs/lib/python3.10/site-packages/airflow/example_dags/example_params_trigger_ui.py took 0.938 seconds
[2023-06-22T15:13:41.101+0700] {processor.py:157} INFO - Started process (PID=13489) to work on /Users/macbook/Documents/Documents_MacBook_Pro/ISTT/AirflowTutorial/envlibs/lib/python3.10/site-packages/airflow/example_dags/example_params_trigger_ui.py
[2023-06-22T15:13:41.102+0700] {processor.py:826} INFO - Processing file /Users/macbook/Documents/Documents_MacBook_Pro/ISTT/AirflowTutorial/envlibs/lib/python3.10/site-packages/airflow/example_dags/example_params_trigger_ui.py for tasks to queue
[2023-06-22T15:13:41.103+0700] {logging_mixin.py:149} INFO - [2023-06-22T15:13:41.103+0700] {dagbag.py:541} INFO - Filling up the DagBag from /Users/macbook/Documents/Documents_MacBook_Pro/ISTT/AirflowTutorial/envlibs/lib/python3.10/site-packages/airflow/example_dags/example_params_trigger_ui.py
[2023-06-22T15:13:41.192+0700] {processor.py:836} INFO - DAG(s) dict_keys(['example_params_trigger_ui']) retrieved from /Users/macbook/Documents/Documents_MacBook_Pro/ISTT/AirflowTutorial/envlibs/lib/python3.10/site-packages/airflow/example_dags/example_params_trigger_ui.py
[2023-06-22T15:13:42.068+0700] {logging_mixin.py:149} INFO - [2023-06-22T15:13:42.068+0700] {dag.py:2726} INFO - Sync 1 DAGs
[2023-06-22T15:13:42.088+0700] {logging_mixin.py:149} INFO - [2023-06-22T15:13:42.088+0700] {dag.py:3486} INFO - Setting next_dagrun for example_params_trigger_ui to None, run_after=None
[2023-06-22T15:13:42.112+0700] {processor.py:179} INFO - Processing /Users/macbook/Documents/Documents_MacBook_Pro/ISTT/AirflowTutorial/envlibs/lib/python3.10/site-packages/airflow/example_dags/example_params_trigger_ui.py took 1.011 seconds
[2023-06-22T15:15:49.372+0700] {processor.py:157} INFO - Started process (PID=13562) to work on /Users/macbook/Documents/Documents_MacBook_Pro/ISTT/AirflowTutorial/envlibs/lib/python3.10/site-packages/airflow/example_dags/example_params_trigger_ui.py
[2023-06-22T15:15:49.373+0700] {processor.py:826} INFO - Processing file /Users/macbook/Documents/Documents_MacBook_Pro/ISTT/AirflowTutorial/envlibs/lib/python3.10/site-packages/airflow/example_dags/example_params_trigger_ui.py for tasks to queue
[2023-06-22T15:15:49.374+0700] {logging_mixin.py:149} INFO - [2023-06-22T15:15:49.373+0700] {dagbag.py:541} INFO - Filling up the DagBag from /Users/macbook/Documents/Documents_MacBook_Pro/ISTT/AirflowTutorial/envlibs/lib/python3.10/site-packages/airflow/example_dags/example_params_trigger_ui.py
[2023-06-22T15:15:49.458+0700] {processor.py:836} INFO - DAG(s) dict_keys(['example_params_trigger_ui']) retrieved from /Users/macbook/Documents/Documents_MacBook_Pro/ISTT/AirflowTutorial/envlibs/lib/python3.10/site-packages/airflow/example_dags/example_params_trigger_ui.py
[2023-06-22T15:15:50.237+0700] {logging_mixin.py:149} INFO - [2023-06-22T15:15:50.237+0700] {dag.py:2726} INFO - Sync 1 DAGs
[2023-06-22T15:15:50.256+0700] {logging_mixin.py:149} INFO - [2023-06-22T15:15:50.255+0700] {dag.py:3486} INFO - Setting next_dagrun for example_params_trigger_ui to None, run_after=None
[2023-06-22T15:15:50.275+0700] {processor.py:179} INFO - Processing /Users/macbook/Documents/Documents_MacBook_Pro/ISTT/AirflowTutorial/envlibs/lib/python3.10/site-packages/airflow/example_dags/example_params_trigger_ui.py took 0.903 seconds
[2023-06-22T15:17:56.605+0700] {processor.py:157} INFO - Started process (PID=13646) to work on /Users/macbook/Documents/Documents_MacBook_Pro/ISTT/AirflowTutorial/envlibs/lib/python3.10/site-packages/airflow/example_dags/example_params_trigger_ui.py
[2023-06-22T15:17:56.605+0700] {processor.py:826} INFO - Processing file /Users/macbook/Documents/Documents_MacBook_Pro/ISTT/AirflowTutorial/envlibs/lib/python3.10/site-packages/airflow/example_dags/example_params_trigger_ui.py for tasks to queue
[2023-06-22T15:17:56.606+0700] {logging_mixin.py:149} INFO - [2023-06-22T15:17:56.606+0700] {dagbag.py:541} INFO - Filling up the DagBag from /Users/macbook/Documents/Documents_MacBook_Pro/ISTT/AirflowTutorial/envlibs/lib/python3.10/site-packages/airflow/example_dags/example_params_trigger_ui.py
[2023-06-22T15:17:56.688+0700] {processor.py:836} INFO - DAG(s) dict_keys(['example_params_trigger_ui']) retrieved from /Users/macbook/Documents/Documents_MacBook_Pro/ISTT/AirflowTutorial/envlibs/lib/python3.10/site-packages/airflow/example_dags/example_params_trigger_ui.py
[2023-06-22T15:17:57.454+0700] {logging_mixin.py:149} INFO - [2023-06-22T15:17:57.454+0700] {dag.py:2726} INFO - Sync 1 DAGs
[2023-06-22T15:17:57.470+0700] {logging_mixin.py:149} INFO - [2023-06-22T15:17:57.470+0700] {dag.py:3486} INFO - Setting next_dagrun for example_params_trigger_ui to None, run_after=None
[2023-06-22T15:17:57.489+0700] {processor.py:179} INFO - Processing /Users/macbook/Documents/Documents_MacBook_Pro/ISTT/AirflowTutorial/envlibs/lib/python3.10/site-packages/airflow/example_dags/example_params_trigger_ui.py took 0.885 seconds
[2023-06-22T15:21:57.092+0700] {processor.py:157} INFO - Started process (PID=13793) to work on /Users/macbook/Documents/Documents_MacBook_Pro/ISTT/AirflowTutorial/envlibs/lib/python3.10/site-packages/airflow/example_dags/example_params_trigger_ui.py
[2023-06-22T15:21:57.094+0700] {processor.py:826} INFO - Processing file /Users/macbook/Documents/Documents_MacBook_Pro/ISTT/AirflowTutorial/envlibs/lib/python3.10/site-packages/airflow/example_dags/example_params_trigger_ui.py for tasks to queue
[2023-06-22T15:21:57.094+0700] {logging_mixin.py:149} INFO - [2023-06-22T15:21:57.094+0700] {dagbag.py:541} INFO - Filling up the DagBag from /Users/macbook/Documents/Documents_MacBook_Pro/ISTT/AirflowTutorial/envlibs/lib/python3.10/site-packages/airflow/example_dags/example_params_trigger_ui.py
[2023-06-22T15:21:57.182+0700] {processor.py:836} INFO - DAG(s) dict_keys(['example_params_trigger_ui']) retrieved from /Users/macbook/Documents/Documents_MacBook_Pro/ISTT/AirflowTutorial/envlibs/lib/python3.10/site-packages/airflow/example_dags/example_params_trigger_ui.py
[2023-06-22T15:21:57.984+0700] {logging_mixin.py:149} INFO - [2023-06-22T15:21:57.984+0700] {dag.py:2726} INFO - Sync 1 DAGs
[2023-06-22T15:21:58.004+0700] {logging_mixin.py:149} INFO - [2023-06-22T15:21:58.004+0700] {dag.py:3486} INFO - Setting next_dagrun for example_params_trigger_ui to None, run_after=None
[2023-06-22T15:21:58.022+0700] {processor.py:179} INFO - Processing /Users/macbook/Documents/Documents_MacBook_Pro/ISTT/AirflowTutorial/envlibs/lib/python3.10/site-packages/airflow/example_dags/example_params_trigger_ui.py took 0.930 seconds
[2023-06-22T15:24:15.487+0700] {processor.py:157} INFO - Started process (PID=13860) to work on /Users/macbook/Documents/Documents_MacBook_Pro/ISTT/AirflowTutorial/envlibs/lib/python3.10/site-packages/airflow/example_dags/example_params_trigger_ui.py
[2023-06-22T15:24:15.488+0700] {processor.py:826} INFO - Processing file /Users/macbook/Documents/Documents_MacBook_Pro/ISTT/AirflowTutorial/envlibs/lib/python3.10/site-packages/airflow/example_dags/example_params_trigger_ui.py for tasks to queue
[2023-06-22T15:24:15.489+0700] {logging_mixin.py:149} INFO - [2023-06-22T15:24:15.489+0700] {dagbag.py:541} INFO - Filling up the DagBag from /Users/macbook/Documents/Documents_MacBook_Pro/ISTT/AirflowTutorial/envlibs/lib/python3.10/site-packages/airflow/example_dags/example_params_trigger_ui.py
[2023-06-22T15:24:15.645+0700] {processor.py:836} INFO - DAG(s) dict_keys(['example_params_trigger_ui']) retrieved from /Users/macbook/Documents/Documents_MacBook_Pro/ISTT/AirflowTutorial/envlibs/lib/python3.10/site-packages/airflow/example_dags/example_params_trigger_ui.py
[2023-06-22T15:24:16.958+0700] {logging_mixin.py:149} INFO - [2023-06-22T15:24:16.957+0700] {dag.py:2726} INFO - Sync 1 DAGs
[2023-06-22T15:24:16.994+0700] {logging_mixin.py:149} INFO - [2023-06-22T15:24:16.994+0700] {dag.py:3486} INFO - Setting next_dagrun for example_params_trigger_ui to None, run_after=None
[2023-06-22T15:24:17.036+0700] {processor.py:179} INFO - Processing /Users/macbook/Documents/Documents_MacBook_Pro/ISTT/AirflowTutorial/envlibs/lib/python3.10/site-packages/airflow/example_dags/example_params_trigger_ui.py took 1.551 seconds
[2023-06-22T15:26:30.085+0700] {processor.py:157} INFO - Started process (PID=13917) to work on /Users/macbook/Documents/Documents_MacBook_Pro/ISTT/AirflowTutorial/envlibs/lib/python3.10/site-packages/airflow/example_dags/example_params_trigger_ui.py
[2023-06-22T15:26:30.087+0700] {processor.py:826} INFO - Processing file /Users/macbook/Documents/Documents_MacBook_Pro/ISTT/AirflowTutorial/envlibs/lib/python3.10/site-packages/airflow/example_dags/example_params_trigger_ui.py for tasks to queue
[2023-06-22T15:26:30.087+0700] {logging_mixin.py:149} INFO - [2023-06-22T15:26:30.087+0700] {dagbag.py:541} INFO - Filling up the DagBag from /Users/macbook/Documents/Documents_MacBook_Pro/ISTT/AirflowTutorial/envlibs/lib/python3.10/site-packages/airflow/example_dags/example_params_trigger_ui.py
[2023-06-22T15:26:30.175+0700] {processor.py:836} INFO - DAG(s) dict_keys(['example_params_trigger_ui']) retrieved from /Users/macbook/Documents/Documents_MacBook_Pro/ISTT/AirflowTutorial/envlibs/lib/python3.10/site-packages/airflow/example_dags/example_params_trigger_ui.py
[2023-06-22T15:26:30.976+0700] {logging_mixin.py:149} INFO - [2023-06-22T15:26:30.976+0700] {dag.py:2726} INFO - Sync 1 DAGs
[2023-06-22T15:26:30.993+0700] {logging_mixin.py:149} INFO - [2023-06-22T15:26:30.993+0700] {dag.py:3486} INFO - Setting next_dagrun for example_params_trigger_ui to None, run_after=None
[2023-06-22T15:26:31.012+0700] {processor.py:179} INFO - Processing /Users/macbook/Documents/Documents_MacBook_Pro/ISTT/AirflowTutorial/envlibs/lib/python3.10/site-packages/airflow/example_dags/example_params_trigger_ui.py took 0.928 seconds
[2023-06-22T15:28:39.046+0700] {processor.py:157} INFO - Started process (PID=13974) to work on /Users/macbook/Documents/Documents_MacBook_Pro/ISTT/AirflowTutorial/envlibs/lib/python3.10/site-packages/airflow/example_dags/example_params_trigger_ui.py
[2023-06-22T15:28:39.047+0700] {processor.py:826} INFO - Processing file /Users/macbook/Documents/Documents_MacBook_Pro/ISTT/AirflowTutorial/envlibs/lib/python3.10/site-packages/airflow/example_dags/example_params_trigger_ui.py for tasks to queue
[2023-06-22T15:28:39.048+0700] {logging_mixin.py:149} INFO - [2023-06-22T15:28:39.048+0700] {dagbag.py:541} INFO - Filling up the DagBag from /Users/macbook/Documents/Documents_MacBook_Pro/ISTT/AirflowTutorial/envlibs/lib/python3.10/site-packages/airflow/example_dags/example_params_trigger_ui.py
[2023-06-22T15:28:39.147+0700] {processor.py:836} INFO - DAG(s) dict_keys(['example_params_trigger_ui']) retrieved from /Users/macbook/Documents/Documents_MacBook_Pro/ISTT/AirflowTutorial/envlibs/lib/python3.10/site-packages/airflow/example_dags/example_params_trigger_ui.py
[2023-06-22T15:28:39.992+0700] {logging_mixin.py:149} INFO - [2023-06-22T15:28:39.992+0700] {dag.py:2726} INFO - Sync 1 DAGs
[2023-06-22T15:28:40.009+0700] {logging_mixin.py:149} INFO - [2023-06-22T15:28:40.009+0700] {dag.py:3486} INFO - Setting next_dagrun for example_params_trigger_ui to None, run_after=None
[2023-06-22T15:28:40.026+0700] {processor.py:179} INFO - Processing /Users/macbook/Documents/Documents_MacBook_Pro/ISTT/AirflowTutorial/envlibs/lib/python3.10/site-packages/airflow/example_dags/example_params_trigger_ui.py took 0.981 seconds
[2023-06-22T15:30:46.922+0700] {processor.py:157} INFO - Started process (PID=14028) to work on /Users/macbook/Documents/Documents_MacBook_Pro/ISTT/AirflowTutorial/envlibs/lib/python3.10/site-packages/airflow/example_dags/example_params_trigger_ui.py
[2023-06-22T15:30:46.924+0700] {processor.py:826} INFO - Processing file /Users/macbook/Documents/Documents_MacBook_Pro/ISTT/AirflowTutorial/envlibs/lib/python3.10/site-packages/airflow/example_dags/example_params_trigger_ui.py for tasks to queue
[2023-06-22T15:30:46.925+0700] {logging_mixin.py:149} INFO - [2023-06-22T15:30:46.925+0700] {dagbag.py:541} INFO - Filling up the DagBag from /Users/macbook/Documents/Documents_MacBook_Pro/ISTT/AirflowTutorial/envlibs/lib/python3.10/site-packages/airflow/example_dags/example_params_trigger_ui.py
[2023-06-22T15:30:47.008+0700] {processor.py:836} INFO - DAG(s) dict_keys(['example_params_trigger_ui']) retrieved from /Users/macbook/Documents/Documents_MacBook_Pro/ISTT/AirflowTutorial/envlibs/lib/python3.10/site-packages/airflow/example_dags/example_params_trigger_ui.py
[2023-06-22T15:30:47.790+0700] {logging_mixin.py:149} INFO - [2023-06-22T15:30:47.790+0700] {dag.py:2726} INFO - Sync 1 DAGs
[2023-06-22T15:30:47.806+0700] {logging_mixin.py:149} INFO - [2023-06-22T15:30:47.806+0700] {dag.py:3486} INFO - Setting next_dagrun for example_params_trigger_ui to None, run_after=None
[2023-06-22T15:30:47.830+0700] {processor.py:179} INFO - Processing /Users/macbook/Documents/Documents_MacBook_Pro/ISTT/AirflowTutorial/envlibs/lib/python3.10/site-packages/airflow/example_dags/example_params_trigger_ui.py took 0.909 seconds
[2023-06-22T15:32:52.256+0700] {processor.py:157} INFO - Started process (PID=14095) to work on /Users/macbook/Documents/Documents_MacBook_Pro/ISTT/AirflowTutorial/envlibs/lib/python3.10/site-packages/airflow/example_dags/example_params_trigger_ui.py
[2023-06-22T15:32:52.257+0700] {processor.py:826} INFO - Processing file /Users/macbook/Documents/Documents_MacBook_Pro/ISTT/AirflowTutorial/envlibs/lib/python3.10/site-packages/airflow/example_dags/example_params_trigger_ui.py for tasks to queue
[2023-06-22T15:32:52.258+0700] {logging_mixin.py:149} INFO - [2023-06-22T15:32:52.258+0700] {dagbag.py:541} INFO - Filling up the DagBag from /Users/macbook/Documents/Documents_MacBook_Pro/ISTT/AirflowTutorial/envlibs/lib/python3.10/site-packages/airflow/example_dags/example_params_trigger_ui.py
[2023-06-22T15:32:52.338+0700] {processor.py:836} INFO - DAG(s) dict_keys(['example_params_trigger_ui']) retrieved from /Users/macbook/Documents/Documents_MacBook_Pro/ISTT/AirflowTutorial/envlibs/lib/python3.10/site-packages/airflow/example_dags/example_params_trigger_ui.py
[2023-06-22T15:32:53.056+0700] {logging_mixin.py:149} INFO - [2023-06-22T15:32:53.056+0700] {dag.py:2726} INFO - Sync 1 DAGs
[2023-06-22T15:32:53.072+0700] {logging_mixin.py:149} INFO - [2023-06-22T15:32:53.072+0700] {dag.py:3486} INFO - Setting next_dagrun for example_params_trigger_ui to None, run_after=None
[2023-06-22T15:32:53.088+0700] {processor.py:179} INFO - Processing /Users/macbook/Documents/Documents_MacBook_Pro/ISTT/AirflowTutorial/envlibs/lib/python3.10/site-packages/airflow/example_dags/example_params_trigger_ui.py took 0.833 seconds
[2023-06-22T15:37:02.237+0700] {processor.py:157} INFO - Started process (PID=14211) to work on /Users/macbook/Documents/Documents_MacBook_Pro/ISTT/AirflowTutorial/envlibs/lib/python3.10/site-packages/airflow/example_dags/example_params_trigger_ui.py
[2023-06-22T15:37:02.239+0700] {processor.py:826} INFO - Processing file /Users/macbook/Documents/Documents_MacBook_Pro/ISTT/AirflowTutorial/envlibs/lib/python3.10/site-packages/airflow/example_dags/example_params_trigger_ui.py for tasks to queue
[2023-06-22T15:37:02.240+0700] {logging_mixin.py:149} INFO - [2023-06-22T15:37:02.240+0700] {dagbag.py:541} INFO - Filling up the DagBag from /Users/macbook/Documents/Documents_MacBook_Pro/ISTT/AirflowTutorial/envlibs/lib/python3.10/site-packages/airflow/example_dags/example_params_trigger_ui.py
[2023-06-22T15:37:02.325+0700] {processor.py:836} INFO - DAG(s) dict_keys(['example_params_trigger_ui']) retrieved from /Users/macbook/Documents/Documents_MacBook_Pro/ISTT/AirflowTutorial/envlibs/lib/python3.10/site-packages/airflow/example_dags/example_params_trigger_ui.py
[2023-06-22T15:37:03.105+0700] {logging_mixin.py:149} INFO - [2023-06-22T15:37:03.105+0700] {dag.py:2726} INFO - Sync 1 DAGs
[2023-06-22T15:37:03.121+0700] {logging_mixin.py:149} INFO - [2023-06-22T15:37:03.121+0700] {dag.py:3486} INFO - Setting next_dagrun for example_params_trigger_ui to None, run_after=None
[2023-06-22T15:37:03.141+0700] {processor.py:179} INFO - Processing /Users/macbook/Documents/Documents_MacBook_Pro/ISTT/AirflowTutorial/envlibs/lib/python3.10/site-packages/airflow/example_dags/example_params_trigger_ui.py took 0.904 seconds
[2023-06-22T15:39:15.287+0700] {processor.py:157} INFO - Started process (PID=14294) to work on /Users/macbook/Documents/Documents_MacBook_Pro/ISTT/AirflowTutorial/envlibs/lib/python3.10/site-packages/airflow/example_dags/example_params_trigger_ui.py
[2023-06-22T15:39:15.289+0700] {processor.py:826} INFO - Processing file /Users/macbook/Documents/Documents_MacBook_Pro/ISTT/AirflowTutorial/envlibs/lib/python3.10/site-packages/airflow/example_dags/example_params_trigger_ui.py for tasks to queue
[2023-06-22T15:39:15.289+0700] {logging_mixin.py:149} INFO - [2023-06-22T15:39:15.289+0700] {dagbag.py:541} INFO - Filling up the DagBag from /Users/macbook/Documents/Documents_MacBook_Pro/ISTT/AirflowTutorial/envlibs/lib/python3.10/site-packages/airflow/example_dags/example_params_trigger_ui.py
[2023-06-22T15:39:15.371+0700] {processor.py:836} INFO - DAG(s) dict_keys(['example_params_trigger_ui']) retrieved from /Users/macbook/Documents/Documents_MacBook_Pro/ISTT/AirflowTutorial/envlibs/lib/python3.10/site-packages/airflow/example_dags/example_params_trigger_ui.py
[2023-06-22T15:39:16.110+0700] {logging_mixin.py:149} INFO - [2023-06-22T15:39:16.110+0700] {dag.py:2726} INFO - Sync 1 DAGs
[2023-06-22T15:39:16.126+0700] {logging_mixin.py:149} INFO - [2023-06-22T15:39:16.126+0700] {dag.py:3486} INFO - Setting next_dagrun for example_params_trigger_ui to None, run_after=None
[2023-06-22T15:39:16.143+0700] {processor.py:179} INFO - Processing /Users/macbook/Documents/Documents_MacBook_Pro/ISTT/AirflowTutorial/envlibs/lib/python3.10/site-packages/airflow/example_dags/example_params_trigger_ui.py took 0.856 seconds
[2023-06-22T15:41:23.698+0700] {processor.py:157} INFO - Started process (PID=14352) to work on /Users/macbook/Documents/Documents_MacBook_Pro/ISTT/AirflowTutorial/envlibs/lib/python3.10/site-packages/airflow/example_dags/example_params_trigger_ui.py
[2023-06-22T15:41:23.699+0700] {processor.py:826} INFO - Processing file /Users/macbook/Documents/Documents_MacBook_Pro/ISTT/AirflowTutorial/envlibs/lib/python3.10/site-packages/airflow/example_dags/example_params_trigger_ui.py for tasks to queue
[2023-06-22T15:41:23.700+0700] {logging_mixin.py:149} INFO - [2023-06-22T15:41:23.700+0700] {dagbag.py:541} INFO - Filling up the DagBag from /Users/macbook/Documents/Documents_MacBook_Pro/ISTT/AirflowTutorial/envlibs/lib/python3.10/site-packages/airflow/example_dags/example_params_trigger_ui.py
[2023-06-22T15:41:23.792+0700] {processor.py:836} INFO - DAG(s) dict_keys(['example_params_trigger_ui']) retrieved from /Users/macbook/Documents/Documents_MacBook_Pro/ISTT/AirflowTutorial/envlibs/lib/python3.10/site-packages/airflow/example_dags/example_params_trigger_ui.py
[2023-06-22T15:41:24.660+0700] {logging_mixin.py:149} INFO - [2023-06-22T15:41:24.659+0700] {dag.py:2726} INFO - Sync 1 DAGs
[2023-06-22T15:41:24.682+0700] {logging_mixin.py:149} INFO - [2023-06-22T15:41:24.681+0700] {dag.py:3486} INFO - Setting next_dagrun for example_params_trigger_ui to None, run_after=None
[2023-06-22T15:41:24.704+0700] {processor.py:179} INFO - Processing /Users/macbook/Documents/Documents_MacBook_Pro/ISTT/AirflowTutorial/envlibs/lib/python3.10/site-packages/airflow/example_dags/example_params_trigger_ui.py took 1.007 seconds
[2023-06-22T15:43:33.605+0700] {processor.py:157} INFO - Started process (PID=14431) to work on /Users/macbook/Documents/Documents_MacBook_Pro/ISTT/AirflowTutorial/envlibs/lib/python3.10/site-packages/airflow/example_dags/example_params_trigger_ui.py
[2023-06-22T15:43:33.607+0700] {processor.py:826} INFO - Processing file /Users/macbook/Documents/Documents_MacBook_Pro/ISTT/AirflowTutorial/envlibs/lib/python3.10/site-packages/airflow/example_dags/example_params_trigger_ui.py for tasks to queue
[2023-06-22T15:43:33.607+0700] {logging_mixin.py:149} INFO - [2023-06-22T15:43:33.607+0700] {dagbag.py:541} INFO - Filling up the DagBag from /Users/macbook/Documents/Documents_MacBook_Pro/ISTT/AirflowTutorial/envlibs/lib/python3.10/site-packages/airflow/example_dags/example_params_trigger_ui.py
[2023-06-22T15:43:33.734+0700] {processor.py:836} INFO - DAG(s) dict_keys(['example_params_trigger_ui']) retrieved from /Users/macbook/Documents/Documents_MacBook_Pro/ISTT/AirflowTutorial/envlibs/lib/python3.10/site-packages/airflow/example_dags/example_params_trigger_ui.py
[2023-06-22T15:43:34.772+0700] {logging_mixin.py:149} INFO - [2023-06-22T15:43:34.772+0700] {dag.py:2726} INFO - Sync 1 DAGs
[2023-06-22T15:43:34.793+0700] {logging_mixin.py:149} INFO - [2023-06-22T15:43:34.793+0700] {dag.py:3486} INFO - Setting next_dagrun for example_params_trigger_ui to None, run_after=None
[2023-06-22T15:43:34.821+0700] {processor.py:179} INFO - Processing /Users/macbook/Documents/Documents_MacBook_Pro/ISTT/AirflowTutorial/envlibs/lib/python3.10/site-packages/airflow/example_dags/example_params_trigger_ui.py took 1.216 seconds
[2023-06-22T15:45:46.103+0700] {processor.py:157} INFO - Started process (PID=14488) to work on /Users/macbook/Documents/Documents_MacBook_Pro/ISTT/AirflowTutorial/envlibs/lib/python3.10/site-packages/airflow/example_dags/example_params_trigger_ui.py
[2023-06-22T15:45:46.104+0700] {processor.py:826} INFO - Processing file /Users/macbook/Documents/Documents_MacBook_Pro/ISTT/AirflowTutorial/envlibs/lib/python3.10/site-packages/airflow/example_dags/example_params_trigger_ui.py for tasks to queue
[2023-06-22T15:45:46.105+0700] {logging_mixin.py:149} INFO - [2023-06-22T15:45:46.104+0700] {dagbag.py:541} INFO - Filling up the DagBag from /Users/macbook/Documents/Documents_MacBook_Pro/ISTT/AirflowTutorial/envlibs/lib/python3.10/site-packages/airflow/example_dags/example_params_trigger_ui.py
[2023-06-22T15:45:46.197+0700] {processor.py:836} INFO - DAG(s) dict_keys(['example_params_trigger_ui']) retrieved from /Users/macbook/Documents/Documents_MacBook_Pro/ISTT/AirflowTutorial/envlibs/lib/python3.10/site-packages/airflow/example_dags/example_params_trigger_ui.py
[2023-06-22T15:45:47.095+0700] {logging_mixin.py:149} INFO - [2023-06-22T15:45:47.094+0700] {dag.py:2726} INFO - Sync 1 DAGs
[2023-06-22T15:45:47.112+0700] {logging_mixin.py:149} INFO - [2023-06-22T15:45:47.112+0700] {dag.py:3486} INFO - Setting next_dagrun for example_params_trigger_ui to None, run_after=None
[2023-06-22T15:45:47.130+0700] {processor.py:179} INFO - Processing /Users/macbook/Documents/Documents_MacBook_Pro/ISTT/AirflowTutorial/envlibs/lib/python3.10/site-packages/airflow/example_dags/example_params_trigger_ui.py took 1.028 seconds
[2023-06-22T15:50:13.762+0700] {processor.py:157} INFO - Started process (PID=14656) to work on /Users/macbook/Documents/Documents_MacBook_Pro/ISTT/AirflowTutorial/envlibs/lib/python3.10/site-packages/airflow/example_dags/example_params_trigger_ui.py
[2023-06-22T15:50:13.763+0700] {processor.py:826} INFO - Processing file /Users/macbook/Documents/Documents_MacBook_Pro/ISTT/AirflowTutorial/envlibs/lib/python3.10/site-packages/airflow/example_dags/example_params_trigger_ui.py for tasks to queue
[2023-06-22T15:50:13.764+0700] {logging_mixin.py:149} INFO - [2023-06-22T15:50:13.764+0700] {dagbag.py:541} INFO - Filling up the DagBag from /Users/macbook/Documents/Documents_MacBook_Pro/ISTT/AirflowTutorial/envlibs/lib/python3.10/site-packages/airflow/example_dags/example_params_trigger_ui.py
[2023-06-22T15:50:13.857+0700] {processor.py:836} INFO - DAG(s) dict_keys(['example_params_trigger_ui']) retrieved from /Users/macbook/Documents/Documents_MacBook_Pro/ISTT/AirflowTutorial/envlibs/lib/python3.10/site-packages/airflow/example_dags/example_params_trigger_ui.py
[2023-06-22T15:50:14.755+0700] {logging_mixin.py:149} INFO - [2023-06-22T15:50:14.755+0700] {dag.py:2726} INFO - Sync 1 DAGs
[2023-06-22T15:50:14.779+0700] {logging_mixin.py:149} INFO - [2023-06-22T15:50:14.778+0700] {dag.py:3486} INFO - Setting next_dagrun for example_params_trigger_ui to None, run_after=None
[2023-06-22T15:50:14.797+0700] {processor.py:179} INFO - Processing /Users/macbook/Documents/Documents_MacBook_Pro/ISTT/AirflowTutorial/envlibs/lib/python3.10/site-packages/airflow/example_dags/example_params_trigger_ui.py took 1.035 seconds
[2023-06-22T15:52:29.157+0700] {processor.py:157} INFO - Started process (PID=14714) to work on /Users/macbook/Documents/Documents_MacBook_Pro/ISTT/AirflowTutorial/envlibs/lib/python3.10/site-packages/airflow/example_dags/example_params_trigger_ui.py
[2023-06-22T15:52:29.159+0700] {processor.py:826} INFO - Processing file /Users/macbook/Documents/Documents_MacBook_Pro/ISTT/AirflowTutorial/envlibs/lib/python3.10/site-packages/airflow/example_dags/example_params_trigger_ui.py for tasks to queue
[2023-06-22T15:52:29.160+0700] {logging_mixin.py:149} INFO - [2023-06-22T15:52:29.160+0700] {dagbag.py:541} INFO - Filling up the DagBag from /Users/macbook/Documents/Documents_MacBook_Pro/ISTT/AirflowTutorial/envlibs/lib/python3.10/site-packages/airflow/example_dags/example_params_trigger_ui.py
[2023-06-22T15:52:29.313+0700] {processor.py:836} INFO - DAG(s) dict_keys(['example_params_trigger_ui']) retrieved from /Users/macbook/Documents/Documents_MacBook_Pro/ISTT/AirflowTutorial/envlibs/lib/python3.10/site-packages/airflow/example_dags/example_params_trigger_ui.py
[2023-06-22T15:52:30.354+0700] {logging_mixin.py:149} INFO - [2023-06-22T15:52:30.354+0700] {dag.py:2726} INFO - Sync 1 DAGs
[2023-06-22T15:52:30.375+0700] {logging_mixin.py:149} INFO - [2023-06-22T15:52:30.375+0700] {dag.py:3486} INFO - Setting next_dagrun for example_params_trigger_ui to None, run_after=None
[2023-06-22T15:52:30.397+0700] {processor.py:179} INFO - Processing /Users/macbook/Documents/Documents_MacBook_Pro/ISTT/AirflowTutorial/envlibs/lib/python3.10/site-packages/airflow/example_dags/example_params_trigger_ui.py took 1.241 seconds
[2023-06-22T15:54:47.259+0700] {processor.py:157} INFO - Started process (PID=14831) to work on /Users/macbook/Documents/Documents_MacBook_Pro/ISTT/AirflowTutorial/envlibs/lib/python3.10/site-packages/airflow/example_dags/example_params_trigger_ui.py
[2023-06-22T15:54:47.260+0700] {processor.py:826} INFO - Processing file /Users/macbook/Documents/Documents_MacBook_Pro/ISTT/AirflowTutorial/envlibs/lib/python3.10/site-packages/airflow/example_dags/example_params_trigger_ui.py for tasks to queue
[2023-06-22T15:54:47.262+0700] {logging_mixin.py:149} INFO - [2023-06-22T15:54:47.261+0700] {dagbag.py:541} INFO - Filling up the DagBag from /Users/macbook/Documents/Documents_MacBook_Pro/ISTT/AirflowTutorial/envlibs/lib/python3.10/site-packages/airflow/example_dags/example_params_trigger_ui.py
[2023-06-22T15:54:47.360+0700] {processor.py:836} INFO - DAG(s) dict_keys(['example_params_trigger_ui']) retrieved from /Users/macbook/Documents/Documents_MacBook_Pro/ISTT/AirflowTutorial/envlibs/lib/python3.10/site-packages/airflow/example_dags/example_params_trigger_ui.py
[2023-06-22T15:54:48.403+0700] {logging_mixin.py:149} INFO - [2023-06-22T15:54:48.403+0700] {dag.py:2726} INFO - Sync 1 DAGs
[2023-06-22T15:54:48.422+0700] {logging_mixin.py:149} INFO - [2023-06-22T15:54:48.422+0700] {dag.py:3486} INFO - Setting next_dagrun for example_params_trigger_ui to None, run_after=None
[2023-06-22T15:54:48.443+0700] {processor.py:179} INFO - Processing /Users/macbook/Documents/Documents_MacBook_Pro/ISTT/AirflowTutorial/envlibs/lib/python3.10/site-packages/airflow/example_dags/example_params_trigger_ui.py took 1.184 seconds
[2023-06-22T15:56:59.267+0700] {processor.py:157} INFO - Started process (PID=14903) to work on /Users/macbook/Documents/Documents_MacBook_Pro/ISTT/AirflowTutorial/envlibs/lib/python3.10/site-packages/airflow/example_dags/example_params_trigger_ui.py
[2023-06-22T15:56:59.268+0700] {processor.py:826} INFO - Processing file /Users/macbook/Documents/Documents_MacBook_Pro/ISTT/AirflowTutorial/envlibs/lib/python3.10/site-packages/airflow/example_dags/example_params_trigger_ui.py for tasks to queue
[2023-06-22T15:56:59.269+0700] {logging_mixin.py:149} INFO - [2023-06-22T15:56:59.269+0700] {dagbag.py:541} INFO - Filling up the DagBag from /Users/macbook/Documents/Documents_MacBook_Pro/ISTT/AirflowTutorial/envlibs/lib/python3.10/site-packages/airflow/example_dags/example_params_trigger_ui.py
[2023-06-22T15:56:59.365+0700] {processor.py:836} INFO - DAG(s) dict_keys(['example_params_trigger_ui']) retrieved from /Users/macbook/Documents/Documents_MacBook_Pro/ISTT/AirflowTutorial/envlibs/lib/python3.10/site-packages/airflow/example_dags/example_params_trigger_ui.py
[2023-06-22T15:57:00.504+0700] {logging_mixin.py:149} INFO - [2023-06-22T15:57:00.504+0700] {dag.py:2726} INFO - Sync 1 DAGs
[2023-06-22T15:57:00.525+0700] {logging_mixin.py:149} INFO - [2023-06-22T15:57:00.525+0700] {dag.py:3486} INFO - Setting next_dagrun for example_params_trigger_ui to None, run_after=None
[2023-06-22T15:57:00.546+0700] {processor.py:179} INFO - Processing /Users/macbook/Documents/Documents_MacBook_Pro/ISTT/AirflowTutorial/envlibs/lib/python3.10/site-packages/airflow/example_dags/example_params_trigger_ui.py took 1.280 seconds
[2023-06-22T15:59:16.237+0700] {processor.py:157} INFO - Started process (PID=14964) to work on /Users/macbook/Documents/Documents_MacBook_Pro/ISTT/AirflowTutorial/envlibs/lib/python3.10/site-packages/airflow/example_dags/example_params_trigger_ui.py
[2023-06-22T15:59:16.239+0700] {processor.py:826} INFO - Processing file /Users/macbook/Documents/Documents_MacBook_Pro/ISTT/AirflowTutorial/envlibs/lib/python3.10/site-packages/airflow/example_dags/example_params_trigger_ui.py for tasks to queue
[2023-06-22T15:59:16.239+0700] {logging_mixin.py:149} INFO - [2023-06-22T15:59:16.239+0700] {dagbag.py:541} INFO - Filling up the DagBag from /Users/macbook/Documents/Documents_MacBook_Pro/ISTT/AirflowTutorial/envlibs/lib/python3.10/site-packages/airflow/example_dags/example_params_trigger_ui.py
[2023-06-22T15:59:16.337+0700] {processor.py:836} INFO - DAG(s) dict_keys(['example_params_trigger_ui']) retrieved from /Users/macbook/Documents/Documents_MacBook_Pro/ISTT/AirflowTutorial/envlibs/lib/python3.10/site-packages/airflow/example_dags/example_params_trigger_ui.py
[2023-06-22T15:59:17.243+0700] {logging_mixin.py:149} INFO - [2023-06-22T15:59:17.243+0700] {dag.py:2726} INFO - Sync 1 DAGs
[2023-06-22T15:59:17.262+0700] {logging_mixin.py:149} INFO - [2023-06-22T15:59:17.262+0700] {dag.py:3486} INFO - Setting next_dagrun for example_params_trigger_ui to None, run_after=None
[2023-06-22T15:59:17.280+0700] {processor.py:179} INFO - Processing /Users/macbook/Documents/Documents_MacBook_Pro/ISTT/AirflowTutorial/envlibs/lib/python3.10/site-packages/airflow/example_dags/example_params_trigger_ui.py took 1.044 seconds
[2023-06-22T16:01:31.822+0700] {processor.py:157} INFO - Started process (PID=15020) to work on /Users/macbook/Documents/Documents_MacBook_Pro/ISTT/AirflowTutorial/envlibs/lib/python3.10/site-packages/airflow/example_dags/example_params_trigger_ui.py
[2023-06-22T16:01:31.823+0700] {processor.py:826} INFO - Processing file /Users/macbook/Documents/Documents_MacBook_Pro/ISTT/AirflowTutorial/envlibs/lib/python3.10/site-packages/airflow/example_dags/example_params_trigger_ui.py for tasks to queue
[2023-06-22T16:01:31.824+0700] {logging_mixin.py:149} INFO - [2023-06-22T16:01:31.824+0700] {dagbag.py:541} INFO - Filling up the DagBag from /Users/macbook/Documents/Documents_MacBook_Pro/ISTT/AirflowTutorial/envlibs/lib/python3.10/site-packages/airflow/example_dags/example_params_trigger_ui.py
[2023-06-22T16:01:31.932+0700] {processor.py:836} INFO - DAG(s) dict_keys(['example_params_trigger_ui']) retrieved from /Users/macbook/Documents/Documents_MacBook_Pro/ISTT/AirflowTutorial/envlibs/lib/python3.10/site-packages/airflow/example_dags/example_params_trigger_ui.py
[2023-06-22T16:01:32.833+0700] {logging_mixin.py:149} INFO - [2023-06-22T16:01:32.833+0700] {dag.py:2726} INFO - Sync 1 DAGs
[2023-06-22T16:01:32.850+0700] {logging_mixin.py:149} INFO - [2023-06-22T16:01:32.850+0700] {dag.py:3486} INFO - Setting next_dagrun for example_params_trigger_ui to None, run_after=None
[2023-06-22T16:01:32.868+0700] {processor.py:179} INFO - Processing /Users/macbook/Documents/Documents_MacBook_Pro/ISTT/AirflowTutorial/envlibs/lib/python3.10/site-packages/airflow/example_dags/example_params_trigger_ui.py took 1.047 seconds
[2023-06-22T16:03:43.495+0700] {processor.py:157} INFO - Started process (PID=15079) to work on /Users/macbook/Documents/Documents_MacBook_Pro/ISTT/AirflowTutorial/envlibs/lib/python3.10/site-packages/airflow/example_dags/example_params_trigger_ui.py
[2023-06-22T16:03:43.496+0700] {processor.py:826} INFO - Processing file /Users/macbook/Documents/Documents_MacBook_Pro/ISTT/AirflowTutorial/envlibs/lib/python3.10/site-packages/airflow/example_dags/example_params_trigger_ui.py for tasks to queue
[2023-06-22T16:03:43.497+0700] {logging_mixin.py:149} INFO - [2023-06-22T16:03:43.496+0700] {dagbag.py:541} INFO - Filling up the DagBag from /Users/macbook/Documents/Documents_MacBook_Pro/ISTT/AirflowTutorial/envlibs/lib/python3.10/site-packages/airflow/example_dags/example_params_trigger_ui.py
[2023-06-22T16:03:43.602+0700] {processor.py:836} INFO - DAG(s) dict_keys(['example_params_trigger_ui']) retrieved from /Users/macbook/Documents/Documents_MacBook_Pro/ISTT/AirflowTutorial/envlibs/lib/python3.10/site-packages/airflow/example_dags/example_params_trigger_ui.py
[2023-06-22T16:03:44.438+0700] {logging_mixin.py:149} INFO - [2023-06-22T16:03:44.438+0700] {dag.py:2726} INFO - Sync 1 DAGs
[2023-06-22T16:03:44.456+0700] {logging_mixin.py:149} INFO - [2023-06-22T16:03:44.456+0700] {dag.py:3486} INFO - Setting next_dagrun for example_params_trigger_ui to None, run_after=None
[2023-06-22T16:03:44.479+0700] {processor.py:179} INFO - Processing /Users/macbook/Documents/Documents_MacBook_Pro/ISTT/AirflowTutorial/envlibs/lib/python3.10/site-packages/airflow/example_dags/example_params_trigger_ui.py took 0.985 seconds
[2023-06-22T16:05:53.729+0700] {processor.py:157} INFO - Started process (PID=15139) to work on /Users/macbook/Documents/Documents_MacBook_Pro/ISTT/AirflowTutorial/envlibs/lib/python3.10/site-packages/airflow/example_dags/example_params_trigger_ui.py
[2023-06-22T16:05:53.731+0700] {processor.py:826} INFO - Processing file /Users/macbook/Documents/Documents_MacBook_Pro/ISTT/AirflowTutorial/envlibs/lib/python3.10/site-packages/airflow/example_dags/example_params_trigger_ui.py for tasks to queue
[2023-06-22T16:05:53.731+0700] {logging_mixin.py:149} INFO - [2023-06-22T16:05:53.731+0700] {dagbag.py:541} INFO - Filling up the DagBag from /Users/macbook/Documents/Documents_MacBook_Pro/ISTT/AirflowTutorial/envlibs/lib/python3.10/site-packages/airflow/example_dags/example_params_trigger_ui.py
[2023-06-22T16:05:53.862+0700] {processor.py:836} INFO - DAG(s) dict_keys(['example_params_trigger_ui']) retrieved from /Users/macbook/Documents/Documents_MacBook_Pro/ISTT/AirflowTutorial/envlibs/lib/python3.10/site-packages/airflow/example_dags/example_params_trigger_ui.py
[2023-06-22T16:05:54.719+0700] {logging_mixin.py:149} INFO - [2023-06-22T16:05:54.719+0700] {dag.py:2726} INFO - Sync 1 DAGs
[2023-06-22T16:05:54.736+0700] {logging_mixin.py:149} INFO - [2023-06-22T16:05:54.736+0700] {dag.py:3486} INFO - Setting next_dagrun for example_params_trigger_ui to None, run_after=None
[2023-06-22T16:05:54.755+0700] {processor.py:179} INFO - Processing /Users/macbook/Documents/Documents_MacBook_Pro/ISTT/AirflowTutorial/envlibs/lib/python3.10/site-packages/airflow/example_dags/example_params_trigger_ui.py took 1.026 seconds
[2023-06-22T16:08:03.540+0700] {processor.py:157} INFO - Started process (PID=15204) to work on /Users/macbook/Documents/Documents_MacBook_Pro/ISTT/AirflowTutorial/envlibs/lib/python3.10/site-packages/airflow/example_dags/example_params_trigger_ui.py
[2023-06-22T16:08:03.541+0700] {processor.py:826} INFO - Processing file /Users/macbook/Documents/Documents_MacBook_Pro/ISTT/AirflowTutorial/envlibs/lib/python3.10/site-packages/airflow/example_dags/example_params_trigger_ui.py for tasks to queue
[2023-06-22T16:08:03.542+0700] {logging_mixin.py:149} INFO - [2023-06-22T16:08:03.541+0700] {dagbag.py:541} INFO - Filling up the DagBag from /Users/macbook/Documents/Documents_MacBook_Pro/ISTT/AirflowTutorial/envlibs/lib/python3.10/site-packages/airflow/example_dags/example_params_trigger_ui.py
[2023-06-22T16:08:03.651+0700] {processor.py:836} INFO - DAG(s) dict_keys(['example_params_trigger_ui']) retrieved from /Users/macbook/Documents/Documents_MacBook_Pro/ISTT/AirflowTutorial/envlibs/lib/python3.10/site-packages/airflow/example_dags/example_params_trigger_ui.py
[2023-06-22T16:08:04.637+0700] {logging_mixin.py:149} INFO - [2023-06-22T16:08:04.636+0700] {dag.py:2726} INFO - Sync 1 DAGs
[2023-06-22T16:08:04.658+0700] {logging_mixin.py:149} INFO - [2023-06-22T16:08:04.658+0700] {dag.py:3486} INFO - Setting next_dagrun for example_params_trigger_ui to None, run_after=None
[2023-06-22T16:08:04.681+0700] {processor.py:179} INFO - Processing /Users/macbook/Documents/Documents_MacBook_Pro/ISTT/AirflowTutorial/envlibs/lib/python3.10/site-packages/airflow/example_dags/example_params_trigger_ui.py took 1.141 seconds
[2023-06-22T16:10:12.662+0700] {processor.py:157} INFO - Started process (PID=15259) to work on /Users/macbook/Documents/Documents_MacBook_Pro/ISTT/AirflowTutorial/envlibs/lib/python3.10/site-packages/airflow/example_dags/example_params_trigger_ui.py
[2023-06-22T16:10:12.664+0700] {processor.py:826} INFO - Processing file /Users/macbook/Documents/Documents_MacBook_Pro/ISTT/AirflowTutorial/envlibs/lib/python3.10/site-packages/airflow/example_dags/example_params_trigger_ui.py for tasks to queue
[2023-06-22T16:10:12.664+0700] {logging_mixin.py:149} INFO - [2023-06-22T16:10:12.664+0700] {dagbag.py:541} INFO - Filling up the DagBag from /Users/macbook/Documents/Documents_MacBook_Pro/ISTT/AirflowTutorial/envlibs/lib/python3.10/site-packages/airflow/example_dags/example_params_trigger_ui.py
[2023-06-22T16:10:12.748+0700] {processor.py:836} INFO - DAG(s) dict_keys(['example_params_trigger_ui']) retrieved from /Users/macbook/Documents/Documents_MacBook_Pro/ISTT/AirflowTutorial/envlibs/lib/python3.10/site-packages/airflow/example_dags/example_params_trigger_ui.py
[2023-06-22T16:10:13.548+0700] {logging_mixin.py:149} INFO - [2023-06-22T16:10:13.548+0700] {dag.py:2726} INFO - Sync 1 DAGs
[2023-06-22T16:10:13.564+0700] {logging_mixin.py:149} INFO - [2023-06-22T16:10:13.564+0700] {dag.py:3486} INFO - Setting next_dagrun for example_params_trigger_ui to None, run_after=None
[2023-06-22T16:10:13.590+0700] {processor.py:179} INFO - Processing /Users/macbook/Documents/Documents_MacBook_Pro/ISTT/AirflowTutorial/envlibs/lib/python3.10/site-packages/airflow/example_dags/example_params_trigger_ui.py took 0.929 seconds
[2023-06-22T16:13:59.885+0700] {processor.py:157} INFO - Started process (PID=15371) to work on /Users/macbook/Documents/Documents_MacBook_Pro/ISTT/AirflowTutorial/envlibs/lib/python3.10/site-packages/airflow/example_dags/example_params_trigger_ui.py
[2023-06-22T16:13:59.886+0700] {processor.py:826} INFO - Processing file /Users/macbook/Documents/Documents_MacBook_Pro/ISTT/AirflowTutorial/envlibs/lib/python3.10/site-packages/airflow/example_dags/example_params_trigger_ui.py for tasks to queue
[2023-06-22T16:13:59.887+0700] {logging_mixin.py:149} INFO - [2023-06-22T16:13:59.887+0700] {dagbag.py:541} INFO - Filling up the DagBag from /Users/macbook/Documents/Documents_MacBook_Pro/ISTT/AirflowTutorial/envlibs/lib/python3.10/site-packages/airflow/example_dags/example_params_trigger_ui.py
[2023-06-22T16:13:59.980+0700] {processor.py:836} INFO - DAG(s) dict_keys(['example_params_trigger_ui']) retrieved from /Users/macbook/Documents/Documents_MacBook_Pro/ISTT/AirflowTutorial/envlibs/lib/python3.10/site-packages/airflow/example_dags/example_params_trigger_ui.py
[2023-06-22T16:14:00.795+0700] {logging_mixin.py:149} INFO - [2023-06-22T16:14:00.795+0700] {dag.py:2726} INFO - Sync 1 DAGs
[2023-06-22T16:14:00.813+0700] {logging_mixin.py:149} INFO - [2023-06-22T16:14:00.812+0700] {dag.py:3486} INFO - Setting next_dagrun for example_params_trigger_ui to None, run_after=None
[2023-06-22T16:14:00.834+0700] {processor.py:179} INFO - Processing /Users/macbook/Documents/Documents_MacBook_Pro/ISTT/AirflowTutorial/envlibs/lib/python3.10/site-packages/airflow/example_dags/example_params_trigger_ui.py took 0.950 seconds
[2023-06-22T16:16:08.030+0700] {processor.py:157} INFO - Started process (PID=15424) to work on /Users/macbook/Documents/Documents_MacBook_Pro/ISTT/AirflowTutorial/envlibs/lib/python3.10/site-packages/airflow/example_dags/example_params_trigger_ui.py
[2023-06-22T16:16:08.031+0700] {processor.py:826} INFO - Processing file /Users/macbook/Documents/Documents_MacBook_Pro/ISTT/AirflowTutorial/envlibs/lib/python3.10/site-packages/airflow/example_dags/example_params_trigger_ui.py for tasks to queue
[2023-06-22T16:16:08.032+0700] {logging_mixin.py:149} INFO - [2023-06-22T16:16:08.032+0700] {dagbag.py:541} INFO - Filling up the DagBag from /Users/macbook/Documents/Documents_MacBook_Pro/ISTT/AirflowTutorial/envlibs/lib/python3.10/site-packages/airflow/example_dags/example_params_trigger_ui.py
[2023-06-22T16:16:08.116+0700] {processor.py:836} INFO - DAG(s) dict_keys(['example_params_trigger_ui']) retrieved from /Users/macbook/Documents/Documents_MacBook_Pro/ISTT/AirflowTutorial/envlibs/lib/python3.10/site-packages/airflow/example_dags/example_params_trigger_ui.py
[2023-06-22T16:16:08.910+0700] {logging_mixin.py:149} INFO - [2023-06-22T16:16:08.910+0700] {dag.py:2726} INFO - Sync 1 DAGs
[2023-06-22T16:16:08.926+0700] {logging_mixin.py:149} INFO - [2023-06-22T16:16:08.926+0700] {dag.py:3486} INFO - Setting next_dagrun for example_params_trigger_ui to None, run_after=None
[2023-06-22T16:16:08.946+0700] {processor.py:179} INFO - Processing /Users/macbook/Documents/Documents_MacBook_Pro/ISTT/AirflowTutorial/envlibs/lib/python3.10/site-packages/airflow/example_dags/example_params_trigger_ui.py took 0.916 seconds
[2023-06-22T16:18:18.252+0700] {processor.py:157} INFO - Started process (PID=15520) to work on /Users/macbook/Documents/Documents_MacBook_Pro/ISTT/AirflowTutorial/envlibs/lib/python3.10/site-packages/airflow/example_dags/example_params_trigger_ui.py
[2023-06-22T16:18:18.254+0700] {processor.py:826} INFO - Processing file /Users/macbook/Documents/Documents_MacBook_Pro/ISTT/AirflowTutorial/envlibs/lib/python3.10/site-packages/airflow/example_dags/example_params_trigger_ui.py for tasks to queue
[2023-06-22T16:18:18.254+0700] {logging_mixin.py:149} INFO - [2023-06-22T16:18:18.254+0700] {dagbag.py:541} INFO - Filling up the DagBag from /Users/macbook/Documents/Documents_MacBook_Pro/ISTT/AirflowTutorial/envlibs/lib/python3.10/site-packages/airflow/example_dags/example_params_trigger_ui.py
[2023-06-22T16:18:18.364+0700] {processor.py:836} INFO - DAG(s) dict_keys(['example_params_trigger_ui']) retrieved from /Users/macbook/Documents/Documents_MacBook_Pro/ISTT/AirflowTutorial/envlibs/lib/python3.10/site-packages/airflow/example_dags/example_params_trigger_ui.py
[2023-06-22T16:18:19.396+0700] {logging_mixin.py:149} INFO - [2023-06-22T16:18:19.395+0700] {dag.py:2726} INFO - Sync 1 DAGs
[2023-06-22T16:18:19.416+0700] {logging_mixin.py:149} INFO - [2023-06-22T16:18:19.416+0700] {dag.py:3486} INFO - Setting next_dagrun for example_params_trigger_ui to None, run_after=None
[2023-06-22T16:18:19.437+0700] {processor.py:179} INFO - Processing /Users/macbook/Documents/Documents_MacBook_Pro/ISTT/AirflowTutorial/envlibs/lib/python3.10/site-packages/airflow/example_dags/example_params_trigger_ui.py took 1.186 seconds
[2023-06-22T16:20:34.428+0700] {processor.py:157} INFO - Started process (PID=15585) to work on /Users/macbook/Documents/Documents_MacBook_Pro/ISTT/AirflowTutorial/envlibs/lib/python3.10/site-packages/airflow/example_dags/example_params_trigger_ui.py
[2023-06-22T16:20:34.430+0700] {processor.py:826} INFO - Processing file /Users/macbook/Documents/Documents_MacBook_Pro/ISTT/AirflowTutorial/envlibs/lib/python3.10/site-packages/airflow/example_dags/example_params_trigger_ui.py for tasks to queue
[2023-06-22T16:20:34.431+0700] {logging_mixin.py:149} INFO - [2023-06-22T16:20:34.430+0700] {dagbag.py:541} INFO - Filling up the DagBag from /Users/macbook/Documents/Documents_MacBook_Pro/ISTT/AirflowTutorial/envlibs/lib/python3.10/site-packages/airflow/example_dags/example_params_trigger_ui.py
[2023-06-22T16:20:34.513+0700] {processor.py:836} INFO - DAG(s) dict_keys(['example_params_trigger_ui']) retrieved from /Users/macbook/Documents/Documents_MacBook_Pro/ISTT/AirflowTutorial/envlibs/lib/python3.10/site-packages/airflow/example_dags/example_params_trigger_ui.py
[2023-06-22T16:20:35.415+0700] {logging_mixin.py:149} INFO - [2023-06-22T16:20:35.414+0700] {dag.py:2726} INFO - Sync 1 DAGs
[2023-06-22T16:20:35.440+0700] {logging_mixin.py:149} INFO - [2023-06-22T16:20:35.440+0700] {dag.py:3486} INFO - Setting next_dagrun for example_params_trigger_ui to None, run_after=None
[2023-06-22T16:20:35.472+0700] {processor.py:179} INFO - Processing /Users/macbook/Documents/Documents_MacBook_Pro/ISTT/AirflowTutorial/envlibs/lib/python3.10/site-packages/airflow/example_dags/example_params_trigger_ui.py took 1.044 seconds
[2023-06-22T16:22:39.401+0700] {processor.py:157} INFO - Started process (PID=15645) to work on /Users/macbook/Documents/Documents_MacBook_Pro/ISTT/AirflowTutorial/envlibs/lib/python3.10/site-packages/airflow/example_dags/example_params_trigger_ui.py
[2023-06-22T16:22:39.402+0700] {processor.py:826} INFO - Processing file /Users/macbook/Documents/Documents_MacBook_Pro/ISTT/AirflowTutorial/envlibs/lib/python3.10/site-packages/airflow/example_dags/example_params_trigger_ui.py for tasks to queue
[2023-06-22T16:22:39.403+0700] {logging_mixin.py:149} INFO - [2023-06-22T16:22:39.403+0700] {dagbag.py:541} INFO - Filling up the DagBag from /Users/macbook/Documents/Documents_MacBook_Pro/ISTT/AirflowTutorial/envlibs/lib/python3.10/site-packages/airflow/example_dags/example_params_trigger_ui.py
[2023-06-22T16:22:39.482+0700] {processor.py:836} INFO - DAG(s) dict_keys(['example_params_trigger_ui']) retrieved from /Users/macbook/Documents/Documents_MacBook_Pro/ISTT/AirflowTutorial/envlibs/lib/python3.10/site-packages/airflow/example_dags/example_params_trigger_ui.py
[2023-06-22T16:22:40.232+0700] {logging_mixin.py:149} INFO - [2023-06-22T16:22:40.232+0700] {dag.py:2726} INFO - Sync 1 DAGs
[2023-06-22T16:22:40.252+0700] {logging_mixin.py:149} INFO - [2023-06-22T16:22:40.252+0700] {dag.py:3486} INFO - Setting next_dagrun for example_params_trigger_ui to None, run_after=None
[2023-06-22T16:22:40.271+0700] {processor.py:179} INFO - Processing /Users/macbook/Documents/Documents_MacBook_Pro/ISTT/AirflowTutorial/envlibs/lib/python3.10/site-packages/airflow/example_dags/example_params_trigger_ui.py took 0.870 seconds
[2023-06-22T16:26:34.488+0700] {processor.py:157} INFO - Started process (PID=15795) to work on /Users/macbook/Documents/Documents_MacBook_Pro/ISTT/AirflowTutorial/envlibs/lib/python3.10/site-packages/airflow/example_dags/example_params_trigger_ui.py
[2023-06-22T16:26:34.489+0700] {processor.py:826} INFO - Processing file /Users/macbook/Documents/Documents_MacBook_Pro/ISTT/AirflowTutorial/envlibs/lib/python3.10/site-packages/airflow/example_dags/example_params_trigger_ui.py for tasks to queue
[2023-06-22T16:26:34.490+0700] {logging_mixin.py:149} INFO - [2023-06-22T16:26:34.490+0700] {dagbag.py:541} INFO - Filling up the DagBag from /Users/macbook/Documents/Documents_MacBook_Pro/ISTT/AirflowTutorial/envlibs/lib/python3.10/site-packages/airflow/example_dags/example_params_trigger_ui.py
[2023-06-22T16:26:34.568+0700] {processor.py:836} INFO - DAG(s) dict_keys(['example_params_trigger_ui']) retrieved from /Users/macbook/Documents/Documents_MacBook_Pro/ISTT/AirflowTutorial/envlibs/lib/python3.10/site-packages/airflow/example_dags/example_params_trigger_ui.py
[2023-06-22T16:26:35.280+0700] {logging_mixin.py:149} INFO - [2023-06-22T16:26:35.280+0700] {dag.py:2726} INFO - Sync 1 DAGs
[2023-06-22T16:26:35.296+0700] {logging_mixin.py:149} INFO - [2023-06-22T16:26:35.296+0700] {dag.py:3486} INFO - Setting next_dagrun for example_params_trigger_ui to None, run_after=None
[2023-06-22T16:26:35.313+0700] {processor.py:179} INFO - Processing /Users/macbook/Documents/Documents_MacBook_Pro/ISTT/AirflowTutorial/envlibs/lib/python3.10/site-packages/airflow/example_dags/example_params_trigger_ui.py took 0.826 seconds
