[2023-06-22T14:27:26.449+0700] {processor.py:157} INFO - Started process (PID=11868) to work on /Users/macbook/Documents/Documents_MacBook_Pro/ISTT/AirflowTutorial/envlibs/lib/python3.10/site-packages/airflow/example_dags/example_time_delta_sensor_async.py
[2023-06-22T14:27:26.449+0700] {processor.py:826} INFO - Processing file /Users/macbook/Documents/Documents_MacBook_Pro/ISTT/AirflowTutorial/envlibs/lib/python3.10/site-packages/airflow/example_dags/example_time_delta_sensor_async.py for tasks to queue
[2023-06-22T14:27:26.450+0700] {logging_mixin.py:149} INFO - [2023-06-22T14:27:26.450+0700] {dagbag.py:541} INFO - Filling up the DagBag from /Users/macbook/Documents/Documents_MacBook_Pro/ISTT/AirflowTutorial/envlibs/lib/python3.10/site-packages/airflow/example_dags/example_time_delta_sensor_async.py
[2023-06-22T14:27:26.469+0700] {processor.py:836} INFO - DAG(s) dict_keys(['example_time_delta_sensor_async']) retrieved from /Users/macbook/Documents/Documents_MacBook_Pro/ISTT/AirflowTutorial/envlibs/lib/python3.10/site-packages/airflow/example_dags/example_time_delta_sensor_async.py
[2023-06-22T14:27:27.313+0700] {logging_mixin.py:149} INFO - [2023-06-22T14:27:27.312+0700] {dag.py:2726} INFO - Sync 1 DAGs
[2023-06-22T14:27:27.329+0700] {logging_mixin.py:149} INFO - [2023-06-22T14:27:27.329+0700] {dag.py:3486} INFO - Setting next_dagrun for example_time_delta_sensor_async to None, run_after=None
[2023-06-22T14:27:27.350+0700] {processor.py:179} INFO - Processing /Users/macbook/Documents/Documents_MacBook_Pro/ISTT/AirflowTutorial/envlibs/lib/python3.10/site-packages/airflow/example_dags/example_time_delta_sensor_async.py took 0.902 seconds
[2023-06-22T14:29:53.392+0700] {processor.py:157} INFO - Started process (PID=11937) to work on /Users/macbook/Documents/Documents_MacBook_Pro/ISTT/AirflowTutorial/envlibs/lib/python3.10/site-packages/airflow/example_dags/example_time_delta_sensor_async.py
[2023-06-22T14:29:53.394+0700] {processor.py:826} INFO - Processing file /Users/macbook/Documents/Documents_MacBook_Pro/ISTT/AirflowTutorial/envlibs/lib/python3.10/site-packages/airflow/example_dags/example_time_delta_sensor_async.py for tasks to queue
[2023-06-22T14:29:53.394+0700] {logging_mixin.py:149} INFO - [2023-06-22T14:29:53.394+0700] {dagbag.py:541} INFO - Filling up the DagBag from /Users/macbook/Documents/Documents_MacBook_Pro/ISTT/AirflowTutorial/envlibs/lib/python3.10/site-packages/airflow/example_dags/example_time_delta_sensor_async.py
[2023-06-22T14:29:53.415+0700] {processor.py:836} INFO - DAG(s) dict_keys(['example_time_delta_sensor_async']) retrieved from /Users/macbook/Documents/Documents_MacBook_Pro/ISTT/AirflowTutorial/envlibs/lib/python3.10/site-packages/airflow/example_dags/example_time_delta_sensor_async.py
[2023-06-22T14:29:54.224+0700] {logging_mixin.py:149} INFO - [2023-06-22T14:29:54.223+0700] {dag.py:2726} INFO - Sync 1 DAGs
[2023-06-22T14:29:54.241+0700] {logging_mixin.py:149} INFO - [2023-06-22T14:29:54.241+0700] {dag.py:3486} INFO - Setting next_dagrun for example_time_delta_sensor_async to None, run_after=None
[2023-06-22T14:29:54.258+0700] {processor.py:179} INFO - Processing /Users/macbook/Documents/Documents_MacBook_Pro/ISTT/AirflowTutorial/envlibs/lib/python3.10/site-packages/airflow/example_dags/example_time_delta_sensor_async.py took 0.867 seconds
[2023-06-22T14:32:06.505+0700] {processor.py:157} INFO - Started process (PID=12036) to work on /Users/macbook/Documents/Documents_MacBook_Pro/ISTT/AirflowTutorial/envlibs/lib/python3.10/site-packages/airflow/example_dags/example_time_delta_sensor_async.py
[2023-06-22T14:32:06.506+0700] {processor.py:826} INFO - Processing file /Users/macbook/Documents/Documents_MacBook_Pro/ISTT/AirflowTutorial/envlibs/lib/python3.10/site-packages/airflow/example_dags/example_time_delta_sensor_async.py for tasks to queue
[2023-06-22T14:32:06.507+0700] {logging_mixin.py:149} INFO - [2023-06-22T14:32:06.507+0700] {dagbag.py:541} INFO - Filling up the DagBag from /Users/macbook/Documents/Documents_MacBook_Pro/ISTT/AirflowTutorial/envlibs/lib/python3.10/site-packages/airflow/example_dags/example_time_delta_sensor_async.py
[2023-06-22T14:32:06.528+0700] {processor.py:836} INFO - DAG(s) dict_keys(['example_time_delta_sensor_async']) retrieved from /Users/macbook/Documents/Documents_MacBook_Pro/ISTT/AirflowTutorial/envlibs/lib/python3.10/site-packages/airflow/example_dags/example_time_delta_sensor_async.py
[2023-06-22T14:32:07.361+0700] {logging_mixin.py:149} INFO - [2023-06-22T14:32:07.361+0700] {dag.py:2726} INFO - Sync 1 DAGs
[2023-06-22T14:32:07.378+0700] {logging_mixin.py:149} INFO - [2023-06-22T14:32:07.378+0700] {dag.py:3486} INFO - Setting next_dagrun for example_time_delta_sensor_async to None, run_after=None
[2023-06-22T14:32:07.396+0700] {processor.py:179} INFO - Processing /Users/macbook/Documents/Documents_MacBook_Pro/ISTT/AirflowTutorial/envlibs/lib/python3.10/site-packages/airflow/example_dags/example_time_delta_sensor_async.py took 0.892 seconds
[2023-06-22T14:34:32.977+0700] {processor.py:157} INFO - Started process (PID=12160) to work on /Users/macbook/Documents/Documents_MacBook_Pro/ISTT/AirflowTutorial/envlibs/lib/python3.10/site-packages/airflow/example_dags/example_time_delta_sensor_async.py
[2023-06-22T14:34:32.979+0700] {processor.py:826} INFO - Processing file /Users/macbook/Documents/Documents_MacBook_Pro/ISTT/AirflowTutorial/envlibs/lib/python3.10/site-packages/airflow/example_dags/example_time_delta_sensor_async.py for tasks to queue
[2023-06-22T14:34:32.981+0700] {logging_mixin.py:149} INFO - [2023-06-22T14:34:32.980+0700] {dagbag.py:541} INFO - Filling up the DagBag from /Users/macbook/Documents/Documents_MacBook_Pro/ISTT/AirflowTutorial/envlibs/lib/python3.10/site-packages/airflow/example_dags/example_time_delta_sensor_async.py
[2023-06-22T14:34:33.008+0700] {processor.py:836} INFO - DAG(s) dict_keys(['example_time_delta_sensor_async']) retrieved from /Users/macbook/Documents/Documents_MacBook_Pro/ISTT/AirflowTutorial/envlibs/lib/python3.10/site-packages/airflow/example_dags/example_time_delta_sensor_async.py
[2023-06-22T14:34:34.367+0700] {logging_mixin.py:149} INFO - [2023-06-22T14:34:34.367+0700] {dag.py:2726} INFO - Sync 1 DAGs
[2023-06-22T14:34:34.394+0700] {logging_mixin.py:149} INFO - [2023-06-22T14:34:34.393+0700] {dag.py:3486} INFO - Setting next_dagrun for example_time_delta_sensor_async to None, run_after=None
[2023-06-22T14:34:34.415+0700] {processor.py:179} INFO - Processing /Users/macbook/Documents/Documents_MacBook_Pro/ISTT/AirflowTutorial/envlibs/lib/python3.10/site-packages/airflow/example_dags/example_time_delta_sensor_async.py took 1.440 seconds
[2023-06-22T14:37:15.877+0700] {processor.py:157} INFO - Started process (PID=12308) to work on /Users/macbook/Documents/Documents_MacBook_Pro/ISTT/AirflowTutorial/envlibs/lib/python3.10/site-packages/airflow/example_dags/example_time_delta_sensor_async.py
[2023-06-22T14:37:15.879+0700] {processor.py:826} INFO - Processing file /Users/macbook/Documents/Documents_MacBook_Pro/ISTT/AirflowTutorial/envlibs/lib/python3.10/site-packages/airflow/example_dags/example_time_delta_sensor_async.py for tasks to queue
[2023-06-22T14:37:15.880+0700] {logging_mixin.py:149} INFO - [2023-06-22T14:37:15.880+0700] {dagbag.py:541} INFO - Filling up the DagBag from /Users/macbook/Documents/Documents_MacBook_Pro/ISTT/AirflowTutorial/envlibs/lib/python3.10/site-packages/airflow/example_dags/example_time_delta_sensor_async.py
[2023-06-22T14:37:15.913+0700] {processor.py:836} INFO - DAG(s) dict_keys(['example_time_delta_sensor_async']) retrieved from /Users/macbook/Documents/Documents_MacBook_Pro/ISTT/AirflowTutorial/envlibs/lib/python3.10/site-packages/airflow/example_dags/example_time_delta_sensor_async.py
[2023-06-22T14:37:17.341+0700] {logging_mixin.py:149} INFO - [2023-06-22T14:37:17.341+0700] {dag.py:2726} INFO - Sync 1 DAGs
[2023-06-22T14:37:17.362+0700] {logging_mixin.py:149} INFO - [2023-06-22T14:37:17.362+0700] {dag.py:2747} INFO - Creating ORM DAG for example_time_delta_sensor_async
[2023-06-22T14:37:17.382+0700] {logging_mixin.py:149} INFO - [2023-06-22T14:37:17.382+0700] {dag.py:3486} INFO - Setting next_dagrun for example_time_delta_sensor_async to None, run_after=None
[2023-06-22T14:37:17.435+0700] {processor.py:179} INFO - Processing /Users/macbook/Documents/Documents_MacBook_Pro/ISTT/AirflowTutorial/envlibs/lib/python3.10/site-packages/airflow/example_dags/example_time_delta_sensor_async.py took 1.558 seconds
[2023-06-22T14:39:51.338+0700] {processor.py:157} INFO - Started process (PID=12421) to work on /Users/macbook/Documents/Documents_MacBook_Pro/ISTT/AirflowTutorial/envlibs/lib/python3.10/site-packages/airflow/example_dags/example_time_delta_sensor_async.py
[2023-06-22T14:39:51.339+0700] {processor.py:826} INFO - Processing file /Users/macbook/Documents/Documents_MacBook_Pro/ISTT/AirflowTutorial/envlibs/lib/python3.10/site-packages/airflow/example_dags/example_time_delta_sensor_async.py for tasks to queue
[2023-06-22T14:39:51.340+0700] {logging_mixin.py:149} INFO - [2023-06-22T14:39:51.340+0700] {dagbag.py:541} INFO - Filling up the DagBag from /Users/macbook/Documents/Documents_MacBook_Pro/ISTT/AirflowTutorial/envlibs/lib/python3.10/site-packages/airflow/example_dags/example_time_delta_sensor_async.py
[2023-06-22T14:39:51.367+0700] {processor.py:836} INFO - DAG(s) dict_keys(['example_time_delta_sensor_async']) retrieved from /Users/macbook/Documents/Documents_MacBook_Pro/ISTT/AirflowTutorial/envlibs/lib/python3.10/site-packages/airflow/example_dags/example_time_delta_sensor_async.py
[2023-06-22T14:39:52.428+0700] {logging_mixin.py:149} INFO - [2023-06-22T14:39:52.428+0700] {dag.py:2726} INFO - Sync 1 DAGs
[2023-06-22T14:39:52.438+0700] {logging_mixin.py:149} INFO - [2023-06-22T14:39:52.437+0700] {dag.py:2747} INFO - Creating ORM DAG for example_time_delta_sensor_async
[2023-06-22T14:39:52.446+0700] {logging_mixin.py:149} INFO - [2023-06-22T14:39:52.446+0700] {dag.py:3486} INFO - Setting next_dagrun for example_time_delta_sensor_async to None, run_after=None
[2023-06-22T14:39:52.466+0700] {processor.py:179} INFO - Processing /Users/macbook/Documents/Documents_MacBook_Pro/ISTT/AirflowTutorial/envlibs/lib/python3.10/site-packages/airflow/example_dags/example_time_delta_sensor_async.py took 1.128 seconds
[2023-06-22T14:42:03.778+0700] {processor.py:157} INFO - Started process (PID=12520) to work on /Users/macbook/Documents/Documents_MacBook_Pro/ISTT/AirflowTutorial/envlibs/lib/python3.10/site-packages/airflow/example_dags/example_time_delta_sensor_async.py
[2023-06-22T14:42:03.779+0700] {processor.py:826} INFO - Processing file /Users/macbook/Documents/Documents_MacBook_Pro/ISTT/AirflowTutorial/envlibs/lib/python3.10/site-packages/airflow/example_dags/example_time_delta_sensor_async.py for tasks to queue
[2023-06-22T14:42:03.780+0700] {logging_mixin.py:149} INFO - [2023-06-22T14:42:03.780+0700] {dagbag.py:541} INFO - Filling up the DagBag from /Users/macbook/Documents/Documents_MacBook_Pro/ISTT/AirflowTutorial/envlibs/lib/python3.10/site-packages/airflow/example_dags/example_time_delta_sensor_async.py
[2023-06-22T14:42:03.801+0700] {processor.py:836} INFO - DAG(s) dict_keys(['example_time_delta_sensor_async']) retrieved from /Users/macbook/Documents/Documents_MacBook_Pro/ISTT/AirflowTutorial/envlibs/lib/python3.10/site-packages/airflow/example_dags/example_time_delta_sensor_async.py
[2023-06-22T14:42:04.574+0700] {logging_mixin.py:149} INFO - [2023-06-22T14:42:04.573+0700] {dag.py:2726} INFO - Sync 1 DAGs
[2023-06-22T14:42:04.590+0700] {logging_mixin.py:149} INFO - [2023-06-22T14:42:04.590+0700] {dag.py:3486} INFO - Setting next_dagrun for example_time_delta_sensor_async to None, run_after=None
[2023-06-22T14:42:04.607+0700] {processor.py:179} INFO - Processing /Users/macbook/Documents/Documents_MacBook_Pro/ISTT/AirflowTutorial/envlibs/lib/python3.10/site-packages/airflow/example_dags/example_time_delta_sensor_async.py took 0.830 seconds
[2023-06-22T14:44:11.550+0700] {processor.py:157} INFO - Started process (PID=12574) to work on /Users/macbook/Documents/Documents_MacBook_Pro/ISTT/AirflowTutorial/envlibs/lib/python3.10/site-packages/airflow/example_dags/example_time_delta_sensor_async.py
[2023-06-22T14:44:11.551+0700] {processor.py:826} INFO - Processing file /Users/macbook/Documents/Documents_MacBook_Pro/ISTT/AirflowTutorial/envlibs/lib/python3.10/site-packages/airflow/example_dags/example_time_delta_sensor_async.py for tasks to queue
[2023-06-22T14:44:11.552+0700] {logging_mixin.py:149} INFO - [2023-06-22T14:44:11.552+0700] {dagbag.py:541} INFO - Filling up the DagBag from /Users/macbook/Documents/Documents_MacBook_Pro/ISTT/AirflowTutorial/envlibs/lib/python3.10/site-packages/airflow/example_dags/example_time_delta_sensor_async.py
[2023-06-22T14:44:11.575+0700] {processor.py:836} INFO - DAG(s) dict_keys(['example_time_delta_sensor_async']) retrieved from /Users/macbook/Documents/Documents_MacBook_Pro/ISTT/AirflowTutorial/envlibs/lib/python3.10/site-packages/airflow/example_dags/example_time_delta_sensor_async.py
[2023-06-22T14:44:12.441+0700] {logging_mixin.py:149} INFO - [2023-06-22T14:44:12.440+0700] {dag.py:2726} INFO - Sync 1 DAGs
[2023-06-22T14:44:12.458+0700] {logging_mixin.py:149} INFO - [2023-06-22T14:44:12.458+0700] {dag.py:3486} INFO - Setting next_dagrun for example_time_delta_sensor_async to None, run_after=None
[2023-06-22T14:44:12.478+0700] {processor.py:179} INFO - Processing /Users/macbook/Documents/Documents_MacBook_Pro/ISTT/AirflowTutorial/envlibs/lib/python3.10/site-packages/airflow/example_dags/example_time_delta_sensor_async.py took 0.928 seconds
[2023-06-22T14:46:16.053+0700] {processor.py:157} INFO - Started process (PID=12628) to work on /Users/macbook/Documents/Documents_MacBook_Pro/ISTT/AirflowTutorial/envlibs/lib/python3.10/site-packages/airflow/example_dags/example_time_delta_sensor_async.py
[2023-06-22T14:46:16.053+0700] {processor.py:826} INFO - Processing file /Users/macbook/Documents/Documents_MacBook_Pro/ISTT/AirflowTutorial/envlibs/lib/python3.10/site-packages/airflow/example_dags/example_time_delta_sensor_async.py for tasks to queue
[2023-06-22T14:46:16.054+0700] {logging_mixin.py:149} INFO - [2023-06-22T14:46:16.054+0700] {dagbag.py:541} INFO - Filling up the DagBag from /Users/macbook/Documents/Documents_MacBook_Pro/ISTT/AirflowTutorial/envlibs/lib/python3.10/site-packages/airflow/example_dags/example_time_delta_sensor_async.py
[2023-06-22T14:46:16.076+0700] {processor.py:836} INFO - DAG(s) dict_keys(['example_time_delta_sensor_async']) retrieved from /Users/macbook/Documents/Documents_MacBook_Pro/ISTT/AirflowTutorial/envlibs/lib/python3.10/site-packages/airflow/example_dags/example_time_delta_sensor_async.py
[2023-06-22T14:46:16.833+0700] {logging_mixin.py:149} INFO - [2023-06-22T14:46:16.832+0700] {dag.py:2726} INFO - Sync 1 DAGs
[2023-06-22T14:46:16.848+0700] {logging_mixin.py:149} INFO - [2023-06-22T14:46:16.848+0700] {dag.py:3486} INFO - Setting next_dagrun for example_time_delta_sensor_async to None, run_after=None
[2023-06-22T14:46:16.864+0700] {processor.py:179} INFO - Processing /Users/macbook/Documents/Documents_MacBook_Pro/ISTT/AirflowTutorial/envlibs/lib/python3.10/site-packages/airflow/example_dags/example_time_delta_sensor_async.py took 0.812 seconds
[2023-06-22T14:48:21.877+0700] {processor.py:157} INFO - Started process (PID=12692) to work on /Users/macbook/Documents/Documents_MacBook_Pro/ISTT/AirflowTutorial/envlibs/lib/python3.10/site-packages/airflow/example_dags/example_time_delta_sensor_async.py
[2023-06-22T14:48:21.879+0700] {processor.py:826} INFO - Processing file /Users/macbook/Documents/Documents_MacBook_Pro/ISTT/AirflowTutorial/envlibs/lib/python3.10/site-packages/airflow/example_dags/example_time_delta_sensor_async.py for tasks to queue
[2023-06-22T14:48:21.879+0700] {logging_mixin.py:149} INFO - [2023-06-22T14:48:21.879+0700] {dagbag.py:541} INFO - Filling up the DagBag from /Users/macbook/Documents/Documents_MacBook_Pro/ISTT/AirflowTutorial/envlibs/lib/python3.10/site-packages/airflow/example_dags/example_time_delta_sensor_async.py
[2023-06-22T14:48:21.899+0700] {processor.py:836} INFO - DAG(s) dict_keys(['example_time_delta_sensor_async']) retrieved from /Users/macbook/Documents/Documents_MacBook_Pro/ISTT/AirflowTutorial/envlibs/lib/python3.10/site-packages/airflow/example_dags/example_time_delta_sensor_async.py
[2023-06-22T14:48:22.707+0700] {logging_mixin.py:149} INFO - [2023-06-22T14:48:22.707+0700] {dag.py:2726} INFO - Sync 1 DAGs
[2023-06-22T14:48:22.724+0700] {logging_mixin.py:149} INFO - [2023-06-22T14:48:22.724+0700] {dag.py:3486} INFO - Setting next_dagrun for example_time_delta_sensor_async to None, run_after=None
[2023-06-22T14:48:22.742+0700] {processor.py:179} INFO - Processing /Users/macbook/Documents/Documents_MacBook_Pro/ISTT/AirflowTutorial/envlibs/lib/python3.10/site-packages/airflow/example_dags/example_time_delta_sensor_async.py took 0.866 seconds
[2023-06-22T14:50:28.044+0700] {processor.py:157} INFO - Started process (PID=12752) to work on /Users/macbook/Documents/Documents_MacBook_Pro/ISTT/AirflowTutorial/envlibs/lib/python3.10/site-packages/airflow/example_dags/example_time_delta_sensor_async.py
[2023-06-22T14:50:28.045+0700] {processor.py:826} INFO - Processing file /Users/macbook/Documents/Documents_MacBook_Pro/ISTT/AirflowTutorial/envlibs/lib/python3.10/site-packages/airflow/example_dags/example_time_delta_sensor_async.py for tasks to queue
[2023-06-22T14:50:28.045+0700] {logging_mixin.py:149} INFO - [2023-06-22T14:50:28.045+0700] {dagbag.py:541} INFO - Filling up the DagBag from /Users/macbook/Documents/Documents_MacBook_Pro/ISTT/AirflowTutorial/envlibs/lib/python3.10/site-packages/airflow/example_dags/example_time_delta_sensor_async.py
[2023-06-22T14:50:28.065+0700] {processor.py:836} INFO - DAG(s) dict_keys(['example_time_delta_sensor_async']) retrieved from /Users/macbook/Documents/Documents_MacBook_Pro/ISTT/AirflowTutorial/envlibs/lib/python3.10/site-packages/airflow/example_dags/example_time_delta_sensor_async.py
[2023-06-22T14:50:28.886+0700] {logging_mixin.py:149} INFO - [2023-06-22T14:50:28.886+0700] {dag.py:2726} INFO - Sync 1 DAGs
[2023-06-22T14:50:28.903+0700] {logging_mixin.py:149} INFO - [2023-06-22T14:50:28.903+0700] {dag.py:3486} INFO - Setting next_dagrun for example_time_delta_sensor_async to None, run_after=None
[2023-06-22T14:50:28.921+0700] {processor.py:179} INFO - Processing /Users/macbook/Documents/Documents_MacBook_Pro/ISTT/AirflowTutorial/envlibs/lib/python3.10/site-packages/airflow/example_dags/example_time_delta_sensor_async.py took 0.878 seconds
[2023-06-22T14:52:27.405+0700] {processor.py:157} INFO - Started process (PID=12807) to work on /Users/macbook/Documents/Documents_MacBook_Pro/ISTT/AirflowTutorial/envlibs/lib/python3.10/site-packages/airflow/example_dags/example_time_delta_sensor_async.py
[2023-06-22T14:52:27.406+0700] {processor.py:826} INFO - Processing file /Users/macbook/Documents/Documents_MacBook_Pro/ISTT/AirflowTutorial/envlibs/lib/python3.10/site-packages/airflow/example_dags/example_time_delta_sensor_async.py for tasks to queue
[2023-06-22T14:52:27.407+0700] {logging_mixin.py:149} INFO - [2023-06-22T14:52:27.407+0700] {dagbag.py:541} INFO - Filling up the DagBag from /Users/macbook/Documents/Documents_MacBook_Pro/ISTT/AirflowTutorial/envlibs/lib/python3.10/site-packages/airflow/example_dags/example_time_delta_sensor_async.py
[2023-06-22T14:52:27.427+0700] {processor.py:836} INFO - DAG(s) dict_keys(['example_time_delta_sensor_async']) retrieved from /Users/macbook/Documents/Documents_MacBook_Pro/ISTT/AirflowTutorial/envlibs/lib/python3.10/site-packages/airflow/example_dags/example_time_delta_sensor_async.py
[2023-06-22T14:52:28.348+0700] {logging_mixin.py:149} INFO - [2023-06-22T14:52:28.347+0700] {dag.py:2726} INFO - Sync 1 DAGs
[2023-06-22T14:52:28.365+0700] {logging_mixin.py:149} INFO - [2023-06-22T14:52:28.365+0700] {dag.py:3486} INFO - Setting next_dagrun for example_time_delta_sensor_async to None, run_after=None
[2023-06-22T14:52:28.385+0700] {processor.py:179} INFO - Processing /Users/macbook/Documents/Documents_MacBook_Pro/ISTT/AirflowTutorial/envlibs/lib/python3.10/site-packages/airflow/example_dags/example_time_delta_sensor_async.py took 0.981 seconds
[2023-06-22T14:54:29.029+0700] {processor.py:157} INFO - Started process (PID=12860) to work on /Users/macbook/Documents/Documents_MacBook_Pro/ISTT/AirflowTutorial/envlibs/lib/python3.10/site-packages/airflow/example_dags/example_time_delta_sensor_async.py
[2023-06-22T14:54:29.030+0700] {processor.py:826} INFO - Processing file /Users/macbook/Documents/Documents_MacBook_Pro/ISTT/AirflowTutorial/envlibs/lib/python3.10/site-packages/airflow/example_dags/example_time_delta_sensor_async.py for tasks to queue
[2023-06-22T14:54:29.031+0700] {logging_mixin.py:149} INFO - [2023-06-22T14:54:29.031+0700] {dagbag.py:541} INFO - Filling up the DagBag from /Users/macbook/Documents/Documents_MacBook_Pro/ISTT/AirflowTutorial/envlibs/lib/python3.10/site-packages/airflow/example_dags/example_time_delta_sensor_async.py
[2023-06-22T14:54:29.053+0700] {processor.py:836} INFO - DAG(s) dict_keys(['example_time_delta_sensor_async']) retrieved from /Users/macbook/Documents/Documents_MacBook_Pro/ISTT/AirflowTutorial/envlibs/lib/python3.10/site-packages/airflow/example_dags/example_time_delta_sensor_async.py
[2023-06-22T14:54:30.003+0700] {logging_mixin.py:149} INFO - [2023-06-22T14:54:30.002+0700] {dag.py:2726} INFO - Sync 1 DAGs
[2023-06-22T14:54:30.022+0700] {logging_mixin.py:149} INFO - [2023-06-22T14:54:30.022+0700] {dag.py:3486} INFO - Setting next_dagrun for example_time_delta_sensor_async to None, run_after=None
[2023-06-22T14:54:30.042+0700] {processor.py:179} INFO - Processing /Users/macbook/Documents/Documents_MacBook_Pro/ISTT/AirflowTutorial/envlibs/lib/python3.10/site-packages/airflow/example_dags/example_time_delta_sensor_async.py took 1.013 seconds
[2023-06-22T14:56:23.211+0700] {processor.py:157} INFO - Started process (PID=12912) to work on /Users/macbook/Documents/Documents_MacBook_Pro/ISTT/AirflowTutorial/envlibs/lib/python3.10/site-packages/airflow/example_dags/example_time_delta_sensor_async.py
[2023-06-22T14:56:23.212+0700] {processor.py:826} INFO - Processing file /Users/macbook/Documents/Documents_MacBook_Pro/ISTT/AirflowTutorial/envlibs/lib/python3.10/site-packages/airflow/example_dags/example_time_delta_sensor_async.py for tasks to queue
[2023-06-22T14:56:23.213+0700] {logging_mixin.py:149} INFO - [2023-06-22T14:56:23.213+0700] {dagbag.py:541} INFO - Filling up the DagBag from /Users/macbook/Documents/Documents_MacBook_Pro/ISTT/AirflowTutorial/envlibs/lib/python3.10/site-packages/airflow/example_dags/example_time_delta_sensor_async.py
[2023-06-22T14:56:23.240+0700] {processor.py:836} INFO - DAG(s) dict_keys(['example_time_delta_sensor_async']) retrieved from /Users/macbook/Documents/Documents_MacBook_Pro/ISTT/AirflowTutorial/envlibs/lib/python3.10/site-packages/airflow/example_dags/example_time_delta_sensor_async.py
[2023-06-22T14:56:23.995+0700] {logging_mixin.py:149} INFO - [2023-06-22T14:56:23.995+0700] {dag.py:2726} INFO - Sync 1 DAGs
[2023-06-22T14:56:24.012+0700] {logging_mixin.py:149} INFO - [2023-06-22T14:56:24.012+0700] {dag.py:3486} INFO - Setting next_dagrun for example_time_delta_sensor_async to None, run_after=None
[2023-06-22T14:56:24.039+0700] {processor.py:179} INFO - Processing /Users/macbook/Documents/Documents_MacBook_Pro/ISTT/AirflowTutorial/envlibs/lib/python3.10/site-packages/airflow/example_dags/example_time_delta_sensor_async.py took 0.829 seconds
[2023-06-22T14:58:24.223+0700] {processor.py:157} INFO - Started process (PID=12966) to work on /Users/macbook/Documents/Documents_MacBook_Pro/ISTT/AirflowTutorial/envlibs/lib/python3.10/site-packages/airflow/example_dags/example_time_delta_sensor_async.py
[2023-06-22T14:58:24.224+0700] {processor.py:826} INFO - Processing file /Users/macbook/Documents/Documents_MacBook_Pro/ISTT/AirflowTutorial/envlibs/lib/python3.10/site-packages/airflow/example_dags/example_time_delta_sensor_async.py for tasks to queue
[2023-06-22T14:58:24.225+0700] {logging_mixin.py:149} INFO - [2023-06-22T14:58:24.225+0700] {dagbag.py:541} INFO - Filling up the DagBag from /Users/macbook/Documents/Documents_MacBook_Pro/ISTT/AirflowTutorial/envlibs/lib/python3.10/site-packages/airflow/example_dags/example_time_delta_sensor_async.py
[2023-06-22T14:58:24.246+0700] {processor.py:836} INFO - DAG(s) dict_keys(['example_time_delta_sensor_async']) retrieved from /Users/macbook/Documents/Documents_MacBook_Pro/ISTT/AirflowTutorial/envlibs/lib/python3.10/site-packages/airflow/example_dags/example_time_delta_sensor_async.py
[2023-06-22T14:58:25.004+0700] {logging_mixin.py:149} INFO - [2023-06-22T14:58:25.004+0700] {dag.py:2726} INFO - Sync 1 DAGs
[2023-06-22T14:58:25.021+0700] {logging_mixin.py:149} INFO - [2023-06-22T14:58:25.021+0700] {dag.py:3486} INFO - Setting next_dagrun for example_time_delta_sensor_async to None, run_after=None
[2023-06-22T14:58:25.038+0700] {processor.py:179} INFO - Processing /Users/macbook/Documents/Documents_MacBook_Pro/ISTT/AirflowTutorial/envlibs/lib/python3.10/site-packages/airflow/example_dags/example_time_delta_sensor_async.py took 0.816 seconds
[2023-06-22T15:00:29.045+0700] {processor.py:157} INFO - Started process (PID=13018) to work on /Users/macbook/Documents/Documents_MacBook_Pro/ISTT/AirflowTutorial/envlibs/lib/python3.10/site-packages/airflow/example_dags/example_time_delta_sensor_async.py
[2023-06-22T15:00:29.046+0700] {processor.py:826} INFO - Processing file /Users/macbook/Documents/Documents_MacBook_Pro/ISTT/AirflowTutorial/envlibs/lib/python3.10/site-packages/airflow/example_dags/example_time_delta_sensor_async.py for tasks to queue
[2023-06-22T15:00:29.047+0700] {logging_mixin.py:149} INFO - [2023-06-22T15:00:29.047+0700] {dagbag.py:541} INFO - Filling up the DagBag from /Users/macbook/Documents/Documents_MacBook_Pro/ISTT/AirflowTutorial/envlibs/lib/python3.10/site-packages/airflow/example_dags/example_time_delta_sensor_async.py
[2023-06-22T15:00:29.071+0700] {processor.py:836} INFO - DAG(s) dict_keys(['example_time_delta_sensor_async']) retrieved from /Users/macbook/Documents/Documents_MacBook_Pro/ISTT/AirflowTutorial/envlibs/lib/python3.10/site-packages/airflow/example_dags/example_time_delta_sensor_async.py
[2023-06-22T15:00:29.872+0700] {logging_mixin.py:149} INFO - [2023-06-22T15:00:29.871+0700] {dag.py:2726} INFO - Sync 1 DAGs
[2023-06-22T15:00:29.890+0700] {logging_mixin.py:149} INFO - [2023-06-22T15:00:29.890+0700] {dag.py:3486} INFO - Setting next_dagrun for example_time_delta_sensor_async to None, run_after=None
[2023-06-22T15:00:29.910+0700] {processor.py:179} INFO - Processing /Users/macbook/Documents/Documents_MacBook_Pro/ISTT/AirflowTutorial/envlibs/lib/python3.10/site-packages/airflow/example_dags/example_time_delta_sensor_async.py took 0.866 seconds
[2023-06-22T15:02:31.588+0700] {processor.py:157} INFO - Started process (PID=13076) to work on /Users/macbook/Documents/Documents_MacBook_Pro/ISTT/AirflowTutorial/envlibs/lib/python3.10/site-packages/airflow/example_dags/example_time_delta_sensor_async.py
[2023-06-22T15:02:31.589+0700] {processor.py:826} INFO - Processing file /Users/macbook/Documents/Documents_MacBook_Pro/ISTT/AirflowTutorial/envlibs/lib/python3.10/site-packages/airflow/example_dags/example_time_delta_sensor_async.py for tasks to queue
[2023-06-22T15:02:31.590+0700] {logging_mixin.py:149} INFO - [2023-06-22T15:02:31.590+0700] {dagbag.py:541} INFO - Filling up the DagBag from /Users/macbook/Documents/Documents_MacBook_Pro/ISTT/AirflowTutorial/envlibs/lib/python3.10/site-packages/airflow/example_dags/example_time_delta_sensor_async.py
[2023-06-22T15:02:31.611+0700] {processor.py:836} INFO - DAG(s) dict_keys(['example_time_delta_sensor_async']) retrieved from /Users/macbook/Documents/Documents_MacBook_Pro/ISTT/AirflowTutorial/envlibs/lib/python3.10/site-packages/airflow/example_dags/example_time_delta_sensor_async.py
[2023-06-22T15:02:32.383+0700] {logging_mixin.py:149} INFO - [2023-06-22T15:02:32.382+0700] {dag.py:2726} INFO - Sync 1 DAGs
[2023-06-22T15:02:32.399+0700] {logging_mixin.py:149} INFO - [2023-06-22T15:02:32.399+0700] {dag.py:3486} INFO - Setting next_dagrun for example_time_delta_sensor_async to None, run_after=None
[2023-06-22T15:02:32.419+0700] {processor.py:179} INFO - Processing /Users/macbook/Documents/Documents_MacBook_Pro/ISTT/AirflowTutorial/envlibs/lib/python3.10/site-packages/airflow/example_dags/example_time_delta_sensor_async.py took 0.832 seconds
[2023-06-22T15:04:32.811+0700] {processor.py:157} INFO - Started process (PID=13134) to work on /Users/macbook/Documents/Documents_MacBook_Pro/ISTT/AirflowTutorial/envlibs/lib/python3.10/site-packages/airflow/example_dags/example_time_delta_sensor_async.py
[2023-06-22T15:04:32.813+0700] {processor.py:826} INFO - Processing file /Users/macbook/Documents/Documents_MacBook_Pro/ISTT/AirflowTutorial/envlibs/lib/python3.10/site-packages/airflow/example_dags/example_time_delta_sensor_async.py for tasks to queue
[2023-06-22T15:04:32.813+0700] {logging_mixin.py:149} INFO - [2023-06-22T15:04:32.813+0700] {dagbag.py:541} INFO - Filling up the DagBag from /Users/macbook/Documents/Documents_MacBook_Pro/ISTT/AirflowTutorial/envlibs/lib/python3.10/site-packages/airflow/example_dags/example_time_delta_sensor_async.py
[2023-06-22T15:04:32.831+0700] {processor.py:836} INFO - DAG(s) dict_keys(['example_time_delta_sensor_async']) retrieved from /Users/macbook/Documents/Documents_MacBook_Pro/ISTT/AirflowTutorial/envlibs/lib/python3.10/site-packages/airflow/example_dags/example_time_delta_sensor_async.py
[2023-06-22T15:04:33.572+0700] {logging_mixin.py:149} INFO - [2023-06-22T15:04:33.572+0700] {dag.py:2726} INFO - Sync 1 DAGs
[2023-06-22T15:04:33.589+0700] {logging_mixin.py:149} INFO - [2023-06-22T15:04:33.589+0700] {dag.py:3486} INFO - Setting next_dagrun for example_time_delta_sensor_async to None, run_after=None
[2023-06-22T15:04:33.607+0700] {processor.py:179} INFO - Processing /Users/macbook/Documents/Documents_MacBook_Pro/ISTT/AirflowTutorial/envlibs/lib/python3.10/site-packages/airflow/example_dags/example_time_delta_sensor_async.py took 0.797 seconds
[2023-06-22T15:06:43.280+0700] {processor.py:157} INFO - Started process (PID=13237) to work on /Users/macbook/Documents/Documents_MacBook_Pro/ISTT/AirflowTutorial/envlibs/lib/python3.10/site-packages/airflow/example_dags/example_time_delta_sensor_async.py
[2023-06-22T15:06:43.281+0700] {processor.py:826} INFO - Processing file /Users/macbook/Documents/Documents_MacBook_Pro/ISTT/AirflowTutorial/envlibs/lib/python3.10/site-packages/airflow/example_dags/example_time_delta_sensor_async.py for tasks to queue
[2023-06-22T15:06:43.281+0700] {logging_mixin.py:149} INFO - [2023-06-22T15:06:43.281+0700] {dagbag.py:541} INFO - Filling up the DagBag from /Users/macbook/Documents/Documents_MacBook_Pro/ISTT/AirflowTutorial/envlibs/lib/python3.10/site-packages/airflow/example_dags/example_time_delta_sensor_async.py
[2023-06-22T15:06:43.301+0700] {processor.py:836} INFO - DAG(s) dict_keys(['example_time_delta_sensor_async']) retrieved from /Users/macbook/Documents/Documents_MacBook_Pro/ISTT/AirflowTutorial/envlibs/lib/python3.10/site-packages/airflow/example_dags/example_time_delta_sensor_async.py
[2023-06-22T15:06:44.059+0700] {logging_mixin.py:149} INFO - [2023-06-22T15:06:44.059+0700] {dag.py:2726} INFO - Sync 1 DAGs
[2023-06-22T15:06:44.076+0700] {logging_mixin.py:149} INFO - [2023-06-22T15:06:44.076+0700] {dag.py:3486} INFO - Setting next_dagrun for example_time_delta_sensor_async to None, run_after=None
[2023-06-22T15:06:44.097+0700] {processor.py:179} INFO - Processing /Users/macbook/Documents/Documents_MacBook_Pro/ISTT/AirflowTutorial/envlibs/lib/python3.10/site-packages/airflow/example_dags/example_time_delta_sensor_async.py took 0.818 seconds
[2023-06-22T15:08:43.543+0700] {processor.py:157} INFO - Started process (PID=13291) to work on /Users/macbook/Documents/Documents_MacBook_Pro/ISTT/AirflowTutorial/envlibs/lib/python3.10/site-packages/airflow/example_dags/example_time_delta_sensor_async.py
[2023-06-22T15:08:43.543+0700] {processor.py:826} INFO - Processing file /Users/macbook/Documents/Documents_MacBook_Pro/ISTT/AirflowTutorial/envlibs/lib/python3.10/site-packages/airflow/example_dags/example_time_delta_sensor_async.py for tasks to queue
[2023-06-22T15:08:43.544+0700] {logging_mixin.py:149} INFO - [2023-06-22T15:08:43.544+0700] {dagbag.py:541} INFO - Filling up the DagBag from /Users/macbook/Documents/Documents_MacBook_Pro/ISTT/AirflowTutorial/envlibs/lib/python3.10/site-packages/airflow/example_dags/example_time_delta_sensor_async.py
[2023-06-22T15:08:43.567+0700] {processor.py:836} INFO - DAG(s) dict_keys(['example_time_delta_sensor_async']) retrieved from /Users/macbook/Documents/Documents_MacBook_Pro/ISTT/AirflowTutorial/envlibs/lib/python3.10/site-packages/airflow/example_dags/example_time_delta_sensor_async.py
[2023-06-22T15:08:44.337+0700] {logging_mixin.py:149} INFO - [2023-06-22T15:08:44.336+0700] {dag.py:2726} INFO - Sync 1 DAGs
[2023-06-22T15:08:44.353+0700] {logging_mixin.py:149} INFO - [2023-06-22T15:08:44.353+0700] {dag.py:3486} INFO - Setting next_dagrun for example_time_delta_sensor_async to None, run_after=None
[2023-06-22T15:08:44.379+0700] {processor.py:179} INFO - Processing /Users/macbook/Documents/Documents_MacBook_Pro/ISTT/AirflowTutorial/envlibs/lib/python3.10/site-packages/airflow/example_dags/example_time_delta_sensor_async.py took 0.837 seconds
[2023-06-22T15:10:47.368+0700] {processor.py:157} INFO - Started process (PID=13387) to work on /Users/macbook/Documents/Documents_MacBook_Pro/ISTT/AirflowTutorial/envlibs/lib/python3.10/site-packages/airflow/example_dags/example_time_delta_sensor_async.py
[2023-06-22T15:10:47.369+0700] {processor.py:826} INFO - Processing file /Users/macbook/Documents/Documents_MacBook_Pro/ISTT/AirflowTutorial/envlibs/lib/python3.10/site-packages/airflow/example_dags/example_time_delta_sensor_async.py for tasks to queue
[2023-06-22T15:10:47.370+0700] {logging_mixin.py:149} INFO - [2023-06-22T15:10:47.370+0700] {dagbag.py:541} INFO - Filling up the DagBag from /Users/macbook/Documents/Documents_MacBook_Pro/ISTT/AirflowTutorial/envlibs/lib/python3.10/site-packages/airflow/example_dags/example_time_delta_sensor_async.py
[2023-06-22T15:10:47.390+0700] {processor.py:836} INFO - DAG(s) dict_keys(['example_time_delta_sensor_async']) retrieved from /Users/macbook/Documents/Documents_MacBook_Pro/ISTT/AirflowTutorial/envlibs/lib/python3.10/site-packages/airflow/example_dags/example_time_delta_sensor_async.py
[2023-06-22T15:10:48.168+0700] {logging_mixin.py:149} INFO - [2023-06-22T15:10:48.168+0700] {dag.py:2726} INFO - Sync 1 DAGs
[2023-06-22T15:10:48.184+0700] {logging_mixin.py:149} INFO - [2023-06-22T15:10:48.184+0700] {dag.py:3486} INFO - Setting next_dagrun for example_time_delta_sensor_async to None, run_after=None
[2023-06-22T15:10:48.205+0700] {processor.py:179} INFO - Processing /Users/macbook/Documents/Documents_MacBook_Pro/ISTT/AirflowTutorial/envlibs/lib/python3.10/site-packages/airflow/example_dags/example_time_delta_sensor_async.py took 0.838 seconds
[2023-06-22T15:12:52.935+0700] {processor.py:157} INFO - Started process (PID=13441) to work on /Users/macbook/Documents/Documents_MacBook_Pro/ISTT/AirflowTutorial/envlibs/lib/python3.10/site-packages/airflow/example_dags/example_time_delta_sensor_async.py
[2023-06-22T15:12:52.936+0700] {processor.py:826} INFO - Processing file /Users/macbook/Documents/Documents_MacBook_Pro/ISTT/AirflowTutorial/envlibs/lib/python3.10/site-packages/airflow/example_dags/example_time_delta_sensor_async.py for tasks to queue
[2023-06-22T15:12:52.937+0700] {logging_mixin.py:149} INFO - [2023-06-22T15:12:52.937+0700] {dagbag.py:541} INFO - Filling up the DagBag from /Users/macbook/Documents/Documents_MacBook_Pro/ISTT/AirflowTutorial/envlibs/lib/python3.10/site-packages/airflow/example_dags/example_time_delta_sensor_async.py
[2023-06-22T15:12:52.958+0700] {processor.py:836} INFO - DAG(s) dict_keys(['example_time_delta_sensor_async']) retrieved from /Users/macbook/Documents/Documents_MacBook_Pro/ISTT/AirflowTutorial/envlibs/lib/python3.10/site-packages/airflow/example_dags/example_time_delta_sensor_async.py
[2023-06-22T15:12:53.740+0700] {logging_mixin.py:149} INFO - [2023-06-22T15:12:53.740+0700] {dag.py:2726} INFO - Sync 1 DAGs
[2023-06-22T15:12:53.758+0700] {logging_mixin.py:149} INFO - [2023-06-22T15:12:53.758+0700] {dag.py:3486} INFO - Setting next_dagrun for example_time_delta_sensor_async to None, run_after=None
[2023-06-22T15:12:53.777+0700] {processor.py:179} INFO - Processing /Users/macbook/Documents/Documents_MacBook_Pro/ISTT/AirflowTutorial/envlibs/lib/python3.10/site-packages/airflow/example_dags/example_time_delta_sensor_async.py took 0.843 seconds
