[2023-06-22T14:27:41.310+0700] {processor.py:157} INFO - Started process (PID=11875) to work on /Users/macbook/Documents/Documents_MacBook_Pro/ISTT/AirflowTutorial/envlibs/lib/python3.10/site-packages/airflow/example_dags/example_skip_dag.py
[2023-06-22T14:27:41.311+0700] {processor.py:826} INFO - Processing file /Users/macbook/Documents/Documents_MacBook_Pro/ISTT/AirflowTutorial/envlibs/lib/python3.10/site-packages/airflow/example_dags/example_skip_dag.py for tasks to queue
[2023-06-22T14:27:41.311+0700] {logging_mixin.py:149} INFO - [2023-06-22T14:27:41.311+0700] {dagbag.py:541} INFO - Filling up the DagBag from /Users/macbook/Documents/Documents_MacBook_Pro/ISTT/AirflowTutorial/envlibs/lib/python3.10/site-packages/airflow/example_dags/example_skip_dag.py
[2023-06-22T14:27:41.337+0700] {processor.py:836} INFO - DAG(s) dict_keys(['example_skip_dag']) retrieved from /Users/macbook/Documents/Documents_MacBook_Pro/ISTT/AirflowTutorial/envlibs/lib/python3.10/site-packages/airflow/example_dags/example_skip_dag.py
[2023-06-22T14:27:42.493+0700] {logging_mixin.py:149} INFO - [2023-06-22T14:27:42.492+0700] {dag.py:2726} INFO - Sync 1 DAGs
[2023-06-22T14:27:42.514+0700] {logging_mixin.py:149} INFO - [2023-06-22T14:27:42.514+0700] {dag.py:3486} INFO - Setting next_dagrun for example_skip_dag to 2023-06-21T07:27:42.513854+00:00, run_after=2023-06-22T07:27:42.513854+00:00
[2023-06-22T14:27:42.538+0700] {processor.py:179} INFO - Processing /Users/macbook/Documents/Documents_MacBook_Pro/ISTT/AirflowTutorial/envlibs/lib/python3.10/site-packages/airflow/example_dags/example_skip_dag.py took 1.229 seconds
[2023-06-22T14:30:10.003+0700] {processor.py:157} INFO - Started process (PID=11946) to work on /Users/macbook/Documents/Documents_MacBook_Pro/ISTT/AirflowTutorial/envlibs/lib/python3.10/site-packages/airflow/example_dags/example_skip_dag.py
[2023-06-22T14:30:10.005+0700] {processor.py:826} INFO - Processing file /Users/macbook/Documents/Documents_MacBook_Pro/ISTT/AirflowTutorial/envlibs/lib/python3.10/site-packages/airflow/example_dags/example_skip_dag.py for tasks to queue
[2023-06-22T14:30:10.006+0700] {logging_mixin.py:149} INFO - [2023-06-22T14:30:10.006+0700] {dagbag.py:541} INFO - Filling up the DagBag from /Users/macbook/Documents/Documents_MacBook_Pro/ISTT/AirflowTutorial/envlibs/lib/python3.10/site-packages/airflow/example_dags/example_skip_dag.py
[2023-06-22T14:30:10.033+0700] {processor.py:836} INFO - DAG(s) dict_keys(['example_skip_dag']) retrieved from /Users/macbook/Documents/Documents_MacBook_Pro/ISTT/AirflowTutorial/envlibs/lib/python3.10/site-packages/airflow/example_dags/example_skip_dag.py
[2023-06-22T14:30:10.971+0700] {logging_mixin.py:149} INFO - [2023-06-22T14:30:10.971+0700] {dag.py:2726} INFO - Sync 1 DAGs
[2023-06-22T14:30:10.990+0700] {logging_mixin.py:149} INFO - [2023-06-22T14:30:10.990+0700] {dag.py:3486} INFO - Setting next_dagrun for example_skip_dag to 2023-06-21T07:30:10.990541+00:00, run_after=2023-06-22T07:30:10.990541+00:00
[2023-06-22T14:30:11.009+0700] {processor.py:179} INFO - Processing /Users/macbook/Documents/Documents_MacBook_Pro/ISTT/AirflowTutorial/envlibs/lib/python3.10/site-packages/airflow/example_dags/example_skip_dag.py took 1.007 seconds
[2023-06-22T14:32:22.023+0700] {processor.py:157} INFO - Started process (PID=12045) to work on /Users/macbook/Documents/Documents_MacBook_Pro/ISTT/AirflowTutorial/envlibs/lib/python3.10/site-packages/airflow/example_dags/example_skip_dag.py
[2023-06-22T14:32:22.024+0700] {processor.py:826} INFO - Processing file /Users/macbook/Documents/Documents_MacBook_Pro/ISTT/AirflowTutorial/envlibs/lib/python3.10/site-packages/airflow/example_dags/example_skip_dag.py for tasks to queue
[2023-06-22T14:32:22.025+0700] {logging_mixin.py:149} INFO - [2023-06-22T14:32:22.025+0700] {dagbag.py:541} INFO - Filling up the DagBag from /Users/macbook/Documents/Documents_MacBook_Pro/ISTT/AirflowTutorial/envlibs/lib/python3.10/site-packages/airflow/example_dags/example_skip_dag.py
[2023-06-22T14:32:22.045+0700] {processor.py:836} INFO - DAG(s) dict_keys(['example_skip_dag']) retrieved from /Users/macbook/Documents/Documents_MacBook_Pro/ISTT/AirflowTutorial/envlibs/lib/python3.10/site-packages/airflow/example_dags/example_skip_dag.py
[2023-06-22T14:32:22.818+0700] {logging_mixin.py:149} INFO - [2023-06-22T14:32:22.817+0700] {dag.py:2726} INFO - Sync 1 DAGs
[2023-06-22T14:32:22.835+0700] {logging_mixin.py:149} INFO - [2023-06-22T14:32:22.835+0700] {dag.py:3486} INFO - Setting next_dagrun for example_skip_dag to 2023-06-21T07:32:22.835513+00:00, run_after=2023-06-22T07:32:22.835513+00:00
[2023-06-22T14:32:22.855+0700] {processor.py:179} INFO - Processing /Users/macbook/Documents/Documents_MacBook_Pro/ISTT/AirflowTutorial/envlibs/lib/python3.10/site-packages/airflow/example_dags/example_skip_dag.py took 0.833 seconds
[2023-06-22T14:34:51.467+0700] {processor.py:157} INFO - Started process (PID=12172) to work on /Users/macbook/Documents/Documents_MacBook_Pro/ISTT/AirflowTutorial/envlibs/lib/python3.10/site-packages/airflow/example_dags/example_skip_dag.py
[2023-06-22T14:34:51.470+0700] {processor.py:826} INFO - Processing file /Users/macbook/Documents/Documents_MacBook_Pro/ISTT/AirflowTutorial/envlibs/lib/python3.10/site-packages/airflow/example_dags/example_skip_dag.py for tasks to queue
[2023-06-22T14:34:51.471+0700] {logging_mixin.py:149} INFO - [2023-06-22T14:34:51.470+0700] {dagbag.py:541} INFO - Filling up the DagBag from /Users/macbook/Documents/Documents_MacBook_Pro/ISTT/AirflowTutorial/envlibs/lib/python3.10/site-packages/airflow/example_dags/example_skip_dag.py
[2023-06-22T14:34:51.501+0700] {processor.py:836} INFO - DAG(s) dict_keys(['example_skip_dag']) retrieved from /Users/macbook/Documents/Documents_MacBook_Pro/ISTT/AirflowTutorial/envlibs/lib/python3.10/site-packages/airflow/example_dags/example_skip_dag.py
[2023-06-22T14:34:52.923+0700] {logging_mixin.py:149} INFO - [2023-06-22T14:34:52.922+0700] {dag.py:2726} INFO - Sync 1 DAGs
[2023-06-22T14:34:52.957+0700] {logging_mixin.py:149} INFO - [2023-06-22T14:34:52.957+0700] {dag.py:3486} INFO - Setting next_dagrun for example_skip_dag to 2023-06-21T07:34:52.957022+00:00, run_after=2023-06-22T07:34:52.957022+00:00
[2023-06-22T14:34:52.989+0700] {processor.py:179} INFO - Processing /Users/macbook/Documents/Documents_MacBook_Pro/ISTT/AirflowTutorial/envlibs/lib/python3.10/site-packages/airflow/example_dags/example_skip_dag.py took 1.523 seconds
[2023-06-22T14:37:40.775+0700] {processor.py:157} INFO - Started process (PID=12325) to work on /Users/macbook/Documents/Documents_MacBook_Pro/ISTT/AirflowTutorial/envlibs/lib/python3.10/site-packages/airflow/example_dags/example_skip_dag.py
[2023-06-22T14:37:40.777+0700] {processor.py:826} INFO - Processing file /Users/macbook/Documents/Documents_MacBook_Pro/ISTT/AirflowTutorial/envlibs/lib/python3.10/site-packages/airflow/example_dags/example_skip_dag.py for tasks to queue
[2023-06-22T14:37:40.779+0700] {logging_mixin.py:149} INFO - [2023-06-22T14:37:40.778+0700] {dagbag.py:541} INFO - Filling up the DagBag from /Users/macbook/Documents/Documents_MacBook_Pro/ISTT/AirflowTutorial/envlibs/lib/python3.10/site-packages/airflow/example_dags/example_skip_dag.py
[2023-06-22T14:37:40.833+0700] {processor.py:836} INFO - DAG(s) dict_keys(['example_skip_dag']) retrieved from /Users/macbook/Documents/Documents_MacBook_Pro/ISTT/AirflowTutorial/envlibs/lib/python3.10/site-packages/airflow/example_dags/example_skip_dag.py
[2023-06-22T14:37:42.916+0700] {logging_mixin.py:149} INFO - [2023-06-22T14:37:42.915+0700] {dag.py:2726} INFO - Sync 1 DAGs
[2023-06-22T14:37:42.929+0700] {logging_mixin.py:149} INFO - [2023-06-22T14:37:42.928+0700] {dag.py:2747} INFO - Creating ORM DAG for example_skip_dag
[2023-06-22T14:37:42.940+0700] {logging_mixin.py:149} INFO - [2023-06-22T14:37:42.940+0700] {dag.py:3486} INFO - Setting next_dagrun for example_skip_dag to 2023-06-21T07:37:42.940346+00:00, run_after=2023-06-22T07:37:42.940346+00:00
[2023-06-22T14:37:42.969+0700] {processor.py:179} INFO - Processing /Users/macbook/Documents/Documents_MacBook_Pro/ISTT/AirflowTutorial/envlibs/lib/python3.10/site-packages/airflow/example_dags/example_skip_dag.py took 2.197 seconds
[2023-06-22T14:40:08.375+0700] {processor.py:157} INFO - Started process (PID=12428) to work on /Users/macbook/Documents/Documents_MacBook_Pro/ISTT/AirflowTutorial/envlibs/lib/python3.10/site-packages/airflow/example_dags/example_skip_dag.py
[2023-06-22T14:40:08.376+0700] {processor.py:826} INFO - Processing file /Users/macbook/Documents/Documents_MacBook_Pro/ISTT/AirflowTutorial/envlibs/lib/python3.10/site-packages/airflow/example_dags/example_skip_dag.py for tasks to queue
[2023-06-22T14:40:08.377+0700] {logging_mixin.py:149} INFO - [2023-06-22T14:40:08.377+0700] {dagbag.py:541} INFO - Filling up the DagBag from /Users/macbook/Documents/Documents_MacBook_Pro/ISTT/AirflowTutorial/envlibs/lib/python3.10/site-packages/airflow/example_dags/example_skip_dag.py
[2023-06-22T14:40:08.399+0700] {processor.py:836} INFO - DAG(s) dict_keys(['example_skip_dag']) retrieved from /Users/macbook/Documents/Documents_MacBook_Pro/ISTT/AirflowTutorial/envlibs/lib/python3.10/site-packages/airflow/example_dags/example_skip_dag.py
[2023-06-22T14:40:09.341+0700] {logging_mixin.py:149} INFO - [2023-06-22T14:40:09.341+0700] {dag.py:2726} INFO - Sync 1 DAGs
[2023-06-22T14:40:09.350+0700] {logging_mixin.py:149} INFO - [2023-06-22T14:40:09.350+0700] {dag.py:2747} INFO - Creating ORM DAG for example_skip_dag
[2023-06-22T14:40:09.358+0700] {logging_mixin.py:149} INFO - [2023-06-22T14:40:09.358+0700] {dag.py:3486} INFO - Setting next_dagrun for example_skip_dag to 2023-06-21T07:40:09.358214+00:00, run_after=2023-06-22T07:40:09.358214+00:00
[2023-06-22T14:40:09.378+0700] {processor.py:179} INFO - Processing /Users/macbook/Documents/Documents_MacBook_Pro/ISTT/AirflowTutorial/envlibs/lib/python3.10/site-packages/airflow/example_dags/example_skip_dag.py took 1.004 seconds
[2023-06-22T14:42:19.915+0700] {processor.py:157} INFO - Started process (PID=12526) to work on /Users/macbook/Documents/Documents_MacBook_Pro/ISTT/AirflowTutorial/envlibs/lib/python3.10/site-packages/airflow/example_dags/example_skip_dag.py
[2023-06-22T14:42:19.916+0700] {processor.py:826} INFO - Processing file /Users/macbook/Documents/Documents_MacBook_Pro/ISTT/AirflowTutorial/envlibs/lib/python3.10/site-packages/airflow/example_dags/example_skip_dag.py for tasks to queue
[2023-06-22T14:42:19.917+0700] {logging_mixin.py:149} INFO - [2023-06-22T14:42:19.917+0700] {dagbag.py:541} INFO - Filling up the DagBag from /Users/macbook/Documents/Documents_MacBook_Pro/ISTT/AirflowTutorial/envlibs/lib/python3.10/site-packages/airflow/example_dags/example_skip_dag.py
[2023-06-22T14:42:19.936+0700] {processor.py:836} INFO - DAG(s) dict_keys(['example_skip_dag']) retrieved from /Users/macbook/Documents/Documents_MacBook_Pro/ISTT/AirflowTutorial/envlibs/lib/python3.10/site-packages/airflow/example_dags/example_skip_dag.py
[2023-06-22T14:42:20.734+0700] {logging_mixin.py:149} INFO - [2023-06-22T14:42:20.734+0700] {dag.py:2726} INFO - Sync 1 DAGs
[2023-06-22T14:42:20.752+0700] {logging_mixin.py:149} INFO - [2023-06-22T14:42:20.752+0700] {dag.py:3486} INFO - Setting next_dagrun for example_skip_dag to 2023-06-21T07:42:20.752286+00:00, run_after=2023-06-22T07:42:20.752286+00:00
[2023-06-22T14:42:20.770+0700] {processor.py:179} INFO - Processing /Users/macbook/Documents/Documents_MacBook_Pro/ISTT/AirflowTutorial/envlibs/lib/python3.10/site-packages/airflow/example_dags/example_skip_dag.py took 0.856 seconds
[2023-06-22T14:44:27.555+0700] {processor.py:157} INFO - Started process (PID=12581) to work on /Users/macbook/Documents/Documents_MacBook_Pro/ISTT/AirflowTutorial/envlibs/lib/python3.10/site-packages/airflow/example_dags/example_skip_dag.py
[2023-06-22T14:44:27.556+0700] {processor.py:826} INFO - Processing file /Users/macbook/Documents/Documents_MacBook_Pro/ISTT/AirflowTutorial/envlibs/lib/python3.10/site-packages/airflow/example_dags/example_skip_dag.py for tasks to queue
[2023-06-22T14:44:27.557+0700] {logging_mixin.py:149} INFO - [2023-06-22T14:44:27.556+0700] {dagbag.py:541} INFO - Filling up the DagBag from /Users/macbook/Documents/Documents_MacBook_Pro/ISTT/AirflowTutorial/envlibs/lib/python3.10/site-packages/airflow/example_dags/example_skip_dag.py
[2023-06-22T14:44:27.576+0700] {processor.py:836} INFO - DAG(s) dict_keys(['example_skip_dag']) retrieved from /Users/macbook/Documents/Documents_MacBook_Pro/ISTT/AirflowTutorial/envlibs/lib/python3.10/site-packages/airflow/example_dags/example_skip_dag.py
[2023-06-22T14:44:28.348+0700] {logging_mixin.py:149} INFO - [2023-06-22T14:44:28.348+0700] {dag.py:2726} INFO - Sync 1 DAGs
[2023-06-22T14:44:28.365+0700] {logging_mixin.py:149} INFO - [2023-06-22T14:44:28.365+0700] {dag.py:3486} INFO - Setting next_dagrun for example_skip_dag to 2023-06-21T07:44:28.365188+00:00, run_after=2023-06-22T07:44:28.365188+00:00
[2023-06-22T14:44:28.383+0700] {processor.py:179} INFO - Processing /Users/macbook/Documents/Documents_MacBook_Pro/ISTT/AirflowTutorial/envlibs/lib/python3.10/site-packages/airflow/example_dags/example_skip_dag.py took 0.829 seconds
[2023-06-22T14:46:31.620+0700] {processor.py:157} INFO - Started process (PID=12635) to work on /Users/macbook/Documents/Documents_MacBook_Pro/ISTT/AirflowTutorial/envlibs/lib/python3.10/site-packages/airflow/example_dags/example_skip_dag.py
[2023-06-22T14:46:31.621+0700] {processor.py:826} INFO - Processing file /Users/macbook/Documents/Documents_MacBook_Pro/ISTT/AirflowTutorial/envlibs/lib/python3.10/site-packages/airflow/example_dags/example_skip_dag.py for tasks to queue
[2023-06-22T14:46:31.622+0700] {logging_mixin.py:149} INFO - [2023-06-22T14:46:31.622+0700] {dagbag.py:541} INFO - Filling up the DagBag from /Users/macbook/Documents/Documents_MacBook_Pro/ISTT/AirflowTutorial/envlibs/lib/python3.10/site-packages/airflow/example_dags/example_skip_dag.py
[2023-06-22T14:46:31.645+0700] {processor.py:836} INFO - DAG(s) dict_keys(['example_skip_dag']) retrieved from /Users/macbook/Documents/Documents_MacBook_Pro/ISTT/AirflowTutorial/envlibs/lib/python3.10/site-packages/airflow/example_dags/example_skip_dag.py
[2023-06-22T14:46:32.544+0700] {logging_mixin.py:149} INFO - [2023-06-22T14:46:32.544+0700] {dag.py:2726} INFO - Sync 1 DAGs
[2023-06-22T14:46:32.568+0700] {logging_mixin.py:149} INFO - [2023-06-22T14:46:32.568+0700] {dag.py:3486} INFO - Setting next_dagrun for example_skip_dag to 2023-06-21T07:46:32.568183+00:00, run_after=2023-06-22T07:46:32.568183+00:00
[2023-06-22T14:46:32.595+0700] {processor.py:179} INFO - Processing /Users/macbook/Documents/Documents_MacBook_Pro/ISTT/AirflowTutorial/envlibs/lib/python3.10/site-packages/airflow/example_dags/example_skip_dag.py took 0.976 seconds
[2023-06-22T14:48:38.609+0700] {processor.py:157} INFO - Started process (PID=12699) to work on /Users/macbook/Documents/Documents_MacBook_Pro/ISTT/AirflowTutorial/envlibs/lib/python3.10/site-packages/airflow/example_dags/example_skip_dag.py
[2023-06-22T14:48:38.610+0700] {processor.py:826} INFO - Processing file /Users/macbook/Documents/Documents_MacBook_Pro/ISTT/AirflowTutorial/envlibs/lib/python3.10/site-packages/airflow/example_dags/example_skip_dag.py for tasks to queue
[2023-06-22T14:48:38.610+0700] {logging_mixin.py:149} INFO - [2023-06-22T14:48:38.610+0700] {dagbag.py:541} INFO - Filling up the DagBag from /Users/macbook/Documents/Documents_MacBook_Pro/ISTT/AirflowTutorial/envlibs/lib/python3.10/site-packages/airflow/example_dags/example_skip_dag.py
[2023-06-22T14:48:38.634+0700] {processor.py:836} INFO - DAG(s) dict_keys(['example_skip_dag']) retrieved from /Users/macbook/Documents/Documents_MacBook_Pro/ISTT/AirflowTutorial/envlibs/lib/python3.10/site-packages/airflow/example_dags/example_skip_dag.py
[2023-06-22T14:48:39.577+0700] {logging_mixin.py:149} INFO - [2023-06-22T14:48:39.576+0700] {dag.py:2726} INFO - Sync 1 DAGs
[2023-06-22T14:48:39.595+0700] {logging_mixin.py:149} INFO - [2023-06-22T14:48:39.594+0700] {dag.py:3486} INFO - Setting next_dagrun for example_skip_dag to 2023-06-21T07:48:39.594741+00:00, run_after=2023-06-22T07:48:39.594741+00:00
[2023-06-22T14:48:39.613+0700] {processor.py:179} INFO - Processing /Users/macbook/Documents/Documents_MacBook_Pro/ISTT/AirflowTutorial/envlibs/lib/python3.10/site-packages/airflow/example_dags/example_skip_dag.py took 1.005 seconds
[2023-06-22T14:50:43.730+0700] {processor.py:157} INFO - Started process (PID=12759) to work on /Users/macbook/Documents/Documents_MacBook_Pro/ISTT/AirflowTutorial/envlibs/lib/python3.10/site-packages/airflow/example_dags/example_skip_dag.py
[2023-06-22T14:50:43.731+0700] {processor.py:826} INFO - Processing file /Users/macbook/Documents/Documents_MacBook_Pro/ISTT/AirflowTutorial/envlibs/lib/python3.10/site-packages/airflow/example_dags/example_skip_dag.py for tasks to queue
[2023-06-22T14:50:43.732+0700] {logging_mixin.py:149} INFO - [2023-06-22T14:50:43.732+0700] {dagbag.py:541} INFO - Filling up the DagBag from /Users/macbook/Documents/Documents_MacBook_Pro/ISTT/AirflowTutorial/envlibs/lib/python3.10/site-packages/airflow/example_dags/example_skip_dag.py
[2023-06-22T14:50:43.760+0700] {processor.py:836} INFO - DAG(s) dict_keys(['example_skip_dag']) retrieved from /Users/macbook/Documents/Documents_MacBook_Pro/ISTT/AirflowTutorial/envlibs/lib/python3.10/site-packages/airflow/example_dags/example_skip_dag.py
[2023-06-22T14:50:44.621+0700] {logging_mixin.py:149} INFO - [2023-06-22T14:50:44.621+0700] {dag.py:2726} INFO - Sync 1 DAGs
[2023-06-22T14:50:44.641+0700] {logging_mixin.py:149} INFO - [2023-06-22T14:50:44.640+0700] {dag.py:3486} INFO - Setting next_dagrun for example_skip_dag to 2023-06-21T07:50:44.640733+00:00, run_after=2023-06-22T07:50:44.640733+00:00
[2023-06-22T14:50:44.659+0700] {processor.py:179} INFO - Processing /Users/macbook/Documents/Documents_MacBook_Pro/ISTT/AirflowTutorial/envlibs/lib/python3.10/site-packages/airflow/example_dags/example_skip_dag.py took 0.930 seconds
[2023-06-22T14:52:45.522+0700] {processor.py:157} INFO - Started process (PID=12815) to work on /Users/macbook/Documents/Documents_MacBook_Pro/ISTT/AirflowTutorial/envlibs/lib/python3.10/site-packages/airflow/example_dags/example_skip_dag.py
[2023-06-22T14:52:45.523+0700] {processor.py:826} INFO - Processing file /Users/macbook/Documents/Documents_MacBook_Pro/ISTT/AirflowTutorial/envlibs/lib/python3.10/site-packages/airflow/example_dags/example_skip_dag.py for tasks to queue
[2023-06-22T14:52:45.524+0700] {logging_mixin.py:149} INFO - [2023-06-22T14:52:45.524+0700] {dagbag.py:541} INFO - Filling up the DagBag from /Users/macbook/Documents/Documents_MacBook_Pro/ISTT/AirflowTutorial/envlibs/lib/python3.10/site-packages/airflow/example_dags/example_skip_dag.py
[2023-06-22T14:52:45.547+0700] {processor.py:836} INFO - DAG(s) dict_keys(['example_skip_dag']) retrieved from /Users/macbook/Documents/Documents_MacBook_Pro/ISTT/AirflowTutorial/envlibs/lib/python3.10/site-packages/airflow/example_dags/example_skip_dag.py
[2023-06-22T14:52:46.419+0700] {logging_mixin.py:149} INFO - [2023-06-22T14:52:46.419+0700] {dag.py:2726} INFO - Sync 1 DAGs
[2023-06-22T14:52:46.438+0700] {logging_mixin.py:149} INFO - [2023-06-22T14:52:46.438+0700] {dag.py:3486} INFO - Setting next_dagrun for example_skip_dag to 2023-06-21T07:52:46.437898+00:00, run_after=2023-06-22T07:52:46.437898+00:00
[2023-06-22T14:52:46.457+0700] {processor.py:179} INFO - Processing /Users/macbook/Documents/Documents_MacBook_Pro/ISTT/AirflowTutorial/envlibs/lib/python3.10/site-packages/airflow/example_dags/example_skip_dag.py took 0.936 seconds
[2023-06-22T14:54:44.151+0700] {processor.py:157} INFO - Started process (PID=12868) to work on /Users/macbook/Documents/Documents_MacBook_Pro/ISTT/AirflowTutorial/envlibs/lib/python3.10/site-packages/airflow/example_dags/example_skip_dag.py
[2023-06-22T14:54:44.153+0700] {processor.py:826} INFO - Processing file /Users/macbook/Documents/Documents_MacBook_Pro/ISTT/AirflowTutorial/envlibs/lib/python3.10/site-packages/airflow/example_dags/example_skip_dag.py for tasks to queue
[2023-06-22T14:54:44.153+0700] {logging_mixin.py:149} INFO - [2023-06-22T14:54:44.153+0700] {dagbag.py:541} INFO - Filling up the DagBag from /Users/macbook/Documents/Documents_MacBook_Pro/ISTT/AirflowTutorial/envlibs/lib/python3.10/site-packages/airflow/example_dags/example_skip_dag.py
[2023-06-22T14:54:44.172+0700] {processor.py:836} INFO - DAG(s) dict_keys(['example_skip_dag']) retrieved from /Users/macbook/Documents/Documents_MacBook_Pro/ISTT/AirflowTutorial/envlibs/lib/python3.10/site-packages/airflow/example_dags/example_skip_dag.py
[2023-06-22T14:54:44.858+0700] {logging_mixin.py:149} INFO - [2023-06-22T14:54:44.857+0700] {dag.py:2726} INFO - Sync 1 DAGs
[2023-06-22T14:54:44.875+0700] {logging_mixin.py:149} INFO - [2023-06-22T14:54:44.875+0700] {dag.py:3486} INFO - Setting next_dagrun for example_skip_dag to 2023-06-21T07:54:44.875279+00:00, run_after=2023-06-22T07:54:44.875279+00:00
[2023-06-22T14:54:44.893+0700] {processor.py:179} INFO - Processing /Users/macbook/Documents/Documents_MacBook_Pro/ISTT/AirflowTutorial/envlibs/lib/python3.10/site-packages/airflow/example_dags/example_skip_dag.py took 0.743 seconds
[2023-06-22T14:56:38.882+0700] {processor.py:157} INFO - Started process (PID=12918) to work on /Users/macbook/Documents/Documents_MacBook_Pro/ISTT/AirflowTutorial/envlibs/lib/python3.10/site-packages/airflow/example_dags/example_skip_dag.py
[2023-06-22T14:56:38.882+0700] {processor.py:826} INFO - Processing file /Users/macbook/Documents/Documents_MacBook_Pro/ISTT/AirflowTutorial/envlibs/lib/python3.10/site-packages/airflow/example_dags/example_skip_dag.py for tasks to queue
[2023-06-22T14:56:38.883+0700] {logging_mixin.py:149} INFO - [2023-06-22T14:56:38.883+0700] {dagbag.py:541} INFO - Filling up the DagBag from /Users/macbook/Documents/Documents_MacBook_Pro/ISTT/AirflowTutorial/envlibs/lib/python3.10/site-packages/airflow/example_dags/example_skip_dag.py
[2023-06-22T14:56:38.902+0700] {processor.py:836} INFO - DAG(s) dict_keys(['example_skip_dag']) retrieved from /Users/macbook/Documents/Documents_MacBook_Pro/ISTT/AirflowTutorial/envlibs/lib/python3.10/site-packages/airflow/example_dags/example_skip_dag.py
[2023-06-22T14:56:39.720+0700] {logging_mixin.py:149} INFO - [2023-06-22T14:56:39.719+0700] {dag.py:2726} INFO - Sync 1 DAGs
[2023-06-22T14:56:39.737+0700] {logging_mixin.py:149} INFO - [2023-06-22T14:56:39.736+0700] {dag.py:3486} INFO - Setting next_dagrun for example_skip_dag to 2023-06-21T07:56:39.736845+00:00, run_after=2023-06-22T07:56:39.736845+00:00
[2023-06-22T14:56:39.755+0700] {processor.py:179} INFO - Processing /Users/macbook/Documents/Documents_MacBook_Pro/ISTT/AirflowTutorial/envlibs/lib/python3.10/site-packages/airflow/example_dags/example_skip_dag.py took 0.874 seconds
[2023-06-22T14:58:41.459+0700] {processor.py:157} INFO - Started process (PID=12972) to work on /Users/macbook/Documents/Documents_MacBook_Pro/ISTT/AirflowTutorial/envlibs/lib/python3.10/site-packages/airflow/example_dags/example_skip_dag.py
[2023-06-22T14:58:41.460+0700] {processor.py:826} INFO - Processing file /Users/macbook/Documents/Documents_MacBook_Pro/ISTT/AirflowTutorial/envlibs/lib/python3.10/site-packages/airflow/example_dags/example_skip_dag.py for tasks to queue
[2023-06-22T14:58:41.461+0700] {logging_mixin.py:149} INFO - [2023-06-22T14:58:41.461+0700] {dagbag.py:541} INFO - Filling up the DagBag from /Users/macbook/Documents/Documents_MacBook_Pro/ISTT/AirflowTutorial/envlibs/lib/python3.10/site-packages/airflow/example_dags/example_skip_dag.py
[2023-06-22T14:58:41.485+0700] {processor.py:836} INFO - DAG(s) dict_keys(['example_skip_dag']) retrieved from /Users/macbook/Documents/Documents_MacBook_Pro/ISTT/AirflowTutorial/envlibs/lib/python3.10/site-packages/airflow/example_dags/example_skip_dag.py
[2023-06-22T14:58:42.398+0700] {logging_mixin.py:149} INFO - [2023-06-22T14:58:42.398+0700] {dag.py:2726} INFO - Sync 1 DAGs
[2023-06-22T14:58:42.415+0700] {logging_mixin.py:149} INFO - [2023-06-22T14:58:42.415+0700] {dag.py:3486} INFO - Setting next_dagrun for example_skip_dag to 2023-06-21T07:58:42.415362+00:00, run_after=2023-06-22T07:58:42.415362+00:00
[2023-06-22T14:58:42.435+0700] {processor.py:179} INFO - Processing /Users/macbook/Documents/Documents_MacBook_Pro/ISTT/AirflowTutorial/envlibs/lib/python3.10/site-packages/airflow/example_dags/example_skip_dag.py took 0.976 seconds
[2023-06-22T15:00:46.001+0700] {processor.py:157} INFO - Started process (PID=13025) to work on /Users/macbook/Documents/Documents_MacBook_Pro/ISTT/AirflowTutorial/envlibs/lib/python3.10/site-packages/airflow/example_dags/example_skip_dag.py
[2023-06-22T15:00:46.002+0700] {processor.py:826} INFO - Processing file /Users/macbook/Documents/Documents_MacBook_Pro/ISTT/AirflowTutorial/envlibs/lib/python3.10/site-packages/airflow/example_dags/example_skip_dag.py for tasks to queue
[2023-06-22T15:00:46.003+0700] {logging_mixin.py:149} INFO - [2023-06-22T15:00:46.003+0700] {dagbag.py:541} INFO - Filling up the DagBag from /Users/macbook/Documents/Documents_MacBook_Pro/ISTT/AirflowTutorial/envlibs/lib/python3.10/site-packages/airflow/example_dags/example_skip_dag.py
[2023-06-22T15:00:46.026+0700] {processor.py:836} INFO - DAG(s) dict_keys(['example_skip_dag']) retrieved from /Users/macbook/Documents/Documents_MacBook_Pro/ISTT/AirflowTutorial/envlibs/lib/python3.10/site-packages/airflow/example_dags/example_skip_dag.py
[2023-06-22T15:00:46.802+0700] {logging_mixin.py:149} INFO - [2023-06-22T15:00:46.802+0700] {dag.py:2726} INFO - Sync 1 DAGs
[2023-06-22T15:00:46.818+0700] {logging_mixin.py:149} INFO - [2023-06-22T15:00:46.818+0700] {dag.py:3486} INFO - Setting next_dagrun for example_skip_dag to 2023-06-21T08:00:46.818544+00:00, run_after=2023-06-22T08:00:46.818544+00:00
[2023-06-22T15:00:46.836+0700] {processor.py:179} INFO - Processing /Users/macbook/Documents/Documents_MacBook_Pro/ISTT/AirflowTutorial/envlibs/lib/python3.10/site-packages/airflow/example_dags/example_skip_dag.py took 0.836 seconds
[2023-06-22T15:02:47.024+0700] {processor.py:157} INFO - Started process (PID=13084) to work on /Users/macbook/Documents/Documents_MacBook_Pro/ISTT/AirflowTutorial/envlibs/lib/python3.10/site-packages/airflow/example_dags/example_skip_dag.py
[2023-06-22T15:02:47.025+0700] {processor.py:826} INFO - Processing file /Users/macbook/Documents/Documents_MacBook_Pro/ISTT/AirflowTutorial/envlibs/lib/python3.10/site-packages/airflow/example_dags/example_skip_dag.py for tasks to queue
[2023-06-22T15:02:47.026+0700] {logging_mixin.py:149} INFO - [2023-06-22T15:02:47.026+0700] {dagbag.py:541} INFO - Filling up the DagBag from /Users/macbook/Documents/Documents_MacBook_Pro/ISTT/AirflowTutorial/envlibs/lib/python3.10/site-packages/airflow/example_dags/example_skip_dag.py
[2023-06-22T15:02:47.047+0700] {processor.py:836} INFO - DAG(s) dict_keys(['example_skip_dag']) retrieved from /Users/macbook/Documents/Documents_MacBook_Pro/ISTT/AirflowTutorial/envlibs/lib/python3.10/site-packages/airflow/example_dags/example_skip_dag.py
[2023-06-22T15:02:47.832+0700] {logging_mixin.py:149} INFO - [2023-06-22T15:02:47.832+0700] {dag.py:2726} INFO - Sync 1 DAGs
[2023-06-22T15:02:47.851+0700] {logging_mixin.py:149} INFO - [2023-06-22T15:02:47.851+0700] {dag.py:3486} INFO - Setting next_dagrun for example_skip_dag to 2023-06-21T08:02:47.851243+00:00, run_after=2023-06-22T08:02:47.851243+00:00
[2023-06-22T15:02:47.877+0700] {processor.py:179} INFO - Processing /Users/macbook/Documents/Documents_MacBook_Pro/ISTT/AirflowTutorial/envlibs/lib/python3.10/site-packages/airflow/example_dags/example_skip_dag.py took 0.854 seconds
[2023-06-22T15:04:47.705+0700] {processor.py:157} INFO - Started process (PID=13142) to work on /Users/macbook/Documents/Documents_MacBook_Pro/ISTT/AirflowTutorial/envlibs/lib/python3.10/site-packages/airflow/example_dags/example_skip_dag.py
[2023-06-22T15:04:47.707+0700] {processor.py:826} INFO - Processing file /Users/macbook/Documents/Documents_MacBook_Pro/ISTT/AirflowTutorial/envlibs/lib/python3.10/site-packages/airflow/example_dags/example_skip_dag.py for tasks to queue
[2023-06-22T15:04:47.707+0700] {logging_mixin.py:149} INFO - [2023-06-22T15:04:47.707+0700] {dagbag.py:541} INFO - Filling up the DagBag from /Users/macbook/Documents/Documents_MacBook_Pro/ISTT/AirflowTutorial/envlibs/lib/python3.10/site-packages/airflow/example_dags/example_skip_dag.py
[2023-06-22T15:04:47.727+0700] {processor.py:836} INFO - DAG(s) dict_keys(['example_skip_dag']) retrieved from /Users/macbook/Documents/Documents_MacBook_Pro/ISTT/AirflowTutorial/envlibs/lib/python3.10/site-packages/airflow/example_dags/example_skip_dag.py
[2023-06-22T15:04:48.453+0700] {logging_mixin.py:149} INFO - [2023-06-22T15:04:48.453+0700] {dag.py:2726} INFO - Sync 1 DAGs
[2023-06-22T15:04:48.470+0700] {logging_mixin.py:149} INFO - [2023-06-22T15:04:48.469+0700] {dag.py:3486} INFO - Setting next_dagrun for example_skip_dag to 2023-06-21T08:04:48.469724+00:00, run_after=2023-06-22T08:04:48.469724+00:00
[2023-06-22T15:04:48.495+0700] {processor.py:179} INFO - Processing /Users/macbook/Documents/Documents_MacBook_Pro/ISTT/AirflowTutorial/envlibs/lib/python3.10/site-packages/airflow/example_dags/example_skip_dag.py took 0.790 seconds
[2023-06-22T15:06:57.604+0700] {processor.py:157} INFO - Started process (PID=13246) to work on /Users/macbook/Documents/Documents_MacBook_Pro/ISTT/AirflowTutorial/envlibs/lib/python3.10/site-packages/airflow/example_dags/example_skip_dag.py
[2023-06-22T15:06:57.606+0700] {processor.py:826} INFO - Processing file /Users/macbook/Documents/Documents_MacBook_Pro/ISTT/AirflowTutorial/envlibs/lib/python3.10/site-packages/airflow/example_dags/example_skip_dag.py for tasks to queue
[2023-06-22T15:06:57.607+0700] {logging_mixin.py:149} INFO - [2023-06-22T15:06:57.606+0700] {dagbag.py:541} INFO - Filling up the DagBag from /Users/macbook/Documents/Documents_MacBook_Pro/ISTT/AirflowTutorial/envlibs/lib/python3.10/site-packages/airflow/example_dags/example_skip_dag.py
[2023-06-22T15:06:57.626+0700] {processor.py:836} INFO - DAG(s) dict_keys(['example_skip_dag']) retrieved from /Users/macbook/Documents/Documents_MacBook_Pro/ISTT/AirflowTutorial/envlibs/lib/python3.10/site-packages/airflow/example_dags/example_skip_dag.py
[2023-06-22T15:06:58.433+0700] {logging_mixin.py:149} INFO - [2023-06-22T15:06:58.433+0700] {dag.py:2726} INFO - Sync 1 DAGs
[2023-06-22T15:06:58.458+0700] {logging_mixin.py:149} INFO - [2023-06-22T15:06:58.458+0700] {dag.py:3486} INFO - Setting next_dagrun for example_skip_dag to 2023-06-21T08:06:58.457981+00:00, run_after=2023-06-22T08:06:58.457981+00:00
[2023-06-22T15:06:58.479+0700] {processor.py:179} INFO - Processing /Users/macbook/Documents/Documents_MacBook_Pro/ISTT/AirflowTutorial/envlibs/lib/python3.10/site-packages/airflow/example_dags/example_skip_dag.py took 0.876 seconds
[2023-06-22T15:08:58.256+0700] {processor.py:157} INFO - Started process (PID=13297) to work on /Users/macbook/Documents/Documents_MacBook_Pro/ISTT/AirflowTutorial/envlibs/lib/python3.10/site-packages/airflow/example_dags/example_skip_dag.py
[2023-06-22T15:08:58.257+0700] {processor.py:826} INFO - Processing file /Users/macbook/Documents/Documents_MacBook_Pro/ISTT/AirflowTutorial/envlibs/lib/python3.10/site-packages/airflow/example_dags/example_skip_dag.py for tasks to queue
[2023-06-22T15:08:58.257+0700] {logging_mixin.py:149} INFO - [2023-06-22T15:08:58.257+0700] {dagbag.py:541} INFO - Filling up the DagBag from /Users/macbook/Documents/Documents_MacBook_Pro/ISTT/AirflowTutorial/envlibs/lib/python3.10/site-packages/airflow/example_dags/example_skip_dag.py
[2023-06-22T15:08:58.278+0700] {processor.py:836} INFO - DAG(s) dict_keys(['example_skip_dag']) retrieved from /Users/macbook/Documents/Documents_MacBook_Pro/ISTT/AirflowTutorial/envlibs/lib/python3.10/site-packages/airflow/example_dags/example_skip_dag.py
[2023-06-22T15:08:59.146+0700] {logging_mixin.py:149} INFO - [2023-06-22T15:08:59.146+0700] {dag.py:2726} INFO - Sync 1 DAGs
[2023-06-22T15:08:59.164+0700] {logging_mixin.py:149} INFO - [2023-06-22T15:08:59.164+0700] {dag.py:3486} INFO - Setting next_dagrun for example_skip_dag to 2023-06-21T08:08:59.164676+00:00, run_after=2023-06-22T08:08:59.164676+00:00
[2023-06-22T15:08:59.185+0700] {processor.py:179} INFO - Processing /Users/macbook/Documents/Documents_MacBook_Pro/ISTT/AirflowTutorial/envlibs/lib/python3.10/site-packages/airflow/example_dags/example_skip_dag.py took 0.929 seconds
[2023-06-22T15:11:04.027+0700] {processor.py:157} INFO - Started process (PID=13394) to work on /Users/macbook/Documents/Documents_MacBook_Pro/ISTT/AirflowTutorial/envlibs/lib/python3.10/site-packages/airflow/example_dags/example_skip_dag.py
[2023-06-22T15:11:04.028+0700] {processor.py:826} INFO - Processing file /Users/macbook/Documents/Documents_MacBook_Pro/ISTT/AirflowTutorial/envlibs/lib/python3.10/site-packages/airflow/example_dags/example_skip_dag.py for tasks to queue
[2023-06-22T15:11:04.029+0700] {logging_mixin.py:149} INFO - [2023-06-22T15:11:04.029+0700] {dagbag.py:541} INFO - Filling up the DagBag from /Users/macbook/Documents/Documents_MacBook_Pro/ISTT/AirflowTutorial/envlibs/lib/python3.10/site-packages/airflow/example_dags/example_skip_dag.py
[2023-06-22T15:11:04.054+0700] {processor.py:836} INFO - DAG(s) dict_keys(['example_skip_dag']) retrieved from /Users/macbook/Documents/Documents_MacBook_Pro/ISTT/AirflowTutorial/envlibs/lib/python3.10/site-packages/airflow/example_dags/example_skip_dag.py
[2023-06-22T15:11:04.993+0700] {logging_mixin.py:149} INFO - [2023-06-22T15:11:04.992+0700] {dag.py:2726} INFO - Sync 1 DAGs
[2023-06-22T15:11:05.019+0700] {logging_mixin.py:149} INFO - [2023-06-22T15:11:05.018+0700] {dag.py:3486} INFO - Setting next_dagrun for example_skip_dag to 2023-06-21T08:11:05.018733+00:00, run_after=2023-06-22T08:11:05.018733+00:00
[2023-06-22T15:11:05.042+0700] {processor.py:179} INFO - Processing /Users/macbook/Documents/Documents_MacBook_Pro/ISTT/AirflowTutorial/envlibs/lib/python3.10/site-packages/airflow/example_dags/example_skip_dag.py took 1.015 seconds
[2023-06-22T15:13:09.112+0700] {processor.py:157} INFO - Started process (PID=13459) to work on /Users/macbook/Documents/Documents_MacBook_Pro/ISTT/AirflowTutorial/envlibs/lib/python3.10/site-packages/airflow/example_dags/example_skip_dag.py
[2023-06-22T15:13:09.113+0700] {processor.py:826} INFO - Processing file /Users/macbook/Documents/Documents_MacBook_Pro/ISTT/AirflowTutorial/envlibs/lib/python3.10/site-packages/airflow/example_dags/example_skip_dag.py for tasks to queue
[2023-06-22T15:13:09.114+0700] {logging_mixin.py:149} INFO - [2023-06-22T15:13:09.114+0700] {dagbag.py:541} INFO - Filling up the DagBag from /Users/macbook/Documents/Documents_MacBook_Pro/ISTT/AirflowTutorial/envlibs/lib/python3.10/site-packages/airflow/example_dags/example_skip_dag.py
[2023-06-22T15:13:09.134+0700] {processor.py:836} INFO - DAG(s) dict_keys(['example_skip_dag']) retrieved from /Users/macbook/Documents/Documents_MacBook_Pro/ISTT/AirflowTutorial/envlibs/lib/python3.10/site-packages/airflow/example_dags/example_skip_dag.py
[2023-06-22T15:13:10.060+0700] {logging_mixin.py:149} INFO - [2023-06-22T15:13:10.060+0700] {dag.py:2726} INFO - Sync 1 DAGs
[2023-06-22T15:13:10.078+0700] {logging_mixin.py:149} INFO - [2023-06-22T15:13:10.078+0700] {dag.py:3486} INFO - Setting next_dagrun for example_skip_dag to 2023-06-21T08:13:10.077781+00:00, run_after=2023-06-22T08:13:10.077781+00:00
[2023-06-22T15:13:10.098+0700] {processor.py:179} INFO - Processing /Users/macbook/Documents/Documents_MacBook_Pro/ISTT/AirflowTutorial/envlibs/lib/python3.10/site-packages/airflow/example_dags/example_skip_dag.py took 0.986 seconds
[2023-06-22T15:15:14.781+0700] {processor.py:157} INFO - Started process (PID=13544) to work on /Users/macbook/Documents/Documents_MacBook_Pro/ISTT/AirflowTutorial/envlibs/lib/python3.10/site-packages/airflow/example_dags/example_skip_dag.py
[2023-06-22T15:15:14.786+0700] {processor.py:826} INFO - Processing file /Users/macbook/Documents/Documents_MacBook_Pro/ISTT/AirflowTutorial/envlibs/lib/python3.10/site-packages/airflow/example_dags/example_skip_dag.py for tasks to queue
[2023-06-22T15:15:14.787+0700] {logging_mixin.py:149} INFO - [2023-06-22T15:15:14.787+0700] {dagbag.py:541} INFO - Filling up the DagBag from /Users/macbook/Documents/Documents_MacBook_Pro/ISTT/AirflowTutorial/envlibs/lib/python3.10/site-packages/airflow/example_dags/example_skip_dag.py
[2023-06-22T15:15:14.823+0700] {processor.py:836} INFO - DAG(s) dict_keys(['example_skip_dag']) retrieved from /Users/macbook/Documents/Documents_MacBook_Pro/ISTT/AirflowTutorial/envlibs/lib/python3.10/site-packages/airflow/example_dags/example_skip_dag.py
[2023-06-22T15:15:15.624+0700] {logging_mixin.py:149} INFO - [2023-06-22T15:15:15.623+0700] {dag.py:2726} INFO - Sync 1 DAGs
[2023-06-22T15:15:15.642+0700] {logging_mixin.py:149} INFO - [2023-06-22T15:15:15.642+0700] {dag.py:3486} INFO - Setting next_dagrun for example_skip_dag to 2023-06-21T08:15:15.642185+00:00, run_after=2023-06-22T08:15:15.642185+00:00
[2023-06-22T15:15:15.662+0700] {processor.py:179} INFO - Processing /Users/macbook/Documents/Documents_MacBook_Pro/ISTT/AirflowTutorial/envlibs/lib/python3.10/site-packages/airflow/example_dags/example_skip_dag.py took 0.882 seconds
