[2023-06-22T14:28:02.153+0700] {processor.py:157} INFO - Started process (PID=11885) to work on /Users/macbook/Documents/Documents_MacBook_Pro/ISTT/AirflowTutorial/envlibs/lib/python3.10/site-packages/airflow/example_dags/example_python_operator.py
[2023-06-22T14:28:02.154+0700] {processor.py:826} INFO - Processing file /Users/macbook/Documents/Documents_MacBook_Pro/ISTT/AirflowTutorial/envlibs/lib/python3.10/site-packages/airflow/example_dags/example_python_operator.py for tasks to queue
[2023-06-22T14:28:02.154+0700] {logging_mixin.py:149} INFO - [2023-06-22T14:28:02.154+0700] {dagbag.py:541} INFO - Filling up the DagBag from /Users/macbook/Documents/Documents_MacBook_Pro/ISTT/AirflowTutorial/envlibs/lib/python3.10/site-packages/airflow/example_dags/example_python_operator.py
[2023-06-22T14:28:02.204+0700] {processor.py:836} INFO - DAG(s) dict_keys(['example_python_operator']) retrieved from /Users/macbook/Documents/Documents_MacBook_Pro/ISTT/AirflowTutorial/envlibs/lib/python3.10/site-packages/airflow/example_dags/example_python_operator.py
[2023-06-22T14:28:02.958+0700] {logging_mixin.py:149} INFO - [2023-06-22T14:28:02.958+0700] {dag.py:2726} INFO - Sync 1 DAGs
[2023-06-22T14:28:02.973+0700] {logging_mixin.py:149} INFO - [2023-06-22T14:28:02.973+0700] {dag.py:3486} INFO - Setting next_dagrun for example_python_operator to None, run_after=None
[2023-06-22T14:28:02.990+0700] {processor.py:179} INFO - Processing /Users/macbook/Documents/Documents_MacBook_Pro/ISTT/AirflowTutorial/envlibs/lib/python3.10/site-packages/airflow/example_dags/example_python_operator.py took 0.837 seconds
[2023-06-22T14:30:32.835+0700] {processor.py:157} INFO - Started process (PID=11960) to work on /Users/macbook/Documents/Documents_MacBook_Pro/ISTT/AirflowTutorial/envlibs/lib/python3.10/site-packages/airflow/example_dags/example_python_operator.py
[2023-06-22T14:30:32.836+0700] {processor.py:826} INFO - Processing file /Users/macbook/Documents/Documents_MacBook_Pro/ISTT/AirflowTutorial/envlibs/lib/python3.10/site-packages/airflow/example_dags/example_python_operator.py for tasks to queue
[2023-06-22T14:30:32.837+0700] {logging_mixin.py:149} INFO - [2023-06-22T14:30:32.837+0700] {dagbag.py:541} INFO - Filling up the DagBag from /Users/macbook/Documents/Documents_MacBook_Pro/ISTT/AirflowTutorial/envlibs/lib/python3.10/site-packages/airflow/example_dags/example_python_operator.py
[2023-06-22T14:30:32.892+0700] {processor.py:836} INFO - DAG(s) dict_keys(['example_python_operator']) retrieved from /Users/macbook/Documents/Documents_MacBook_Pro/ISTT/AirflowTutorial/envlibs/lib/python3.10/site-packages/airflow/example_dags/example_python_operator.py
[2023-06-22T14:30:33.755+0700] {logging_mixin.py:149} INFO - [2023-06-22T14:30:33.755+0700] {dag.py:2726} INFO - Sync 1 DAGs
[2023-06-22T14:30:33.771+0700] {logging_mixin.py:149} INFO - [2023-06-22T14:30:33.771+0700] {dag.py:3486} INFO - Setting next_dagrun for example_python_operator to None, run_after=None
[2023-06-22T14:30:33.792+0700] {processor.py:179} INFO - Processing /Users/macbook/Documents/Documents_MacBook_Pro/ISTT/AirflowTutorial/envlibs/lib/python3.10/site-packages/airflow/example_dags/example_python_operator.py took 0.958 seconds
[2023-06-22T14:32:49.151+0700] {processor.py:157} INFO - Started process (PID=12064) to work on /Users/macbook/Documents/Documents_MacBook_Pro/ISTT/AirflowTutorial/envlibs/lib/python3.10/site-packages/airflow/example_dags/example_python_operator.py
[2023-06-22T14:32:49.155+0700] {processor.py:826} INFO - Processing file /Users/macbook/Documents/Documents_MacBook_Pro/ISTT/AirflowTutorial/envlibs/lib/python3.10/site-packages/airflow/example_dags/example_python_operator.py for tasks to queue
[2023-06-22T14:32:49.156+0700] {logging_mixin.py:149} INFO - [2023-06-22T14:32:49.156+0700] {dagbag.py:541} INFO - Filling up the DagBag from /Users/macbook/Documents/Documents_MacBook_Pro/ISTT/AirflowTutorial/envlibs/lib/python3.10/site-packages/airflow/example_dags/example_python_operator.py
[2023-06-22T14:32:49.265+0700] {processor.py:836} INFO - DAG(s) dict_keys(['example_python_operator']) retrieved from /Users/macbook/Documents/Documents_MacBook_Pro/ISTT/AirflowTutorial/envlibs/lib/python3.10/site-packages/airflow/example_dags/example_python_operator.py
[2023-06-22T14:32:50.905+0700] {logging_mixin.py:149} INFO - [2023-06-22T14:32:50.905+0700] {dag.py:2726} INFO - Sync 1 DAGs
[2023-06-22T14:32:50.929+0700] {logging_mixin.py:149} INFO - [2023-06-22T14:32:50.929+0700] {dag.py:3486} INFO - Setting next_dagrun for example_python_operator to None, run_after=None
[2023-06-22T14:32:50.960+0700] {processor.py:179} INFO - Processing /Users/macbook/Documents/Documents_MacBook_Pro/ISTT/AirflowTutorial/envlibs/lib/python3.10/site-packages/airflow/example_dags/example_python_operator.py took 1.810 seconds
[2023-06-22T14:35:19.047+0700] {processor.py:157} INFO - Started process (PID=12207) to work on /Users/macbook/Documents/Documents_MacBook_Pro/ISTT/AirflowTutorial/envlibs/lib/python3.10/site-packages/airflow/example_dags/example_python_operator.py
[2023-06-22T14:35:19.048+0700] {processor.py:826} INFO - Processing file /Users/macbook/Documents/Documents_MacBook_Pro/ISTT/AirflowTutorial/envlibs/lib/python3.10/site-packages/airflow/example_dags/example_python_operator.py for tasks to queue
[2023-06-22T14:35:19.049+0700] {logging_mixin.py:149} INFO - [2023-06-22T14:35:19.049+0700] {dagbag.py:541} INFO - Filling up the DagBag from /Users/macbook/Documents/Documents_MacBook_Pro/ISTT/AirflowTutorial/envlibs/lib/python3.10/site-packages/airflow/example_dags/example_python_operator.py
[2023-06-22T14:35:19.147+0700] {processor.py:836} INFO - DAG(s) dict_keys(['example_python_operator']) retrieved from /Users/macbook/Documents/Documents_MacBook_Pro/ISTT/AirflowTutorial/envlibs/lib/python3.10/site-packages/airflow/example_dags/example_python_operator.py
[2023-06-22T14:35:20.510+0700] {logging_mixin.py:149} INFO - [2023-06-22T14:35:20.510+0700] {dag.py:2726} INFO - Sync 1 DAGs
[2023-06-22T14:35:20.538+0700] {logging_mixin.py:149} INFO - [2023-06-22T14:35:20.538+0700] {dag.py:3486} INFO - Setting next_dagrun for example_python_operator to None, run_after=None
[2023-06-22T14:35:20.572+0700] {processor.py:179} INFO - Processing /Users/macbook/Documents/Documents_MacBook_Pro/ISTT/AirflowTutorial/envlibs/lib/python3.10/site-packages/airflow/example_dags/example_python_operator.py took 1.526 seconds
[2023-06-22T14:38:12.233+0700] {processor.py:157} INFO - Started process (PID=12353) to work on /Users/macbook/Documents/Documents_MacBook_Pro/ISTT/AirflowTutorial/envlibs/lib/python3.10/site-packages/airflow/example_dags/example_python_operator.py
[2023-06-22T14:38:12.235+0700] {processor.py:826} INFO - Processing file /Users/macbook/Documents/Documents_MacBook_Pro/ISTT/AirflowTutorial/envlibs/lib/python3.10/site-packages/airflow/example_dags/example_python_operator.py for tasks to queue
[2023-06-22T14:38:12.235+0700] {logging_mixin.py:149} INFO - [2023-06-22T14:38:12.235+0700] {dagbag.py:541} INFO - Filling up the DagBag from /Users/macbook/Documents/Documents_MacBook_Pro/ISTT/AirflowTutorial/envlibs/lib/python3.10/site-packages/airflow/example_dags/example_python_operator.py
[2023-06-22T14:38:12.288+0700] {processor.py:836} INFO - DAG(s) dict_keys(['example_python_operator']) retrieved from /Users/macbook/Documents/Documents_MacBook_Pro/ISTT/AirflowTutorial/envlibs/lib/python3.10/site-packages/airflow/example_dags/example_python_operator.py
[2023-06-22T14:38:13.065+0700] {logging_mixin.py:149} INFO - [2023-06-22T14:38:13.065+0700] {dag.py:2726} INFO - Sync 1 DAGs
[2023-06-22T14:38:13.074+0700] {logging_mixin.py:149} INFO - [2023-06-22T14:38:13.073+0700] {dag.py:2747} INFO - Creating ORM DAG for example_python_operator
[2023-06-22T14:38:13.082+0700] {logging_mixin.py:149} INFO - [2023-06-22T14:38:13.082+0700] {dag.py:3486} INFO - Setting next_dagrun for example_python_operator to None, run_after=None
[2023-06-22T14:38:13.111+0700] {processor.py:179} INFO - Processing /Users/macbook/Documents/Documents_MacBook_Pro/ISTT/AirflowTutorial/envlibs/lib/python3.10/site-packages/airflow/example_dags/example_python_operator.py took 0.878 seconds
[2023-06-22T14:40:32.929+0700] {processor.py:157} INFO - Started process (PID=12471) to work on /Users/macbook/Documents/Documents_MacBook_Pro/ISTT/AirflowTutorial/envlibs/lib/python3.10/site-packages/airflow/example_dags/example_python_operator.py
[2023-06-22T14:40:32.931+0700] {processor.py:826} INFO - Processing file /Users/macbook/Documents/Documents_MacBook_Pro/ISTT/AirflowTutorial/envlibs/lib/python3.10/site-packages/airflow/example_dags/example_python_operator.py for tasks to queue
[2023-06-22T14:40:32.932+0700] {logging_mixin.py:149} INFO - [2023-06-22T14:40:32.931+0700] {dagbag.py:541} INFO - Filling up the DagBag from /Users/macbook/Documents/Documents_MacBook_Pro/ISTT/AirflowTutorial/envlibs/lib/python3.10/site-packages/airflow/example_dags/example_python_operator.py
[2023-06-22T14:40:33.007+0700] {processor.py:836} INFO - DAG(s) dict_keys(['example_python_operator']) retrieved from /Users/macbook/Documents/Documents_MacBook_Pro/ISTT/AirflowTutorial/envlibs/lib/python3.10/site-packages/airflow/example_dags/example_python_operator.py
[2023-06-22T14:40:34.591+0700] {logging_mixin.py:149} INFO - [2023-06-22T14:40:34.591+0700] {dag.py:2726} INFO - Sync 1 DAGs
[2023-06-22T14:40:34.611+0700] {logging_mixin.py:149} INFO - [2023-06-22T14:40:34.611+0700] {dag.py:3486} INFO - Setting next_dagrun for example_python_operator to None, run_after=None
[2023-06-22T14:40:34.637+0700] {processor.py:179} INFO - Processing /Users/macbook/Documents/Documents_MacBook_Pro/ISTT/AirflowTutorial/envlibs/lib/python3.10/site-packages/airflow/example_dags/example_python_operator.py took 1.709 seconds
[2023-06-22T14:42:41.050+0700] {processor.py:157} INFO - Started process (PID=12535) to work on /Users/macbook/Documents/Documents_MacBook_Pro/ISTT/AirflowTutorial/envlibs/lib/python3.10/site-packages/airflow/example_dags/example_python_operator.py
[2023-06-22T14:42:41.051+0700] {processor.py:826} INFO - Processing file /Users/macbook/Documents/Documents_MacBook_Pro/ISTT/AirflowTutorial/envlibs/lib/python3.10/site-packages/airflow/example_dags/example_python_operator.py for tasks to queue
[2023-06-22T14:42:41.052+0700] {logging_mixin.py:149} INFO - [2023-06-22T14:42:41.052+0700] {dagbag.py:541} INFO - Filling up the DagBag from /Users/macbook/Documents/Documents_MacBook_Pro/ISTT/AirflowTutorial/envlibs/lib/python3.10/site-packages/airflow/example_dags/example_python_operator.py
[2023-06-22T14:42:41.111+0700] {processor.py:836} INFO - DAG(s) dict_keys(['example_python_operator']) retrieved from /Users/macbook/Documents/Documents_MacBook_Pro/ISTT/AirflowTutorial/envlibs/lib/python3.10/site-packages/airflow/example_dags/example_python_operator.py
[2023-06-22T14:42:42.233+0700] {logging_mixin.py:149} INFO - [2023-06-22T14:42:42.233+0700] {dag.py:2726} INFO - Sync 1 DAGs
[2023-06-22T14:42:42.253+0700] {logging_mixin.py:149} INFO - [2023-06-22T14:42:42.253+0700] {dag.py:3486} INFO - Setting next_dagrun for example_python_operator to None, run_after=None
[2023-06-22T14:42:42.275+0700] {processor.py:179} INFO - Processing /Users/macbook/Documents/Documents_MacBook_Pro/ISTT/AirflowTutorial/envlibs/lib/python3.10/site-packages/airflow/example_dags/example_python_operator.py took 1.226 seconds
[2023-06-22T14:44:49.517+0700] {processor.py:157} INFO - Started process (PID=12591) to work on /Users/macbook/Documents/Documents_MacBook_Pro/ISTT/AirflowTutorial/envlibs/lib/python3.10/site-packages/airflow/example_dags/example_python_operator.py
[2023-06-22T14:44:49.519+0700] {processor.py:826} INFO - Processing file /Users/macbook/Documents/Documents_MacBook_Pro/ISTT/AirflowTutorial/envlibs/lib/python3.10/site-packages/airflow/example_dags/example_python_operator.py for tasks to queue
[2023-06-22T14:44:49.520+0700] {logging_mixin.py:149} INFO - [2023-06-22T14:44:49.519+0700] {dagbag.py:541} INFO - Filling up the DagBag from /Users/macbook/Documents/Documents_MacBook_Pro/ISTT/AirflowTutorial/envlibs/lib/python3.10/site-packages/airflow/example_dags/example_python_operator.py
[2023-06-22T14:44:49.581+0700] {processor.py:836} INFO - DAG(s) dict_keys(['example_python_operator']) retrieved from /Users/macbook/Documents/Documents_MacBook_Pro/ISTT/AirflowTutorial/envlibs/lib/python3.10/site-packages/airflow/example_dags/example_python_operator.py
[2023-06-22T14:44:50.569+0700] {logging_mixin.py:149} INFO - [2023-06-22T14:44:50.569+0700] {dag.py:2726} INFO - Sync 1 DAGs
[2023-06-22T14:44:50.587+0700] {logging_mixin.py:149} INFO - [2023-06-22T14:44:50.587+0700] {dag.py:3486} INFO - Setting next_dagrun for example_python_operator to None, run_after=None
[2023-06-22T14:44:50.607+0700] {processor.py:179} INFO - Processing /Users/macbook/Documents/Documents_MacBook_Pro/ISTT/AirflowTutorial/envlibs/lib/python3.10/site-packages/airflow/example_dags/example_python_operator.py took 1.090 seconds
[2023-06-22T14:46:54.086+0700] {processor.py:157} INFO - Started process (PID=12647) to work on /Users/macbook/Documents/Documents_MacBook_Pro/ISTT/AirflowTutorial/envlibs/lib/python3.10/site-packages/airflow/example_dags/example_python_operator.py
[2023-06-22T14:46:54.088+0700] {processor.py:826} INFO - Processing file /Users/macbook/Documents/Documents_MacBook_Pro/ISTT/AirflowTutorial/envlibs/lib/python3.10/site-packages/airflow/example_dags/example_python_operator.py for tasks to queue
[2023-06-22T14:46:54.088+0700] {logging_mixin.py:149} INFO - [2023-06-22T14:46:54.088+0700] {dagbag.py:541} INFO - Filling up the DagBag from /Users/macbook/Documents/Documents_MacBook_Pro/ISTT/AirflowTutorial/envlibs/lib/python3.10/site-packages/airflow/example_dags/example_python_operator.py
[2023-06-22T14:46:54.139+0700] {processor.py:836} INFO - DAG(s) dict_keys(['example_python_operator']) retrieved from /Users/macbook/Documents/Documents_MacBook_Pro/ISTT/AirflowTutorial/envlibs/lib/python3.10/site-packages/airflow/example_dags/example_python_operator.py
[2023-06-22T14:46:54.967+0700] {logging_mixin.py:149} INFO - [2023-06-22T14:46:54.966+0700] {dag.py:2726} INFO - Sync 1 DAGs
[2023-06-22T14:46:54.983+0700] {logging_mixin.py:149} INFO - [2023-06-22T14:46:54.982+0700] {dag.py:3486} INFO - Setting next_dagrun for example_python_operator to None, run_after=None
[2023-06-22T14:46:55.012+0700] {processor.py:179} INFO - Processing /Users/macbook/Documents/Documents_MacBook_Pro/ISTT/AirflowTutorial/envlibs/lib/python3.10/site-packages/airflow/example_dags/example_python_operator.py took 0.926 seconds
[2023-06-22T14:49:01.645+0700] {processor.py:157} INFO - Started process (PID=12712) to work on /Users/macbook/Documents/Documents_MacBook_Pro/ISTT/AirflowTutorial/envlibs/lib/python3.10/site-packages/airflow/example_dags/example_python_operator.py
[2023-06-22T14:49:01.647+0700] {processor.py:826} INFO - Processing file /Users/macbook/Documents/Documents_MacBook_Pro/ISTT/AirflowTutorial/envlibs/lib/python3.10/site-packages/airflow/example_dags/example_python_operator.py for tasks to queue
[2023-06-22T14:49:01.648+0700] {logging_mixin.py:149} INFO - [2023-06-22T14:49:01.647+0700] {dagbag.py:541} INFO - Filling up the DagBag from /Users/macbook/Documents/Documents_MacBook_Pro/ISTT/AirflowTutorial/envlibs/lib/python3.10/site-packages/airflow/example_dags/example_python_operator.py
[2023-06-22T14:49:01.703+0700] {processor.py:836} INFO - DAG(s) dict_keys(['example_python_operator']) retrieved from /Users/macbook/Documents/Documents_MacBook_Pro/ISTT/AirflowTutorial/envlibs/lib/python3.10/site-packages/airflow/example_dags/example_python_operator.py
[2023-06-22T14:49:02.619+0700] {logging_mixin.py:149} INFO - [2023-06-22T14:49:02.618+0700] {dag.py:2726} INFO - Sync 1 DAGs
[2023-06-22T14:49:02.635+0700] {logging_mixin.py:149} INFO - [2023-06-22T14:49:02.635+0700] {dag.py:3486} INFO - Setting next_dagrun for example_python_operator to None, run_after=None
[2023-06-22T14:49:02.653+0700] {processor.py:179} INFO - Processing /Users/macbook/Documents/Documents_MacBook_Pro/ISTT/AirflowTutorial/envlibs/lib/python3.10/site-packages/airflow/example_dags/example_python_operator.py took 1.008 seconds
[2023-06-22T14:51:05.967+0700] {processor.py:157} INFO - Started process (PID=12768) to work on /Users/macbook/Documents/Documents_MacBook_Pro/ISTT/AirflowTutorial/envlibs/lib/python3.10/site-packages/airflow/example_dags/example_python_operator.py
[2023-06-22T14:51:05.968+0700] {processor.py:826} INFO - Processing file /Users/macbook/Documents/Documents_MacBook_Pro/ISTT/AirflowTutorial/envlibs/lib/python3.10/site-packages/airflow/example_dags/example_python_operator.py for tasks to queue
[2023-06-22T14:51:05.969+0700] {logging_mixin.py:149} INFO - [2023-06-22T14:51:05.969+0700] {dagbag.py:541} INFO - Filling up the DagBag from /Users/macbook/Documents/Documents_MacBook_Pro/ISTT/AirflowTutorial/envlibs/lib/python3.10/site-packages/airflow/example_dags/example_python_operator.py
[2023-06-22T14:51:06.025+0700] {processor.py:836} INFO - DAG(s) dict_keys(['example_python_operator']) retrieved from /Users/macbook/Documents/Documents_MacBook_Pro/ISTT/AirflowTutorial/envlibs/lib/python3.10/site-packages/airflow/example_dags/example_python_operator.py
[2023-06-22T14:51:06.921+0700] {logging_mixin.py:149} INFO - [2023-06-22T14:51:06.921+0700] {dag.py:2726} INFO - Sync 1 DAGs
[2023-06-22T14:51:06.938+0700] {logging_mixin.py:149} INFO - [2023-06-22T14:51:06.938+0700] {dag.py:3486} INFO - Setting next_dagrun for example_python_operator to None, run_after=None
[2023-06-22T14:51:06.957+0700] {processor.py:179} INFO - Processing /Users/macbook/Documents/Documents_MacBook_Pro/ISTT/AirflowTutorial/envlibs/lib/python3.10/site-packages/airflow/example_dags/example_python_operator.py took 0.991 seconds
[2023-06-22T14:53:07.813+0700] {processor.py:157} INFO - Started process (PID=12825) to work on /Users/macbook/Documents/Documents_MacBook_Pro/ISTT/AirflowTutorial/envlibs/lib/python3.10/site-packages/airflow/example_dags/example_python_operator.py
[2023-06-22T14:53:07.814+0700] {processor.py:826} INFO - Processing file /Users/macbook/Documents/Documents_MacBook_Pro/ISTT/AirflowTutorial/envlibs/lib/python3.10/site-packages/airflow/example_dags/example_python_operator.py for tasks to queue
[2023-06-22T14:53:07.815+0700] {logging_mixin.py:149} INFO - [2023-06-22T14:53:07.814+0700] {dagbag.py:541} INFO - Filling up the DagBag from /Users/macbook/Documents/Documents_MacBook_Pro/ISTT/AirflowTutorial/envlibs/lib/python3.10/site-packages/airflow/example_dags/example_python_operator.py
[2023-06-22T14:53:07.876+0700] {processor.py:836} INFO - DAG(s) dict_keys(['example_python_operator']) retrieved from /Users/macbook/Documents/Documents_MacBook_Pro/ISTT/AirflowTutorial/envlibs/lib/python3.10/site-packages/airflow/example_dags/example_python_operator.py
[2023-06-22T14:53:08.841+0700] {logging_mixin.py:149} INFO - [2023-06-22T14:53:08.840+0700] {dag.py:2726} INFO - Sync 1 DAGs
[2023-06-22T14:53:08.858+0700] {logging_mixin.py:149} INFO - [2023-06-22T14:53:08.857+0700] {dag.py:3486} INFO - Setting next_dagrun for example_python_operator to None, run_after=None
[2023-06-22T14:53:08.877+0700] {processor.py:179} INFO - Processing /Users/macbook/Documents/Documents_MacBook_Pro/ISTT/AirflowTutorial/envlibs/lib/python3.10/site-packages/airflow/example_dags/example_python_operator.py took 1.064 seconds
[2023-06-22T14:55:04.933+0700] {processor.py:157} INFO - Started process (PID=12878) to work on /Users/macbook/Documents/Documents_MacBook_Pro/ISTT/AirflowTutorial/envlibs/lib/python3.10/site-packages/airflow/example_dags/example_python_operator.py
[2023-06-22T14:55:04.934+0700] {processor.py:826} INFO - Processing file /Users/macbook/Documents/Documents_MacBook_Pro/ISTT/AirflowTutorial/envlibs/lib/python3.10/site-packages/airflow/example_dags/example_python_operator.py for tasks to queue
[2023-06-22T14:55:04.935+0700] {logging_mixin.py:149} INFO - [2023-06-22T14:55:04.935+0700] {dagbag.py:541} INFO - Filling up the DagBag from /Users/macbook/Documents/Documents_MacBook_Pro/ISTT/AirflowTutorial/envlibs/lib/python3.10/site-packages/airflow/example_dags/example_python_operator.py
[2023-06-22T14:55:04.985+0700] {processor.py:836} INFO - DAG(s) dict_keys(['example_python_operator']) retrieved from /Users/macbook/Documents/Documents_MacBook_Pro/ISTT/AirflowTutorial/envlibs/lib/python3.10/site-packages/airflow/example_dags/example_python_operator.py
[2023-06-22T14:55:05.796+0700] {logging_mixin.py:149} INFO - [2023-06-22T14:55:05.796+0700] {dag.py:2726} INFO - Sync 1 DAGs
[2023-06-22T14:55:05.811+0700] {logging_mixin.py:149} INFO - [2023-06-22T14:55:05.811+0700] {dag.py:3486} INFO - Setting next_dagrun for example_python_operator to None, run_after=None
[2023-06-22T14:55:05.829+0700] {processor.py:179} INFO - Processing /Users/macbook/Documents/Documents_MacBook_Pro/ISTT/AirflowTutorial/envlibs/lib/python3.10/site-packages/airflow/example_dags/example_python_operator.py took 0.897 seconds
[2023-06-22T14:57:01.633+0700] {processor.py:157} INFO - Started process (PID=12929) to work on /Users/macbook/Documents/Documents_MacBook_Pro/ISTT/AirflowTutorial/envlibs/lib/python3.10/site-packages/airflow/example_dags/example_python_operator.py
[2023-06-22T14:57:01.635+0700] {processor.py:826} INFO - Processing file /Users/macbook/Documents/Documents_MacBook_Pro/ISTT/AirflowTutorial/envlibs/lib/python3.10/site-packages/airflow/example_dags/example_python_operator.py for tasks to queue
[2023-06-22T14:57:01.635+0700] {logging_mixin.py:149} INFO - [2023-06-22T14:57:01.635+0700] {dagbag.py:541} INFO - Filling up the DagBag from /Users/macbook/Documents/Documents_MacBook_Pro/ISTT/AirflowTutorial/envlibs/lib/python3.10/site-packages/airflow/example_dags/example_python_operator.py
[2023-06-22T14:57:01.692+0700] {processor.py:836} INFO - DAG(s) dict_keys(['example_python_operator']) retrieved from /Users/macbook/Documents/Documents_MacBook_Pro/ISTT/AirflowTutorial/envlibs/lib/python3.10/site-packages/airflow/example_dags/example_python_operator.py
[2023-06-22T14:57:02.648+0700] {logging_mixin.py:149} INFO - [2023-06-22T14:57:02.648+0700] {dag.py:2726} INFO - Sync 1 DAGs
[2023-06-22T14:57:02.664+0700] {logging_mixin.py:149} INFO - [2023-06-22T14:57:02.664+0700] {dag.py:3486} INFO - Setting next_dagrun for example_python_operator to None, run_after=None
[2023-06-22T14:57:02.688+0700] {processor.py:179} INFO - Processing /Users/macbook/Documents/Documents_MacBook_Pro/ISTT/AirflowTutorial/envlibs/lib/python3.10/site-packages/airflow/example_dags/example_python_operator.py took 1.055 seconds
[2023-06-22T14:59:03.553+0700] {processor.py:157} INFO - Started process (PID=12982) to work on /Users/macbook/Documents/Documents_MacBook_Pro/ISTT/AirflowTutorial/envlibs/lib/python3.10/site-packages/airflow/example_dags/example_python_operator.py
[2023-06-22T14:59:03.554+0700] {processor.py:826} INFO - Processing file /Users/macbook/Documents/Documents_MacBook_Pro/ISTT/AirflowTutorial/envlibs/lib/python3.10/site-packages/airflow/example_dags/example_python_operator.py for tasks to queue
[2023-06-22T14:59:03.555+0700] {logging_mixin.py:149} INFO - [2023-06-22T14:59:03.555+0700] {dagbag.py:541} INFO - Filling up the DagBag from /Users/macbook/Documents/Documents_MacBook_Pro/ISTT/AirflowTutorial/envlibs/lib/python3.10/site-packages/airflow/example_dags/example_python_operator.py
[2023-06-22T14:59:03.606+0700] {processor.py:836} INFO - DAG(s) dict_keys(['example_python_operator']) retrieved from /Users/macbook/Documents/Documents_MacBook_Pro/ISTT/AirflowTutorial/envlibs/lib/python3.10/site-packages/airflow/example_dags/example_python_operator.py
[2023-06-22T14:59:04.477+0700] {logging_mixin.py:149} INFO - [2023-06-22T14:59:04.477+0700] {dag.py:2726} INFO - Sync 1 DAGs
[2023-06-22T14:59:04.493+0700] {logging_mixin.py:149} INFO - [2023-06-22T14:59:04.493+0700] {dag.py:3486} INFO - Setting next_dagrun for example_python_operator to None, run_after=None
[2023-06-22T14:59:04.513+0700] {processor.py:179} INFO - Processing /Users/macbook/Documents/Documents_MacBook_Pro/ISTT/AirflowTutorial/envlibs/lib/python3.10/site-packages/airflow/example_dags/example_python_operator.py took 0.961 seconds
[2023-06-22T15:01:06.800+0700] {processor.py:157} INFO - Started process (PID=13036) to work on /Users/macbook/Documents/Documents_MacBook_Pro/ISTT/AirflowTutorial/envlibs/lib/python3.10/site-packages/airflow/example_dags/example_python_operator.py
[2023-06-22T15:01:06.802+0700] {processor.py:826} INFO - Processing file /Users/macbook/Documents/Documents_MacBook_Pro/ISTT/AirflowTutorial/envlibs/lib/python3.10/site-packages/airflow/example_dags/example_python_operator.py for tasks to queue
[2023-06-22T15:01:06.802+0700] {logging_mixin.py:149} INFO - [2023-06-22T15:01:06.802+0700] {dagbag.py:541} INFO - Filling up the DagBag from /Users/macbook/Documents/Documents_MacBook_Pro/ISTT/AirflowTutorial/envlibs/lib/python3.10/site-packages/airflow/example_dags/example_python_operator.py
[2023-06-22T15:01:06.854+0700] {processor.py:836} INFO - DAG(s) dict_keys(['example_python_operator']) retrieved from /Users/macbook/Documents/Documents_MacBook_Pro/ISTT/AirflowTutorial/envlibs/lib/python3.10/site-packages/airflow/example_dags/example_python_operator.py
[2023-06-22T15:01:07.667+0700] {logging_mixin.py:149} INFO - [2023-06-22T15:01:07.667+0700] {dag.py:2726} INFO - Sync 1 DAGs
[2023-06-22T15:01:07.685+0700] {logging_mixin.py:149} INFO - [2023-06-22T15:01:07.685+0700] {dag.py:3486} INFO - Setting next_dagrun for example_python_operator to None, run_after=None
[2023-06-22T15:01:07.703+0700] {processor.py:179} INFO - Processing /Users/macbook/Documents/Documents_MacBook_Pro/ISTT/AirflowTutorial/envlibs/lib/python3.10/site-packages/airflow/example_dags/example_python_operator.py took 0.903 seconds
[2023-06-22T15:03:08.242+0700] {processor.py:157} INFO - Started process (PID=13093) to work on /Users/macbook/Documents/Documents_MacBook_Pro/ISTT/AirflowTutorial/envlibs/lib/python3.10/site-packages/airflow/example_dags/example_python_operator.py
[2023-06-22T15:03:08.244+0700] {processor.py:826} INFO - Processing file /Users/macbook/Documents/Documents_MacBook_Pro/ISTT/AirflowTutorial/envlibs/lib/python3.10/site-packages/airflow/example_dags/example_python_operator.py for tasks to queue
[2023-06-22T15:03:08.244+0700] {logging_mixin.py:149} INFO - [2023-06-22T15:03:08.244+0700] {dagbag.py:541} INFO - Filling up the DagBag from /Users/macbook/Documents/Documents_MacBook_Pro/ISTT/AirflowTutorial/envlibs/lib/python3.10/site-packages/airflow/example_dags/example_python_operator.py
[2023-06-22T15:03:08.299+0700] {processor.py:836} INFO - DAG(s) dict_keys(['example_python_operator']) retrieved from /Users/macbook/Documents/Documents_MacBook_Pro/ISTT/AirflowTutorial/envlibs/lib/python3.10/site-packages/airflow/example_dags/example_python_operator.py
[2023-06-22T15:03:09.199+0700] {logging_mixin.py:149} INFO - [2023-06-22T15:03:09.199+0700] {dag.py:2726} INFO - Sync 1 DAGs
[2023-06-22T15:03:09.220+0700] {logging_mixin.py:149} INFO - [2023-06-22T15:03:09.220+0700] {dag.py:3486} INFO - Setting next_dagrun for example_python_operator to None, run_after=None
[2023-06-22T15:03:09.240+0700] {processor.py:179} INFO - Processing /Users/macbook/Documents/Documents_MacBook_Pro/ISTT/AirflowTutorial/envlibs/lib/python3.10/site-packages/airflow/example_dags/example_python_operator.py took 0.999 seconds
[2023-06-22T15:05:08.987+0700] {processor.py:157} INFO - Started process (PID=13153) to work on /Users/macbook/Documents/Documents_MacBook_Pro/ISTT/AirflowTutorial/envlibs/lib/python3.10/site-packages/airflow/example_dags/example_python_operator.py
[2023-06-22T15:05:08.989+0700] {processor.py:826} INFO - Processing file /Users/macbook/Documents/Documents_MacBook_Pro/ISTT/AirflowTutorial/envlibs/lib/python3.10/site-packages/airflow/example_dags/example_python_operator.py for tasks to queue
[2023-06-22T15:05:08.989+0700] {logging_mixin.py:149} INFO - [2023-06-22T15:05:08.989+0700] {dagbag.py:541} INFO - Filling up the DagBag from /Users/macbook/Documents/Documents_MacBook_Pro/ISTT/AirflowTutorial/envlibs/lib/python3.10/site-packages/airflow/example_dags/example_python_operator.py
[2023-06-22T15:05:09.041+0700] {processor.py:836} INFO - DAG(s) dict_keys(['example_python_operator']) retrieved from /Users/macbook/Documents/Documents_MacBook_Pro/ISTT/AirflowTutorial/envlibs/lib/python3.10/site-packages/airflow/example_dags/example_python_operator.py
[2023-06-22T15:05:09.869+0700] {logging_mixin.py:149} INFO - [2023-06-22T15:05:09.869+0700] {dag.py:2726} INFO - Sync 1 DAGs
[2023-06-22T15:05:09.884+0700] {logging_mixin.py:149} INFO - [2023-06-22T15:05:09.884+0700] {dag.py:3486} INFO - Setting next_dagrun for example_python_operator to None, run_after=None
[2023-06-22T15:05:09.902+0700] {processor.py:179} INFO - Processing /Users/macbook/Documents/Documents_MacBook_Pro/ISTT/AirflowTutorial/envlibs/lib/python3.10/site-packages/airflow/example_dags/example_python_operator.py took 0.915 seconds
[2023-06-22T15:07:19.252+0700] {processor.py:157} INFO - Started process (PID=13255) to work on /Users/macbook/Documents/Documents_MacBook_Pro/ISTT/AirflowTutorial/envlibs/lib/python3.10/site-packages/airflow/example_dags/example_python_operator.py
[2023-06-22T15:07:19.254+0700] {processor.py:826} INFO - Processing file /Users/macbook/Documents/Documents_MacBook_Pro/ISTT/AirflowTutorial/envlibs/lib/python3.10/site-packages/airflow/example_dags/example_python_operator.py for tasks to queue
[2023-06-22T15:07:19.254+0700] {logging_mixin.py:149} INFO - [2023-06-22T15:07:19.254+0700] {dagbag.py:541} INFO - Filling up the DagBag from /Users/macbook/Documents/Documents_MacBook_Pro/ISTT/AirflowTutorial/envlibs/lib/python3.10/site-packages/airflow/example_dags/example_python_operator.py
[2023-06-22T15:07:19.310+0700] {processor.py:836} INFO - DAG(s) dict_keys(['example_python_operator']) retrieved from /Users/macbook/Documents/Documents_MacBook_Pro/ISTT/AirflowTutorial/envlibs/lib/python3.10/site-packages/airflow/example_dags/example_python_operator.py
[2023-06-22T15:07:20.206+0700] {logging_mixin.py:149} INFO - [2023-06-22T15:07:20.206+0700] {dag.py:2726} INFO - Sync 1 DAGs
[2023-06-22T15:07:20.222+0700] {logging_mixin.py:149} INFO - [2023-06-22T15:07:20.222+0700] {dag.py:3486} INFO - Setting next_dagrun for example_python_operator to None, run_after=None
[2023-06-22T15:07:20.240+0700] {processor.py:179} INFO - Processing /Users/macbook/Documents/Documents_MacBook_Pro/ISTT/AirflowTutorial/envlibs/lib/python3.10/site-packages/airflow/example_dags/example_python_operator.py took 0.989 seconds
[2023-06-22T15:09:19.467+0700] {processor.py:157} INFO - Started process (PID=13307) to work on /Users/macbook/Documents/Documents_MacBook_Pro/ISTT/AirflowTutorial/envlibs/lib/python3.10/site-packages/airflow/example_dags/example_python_operator.py
[2023-06-22T15:09:19.468+0700] {processor.py:826} INFO - Processing file /Users/macbook/Documents/Documents_MacBook_Pro/ISTT/AirflowTutorial/envlibs/lib/python3.10/site-packages/airflow/example_dags/example_python_operator.py for tasks to queue
[2023-06-22T15:09:19.468+0700] {logging_mixin.py:149} INFO - [2023-06-22T15:09:19.468+0700] {dagbag.py:541} INFO - Filling up the DagBag from /Users/macbook/Documents/Documents_MacBook_Pro/ISTT/AirflowTutorial/envlibs/lib/python3.10/site-packages/airflow/example_dags/example_python_operator.py
[2023-06-22T15:09:19.528+0700] {processor.py:836} INFO - DAG(s) dict_keys(['example_python_operator']) retrieved from /Users/macbook/Documents/Documents_MacBook_Pro/ISTT/AirflowTutorial/envlibs/lib/python3.10/site-packages/airflow/example_dags/example_python_operator.py
[2023-06-22T15:09:20.404+0700] {logging_mixin.py:149} INFO - [2023-06-22T15:09:20.403+0700] {dag.py:2726} INFO - Sync 1 DAGs
[2023-06-22T15:09:20.421+0700] {logging_mixin.py:149} INFO - [2023-06-22T15:09:20.421+0700] {dag.py:3486} INFO - Setting next_dagrun for example_python_operator to None, run_after=None
[2023-06-22T15:09:20.440+0700] {processor.py:179} INFO - Processing /Users/macbook/Documents/Documents_MacBook_Pro/ISTT/AirflowTutorial/envlibs/lib/python3.10/site-packages/airflow/example_dags/example_python_operator.py took 0.974 seconds
[2023-06-22T15:11:26.914+0700] {processor.py:157} INFO - Started process (PID=13404) to work on /Users/macbook/Documents/Documents_MacBook_Pro/ISTT/AirflowTutorial/envlibs/lib/python3.10/site-packages/airflow/example_dags/example_python_operator.py
[2023-06-22T15:11:26.915+0700] {processor.py:826} INFO - Processing file /Users/macbook/Documents/Documents_MacBook_Pro/ISTT/AirflowTutorial/envlibs/lib/python3.10/site-packages/airflow/example_dags/example_python_operator.py for tasks to queue
[2023-06-22T15:11:26.916+0700] {logging_mixin.py:149} INFO - [2023-06-22T15:11:26.916+0700] {dagbag.py:541} INFO - Filling up the DagBag from /Users/macbook/Documents/Documents_MacBook_Pro/ISTT/AirflowTutorial/envlibs/lib/python3.10/site-packages/airflow/example_dags/example_python_operator.py
[2023-06-22T15:11:26.983+0700] {processor.py:836} INFO - DAG(s) dict_keys(['example_python_operator']) retrieved from /Users/macbook/Documents/Documents_MacBook_Pro/ISTT/AirflowTutorial/envlibs/lib/python3.10/site-packages/airflow/example_dags/example_python_operator.py
[2023-06-22T15:11:28.029+0700] {logging_mixin.py:149} INFO - [2023-06-22T15:11:28.029+0700] {dag.py:2726} INFO - Sync 1 DAGs
[2023-06-22T15:11:28.056+0700] {logging_mixin.py:149} INFO - [2023-06-22T15:11:28.055+0700] {dag.py:3486} INFO - Setting next_dagrun for example_python_operator to None, run_after=None
[2023-06-22T15:11:28.078+0700] {processor.py:179} INFO - Processing /Users/macbook/Documents/Documents_MacBook_Pro/ISTT/AirflowTutorial/envlibs/lib/python3.10/site-packages/airflow/example_dags/example_python_operator.py took 1.165 seconds
[2023-06-22T15:13:32.107+0700] {processor.py:157} INFO - Started process (PID=13484) to work on /Users/macbook/Documents/Documents_MacBook_Pro/ISTT/AirflowTutorial/envlibs/lib/python3.10/site-packages/airflow/example_dags/example_python_operator.py
[2023-06-22T15:13:32.108+0700] {processor.py:826} INFO - Processing file /Users/macbook/Documents/Documents_MacBook_Pro/ISTT/AirflowTutorial/envlibs/lib/python3.10/site-packages/airflow/example_dags/example_python_operator.py for tasks to queue
[2023-06-22T15:13:32.109+0700] {logging_mixin.py:149} INFO - [2023-06-22T15:13:32.108+0700] {dagbag.py:541} INFO - Filling up the DagBag from /Users/macbook/Documents/Documents_MacBook_Pro/ISTT/AirflowTutorial/envlibs/lib/python3.10/site-packages/airflow/example_dags/example_python_operator.py
[2023-06-22T15:13:32.163+0700] {processor.py:836} INFO - DAG(s) dict_keys(['example_python_operator']) retrieved from /Users/macbook/Documents/Documents_MacBook_Pro/ISTT/AirflowTutorial/envlibs/lib/python3.10/site-packages/airflow/example_dags/example_python_operator.py
[2023-06-22T15:13:33.084+0700] {logging_mixin.py:149} INFO - [2023-06-22T15:13:33.084+0700] {dag.py:2726} INFO - Sync 1 DAGs
[2023-06-22T15:13:33.101+0700] {logging_mixin.py:149} INFO - [2023-06-22T15:13:33.101+0700] {dag.py:3486} INFO - Setting next_dagrun for example_python_operator to None, run_after=None
[2023-06-22T15:13:33.120+0700] {processor.py:179} INFO - Processing /Users/macbook/Documents/Documents_MacBook_Pro/ISTT/AirflowTutorial/envlibs/lib/python3.10/site-packages/airflow/example_dags/example_python_operator.py took 1.013 seconds
[2023-06-22T15:15:38.889+0700] {processor.py:157} INFO - Started process (PID=13558) to work on /Users/macbook/Documents/Documents_MacBook_Pro/ISTT/AirflowTutorial/envlibs/lib/python3.10/site-packages/airflow/example_dags/example_python_operator.py
[2023-06-22T15:15:38.889+0700] {processor.py:826} INFO - Processing file /Users/macbook/Documents/Documents_MacBook_Pro/ISTT/AirflowTutorial/envlibs/lib/python3.10/site-packages/airflow/example_dags/example_python_operator.py for tasks to queue
[2023-06-22T15:15:38.890+0700] {logging_mixin.py:149} INFO - [2023-06-22T15:15:38.890+0700] {dagbag.py:541} INFO - Filling up the DagBag from /Users/macbook/Documents/Documents_MacBook_Pro/ISTT/AirflowTutorial/envlibs/lib/python3.10/site-packages/airflow/example_dags/example_python_operator.py
[2023-06-22T15:15:38.948+0700] {processor.py:836} INFO - DAG(s) dict_keys(['example_python_operator']) retrieved from /Users/macbook/Documents/Documents_MacBook_Pro/ISTT/AirflowTutorial/envlibs/lib/python3.10/site-packages/airflow/example_dags/example_python_operator.py
[2023-06-22T15:15:39.849+0700] {logging_mixin.py:149} INFO - [2023-06-22T15:15:39.848+0700] {dag.py:2726} INFO - Sync 1 DAGs
[2023-06-22T15:15:39.866+0700] {logging_mixin.py:149} INFO - [2023-06-22T15:15:39.865+0700] {dag.py:3486} INFO - Setting next_dagrun for example_python_operator to None, run_after=None
[2023-06-22T15:15:39.884+0700] {processor.py:179} INFO - Processing /Users/macbook/Documents/Documents_MacBook_Pro/ISTT/AirflowTutorial/envlibs/lib/python3.10/site-packages/airflow/example_dags/example_python_operator.py took 0.996 seconds
[2023-06-22T15:17:47.168+0700] {processor.py:157} INFO - Started process (PID=13640) to work on /Users/macbook/Documents/Documents_MacBook_Pro/ISTT/AirflowTutorial/envlibs/lib/python3.10/site-packages/airflow/example_dags/example_python_operator.py
[2023-06-22T15:17:47.169+0700] {processor.py:826} INFO - Processing file /Users/macbook/Documents/Documents_MacBook_Pro/ISTT/AirflowTutorial/envlibs/lib/python3.10/site-packages/airflow/example_dags/example_python_operator.py for tasks to queue
[2023-06-22T15:17:47.169+0700] {logging_mixin.py:149} INFO - [2023-06-22T15:17:47.169+0700] {dagbag.py:541} INFO - Filling up the DagBag from /Users/macbook/Documents/Documents_MacBook_Pro/ISTT/AirflowTutorial/envlibs/lib/python3.10/site-packages/airflow/example_dags/example_python_operator.py
[2023-06-22T15:17:47.226+0700] {processor.py:836} INFO - DAG(s) dict_keys(['example_python_operator']) retrieved from /Users/macbook/Documents/Documents_MacBook_Pro/ISTT/AirflowTutorial/envlibs/lib/python3.10/site-packages/airflow/example_dags/example_python_operator.py
[2023-06-22T15:17:48.078+0700] {logging_mixin.py:149} INFO - [2023-06-22T15:17:48.078+0700] {dag.py:2726} INFO - Sync 1 DAGs
[2023-06-22T15:17:48.098+0700] {logging_mixin.py:149} INFO - [2023-06-22T15:17:48.098+0700] {dag.py:3486} INFO - Setting next_dagrun for example_python_operator to None, run_after=None
[2023-06-22T15:17:48.119+0700] {processor.py:179} INFO - Processing /Users/macbook/Documents/Documents_MacBook_Pro/ISTT/AirflowTutorial/envlibs/lib/python3.10/site-packages/airflow/example_dags/example_python_operator.py took 0.952 seconds
[2023-06-22T15:19:48.217+0700] {processor.py:157} INFO - Started process (PID=13731) to work on /Users/macbook/Documents/Documents_MacBook_Pro/ISTT/AirflowTutorial/envlibs/lib/python3.10/site-packages/airflow/example_dags/example_python_operator.py
[2023-06-22T15:19:48.219+0700] {processor.py:826} INFO - Processing file /Users/macbook/Documents/Documents_MacBook_Pro/ISTT/AirflowTutorial/envlibs/lib/python3.10/site-packages/airflow/example_dags/example_python_operator.py for tasks to queue
[2023-06-22T15:19:48.219+0700] {logging_mixin.py:149} INFO - [2023-06-22T15:19:48.219+0700] {dagbag.py:541} INFO - Filling up the DagBag from /Users/macbook/Documents/Documents_MacBook_Pro/ISTT/AirflowTutorial/envlibs/lib/python3.10/site-packages/airflow/example_dags/example_python_operator.py
[2023-06-22T15:19:48.279+0700] {processor.py:836} INFO - DAG(s) dict_keys(['example_python_operator']) retrieved from /Users/macbook/Documents/Documents_MacBook_Pro/ISTT/AirflowTutorial/envlibs/lib/python3.10/site-packages/airflow/example_dags/example_python_operator.py
[2023-06-22T15:19:49.422+0700] {logging_mixin.py:149} INFO - [2023-06-22T15:19:49.422+0700] {dag.py:2726} INFO - Sync 1 DAGs
[2023-06-22T15:19:49.440+0700] {logging_mixin.py:149} INFO - [2023-06-22T15:19:49.440+0700] {dag.py:3486} INFO - Setting next_dagrun for example_python_operator to None, run_after=None
[2023-06-22T15:19:49.460+0700] {processor.py:179} INFO - Processing /Users/macbook/Documents/Documents_MacBook_Pro/ISTT/AirflowTutorial/envlibs/lib/python3.10/site-packages/airflow/example_dags/example_python_operator.py took 1.244 seconds
[2023-06-22T15:21:48.666+0700] {processor.py:157} INFO - Started process (PID=13787) to work on /Users/macbook/Documents/Documents_MacBook_Pro/ISTT/AirflowTutorial/envlibs/lib/python3.10/site-packages/airflow/example_dags/example_python_operator.py
[2023-06-22T15:21:48.667+0700] {processor.py:826} INFO - Processing file /Users/macbook/Documents/Documents_MacBook_Pro/ISTT/AirflowTutorial/envlibs/lib/python3.10/site-packages/airflow/example_dags/example_python_operator.py for tasks to queue
[2023-06-22T15:21:48.668+0700] {logging_mixin.py:149} INFO - [2023-06-22T15:21:48.667+0700] {dagbag.py:541} INFO - Filling up the DagBag from /Users/macbook/Documents/Documents_MacBook_Pro/ISTT/AirflowTutorial/envlibs/lib/python3.10/site-packages/airflow/example_dags/example_python_operator.py
[2023-06-22T15:21:48.725+0700] {processor.py:836} INFO - DAG(s) dict_keys(['example_python_operator']) retrieved from /Users/macbook/Documents/Documents_MacBook_Pro/ISTT/AirflowTutorial/envlibs/lib/python3.10/site-packages/airflow/example_dags/example_python_operator.py
[2023-06-22T15:21:49.704+0700] {logging_mixin.py:149} INFO - [2023-06-22T15:21:49.703+0700] {dag.py:2726} INFO - Sync 1 DAGs
[2023-06-22T15:21:49.721+0700] {logging_mixin.py:149} INFO - [2023-06-22T15:21:49.721+0700] {dag.py:3486} INFO - Setting next_dagrun for example_python_operator to None, run_after=None
[2023-06-22T15:21:49.740+0700] {processor.py:179} INFO - Processing /Users/macbook/Documents/Documents_MacBook_Pro/ISTT/AirflowTutorial/envlibs/lib/python3.10/site-packages/airflow/example_dags/example_python_operator.py took 1.075 seconds
[2023-06-22T15:24:05.019+0700] {processor.py:157} INFO - Started process (PID=13856) to work on /Users/macbook/Documents/Documents_MacBook_Pro/ISTT/AirflowTutorial/envlibs/lib/python3.10/site-packages/airflow/example_dags/example_python_operator.py
[2023-06-22T15:24:05.020+0700] {processor.py:826} INFO - Processing file /Users/macbook/Documents/Documents_MacBook_Pro/ISTT/AirflowTutorial/envlibs/lib/python3.10/site-packages/airflow/example_dags/example_python_operator.py for tasks to queue
[2023-06-22T15:24:05.021+0700] {logging_mixin.py:149} INFO - [2023-06-22T15:24:05.021+0700] {dagbag.py:541} INFO - Filling up the DagBag from /Users/macbook/Documents/Documents_MacBook_Pro/ISTT/AirflowTutorial/envlibs/lib/python3.10/site-packages/airflow/example_dags/example_python_operator.py
[2023-06-22T15:24:05.081+0700] {processor.py:836} INFO - DAG(s) dict_keys(['example_python_operator']) retrieved from /Users/macbook/Documents/Documents_MacBook_Pro/ISTT/AirflowTutorial/envlibs/lib/python3.10/site-packages/airflow/example_dags/example_python_operator.py
[2023-06-22T15:24:06.257+0700] {logging_mixin.py:149} INFO - [2023-06-22T15:24:06.257+0700] {dag.py:2726} INFO - Sync 1 DAGs
[2023-06-22T15:24:06.282+0700] {logging_mixin.py:149} INFO - [2023-06-22T15:24:06.282+0700] {dag.py:3486} INFO - Setting next_dagrun for example_python_operator to None, run_after=None
[2023-06-22T15:24:06.317+0700] {processor.py:179} INFO - Processing /Users/macbook/Documents/Documents_MacBook_Pro/ISTT/AirflowTutorial/envlibs/lib/python3.10/site-packages/airflow/example_dags/example_python_operator.py took 1.299 seconds
[2023-06-22T15:26:19.426+0700] {processor.py:157} INFO - Started process (PID=13913) to work on /Users/macbook/Documents/Documents_MacBook_Pro/ISTT/AirflowTutorial/envlibs/lib/python3.10/site-packages/airflow/example_dags/example_python_operator.py
[2023-06-22T15:26:19.427+0700] {processor.py:826} INFO - Processing file /Users/macbook/Documents/Documents_MacBook_Pro/ISTT/AirflowTutorial/envlibs/lib/python3.10/site-packages/airflow/example_dags/example_python_operator.py for tasks to queue
[2023-06-22T15:26:19.428+0700] {logging_mixin.py:149} INFO - [2023-06-22T15:26:19.428+0700] {dagbag.py:541} INFO - Filling up the DagBag from /Users/macbook/Documents/Documents_MacBook_Pro/ISTT/AirflowTutorial/envlibs/lib/python3.10/site-packages/airflow/example_dags/example_python_operator.py
[2023-06-22T15:26:19.485+0700] {processor.py:836} INFO - DAG(s) dict_keys(['example_python_operator']) retrieved from /Users/macbook/Documents/Documents_MacBook_Pro/ISTT/AirflowTutorial/envlibs/lib/python3.10/site-packages/airflow/example_dags/example_python_operator.py
[2023-06-22T15:26:20.303+0700] {logging_mixin.py:149} INFO - [2023-06-22T15:26:20.302+0700] {dag.py:2726} INFO - Sync 1 DAGs
[2023-06-22T15:26:20.317+0700] {logging_mixin.py:149} INFO - [2023-06-22T15:26:20.317+0700] {dag.py:3486} INFO - Setting next_dagrun for example_python_operator to None, run_after=None
[2023-06-22T15:26:20.335+0700] {processor.py:179} INFO - Processing /Users/macbook/Documents/Documents_MacBook_Pro/ISTT/AirflowTutorial/envlibs/lib/python3.10/site-packages/airflow/example_dags/example_python_operator.py took 0.909 seconds
[2023-06-22T15:28:28.814+0700] {processor.py:157} INFO - Started process (PID=13970) to work on /Users/macbook/Documents/Documents_MacBook_Pro/ISTT/AirflowTutorial/envlibs/lib/python3.10/site-packages/airflow/example_dags/example_python_operator.py
[2023-06-22T15:28:28.815+0700] {processor.py:826} INFO - Processing file /Users/macbook/Documents/Documents_MacBook_Pro/ISTT/AirflowTutorial/envlibs/lib/python3.10/site-packages/airflow/example_dags/example_python_operator.py for tasks to queue
[2023-06-22T15:28:28.816+0700] {logging_mixin.py:149} INFO - [2023-06-22T15:28:28.816+0700] {dagbag.py:541} INFO - Filling up the DagBag from /Users/macbook/Documents/Documents_MacBook_Pro/ISTT/AirflowTutorial/envlibs/lib/python3.10/site-packages/airflow/example_dags/example_python_operator.py
[2023-06-22T15:28:28.869+0700] {processor.py:836} INFO - DAG(s) dict_keys(['example_python_operator']) retrieved from /Users/macbook/Documents/Documents_MacBook_Pro/ISTT/AirflowTutorial/envlibs/lib/python3.10/site-packages/airflow/example_dags/example_python_operator.py
[2023-06-22T15:28:29.733+0700] {logging_mixin.py:149} INFO - [2023-06-22T15:28:29.733+0700] {dag.py:2726} INFO - Sync 1 DAGs
[2023-06-22T15:28:29.751+0700] {logging_mixin.py:149} INFO - [2023-06-22T15:28:29.751+0700] {dag.py:3486} INFO - Setting next_dagrun for example_python_operator to None, run_after=None
[2023-06-22T15:28:29.773+0700] {processor.py:179} INFO - Processing /Users/macbook/Documents/Documents_MacBook_Pro/ISTT/AirflowTutorial/envlibs/lib/python3.10/site-packages/airflow/example_dags/example_python_operator.py took 0.960 seconds
[2023-06-22T15:30:36.827+0700] {processor.py:157} INFO - Started process (PID=14024) to work on /Users/macbook/Documents/Documents_MacBook_Pro/ISTT/AirflowTutorial/envlibs/lib/python3.10/site-packages/airflow/example_dags/example_python_operator.py
[2023-06-22T15:30:36.828+0700] {processor.py:826} INFO - Processing file /Users/macbook/Documents/Documents_MacBook_Pro/ISTT/AirflowTutorial/envlibs/lib/python3.10/site-packages/airflow/example_dags/example_python_operator.py for tasks to queue
[2023-06-22T15:30:36.829+0700] {logging_mixin.py:149} INFO - [2023-06-22T15:30:36.829+0700] {dagbag.py:541} INFO - Filling up the DagBag from /Users/macbook/Documents/Documents_MacBook_Pro/ISTT/AirflowTutorial/envlibs/lib/python3.10/site-packages/airflow/example_dags/example_python_operator.py
[2023-06-22T15:30:36.892+0700] {processor.py:836} INFO - DAG(s) dict_keys(['example_python_operator']) retrieved from /Users/macbook/Documents/Documents_MacBook_Pro/ISTT/AirflowTutorial/envlibs/lib/python3.10/site-packages/airflow/example_dags/example_python_operator.py
[2023-06-22T15:30:37.850+0700] {logging_mixin.py:149} INFO - [2023-06-22T15:30:37.849+0700] {dag.py:2726} INFO - Sync 1 DAGs
[2023-06-22T15:30:37.868+0700] {logging_mixin.py:149} INFO - [2023-06-22T15:30:37.868+0700] {dag.py:3486} INFO - Setting next_dagrun for example_python_operator to None, run_after=None
[2023-06-22T15:30:37.891+0700] {processor.py:179} INFO - Processing /Users/macbook/Documents/Documents_MacBook_Pro/ISTT/AirflowTutorial/envlibs/lib/python3.10/site-packages/airflow/example_dags/example_python_operator.py took 1.065 seconds
[2023-06-22T15:32:41.685+0700] {processor.py:157} INFO - Started process (PID=14091) to work on /Users/macbook/Documents/Documents_MacBook_Pro/ISTT/AirflowTutorial/envlibs/lib/python3.10/site-packages/airflow/example_dags/example_python_operator.py
[2023-06-22T15:32:41.686+0700] {processor.py:826} INFO - Processing file /Users/macbook/Documents/Documents_MacBook_Pro/ISTT/AirflowTutorial/envlibs/lib/python3.10/site-packages/airflow/example_dags/example_python_operator.py for tasks to queue
[2023-06-22T15:32:41.687+0700] {logging_mixin.py:149} INFO - [2023-06-22T15:32:41.687+0700] {dagbag.py:541} INFO - Filling up the DagBag from /Users/macbook/Documents/Documents_MacBook_Pro/ISTT/AirflowTutorial/envlibs/lib/python3.10/site-packages/airflow/example_dags/example_python_operator.py
[2023-06-22T15:32:41.749+0700] {processor.py:836} INFO - DAG(s) dict_keys(['example_python_operator']) retrieved from /Users/macbook/Documents/Documents_MacBook_Pro/ISTT/AirflowTutorial/envlibs/lib/python3.10/site-packages/airflow/example_dags/example_python_operator.py
[2023-06-22T15:32:42.928+0700] {logging_mixin.py:149} INFO - [2023-06-22T15:32:42.928+0700] {dag.py:2726} INFO - Sync 1 DAGs
[2023-06-22T15:32:42.957+0700] {logging_mixin.py:149} INFO - [2023-06-22T15:32:42.957+0700] {dag.py:3486} INFO - Setting next_dagrun for example_python_operator to None, run_after=None
[2023-06-22T15:32:42.980+0700] {processor.py:179} INFO - Processing /Users/macbook/Documents/Documents_MacBook_Pro/ISTT/AirflowTutorial/envlibs/lib/python3.10/site-packages/airflow/example_dags/example_python_operator.py took 1.296 seconds
[2023-06-22T15:34:48.056+0700] {processor.py:157} INFO - Started process (PID=14153) to work on /Users/macbook/Documents/Documents_MacBook_Pro/ISTT/AirflowTutorial/envlibs/lib/python3.10/site-packages/airflow/example_dags/example_python_operator.py
[2023-06-22T15:34:48.058+0700] {processor.py:826} INFO - Processing file /Users/macbook/Documents/Documents_MacBook_Pro/ISTT/AirflowTutorial/envlibs/lib/python3.10/site-packages/airflow/example_dags/example_python_operator.py for tasks to queue
[2023-06-22T15:34:48.058+0700] {logging_mixin.py:149} INFO - [2023-06-22T15:34:48.058+0700] {dagbag.py:541} INFO - Filling up the DagBag from /Users/macbook/Documents/Documents_MacBook_Pro/ISTT/AirflowTutorial/envlibs/lib/python3.10/site-packages/airflow/example_dags/example_python_operator.py
[2023-06-22T15:34:48.111+0700] {processor.py:836} INFO - DAG(s) dict_keys(['example_python_operator']) retrieved from /Users/macbook/Documents/Documents_MacBook_Pro/ISTT/AirflowTutorial/envlibs/lib/python3.10/site-packages/airflow/example_dags/example_python_operator.py
[2023-06-22T15:34:49.033+0700] {logging_mixin.py:149} INFO - [2023-06-22T15:34:49.033+0700] {dag.py:2726} INFO - Sync 1 DAGs
[2023-06-22T15:34:49.050+0700] {logging_mixin.py:149} INFO - [2023-06-22T15:34:49.050+0700] {dag.py:3486} INFO - Setting next_dagrun for example_python_operator to None, run_after=None
[2023-06-22T15:34:49.070+0700] {processor.py:179} INFO - Processing /Users/macbook/Documents/Documents_MacBook_Pro/ISTT/AirflowTutorial/envlibs/lib/python3.10/site-packages/airflow/example_dags/example_python_operator.py took 1.014 seconds
[2023-06-22T15:36:51.412+0700] {processor.py:157} INFO - Started process (PID=14204) to work on /Users/macbook/Documents/Documents_MacBook_Pro/ISTT/AirflowTutorial/envlibs/lib/python3.10/site-packages/airflow/example_dags/example_python_operator.py
[2023-06-22T15:36:51.414+0700] {processor.py:826} INFO - Processing file /Users/macbook/Documents/Documents_MacBook_Pro/ISTT/AirflowTutorial/envlibs/lib/python3.10/site-packages/airflow/example_dags/example_python_operator.py for tasks to queue
[2023-06-22T15:36:51.415+0700] {logging_mixin.py:149} INFO - [2023-06-22T15:36:51.414+0700] {dagbag.py:541} INFO - Filling up the DagBag from /Users/macbook/Documents/Documents_MacBook_Pro/ISTT/AirflowTutorial/envlibs/lib/python3.10/site-packages/airflow/example_dags/example_python_operator.py
[2023-06-22T15:36:51.554+0700] {processor.py:836} INFO - DAG(s) dict_keys(['example_python_operator']) retrieved from /Users/macbook/Documents/Documents_MacBook_Pro/ISTT/AirflowTutorial/envlibs/lib/python3.10/site-packages/airflow/example_dags/example_python_operator.py
[2023-06-22T15:36:52.607+0700] {logging_mixin.py:149} INFO - [2023-06-22T15:36:52.607+0700] {dag.py:2726} INFO - Sync 1 DAGs
[2023-06-22T15:36:52.631+0700] {logging_mixin.py:149} INFO - [2023-06-22T15:36:52.631+0700] {dag.py:3486} INFO - Setting next_dagrun for example_python_operator to None, run_after=None
[2023-06-22T15:36:52.656+0700] {processor.py:179} INFO - Processing /Users/macbook/Documents/Documents_MacBook_Pro/ISTT/AirflowTutorial/envlibs/lib/python3.10/site-packages/airflow/example_dags/example_python_operator.py took 1.245 seconds
[2023-06-22T15:39:05.317+0700] {processor.py:157} INFO - Started process (PID=14290) to work on /Users/macbook/Documents/Documents_MacBook_Pro/ISTT/AirflowTutorial/envlibs/lib/python3.10/site-packages/airflow/example_dags/example_python_operator.py
[2023-06-22T15:39:05.318+0700] {processor.py:826} INFO - Processing file /Users/macbook/Documents/Documents_MacBook_Pro/ISTT/AirflowTutorial/envlibs/lib/python3.10/site-packages/airflow/example_dags/example_python_operator.py for tasks to queue
[2023-06-22T15:39:05.319+0700] {logging_mixin.py:149} INFO - [2023-06-22T15:39:05.319+0700] {dagbag.py:541} INFO - Filling up the DagBag from /Users/macbook/Documents/Documents_MacBook_Pro/ISTT/AirflowTutorial/envlibs/lib/python3.10/site-packages/airflow/example_dags/example_python_operator.py
[2023-06-22T15:39:05.372+0700] {processor.py:836} INFO - DAG(s) dict_keys(['example_python_operator']) retrieved from /Users/macbook/Documents/Documents_MacBook_Pro/ISTT/AirflowTutorial/envlibs/lib/python3.10/site-packages/airflow/example_dags/example_python_operator.py
[2023-06-22T15:39:06.340+0700] {logging_mixin.py:149} INFO - [2023-06-22T15:39:06.340+0700] {dag.py:2726} INFO - Sync 1 DAGs
[2023-06-22T15:39:06.356+0700] {logging_mixin.py:149} INFO - [2023-06-22T15:39:06.356+0700] {dag.py:3486} INFO - Setting next_dagrun for example_python_operator to None, run_after=None
[2023-06-22T15:39:06.374+0700] {processor.py:179} INFO - Processing /Users/macbook/Documents/Documents_MacBook_Pro/ISTT/AirflowTutorial/envlibs/lib/python3.10/site-packages/airflow/example_dags/example_python_operator.py took 1.057 seconds
[2023-06-22T15:41:13.654+0700] {processor.py:157} INFO - Started process (PID=14347) to work on /Users/macbook/Documents/Documents_MacBook_Pro/ISTT/AirflowTutorial/envlibs/lib/python3.10/site-packages/airflow/example_dags/example_python_operator.py
[2023-06-22T15:41:13.656+0700] {processor.py:826} INFO - Processing file /Users/macbook/Documents/Documents_MacBook_Pro/ISTT/AirflowTutorial/envlibs/lib/python3.10/site-packages/airflow/example_dags/example_python_operator.py for tasks to queue
[2023-06-22T15:41:13.656+0700] {logging_mixin.py:149} INFO - [2023-06-22T15:41:13.656+0700] {dagbag.py:541} INFO - Filling up the DagBag from /Users/macbook/Documents/Documents_MacBook_Pro/ISTT/AirflowTutorial/envlibs/lib/python3.10/site-packages/airflow/example_dags/example_python_operator.py
[2023-06-22T15:41:13.719+0700] {processor.py:836} INFO - DAG(s) dict_keys(['example_python_operator']) retrieved from /Users/macbook/Documents/Documents_MacBook_Pro/ISTT/AirflowTutorial/envlibs/lib/python3.10/site-packages/airflow/example_dags/example_python_operator.py
[2023-06-22T15:41:14.629+0700] {logging_mixin.py:149} INFO - [2023-06-22T15:41:14.629+0700] {dag.py:2726} INFO - Sync 1 DAGs
[2023-06-22T15:41:14.646+0700] {logging_mixin.py:149} INFO - [2023-06-22T15:41:14.646+0700] {dag.py:3486} INFO - Setting next_dagrun for example_python_operator to None, run_after=None
[2023-06-22T15:41:14.665+0700] {processor.py:179} INFO - Processing /Users/macbook/Documents/Documents_MacBook_Pro/ISTT/AirflowTutorial/envlibs/lib/python3.10/site-packages/airflow/example_dags/example_python_operator.py took 1.013 seconds
[2023-06-22T15:43:24.776+0700] {processor.py:157} INFO - Started process (PID=14425) to work on /Users/macbook/Documents/Documents_MacBook_Pro/ISTT/AirflowTutorial/envlibs/lib/python3.10/site-packages/airflow/example_dags/example_python_operator.py
[2023-06-22T15:43:24.777+0700] {processor.py:826} INFO - Processing file /Users/macbook/Documents/Documents_MacBook_Pro/ISTT/AirflowTutorial/envlibs/lib/python3.10/site-packages/airflow/example_dags/example_python_operator.py for tasks to queue
[2023-06-22T15:43:24.778+0700] {logging_mixin.py:149} INFO - [2023-06-22T15:43:24.778+0700] {dagbag.py:541} INFO - Filling up the DagBag from /Users/macbook/Documents/Documents_MacBook_Pro/ISTT/AirflowTutorial/envlibs/lib/python3.10/site-packages/airflow/example_dags/example_python_operator.py
[2023-06-22T15:43:24.841+0700] {processor.py:836} INFO - DAG(s) dict_keys(['example_python_operator']) retrieved from /Users/macbook/Documents/Documents_MacBook_Pro/ISTT/AirflowTutorial/envlibs/lib/python3.10/site-packages/airflow/example_dags/example_python_operator.py
[2023-06-22T15:43:25.766+0700] {logging_mixin.py:149} INFO - [2023-06-22T15:43:25.766+0700] {dag.py:2726} INFO - Sync 1 DAGs
[2023-06-22T15:43:25.783+0700] {logging_mixin.py:149} INFO - [2023-06-22T15:43:25.783+0700] {dag.py:3486} INFO - Setting next_dagrun for example_python_operator to None, run_after=None
[2023-06-22T15:43:25.803+0700] {processor.py:179} INFO - Processing /Users/macbook/Documents/Documents_MacBook_Pro/ISTT/AirflowTutorial/envlibs/lib/python3.10/site-packages/airflow/example_dags/example_python_operator.py took 1.028 seconds
[2023-06-22T15:45:35.552+0700] {processor.py:157} INFO - Started process (PID=14484) to work on /Users/macbook/Documents/Documents_MacBook_Pro/ISTT/AirflowTutorial/envlibs/lib/python3.10/site-packages/airflow/example_dags/example_python_operator.py
[2023-06-22T15:45:35.554+0700] {processor.py:826} INFO - Processing file /Users/macbook/Documents/Documents_MacBook_Pro/ISTT/AirflowTutorial/envlibs/lib/python3.10/site-packages/airflow/example_dags/example_python_operator.py for tasks to queue
[2023-06-22T15:45:35.554+0700] {logging_mixin.py:149} INFO - [2023-06-22T15:45:35.554+0700] {dagbag.py:541} INFO - Filling up the DagBag from /Users/macbook/Documents/Documents_MacBook_Pro/ISTT/AirflowTutorial/envlibs/lib/python3.10/site-packages/airflow/example_dags/example_python_operator.py
[2023-06-22T15:45:35.627+0700] {processor.py:836} INFO - DAG(s) dict_keys(['example_python_operator']) retrieved from /Users/macbook/Documents/Documents_MacBook_Pro/ISTT/AirflowTutorial/envlibs/lib/python3.10/site-packages/airflow/example_dags/example_python_operator.py
[2023-06-22T15:45:36.724+0700] {logging_mixin.py:149} INFO - [2023-06-22T15:45:36.723+0700] {dag.py:2726} INFO - Sync 1 DAGs
[2023-06-22T15:45:36.744+0700] {logging_mixin.py:149} INFO - [2023-06-22T15:45:36.744+0700] {dag.py:3486} INFO - Setting next_dagrun for example_python_operator to None, run_after=None
[2023-06-22T15:45:36.772+0700] {processor.py:179} INFO - Processing /Users/macbook/Documents/Documents_MacBook_Pro/ISTT/AirflowTutorial/envlibs/lib/python3.10/site-packages/airflow/example_dags/example_python_operator.py took 1.221 seconds
[2023-06-22T15:47:46.834+0700] {processor.py:157} INFO - Started process (PID=14571) to work on /Users/macbook/Documents/Documents_MacBook_Pro/ISTT/AirflowTutorial/envlibs/lib/python3.10/site-packages/airflow/example_dags/example_python_operator.py
[2023-06-22T15:47:46.835+0700] {processor.py:826} INFO - Processing file /Users/macbook/Documents/Documents_MacBook_Pro/ISTT/AirflowTutorial/envlibs/lib/python3.10/site-packages/airflow/example_dags/example_python_operator.py for tasks to queue
[2023-06-22T15:47:46.836+0700] {logging_mixin.py:149} INFO - [2023-06-22T15:47:46.836+0700] {dagbag.py:541} INFO - Filling up the DagBag from /Users/macbook/Documents/Documents_MacBook_Pro/ISTT/AirflowTutorial/envlibs/lib/python3.10/site-packages/airflow/example_dags/example_python_operator.py
[2023-06-22T15:47:46.897+0700] {processor.py:836} INFO - DAG(s) dict_keys(['example_python_operator']) retrieved from /Users/macbook/Documents/Documents_MacBook_Pro/ISTT/AirflowTutorial/envlibs/lib/python3.10/site-packages/airflow/example_dags/example_python_operator.py
[2023-06-22T15:47:47.986+0700] {logging_mixin.py:149} INFO - [2023-06-22T15:47:47.985+0700] {dag.py:2726} INFO - Sync 1 DAGs
[2023-06-22T15:47:48.009+0700] {logging_mixin.py:149} INFO - [2023-06-22T15:47:48.009+0700] {dag.py:3486} INFO - Setting next_dagrun for example_python_operator to None, run_after=None
[2023-06-22T15:47:48.030+0700] {processor.py:179} INFO - Processing /Users/macbook/Documents/Documents_MacBook_Pro/ISTT/AirflowTutorial/envlibs/lib/python3.10/site-packages/airflow/example_dags/example_python_operator.py took 1.196 seconds
[2023-06-22T15:50:03.223+0700] {processor.py:157} INFO - Started process (PID=14652) to work on /Users/macbook/Documents/Documents_MacBook_Pro/ISTT/AirflowTutorial/envlibs/lib/python3.10/site-packages/airflow/example_dags/example_python_operator.py
[2023-06-22T15:50:03.225+0700] {processor.py:826} INFO - Processing file /Users/macbook/Documents/Documents_MacBook_Pro/ISTT/AirflowTutorial/envlibs/lib/python3.10/site-packages/airflow/example_dags/example_python_operator.py for tasks to queue
[2023-06-22T15:50:03.226+0700] {logging_mixin.py:149} INFO - [2023-06-22T15:50:03.226+0700] {dagbag.py:541} INFO - Filling up the DagBag from /Users/macbook/Documents/Documents_MacBook_Pro/ISTT/AirflowTutorial/envlibs/lib/python3.10/site-packages/airflow/example_dags/example_python_operator.py
[2023-06-22T15:50:03.316+0700] {processor.py:836} INFO - DAG(s) dict_keys(['example_python_operator']) retrieved from /Users/macbook/Documents/Documents_MacBook_Pro/ISTT/AirflowTutorial/envlibs/lib/python3.10/site-packages/airflow/example_dags/example_python_operator.py
[2023-06-22T15:50:04.225+0700] {logging_mixin.py:149} INFO - [2023-06-22T15:50:04.225+0700] {dag.py:2726} INFO - Sync 1 DAGs
[2023-06-22T15:50:04.241+0700] {logging_mixin.py:149} INFO - [2023-06-22T15:50:04.241+0700] {dag.py:3486} INFO - Setting next_dagrun for example_python_operator to None, run_after=None
[2023-06-22T15:50:04.260+0700] {processor.py:179} INFO - Processing /Users/macbook/Documents/Documents_MacBook_Pro/ISTT/AirflowTutorial/envlibs/lib/python3.10/site-packages/airflow/example_dags/example_python_operator.py took 1.038 seconds
[2023-06-22T15:52:15.953+0700] {processor.py:157} INFO - Started process (PID=14709) to work on /Users/macbook/Documents/Documents_MacBook_Pro/ISTT/AirflowTutorial/envlibs/lib/python3.10/site-packages/airflow/example_dags/example_python_operator.py
[2023-06-22T15:52:15.955+0700] {processor.py:826} INFO - Processing file /Users/macbook/Documents/Documents_MacBook_Pro/ISTT/AirflowTutorial/envlibs/lib/python3.10/site-packages/airflow/example_dags/example_python_operator.py for tasks to queue
[2023-06-22T15:52:15.956+0700] {logging_mixin.py:149} INFO - [2023-06-22T15:52:15.956+0700] {dagbag.py:541} INFO - Filling up the DagBag from /Users/macbook/Documents/Documents_MacBook_Pro/ISTT/AirflowTutorial/envlibs/lib/python3.10/site-packages/airflow/example_dags/example_python_operator.py
[2023-06-22T15:52:16.058+0700] {processor.py:836} INFO - DAG(s) dict_keys(['example_python_operator']) retrieved from /Users/macbook/Documents/Documents_MacBook_Pro/ISTT/AirflowTutorial/envlibs/lib/python3.10/site-packages/airflow/example_dags/example_python_operator.py
[2023-06-22T15:52:17.483+0700] {logging_mixin.py:149} INFO - [2023-06-22T15:52:17.483+0700] {dag.py:2726} INFO - Sync 1 DAGs
[2023-06-22T15:52:17.508+0700] {logging_mixin.py:149} INFO - [2023-06-22T15:52:17.507+0700] {dag.py:3486} INFO - Setting next_dagrun for example_python_operator to None, run_after=None
[2023-06-22T15:52:17.536+0700] {processor.py:179} INFO - Processing /Users/macbook/Documents/Documents_MacBook_Pro/ISTT/AirflowTutorial/envlibs/lib/python3.10/site-packages/airflow/example_dags/example_python_operator.py took 1.585 seconds
[2023-06-22T15:54:37.482+0700] {processor.py:157} INFO - Started process (PID=14827) to work on /Users/macbook/Documents/Documents_MacBook_Pro/ISTT/AirflowTutorial/envlibs/lib/python3.10/site-packages/airflow/example_dags/example_python_operator.py
[2023-06-22T15:54:37.483+0700] {processor.py:826} INFO - Processing file /Users/macbook/Documents/Documents_MacBook_Pro/ISTT/AirflowTutorial/envlibs/lib/python3.10/site-packages/airflow/example_dags/example_python_operator.py for tasks to queue
[2023-06-22T15:54:37.484+0700] {logging_mixin.py:149} INFO - [2023-06-22T15:54:37.484+0700] {dagbag.py:541} INFO - Filling up the DagBag from /Users/macbook/Documents/Documents_MacBook_Pro/ISTT/AirflowTutorial/envlibs/lib/python3.10/site-packages/airflow/example_dags/example_python_operator.py
[2023-06-22T15:54:37.541+0700] {processor.py:836} INFO - DAG(s) dict_keys(['example_python_operator']) retrieved from /Users/macbook/Documents/Documents_MacBook_Pro/ISTT/AirflowTutorial/envlibs/lib/python3.10/site-packages/airflow/example_dags/example_python_operator.py
[2023-06-22T15:54:38.574+0700] {logging_mixin.py:149} INFO - [2023-06-22T15:54:38.574+0700] {dag.py:2726} INFO - Sync 1 DAGs
[2023-06-22T15:54:38.591+0700] {logging_mixin.py:149} INFO - [2023-06-22T15:54:38.591+0700] {dag.py:3486} INFO - Setting next_dagrun for example_python_operator to None, run_after=None
[2023-06-22T15:54:38.612+0700] {processor.py:179} INFO - Processing /Users/macbook/Documents/Documents_MacBook_Pro/ISTT/AirflowTutorial/envlibs/lib/python3.10/site-packages/airflow/example_dags/example_python_operator.py took 1.131 seconds
[2023-06-22T15:56:48.377+0700] {processor.py:157} INFO - Started process (PID=14896) to work on /Users/macbook/Documents/Documents_MacBook_Pro/ISTT/AirflowTutorial/envlibs/lib/python3.10/site-packages/airflow/example_dags/example_python_operator.py
[2023-06-22T15:56:48.378+0700] {processor.py:826} INFO - Processing file /Users/macbook/Documents/Documents_MacBook_Pro/ISTT/AirflowTutorial/envlibs/lib/python3.10/site-packages/airflow/example_dags/example_python_operator.py for tasks to queue
[2023-06-22T15:56:48.379+0700] {logging_mixin.py:149} INFO - [2023-06-22T15:56:48.379+0700] {dagbag.py:541} INFO - Filling up the DagBag from /Users/macbook/Documents/Documents_MacBook_Pro/ISTT/AirflowTutorial/envlibs/lib/python3.10/site-packages/airflow/example_dags/example_python_operator.py
[2023-06-22T15:56:48.433+0700] {processor.py:836} INFO - DAG(s) dict_keys(['example_python_operator']) retrieved from /Users/macbook/Documents/Documents_MacBook_Pro/ISTT/AirflowTutorial/envlibs/lib/python3.10/site-packages/airflow/example_dags/example_python_operator.py
[2023-06-22T15:56:49.428+0700] {logging_mixin.py:149} INFO - [2023-06-22T15:56:49.428+0700] {dag.py:2726} INFO - Sync 1 DAGs
[2023-06-22T15:56:49.446+0700] {logging_mixin.py:149} INFO - [2023-06-22T15:56:49.446+0700] {dag.py:3486} INFO - Setting next_dagrun for example_python_operator to None, run_after=None
[2023-06-22T15:56:49.466+0700] {processor.py:179} INFO - Processing /Users/macbook/Documents/Documents_MacBook_Pro/ISTT/AirflowTutorial/envlibs/lib/python3.10/site-packages/airflow/example_dags/example_python_operator.py took 1.090 seconds
[2023-06-22T15:59:05.987+0700] {processor.py:157} INFO - Started process (PID=14960) to work on /Users/macbook/Documents/Documents_MacBook_Pro/ISTT/AirflowTutorial/envlibs/lib/python3.10/site-packages/airflow/example_dags/example_python_operator.py
[2023-06-22T15:59:05.988+0700] {processor.py:826} INFO - Processing file /Users/macbook/Documents/Documents_MacBook_Pro/ISTT/AirflowTutorial/envlibs/lib/python3.10/site-packages/airflow/example_dags/example_python_operator.py for tasks to queue
[2023-06-22T15:59:05.989+0700] {logging_mixin.py:149} INFO - [2023-06-22T15:59:05.989+0700] {dagbag.py:541} INFO - Filling up the DagBag from /Users/macbook/Documents/Documents_MacBook_Pro/ISTT/AirflowTutorial/envlibs/lib/python3.10/site-packages/airflow/example_dags/example_python_operator.py
[2023-06-22T15:59:06.048+0700] {processor.py:836} INFO - DAG(s) dict_keys(['example_python_operator']) retrieved from /Users/macbook/Documents/Documents_MacBook_Pro/ISTT/AirflowTutorial/envlibs/lib/python3.10/site-packages/airflow/example_dags/example_python_operator.py
[2023-06-22T15:59:06.988+0700] {logging_mixin.py:149} INFO - [2023-06-22T15:59:06.987+0700] {dag.py:2726} INFO - Sync 1 DAGs
[2023-06-22T15:59:07.005+0700] {logging_mixin.py:149} INFO - [2023-06-22T15:59:07.005+0700] {dag.py:3486} INFO - Setting next_dagrun for example_python_operator to None, run_after=None
[2023-06-22T15:59:07.025+0700] {processor.py:179} INFO - Processing /Users/macbook/Documents/Documents_MacBook_Pro/ISTT/AirflowTutorial/envlibs/lib/python3.10/site-packages/airflow/example_dags/example_python_operator.py took 1.039 seconds
[2023-06-22T16:01:21.984+0700] {processor.py:157} INFO - Started process (PID=15016) to work on /Users/macbook/Documents/Documents_MacBook_Pro/ISTT/AirflowTutorial/envlibs/lib/python3.10/site-packages/airflow/example_dags/example_python_operator.py
[2023-06-22T16:01:21.985+0700] {processor.py:826} INFO - Processing file /Users/macbook/Documents/Documents_MacBook_Pro/ISTT/AirflowTutorial/envlibs/lib/python3.10/site-packages/airflow/example_dags/example_python_operator.py for tasks to queue
[2023-06-22T16:01:21.986+0700] {logging_mixin.py:149} INFO - [2023-06-22T16:01:21.986+0700] {dagbag.py:541} INFO - Filling up the DagBag from /Users/macbook/Documents/Documents_MacBook_Pro/ISTT/AirflowTutorial/envlibs/lib/python3.10/site-packages/airflow/example_dags/example_python_operator.py
[2023-06-22T16:01:22.048+0700] {processor.py:836} INFO - DAG(s) dict_keys(['example_python_operator']) retrieved from /Users/macbook/Documents/Documents_MacBook_Pro/ISTT/AirflowTutorial/envlibs/lib/python3.10/site-packages/airflow/example_dags/example_python_operator.py
[2023-06-22T16:01:22.962+0700] {logging_mixin.py:149} INFO - [2023-06-22T16:01:22.962+0700] {dag.py:2726} INFO - Sync 1 DAGs
[2023-06-22T16:01:22.979+0700] {logging_mixin.py:149} INFO - [2023-06-22T16:01:22.979+0700] {dag.py:3486} INFO - Setting next_dagrun for example_python_operator to None, run_after=None
[2023-06-22T16:01:23.001+0700] {processor.py:179} INFO - Processing /Users/macbook/Documents/Documents_MacBook_Pro/ISTT/AirflowTutorial/envlibs/lib/python3.10/site-packages/airflow/example_dags/example_python_operator.py took 1.018 seconds
[2023-06-22T16:03:32.797+0700] {processor.py:157} INFO - Started process (PID=15075) to work on /Users/macbook/Documents/Documents_MacBook_Pro/ISTT/AirflowTutorial/envlibs/lib/python3.10/site-packages/airflow/example_dags/example_python_operator.py
[2023-06-22T16:03:32.799+0700] {processor.py:826} INFO - Processing file /Users/macbook/Documents/Documents_MacBook_Pro/ISTT/AirflowTutorial/envlibs/lib/python3.10/site-packages/airflow/example_dags/example_python_operator.py for tasks to queue
[2023-06-22T16:03:32.799+0700] {logging_mixin.py:149} INFO - [2023-06-22T16:03:32.799+0700] {dagbag.py:541} INFO - Filling up the DagBag from /Users/macbook/Documents/Documents_MacBook_Pro/ISTT/AirflowTutorial/envlibs/lib/python3.10/site-packages/airflow/example_dags/example_python_operator.py
[2023-06-22T16:03:32.867+0700] {processor.py:836} INFO - DAG(s) dict_keys(['example_python_operator']) retrieved from /Users/macbook/Documents/Documents_MacBook_Pro/ISTT/AirflowTutorial/envlibs/lib/python3.10/site-packages/airflow/example_dags/example_python_operator.py
[2023-06-22T16:03:33.864+0700] {logging_mixin.py:149} INFO - [2023-06-22T16:03:33.864+0700] {dag.py:2726} INFO - Sync 1 DAGs
[2023-06-22T16:03:33.889+0700] {logging_mixin.py:149} INFO - [2023-06-22T16:03:33.889+0700] {dag.py:3486} INFO - Setting next_dagrun for example_python_operator to None, run_after=None
[2023-06-22T16:03:33.911+0700] {processor.py:179} INFO - Processing /Users/macbook/Documents/Documents_MacBook_Pro/ISTT/AirflowTutorial/envlibs/lib/python3.10/site-packages/airflow/example_dags/example_python_operator.py took 1.115 seconds
[2023-06-22T16:05:44.483+0700] {processor.py:157} INFO - Started process (PID=15135) to work on /Users/macbook/Documents/Documents_MacBook_Pro/ISTT/AirflowTutorial/envlibs/lib/python3.10/site-packages/airflow/example_dags/example_python_operator.py
[2023-06-22T16:05:44.483+0700] {processor.py:826} INFO - Processing file /Users/macbook/Documents/Documents_MacBook_Pro/ISTT/AirflowTutorial/envlibs/lib/python3.10/site-packages/airflow/example_dags/example_python_operator.py for tasks to queue
[2023-06-22T16:05:44.484+0700] {logging_mixin.py:149} INFO - [2023-06-22T16:05:44.484+0700] {dagbag.py:541} INFO - Filling up the DagBag from /Users/macbook/Documents/Documents_MacBook_Pro/ISTT/AirflowTutorial/envlibs/lib/python3.10/site-packages/airflow/example_dags/example_python_operator.py
[2023-06-22T16:05:44.563+0700] {processor.py:836} INFO - DAG(s) dict_keys(['example_python_operator']) retrieved from /Users/macbook/Documents/Documents_MacBook_Pro/ISTT/AirflowTutorial/envlibs/lib/python3.10/site-packages/airflow/example_dags/example_python_operator.py
[2023-06-22T16:05:45.538+0700] {logging_mixin.py:149} INFO - [2023-06-22T16:05:45.538+0700] {dag.py:2726} INFO - Sync 1 DAGs
[2023-06-22T16:05:45.556+0700] {logging_mixin.py:149} INFO - [2023-06-22T16:05:45.556+0700] {dag.py:3486} INFO - Setting next_dagrun for example_python_operator to None, run_after=None
[2023-06-22T16:05:45.575+0700] {processor.py:179} INFO - Processing /Users/macbook/Documents/Documents_MacBook_Pro/ISTT/AirflowTutorial/envlibs/lib/python3.10/site-packages/airflow/example_dags/example_python_operator.py took 1.094 seconds
[2023-06-22T16:07:52.289+0700] {processor.py:157} INFO - Started process (PID=15199) to work on /Users/macbook/Documents/Documents_MacBook_Pro/ISTT/AirflowTutorial/envlibs/lib/python3.10/site-packages/airflow/example_dags/example_python_operator.py
[2023-06-22T16:07:52.290+0700] {processor.py:826} INFO - Processing file /Users/macbook/Documents/Documents_MacBook_Pro/ISTT/AirflowTutorial/envlibs/lib/python3.10/site-packages/airflow/example_dags/example_python_operator.py for tasks to queue
[2023-06-22T16:07:52.290+0700] {logging_mixin.py:149} INFO - [2023-06-22T16:07:52.290+0700] {dagbag.py:541} INFO - Filling up the DagBag from /Users/macbook/Documents/Documents_MacBook_Pro/ISTT/AirflowTutorial/envlibs/lib/python3.10/site-packages/airflow/example_dags/example_python_operator.py
[2023-06-22T16:07:52.350+0700] {processor.py:836} INFO - DAG(s) dict_keys(['example_python_operator']) retrieved from /Users/macbook/Documents/Documents_MacBook_Pro/ISTT/AirflowTutorial/envlibs/lib/python3.10/site-packages/airflow/example_dags/example_python_operator.py
[2023-06-22T16:07:53.333+0700] {logging_mixin.py:149} INFO - [2023-06-22T16:07:53.333+0700] {dag.py:2726} INFO - Sync 1 DAGs
[2023-06-22T16:07:53.351+0700] {logging_mixin.py:149} INFO - [2023-06-22T16:07:53.351+0700] {dag.py:3486} INFO - Setting next_dagrun for example_python_operator to None, run_after=None
[2023-06-22T16:07:53.371+0700] {processor.py:179} INFO - Processing /Users/macbook/Documents/Documents_MacBook_Pro/ISTT/AirflowTutorial/envlibs/lib/python3.10/site-packages/airflow/example_dags/example_python_operator.py took 1.083 seconds
[2023-06-22T16:10:03.646+0700] {processor.py:157} INFO - Started process (PID=15255) to work on /Users/macbook/Documents/Documents_MacBook_Pro/ISTT/AirflowTutorial/envlibs/lib/python3.10/site-packages/airflow/example_dags/example_python_operator.py
[2023-06-22T16:10:03.648+0700] {processor.py:826} INFO - Processing file /Users/macbook/Documents/Documents_MacBook_Pro/ISTT/AirflowTutorial/envlibs/lib/python3.10/site-packages/airflow/example_dags/example_python_operator.py for tasks to queue
[2023-06-22T16:10:03.648+0700] {logging_mixin.py:149} INFO - [2023-06-22T16:10:03.648+0700] {dagbag.py:541} INFO - Filling up the DagBag from /Users/macbook/Documents/Documents_MacBook_Pro/ISTT/AirflowTutorial/envlibs/lib/python3.10/site-packages/airflow/example_dags/example_python_operator.py
[2023-06-22T16:10:03.703+0700] {processor.py:836} INFO - DAG(s) dict_keys(['example_python_operator']) retrieved from /Users/macbook/Documents/Documents_MacBook_Pro/ISTT/AirflowTutorial/envlibs/lib/python3.10/site-packages/airflow/example_dags/example_python_operator.py
[2023-06-22T16:10:04.597+0700] {logging_mixin.py:149} INFO - [2023-06-22T16:10:04.596+0700] {dag.py:2726} INFO - Sync 1 DAGs
[2023-06-22T16:10:04.613+0700] {logging_mixin.py:149} INFO - [2023-06-22T16:10:04.613+0700] {dag.py:3486} INFO - Setting next_dagrun for example_python_operator to None, run_after=None
[2023-06-22T16:10:04.635+0700] {processor.py:179} INFO - Processing /Users/macbook/Documents/Documents_MacBook_Pro/ISTT/AirflowTutorial/envlibs/lib/python3.10/site-packages/airflow/example_dags/example_python_operator.py took 0.989 seconds
[2023-06-22T16:11:58.462+0700] {processor.py:157} INFO - Started process (PID=15314) to work on /Users/macbook/Documents/Documents_MacBook_Pro/ISTT/AirflowTutorial/envlibs/lib/python3.10/site-packages/airflow/example_dags/example_python_operator.py
[2023-06-22T16:11:58.463+0700] {processor.py:826} INFO - Processing file /Users/macbook/Documents/Documents_MacBook_Pro/ISTT/AirflowTutorial/envlibs/lib/python3.10/site-packages/airflow/example_dags/example_python_operator.py for tasks to queue
[2023-06-22T16:11:58.463+0700] {logging_mixin.py:149} INFO - [2023-06-22T16:11:58.463+0700] {dagbag.py:541} INFO - Filling up the DagBag from /Users/macbook/Documents/Documents_MacBook_Pro/ISTT/AirflowTutorial/envlibs/lib/python3.10/site-packages/airflow/example_dags/example_python_operator.py
[2023-06-22T16:11:58.512+0700] {processor.py:836} INFO - DAG(s) dict_keys(['example_python_operator']) retrieved from /Users/macbook/Documents/Documents_MacBook_Pro/ISTT/AirflowTutorial/envlibs/lib/python3.10/site-packages/airflow/example_dags/example_python_operator.py
[2023-06-22T16:11:59.243+0700] {logging_mixin.py:149} INFO - [2023-06-22T16:11:59.243+0700] {dag.py:2726} INFO - Sync 1 DAGs
[2023-06-22T16:11:59.258+0700] {logging_mixin.py:149} INFO - [2023-06-22T16:11:59.257+0700] {dag.py:3486} INFO - Setting next_dagrun for example_python_operator to None, run_after=None
[2023-06-22T16:11:59.274+0700] {processor.py:179} INFO - Processing /Users/macbook/Documents/Documents_MacBook_Pro/ISTT/AirflowTutorial/envlibs/lib/python3.10/site-packages/airflow/example_dags/example_python_operator.py took 0.812 seconds
[2023-06-22T16:13:52.336+0700] {processor.py:157} INFO - Started process (PID=15368) to work on /Users/macbook/Documents/Documents_MacBook_Pro/ISTT/AirflowTutorial/envlibs/lib/python3.10/site-packages/airflow/example_dags/example_python_operator.py
[2023-06-22T16:13:52.337+0700] {processor.py:826} INFO - Processing file /Users/macbook/Documents/Documents_MacBook_Pro/ISTT/AirflowTutorial/envlibs/lib/python3.10/site-packages/airflow/example_dags/example_python_operator.py for tasks to queue
[2023-06-22T16:13:52.338+0700] {logging_mixin.py:149} INFO - [2023-06-22T16:13:52.338+0700] {dagbag.py:541} INFO - Filling up the DagBag from /Users/macbook/Documents/Documents_MacBook_Pro/ISTT/AirflowTutorial/envlibs/lib/python3.10/site-packages/airflow/example_dags/example_python_operator.py
[2023-06-22T16:13:52.402+0700] {processor.py:836} INFO - DAG(s) dict_keys(['example_python_operator']) retrieved from /Users/macbook/Documents/Documents_MacBook_Pro/ISTT/AirflowTutorial/envlibs/lib/python3.10/site-packages/airflow/example_dags/example_python_operator.py
[2023-06-22T16:13:53.423+0700] {logging_mixin.py:149} INFO - [2023-06-22T16:13:53.423+0700] {dag.py:2726} INFO - Sync 1 DAGs
[2023-06-22T16:13:53.441+0700] {logging_mixin.py:149} INFO - [2023-06-22T16:13:53.441+0700] {dag.py:3486} INFO - Setting next_dagrun for example_python_operator to None, run_after=None
[2023-06-22T16:13:53.463+0700] {processor.py:179} INFO - Processing /Users/macbook/Documents/Documents_MacBook_Pro/ISTT/AirflowTutorial/envlibs/lib/python3.10/site-packages/airflow/example_dags/example_python_operator.py took 1.127 seconds
[2023-06-22T16:15:57.787+0700] {processor.py:157} INFO - Started process (PID=15420) to work on /Users/macbook/Documents/Documents_MacBook_Pro/ISTT/AirflowTutorial/envlibs/lib/python3.10/site-packages/airflow/example_dags/example_python_operator.py
[2023-06-22T16:15:57.788+0700] {processor.py:826} INFO - Processing file /Users/macbook/Documents/Documents_MacBook_Pro/ISTT/AirflowTutorial/envlibs/lib/python3.10/site-packages/airflow/example_dags/example_python_operator.py for tasks to queue
[2023-06-22T16:15:57.789+0700] {logging_mixin.py:149} INFO - [2023-06-22T16:15:57.789+0700] {dagbag.py:541} INFO - Filling up the DagBag from /Users/macbook/Documents/Documents_MacBook_Pro/ISTT/AirflowTutorial/envlibs/lib/python3.10/site-packages/airflow/example_dags/example_python_operator.py
[2023-06-22T16:15:57.846+0700] {processor.py:836} INFO - DAG(s) dict_keys(['example_python_operator']) retrieved from /Users/macbook/Documents/Documents_MacBook_Pro/ISTT/AirflowTutorial/envlibs/lib/python3.10/site-packages/airflow/example_dags/example_python_operator.py
[2023-06-22T16:15:58.764+0700] {logging_mixin.py:149} INFO - [2023-06-22T16:15:58.764+0700] {dag.py:2726} INFO - Sync 1 DAGs
[2023-06-22T16:15:58.781+0700] {logging_mixin.py:149} INFO - [2023-06-22T16:15:58.781+0700] {dag.py:3486} INFO - Setting next_dagrun for example_python_operator to None, run_after=None
[2023-06-22T16:15:58.801+0700] {processor.py:179} INFO - Processing /Users/macbook/Documents/Documents_MacBook_Pro/ISTT/AirflowTutorial/envlibs/lib/python3.10/site-packages/airflow/example_dags/example_python_operator.py took 1.015 seconds
[2023-06-22T16:18:06.943+0700] {processor.py:157} INFO - Started process (PID=15489) to work on /Users/macbook/Documents/Documents_MacBook_Pro/ISTT/AirflowTutorial/envlibs/lib/python3.10/site-packages/airflow/example_dags/example_python_operator.py
[2023-06-22T16:18:06.945+0700] {processor.py:826} INFO - Processing file /Users/macbook/Documents/Documents_MacBook_Pro/ISTT/AirflowTutorial/envlibs/lib/python3.10/site-packages/airflow/example_dags/example_python_operator.py for tasks to queue
[2023-06-22T16:18:06.945+0700] {logging_mixin.py:149} INFO - [2023-06-22T16:18:06.945+0700] {dagbag.py:541} INFO - Filling up the DagBag from /Users/macbook/Documents/Documents_MacBook_Pro/ISTT/AirflowTutorial/envlibs/lib/python3.10/site-packages/airflow/example_dags/example_python_operator.py
[2023-06-22T16:18:07.039+0700] {processor.py:836} INFO - DAG(s) dict_keys(['example_python_operator']) retrieved from /Users/macbook/Documents/Documents_MacBook_Pro/ISTT/AirflowTutorial/envlibs/lib/python3.10/site-packages/airflow/example_dags/example_python_operator.py
[2023-06-22T16:18:08.357+0700] {logging_mixin.py:149} INFO - [2023-06-22T16:18:08.356+0700] {dag.py:2726} INFO - Sync 1 DAGs
[2023-06-22T16:18:08.384+0700] {logging_mixin.py:149} INFO - [2023-06-22T16:18:08.383+0700] {dag.py:3486} INFO - Setting next_dagrun for example_python_operator to None, run_after=None
[2023-06-22T16:18:08.407+0700] {processor.py:179} INFO - Processing /Users/macbook/Documents/Documents_MacBook_Pro/ISTT/AirflowTutorial/envlibs/lib/python3.10/site-packages/airflow/example_dags/example_python_operator.py took 1.465 seconds
[2023-06-22T16:20:24.221+0700] {processor.py:157} INFO - Started process (PID=15581) to work on /Users/macbook/Documents/Documents_MacBook_Pro/ISTT/AirflowTutorial/envlibs/lib/python3.10/site-packages/airflow/example_dags/example_python_operator.py
[2023-06-22T16:20:24.223+0700] {processor.py:826} INFO - Processing file /Users/macbook/Documents/Documents_MacBook_Pro/ISTT/AirflowTutorial/envlibs/lib/python3.10/site-packages/airflow/example_dags/example_python_operator.py for tasks to queue
[2023-06-22T16:20:24.223+0700] {logging_mixin.py:149} INFO - [2023-06-22T16:20:24.223+0700] {dagbag.py:541} INFO - Filling up the DagBag from /Users/macbook/Documents/Documents_MacBook_Pro/ISTT/AirflowTutorial/envlibs/lib/python3.10/site-packages/airflow/example_dags/example_python_operator.py
[2023-06-22T16:20:24.277+0700] {processor.py:836} INFO - DAG(s) dict_keys(['example_python_operator']) retrieved from /Users/macbook/Documents/Documents_MacBook_Pro/ISTT/AirflowTutorial/envlibs/lib/python3.10/site-packages/airflow/example_dags/example_python_operator.py
[2023-06-22T16:20:25.256+0700] {logging_mixin.py:149} INFO - [2023-06-22T16:20:25.256+0700] {dag.py:2726} INFO - Sync 1 DAGs
[2023-06-22T16:20:25.279+0700] {logging_mixin.py:149} INFO - [2023-06-22T16:20:25.279+0700] {dag.py:3486} INFO - Setting next_dagrun for example_python_operator to None, run_after=None
[2023-06-22T16:20:25.303+0700] {processor.py:179} INFO - Processing /Users/macbook/Documents/Documents_MacBook_Pro/ISTT/AirflowTutorial/envlibs/lib/python3.10/site-packages/airflow/example_dags/example_python_operator.py took 1.082 seconds
[2023-06-22T16:22:30.321+0700] {processor.py:157} INFO - Started process (PID=15641) to work on /Users/macbook/Documents/Documents_MacBook_Pro/ISTT/AirflowTutorial/envlibs/lib/python3.10/site-packages/airflow/example_dags/example_python_operator.py
[2023-06-22T16:22:30.322+0700] {processor.py:826} INFO - Processing file /Users/macbook/Documents/Documents_MacBook_Pro/ISTT/AirflowTutorial/envlibs/lib/python3.10/site-packages/airflow/example_dags/example_python_operator.py for tasks to queue
[2023-06-22T16:22:30.323+0700] {logging_mixin.py:149} INFO - [2023-06-22T16:22:30.323+0700] {dagbag.py:541} INFO - Filling up the DagBag from /Users/macbook/Documents/Documents_MacBook_Pro/ISTT/AirflowTutorial/envlibs/lib/python3.10/site-packages/airflow/example_dags/example_python_operator.py
[2023-06-22T16:22:30.370+0700] {processor.py:836} INFO - DAG(s) dict_keys(['example_python_operator']) retrieved from /Users/macbook/Documents/Documents_MacBook_Pro/ISTT/AirflowTutorial/envlibs/lib/python3.10/site-packages/airflow/example_dags/example_python_operator.py
[2023-06-22T16:22:31.143+0700] {logging_mixin.py:149} INFO - [2023-06-22T16:22:31.143+0700] {dag.py:2726} INFO - Sync 1 DAGs
[2023-06-22T16:22:31.159+0700] {logging_mixin.py:149} INFO - [2023-06-22T16:22:31.159+0700] {dag.py:3486} INFO - Setting next_dagrun for example_python_operator to None, run_after=None
[2023-06-22T16:22:31.178+0700] {processor.py:179} INFO - Processing /Users/macbook/Documents/Documents_MacBook_Pro/ISTT/AirflowTutorial/envlibs/lib/python3.10/site-packages/airflow/example_dags/example_python_operator.py took 0.858 seconds
[2023-06-22T16:24:27.420+0700] {processor.py:157} INFO - Started process (PID=15692) to work on /Users/macbook/Documents/Documents_MacBook_Pro/ISTT/AirflowTutorial/envlibs/lib/python3.10/site-packages/airflow/example_dags/example_python_operator.py
[2023-06-22T16:24:27.421+0700] {processor.py:826} INFO - Processing file /Users/macbook/Documents/Documents_MacBook_Pro/ISTT/AirflowTutorial/envlibs/lib/python3.10/site-packages/airflow/example_dags/example_python_operator.py for tasks to queue
[2023-06-22T16:24:27.422+0700] {logging_mixin.py:149} INFO - [2023-06-22T16:24:27.422+0700] {dagbag.py:541} INFO - Filling up the DagBag from /Users/macbook/Documents/Documents_MacBook_Pro/ISTT/AirflowTutorial/envlibs/lib/python3.10/site-packages/airflow/example_dags/example_python_operator.py
[2023-06-22T16:24:27.472+0700] {processor.py:836} INFO - DAG(s) dict_keys(['example_python_operator']) retrieved from /Users/macbook/Documents/Documents_MacBook_Pro/ISTT/AirflowTutorial/envlibs/lib/python3.10/site-packages/airflow/example_dags/example_python_operator.py
[2023-06-22T16:24:28.246+0700] {logging_mixin.py:149} INFO - [2023-06-22T16:24:28.246+0700] {dag.py:2726} INFO - Sync 1 DAGs
[2023-06-22T16:24:28.262+0700] {logging_mixin.py:149} INFO - [2023-06-22T16:24:28.261+0700] {dag.py:3486} INFO - Setting next_dagrun for example_python_operator to None, run_after=None
[2023-06-22T16:24:28.279+0700] {processor.py:179} INFO - Processing /Users/macbook/Documents/Documents_MacBook_Pro/ISTT/AirflowTutorial/envlibs/lib/python3.10/site-packages/airflow/example_dags/example_python_operator.py took 0.859 seconds
[2023-06-22T16:26:28.190+0700] {processor.py:157} INFO - Started process (PID=15793) to work on /Users/macbook/Documents/Documents_MacBook_Pro/ISTT/AirflowTutorial/envlibs/lib/python3.10/site-packages/airflow/example_dags/example_python_operator.py
[2023-06-22T16:26:28.191+0700] {processor.py:826} INFO - Processing file /Users/macbook/Documents/Documents_MacBook_Pro/ISTT/AirflowTutorial/envlibs/lib/python3.10/site-packages/airflow/example_dags/example_python_operator.py for tasks to queue
[2023-06-22T16:26:28.191+0700] {logging_mixin.py:149} INFO - [2023-06-22T16:26:28.191+0700] {dagbag.py:541} INFO - Filling up the DagBag from /Users/macbook/Documents/Documents_MacBook_Pro/ISTT/AirflowTutorial/envlibs/lib/python3.10/site-packages/airflow/example_dags/example_python_operator.py
[2023-06-22T16:26:28.248+0700] {processor.py:836} INFO - DAG(s) dict_keys(['example_python_operator']) retrieved from /Users/macbook/Documents/Documents_MacBook_Pro/ISTT/AirflowTutorial/envlibs/lib/python3.10/site-packages/airflow/example_dags/example_python_operator.py
[2023-06-22T16:26:29.115+0700] {logging_mixin.py:149} INFO - [2023-06-22T16:26:29.115+0700] {dag.py:2726} INFO - Sync 1 DAGs
[2023-06-22T16:26:29.131+0700] {logging_mixin.py:149} INFO - [2023-06-22T16:26:29.131+0700] {dag.py:3486} INFO - Setting next_dagrun for example_python_operator to None, run_after=None
[2023-06-22T16:26:29.148+0700] {processor.py:179} INFO - Processing /Users/macbook/Documents/Documents_MacBook_Pro/ISTT/AirflowTutorial/envlibs/lib/python3.10/site-packages/airflow/example_dags/example_python_operator.py took 0.959 seconds
[2023-06-22T16:28:23.281+0700] {processor.py:157} INFO - Started process (PID=15879) to work on /Users/macbook/Documents/Documents_MacBook_Pro/ISTT/AirflowTutorial/envlibs/lib/python3.10/site-packages/airflow/example_dags/example_python_operator.py
[2023-06-22T16:28:23.282+0700] {processor.py:826} INFO - Processing file /Users/macbook/Documents/Documents_MacBook_Pro/ISTT/AirflowTutorial/envlibs/lib/python3.10/site-packages/airflow/example_dags/example_python_operator.py for tasks to queue
[2023-06-22T16:28:23.282+0700] {logging_mixin.py:149} INFO - [2023-06-22T16:28:23.282+0700] {dagbag.py:541} INFO - Filling up the DagBag from /Users/macbook/Documents/Documents_MacBook_Pro/ISTT/AirflowTutorial/envlibs/lib/python3.10/site-packages/airflow/example_dags/example_python_operator.py
[2023-06-22T16:28:23.352+0700] {processor.py:836} INFO - DAG(s) dict_keys(['example_python_operator']) retrieved from /Users/macbook/Documents/Documents_MacBook_Pro/ISTT/AirflowTutorial/envlibs/lib/python3.10/site-packages/airflow/example_dags/example_python_operator.py
[2023-06-22T16:28:24.223+0700] {logging_mixin.py:149} INFO - [2023-06-22T16:28:24.222+0700] {dag.py:2726} INFO - Sync 1 DAGs
[2023-06-22T16:28:24.239+0700] {logging_mixin.py:149} INFO - [2023-06-22T16:28:24.238+0700] {dag.py:3486} INFO - Setting next_dagrun for example_python_operator to None, run_after=None
[2023-06-22T16:28:24.256+0700] {processor.py:179} INFO - Processing /Users/macbook/Documents/Documents_MacBook_Pro/ISTT/AirflowTutorial/envlibs/lib/python3.10/site-packages/airflow/example_dags/example_python_operator.py took 0.976 seconds
