[2023-06-22T14:28:42.494+0700] {processor.py:157} INFO - Started process (PID=11902) to work on /Users/macbook/Documents/Documents_MacBook_Pro/ISTT/AirflowTutorial/envlibs/lib/python3.10/site-packages/airflow/example_dags/example_dag_decorator.py
[2023-06-22T14:28:42.494+0700] {processor.py:826} INFO - Processing file /Users/macbook/Documents/Documents_MacBook_Pro/ISTT/AirflowTutorial/envlibs/lib/python3.10/site-packages/airflow/example_dags/example_dag_decorator.py for tasks to queue
[2023-06-22T14:28:42.495+0700] {logging_mixin.py:149} INFO - [2023-06-22T14:28:42.495+0700] {dagbag.py:541} INFO - Filling up the DagBag from /Users/macbook/Documents/Documents_MacBook_Pro/ISTT/AirflowTutorial/envlibs/lib/python3.10/site-packages/airflow/example_dags/example_dag_decorator.py
[2023-06-22T14:28:42.718+0700] {processor.py:836} INFO - DAG(s) dict_keys(['example_dag_decorator']) retrieved from /Users/macbook/Documents/Documents_MacBook_Pro/ISTT/AirflowTutorial/envlibs/lib/python3.10/site-packages/airflow/example_dags/example_dag_decorator.py
[2023-06-22T14:28:43.383+0700] {logging_mixin.py:149} INFO - [2023-06-22T14:28:43.383+0700] {dag.py:2726} INFO - Sync 1 DAGs
[2023-06-22T14:28:43.398+0700] {logging_mixin.py:149} INFO - [2023-06-22T14:28:43.398+0700] {dag.py:3486} INFO - Setting next_dagrun for example_dag_decorator to None, run_after=None
[2023-06-22T14:28:43.416+0700] {processor.py:179} INFO - Processing /Users/macbook/Documents/Documents_MacBook_Pro/ISTT/AirflowTutorial/envlibs/lib/python3.10/site-packages/airflow/example_dags/example_dag_decorator.py took 0.923 seconds
[2023-06-22T14:33:06.654+0700] {processor.py:157} INFO - Started process (PID=12088) to work on /Users/macbook/Documents/Documents_MacBook_Pro/ISTT/AirflowTutorial/envlibs/lib/python3.10/site-packages/airflow/example_dags/example_dag_decorator.py
[2023-06-22T14:33:06.655+0700] {processor.py:826} INFO - Processing file /Users/macbook/Documents/Documents_MacBook_Pro/ISTT/AirflowTutorial/envlibs/lib/python3.10/site-packages/airflow/example_dags/example_dag_decorator.py for tasks to queue
[2023-06-22T14:33:06.656+0700] {logging_mixin.py:149} INFO - [2023-06-22T14:33:06.656+0700] {dagbag.py:541} INFO - Filling up the DagBag from /Users/macbook/Documents/Documents_MacBook_Pro/ISTT/AirflowTutorial/envlibs/lib/python3.10/site-packages/airflow/example_dags/example_dag_decorator.py
[2023-06-22T14:33:07.019+0700] {processor.py:836} INFO - DAG(s) dict_keys(['example_dag_decorator']) retrieved from /Users/macbook/Documents/Documents_MacBook_Pro/ISTT/AirflowTutorial/envlibs/lib/python3.10/site-packages/airflow/example_dags/example_dag_decorator.py
[2023-06-22T14:33:08.289+0700] {logging_mixin.py:149} INFO - [2023-06-22T14:33:08.288+0700] {dag.py:2726} INFO - Sync 1 DAGs
[2023-06-22T14:33:08.313+0700] {logging_mixin.py:149} INFO - [2023-06-22T14:33:08.313+0700] {dag.py:3486} INFO - Setting next_dagrun for example_dag_decorator to None, run_after=None
[2023-06-22T14:33:08.337+0700] {processor.py:179} INFO - Processing /Users/macbook/Documents/Documents_MacBook_Pro/ISTT/AirflowTutorial/envlibs/lib/python3.10/site-packages/airflow/example_dags/example_dag_decorator.py took 1.685 seconds
[2023-06-22T14:36:15.660+0700] {processor.py:157} INFO - Started process (PID=12257) to work on /Users/macbook/Documents/Documents_MacBook_Pro/ISTT/AirflowTutorial/envlibs/lib/python3.10/site-packages/airflow/example_dags/example_dag_decorator.py
[2023-06-22T14:36:15.661+0700] {processor.py:826} INFO - Processing file /Users/macbook/Documents/Documents_MacBook_Pro/ISTT/AirflowTutorial/envlibs/lib/python3.10/site-packages/airflow/example_dags/example_dag_decorator.py for tasks to queue
[2023-06-22T14:36:15.662+0700] {logging_mixin.py:149} INFO - [2023-06-22T14:36:15.662+0700] {dagbag.py:541} INFO - Filling up the DagBag from /Users/macbook/Documents/Documents_MacBook_Pro/ISTT/AirflowTutorial/envlibs/lib/python3.10/site-packages/airflow/example_dags/example_dag_decorator.py
[2023-06-22T14:36:15.958+0700] {processor.py:836} INFO - DAG(s) dict_keys(['example_dag_decorator']) retrieved from /Users/macbook/Documents/Documents_MacBook_Pro/ISTT/AirflowTutorial/envlibs/lib/python3.10/site-packages/airflow/example_dags/example_dag_decorator.py
[2023-06-22T14:36:16.943+0700] {logging_mixin.py:149} INFO - [2023-06-22T14:36:16.943+0700] {dag.py:2726} INFO - Sync 1 DAGs
[2023-06-22T14:36:16.952+0700] {logging_mixin.py:149} INFO - [2023-06-22T14:36:16.952+0700] {dag.py:2747} INFO - Creating ORM DAG for example_dag_decorator
[2023-06-22T14:36:16.963+0700] {logging_mixin.py:149} INFO - [2023-06-22T14:36:16.963+0700] {dag.py:3486} INFO - Setting next_dagrun for example_dag_decorator to None, run_after=None
[2023-06-22T14:36:16.989+0700] {processor.py:179} INFO - Processing /Users/macbook/Documents/Documents_MacBook_Pro/ISTT/AirflowTutorial/envlibs/lib/python3.10/site-packages/airflow/example_dags/example_dag_decorator.py took 1.330 seconds
[2023-06-22T14:41:16.497+0700] {processor.py:157} INFO - Started process (PID=12497) to work on /Users/macbook/Documents/Documents_MacBook_Pro/ISTT/AirflowTutorial/envlibs/lib/python3.10/site-packages/airflow/example_dags/example_dag_decorator.py
[2023-06-22T14:41:16.499+0700] {processor.py:826} INFO - Processing file /Users/macbook/Documents/Documents_MacBook_Pro/ISTT/AirflowTutorial/envlibs/lib/python3.10/site-packages/airflow/example_dags/example_dag_decorator.py for tasks to queue
[2023-06-22T14:41:16.499+0700] {logging_mixin.py:149} INFO - [2023-06-22T14:41:16.499+0700] {dagbag.py:541} INFO - Filling up the DagBag from /Users/macbook/Documents/Documents_MacBook_Pro/ISTT/AirflowTutorial/envlibs/lib/python3.10/site-packages/airflow/example_dags/example_dag_decorator.py
[2023-06-22T14:41:16.733+0700] {processor.py:836} INFO - DAG(s) dict_keys(['example_dag_decorator']) retrieved from /Users/macbook/Documents/Documents_MacBook_Pro/ISTT/AirflowTutorial/envlibs/lib/python3.10/site-packages/airflow/example_dags/example_dag_decorator.py
[2023-06-22T14:41:17.462+0700] {logging_mixin.py:149} INFO - [2023-06-22T14:41:17.462+0700] {dag.py:2726} INFO - Sync 1 DAGs
[2023-06-22T14:41:17.471+0700] {logging_mixin.py:149} INFO - [2023-06-22T14:41:17.470+0700] {dag.py:2747} INFO - Creating ORM DAG for example_dag_decorator
[2023-06-22T14:41:17.479+0700] {logging_mixin.py:149} INFO - [2023-06-22T14:41:17.479+0700] {dag.py:3486} INFO - Setting next_dagrun for example_dag_decorator to None, run_after=None
[2023-06-22T14:41:17.499+0700] {processor.py:179} INFO - Processing /Users/macbook/Documents/Documents_MacBook_Pro/ISTT/AirflowTutorial/envlibs/lib/python3.10/site-packages/airflow/example_dags/example_dag_decorator.py took 1.003 seconds
[2023-06-22T14:45:29.470+0700] {processor.py:157} INFO - Started process (PID=12607) to work on /Users/macbook/Documents/Documents_MacBook_Pro/ISTT/AirflowTutorial/envlibs/lib/python3.10/site-packages/airflow/example_dags/example_dag_decorator.py
[2023-06-22T14:45:29.471+0700] {processor.py:826} INFO - Processing file /Users/macbook/Documents/Documents_MacBook_Pro/ISTT/AirflowTutorial/envlibs/lib/python3.10/site-packages/airflow/example_dags/example_dag_decorator.py for tasks to queue
[2023-06-22T14:45:29.472+0700] {logging_mixin.py:149} INFO - [2023-06-22T14:45:29.472+0700] {dagbag.py:541} INFO - Filling up the DagBag from /Users/macbook/Documents/Documents_MacBook_Pro/ISTT/AirflowTutorial/envlibs/lib/python3.10/site-packages/airflow/example_dags/example_dag_decorator.py
[2023-06-22T14:45:29.745+0700] {processor.py:836} INFO - DAG(s) dict_keys(['example_dag_decorator']) retrieved from /Users/macbook/Documents/Documents_MacBook_Pro/ISTT/AirflowTutorial/envlibs/lib/python3.10/site-packages/airflow/example_dags/example_dag_decorator.py
[2023-06-22T14:45:30.570+0700] {logging_mixin.py:149} INFO - [2023-06-22T14:45:30.570+0700] {dag.py:2726} INFO - Sync 1 DAGs
[2023-06-22T14:45:30.589+0700] {logging_mixin.py:149} INFO - [2023-06-22T14:45:30.589+0700] {dag.py:3486} INFO - Setting next_dagrun for example_dag_decorator to None, run_after=None
[2023-06-22T14:45:30.610+0700] {processor.py:179} INFO - Processing /Users/macbook/Documents/Documents_MacBook_Pro/ISTT/AirflowTutorial/envlibs/lib/python3.10/site-packages/airflow/example_dags/example_dag_decorator.py took 1.141 seconds
[2023-06-22T14:49:43.001+0700] {processor.py:157} INFO - Started process (PID=12731) to work on /Users/macbook/Documents/Documents_MacBook_Pro/ISTT/AirflowTutorial/envlibs/lib/python3.10/site-packages/airflow/example_dags/example_dag_decorator.py
[2023-06-22T14:49:43.002+0700] {processor.py:826} INFO - Processing file /Users/macbook/Documents/Documents_MacBook_Pro/ISTT/AirflowTutorial/envlibs/lib/python3.10/site-packages/airflow/example_dags/example_dag_decorator.py for tasks to queue
[2023-06-22T14:49:43.003+0700] {logging_mixin.py:149} INFO - [2023-06-22T14:49:43.002+0700] {dagbag.py:541} INFO - Filling up the DagBag from /Users/macbook/Documents/Documents_MacBook_Pro/ISTT/AirflowTutorial/envlibs/lib/python3.10/site-packages/airflow/example_dags/example_dag_decorator.py
[2023-06-22T14:49:43.189+0700] {processor.py:836} INFO - DAG(s) dict_keys(['example_dag_decorator']) retrieved from /Users/macbook/Documents/Documents_MacBook_Pro/ISTT/AirflowTutorial/envlibs/lib/python3.10/site-packages/airflow/example_dags/example_dag_decorator.py
[2023-06-22T14:49:43.860+0700] {logging_mixin.py:149} INFO - [2023-06-22T14:49:43.860+0700] {dag.py:2726} INFO - Sync 1 DAGs
[2023-06-22T14:49:43.876+0700] {logging_mixin.py:149} INFO - [2023-06-22T14:49:43.876+0700] {dag.py:3486} INFO - Setting next_dagrun for example_dag_decorator to None, run_after=None
[2023-06-22T14:49:43.893+0700] {processor.py:179} INFO - Processing /Users/macbook/Documents/Documents_MacBook_Pro/ISTT/AirflowTutorial/envlibs/lib/python3.10/site-packages/airflow/example_dags/example_dag_decorator.py took 0.893 seconds
[2023-06-22T14:53:44.303+0700] {processor.py:157} INFO - Started process (PID=12840) to work on /Users/macbook/Documents/Documents_MacBook_Pro/ISTT/AirflowTutorial/envlibs/lib/python3.10/site-packages/airflow/example_dags/example_dag_decorator.py
[2023-06-22T14:53:44.305+0700] {processor.py:826} INFO - Processing file /Users/macbook/Documents/Documents_MacBook_Pro/ISTT/AirflowTutorial/envlibs/lib/python3.10/site-packages/airflow/example_dags/example_dag_decorator.py for tasks to queue
[2023-06-22T14:53:44.305+0700] {logging_mixin.py:149} INFO - [2023-06-22T14:53:44.305+0700] {dagbag.py:541} INFO - Filling up the DagBag from /Users/macbook/Documents/Documents_MacBook_Pro/ISTT/AirflowTutorial/envlibs/lib/python3.10/site-packages/airflow/example_dags/example_dag_decorator.py
[2023-06-22T14:53:44.507+0700] {processor.py:836} INFO - DAG(s) dict_keys(['example_dag_decorator']) retrieved from /Users/macbook/Documents/Documents_MacBook_Pro/ISTT/AirflowTutorial/envlibs/lib/python3.10/site-packages/airflow/example_dags/example_dag_decorator.py
[2023-06-22T14:53:45.195+0700] {logging_mixin.py:149} INFO - [2023-06-22T14:53:45.194+0700] {dag.py:2726} INFO - Sync 1 DAGs
[2023-06-22T14:53:45.211+0700] {logging_mixin.py:149} INFO - [2023-06-22T14:53:45.210+0700] {dag.py:3486} INFO - Setting next_dagrun for example_dag_decorator to None, run_after=None
[2023-06-22T14:53:45.229+0700] {processor.py:179} INFO - Processing /Users/macbook/Documents/Documents_MacBook_Pro/ISTT/AirflowTutorial/envlibs/lib/python3.10/site-packages/airflow/example_dags/example_dag_decorator.py took 0.926 seconds
[2023-06-22T14:57:37.622+0700] {processor.py:157} INFO - Started process (PID=12946) to work on /Users/macbook/Documents/Documents_MacBook_Pro/ISTT/AirflowTutorial/envlibs/lib/python3.10/site-packages/airflow/example_dags/example_dag_decorator.py
[2023-06-22T14:57:37.624+0700] {processor.py:826} INFO - Processing file /Users/macbook/Documents/Documents_MacBook_Pro/ISTT/AirflowTutorial/envlibs/lib/python3.10/site-packages/airflow/example_dags/example_dag_decorator.py for tasks to queue
[2023-06-22T14:57:37.624+0700] {logging_mixin.py:149} INFO - [2023-06-22T14:57:37.624+0700] {dagbag.py:541} INFO - Filling up the DagBag from /Users/macbook/Documents/Documents_MacBook_Pro/ISTT/AirflowTutorial/envlibs/lib/python3.10/site-packages/airflow/example_dags/example_dag_decorator.py
[2023-06-22T14:57:37.833+0700] {processor.py:836} INFO - DAG(s) dict_keys(['example_dag_decorator']) retrieved from /Users/macbook/Documents/Documents_MacBook_Pro/ISTT/AirflowTutorial/envlibs/lib/python3.10/site-packages/airflow/example_dags/example_dag_decorator.py
[2023-06-22T14:57:38.582+0700] {logging_mixin.py:149} INFO - [2023-06-22T14:57:38.582+0700] {dag.py:2726} INFO - Sync 1 DAGs
[2023-06-22T14:57:38.600+0700] {logging_mixin.py:149} INFO - [2023-06-22T14:57:38.600+0700] {dag.py:3486} INFO - Setting next_dagrun for example_dag_decorator to None, run_after=None
[2023-06-22T14:57:38.620+0700] {processor.py:179} INFO - Processing /Users/macbook/Documents/Documents_MacBook_Pro/ISTT/AirflowTutorial/envlibs/lib/python3.10/site-packages/airflow/example_dags/example_dag_decorator.py took 0.998 seconds
[2023-06-22T15:01:45.189+0700] {processor.py:157} INFO - Started process (PID=13054) to work on /Users/macbook/Documents/Documents_MacBook_Pro/ISTT/AirflowTutorial/envlibs/lib/python3.10/site-packages/airflow/example_dags/example_dag_decorator.py
[2023-06-22T15:01:45.190+0700] {processor.py:826} INFO - Processing file /Users/macbook/Documents/Documents_MacBook_Pro/ISTT/AirflowTutorial/envlibs/lib/python3.10/site-packages/airflow/example_dags/example_dag_decorator.py for tasks to queue
[2023-06-22T15:01:45.191+0700] {logging_mixin.py:149} INFO - [2023-06-22T15:01:45.191+0700] {dagbag.py:541} INFO - Filling up the DagBag from /Users/macbook/Documents/Documents_MacBook_Pro/ISTT/AirflowTutorial/envlibs/lib/python3.10/site-packages/airflow/example_dags/example_dag_decorator.py
[2023-06-22T15:01:45.393+0700] {processor.py:836} INFO - DAG(s) dict_keys(['example_dag_decorator']) retrieved from /Users/macbook/Documents/Documents_MacBook_Pro/ISTT/AirflowTutorial/envlibs/lib/python3.10/site-packages/airflow/example_dags/example_dag_decorator.py
[2023-06-22T15:01:46.149+0700] {logging_mixin.py:149} INFO - [2023-06-22T15:01:46.149+0700] {dag.py:2726} INFO - Sync 1 DAGs
[2023-06-22T15:01:46.167+0700] {logging_mixin.py:149} INFO - [2023-06-22T15:01:46.167+0700] {dag.py:3486} INFO - Setting next_dagrun for example_dag_decorator to None, run_after=None
[2023-06-22T15:01:46.186+0700] {processor.py:179} INFO - Processing /Users/macbook/Documents/Documents_MacBook_Pro/ISTT/AirflowTutorial/envlibs/lib/python3.10/site-packages/airflow/example_dags/example_dag_decorator.py took 0.998 seconds
[2023-06-22T15:05:51.551+0700] {processor.py:157} INFO - Started process (PID=13196) to work on /Users/macbook/Documents/Documents_MacBook_Pro/ISTT/AirflowTutorial/envlibs/lib/python3.10/site-packages/airflow/example_dags/example_dag_decorator.py
[2023-06-22T15:05:51.552+0700] {processor.py:826} INFO - Processing file /Users/macbook/Documents/Documents_MacBook_Pro/ISTT/AirflowTutorial/envlibs/lib/python3.10/site-packages/airflow/example_dags/example_dag_decorator.py for tasks to queue
[2023-06-22T15:05:51.553+0700] {logging_mixin.py:149} INFO - [2023-06-22T15:05:51.553+0700] {dagbag.py:541} INFO - Filling up the DagBag from /Users/macbook/Documents/Documents_MacBook_Pro/ISTT/AirflowTutorial/envlibs/lib/python3.10/site-packages/airflow/example_dags/example_dag_decorator.py
[2023-06-22T15:05:51.781+0700] {processor.py:836} INFO - DAG(s) dict_keys(['example_dag_decorator']) retrieved from /Users/macbook/Documents/Documents_MacBook_Pro/ISTT/AirflowTutorial/envlibs/lib/python3.10/site-packages/airflow/example_dags/example_dag_decorator.py
[2023-06-22T15:05:52.522+0700] {logging_mixin.py:149} INFO - [2023-06-22T15:05:52.522+0700] {dag.py:2726} INFO - Sync 1 DAGs
[2023-06-22T15:05:52.540+0700] {logging_mixin.py:149} INFO - [2023-06-22T15:05:52.540+0700] {dag.py:3486} INFO - Setting next_dagrun for example_dag_decorator to None, run_after=None
[2023-06-22T15:05:52.561+0700] {processor.py:179} INFO - Processing /Users/macbook/Documents/Documents_MacBook_Pro/ISTT/AirflowTutorial/envlibs/lib/python3.10/site-packages/airflow/example_dags/example_dag_decorator.py took 1.011 seconds
[2023-06-22T15:10:00.449+0700] {processor.py:157} INFO - Started process (PID=13361) to work on /Users/macbook/Documents/Documents_MacBook_Pro/ISTT/AirflowTutorial/envlibs/lib/python3.10/site-packages/airflow/example_dags/example_dag_decorator.py
[2023-06-22T15:10:00.450+0700] {processor.py:826} INFO - Processing file /Users/macbook/Documents/Documents_MacBook_Pro/ISTT/AirflowTutorial/envlibs/lib/python3.10/site-packages/airflow/example_dags/example_dag_decorator.py for tasks to queue
[2023-06-22T15:10:00.451+0700] {logging_mixin.py:149} INFO - [2023-06-22T15:10:00.451+0700] {dagbag.py:541} INFO - Filling up the DagBag from /Users/macbook/Documents/Documents_MacBook_Pro/ISTT/AirflowTutorial/envlibs/lib/python3.10/site-packages/airflow/example_dags/example_dag_decorator.py
[2023-06-22T15:10:00.687+0700] {processor.py:836} INFO - DAG(s) dict_keys(['example_dag_decorator']) retrieved from /Users/macbook/Documents/Documents_MacBook_Pro/ISTT/AirflowTutorial/envlibs/lib/python3.10/site-packages/airflow/example_dags/example_dag_decorator.py
[2023-06-22T15:10:01.409+0700] {logging_mixin.py:149} INFO - [2023-06-22T15:10:01.409+0700] {dag.py:2726} INFO - Sync 1 DAGs
[2023-06-22T15:10:01.425+0700] {logging_mixin.py:149} INFO - [2023-06-22T15:10:01.425+0700] {dag.py:3486} INFO - Setting next_dagrun for example_dag_decorator to None, run_after=None
[2023-06-22T15:10:01.442+0700] {processor.py:179} INFO - Processing /Users/macbook/Documents/Documents_MacBook_Pro/ISTT/AirflowTutorial/envlibs/lib/python3.10/site-packages/airflow/example_dags/example_dag_decorator.py took 0.994 seconds
[2023-06-22T15:14:11.939+0700] {processor.py:157} INFO - Started process (PID=13505) to work on /Users/macbook/Documents/Documents_MacBook_Pro/ISTT/AirflowTutorial/envlibs/lib/python3.10/site-packages/airflow/example_dags/example_dag_decorator.py
[2023-06-22T15:14:11.940+0700] {processor.py:826} INFO - Processing file /Users/macbook/Documents/Documents_MacBook_Pro/ISTT/AirflowTutorial/envlibs/lib/python3.10/site-packages/airflow/example_dags/example_dag_decorator.py for tasks to queue
[2023-06-22T15:14:11.941+0700] {logging_mixin.py:149} INFO - [2023-06-22T15:14:11.941+0700] {dagbag.py:541} INFO - Filling up the DagBag from /Users/macbook/Documents/Documents_MacBook_Pro/ISTT/AirflowTutorial/envlibs/lib/python3.10/site-packages/airflow/example_dags/example_dag_decorator.py
[2023-06-22T15:14:12.262+0700] {processor.py:836} INFO - DAG(s) dict_keys(['example_dag_decorator']) retrieved from /Users/macbook/Documents/Documents_MacBook_Pro/ISTT/AirflowTutorial/envlibs/lib/python3.10/site-packages/airflow/example_dags/example_dag_decorator.py
[2023-06-22T15:14:13.095+0700] {logging_mixin.py:149} INFO - [2023-06-22T15:14:13.095+0700] {dag.py:2726} INFO - Sync 1 DAGs
[2023-06-22T15:14:13.114+0700] {logging_mixin.py:149} INFO - [2023-06-22T15:14:13.113+0700] {dag.py:3486} INFO - Setting next_dagrun for example_dag_decorator to None, run_after=None
[2023-06-22T15:14:13.134+0700] {processor.py:179} INFO - Processing /Users/macbook/Documents/Documents_MacBook_Pro/ISTT/AirflowTutorial/envlibs/lib/python3.10/site-packages/airflow/example_dags/example_dag_decorator.py took 1.196 seconds
[2023-06-22T15:18:25.225+0700] {processor.py:157} INFO - Started process (PID=13663) to work on /Users/macbook/Documents/Documents_MacBook_Pro/ISTT/AirflowTutorial/envlibs/lib/python3.10/site-packages/airflow/example_dags/example_dag_decorator.py
[2023-06-22T15:18:25.227+0700] {processor.py:826} INFO - Processing file /Users/macbook/Documents/Documents_MacBook_Pro/ISTT/AirflowTutorial/envlibs/lib/python3.10/site-packages/airflow/example_dags/example_dag_decorator.py for tasks to queue
[2023-06-22T15:18:25.228+0700] {logging_mixin.py:149} INFO - [2023-06-22T15:18:25.228+0700] {dagbag.py:541} INFO - Filling up the DagBag from /Users/macbook/Documents/Documents_MacBook_Pro/ISTT/AirflowTutorial/envlibs/lib/python3.10/site-packages/airflow/example_dags/example_dag_decorator.py
[2023-06-22T15:18:25.417+0700] {processor.py:836} INFO - DAG(s) dict_keys(['example_dag_decorator']) retrieved from /Users/macbook/Documents/Documents_MacBook_Pro/ISTT/AirflowTutorial/envlibs/lib/python3.10/site-packages/airflow/example_dags/example_dag_decorator.py
[2023-06-22T15:18:26.063+0700] {logging_mixin.py:149} INFO - [2023-06-22T15:18:26.063+0700] {dag.py:2726} INFO - Sync 1 DAGs
[2023-06-22T15:18:26.079+0700] {logging_mixin.py:149} INFO - [2023-06-22T15:18:26.079+0700] {dag.py:3486} INFO - Setting next_dagrun for example_dag_decorator to None, run_after=None
[2023-06-22T15:18:26.100+0700] {processor.py:179} INFO - Processing /Users/macbook/Documents/Documents_MacBook_Pro/ISTT/AirflowTutorial/envlibs/lib/python3.10/site-packages/airflow/example_dags/example_dag_decorator.py took 0.875 seconds
[2023-06-22T15:22:27.492+0700] {processor.py:157} INFO - Started process (PID=13805) to work on /Users/macbook/Documents/Documents_MacBook_Pro/ISTT/AirflowTutorial/envlibs/lib/python3.10/site-packages/airflow/example_dags/example_dag_decorator.py
[2023-06-22T15:22:27.494+0700] {processor.py:826} INFO - Processing file /Users/macbook/Documents/Documents_MacBook_Pro/ISTT/AirflowTutorial/envlibs/lib/python3.10/site-packages/airflow/example_dags/example_dag_decorator.py for tasks to queue
[2023-06-22T15:22:27.494+0700] {logging_mixin.py:149} INFO - [2023-06-22T15:22:27.494+0700] {dagbag.py:541} INFO - Filling up the DagBag from /Users/macbook/Documents/Documents_MacBook_Pro/ISTT/AirflowTutorial/envlibs/lib/python3.10/site-packages/airflow/example_dags/example_dag_decorator.py
[2023-06-22T15:22:27.685+0700] {processor.py:836} INFO - DAG(s) dict_keys(['example_dag_decorator']) retrieved from /Users/macbook/Documents/Documents_MacBook_Pro/ISTT/AirflowTutorial/envlibs/lib/python3.10/site-packages/airflow/example_dags/example_dag_decorator.py
[2023-06-22T15:22:28.344+0700] {logging_mixin.py:149} INFO - [2023-06-22T15:22:28.344+0700] {dag.py:2726} INFO - Sync 1 DAGs
[2023-06-22T15:22:28.362+0700] {logging_mixin.py:149} INFO - [2023-06-22T15:22:28.361+0700] {dag.py:3486} INFO - Setting next_dagrun for example_dag_decorator to None, run_after=None
[2023-06-22T15:22:28.381+0700] {processor.py:179} INFO - Processing /Users/macbook/Documents/Documents_MacBook_Pro/ISTT/AirflowTutorial/envlibs/lib/python3.10/site-packages/airflow/example_dags/example_dag_decorator.py took 0.890 seconds
[2023-06-22T15:27:04.594+0700] {processor.py:157} INFO - Started process (PID=13934) to work on /Users/macbook/Documents/Documents_MacBook_Pro/ISTT/AirflowTutorial/envlibs/lib/python3.10/site-packages/airflow/example_dags/example_dag_decorator.py
[2023-06-22T15:27:04.596+0700] {processor.py:826} INFO - Processing file /Users/macbook/Documents/Documents_MacBook_Pro/ISTT/AirflowTutorial/envlibs/lib/python3.10/site-packages/airflow/example_dags/example_dag_decorator.py for tasks to queue
[2023-06-22T15:27:04.596+0700] {logging_mixin.py:149} INFO - [2023-06-22T15:27:04.596+0700] {dagbag.py:541} INFO - Filling up the DagBag from /Users/macbook/Documents/Documents_MacBook_Pro/ISTT/AirflowTutorial/envlibs/lib/python3.10/site-packages/airflow/example_dags/example_dag_decorator.py
[2023-06-22T15:27:04.804+0700] {processor.py:836} INFO - DAG(s) dict_keys(['example_dag_decorator']) retrieved from /Users/macbook/Documents/Documents_MacBook_Pro/ISTT/AirflowTutorial/envlibs/lib/python3.10/site-packages/airflow/example_dags/example_dag_decorator.py
[2023-06-22T15:27:05.481+0700] {logging_mixin.py:149} INFO - [2023-06-22T15:27:05.481+0700] {dag.py:2726} INFO - Sync 1 DAGs
[2023-06-22T15:27:05.498+0700] {logging_mixin.py:149} INFO - [2023-06-22T15:27:05.498+0700] {dag.py:3486} INFO - Setting next_dagrun for example_dag_decorator to None, run_after=None
[2023-06-22T15:27:05.517+0700] {processor.py:179} INFO - Processing /Users/macbook/Documents/Documents_MacBook_Pro/ISTT/AirflowTutorial/envlibs/lib/python3.10/site-packages/airflow/example_dags/example_dag_decorator.py took 0.923 seconds
[2023-06-22T15:31:16.737+0700] {processor.py:157} INFO - Started process (PID=14043) to work on /Users/macbook/Documents/Documents_MacBook_Pro/ISTT/AirflowTutorial/envlibs/lib/python3.10/site-packages/airflow/example_dags/example_dag_decorator.py
[2023-06-22T15:31:16.738+0700] {processor.py:826} INFO - Processing file /Users/macbook/Documents/Documents_MacBook_Pro/ISTT/AirflowTutorial/envlibs/lib/python3.10/site-packages/airflow/example_dags/example_dag_decorator.py for tasks to queue
[2023-06-22T15:31:16.739+0700] {logging_mixin.py:149} INFO - [2023-06-22T15:31:16.739+0700] {dagbag.py:541} INFO - Filling up the DagBag from /Users/macbook/Documents/Documents_MacBook_Pro/ISTT/AirflowTutorial/envlibs/lib/python3.10/site-packages/airflow/example_dags/example_dag_decorator.py
[2023-06-22T15:31:16.946+0700] {processor.py:836} INFO - DAG(s) dict_keys(['example_dag_decorator']) retrieved from /Users/macbook/Documents/Documents_MacBook_Pro/ISTT/AirflowTutorial/envlibs/lib/python3.10/site-packages/airflow/example_dags/example_dag_decorator.py
[2023-06-22T15:31:17.680+0700] {logging_mixin.py:149} INFO - [2023-06-22T15:31:17.679+0700] {dag.py:2726} INFO - Sync 1 DAGs
[2023-06-22T15:31:17.698+0700] {logging_mixin.py:149} INFO - [2023-06-22T15:31:17.697+0700] {dag.py:3486} INFO - Setting next_dagrun for example_dag_decorator to None, run_after=None
[2023-06-22T15:31:17.725+0700] {processor.py:179} INFO - Processing /Users/macbook/Documents/Documents_MacBook_Pro/ISTT/AirflowTutorial/envlibs/lib/python3.10/site-packages/airflow/example_dags/example_dag_decorator.py took 0.988 seconds
[2023-06-22T15:35:25.191+0700] {processor.py:157} INFO - Started process (PID=14169) to work on /Users/macbook/Documents/Documents_MacBook_Pro/ISTT/AirflowTutorial/envlibs/lib/python3.10/site-packages/airflow/example_dags/example_dag_decorator.py
[2023-06-22T15:35:25.192+0700] {processor.py:826} INFO - Processing file /Users/macbook/Documents/Documents_MacBook_Pro/ISTT/AirflowTutorial/envlibs/lib/python3.10/site-packages/airflow/example_dags/example_dag_decorator.py for tasks to queue
[2023-06-22T15:35:25.193+0700] {logging_mixin.py:149} INFO - [2023-06-22T15:35:25.193+0700] {dagbag.py:541} INFO - Filling up the DagBag from /Users/macbook/Documents/Documents_MacBook_Pro/ISTT/AirflowTutorial/envlibs/lib/python3.10/site-packages/airflow/example_dags/example_dag_decorator.py
[2023-06-22T15:35:25.400+0700] {processor.py:836} INFO - DAG(s) dict_keys(['example_dag_decorator']) retrieved from /Users/macbook/Documents/Documents_MacBook_Pro/ISTT/AirflowTutorial/envlibs/lib/python3.10/site-packages/airflow/example_dags/example_dag_decorator.py
[2023-06-22T15:35:26.093+0700] {logging_mixin.py:149} INFO - [2023-06-22T15:35:26.093+0700] {dag.py:2726} INFO - Sync 1 DAGs
[2023-06-22T15:35:26.110+0700] {logging_mixin.py:149} INFO - [2023-06-22T15:35:26.110+0700] {dag.py:3486} INFO - Setting next_dagrun for example_dag_decorator to None, run_after=None
[2023-06-22T15:35:26.131+0700] {processor.py:179} INFO - Processing /Users/macbook/Documents/Documents_MacBook_Pro/ISTT/AirflowTutorial/envlibs/lib/python3.10/site-packages/airflow/example_dags/example_dag_decorator.py took 0.940 seconds
[2023-06-22T15:39:45.280+0700] {processor.py:157} INFO - Started process (PID=14307) to work on /Users/macbook/Documents/Documents_MacBook_Pro/ISTT/AirflowTutorial/envlibs/lib/python3.10/site-packages/airflow/example_dags/example_dag_decorator.py
[2023-06-22T15:39:45.281+0700] {processor.py:826} INFO - Processing file /Users/macbook/Documents/Documents_MacBook_Pro/ISTT/AirflowTutorial/envlibs/lib/python3.10/site-packages/airflow/example_dags/example_dag_decorator.py for tasks to queue
[2023-06-22T15:39:45.282+0700] {logging_mixin.py:149} INFO - [2023-06-22T15:39:45.282+0700] {dagbag.py:541} INFO - Filling up the DagBag from /Users/macbook/Documents/Documents_MacBook_Pro/ISTT/AirflowTutorial/envlibs/lib/python3.10/site-packages/airflow/example_dags/example_dag_decorator.py
[2023-06-22T15:39:45.542+0700] {processor.py:836} INFO - DAG(s) dict_keys(['example_dag_decorator']) retrieved from /Users/macbook/Documents/Documents_MacBook_Pro/ISTT/AirflowTutorial/envlibs/lib/python3.10/site-packages/airflow/example_dags/example_dag_decorator.py
[2023-06-22T15:39:46.409+0700] {logging_mixin.py:149} INFO - [2023-06-22T15:39:46.409+0700] {dag.py:2726} INFO - Sync 1 DAGs
[2023-06-22T15:39:46.426+0700] {logging_mixin.py:149} INFO - [2023-06-22T15:39:46.426+0700] {dag.py:3486} INFO - Setting next_dagrun for example_dag_decorator to None, run_after=None
[2023-06-22T15:39:46.447+0700] {processor.py:179} INFO - Processing /Users/macbook/Documents/Documents_MacBook_Pro/ISTT/AirflowTutorial/envlibs/lib/python3.10/site-packages/airflow/example_dags/example_dag_decorator.py took 1.168 seconds
[2023-06-22T15:44:05.575+0700] {processor.py:157} INFO - Started process (PID=14445) to work on /Users/macbook/Documents/Documents_MacBook_Pro/ISTT/AirflowTutorial/envlibs/lib/python3.10/site-packages/airflow/example_dags/example_dag_decorator.py
[2023-06-22T15:44:05.577+0700] {processor.py:826} INFO - Processing file /Users/macbook/Documents/Documents_MacBook_Pro/ISTT/AirflowTutorial/envlibs/lib/python3.10/site-packages/airflow/example_dags/example_dag_decorator.py for tasks to queue
[2023-06-22T15:44:05.577+0700] {logging_mixin.py:149} INFO - [2023-06-22T15:44:05.577+0700] {dagbag.py:541} INFO - Filling up the DagBag from /Users/macbook/Documents/Documents_MacBook_Pro/ISTT/AirflowTutorial/envlibs/lib/python3.10/site-packages/airflow/example_dags/example_dag_decorator.py
[2023-06-22T15:44:05.796+0700] {processor.py:836} INFO - DAG(s) dict_keys(['example_dag_decorator']) retrieved from /Users/macbook/Documents/Documents_MacBook_Pro/ISTT/AirflowTutorial/envlibs/lib/python3.10/site-packages/airflow/example_dags/example_dag_decorator.py
[2023-06-22T15:44:06.625+0700] {logging_mixin.py:149} INFO - [2023-06-22T15:44:06.625+0700] {dag.py:2726} INFO - Sync 1 DAGs
[2023-06-22T15:44:06.644+0700] {logging_mixin.py:149} INFO - [2023-06-22T15:44:06.644+0700] {dag.py:3486} INFO - Setting next_dagrun for example_dag_decorator to None, run_after=None
[2023-06-22T15:44:06.666+0700] {processor.py:179} INFO - Processing /Users/macbook/Documents/Documents_MacBook_Pro/ISTT/AirflowTutorial/envlibs/lib/python3.10/site-packages/airflow/example_dags/example_dag_decorator.py took 1.092 seconds
[2023-06-22T15:48:25.771+0700] {processor.py:157} INFO - Started process (PID=14587) to work on /Users/macbook/Documents/Documents_MacBook_Pro/ISTT/AirflowTutorial/envlibs/lib/python3.10/site-packages/airflow/example_dags/example_dag_decorator.py
[2023-06-22T15:48:25.773+0700] {processor.py:826} INFO - Processing file /Users/macbook/Documents/Documents_MacBook_Pro/ISTT/AirflowTutorial/envlibs/lib/python3.10/site-packages/airflow/example_dags/example_dag_decorator.py for tasks to queue
[2023-06-22T15:48:25.774+0700] {logging_mixin.py:149} INFO - [2023-06-22T15:48:25.774+0700] {dagbag.py:541} INFO - Filling up the DagBag from /Users/macbook/Documents/Documents_MacBook_Pro/ISTT/AirflowTutorial/envlibs/lib/python3.10/site-packages/airflow/example_dags/example_dag_decorator.py
[2023-06-22T15:48:26.009+0700] {processor.py:836} INFO - DAG(s) dict_keys(['example_dag_decorator']) retrieved from /Users/macbook/Documents/Documents_MacBook_Pro/ISTT/AirflowTutorial/envlibs/lib/python3.10/site-packages/airflow/example_dags/example_dag_decorator.py
[2023-06-22T15:48:26.921+0700] {logging_mixin.py:149} INFO - [2023-06-22T15:48:26.921+0700] {dag.py:2726} INFO - Sync 1 DAGs
[2023-06-22T15:48:26.939+0700] {logging_mixin.py:149} INFO - [2023-06-22T15:48:26.939+0700] {dag.py:3486} INFO - Setting next_dagrun for example_dag_decorator to None, run_after=None
[2023-06-22T15:48:26.961+0700] {processor.py:179} INFO - Processing /Users/macbook/Documents/Documents_MacBook_Pro/ISTT/AirflowTutorial/envlibs/lib/python3.10/site-packages/airflow/example_dags/example_dag_decorator.py took 1.191 seconds
[2023-06-22T15:53:02.125+0700] {processor.py:157} INFO - Started process (PID=14735) to work on /Users/macbook/Documents/Documents_MacBook_Pro/ISTT/AirflowTutorial/envlibs/lib/python3.10/site-packages/airflow/example_dags/example_dag_decorator.py
[2023-06-22T15:53:02.126+0700] {processor.py:826} INFO - Processing file /Users/macbook/Documents/Documents_MacBook_Pro/ISTT/AirflowTutorial/envlibs/lib/python3.10/site-packages/airflow/example_dags/example_dag_decorator.py for tasks to queue
[2023-06-22T15:53:02.127+0700] {logging_mixin.py:149} INFO - [2023-06-22T15:53:02.127+0700] {dagbag.py:541} INFO - Filling up the DagBag from /Users/macbook/Documents/Documents_MacBook_Pro/ISTT/AirflowTutorial/envlibs/lib/python3.10/site-packages/airflow/example_dags/example_dag_decorator.py
[2023-06-22T15:53:02.403+0700] {processor.py:836} INFO - DAG(s) dict_keys(['example_dag_decorator']) retrieved from /Users/macbook/Documents/Documents_MacBook_Pro/ISTT/AirflowTutorial/envlibs/lib/python3.10/site-packages/airflow/example_dags/example_dag_decorator.py
[2023-06-22T15:53:03.418+0700] {logging_mixin.py:149} INFO - [2023-06-22T15:53:03.417+0700] {dag.py:2726} INFO - Sync 1 DAGs
[2023-06-22T15:53:03.441+0700] {logging_mixin.py:149} INFO - [2023-06-22T15:53:03.440+0700] {dag.py:3486} INFO - Setting next_dagrun for example_dag_decorator to None, run_after=None
[2023-06-22T15:53:03.472+0700] {processor.py:179} INFO - Processing /Users/macbook/Documents/Documents_MacBook_Pro/ISTT/AirflowTutorial/envlibs/lib/python3.10/site-packages/airflow/example_dags/example_dag_decorator.py took 1.347 seconds
[2023-06-22T15:57:34.517+0700] {processor.py:157} INFO - Started process (PID=14918) to work on /Users/macbook/Documents/Documents_MacBook_Pro/ISTT/AirflowTutorial/envlibs/lib/python3.10/site-packages/airflow/example_dags/example_dag_decorator.py
[2023-06-22T15:57:34.518+0700] {processor.py:826} INFO - Processing file /Users/macbook/Documents/Documents_MacBook_Pro/ISTT/AirflowTutorial/envlibs/lib/python3.10/site-packages/airflow/example_dags/example_dag_decorator.py for tasks to queue
[2023-06-22T15:57:34.519+0700] {logging_mixin.py:149} INFO - [2023-06-22T15:57:34.519+0700] {dagbag.py:541} INFO - Filling up the DagBag from /Users/macbook/Documents/Documents_MacBook_Pro/ISTT/AirflowTutorial/envlibs/lib/python3.10/site-packages/airflow/example_dags/example_dag_decorator.py
[2023-06-22T15:57:34.746+0700] {processor.py:836} INFO - DAG(s) dict_keys(['example_dag_decorator']) retrieved from /Users/macbook/Documents/Documents_MacBook_Pro/ISTT/AirflowTutorial/envlibs/lib/python3.10/site-packages/airflow/example_dags/example_dag_decorator.py
[2023-06-22T15:57:35.481+0700] {logging_mixin.py:149} INFO - [2023-06-22T15:57:35.480+0700] {dag.py:2726} INFO - Sync 1 DAGs
[2023-06-22T15:57:35.498+0700] {logging_mixin.py:149} INFO - [2023-06-22T15:57:35.498+0700] {dag.py:3486} INFO - Setting next_dagrun for example_dag_decorator to None, run_after=None
[2023-06-22T15:57:35.520+0700] {processor.py:179} INFO - Processing /Users/macbook/Documents/Documents_MacBook_Pro/ISTT/AirflowTutorial/envlibs/lib/python3.10/site-packages/airflow/example_dags/example_dag_decorator.py took 1.004 seconds
[2023-06-22T16:02:06.002+0700] {processor.py:157} INFO - Started process (PID=15034) to work on /Users/macbook/Documents/Documents_MacBook_Pro/ISTT/AirflowTutorial/envlibs/lib/python3.10/site-packages/airflow/example_dags/example_dag_decorator.py
[2023-06-22T16:02:06.004+0700] {processor.py:826} INFO - Processing file /Users/macbook/Documents/Documents_MacBook_Pro/ISTT/AirflowTutorial/envlibs/lib/python3.10/site-packages/airflow/example_dags/example_dag_decorator.py for tasks to queue
[2023-06-22T16:02:06.004+0700] {logging_mixin.py:149} INFO - [2023-06-22T16:02:06.004+0700] {dagbag.py:541} INFO - Filling up the DagBag from /Users/macbook/Documents/Documents_MacBook_Pro/ISTT/AirflowTutorial/envlibs/lib/python3.10/site-packages/airflow/example_dags/example_dag_decorator.py
[2023-06-22T16:02:06.226+0700] {processor.py:836} INFO - DAG(s) dict_keys(['example_dag_decorator']) retrieved from /Users/macbook/Documents/Documents_MacBook_Pro/ISTT/AirflowTutorial/envlibs/lib/python3.10/site-packages/airflow/example_dags/example_dag_decorator.py
[2023-06-22T16:02:06.990+0700] {logging_mixin.py:149} INFO - [2023-06-22T16:02:06.990+0700] {dag.py:2726} INFO - Sync 1 DAGs
[2023-06-22T16:02:07.008+0700] {logging_mixin.py:149} INFO - [2023-06-22T16:02:07.008+0700] {dag.py:3486} INFO - Setting next_dagrun for example_dag_decorator to None, run_after=None
[2023-06-22T16:02:07.029+0700] {processor.py:179} INFO - Processing /Users/macbook/Documents/Documents_MacBook_Pro/ISTT/AirflowTutorial/envlibs/lib/python3.10/site-packages/airflow/example_dags/example_dag_decorator.py took 1.028 seconds
[2023-06-22T16:06:25.545+0700] {processor.py:157} INFO - Started process (PID=15155) to work on /Users/macbook/Documents/Documents_MacBook_Pro/ISTT/AirflowTutorial/envlibs/lib/python3.10/site-packages/airflow/example_dags/example_dag_decorator.py
[2023-06-22T16:06:25.546+0700] {processor.py:826} INFO - Processing file /Users/macbook/Documents/Documents_MacBook_Pro/ISTT/AirflowTutorial/envlibs/lib/python3.10/site-packages/airflow/example_dags/example_dag_decorator.py for tasks to queue
[2023-06-22T16:06:25.546+0700] {logging_mixin.py:149} INFO - [2023-06-22T16:06:25.546+0700] {dagbag.py:541} INFO - Filling up the DagBag from /Users/macbook/Documents/Documents_MacBook_Pro/ISTT/AirflowTutorial/envlibs/lib/python3.10/site-packages/airflow/example_dags/example_dag_decorator.py
[2023-06-22T16:06:25.749+0700] {processor.py:836} INFO - DAG(s) dict_keys(['example_dag_decorator']) retrieved from /Users/macbook/Documents/Documents_MacBook_Pro/ISTT/AirflowTutorial/envlibs/lib/python3.10/site-packages/airflow/example_dags/example_dag_decorator.py
[2023-06-22T16:06:26.499+0700] {logging_mixin.py:149} INFO - [2023-06-22T16:06:26.498+0700] {dag.py:2726} INFO - Sync 1 DAGs
[2023-06-22T16:06:26.515+0700] {logging_mixin.py:149} INFO - [2023-06-22T16:06:26.515+0700] {dag.py:3486} INFO - Setting next_dagrun for example_dag_decorator to None, run_after=None
[2023-06-22T16:06:26.534+0700] {processor.py:179} INFO - Processing /Users/macbook/Documents/Documents_MacBook_Pro/ISTT/AirflowTutorial/envlibs/lib/python3.10/site-packages/airflow/example_dags/example_dag_decorator.py took 0.990 seconds
[2023-06-22T16:10:40.190+0700] {processor.py:157} INFO - Started process (PID=15277) to work on /Users/macbook/Documents/Documents_MacBook_Pro/ISTT/AirflowTutorial/envlibs/lib/python3.10/site-packages/airflow/example_dags/example_dag_decorator.py
[2023-06-22T16:10:40.191+0700] {processor.py:826} INFO - Processing file /Users/macbook/Documents/Documents_MacBook_Pro/ISTT/AirflowTutorial/envlibs/lib/python3.10/site-packages/airflow/example_dags/example_dag_decorator.py for tasks to queue
[2023-06-22T16:10:40.192+0700] {logging_mixin.py:149} INFO - [2023-06-22T16:10:40.192+0700] {dagbag.py:541} INFO - Filling up the DagBag from /Users/macbook/Documents/Documents_MacBook_Pro/ISTT/AirflowTutorial/envlibs/lib/python3.10/site-packages/airflow/example_dags/example_dag_decorator.py
[2023-06-22T16:10:40.396+0700] {processor.py:836} INFO - DAG(s) dict_keys(['example_dag_decorator']) retrieved from /Users/macbook/Documents/Documents_MacBook_Pro/ISTT/AirflowTutorial/envlibs/lib/python3.10/site-packages/airflow/example_dags/example_dag_decorator.py
[2023-06-22T16:10:41.060+0700] {logging_mixin.py:149} INFO - [2023-06-22T16:10:41.060+0700] {dag.py:2726} INFO - Sync 1 DAGs
[2023-06-22T16:10:41.077+0700] {logging_mixin.py:149} INFO - [2023-06-22T16:10:41.076+0700] {dag.py:3486} INFO - Setting next_dagrun for example_dag_decorator to None, run_after=None
[2023-06-22T16:10:41.096+0700] {processor.py:179} INFO - Processing /Users/macbook/Documents/Documents_MacBook_Pro/ISTT/AirflowTutorial/envlibs/lib/python3.10/site-packages/airflow/example_dags/example_dag_decorator.py took 0.906 seconds
[2023-06-22T16:14:31.707+0700] {processor.py:157} INFO - Started process (PID=15383) to work on /Users/macbook/Documents/Documents_MacBook_Pro/ISTT/AirflowTutorial/envlibs/lib/python3.10/site-packages/airflow/example_dags/example_dag_decorator.py
[2023-06-22T16:14:31.709+0700] {processor.py:826} INFO - Processing file /Users/macbook/Documents/Documents_MacBook_Pro/ISTT/AirflowTutorial/envlibs/lib/python3.10/site-packages/airflow/example_dags/example_dag_decorator.py for tasks to queue
[2023-06-22T16:14:31.710+0700] {logging_mixin.py:149} INFO - [2023-06-22T16:14:31.710+0700] {dagbag.py:541} INFO - Filling up the DagBag from /Users/macbook/Documents/Documents_MacBook_Pro/ISTT/AirflowTutorial/envlibs/lib/python3.10/site-packages/airflow/example_dags/example_dag_decorator.py
[2023-06-22T16:14:31.960+0700] {processor.py:836} INFO - DAG(s) dict_keys(['example_dag_decorator']) retrieved from /Users/macbook/Documents/Documents_MacBook_Pro/ISTT/AirflowTutorial/envlibs/lib/python3.10/site-packages/airflow/example_dags/example_dag_decorator.py
[2023-06-22T16:14:32.838+0700] {logging_mixin.py:149} INFO - [2023-06-22T16:14:32.838+0700] {dag.py:2726} INFO - Sync 1 DAGs
[2023-06-22T16:14:32.856+0700] {logging_mixin.py:149} INFO - [2023-06-22T16:14:32.856+0700] {dag.py:3486} INFO - Setting next_dagrun for example_dag_decorator to None, run_after=None
[2023-06-22T16:14:32.879+0700] {processor.py:179} INFO - Processing /Users/macbook/Documents/Documents_MacBook_Pro/ISTT/AirflowTutorial/envlibs/lib/python3.10/site-packages/airflow/example_dags/example_dag_decorator.py took 1.173 seconds
[2023-06-22T16:18:51.623+0700] {processor.py:157} INFO - Started process (PID=15540) to work on /Users/macbook/Documents/Documents_MacBook_Pro/ISTT/AirflowTutorial/envlibs/lib/python3.10/site-packages/airflow/example_dags/example_dag_decorator.py
[2023-06-22T16:18:51.624+0700] {processor.py:826} INFO - Processing file /Users/macbook/Documents/Documents_MacBook_Pro/ISTT/AirflowTutorial/envlibs/lib/python3.10/site-packages/airflow/example_dags/example_dag_decorator.py for tasks to queue
[2023-06-22T16:18:51.625+0700] {logging_mixin.py:149} INFO - [2023-06-22T16:18:51.625+0700] {dagbag.py:541} INFO - Filling up the DagBag from /Users/macbook/Documents/Documents_MacBook_Pro/ISTT/AirflowTutorial/envlibs/lib/python3.10/site-packages/airflow/example_dags/example_dag_decorator.py
[2023-06-22T16:18:51.869+0700] {processor.py:836} INFO - DAG(s) dict_keys(['example_dag_decorator']) retrieved from /Users/macbook/Documents/Documents_MacBook_Pro/ISTT/AirflowTutorial/envlibs/lib/python3.10/site-packages/airflow/example_dags/example_dag_decorator.py
[2023-06-22T16:18:52.655+0700] {logging_mixin.py:149} INFO - [2023-06-22T16:18:52.655+0700] {dag.py:2726} INFO - Sync 1 DAGs
[2023-06-22T16:18:52.680+0700] {logging_mixin.py:149} INFO - [2023-06-22T16:18:52.679+0700] {dag.py:3486} INFO - Setting next_dagrun for example_dag_decorator to None, run_after=None
[2023-06-22T16:18:52.705+0700] {processor.py:179} INFO - Processing /Users/macbook/Documents/Documents_MacBook_Pro/ISTT/AirflowTutorial/envlibs/lib/python3.10/site-packages/airflow/example_dags/example_dag_decorator.py took 1.082 seconds
[2023-06-22T16:23:07.779+0700] {processor.py:157} INFO - Started process (PID=15657) to work on /Users/macbook/Documents/Documents_MacBook_Pro/ISTT/AirflowTutorial/envlibs/lib/python3.10/site-packages/airflow/example_dags/example_dag_decorator.py
[2023-06-22T16:23:07.780+0700] {processor.py:826} INFO - Processing file /Users/macbook/Documents/Documents_MacBook_Pro/ISTT/AirflowTutorial/envlibs/lib/python3.10/site-packages/airflow/example_dags/example_dag_decorator.py for tasks to queue
[2023-06-22T16:23:07.781+0700] {logging_mixin.py:149} INFO - [2023-06-22T16:23:07.781+0700] {dagbag.py:541} INFO - Filling up the DagBag from /Users/macbook/Documents/Documents_MacBook_Pro/ISTT/AirflowTutorial/envlibs/lib/python3.10/site-packages/airflow/example_dags/example_dag_decorator.py
[2023-06-22T16:23:08.007+0700] {processor.py:836} INFO - DAG(s) dict_keys(['example_dag_decorator']) retrieved from /Users/macbook/Documents/Documents_MacBook_Pro/ISTT/AirflowTutorial/envlibs/lib/python3.10/site-packages/airflow/example_dags/example_dag_decorator.py
[2023-06-22T16:23:08.719+0700] {logging_mixin.py:149} INFO - [2023-06-22T16:23:08.719+0700] {dag.py:2726} INFO - Sync 1 DAGs
[2023-06-22T16:23:08.737+0700] {logging_mixin.py:149} INFO - [2023-06-22T16:23:08.737+0700] {dag.py:3486} INFO - Setting next_dagrun for example_dag_decorator to None, run_after=None
[2023-06-22T16:23:08.756+0700] {processor.py:179} INFO - Processing /Users/macbook/Documents/Documents_MacBook_Pro/ISTT/AirflowTutorial/envlibs/lib/python3.10/site-packages/airflow/example_dags/example_dag_decorator.py took 0.978 seconds
[2023-06-22T16:27:03.199+0700] {processor.py:157} INFO - Started process (PID=15810) to work on /Users/macbook/Documents/Documents_MacBook_Pro/ISTT/AirflowTutorial/envlibs/lib/python3.10/site-packages/airflow/example_dags/example_dag_decorator.py
[2023-06-22T16:27:03.199+0700] {processor.py:826} INFO - Processing file /Users/macbook/Documents/Documents_MacBook_Pro/ISTT/AirflowTutorial/envlibs/lib/python3.10/site-packages/airflow/example_dags/example_dag_decorator.py for tasks to queue
[2023-06-22T16:27:03.200+0700] {logging_mixin.py:149} INFO - [2023-06-22T16:27:03.200+0700] {dagbag.py:541} INFO - Filling up the DagBag from /Users/macbook/Documents/Documents_MacBook_Pro/ISTT/AirflowTutorial/envlibs/lib/python3.10/site-packages/airflow/example_dags/example_dag_decorator.py
[2023-06-22T16:27:03.388+0700] {processor.py:836} INFO - DAG(s) dict_keys(['example_dag_decorator']) retrieved from /Users/macbook/Documents/Documents_MacBook_Pro/ISTT/AirflowTutorial/envlibs/lib/python3.10/site-packages/airflow/example_dags/example_dag_decorator.py
[2023-06-22T16:27:04.034+0700] {logging_mixin.py:149} INFO - [2023-06-22T16:27:04.033+0700] {dag.py:2726} INFO - Sync 1 DAGs
[2023-06-22T16:27:04.049+0700] {logging_mixin.py:149} INFO - [2023-06-22T16:27:04.048+0700] {dag.py:3486} INFO - Setting next_dagrun for example_dag_decorator to None, run_after=None
[2023-06-22T16:27:04.065+0700] {processor.py:179} INFO - Processing /Users/macbook/Documents/Documents_MacBook_Pro/ISTT/AirflowTutorial/envlibs/lib/python3.10/site-packages/airflow/example_dags/example_dag_decorator.py took 0.867 seconds
