[2023-06-22T14:28:40.074+0700] {processor.py:157} INFO - Started process (PID=11900) to work on /Users/macbook/Documents/Documents_MacBook_Pro/ISTT/AirflowTutorial/envlibs/lib/python3.10/site-packages/airflow/example_dags/example_datasets.py
[2023-06-22T14:28:40.075+0700] {processor.py:826} INFO - Processing file /Users/macbook/Documents/Documents_MacBook_Pro/ISTT/AirflowTutorial/envlibs/lib/python3.10/site-packages/airflow/example_dags/example_datasets.py for tasks to queue
[2023-06-22T14:28:40.075+0700] {logging_mixin.py:149} INFO - [2023-06-22T14:28:40.075+0700] {dagbag.py:541} INFO - Filling up the DagBag from /Users/macbook/Documents/Documents_MacBook_Pro/ISTT/AirflowTutorial/envlibs/lib/python3.10/site-packages/airflow/example_dags/example_datasets.py
[2023-06-22T14:28:40.104+0700] {processor.py:836} INFO - DAG(s) dict_keys(['dataset_consumes_unknown_never_scheduled', 'dataset_consumes_1', 'dataset_consumes_1_never_scheduled', 'dataset_produces_1', 'dataset_produces_2', 'dataset_consumes_1_and_2']) retrieved from /Users/macbook/Documents/Documents_MacBook_Pro/ISTT/AirflowTutorial/envlibs/lib/python3.10/site-packages/airflow/example_dags/example_datasets.py
[2023-06-22T14:28:40.919+0700] {logging_mixin.py:149} INFO - [2023-06-22T14:28:40.919+0700] {dag.py:2726} INFO - Sync 6 DAGs
[2023-06-22T14:28:40.934+0700] {logging_mixin.py:149} INFO - [2023-06-22T14:28:40.934+0700] {dag.py:3486} INFO - Setting next_dagrun for dataset_consumes_1 to None, run_after=None
[2023-06-22T14:28:40.935+0700] {logging_mixin.py:149} INFO - [2023-06-22T14:28:40.935+0700] {dag.py:3486} INFO - Setting next_dagrun for dataset_consumes_1_and_2 to None, run_after=None
[2023-06-22T14:28:40.936+0700] {logging_mixin.py:149} INFO - [2023-06-22T14:28:40.936+0700] {dag.py:3486} INFO - Setting next_dagrun for dataset_consumes_1_never_scheduled to None, run_after=None
[2023-06-22T14:28:40.937+0700] {logging_mixin.py:149} INFO - [2023-06-22T14:28:40.937+0700] {dag.py:3486} INFO - Setting next_dagrun for dataset_consumes_unknown_never_scheduled to None, run_after=None
[2023-06-22T14:28:40.939+0700] {logging_mixin.py:149} INFO - [2023-06-22T14:28:40.939+0700] {dag.py:3486} INFO - Setting next_dagrun for dataset_produces_1 to 2023-06-21T00:00:00+00:00, run_after=2023-06-22T00:00:00+00:00
[2023-06-22T14:28:40.940+0700] {logging_mixin.py:149} INFO - [2023-06-22T14:28:40.940+0700] {dag.py:3486} INFO - Setting next_dagrun for dataset_produces_2 to None, run_after=None
[2023-06-22T14:28:40.966+0700] {processor.py:179} INFO - Processing /Users/macbook/Documents/Documents_MacBook_Pro/ISTT/AirflowTutorial/envlibs/lib/python3.10/site-packages/airflow/example_dags/example_datasets.py took 0.893 seconds
[2023-06-22T14:33:02.577+0700] {processor.py:157} INFO - Started process (PID=12084) to work on /Users/macbook/Documents/Documents_MacBook_Pro/ISTT/AirflowTutorial/envlibs/lib/python3.10/site-packages/airflow/example_dags/example_datasets.py
[2023-06-22T14:33:02.579+0700] {processor.py:826} INFO - Processing file /Users/macbook/Documents/Documents_MacBook_Pro/ISTT/AirflowTutorial/envlibs/lib/python3.10/site-packages/airflow/example_dags/example_datasets.py for tasks to queue
[2023-06-22T14:33:02.580+0700] {logging_mixin.py:149} INFO - [2023-06-22T14:33:02.580+0700] {dagbag.py:541} INFO - Filling up the DagBag from /Users/macbook/Documents/Documents_MacBook_Pro/ISTT/AirflowTutorial/envlibs/lib/python3.10/site-packages/airflow/example_dags/example_datasets.py
[2023-06-22T14:33:02.639+0700] {processor.py:836} INFO - DAG(s) dict_keys(['dataset_produces_1', 'dataset_consumes_1_never_scheduled', 'dataset_consumes_1', 'dataset_produces_2', 'dataset_consumes_unknown_never_scheduled', 'dataset_consumes_1_and_2']) retrieved from /Users/macbook/Documents/Documents_MacBook_Pro/ISTT/AirflowTutorial/envlibs/lib/python3.10/site-packages/airflow/example_dags/example_datasets.py
[2023-06-22T14:33:04.087+0700] {logging_mixin.py:149} INFO - [2023-06-22T14:33:04.086+0700] {dag.py:2726} INFO - Sync 6 DAGs
[2023-06-22T14:33:04.102+0700] {logging_mixin.py:149} INFO - [2023-06-22T14:33:04.101+0700] {dag.py:2747} INFO - Creating ORM DAG for dataset_consumes_1
[2023-06-22T14:33:04.102+0700] {logging_mixin.py:149} INFO - [2023-06-22T14:33:04.102+0700] {dag.py:2747} INFO - Creating ORM DAG for dataset_consumes_1_never_scheduled
[2023-06-22T14:33:04.103+0700] {logging_mixin.py:149} INFO - [2023-06-22T14:33:04.103+0700] {dag.py:2747} INFO - Creating ORM DAG for dataset_consumes_unknown_never_scheduled
[2023-06-22T14:33:04.103+0700] {logging_mixin.py:149} INFO - [2023-06-22T14:33:04.103+0700] {dag.py:2747} INFO - Creating ORM DAG for dataset_consumes_1_and_2
[2023-06-22T14:33:04.104+0700] {logging_mixin.py:149} INFO - [2023-06-22T14:33:04.104+0700] {dag.py:2747} INFO - Creating ORM DAG for dataset_produces_2
[2023-06-22T14:33:04.104+0700] {logging_mixin.py:149} INFO - [2023-06-22T14:33:04.104+0700] {dag.py:2747} INFO - Creating ORM DAG for dataset_produces_1
[2023-06-22T14:33:04.116+0700] {logging_mixin.py:149} INFO - [2023-06-22T14:33:04.116+0700] {dag.py:3486} INFO - Setting next_dagrun for dataset_consumes_1 to None, run_after=None
[2023-06-22T14:33:04.117+0700] {logging_mixin.py:149} INFO - [2023-06-22T14:33:04.117+0700] {dag.py:3486} INFO - Setting next_dagrun for dataset_consumes_1_and_2 to None, run_after=None
[2023-06-22T14:33:04.118+0700] {logging_mixin.py:149} INFO - [2023-06-22T14:33:04.118+0700] {dag.py:3486} INFO - Setting next_dagrun for dataset_consumes_1_never_scheduled to None, run_after=None
[2023-06-22T14:33:04.119+0700] {logging_mixin.py:149} INFO - [2023-06-22T14:33:04.119+0700] {dag.py:3486} INFO - Setting next_dagrun for dataset_consumes_unknown_never_scheduled to None, run_after=None
[2023-06-22T14:33:04.122+0700] {logging_mixin.py:149} INFO - [2023-06-22T14:33:04.122+0700] {dag.py:3486} INFO - Setting next_dagrun for dataset_produces_1 to 2023-06-21T00:00:00+00:00, run_after=2023-06-22T00:00:00+00:00
[2023-06-22T14:33:04.123+0700] {logging_mixin.py:149} INFO - [2023-06-22T14:33:04.123+0700] {dag.py:3486} INFO - Setting next_dagrun for dataset_produces_2 to None, run_after=None
[2023-06-22T14:33:04.171+0700] {processor.py:179} INFO - Processing /Users/macbook/Documents/Documents_MacBook_Pro/ISTT/AirflowTutorial/envlibs/lib/python3.10/site-packages/airflow/example_dags/example_datasets.py took 1.595 seconds
[2023-06-22T14:36:11.450+0700] {processor.py:157} INFO - Started process (PID=12253) to work on /Users/macbook/Documents/Documents_MacBook_Pro/ISTT/AirflowTutorial/envlibs/lib/python3.10/site-packages/airflow/example_dags/example_datasets.py
[2023-06-22T14:36:11.451+0700] {processor.py:826} INFO - Processing file /Users/macbook/Documents/Documents_MacBook_Pro/ISTT/AirflowTutorial/envlibs/lib/python3.10/site-packages/airflow/example_dags/example_datasets.py for tasks to queue
[2023-06-22T14:36:11.452+0700] {logging_mixin.py:149} INFO - [2023-06-22T14:36:11.452+0700] {dagbag.py:541} INFO - Filling up the DagBag from /Users/macbook/Documents/Documents_MacBook_Pro/ISTT/AirflowTutorial/envlibs/lib/python3.10/site-packages/airflow/example_dags/example_datasets.py
[2023-06-22T14:36:11.504+0700] {processor.py:836} INFO - DAG(s) dict_keys(['dataset_consumes_unknown_never_scheduled', 'dataset_produces_2', 'dataset_consumes_1', 'dataset_produces_1', 'dataset_consumes_1_and_2', 'dataset_consumes_1_never_scheduled']) retrieved from /Users/macbook/Documents/Documents_MacBook_Pro/ISTT/AirflowTutorial/envlibs/lib/python3.10/site-packages/airflow/example_dags/example_datasets.py
[2023-06-22T14:36:12.680+0700] {logging_mixin.py:149} INFO - [2023-06-22T14:36:12.679+0700] {dag.py:2726} INFO - Sync 6 DAGs
[2023-06-22T14:36:12.692+0700] {logging_mixin.py:149} INFO - [2023-06-22T14:36:12.692+0700] {dag.py:2747} INFO - Creating ORM DAG for dataset_consumes_1
[2023-06-22T14:36:12.693+0700] {logging_mixin.py:149} INFO - [2023-06-22T14:36:12.693+0700] {dag.py:2747} INFO - Creating ORM DAG for dataset_consumes_1_and_2
[2023-06-22T14:36:12.694+0700] {logging_mixin.py:149} INFO - [2023-06-22T14:36:12.694+0700] {dag.py:2747} INFO - Creating ORM DAG for dataset_consumes_unknown_never_scheduled
[2023-06-22T14:36:12.695+0700] {logging_mixin.py:149} INFO - [2023-06-22T14:36:12.694+0700] {dag.py:2747} INFO - Creating ORM DAG for dataset_produces_1
[2023-06-22T14:36:12.695+0700] {logging_mixin.py:149} INFO - [2023-06-22T14:36:12.695+0700] {dag.py:2747} INFO - Creating ORM DAG for dataset_consumes_1_never_scheduled
[2023-06-22T14:36:12.696+0700] {logging_mixin.py:149} INFO - [2023-06-22T14:36:12.696+0700] {dag.py:2747} INFO - Creating ORM DAG for dataset_produces_2
[2023-06-22T14:36:12.706+0700] {logging_mixin.py:149} INFO - [2023-06-22T14:36:12.705+0700] {dag.py:3486} INFO - Setting next_dagrun for dataset_consumes_1 to None, run_after=None
[2023-06-22T14:36:12.706+0700] {logging_mixin.py:149} INFO - [2023-06-22T14:36:12.706+0700] {dag.py:3486} INFO - Setting next_dagrun for dataset_consumes_1_and_2 to None, run_after=None
[2023-06-22T14:36:12.707+0700] {logging_mixin.py:149} INFO - [2023-06-22T14:36:12.707+0700] {dag.py:3486} INFO - Setting next_dagrun for dataset_consumes_1_never_scheduled to None, run_after=None
[2023-06-22T14:36:12.707+0700] {logging_mixin.py:149} INFO - [2023-06-22T14:36:12.707+0700] {dag.py:3486} INFO - Setting next_dagrun for dataset_consumes_unknown_never_scheduled to None, run_after=None
[2023-06-22T14:36:12.711+0700] {logging_mixin.py:149} INFO - [2023-06-22T14:36:12.711+0700] {dag.py:3486} INFO - Setting next_dagrun for dataset_produces_1 to 2023-06-21T00:00:00+00:00, run_after=2023-06-22T00:00:00+00:00
[2023-06-22T14:36:12.712+0700] {logging_mixin.py:149} INFO - [2023-06-22T14:36:12.712+0700] {dag.py:3486} INFO - Setting next_dagrun for dataset_produces_2 to None, run_after=None
[2023-06-22T14:36:12.760+0700] {processor.py:179} INFO - Processing /Users/macbook/Documents/Documents_MacBook_Pro/ISTT/AirflowTutorial/envlibs/lib/python3.10/site-packages/airflow/example_dags/example_datasets.py took 1.311 seconds
[2023-06-22T14:41:12.948+0700] {processor.py:157} INFO - Started process (PID=12496) to work on /Users/macbook/Documents/Documents_MacBook_Pro/ISTT/AirflowTutorial/envlibs/lib/python3.10/site-packages/airflow/example_dags/example_datasets.py
[2023-06-22T14:41:12.949+0700] {processor.py:826} INFO - Processing file /Users/macbook/Documents/Documents_MacBook_Pro/ISTT/AirflowTutorial/envlibs/lib/python3.10/site-packages/airflow/example_dags/example_datasets.py for tasks to queue
[2023-06-22T14:41:12.950+0700] {logging_mixin.py:149} INFO - [2023-06-22T14:41:12.950+0700] {dagbag.py:541} INFO - Filling up the DagBag from /Users/macbook/Documents/Documents_MacBook_Pro/ISTT/AirflowTutorial/envlibs/lib/python3.10/site-packages/airflow/example_dags/example_datasets.py
[2023-06-22T14:41:12.976+0700] {processor.py:836} INFO - DAG(s) dict_keys(['dataset_consumes_1_and_2', 'dataset_produces_2', 'dataset_consumes_1', 'dataset_produces_1', 'dataset_consumes_1_never_scheduled', 'dataset_consumes_unknown_never_scheduled']) retrieved from /Users/macbook/Documents/Documents_MacBook_Pro/ISTT/AirflowTutorial/envlibs/lib/python3.10/site-packages/airflow/example_dags/example_datasets.py
[2023-06-22T14:41:13.928+0700] {logging_mixin.py:149} INFO - [2023-06-22T14:41:13.928+0700] {dag.py:2726} INFO - Sync 6 DAGs
[2023-06-22T14:41:13.938+0700] {logging_mixin.py:149} INFO - [2023-06-22T14:41:13.938+0700] {dag.py:2747} INFO - Creating ORM DAG for dataset_consumes_1_and_2
[2023-06-22T14:41:13.939+0700] {logging_mixin.py:149} INFO - [2023-06-22T14:41:13.939+0700] {dag.py:2747} INFO - Creating ORM DAG for dataset_consumes_1
[2023-06-22T14:41:13.939+0700] {logging_mixin.py:149} INFO - [2023-06-22T14:41:13.939+0700] {dag.py:2747} INFO - Creating ORM DAG for dataset_produces_1
[2023-06-22T14:41:13.940+0700] {logging_mixin.py:149} INFO - [2023-06-22T14:41:13.940+0700] {dag.py:2747} INFO - Creating ORM DAG for dataset_consumes_1_never_scheduled
[2023-06-22T14:41:13.940+0700] {logging_mixin.py:149} INFO - [2023-06-22T14:41:13.940+0700] {dag.py:2747} INFO - Creating ORM DAG for dataset_consumes_unknown_never_scheduled
[2023-06-22T14:41:13.940+0700] {logging_mixin.py:149} INFO - [2023-06-22T14:41:13.940+0700] {dag.py:2747} INFO - Creating ORM DAG for dataset_produces_2
[2023-06-22T14:41:13.948+0700] {logging_mixin.py:149} INFO - [2023-06-22T14:41:13.948+0700] {dag.py:3486} INFO - Setting next_dagrun for dataset_consumes_1 to None, run_after=None
[2023-06-22T14:41:13.949+0700] {logging_mixin.py:149} INFO - [2023-06-22T14:41:13.949+0700] {dag.py:3486} INFO - Setting next_dagrun for dataset_consumes_1_and_2 to None, run_after=None
[2023-06-22T14:41:13.949+0700] {logging_mixin.py:149} INFO - [2023-06-22T14:41:13.949+0700] {dag.py:3486} INFO - Setting next_dagrun for dataset_consumes_1_never_scheduled to None, run_after=None
[2023-06-22T14:41:13.950+0700] {logging_mixin.py:149} INFO - [2023-06-22T14:41:13.950+0700] {dag.py:3486} INFO - Setting next_dagrun for dataset_consumes_unknown_never_scheduled to None, run_after=None
[2023-06-22T14:41:13.952+0700] {logging_mixin.py:149} INFO - [2023-06-22T14:41:13.952+0700] {dag.py:3486} INFO - Setting next_dagrun for dataset_produces_1 to 2023-06-21T00:00:00+00:00, run_after=2023-06-22T00:00:00+00:00
[2023-06-22T14:41:13.952+0700] {logging_mixin.py:149} INFO - [2023-06-22T14:41:13.952+0700] {dag.py:3486} INFO - Setting next_dagrun for dataset_produces_2 to None, run_after=None
[2023-06-22T14:41:13.986+0700] {processor.py:179} INFO - Processing /Users/macbook/Documents/Documents_MacBook_Pro/ISTT/AirflowTutorial/envlibs/lib/python3.10/site-packages/airflow/example_dags/example_datasets.py took 1.039 seconds
[2023-06-22T14:45:25.666+0700] {processor.py:157} INFO - Started process (PID=12606) to work on /Users/macbook/Documents/Documents_MacBook_Pro/ISTT/AirflowTutorial/envlibs/lib/python3.10/site-packages/airflow/example_dags/example_datasets.py
[2023-06-22T14:45:25.668+0700] {processor.py:826} INFO - Processing file /Users/macbook/Documents/Documents_MacBook_Pro/ISTT/AirflowTutorial/envlibs/lib/python3.10/site-packages/airflow/example_dags/example_datasets.py for tasks to queue
[2023-06-22T14:45:25.669+0700] {logging_mixin.py:149} INFO - [2023-06-22T14:45:25.669+0700] {dagbag.py:541} INFO - Filling up the DagBag from /Users/macbook/Documents/Documents_MacBook_Pro/ISTT/AirflowTutorial/envlibs/lib/python3.10/site-packages/airflow/example_dags/example_datasets.py
[2023-06-22T14:45:25.700+0700] {processor.py:836} INFO - DAG(s) dict_keys(['dataset_consumes_unknown_never_scheduled', 'dataset_consumes_1_and_2', 'dataset_consumes_1_never_scheduled', 'dataset_consumes_1', 'dataset_produces_1', 'dataset_produces_2']) retrieved from /Users/macbook/Documents/Documents_MacBook_Pro/ISTT/AirflowTutorial/envlibs/lib/python3.10/site-packages/airflow/example_dags/example_datasets.py
[2023-06-22T14:45:26.840+0700] {logging_mixin.py:149} INFO - [2023-06-22T14:45:26.840+0700] {dag.py:2726} INFO - Sync 6 DAGs
[2023-06-22T14:45:26.861+0700] {logging_mixin.py:149} INFO - [2023-06-22T14:45:26.861+0700] {dag.py:3486} INFO - Setting next_dagrun for dataset_consumes_1 to None, run_after=None
[2023-06-22T14:45:26.863+0700] {logging_mixin.py:149} INFO - [2023-06-22T14:45:26.863+0700] {dag.py:3486} INFO - Setting next_dagrun for dataset_consumes_1_and_2 to None, run_after=None
[2023-06-22T14:45:26.865+0700] {logging_mixin.py:149} INFO - [2023-06-22T14:45:26.864+0700] {dag.py:3486} INFO - Setting next_dagrun for dataset_consumes_1_never_scheduled to None, run_after=None
[2023-06-22T14:45:26.865+0700] {logging_mixin.py:149} INFO - [2023-06-22T14:45:26.865+0700] {dag.py:3486} INFO - Setting next_dagrun for dataset_consumes_unknown_never_scheduled to None, run_after=None
[2023-06-22T14:45:26.869+0700] {logging_mixin.py:149} INFO - [2023-06-22T14:45:26.868+0700] {dag.py:3486} INFO - Setting next_dagrun for dataset_produces_1 to 2023-06-21T00:00:00+00:00, run_after=2023-06-22T00:00:00+00:00
[2023-06-22T14:45:26.869+0700] {logging_mixin.py:149} INFO - [2023-06-22T14:45:26.869+0700] {dag.py:3486} INFO - Setting next_dagrun for dataset_produces_2 to None, run_after=None
[2023-06-22T14:45:26.904+0700] {processor.py:179} INFO - Processing /Users/macbook/Documents/Documents_MacBook_Pro/ISTT/AirflowTutorial/envlibs/lib/python3.10/site-packages/airflow/example_dags/example_datasets.py took 1.238 seconds
[2023-06-22T14:49:39.799+0700] {processor.py:157} INFO - Started process (PID=12729) to work on /Users/macbook/Documents/Documents_MacBook_Pro/ISTT/AirflowTutorial/envlibs/lib/python3.10/site-packages/airflow/example_dags/example_datasets.py
[2023-06-22T14:49:39.800+0700] {processor.py:826} INFO - Processing file /Users/macbook/Documents/Documents_MacBook_Pro/ISTT/AirflowTutorial/envlibs/lib/python3.10/site-packages/airflow/example_dags/example_datasets.py for tasks to queue
[2023-06-22T14:49:39.801+0700] {logging_mixin.py:149} INFO - [2023-06-22T14:49:39.801+0700] {dagbag.py:541} INFO - Filling up the DagBag from /Users/macbook/Documents/Documents_MacBook_Pro/ISTT/AirflowTutorial/envlibs/lib/python3.10/site-packages/airflow/example_dags/example_datasets.py
[2023-06-22T14:49:39.826+0700] {processor.py:836} INFO - DAG(s) dict_keys(['dataset_consumes_1_and_2', 'dataset_consumes_1', 'dataset_produces_2', 'dataset_consumes_unknown_never_scheduled', 'dataset_consumes_1_never_scheduled', 'dataset_produces_1']) retrieved from /Users/macbook/Documents/Documents_MacBook_Pro/ISTT/AirflowTutorial/envlibs/lib/python3.10/site-packages/airflow/example_dags/example_datasets.py
[2023-06-22T14:49:40.652+0700] {logging_mixin.py:149} INFO - [2023-06-22T14:49:40.652+0700] {dag.py:2726} INFO - Sync 6 DAGs
[2023-06-22T14:49:40.668+0700] {logging_mixin.py:149} INFO - [2023-06-22T14:49:40.667+0700] {dag.py:3486} INFO - Setting next_dagrun for dataset_consumes_1 to None, run_after=None
[2023-06-22T14:49:40.669+0700] {logging_mixin.py:149} INFO - [2023-06-22T14:49:40.669+0700] {dag.py:3486} INFO - Setting next_dagrun for dataset_consumes_1_and_2 to None, run_after=None
[2023-06-22T14:49:40.670+0700] {logging_mixin.py:149} INFO - [2023-06-22T14:49:40.670+0700] {dag.py:3486} INFO - Setting next_dagrun for dataset_consumes_1_never_scheduled to None, run_after=None
[2023-06-22T14:49:40.671+0700] {logging_mixin.py:149} INFO - [2023-06-22T14:49:40.671+0700] {dag.py:3486} INFO - Setting next_dagrun for dataset_consumes_unknown_never_scheduled to None, run_after=None
[2023-06-22T14:49:40.673+0700] {logging_mixin.py:149} INFO - [2023-06-22T14:49:40.673+0700] {dag.py:3486} INFO - Setting next_dagrun for dataset_produces_1 to 2023-06-21T00:00:00+00:00, run_after=2023-06-22T00:00:00+00:00
[2023-06-22T14:49:40.674+0700] {logging_mixin.py:149} INFO - [2023-06-22T14:49:40.673+0700] {dag.py:3486} INFO - Setting next_dagrun for dataset_produces_2 to None, run_after=None
[2023-06-22T14:49:40.701+0700] {processor.py:179} INFO - Processing /Users/macbook/Documents/Documents_MacBook_Pro/ISTT/AirflowTutorial/envlibs/lib/python3.10/site-packages/airflow/example_dags/example_datasets.py took 0.903 seconds
[2023-06-22T14:53:40.873+0700] {processor.py:157} INFO - Started process (PID=12838) to work on /Users/macbook/Documents/Documents_MacBook_Pro/ISTT/AirflowTutorial/envlibs/lib/python3.10/site-packages/airflow/example_dags/example_datasets.py
[2023-06-22T14:53:40.874+0700] {processor.py:826} INFO - Processing file /Users/macbook/Documents/Documents_MacBook_Pro/ISTT/AirflowTutorial/envlibs/lib/python3.10/site-packages/airflow/example_dags/example_datasets.py for tasks to queue
[2023-06-22T14:53:40.875+0700] {logging_mixin.py:149} INFO - [2023-06-22T14:53:40.874+0700] {dagbag.py:541} INFO - Filling up the DagBag from /Users/macbook/Documents/Documents_MacBook_Pro/ISTT/AirflowTutorial/envlibs/lib/python3.10/site-packages/airflow/example_dags/example_datasets.py
[2023-06-22T14:53:40.903+0700] {processor.py:836} INFO - DAG(s) dict_keys(['dataset_consumes_1_never_scheduled', 'dataset_produces_1', 'dataset_consumes_1_and_2', 'dataset_produces_2', 'dataset_consumes_1', 'dataset_consumes_unknown_never_scheduled']) retrieved from /Users/macbook/Documents/Documents_MacBook_Pro/ISTT/AirflowTutorial/envlibs/lib/python3.10/site-packages/airflow/example_dags/example_datasets.py
[2023-06-22T14:53:41.824+0700] {logging_mixin.py:149} INFO - [2023-06-22T14:53:41.824+0700] {dag.py:2726} INFO - Sync 6 DAGs
[2023-06-22T14:53:41.841+0700] {logging_mixin.py:149} INFO - [2023-06-22T14:53:41.841+0700] {dag.py:3486} INFO - Setting next_dagrun for dataset_consumes_1 to None, run_after=None
[2023-06-22T14:53:41.843+0700] {logging_mixin.py:149} INFO - [2023-06-22T14:53:41.843+0700] {dag.py:3486} INFO - Setting next_dagrun for dataset_consumes_1_and_2 to None, run_after=None
[2023-06-22T14:53:41.844+0700] {logging_mixin.py:149} INFO - [2023-06-22T14:53:41.844+0700] {dag.py:3486} INFO - Setting next_dagrun for dataset_consumes_1_never_scheduled to None, run_after=None
[2023-06-22T14:53:41.845+0700] {logging_mixin.py:149} INFO - [2023-06-22T14:53:41.845+0700] {dag.py:3486} INFO - Setting next_dagrun for dataset_consumes_unknown_never_scheduled to None, run_after=None
[2023-06-22T14:53:41.848+0700] {logging_mixin.py:149} INFO - [2023-06-22T14:53:41.848+0700] {dag.py:3486} INFO - Setting next_dagrun for dataset_produces_1 to 2023-06-21T00:00:00+00:00, run_after=2023-06-22T00:00:00+00:00
[2023-06-22T14:53:41.849+0700] {logging_mixin.py:149} INFO - [2023-06-22T14:53:41.849+0700] {dag.py:3486} INFO - Setting next_dagrun for dataset_produces_2 to None, run_after=None
[2023-06-22T14:53:41.878+0700] {processor.py:179} INFO - Processing /Users/macbook/Documents/Documents_MacBook_Pro/ISTT/AirflowTutorial/envlibs/lib/python3.10/site-packages/airflow/example_dags/example_datasets.py took 1.006 seconds
[2023-06-22T14:57:34.054+0700] {processor.py:157} INFO - Started process (PID=12945) to work on /Users/macbook/Documents/Documents_MacBook_Pro/ISTT/AirflowTutorial/envlibs/lib/python3.10/site-packages/airflow/example_dags/example_datasets.py
[2023-06-22T14:57:34.056+0700] {processor.py:826} INFO - Processing file /Users/macbook/Documents/Documents_MacBook_Pro/ISTT/AirflowTutorial/envlibs/lib/python3.10/site-packages/airflow/example_dags/example_datasets.py for tasks to queue
[2023-06-22T14:57:34.056+0700] {logging_mixin.py:149} INFO - [2023-06-22T14:57:34.056+0700] {dagbag.py:541} INFO - Filling up the DagBag from /Users/macbook/Documents/Documents_MacBook_Pro/ISTT/AirflowTutorial/envlibs/lib/python3.10/site-packages/airflow/example_dags/example_datasets.py
[2023-06-22T14:57:34.083+0700] {processor.py:836} INFO - DAG(s) dict_keys(['dataset_consumes_1_and_2', 'dataset_produces_2', 'dataset_consumes_1_never_scheduled', 'dataset_produces_1', 'dataset_consumes_1', 'dataset_consumes_unknown_never_scheduled']) retrieved from /Users/macbook/Documents/Documents_MacBook_Pro/ISTT/AirflowTutorial/envlibs/lib/python3.10/site-packages/airflow/example_dags/example_datasets.py
[2023-06-22T14:57:35.081+0700] {logging_mixin.py:149} INFO - [2023-06-22T14:57:35.081+0700] {dag.py:2726} INFO - Sync 6 DAGs
[2023-06-22T14:57:35.100+0700] {logging_mixin.py:149} INFO - [2023-06-22T14:57:35.100+0700] {dag.py:3486} INFO - Setting next_dagrun for dataset_consumes_1 to None, run_after=None
[2023-06-22T14:57:35.103+0700] {logging_mixin.py:149} INFO - [2023-06-22T14:57:35.103+0700] {dag.py:3486} INFO - Setting next_dagrun for dataset_consumes_1_and_2 to None, run_after=None
[2023-06-22T14:57:35.104+0700] {logging_mixin.py:149} INFO - [2023-06-22T14:57:35.104+0700] {dag.py:3486} INFO - Setting next_dagrun for dataset_consumes_1_never_scheduled to None, run_after=None
[2023-06-22T14:57:35.105+0700] {logging_mixin.py:149} INFO - [2023-06-22T14:57:35.104+0700] {dag.py:3486} INFO - Setting next_dagrun for dataset_consumes_unknown_never_scheduled to None, run_after=None
[2023-06-22T14:57:35.107+0700] {logging_mixin.py:149} INFO - [2023-06-22T14:57:35.107+0700] {dag.py:3486} INFO - Setting next_dagrun for dataset_produces_1 to 2023-06-21T00:00:00+00:00, run_after=2023-06-22T00:00:00+00:00
[2023-06-22T14:57:35.108+0700] {logging_mixin.py:149} INFO - [2023-06-22T14:57:35.108+0700] {dag.py:3486} INFO - Setting next_dagrun for dataset_produces_2 to None, run_after=None
[2023-06-22T14:57:35.138+0700] {processor.py:179} INFO - Processing /Users/macbook/Documents/Documents_MacBook_Pro/ISTT/AirflowTutorial/envlibs/lib/python3.10/site-packages/airflow/example_dags/example_datasets.py took 1.085 seconds
[2023-06-22T15:01:41.782+0700] {processor.py:157} INFO - Started process (PID=13052) to work on /Users/macbook/Documents/Documents_MacBook_Pro/ISTT/AirflowTutorial/envlibs/lib/python3.10/site-packages/airflow/example_dags/example_datasets.py
[2023-06-22T15:01:41.784+0700] {processor.py:826} INFO - Processing file /Users/macbook/Documents/Documents_MacBook_Pro/ISTT/AirflowTutorial/envlibs/lib/python3.10/site-packages/airflow/example_dags/example_datasets.py for tasks to queue
[2023-06-22T15:01:41.784+0700] {logging_mixin.py:149} INFO - [2023-06-22T15:01:41.784+0700] {dagbag.py:541} INFO - Filling up the DagBag from /Users/macbook/Documents/Documents_MacBook_Pro/ISTT/AirflowTutorial/envlibs/lib/python3.10/site-packages/airflow/example_dags/example_datasets.py
[2023-06-22T15:01:41.810+0700] {processor.py:836} INFO - DAG(s) dict_keys(['dataset_produces_1', 'dataset_produces_2', 'dataset_consumes_1_and_2', 'dataset_consumes_1', 'dataset_consumes_unknown_never_scheduled', 'dataset_consumes_1_never_scheduled']) retrieved from /Users/macbook/Documents/Documents_MacBook_Pro/ISTT/AirflowTutorial/envlibs/lib/python3.10/site-packages/airflow/example_dags/example_datasets.py
[2023-06-22T15:01:42.750+0700] {logging_mixin.py:149} INFO - [2023-06-22T15:01:42.750+0700] {dag.py:2726} INFO - Sync 6 DAGs
[2023-06-22T15:01:42.767+0700] {logging_mixin.py:149} INFO - [2023-06-22T15:01:42.767+0700] {dag.py:3486} INFO - Setting next_dagrun for dataset_consumes_1 to None, run_after=None
[2023-06-22T15:01:42.769+0700] {logging_mixin.py:149} INFO - [2023-06-22T15:01:42.769+0700] {dag.py:3486} INFO - Setting next_dagrun for dataset_consumes_1_and_2 to None, run_after=None
[2023-06-22T15:01:42.769+0700] {logging_mixin.py:149} INFO - [2023-06-22T15:01:42.769+0700] {dag.py:3486} INFO - Setting next_dagrun for dataset_consumes_1_never_scheduled to None, run_after=None
[2023-06-22T15:01:42.770+0700] {logging_mixin.py:149} INFO - [2023-06-22T15:01:42.770+0700] {dag.py:3486} INFO - Setting next_dagrun for dataset_consumes_unknown_never_scheduled to None, run_after=None
[2023-06-22T15:01:42.772+0700] {logging_mixin.py:149} INFO - [2023-06-22T15:01:42.772+0700] {dag.py:3486} INFO - Setting next_dagrun for dataset_produces_1 to 2023-06-21T00:00:00+00:00, run_after=2023-06-22T00:00:00+00:00
[2023-06-22T15:01:42.773+0700] {logging_mixin.py:149} INFO - [2023-06-22T15:01:42.773+0700] {dag.py:3486} INFO - Setting next_dagrun for dataset_produces_2 to None, run_after=None
[2023-06-22T15:01:42.801+0700] {processor.py:179} INFO - Processing /Users/macbook/Documents/Documents_MacBook_Pro/ISTT/AirflowTutorial/envlibs/lib/python3.10/site-packages/airflow/example_dags/example_datasets.py took 1.020 seconds
[2023-06-22T15:05:47.909+0700] {processor.py:157} INFO - Started process (PID=13195) to work on /Users/macbook/Documents/Documents_MacBook_Pro/ISTT/AirflowTutorial/envlibs/lib/python3.10/site-packages/airflow/example_dags/example_datasets.py
[2023-06-22T15:05:47.910+0700] {processor.py:826} INFO - Processing file /Users/macbook/Documents/Documents_MacBook_Pro/ISTT/AirflowTutorial/envlibs/lib/python3.10/site-packages/airflow/example_dags/example_datasets.py for tasks to queue
[2023-06-22T15:05:47.911+0700] {logging_mixin.py:149} INFO - [2023-06-22T15:05:47.911+0700] {dagbag.py:541} INFO - Filling up the DagBag from /Users/macbook/Documents/Documents_MacBook_Pro/ISTT/AirflowTutorial/envlibs/lib/python3.10/site-packages/airflow/example_dags/example_datasets.py
[2023-06-22T15:05:47.945+0700] {processor.py:836} INFO - DAG(s) dict_keys(['dataset_consumes_1', 'dataset_consumes_1_never_scheduled', 'dataset_consumes_unknown_never_scheduled', 'dataset_produces_2', 'dataset_produces_1', 'dataset_consumes_1_and_2']) retrieved from /Users/macbook/Documents/Documents_MacBook_Pro/ISTT/AirflowTutorial/envlibs/lib/python3.10/site-packages/airflow/example_dags/example_datasets.py
[2023-06-22T15:05:48.897+0700] {logging_mixin.py:149} INFO - [2023-06-22T15:05:48.896+0700] {dag.py:2726} INFO - Sync 6 DAGs
[2023-06-22T15:05:48.915+0700] {logging_mixin.py:149} INFO - [2023-06-22T15:05:48.915+0700] {dag.py:3486} INFO - Setting next_dagrun for dataset_consumes_1 to None, run_after=None
[2023-06-22T15:05:48.917+0700] {logging_mixin.py:149} INFO - [2023-06-22T15:05:48.917+0700] {dag.py:3486} INFO - Setting next_dagrun for dataset_consumes_1_and_2 to None, run_after=None
[2023-06-22T15:05:48.918+0700] {logging_mixin.py:149} INFO - [2023-06-22T15:05:48.918+0700] {dag.py:3486} INFO - Setting next_dagrun for dataset_consumes_1_never_scheduled to None, run_after=None
[2023-06-22T15:05:48.919+0700] {logging_mixin.py:149} INFO - [2023-06-22T15:05:48.919+0700] {dag.py:3486} INFO - Setting next_dagrun for dataset_consumes_unknown_never_scheduled to None, run_after=None
[2023-06-22T15:05:48.922+0700] {logging_mixin.py:149} INFO - [2023-06-22T15:05:48.922+0700] {dag.py:3486} INFO - Setting next_dagrun for dataset_produces_1 to 2023-06-21T00:00:00+00:00, run_after=2023-06-22T00:00:00+00:00
[2023-06-22T15:05:48.923+0700] {logging_mixin.py:149} INFO - [2023-06-22T15:05:48.923+0700] {dag.py:3486} INFO - Setting next_dagrun for dataset_produces_2 to None, run_after=None
[2023-06-22T15:05:48.953+0700] {processor.py:179} INFO - Processing /Users/macbook/Documents/Documents_MacBook_Pro/ISTT/AirflowTutorial/envlibs/lib/python3.10/site-packages/airflow/example_dags/example_datasets.py took 1.045 seconds
[2023-06-22T15:09:56.978+0700] {processor.py:157} INFO - Started process (PID=13349) to work on /Users/macbook/Documents/Documents_MacBook_Pro/ISTT/AirflowTutorial/envlibs/lib/python3.10/site-packages/airflow/example_dags/example_datasets.py
[2023-06-22T15:09:56.979+0700] {processor.py:826} INFO - Processing file /Users/macbook/Documents/Documents_MacBook_Pro/ISTT/AirflowTutorial/envlibs/lib/python3.10/site-packages/airflow/example_dags/example_datasets.py for tasks to queue
[2023-06-22T15:09:56.980+0700] {logging_mixin.py:149} INFO - [2023-06-22T15:09:56.980+0700] {dagbag.py:541} INFO - Filling up the DagBag from /Users/macbook/Documents/Documents_MacBook_Pro/ISTT/AirflowTutorial/envlibs/lib/python3.10/site-packages/airflow/example_dags/example_datasets.py
[2023-06-22T15:09:57.006+0700] {processor.py:836} INFO - DAG(s) dict_keys(['dataset_consumes_1_never_scheduled', 'dataset_consumes_1', 'dataset_produces_1', 'dataset_consumes_1_and_2', 'dataset_consumes_unknown_never_scheduled', 'dataset_produces_2']) retrieved from /Users/macbook/Documents/Documents_MacBook_Pro/ISTT/AirflowTutorial/envlibs/lib/python3.10/site-packages/airflow/example_dags/example_datasets.py
[2023-06-22T15:09:57.919+0700] {logging_mixin.py:149} INFO - [2023-06-22T15:09:57.919+0700] {dag.py:2726} INFO - Sync 6 DAGs
[2023-06-22T15:09:57.936+0700] {logging_mixin.py:149} INFO - [2023-06-22T15:09:57.936+0700] {dag.py:3486} INFO - Setting next_dagrun for dataset_consumes_1 to None, run_after=None
[2023-06-22T15:09:57.938+0700] {logging_mixin.py:149} INFO - [2023-06-22T15:09:57.938+0700] {dag.py:3486} INFO - Setting next_dagrun for dataset_consumes_1_and_2 to None, run_after=None
[2023-06-22T15:09:57.939+0700] {logging_mixin.py:149} INFO - [2023-06-22T15:09:57.939+0700] {dag.py:3486} INFO - Setting next_dagrun for dataset_consumes_1_never_scheduled to None, run_after=None
[2023-06-22T15:09:57.940+0700] {logging_mixin.py:149} INFO - [2023-06-22T15:09:57.940+0700] {dag.py:3486} INFO - Setting next_dagrun for dataset_consumes_unknown_never_scheduled to None, run_after=None
[2023-06-22T15:09:57.942+0700] {logging_mixin.py:149} INFO - [2023-06-22T15:09:57.942+0700] {dag.py:3486} INFO - Setting next_dagrun for dataset_produces_1 to 2023-06-21T00:00:00+00:00, run_after=2023-06-22T00:00:00+00:00
[2023-06-22T15:09:57.943+0700] {logging_mixin.py:149} INFO - [2023-06-22T15:09:57.943+0700] {dag.py:3486} INFO - Setting next_dagrun for dataset_produces_2 to None, run_after=None
[2023-06-22T15:09:57.972+0700] {processor.py:179} INFO - Processing /Users/macbook/Documents/Documents_MacBook_Pro/ISTT/AirflowTutorial/envlibs/lib/python3.10/site-packages/airflow/example_dags/example_datasets.py took 0.995 seconds
[2023-06-22T15:14:08.754+0700] {processor.py:157} INFO - Started process (PID=13504) to work on /Users/macbook/Documents/Documents_MacBook_Pro/ISTT/AirflowTutorial/envlibs/lib/python3.10/site-packages/airflow/example_dags/example_datasets.py
[2023-06-22T15:14:08.756+0700] {processor.py:826} INFO - Processing file /Users/macbook/Documents/Documents_MacBook_Pro/ISTT/AirflowTutorial/envlibs/lib/python3.10/site-packages/airflow/example_dags/example_datasets.py for tasks to queue
[2023-06-22T15:14:08.756+0700] {logging_mixin.py:149} INFO - [2023-06-22T15:14:08.756+0700] {dagbag.py:541} INFO - Filling up the DagBag from /Users/macbook/Documents/Documents_MacBook_Pro/ISTT/AirflowTutorial/envlibs/lib/python3.10/site-packages/airflow/example_dags/example_datasets.py
[2023-06-22T15:14:08.786+0700] {processor.py:836} INFO - DAG(s) dict_keys(['dataset_consumes_1', 'dataset_consumes_unknown_never_scheduled', 'dataset_produces_2', 'dataset_consumes_1_never_scheduled', 'dataset_produces_1', 'dataset_consumes_1_and_2']) retrieved from /Users/macbook/Documents/Documents_MacBook_Pro/ISTT/AirflowTutorial/envlibs/lib/python3.10/site-packages/airflow/example_dags/example_datasets.py
[2023-06-22T15:14:09.772+0700] {logging_mixin.py:149} INFO - [2023-06-22T15:14:09.772+0700] {dag.py:2726} INFO - Sync 6 DAGs
[2023-06-22T15:14:09.795+0700] {logging_mixin.py:149} INFO - [2023-06-22T15:14:09.795+0700] {dag.py:3486} INFO - Setting next_dagrun for dataset_consumes_1 to None, run_after=None
[2023-06-22T15:14:09.799+0700] {logging_mixin.py:149} INFO - [2023-06-22T15:14:09.799+0700] {dag.py:3486} INFO - Setting next_dagrun for dataset_consumes_1_and_2 to None, run_after=None
[2023-06-22T15:14:09.800+0700] {logging_mixin.py:149} INFO - [2023-06-22T15:14:09.800+0700] {dag.py:3486} INFO - Setting next_dagrun for dataset_consumes_1_never_scheduled to None, run_after=None
[2023-06-22T15:14:09.802+0700] {logging_mixin.py:149} INFO - [2023-06-22T15:14:09.802+0700] {dag.py:3486} INFO - Setting next_dagrun for dataset_consumes_unknown_never_scheduled to None, run_after=None
[2023-06-22T15:14:09.806+0700] {logging_mixin.py:149} INFO - [2023-06-22T15:14:09.806+0700] {dag.py:3486} INFO - Setting next_dagrun for dataset_produces_1 to 2023-06-21T00:00:00+00:00, run_after=2023-06-22T00:00:00+00:00
[2023-06-22T15:14:09.807+0700] {logging_mixin.py:149} INFO - [2023-06-22T15:14:09.807+0700] {dag.py:3486} INFO - Setting next_dagrun for dataset_produces_2 to None, run_after=None
[2023-06-22T15:14:09.848+0700] {processor.py:179} INFO - Processing /Users/macbook/Documents/Documents_MacBook_Pro/ISTT/AirflowTutorial/envlibs/lib/python3.10/site-packages/airflow/example_dags/example_datasets.py took 1.095 seconds
[2023-06-22T15:18:22.009+0700] {processor.py:157} INFO - Started process (PID=13658) to work on /Users/macbook/Documents/Documents_MacBook_Pro/ISTT/AirflowTutorial/envlibs/lib/python3.10/site-packages/airflow/example_dags/example_datasets.py
[2023-06-22T15:18:22.010+0700] {processor.py:826} INFO - Processing file /Users/macbook/Documents/Documents_MacBook_Pro/ISTT/AirflowTutorial/envlibs/lib/python3.10/site-packages/airflow/example_dags/example_datasets.py for tasks to queue
[2023-06-22T15:18:22.011+0700] {logging_mixin.py:149} INFO - [2023-06-22T15:18:22.011+0700] {dagbag.py:541} INFO - Filling up the DagBag from /Users/macbook/Documents/Documents_MacBook_Pro/ISTT/AirflowTutorial/envlibs/lib/python3.10/site-packages/airflow/example_dags/example_datasets.py
[2023-06-22T15:18:22.037+0700] {processor.py:836} INFO - DAG(s) dict_keys(['dataset_consumes_1_never_scheduled', 'dataset_consumes_1', 'dataset_consumes_unknown_never_scheduled', 'dataset_consumes_1_and_2', 'dataset_produces_2', 'dataset_produces_1']) retrieved from /Users/macbook/Documents/Documents_MacBook_Pro/ISTT/AirflowTutorial/envlibs/lib/python3.10/site-packages/airflow/example_dags/example_datasets.py
[2023-06-22T15:18:22.904+0700] {logging_mixin.py:149} INFO - [2023-06-22T15:18:22.904+0700] {dag.py:2726} INFO - Sync 6 DAGs
[2023-06-22T15:18:22.919+0700] {logging_mixin.py:149} INFO - [2023-06-22T15:18:22.919+0700] {dag.py:3486} INFO - Setting next_dagrun for dataset_consumes_1 to None, run_after=None
[2023-06-22T15:18:22.921+0700] {logging_mixin.py:149} INFO - [2023-06-22T15:18:22.921+0700] {dag.py:3486} INFO - Setting next_dagrun for dataset_consumes_1_and_2 to None, run_after=None
[2023-06-22T15:18:22.922+0700] {logging_mixin.py:149} INFO - [2023-06-22T15:18:22.922+0700] {dag.py:3486} INFO - Setting next_dagrun for dataset_consumes_1_never_scheduled to None, run_after=None
[2023-06-22T15:18:22.923+0700] {logging_mixin.py:149} INFO - [2023-06-22T15:18:22.923+0700] {dag.py:3486} INFO - Setting next_dagrun for dataset_consumes_unknown_never_scheduled to None, run_after=None
[2023-06-22T15:18:22.925+0700] {logging_mixin.py:149} INFO - [2023-06-22T15:18:22.925+0700] {dag.py:3486} INFO - Setting next_dagrun for dataset_produces_1 to 2023-06-21T00:00:00+00:00, run_after=2023-06-22T00:00:00+00:00
[2023-06-22T15:18:22.925+0700] {logging_mixin.py:149} INFO - [2023-06-22T15:18:22.925+0700] {dag.py:3486} INFO - Setting next_dagrun for dataset_produces_2 to None, run_after=None
[2023-06-22T15:18:22.952+0700] {processor.py:179} INFO - Processing /Users/macbook/Documents/Documents_MacBook_Pro/ISTT/AirflowTutorial/envlibs/lib/python3.10/site-packages/airflow/example_dags/example_datasets.py took 0.943 seconds
[2023-06-22T15:22:24.008+0700] {processor.py:157} INFO - Started process (PID=13804) to work on /Users/macbook/Documents/Documents_MacBook_Pro/ISTT/AirflowTutorial/envlibs/lib/python3.10/site-packages/airflow/example_dags/example_datasets.py
[2023-06-22T15:22:24.010+0700] {processor.py:826} INFO - Processing file /Users/macbook/Documents/Documents_MacBook_Pro/ISTT/AirflowTutorial/envlibs/lib/python3.10/site-packages/airflow/example_dags/example_datasets.py for tasks to queue
[2023-06-22T15:22:24.010+0700] {logging_mixin.py:149} INFO - [2023-06-22T15:22:24.010+0700] {dagbag.py:541} INFO - Filling up the DagBag from /Users/macbook/Documents/Documents_MacBook_Pro/ISTT/AirflowTutorial/envlibs/lib/python3.10/site-packages/airflow/example_dags/example_datasets.py
[2023-06-22T15:22:24.036+0700] {processor.py:836} INFO - DAG(s) dict_keys(['dataset_consumes_unknown_never_scheduled', 'dataset_consumes_1_and_2', 'dataset_consumes_1_never_scheduled', 'dataset_produces_2', 'dataset_consumes_1', 'dataset_produces_1']) retrieved from /Users/macbook/Documents/Documents_MacBook_Pro/ISTT/AirflowTutorial/envlibs/lib/python3.10/site-packages/airflow/example_dags/example_datasets.py
[2023-06-22T15:22:24.998+0700] {logging_mixin.py:149} INFO - [2023-06-22T15:22:24.998+0700] {dag.py:2726} INFO - Sync 6 DAGs
[2023-06-22T15:22:25.020+0700] {logging_mixin.py:149} INFO - [2023-06-22T15:22:25.020+0700] {dag.py:3486} INFO - Setting next_dagrun for dataset_consumes_1 to None, run_after=None
[2023-06-22T15:22:25.022+0700] {logging_mixin.py:149} INFO - [2023-06-22T15:22:25.022+0700] {dag.py:3486} INFO - Setting next_dagrun for dataset_consumes_1_and_2 to None, run_after=None
[2023-06-22T15:22:25.023+0700] {logging_mixin.py:149} INFO - [2023-06-22T15:22:25.023+0700] {dag.py:3486} INFO - Setting next_dagrun for dataset_consumes_1_never_scheduled to None, run_after=None
[2023-06-22T15:22:25.024+0700] {logging_mixin.py:149} INFO - [2023-06-22T15:22:25.024+0700] {dag.py:3486} INFO - Setting next_dagrun for dataset_consumes_unknown_never_scheduled to None, run_after=None
[2023-06-22T15:22:25.026+0700] {logging_mixin.py:149} INFO - [2023-06-22T15:22:25.026+0700] {dag.py:3486} INFO - Setting next_dagrun for dataset_produces_1 to 2023-06-21T00:00:00+00:00, run_after=2023-06-22T00:00:00+00:00
[2023-06-22T15:22:25.027+0700] {logging_mixin.py:149} INFO - [2023-06-22T15:22:25.027+0700] {dag.py:3486} INFO - Setting next_dagrun for dataset_produces_2 to None, run_after=None
[2023-06-22T15:22:25.058+0700] {processor.py:179} INFO - Processing /Users/macbook/Documents/Documents_MacBook_Pro/ISTT/AirflowTutorial/envlibs/lib/python3.10/site-packages/airflow/example_dags/example_datasets.py took 1.050 seconds
[2023-06-22T15:27:01.191+0700] {processor.py:157} INFO - Started process (PID=13932) to work on /Users/macbook/Documents/Documents_MacBook_Pro/ISTT/AirflowTutorial/envlibs/lib/python3.10/site-packages/airflow/example_dags/example_datasets.py
[2023-06-22T15:27:01.194+0700] {processor.py:826} INFO - Processing file /Users/macbook/Documents/Documents_MacBook_Pro/ISTT/AirflowTutorial/envlibs/lib/python3.10/site-packages/airflow/example_dags/example_datasets.py for tasks to queue
[2023-06-22T15:27:01.195+0700] {logging_mixin.py:149} INFO - [2023-06-22T15:27:01.195+0700] {dagbag.py:541} INFO - Filling up the DagBag from /Users/macbook/Documents/Documents_MacBook_Pro/ISTT/AirflowTutorial/envlibs/lib/python3.10/site-packages/airflow/example_dags/example_datasets.py
[2023-06-22T15:27:01.219+0700] {processor.py:836} INFO - DAG(s) dict_keys(['dataset_produces_1', 'dataset_produces_2', 'dataset_consumes_unknown_never_scheduled', 'dataset_consumes_1_and_2', 'dataset_consumes_1_never_scheduled', 'dataset_consumes_1']) retrieved from /Users/macbook/Documents/Documents_MacBook_Pro/ISTT/AirflowTutorial/envlibs/lib/python3.10/site-packages/airflow/example_dags/example_datasets.py
[2023-06-22T15:27:02.153+0700] {logging_mixin.py:149} INFO - [2023-06-22T15:27:02.153+0700] {dag.py:2726} INFO - Sync 6 DAGs
[2023-06-22T15:27:02.169+0700] {logging_mixin.py:149} INFO - [2023-06-22T15:27:02.169+0700] {dag.py:3486} INFO - Setting next_dagrun for dataset_consumes_1 to None, run_after=None
[2023-06-22T15:27:02.171+0700] {logging_mixin.py:149} INFO - [2023-06-22T15:27:02.171+0700] {dag.py:3486} INFO - Setting next_dagrun for dataset_consumes_1_and_2 to None, run_after=None
[2023-06-22T15:27:02.172+0700] {logging_mixin.py:149} INFO - [2023-06-22T15:27:02.171+0700] {dag.py:3486} INFO - Setting next_dagrun for dataset_consumes_1_never_scheduled to None, run_after=None
[2023-06-22T15:27:02.172+0700] {logging_mixin.py:149} INFO - [2023-06-22T15:27:02.172+0700] {dag.py:3486} INFO - Setting next_dagrun for dataset_consumes_unknown_never_scheduled to None, run_after=None
[2023-06-22T15:27:02.174+0700] {logging_mixin.py:149} INFO - [2023-06-22T15:27:02.174+0700] {dag.py:3486} INFO - Setting next_dagrun for dataset_produces_1 to 2023-06-21T00:00:00+00:00, run_after=2023-06-22T00:00:00+00:00
[2023-06-22T15:27:02.175+0700] {logging_mixin.py:149} INFO - [2023-06-22T15:27:02.175+0700] {dag.py:3486} INFO - Setting next_dagrun for dataset_produces_2 to None, run_after=None
[2023-06-22T15:27:02.209+0700] {processor.py:179} INFO - Processing /Users/macbook/Documents/Documents_MacBook_Pro/ISTT/AirflowTutorial/envlibs/lib/python3.10/site-packages/airflow/example_dags/example_datasets.py took 1.018 seconds
[2023-06-22T15:31:13.141+0700] {processor.py:157} INFO - Started process (PID=14040) to work on /Users/macbook/Documents/Documents_MacBook_Pro/ISTT/AirflowTutorial/envlibs/lib/python3.10/site-packages/airflow/example_dags/example_datasets.py
[2023-06-22T15:31:13.143+0700] {processor.py:826} INFO - Processing file /Users/macbook/Documents/Documents_MacBook_Pro/ISTT/AirflowTutorial/envlibs/lib/python3.10/site-packages/airflow/example_dags/example_datasets.py for tasks to queue
[2023-06-22T15:31:13.143+0700] {logging_mixin.py:149} INFO - [2023-06-22T15:31:13.143+0700] {dagbag.py:541} INFO - Filling up the DagBag from /Users/macbook/Documents/Documents_MacBook_Pro/ISTT/AirflowTutorial/envlibs/lib/python3.10/site-packages/airflow/example_dags/example_datasets.py
[2023-06-22T15:31:13.170+0700] {processor.py:836} INFO - DAG(s) dict_keys(['dataset_consumes_1_never_scheduled', 'dataset_consumes_1_and_2', 'dataset_consumes_1', 'dataset_produces_1', 'dataset_consumes_unknown_never_scheduled', 'dataset_produces_2']) retrieved from /Users/macbook/Documents/Documents_MacBook_Pro/ISTT/AirflowTutorial/envlibs/lib/python3.10/site-packages/airflow/example_dags/example_datasets.py
[2023-06-22T15:31:14.162+0700] {logging_mixin.py:149} INFO - [2023-06-22T15:31:14.162+0700] {dag.py:2726} INFO - Sync 6 DAGs
[2023-06-22T15:31:14.180+0700] {logging_mixin.py:149} INFO - [2023-06-22T15:31:14.180+0700] {dag.py:3486} INFO - Setting next_dagrun for dataset_consumes_1 to None, run_after=None
[2023-06-22T15:31:14.183+0700] {logging_mixin.py:149} INFO - [2023-06-22T15:31:14.183+0700] {dag.py:3486} INFO - Setting next_dagrun for dataset_consumes_1_and_2 to None, run_after=None
[2023-06-22T15:31:14.184+0700] {logging_mixin.py:149} INFO - [2023-06-22T15:31:14.184+0700] {dag.py:3486} INFO - Setting next_dagrun for dataset_consumes_1_never_scheduled to None, run_after=None
[2023-06-22T15:31:14.185+0700] {logging_mixin.py:149} INFO - [2023-06-22T15:31:14.185+0700] {dag.py:3486} INFO - Setting next_dagrun for dataset_consumes_unknown_never_scheduled to None, run_after=None
[2023-06-22T15:31:14.187+0700] {logging_mixin.py:149} INFO - [2023-06-22T15:31:14.187+0700] {dag.py:3486} INFO - Setting next_dagrun for dataset_produces_1 to 2023-06-21T00:00:00+00:00, run_after=2023-06-22T00:00:00+00:00
[2023-06-22T15:31:14.188+0700] {logging_mixin.py:149} INFO - [2023-06-22T15:31:14.188+0700] {dag.py:3486} INFO - Setting next_dagrun for dataset_produces_2 to None, run_after=None
[2023-06-22T15:31:14.221+0700] {processor.py:179} INFO - Processing /Users/macbook/Documents/Documents_MacBook_Pro/ISTT/AirflowTutorial/envlibs/lib/python3.10/site-packages/airflow/example_dags/example_datasets.py took 1.080 seconds
[2023-06-22T15:35:21.690+0700] {processor.py:157} INFO - Started process (PID=14167) to work on /Users/macbook/Documents/Documents_MacBook_Pro/ISTT/AirflowTutorial/envlibs/lib/python3.10/site-packages/airflow/example_dags/example_datasets.py
[2023-06-22T15:35:21.691+0700] {processor.py:826} INFO - Processing file /Users/macbook/Documents/Documents_MacBook_Pro/ISTT/AirflowTutorial/envlibs/lib/python3.10/site-packages/airflow/example_dags/example_datasets.py for tasks to queue
[2023-06-22T15:35:21.692+0700] {logging_mixin.py:149} INFO - [2023-06-22T15:35:21.692+0700] {dagbag.py:541} INFO - Filling up the DagBag from /Users/macbook/Documents/Documents_MacBook_Pro/ISTT/AirflowTutorial/envlibs/lib/python3.10/site-packages/airflow/example_dags/example_datasets.py
[2023-06-22T15:35:21.721+0700] {processor.py:836} INFO - DAG(s) dict_keys(['dataset_consumes_unknown_never_scheduled', 'dataset_produces_1', 'dataset_consumes_1_and_2', 'dataset_produces_2', 'dataset_consumes_1', 'dataset_consumes_1_never_scheduled']) retrieved from /Users/macbook/Documents/Documents_MacBook_Pro/ISTT/AirflowTutorial/envlibs/lib/python3.10/site-packages/airflow/example_dags/example_datasets.py
[2023-06-22T15:35:22.692+0700] {logging_mixin.py:149} INFO - [2023-06-22T15:35:22.692+0700] {dag.py:2726} INFO - Sync 6 DAGs
[2023-06-22T15:35:22.709+0700] {logging_mixin.py:149} INFO - [2023-06-22T15:35:22.709+0700] {dag.py:3486} INFO - Setting next_dagrun for dataset_consumes_1 to None, run_after=None
[2023-06-22T15:35:22.712+0700] {logging_mixin.py:149} INFO - [2023-06-22T15:35:22.712+0700] {dag.py:3486} INFO - Setting next_dagrun for dataset_consumes_1_and_2 to None, run_after=None
[2023-06-22T15:35:22.713+0700] {logging_mixin.py:149} INFO - [2023-06-22T15:35:22.712+0700] {dag.py:3486} INFO - Setting next_dagrun for dataset_consumes_1_never_scheduled to None, run_after=None
[2023-06-22T15:35:22.713+0700] {logging_mixin.py:149} INFO - [2023-06-22T15:35:22.713+0700] {dag.py:3486} INFO - Setting next_dagrun for dataset_consumes_unknown_never_scheduled to None, run_after=None
[2023-06-22T15:35:22.716+0700] {logging_mixin.py:149} INFO - [2023-06-22T15:35:22.716+0700] {dag.py:3486} INFO - Setting next_dagrun for dataset_produces_1 to 2023-06-21T00:00:00+00:00, run_after=2023-06-22T00:00:00+00:00
[2023-06-22T15:35:22.717+0700] {logging_mixin.py:149} INFO - [2023-06-22T15:35:22.717+0700] {dag.py:3486} INFO - Setting next_dagrun for dataset_produces_2 to None, run_after=None
[2023-06-22T15:35:22.746+0700] {processor.py:179} INFO - Processing /Users/macbook/Documents/Documents_MacBook_Pro/ISTT/AirflowTutorial/envlibs/lib/python3.10/site-packages/airflow/example_dags/example_datasets.py took 1.057 seconds
[2023-06-22T15:39:42.272+0700] {processor.py:157} INFO - Started process (PID=14305) to work on /Users/macbook/Documents/Documents_MacBook_Pro/ISTT/AirflowTutorial/envlibs/lib/python3.10/site-packages/airflow/example_dags/example_datasets.py
[2023-06-22T15:39:42.274+0700] {processor.py:826} INFO - Processing file /Users/macbook/Documents/Documents_MacBook_Pro/ISTT/AirflowTutorial/envlibs/lib/python3.10/site-packages/airflow/example_dags/example_datasets.py for tasks to queue
[2023-06-22T15:39:42.275+0700] {logging_mixin.py:149} INFO - [2023-06-22T15:39:42.275+0700] {dagbag.py:541} INFO - Filling up the DagBag from /Users/macbook/Documents/Documents_MacBook_Pro/ISTT/AirflowTutorial/envlibs/lib/python3.10/site-packages/airflow/example_dags/example_datasets.py
[2023-06-22T15:39:42.302+0700] {processor.py:836} INFO - DAG(s) dict_keys(['dataset_consumes_1', 'dataset_produces_2', 'dataset_consumes_unknown_never_scheduled', 'dataset_consumes_1_and_2', 'dataset_produces_1', 'dataset_consumes_1_never_scheduled']) retrieved from /Users/macbook/Documents/Documents_MacBook_Pro/ISTT/AirflowTutorial/envlibs/lib/python3.10/site-packages/airflow/example_dags/example_datasets.py
[2023-06-22T15:39:43.318+0700] {logging_mixin.py:149} INFO - [2023-06-22T15:39:43.317+0700] {dag.py:2726} INFO - Sync 6 DAGs
[2023-06-22T15:39:43.335+0700] {logging_mixin.py:149} INFO - [2023-06-22T15:39:43.335+0700] {dag.py:3486} INFO - Setting next_dagrun for dataset_consumes_1 to None, run_after=None
[2023-06-22T15:39:43.337+0700] {logging_mixin.py:149} INFO - [2023-06-22T15:39:43.337+0700] {dag.py:3486} INFO - Setting next_dagrun for dataset_consumes_1_and_2 to None, run_after=None
[2023-06-22T15:39:43.338+0700] {logging_mixin.py:149} INFO - [2023-06-22T15:39:43.338+0700] {dag.py:3486} INFO - Setting next_dagrun for dataset_consumes_1_never_scheduled to None, run_after=None
[2023-06-22T15:39:43.339+0700] {logging_mixin.py:149} INFO - [2023-06-22T15:39:43.339+0700] {dag.py:3486} INFO - Setting next_dagrun for dataset_consumes_unknown_never_scheduled to None, run_after=None
[2023-06-22T15:39:43.341+0700] {logging_mixin.py:149} INFO - [2023-06-22T15:39:43.341+0700] {dag.py:3486} INFO - Setting next_dagrun for dataset_produces_1 to 2023-06-21T00:00:00+00:00, run_after=2023-06-22T00:00:00+00:00
[2023-06-22T15:39:43.342+0700] {logging_mixin.py:149} INFO - [2023-06-22T15:39:43.342+0700] {dag.py:3486} INFO - Setting next_dagrun for dataset_produces_2 to None, run_after=None
[2023-06-22T15:39:43.378+0700] {processor.py:179} INFO - Processing /Users/macbook/Documents/Documents_MacBook_Pro/ISTT/AirflowTutorial/envlibs/lib/python3.10/site-packages/airflow/example_dags/example_datasets.py took 1.107 seconds
[2023-06-22T15:44:01.735+0700] {processor.py:157} INFO - Started process (PID=14443) to work on /Users/macbook/Documents/Documents_MacBook_Pro/ISTT/AirflowTutorial/envlibs/lib/python3.10/site-packages/airflow/example_dags/example_datasets.py
[2023-06-22T15:44:01.737+0700] {processor.py:826} INFO - Processing file /Users/macbook/Documents/Documents_MacBook_Pro/ISTT/AirflowTutorial/envlibs/lib/python3.10/site-packages/airflow/example_dags/example_datasets.py for tasks to queue
[2023-06-22T15:44:01.738+0700] {logging_mixin.py:149} INFO - [2023-06-22T15:44:01.737+0700] {dagbag.py:541} INFO - Filling up the DagBag from /Users/macbook/Documents/Documents_MacBook_Pro/ISTT/AirflowTutorial/envlibs/lib/python3.10/site-packages/airflow/example_dags/example_datasets.py
[2023-06-22T15:44:01.773+0700] {processor.py:836} INFO - DAG(s) dict_keys(['dataset_consumes_1_never_scheduled', 'dataset_consumes_1', 'dataset_produces_1', 'dataset_consumes_unknown_never_scheduled', 'dataset_produces_2', 'dataset_consumes_1_and_2']) retrieved from /Users/macbook/Documents/Documents_MacBook_Pro/ISTT/AirflowTutorial/envlibs/lib/python3.10/site-packages/airflow/example_dags/example_datasets.py
[2023-06-22T15:44:02.905+0700] {logging_mixin.py:149} INFO - [2023-06-22T15:44:02.904+0700] {dag.py:2726} INFO - Sync 6 DAGs
[2023-06-22T15:44:02.928+0700] {logging_mixin.py:149} INFO - [2023-06-22T15:44:02.928+0700] {dag.py:3486} INFO - Setting next_dagrun for dataset_consumes_1 to None, run_after=None
[2023-06-22T15:44:02.931+0700] {logging_mixin.py:149} INFO - [2023-06-22T15:44:02.930+0700] {dag.py:3486} INFO - Setting next_dagrun for dataset_consumes_1_and_2 to None, run_after=None
[2023-06-22T15:44:02.932+0700] {logging_mixin.py:149} INFO - [2023-06-22T15:44:02.931+0700] {dag.py:3486} INFO - Setting next_dagrun for dataset_consumes_1_never_scheduled to None, run_after=None
[2023-06-22T15:44:02.932+0700] {logging_mixin.py:149} INFO - [2023-06-22T15:44:02.932+0700] {dag.py:3486} INFO - Setting next_dagrun for dataset_consumes_unknown_never_scheduled to None, run_after=None
[2023-06-22T15:44:02.935+0700] {logging_mixin.py:149} INFO - [2023-06-22T15:44:02.935+0700] {dag.py:3486} INFO - Setting next_dagrun for dataset_produces_1 to 2023-06-21T00:00:00+00:00, run_after=2023-06-22T00:00:00+00:00
[2023-06-22T15:44:02.936+0700] {logging_mixin.py:149} INFO - [2023-06-22T15:44:02.936+0700] {dag.py:3486} INFO - Setting next_dagrun for dataset_produces_2 to None, run_after=None
[2023-06-22T15:44:02.968+0700] {processor.py:179} INFO - Processing /Users/macbook/Documents/Documents_MacBook_Pro/ISTT/AirflowTutorial/envlibs/lib/python3.10/site-packages/airflow/example_dags/example_datasets.py took 1.234 seconds
[2023-06-22T15:48:21.691+0700] {processor.py:157} INFO - Started process (PID=14585) to work on /Users/macbook/Documents/Documents_MacBook_Pro/ISTT/AirflowTutorial/envlibs/lib/python3.10/site-packages/airflow/example_dags/example_datasets.py
[2023-06-22T15:48:21.693+0700] {processor.py:826} INFO - Processing file /Users/macbook/Documents/Documents_MacBook_Pro/ISTT/AirflowTutorial/envlibs/lib/python3.10/site-packages/airflow/example_dags/example_datasets.py for tasks to queue
[2023-06-22T15:48:21.694+0700] {logging_mixin.py:149} INFO - [2023-06-22T15:48:21.693+0700] {dagbag.py:541} INFO - Filling up the DagBag from /Users/macbook/Documents/Documents_MacBook_Pro/ISTT/AirflowTutorial/envlibs/lib/python3.10/site-packages/airflow/example_dags/example_datasets.py
[2023-06-22T15:48:21.725+0700] {processor.py:836} INFO - DAG(s) dict_keys(['dataset_produces_1', 'dataset_consumes_unknown_never_scheduled', 'dataset_consumes_1', 'dataset_produces_2', 'dataset_consumes_1_and_2', 'dataset_consumes_1_never_scheduled']) retrieved from /Users/macbook/Documents/Documents_MacBook_Pro/ISTT/AirflowTutorial/envlibs/lib/python3.10/site-packages/airflow/example_dags/example_datasets.py
[2023-06-22T15:48:22.822+0700] {logging_mixin.py:149} INFO - [2023-06-22T15:48:22.821+0700] {dag.py:2726} INFO - Sync 6 DAGs
[2023-06-22T15:48:22.843+0700] {logging_mixin.py:149} INFO - [2023-06-22T15:48:22.843+0700] {dag.py:3486} INFO - Setting next_dagrun for dataset_consumes_1 to None, run_after=None
[2023-06-22T15:48:22.845+0700] {logging_mixin.py:149} INFO - [2023-06-22T15:48:22.845+0700] {dag.py:3486} INFO - Setting next_dagrun for dataset_consumes_1_and_2 to None, run_after=None
[2023-06-22T15:48:22.847+0700] {logging_mixin.py:149} INFO - [2023-06-22T15:48:22.846+0700] {dag.py:3486} INFO - Setting next_dagrun for dataset_consumes_1_never_scheduled to None, run_after=None
[2023-06-22T15:48:22.847+0700] {logging_mixin.py:149} INFO - [2023-06-22T15:48:22.847+0700] {dag.py:3486} INFO - Setting next_dagrun for dataset_consumes_unknown_never_scheduled to None, run_after=None
[2023-06-22T15:48:22.850+0700] {logging_mixin.py:149} INFO - [2023-06-22T15:48:22.850+0700] {dag.py:3486} INFO - Setting next_dagrun for dataset_produces_1 to 2023-06-21T00:00:00+00:00, run_after=2023-06-22T00:00:00+00:00
[2023-06-22T15:48:22.851+0700] {logging_mixin.py:149} INFO - [2023-06-22T15:48:22.851+0700] {dag.py:3486} INFO - Setting next_dagrun for dataset_produces_2 to None, run_after=None
[2023-06-22T15:48:22.885+0700] {processor.py:179} INFO - Processing /Users/macbook/Documents/Documents_MacBook_Pro/ISTT/AirflowTutorial/envlibs/lib/python3.10/site-packages/airflow/example_dags/example_datasets.py took 1.195 seconds
[2023-06-22T15:52:58.189+0700] {processor.py:157} INFO - Started process (PID=14726) to work on /Users/macbook/Documents/Documents_MacBook_Pro/ISTT/AirflowTutorial/envlibs/lib/python3.10/site-packages/airflow/example_dags/example_datasets.py
[2023-06-22T15:52:58.190+0700] {processor.py:826} INFO - Processing file /Users/macbook/Documents/Documents_MacBook_Pro/ISTT/AirflowTutorial/envlibs/lib/python3.10/site-packages/airflow/example_dags/example_datasets.py for tasks to queue
[2023-06-22T15:52:58.191+0700] {logging_mixin.py:149} INFO - [2023-06-22T15:52:58.190+0700] {dagbag.py:541} INFO - Filling up the DagBag from /Users/macbook/Documents/Documents_MacBook_Pro/ISTT/AirflowTutorial/envlibs/lib/python3.10/site-packages/airflow/example_dags/example_datasets.py
[2023-06-22T15:52:58.220+0700] {processor.py:836} INFO - DAG(s) dict_keys(['dataset_consumes_1_and_2', 'dataset_produces_2', 'dataset_consumes_unknown_never_scheduled', 'dataset_consumes_1_never_scheduled', 'dataset_produces_1', 'dataset_consumes_1']) retrieved from /Users/macbook/Documents/Documents_MacBook_Pro/ISTT/AirflowTutorial/envlibs/lib/python3.10/site-packages/airflow/example_dags/example_datasets.py
[2023-06-22T15:52:59.262+0700] {logging_mixin.py:149} INFO - [2023-06-22T15:52:59.262+0700] {dag.py:2726} INFO - Sync 6 DAGs
[2023-06-22T15:52:59.282+0700] {logging_mixin.py:149} INFO - [2023-06-22T15:52:59.282+0700] {dag.py:3486} INFO - Setting next_dagrun for dataset_consumes_1 to None, run_after=None
[2023-06-22T15:52:59.285+0700] {logging_mixin.py:149} INFO - [2023-06-22T15:52:59.284+0700] {dag.py:3486} INFO - Setting next_dagrun for dataset_consumes_1_and_2 to None, run_after=None
[2023-06-22T15:52:59.286+0700] {logging_mixin.py:149} INFO - [2023-06-22T15:52:59.286+0700] {dag.py:3486} INFO - Setting next_dagrun for dataset_consumes_1_never_scheduled to None, run_after=None
[2023-06-22T15:52:59.287+0700] {logging_mixin.py:149} INFO - [2023-06-22T15:52:59.286+0700] {dag.py:3486} INFO - Setting next_dagrun for dataset_consumes_unknown_never_scheduled to None, run_after=None
[2023-06-22T15:52:59.289+0700] {logging_mixin.py:149} INFO - [2023-06-22T15:52:59.289+0700] {dag.py:3486} INFO - Setting next_dagrun for dataset_produces_1 to 2023-06-21T00:00:00+00:00, run_after=2023-06-22T00:00:00+00:00
[2023-06-22T15:52:59.290+0700] {logging_mixin.py:149} INFO - [2023-06-22T15:52:59.290+0700] {dag.py:3486} INFO - Setting next_dagrun for dataset_produces_2 to None, run_after=None
[2023-06-22T15:52:59.323+0700] {processor.py:179} INFO - Processing /Users/macbook/Documents/Documents_MacBook_Pro/ISTT/AirflowTutorial/envlibs/lib/python3.10/site-packages/airflow/example_dags/example_datasets.py took 1.135 seconds
[2023-06-22T15:57:30.965+0700] {processor.py:157} INFO - Started process (PID=14917) to work on /Users/macbook/Documents/Documents_MacBook_Pro/ISTT/AirflowTutorial/envlibs/lib/python3.10/site-packages/airflow/example_dags/example_datasets.py
[2023-06-22T15:57:30.967+0700] {processor.py:826} INFO - Processing file /Users/macbook/Documents/Documents_MacBook_Pro/ISTT/AirflowTutorial/envlibs/lib/python3.10/site-packages/airflow/example_dags/example_datasets.py for tasks to queue
[2023-06-22T15:57:30.967+0700] {logging_mixin.py:149} INFO - [2023-06-22T15:57:30.967+0700] {dagbag.py:541} INFO - Filling up the DagBag from /Users/macbook/Documents/Documents_MacBook_Pro/ISTT/AirflowTutorial/envlibs/lib/python3.10/site-packages/airflow/example_dags/example_datasets.py
[2023-06-22T15:57:30.995+0700] {processor.py:836} INFO - DAG(s) dict_keys(['dataset_produces_2', 'dataset_consumes_1_and_2', 'dataset_produces_1', 'dataset_consumes_1_never_scheduled', 'dataset_consumes_unknown_never_scheduled', 'dataset_consumes_1']) retrieved from /Users/macbook/Documents/Documents_MacBook_Pro/ISTT/AirflowTutorial/envlibs/lib/python3.10/site-packages/airflow/example_dags/example_datasets.py
[2023-06-22T15:57:31.915+0700] {logging_mixin.py:149} INFO - [2023-06-22T15:57:31.914+0700] {dag.py:2726} INFO - Sync 6 DAGs
[2023-06-22T15:57:31.934+0700] {logging_mixin.py:149} INFO - [2023-06-22T15:57:31.934+0700] {dag.py:3486} INFO - Setting next_dagrun for dataset_consumes_1 to None, run_after=None
[2023-06-22T15:57:31.936+0700] {logging_mixin.py:149} INFO - [2023-06-22T15:57:31.936+0700] {dag.py:3486} INFO - Setting next_dagrun for dataset_consumes_1_and_2 to None, run_after=None
[2023-06-22T15:57:31.937+0700] {logging_mixin.py:149} INFO - [2023-06-22T15:57:31.937+0700] {dag.py:3486} INFO - Setting next_dagrun for dataset_consumes_1_never_scheduled to None, run_after=None
[2023-06-22T15:57:31.938+0700] {logging_mixin.py:149} INFO - [2023-06-22T15:57:31.937+0700] {dag.py:3486} INFO - Setting next_dagrun for dataset_consumes_unknown_never_scheduled to None, run_after=None
[2023-06-22T15:57:31.940+0700] {logging_mixin.py:149} INFO - [2023-06-22T15:57:31.940+0700] {dag.py:3486} INFO - Setting next_dagrun for dataset_produces_1 to 2023-06-21T00:00:00+00:00, run_after=2023-06-22T00:00:00+00:00
[2023-06-22T15:57:31.941+0700] {logging_mixin.py:149} INFO - [2023-06-22T15:57:31.941+0700] {dag.py:3486} INFO - Setting next_dagrun for dataset_produces_2 to None, run_after=None
[2023-06-22T15:57:31.971+0700] {processor.py:179} INFO - Processing /Users/macbook/Documents/Documents_MacBook_Pro/ISTT/AirflowTutorial/envlibs/lib/python3.10/site-packages/airflow/example_dags/example_datasets.py took 1.006 seconds
[2023-06-22T16:02:02.432+0700] {processor.py:157} INFO - Started process (PID=15033) to work on /Users/macbook/Documents/Documents_MacBook_Pro/ISTT/AirflowTutorial/envlibs/lib/python3.10/site-packages/airflow/example_dags/example_datasets.py
[2023-06-22T16:02:02.434+0700] {processor.py:826} INFO - Processing file /Users/macbook/Documents/Documents_MacBook_Pro/ISTT/AirflowTutorial/envlibs/lib/python3.10/site-packages/airflow/example_dags/example_datasets.py for tasks to queue
[2023-06-22T16:02:02.435+0700] {logging_mixin.py:149} INFO - [2023-06-22T16:02:02.434+0700] {dagbag.py:541} INFO - Filling up the DagBag from /Users/macbook/Documents/Documents_MacBook_Pro/ISTT/AirflowTutorial/envlibs/lib/python3.10/site-packages/airflow/example_dags/example_datasets.py
[2023-06-22T16:02:02.463+0700] {processor.py:836} INFO - DAG(s) dict_keys(['dataset_consumes_1_never_scheduled', 'dataset_consumes_1', 'dataset_produces_2', 'dataset_consumes_unknown_never_scheduled', 'dataset_produces_1', 'dataset_consumes_1_and_2']) retrieved from /Users/macbook/Documents/Documents_MacBook_Pro/ISTT/AirflowTutorial/envlibs/lib/python3.10/site-packages/airflow/example_dags/example_datasets.py
[2023-06-22T16:02:03.424+0700] {logging_mixin.py:149} INFO - [2023-06-22T16:02:03.423+0700] {dag.py:2726} INFO - Sync 6 DAGs
[2023-06-22T16:02:03.440+0700] {logging_mixin.py:149} INFO - [2023-06-22T16:02:03.440+0700] {dag.py:3486} INFO - Setting next_dagrun for dataset_consumes_1 to None, run_after=None
[2023-06-22T16:02:03.442+0700] {logging_mixin.py:149} INFO - [2023-06-22T16:02:03.442+0700] {dag.py:3486} INFO - Setting next_dagrun for dataset_consumes_1_and_2 to None, run_after=None
[2023-06-22T16:02:03.443+0700] {logging_mixin.py:149} INFO - [2023-06-22T16:02:03.443+0700] {dag.py:3486} INFO - Setting next_dagrun for dataset_consumes_1_never_scheduled to None, run_after=None
[2023-06-22T16:02:03.444+0700] {logging_mixin.py:149} INFO - [2023-06-22T16:02:03.444+0700] {dag.py:3486} INFO - Setting next_dagrun for dataset_consumes_unknown_never_scheduled to None, run_after=None
[2023-06-22T16:02:03.446+0700] {logging_mixin.py:149} INFO - [2023-06-22T16:02:03.446+0700] {dag.py:3486} INFO - Setting next_dagrun for dataset_produces_1 to 2023-06-21T00:00:00+00:00, run_after=2023-06-22T00:00:00+00:00
[2023-06-22T16:02:03.447+0700] {logging_mixin.py:149} INFO - [2023-06-22T16:02:03.447+0700] {dag.py:3486} INFO - Setting next_dagrun for dataset_produces_2 to None, run_after=None
[2023-06-22T16:02:03.480+0700] {processor.py:179} INFO - Processing /Users/macbook/Documents/Documents_MacBook_Pro/ISTT/AirflowTutorial/envlibs/lib/python3.10/site-packages/airflow/example_dags/example_datasets.py took 1.048 seconds
[2023-06-22T16:06:21.942+0700] {processor.py:157} INFO - Started process (PID=15154) to work on /Users/macbook/Documents/Documents_MacBook_Pro/ISTT/AirflowTutorial/envlibs/lib/python3.10/site-packages/airflow/example_dags/example_datasets.py
[2023-06-22T16:06:21.943+0700] {processor.py:826} INFO - Processing file /Users/macbook/Documents/Documents_MacBook_Pro/ISTT/AirflowTutorial/envlibs/lib/python3.10/site-packages/airflow/example_dags/example_datasets.py for tasks to queue
[2023-06-22T16:06:21.944+0700] {logging_mixin.py:149} INFO - [2023-06-22T16:06:21.944+0700] {dagbag.py:541} INFO - Filling up the DagBag from /Users/macbook/Documents/Documents_MacBook_Pro/ISTT/AirflowTutorial/envlibs/lib/python3.10/site-packages/airflow/example_dags/example_datasets.py
[2023-06-22T16:06:21.973+0700] {processor.py:836} INFO - DAG(s) dict_keys(['dataset_produces_1', 'dataset_consumes_1', 'dataset_consumes_1_and_2', 'dataset_consumes_unknown_never_scheduled', 'dataset_consumes_1_never_scheduled', 'dataset_produces_2']) retrieved from /Users/macbook/Documents/Documents_MacBook_Pro/ISTT/AirflowTutorial/envlibs/lib/python3.10/site-packages/airflow/example_dags/example_datasets.py
[2023-06-22T16:06:22.925+0700] {logging_mixin.py:149} INFO - [2023-06-22T16:06:22.925+0700] {dag.py:2726} INFO - Sync 6 DAGs
[2023-06-22T16:06:22.943+0700] {logging_mixin.py:149} INFO - [2023-06-22T16:06:22.942+0700] {dag.py:3486} INFO - Setting next_dagrun for dataset_consumes_1 to None, run_after=None
[2023-06-22T16:06:22.944+0700] {logging_mixin.py:149} INFO - [2023-06-22T16:06:22.944+0700] {dag.py:3486} INFO - Setting next_dagrun for dataset_consumes_1_and_2 to None, run_after=None
[2023-06-22T16:06:22.945+0700] {logging_mixin.py:149} INFO - [2023-06-22T16:06:22.945+0700] {dag.py:3486} INFO - Setting next_dagrun for dataset_consumes_1_never_scheduled to None, run_after=None
[2023-06-22T16:06:22.946+0700] {logging_mixin.py:149} INFO - [2023-06-22T16:06:22.946+0700] {dag.py:3486} INFO - Setting next_dagrun for dataset_consumes_unknown_never_scheduled to None, run_after=None
[2023-06-22T16:06:22.948+0700] {logging_mixin.py:149} INFO - [2023-06-22T16:06:22.948+0700] {dag.py:3486} INFO - Setting next_dagrun for dataset_produces_1 to 2023-06-21T00:00:00+00:00, run_after=2023-06-22T00:00:00+00:00
[2023-06-22T16:06:22.949+0700] {logging_mixin.py:149} INFO - [2023-06-22T16:06:22.949+0700] {dag.py:3486} INFO - Setting next_dagrun for dataset_produces_2 to None, run_after=None
[2023-06-22T16:06:22.982+0700] {processor.py:179} INFO - Processing /Users/macbook/Documents/Documents_MacBook_Pro/ISTT/AirflowTutorial/envlibs/lib/python3.10/site-packages/airflow/example_dags/example_datasets.py took 1.041 seconds
[2023-06-22T16:10:36.879+0700] {processor.py:157} INFO - Started process (PID=15275) to work on /Users/macbook/Documents/Documents_MacBook_Pro/ISTT/AirflowTutorial/envlibs/lib/python3.10/site-packages/airflow/example_dags/example_datasets.py
[2023-06-22T16:10:36.881+0700] {processor.py:826} INFO - Processing file /Users/macbook/Documents/Documents_MacBook_Pro/ISTT/AirflowTutorial/envlibs/lib/python3.10/site-packages/airflow/example_dags/example_datasets.py for tasks to queue
[2023-06-22T16:10:36.881+0700] {logging_mixin.py:149} INFO - [2023-06-22T16:10:36.881+0700] {dagbag.py:541} INFO - Filling up the DagBag from /Users/macbook/Documents/Documents_MacBook_Pro/ISTT/AirflowTutorial/envlibs/lib/python3.10/site-packages/airflow/example_dags/example_datasets.py
[2023-06-22T16:10:36.906+0700] {processor.py:836} INFO - DAG(s) dict_keys(['dataset_produces_2', 'dataset_consumes_1_and_2', 'dataset_consumes_1', 'dataset_consumes_unknown_never_scheduled', 'dataset_consumes_1_never_scheduled', 'dataset_produces_1']) retrieved from /Users/macbook/Documents/Documents_MacBook_Pro/ISTT/AirflowTutorial/envlibs/lib/python3.10/site-packages/airflow/example_dags/example_datasets.py
[2023-06-22T16:10:37.788+0700] {logging_mixin.py:149} INFO - [2023-06-22T16:10:37.788+0700] {dag.py:2726} INFO - Sync 6 DAGs
[2023-06-22T16:10:37.803+0700] {logging_mixin.py:149} INFO - [2023-06-22T16:10:37.803+0700] {dag.py:3486} INFO - Setting next_dagrun for dataset_consumes_1 to None, run_after=None
[2023-06-22T16:10:37.805+0700] {logging_mixin.py:149} INFO - [2023-06-22T16:10:37.805+0700] {dag.py:3486} INFO - Setting next_dagrun for dataset_consumes_1_and_2 to None, run_after=None
[2023-06-22T16:10:37.806+0700] {logging_mixin.py:149} INFO - [2023-06-22T16:10:37.806+0700] {dag.py:3486} INFO - Setting next_dagrun for dataset_consumes_1_never_scheduled to None, run_after=None
[2023-06-22T16:10:37.807+0700] {logging_mixin.py:149} INFO - [2023-06-22T16:10:37.807+0700] {dag.py:3486} INFO - Setting next_dagrun for dataset_consumes_unknown_never_scheduled to None, run_after=None
[2023-06-22T16:10:37.809+0700] {logging_mixin.py:149} INFO - [2023-06-22T16:10:37.809+0700] {dag.py:3486} INFO - Setting next_dagrun for dataset_produces_1 to 2023-06-21T00:00:00+00:00, run_after=2023-06-22T00:00:00+00:00
[2023-06-22T16:10:37.809+0700] {logging_mixin.py:149} INFO - [2023-06-22T16:10:37.809+0700] {dag.py:3486} INFO - Setting next_dagrun for dataset_produces_2 to None, run_after=None
[2023-06-22T16:10:37.842+0700] {processor.py:179} INFO - Processing /Users/macbook/Documents/Documents_MacBook_Pro/ISTT/AirflowTutorial/envlibs/lib/python3.10/site-packages/airflow/example_dags/example_datasets.py took 0.963 seconds
[2023-06-22T16:14:27.927+0700] {processor.py:157} INFO - Started process (PID=15382) to work on /Users/macbook/Documents/Documents_MacBook_Pro/ISTT/AirflowTutorial/envlibs/lib/python3.10/site-packages/airflow/example_dags/example_datasets.py
[2023-06-22T16:14:27.928+0700] {processor.py:826} INFO - Processing file /Users/macbook/Documents/Documents_MacBook_Pro/ISTT/AirflowTutorial/envlibs/lib/python3.10/site-packages/airflow/example_dags/example_datasets.py for tasks to queue
[2023-06-22T16:14:27.929+0700] {logging_mixin.py:149} INFO - [2023-06-22T16:14:27.929+0700] {dagbag.py:541} INFO - Filling up the DagBag from /Users/macbook/Documents/Documents_MacBook_Pro/ISTT/AirflowTutorial/envlibs/lib/python3.10/site-packages/airflow/example_dags/example_datasets.py
[2023-06-22T16:14:27.955+0700] {processor.py:836} INFO - DAG(s) dict_keys(['dataset_consumes_1_and_2', 'dataset_consumes_1', 'dataset_produces_2', 'dataset_produces_1', 'dataset_consumes_1_never_scheduled', 'dataset_consumes_unknown_never_scheduled']) retrieved from /Users/macbook/Documents/Documents_MacBook_Pro/ISTT/AirflowTutorial/envlibs/lib/python3.10/site-packages/airflow/example_dags/example_datasets.py
[2023-06-22T16:14:28.944+0700] {logging_mixin.py:149} INFO - [2023-06-22T16:14:28.943+0700] {dag.py:2726} INFO - Sync 6 DAGs
[2023-06-22T16:14:28.961+0700] {logging_mixin.py:149} INFO - [2023-06-22T16:14:28.960+0700] {dag.py:3486} INFO - Setting next_dagrun for dataset_consumes_1 to None, run_after=None
[2023-06-22T16:14:28.963+0700] {logging_mixin.py:149} INFO - [2023-06-22T16:14:28.963+0700] {dag.py:3486} INFO - Setting next_dagrun for dataset_consumes_1_and_2 to None, run_after=None
[2023-06-22T16:14:28.964+0700] {logging_mixin.py:149} INFO - [2023-06-22T16:14:28.964+0700] {dag.py:3486} INFO - Setting next_dagrun for dataset_consumes_1_never_scheduled to None, run_after=None
[2023-06-22T16:14:28.965+0700] {logging_mixin.py:149} INFO - [2023-06-22T16:14:28.965+0700] {dag.py:3486} INFO - Setting next_dagrun for dataset_consumes_unknown_never_scheduled to None, run_after=None
[2023-06-22T16:14:28.967+0700] {logging_mixin.py:149} INFO - [2023-06-22T16:14:28.967+0700] {dag.py:3486} INFO - Setting next_dagrun for dataset_produces_1 to 2023-06-21T00:00:00+00:00, run_after=2023-06-22T00:00:00+00:00
[2023-06-22T16:14:28.968+0700] {logging_mixin.py:149} INFO - [2023-06-22T16:14:28.968+0700] {dag.py:3486} INFO - Setting next_dagrun for dataset_produces_2 to None, run_after=None
[2023-06-22T16:14:29.000+0700] {processor.py:179} INFO - Processing /Users/macbook/Documents/Documents_MacBook_Pro/ISTT/AirflowTutorial/envlibs/lib/python3.10/site-packages/airflow/example_dags/example_datasets.py took 1.074 seconds
[2023-06-22T16:18:48.303+0700] {processor.py:157} INFO - Started process (PID=15539) to work on /Users/macbook/Documents/Documents_MacBook_Pro/ISTT/AirflowTutorial/envlibs/lib/python3.10/site-packages/airflow/example_dags/example_datasets.py
[2023-06-22T16:18:48.304+0700] {processor.py:826} INFO - Processing file /Users/macbook/Documents/Documents_MacBook_Pro/ISTT/AirflowTutorial/envlibs/lib/python3.10/site-packages/airflow/example_dags/example_datasets.py for tasks to queue
[2023-06-22T16:18:48.305+0700] {logging_mixin.py:149} INFO - [2023-06-22T16:18:48.305+0700] {dagbag.py:541} INFO - Filling up the DagBag from /Users/macbook/Documents/Documents_MacBook_Pro/ISTT/AirflowTutorial/envlibs/lib/python3.10/site-packages/airflow/example_dags/example_datasets.py
[2023-06-22T16:18:48.330+0700] {processor.py:836} INFO - DAG(s) dict_keys(['dataset_consumes_1_and_2', 'dataset_consumes_unknown_never_scheduled', 'dataset_consumes_1_never_scheduled', 'dataset_consumes_1', 'dataset_produces_2', 'dataset_produces_1']) retrieved from /Users/macbook/Documents/Documents_MacBook_Pro/ISTT/AirflowTutorial/envlibs/lib/python3.10/site-packages/airflow/example_dags/example_datasets.py
[2023-06-22T16:18:49.205+0700] {logging_mixin.py:149} INFO - [2023-06-22T16:18:49.204+0700] {dag.py:2726} INFO - Sync 6 DAGs
[2023-06-22T16:18:49.221+0700] {logging_mixin.py:149} INFO - [2023-06-22T16:18:49.221+0700] {dag.py:3486} INFO - Setting next_dagrun for dataset_consumes_1 to None, run_after=None
[2023-06-22T16:18:49.223+0700] {logging_mixin.py:149} INFO - [2023-06-22T16:18:49.223+0700] {dag.py:3486} INFO - Setting next_dagrun for dataset_consumes_1_and_2 to None, run_after=None
[2023-06-22T16:18:49.224+0700] {logging_mixin.py:149} INFO - [2023-06-22T16:18:49.224+0700] {dag.py:3486} INFO - Setting next_dagrun for dataset_consumes_1_never_scheduled to None, run_after=None
[2023-06-22T16:18:49.225+0700] {logging_mixin.py:149} INFO - [2023-06-22T16:18:49.225+0700] {dag.py:3486} INFO - Setting next_dagrun for dataset_consumes_unknown_never_scheduled to None, run_after=None
[2023-06-22T16:18:49.228+0700] {logging_mixin.py:149} INFO - [2023-06-22T16:18:49.227+0700] {dag.py:3486} INFO - Setting next_dagrun for dataset_produces_1 to 2023-06-21T00:00:00+00:00, run_after=2023-06-22T00:00:00+00:00
[2023-06-22T16:18:49.229+0700] {logging_mixin.py:149} INFO - [2023-06-22T16:18:49.228+0700] {dag.py:3486} INFO - Setting next_dagrun for dataset_produces_2 to None, run_after=None
[2023-06-22T16:18:49.260+0700] {processor.py:179} INFO - Processing /Users/macbook/Documents/Documents_MacBook_Pro/ISTT/AirflowTutorial/envlibs/lib/python3.10/site-packages/airflow/example_dags/example_datasets.py took 0.958 seconds
[2023-06-22T16:23:04.428+0700] {processor.py:157} INFO - Started process (PID=15655) to work on /Users/macbook/Documents/Documents_MacBook_Pro/ISTT/AirflowTutorial/envlibs/lib/python3.10/site-packages/airflow/example_dags/example_datasets.py
[2023-06-22T16:23:04.429+0700] {processor.py:826} INFO - Processing file /Users/macbook/Documents/Documents_MacBook_Pro/ISTT/AirflowTutorial/envlibs/lib/python3.10/site-packages/airflow/example_dags/example_datasets.py for tasks to queue
[2023-06-22T16:23:04.430+0700] {logging_mixin.py:149} INFO - [2023-06-22T16:23:04.430+0700] {dagbag.py:541} INFO - Filling up the DagBag from /Users/macbook/Documents/Documents_MacBook_Pro/ISTT/AirflowTutorial/envlibs/lib/python3.10/site-packages/airflow/example_dags/example_datasets.py
[2023-06-22T16:23:04.455+0700] {processor.py:836} INFO - DAG(s) dict_keys(['dataset_produces_2', 'dataset_consumes_1_never_scheduled', 'dataset_consumes_1', 'dataset_consumes_1_and_2', 'dataset_consumes_unknown_never_scheduled', 'dataset_produces_1']) retrieved from /Users/macbook/Documents/Documents_MacBook_Pro/ISTT/AirflowTutorial/envlibs/lib/python3.10/site-packages/airflow/example_dags/example_datasets.py
[2023-06-22T16:23:05.304+0700] {logging_mixin.py:149} INFO - [2023-06-22T16:23:05.304+0700] {dag.py:2726} INFO - Sync 6 DAGs
[2023-06-22T16:23:05.320+0700] {logging_mixin.py:149} INFO - [2023-06-22T16:23:05.320+0700] {dag.py:3486} INFO - Setting next_dagrun for dataset_consumes_1 to None, run_after=None
[2023-06-22T16:23:05.322+0700] {logging_mixin.py:149} INFO - [2023-06-22T16:23:05.321+0700] {dag.py:3486} INFO - Setting next_dagrun for dataset_consumes_1_and_2 to None, run_after=None
[2023-06-22T16:23:05.322+0700] {logging_mixin.py:149} INFO - [2023-06-22T16:23:05.322+0700] {dag.py:3486} INFO - Setting next_dagrun for dataset_consumes_1_never_scheduled to None, run_after=None
[2023-06-22T16:23:05.323+0700] {logging_mixin.py:149} INFO - [2023-06-22T16:23:05.323+0700] {dag.py:3486} INFO - Setting next_dagrun for dataset_consumes_unknown_never_scheduled to None, run_after=None
[2023-06-22T16:23:05.325+0700] {logging_mixin.py:149} INFO - [2023-06-22T16:23:05.325+0700] {dag.py:3486} INFO - Setting next_dagrun for dataset_produces_1 to 2023-06-21T00:00:00+00:00, run_after=2023-06-22T00:00:00+00:00
[2023-06-22T16:23:05.326+0700] {logging_mixin.py:149} INFO - [2023-06-22T16:23:05.326+0700] {dag.py:3486} INFO - Setting next_dagrun for dataset_produces_2 to None, run_after=None
[2023-06-22T16:23:05.354+0700] {processor.py:179} INFO - Processing /Users/macbook/Documents/Documents_MacBook_Pro/ISTT/AirflowTutorial/envlibs/lib/python3.10/site-packages/airflow/example_dags/example_datasets.py took 0.927 seconds
