[2023-06-22T14:27:56.694+0700] {processor.py:157} INFO - Started process (PID=11882) to work on /Users/macbook/Documents/Documents_MacBook_Pro/ISTT/AirflowTutorial/envlibs/lib/python3.10/site-packages/airflow/example_dags/example_sensors.py
[2023-06-22T14:27:56.694+0700] {processor.py:826} INFO - Processing file /Users/macbook/Documents/Documents_MacBook_Pro/ISTT/AirflowTutorial/envlibs/lib/python3.10/site-packages/airflow/example_dags/example_sensors.py for tasks to queue
[2023-06-22T14:27:56.695+0700] {logging_mixin.py:149} INFO - [2023-06-22T14:27:56.695+0700] {dagbag.py:541} INFO - Filling up the DagBag from /Users/macbook/Documents/Documents_MacBook_Pro/ISTT/AirflowTutorial/envlibs/lib/python3.10/site-packages/airflow/example_dags/example_sensors.py
[2023-06-22T14:27:56.724+0700] {processor.py:836} INFO - DAG(s) dict_keys(['example_sensors']) retrieved from /Users/macbook/Documents/Documents_MacBook_Pro/ISTT/AirflowTutorial/envlibs/lib/python3.10/site-packages/airflow/example_dags/example_sensors.py
[2023-06-22T14:27:57.478+0700] {logging_mixin.py:149} INFO - [2023-06-22T14:27:57.478+0700] {dag.py:2726} INFO - Sync 1 DAGs
[2023-06-22T14:27:57.491+0700] {logging_mixin.py:149} INFO - [2023-06-22T14:27:57.491+0700] {dag.py:3486} INFO - Setting next_dagrun for example_sensors to None, run_after=None
[2023-06-22T14:27:57.508+0700] {processor.py:179} INFO - Processing /Users/macbook/Documents/Documents_MacBook_Pro/ISTT/AirflowTutorial/envlibs/lib/python3.10/site-packages/airflow/example_dags/example_sensors.py took 0.815 seconds
[2023-06-22T14:30:26.526+0700] {processor.py:157} INFO - Started process (PID=11957) to work on /Users/macbook/Documents/Documents_MacBook_Pro/ISTT/AirflowTutorial/envlibs/lib/python3.10/site-packages/airflow/example_dags/example_sensors.py
[2023-06-22T14:30:26.528+0700] {processor.py:826} INFO - Processing file /Users/macbook/Documents/Documents_MacBook_Pro/ISTT/AirflowTutorial/envlibs/lib/python3.10/site-packages/airflow/example_dags/example_sensors.py for tasks to queue
[2023-06-22T14:30:26.528+0700] {logging_mixin.py:149} INFO - [2023-06-22T14:30:26.528+0700] {dagbag.py:541} INFO - Filling up the DagBag from /Users/macbook/Documents/Documents_MacBook_Pro/ISTT/AirflowTutorial/envlibs/lib/python3.10/site-packages/airflow/example_dags/example_sensors.py
[2023-06-22T14:30:26.558+0700] {processor.py:836} INFO - DAG(s) dict_keys(['example_sensors']) retrieved from /Users/macbook/Documents/Documents_MacBook_Pro/ISTT/AirflowTutorial/envlibs/lib/python3.10/site-packages/airflow/example_dags/example_sensors.py
[2023-06-22T14:30:27.334+0700] {logging_mixin.py:149} INFO - [2023-06-22T14:30:27.334+0700] {dag.py:2726} INFO - Sync 1 DAGs
[2023-06-22T14:30:27.351+0700] {logging_mixin.py:149} INFO - [2023-06-22T14:30:27.350+0700] {dag.py:3486} INFO - Setting next_dagrun for example_sensors to None, run_after=None
[2023-06-22T14:30:27.370+0700] {processor.py:179} INFO - Processing /Users/macbook/Documents/Documents_MacBook_Pro/ISTT/AirflowTutorial/envlibs/lib/python3.10/site-packages/airflow/example_dags/example_sensors.py took 0.845 seconds
[2023-06-22T14:32:40.391+0700] {processor.py:157} INFO - Started process (PID=12058) to work on /Users/macbook/Documents/Documents_MacBook_Pro/ISTT/AirflowTutorial/envlibs/lib/python3.10/site-packages/airflow/example_dags/example_sensors.py
[2023-06-22T14:32:40.393+0700] {processor.py:826} INFO - Processing file /Users/macbook/Documents/Documents_MacBook_Pro/ISTT/AirflowTutorial/envlibs/lib/python3.10/site-packages/airflow/example_dags/example_sensors.py for tasks to queue
[2023-06-22T14:32:40.393+0700] {logging_mixin.py:149} INFO - [2023-06-22T14:32:40.393+0700] {dagbag.py:541} INFO - Filling up the DagBag from /Users/macbook/Documents/Documents_MacBook_Pro/ISTT/AirflowTutorial/envlibs/lib/python3.10/site-packages/airflow/example_dags/example_sensors.py
[2023-06-22T14:32:40.437+0700] {processor.py:836} INFO - DAG(s) dict_keys(['example_sensors']) retrieved from /Users/macbook/Documents/Documents_MacBook_Pro/ISTT/AirflowTutorial/envlibs/lib/python3.10/site-packages/airflow/example_dags/example_sensors.py
[2023-06-22T14:32:41.755+0700] {logging_mixin.py:149} INFO - [2023-06-22T14:32:41.754+0700] {dag.py:2726} INFO - Sync 1 DAGs
[2023-06-22T14:32:41.776+0700] {logging_mixin.py:149} INFO - [2023-06-22T14:32:41.776+0700] {dag.py:3486} INFO - Setting next_dagrun for example_sensors to None, run_after=None
[2023-06-22T14:32:41.799+0700] {processor.py:179} INFO - Processing /Users/macbook/Documents/Documents_MacBook_Pro/ISTT/AirflowTutorial/envlibs/lib/python3.10/site-packages/airflow/example_dags/example_sensors.py took 1.409 seconds
[2023-06-22T14:35:11.295+0700] {processor.py:157} INFO - Started process (PID=12193) to work on /Users/macbook/Documents/Documents_MacBook_Pro/ISTT/AirflowTutorial/envlibs/lib/python3.10/site-packages/airflow/example_dags/example_sensors.py
[2023-06-22T14:35:11.297+0700] {processor.py:826} INFO - Processing file /Users/macbook/Documents/Documents_MacBook_Pro/ISTT/AirflowTutorial/envlibs/lib/python3.10/site-packages/airflow/example_dags/example_sensors.py for tasks to queue
[2023-06-22T14:35:11.297+0700] {logging_mixin.py:149} INFO - [2023-06-22T14:35:11.297+0700] {dagbag.py:541} INFO - Filling up the DagBag from /Users/macbook/Documents/Documents_MacBook_Pro/ISTT/AirflowTutorial/envlibs/lib/python3.10/site-packages/airflow/example_dags/example_sensors.py
[2023-06-22T14:35:11.333+0700] {processor.py:836} INFO - DAG(s) dict_keys(['example_sensors']) retrieved from /Users/macbook/Documents/Documents_MacBook_Pro/ISTT/AirflowTutorial/envlibs/lib/python3.10/site-packages/airflow/example_dags/example_sensors.py
[2023-06-22T14:35:12.345+0700] {logging_mixin.py:149} INFO - [2023-06-22T14:35:12.345+0700] {dag.py:2726} INFO - Sync 1 DAGs
[2023-06-22T14:35:12.365+0700] {logging_mixin.py:149} INFO - [2023-06-22T14:35:12.365+0700] {dag.py:3486} INFO - Setting next_dagrun for example_sensors to None, run_after=None
[2023-06-22T14:35:12.386+0700] {processor.py:179} INFO - Processing /Users/macbook/Documents/Documents_MacBook_Pro/ISTT/AirflowTutorial/envlibs/lib/python3.10/site-packages/airflow/example_dags/example_sensors.py took 1.092 seconds
[2023-06-22T14:38:05.140+0700] {processor.py:157} INFO - Started process (PID=12345) to work on /Users/macbook/Documents/Documents_MacBook_Pro/ISTT/AirflowTutorial/envlibs/lib/python3.10/site-packages/airflow/example_dags/example_sensors.py
[2023-06-22T14:38:05.141+0700] {processor.py:826} INFO - Processing file /Users/macbook/Documents/Documents_MacBook_Pro/ISTT/AirflowTutorial/envlibs/lib/python3.10/site-packages/airflow/example_dags/example_sensors.py for tasks to queue
[2023-06-22T14:38:05.143+0700] {logging_mixin.py:149} INFO - [2023-06-22T14:38:05.142+0700] {dagbag.py:541} INFO - Filling up the DagBag from /Users/macbook/Documents/Documents_MacBook_Pro/ISTT/AirflowTutorial/envlibs/lib/python3.10/site-packages/airflow/example_dags/example_sensors.py
[2023-06-22T14:38:05.199+0700] {processor.py:836} INFO - DAG(s) dict_keys(['example_sensors']) retrieved from /Users/macbook/Documents/Documents_MacBook_Pro/ISTT/AirflowTutorial/envlibs/lib/python3.10/site-packages/airflow/example_dags/example_sensors.py
[2023-06-22T14:38:06.341+0700] {logging_mixin.py:149} INFO - [2023-06-22T14:38:06.341+0700] {dag.py:2726} INFO - Sync 1 DAGs
[2023-06-22T14:38:06.353+0700] {logging_mixin.py:149} INFO - [2023-06-22T14:38:06.352+0700] {dag.py:2747} INFO - Creating ORM DAG for example_sensors
[2023-06-22T14:38:06.362+0700] {logging_mixin.py:149} INFO - [2023-06-22T14:38:06.362+0700] {dag.py:3486} INFO - Setting next_dagrun for example_sensors to None, run_after=None
[2023-06-22T14:38:06.390+0700] {processor.py:179} INFO - Processing /Users/macbook/Documents/Documents_MacBook_Pro/ISTT/AirflowTutorial/envlibs/lib/python3.10/site-packages/airflow/example_dags/example_sensors.py took 1.251 seconds
[2023-06-22T14:40:26.114+0700] {processor.py:157} INFO - Started process (PID=12466) to work on /Users/macbook/Documents/Documents_MacBook_Pro/ISTT/AirflowTutorial/envlibs/lib/python3.10/site-packages/airflow/example_dags/example_sensors.py
[2023-06-22T14:40:26.116+0700] {processor.py:826} INFO - Processing file /Users/macbook/Documents/Documents_MacBook_Pro/ISTT/AirflowTutorial/envlibs/lib/python3.10/site-packages/airflow/example_dags/example_sensors.py for tasks to queue
[2023-06-22T14:40:26.116+0700] {logging_mixin.py:149} INFO - [2023-06-22T14:40:26.116+0700] {dagbag.py:541} INFO - Filling up the DagBag from /Users/macbook/Documents/Documents_MacBook_Pro/ISTT/AirflowTutorial/envlibs/lib/python3.10/site-packages/airflow/example_dags/example_sensors.py
[2023-06-22T14:40:26.147+0700] {processor.py:836} INFO - DAG(s) dict_keys(['example_sensors']) retrieved from /Users/macbook/Documents/Documents_MacBook_Pro/ISTT/AirflowTutorial/envlibs/lib/python3.10/site-packages/airflow/example_dags/example_sensors.py
[2023-06-22T14:40:26.877+0700] {logging_mixin.py:149} INFO - [2023-06-22T14:40:26.877+0700] {dag.py:2726} INFO - Sync 1 DAGs
[2023-06-22T14:40:26.895+0700] {logging_mixin.py:149} INFO - [2023-06-22T14:40:26.894+0700] {dag.py:3486} INFO - Setting next_dagrun for example_sensors to None, run_after=None
[2023-06-22T14:40:26.913+0700] {processor.py:179} INFO - Processing /Users/macbook/Documents/Documents_MacBook_Pro/ISTT/AirflowTutorial/envlibs/lib/python3.10/site-packages/airflow/example_dags/example_sensors.py took 0.799 seconds
[2023-06-22T14:42:35.107+0700] {processor.py:157} INFO - Started process (PID=12533) to work on /Users/macbook/Documents/Documents_MacBook_Pro/ISTT/AirflowTutorial/envlibs/lib/python3.10/site-packages/airflow/example_dags/example_sensors.py
[2023-06-22T14:42:35.108+0700] {processor.py:826} INFO - Processing file /Users/macbook/Documents/Documents_MacBook_Pro/ISTT/AirflowTutorial/envlibs/lib/python3.10/site-packages/airflow/example_dags/example_sensors.py for tasks to queue
[2023-06-22T14:42:35.109+0700] {logging_mixin.py:149} INFO - [2023-06-22T14:42:35.109+0700] {dagbag.py:541} INFO - Filling up the DagBag from /Users/macbook/Documents/Documents_MacBook_Pro/ISTT/AirflowTutorial/envlibs/lib/python3.10/site-packages/airflow/example_dags/example_sensors.py
[2023-06-22T14:42:35.141+0700] {processor.py:836} INFO - DAG(s) dict_keys(['example_sensors']) retrieved from /Users/macbook/Documents/Documents_MacBook_Pro/ISTT/AirflowTutorial/envlibs/lib/python3.10/site-packages/airflow/example_dags/example_sensors.py
[2023-06-22T14:42:35.943+0700] {logging_mixin.py:149} INFO - [2023-06-22T14:42:35.942+0700] {dag.py:2726} INFO - Sync 1 DAGs
[2023-06-22T14:42:35.959+0700] {logging_mixin.py:149} INFO - [2023-06-22T14:42:35.958+0700] {dag.py:3486} INFO - Setting next_dagrun for example_sensors to None, run_after=None
[2023-06-22T14:42:35.977+0700] {processor.py:179} INFO - Processing /Users/macbook/Documents/Documents_MacBook_Pro/ISTT/AirflowTutorial/envlibs/lib/python3.10/site-packages/airflow/example_dags/example_sensors.py took 0.871 seconds
[2023-06-22T14:44:42.843+0700] {processor.py:157} INFO - Started process (PID=12588) to work on /Users/macbook/Documents/Documents_MacBook_Pro/ISTT/AirflowTutorial/envlibs/lib/python3.10/site-packages/airflow/example_dags/example_sensors.py
[2023-06-22T14:44:42.845+0700] {processor.py:826} INFO - Processing file /Users/macbook/Documents/Documents_MacBook_Pro/ISTT/AirflowTutorial/envlibs/lib/python3.10/site-packages/airflow/example_dags/example_sensors.py for tasks to queue
[2023-06-22T14:44:42.845+0700] {logging_mixin.py:149} INFO - [2023-06-22T14:44:42.845+0700] {dagbag.py:541} INFO - Filling up the DagBag from /Users/macbook/Documents/Documents_MacBook_Pro/ISTT/AirflowTutorial/envlibs/lib/python3.10/site-packages/airflow/example_dags/example_sensors.py
[2023-06-22T14:44:42.882+0700] {processor.py:836} INFO - DAG(s) dict_keys(['example_sensors']) retrieved from /Users/macbook/Documents/Documents_MacBook_Pro/ISTT/AirflowTutorial/envlibs/lib/python3.10/site-packages/airflow/example_dags/example_sensors.py
[2023-06-22T14:44:43.685+0700] {logging_mixin.py:149} INFO - [2023-06-22T14:44:43.685+0700] {dag.py:2726} INFO - Sync 1 DAGs
[2023-06-22T14:44:43.701+0700] {logging_mixin.py:149} INFO - [2023-06-22T14:44:43.701+0700] {dag.py:3486} INFO - Setting next_dagrun for example_sensors to None, run_after=None
[2023-06-22T14:44:43.721+0700] {processor.py:179} INFO - Processing /Users/macbook/Documents/Documents_MacBook_Pro/ISTT/AirflowTutorial/envlibs/lib/python3.10/site-packages/airflow/example_dags/example_sensors.py took 0.878 seconds
[2023-06-22T14:46:47.680+0700] {processor.py:157} INFO - Started process (PID=12644) to work on /Users/macbook/Documents/Documents_MacBook_Pro/ISTT/AirflowTutorial/envlibs/lib/python3.10/site-packages/airflow/example_dags/example_sensors.py
[2023-06-22T14:46:47.682+0700] {processor.py:826} INFO - Processing file /Users/macbook/Documents/Documents_MacBook_Pro/ISTT/AirflowTutorial/envlibs/lib/python3.10/site-packages/airflow/example_dags/example_sensors.py for tasks to queue
[2023-06-22T14:46:47.683+0700] {logging_mixin.py:149} INFO - [2023-06-22T14:46:47.683+0700] {dagbag.py:541} INFO - Filling up the DagBag from /Users/macbook/Documents/Documents_MacBook_Pro/ISTT/AirflowTutorial/envlibs/lib/python3.10/site-packages/airflow/example_dags/example_sensors.py
[2023-06-22T14:46:47.715+0700] {processor.py:836} INFO - DAG(s) dict_keys(['example_sensors']) retrieved from /Users/macbook/Documents/Documents_MacBook_Pro/ISTT/AirflowTutorial/envlibs/lib/python3.10/site-packages/airflow/example_dags/example_sensors.py
[2023-06-22T14:46:48.501+0700] {logging_mixin.py:149} INFO - [2023-06-22T14:46:48.501+0700] {dag.py:2726} INFO - Sync 1 DAGs
[2023-06-22T14:46:48.517+0700] {logging_mixin.py:149} INFO - [2023-06-22T14:46:48.517+0700] {dag.py:3486} INFO - Setting next_dagrun for example_sensors to None, run_after=None
[2023-06-22T14:46:48.534+0700] {processor.py:179} INFO - Processing /Users/macbook/Documents/Documents_MacBook_Pro/ISTT/AirflowTutorial/envlibs/lib/python3.10/site-packages/airflow/example_dags/example_sensors.py took 0.855 seconds
[2023-06-22T14:48:54.705+0700] {processor.py:157} INFO - Started process (PID=12710) to work on /Users/macbook/Documents/Documents_MacBook_Pro/ISTT/AirflowTutorial/envlibs/lib/python3.10/site-packages/airflow/example_dags/example_sensors.py
[2023-06-22T14:48:54.706+0700] {processor.py:826} INFO - Processing file /Users/macbook/Documents/Documents_MacBook_Pro/ISTT/AirflowTutorial/envlibs/lib/python3.10/site-packages/airflow/example_dags/example_sensors.py for tasks to queue
[2023-06-22T14:48:54.706+0700] {logging_mixin.py:149} INFO - [2023-06-22T14:48:54.706+0700] {dagbag.py:541} INFO - Filling up the DagBag from /Users/macbook/Documents/Documents_MacBook_Pro/ISTT/AirflowTutorial/envlibs/lib/python3.10/site-packages/airflow/example_dags/example_sensors.py
[2023-06-22T14:48:54.754+0700] {processor.py:836} INFO - DAG(s) dict_keys(['example_sensors']) retrieved from /Users/macbook/Documents/Documents_MacBook_Pro/ISTT/AirflowTutorial/envlibs/lib/python3.10/site-packages/airflow/example_dags/example_sensors.py
[2023-06-22T14:48:55.715+0700] {logging_mixin.py:149} INFO - [2023-06-22T14:48:55.715+0700] {dag.py:2726} INFO - Sync 1 DAGs
[2023-06-22T14:48:55.734+0700] {logging_mixin.py:149} INFO - [2023-06-22T14:48:55.734+0700] {dag.py:3486} INFO - Setting next_dagrun for example_sensors to None, run_after=None
[2023-06-22T14:48:55.753+0700] {processor.py:179} INFO - Processing /Users/macbook/Documents/Documents_MacBook_Pro/ISTT/AirflowTutorial/envlibs/lib/python3.10/site-packages/airflow/example_dags/example_sensors.py took 1.049 seconds
[2023-06-22T14:50:59.165+0700] {processor.py:157} INFO - Started process (PID=12765) to work on /Users/macbook/Documents/Documents_MacBook_Pro/ISTT/AirflowTutorial/envlibs/lib/python3.10/site-packages/airflow/example_dags/example_sensors.py
[2023-06-22T14:50:59.166+0700] {processor.py:826} INFO - Processing file /Users/macbook/Documents/Documents_MacBook_Pro/ISTT/AirflowTutorial/envlibs/lib/python3.10/site-packages/airflow/example_dags/example_sensors.py for tasks to queue
[2023-06-22T14:50:59.166+0700] {logging_mixin.py:149} INFO - [2023-06-22T14:50:59.166+0700] {dagbag.py:541} INFO - Filling up the DagBag from /Users/macbook/Documents/Documents_MacBook_Pro/ISTT/AirflowTutorial/envlibs/lib/python3.10/site-packages/airflow/example_dags/example_sensors.py
[2023-06-22T14:50:59.197+0700] {processor.py:836} INFO - DAG(s) dict_keys(['example_sensors']) retrieved from /Users/macbook/Documents/Documents_MacBook_Pro/ISTT/AirflowTutorial/envlibs/lib/python3.10/site-packages/airflow/example_dags/example_sensors.py
[2023-06-22T14:51:00.067+0700] {logging_mixin.py:149} INFO - [2023-06-22T14:51:00.067+0700] {dag.py:2726} INFO - Sync 1 DAGs
[2023-06-22T14:51:00.084+0700] {logging_mixin.py:149} INFO - [2023-06-22T14:51:00.084+0700] {dag.py:3486} INFO - Setting next_dagrun for example_sensors to None, run_after=None
[2023-06-22T14:51:00.102+0700] {processor.py:179} INFO - Processing /Users/macbook/Documents/Documents_MacBook_Pro/ISTT/AirflowTutorial/envlibs/lib/python3.10/site-packages/airflow/example_dags/example_sensors.py took 0.938 seconds
[2023-06-22T14:53:01.127+0700] {processor.py:157} INFO - Started process (PID=12822) to work on /Users/macbook/Documents/Documents_MacBook_Pro/ISTT/AirflowTutorial/envlibs/lib/python3.10/site-packages/airflow/example_dags/example_sensors.py
[2023-06-22T14:53:01.128+0700] {processor.py:826} INFO - Processing file /Users/macbook/Documents/Documents_MacBook_Pro/ISTT/AirflowTutorial/envlibs/lib/python3.10/site-packages/airflow/example_dags/example_sensors.py for tasks to queue
[2023-06-22T14:53:01.128+0700] {logging_mixin.py:149} INFO - [2023-06-22T14:53:01.128+0700] {dagbag.py:541} INFO - Filling up the DagBag from /Users/macbook/Documents/Documents_MacBook_Pro/ISTT/AirflowTutorial/envlibs/lib/python3.10/site-packages/airflow/example_dags/example_sensors.py
[2023-06-22T14:53:01.158+0700] {processor.py:836} INFO - DAG(s) dict_keys(['example_sensors']) retrieved from /Users/macbook/Documents/Documents_MacBook_Pro/ISTT/AirflowTutorial/envlibs/lib/python3.10/site-packages/airflow/example_dags/example_sensors.py
[2023-06-22T14:53:01.876+0700] {logging_mixin.py:149} INFO - [2023-06-22T14:53:01.876+0700] {dag.py:2726} INFO - Sync 1 DAGs
[2023-06-22T14:53:01.893+0700] {logging_mixin.py:149} INFO - [2023-06-22T14:53:01.893+0700] {dag.py:3486} INFO - Setting next_dagrun for example_sensors to None, run_after=None
[2023-06-22T14:53:01.915+0700] {processor.py:179} INFO - Processing /Users/macbook/Documents/Documents_MacBook_Pro/ISTT/AirflowTutorial/envlibs/lib/python3.10/site-packages/airflow/example_dags/example_sensors.py took 0.790 seconds
[2023-06-22T14:54:58.819+0700] {processor.py:157} INFO - Started process (PID=12874) to work on /Users/macbook/Documents/Documents_MacBook_Pro/ISTT/AirflowTutorial/envlibs/lib/python3.10/site-packages/airflow/example_dags/example_sensors.py
[2023-06-22T14:54:58.820+0700] {processor.py:826} INFO - Processing file /Users/macbook/Documents/Documents_MacBook_Pro/ISTT/AirflowTutorial/envlibs/lib/python3.10/site-packages/airflow/example_dags/example_sensors.py for tasks to queue
[2023-06-22T14:54:58.821+0700] {logging_mixin.py:149} INFO - [2023-06-22T14:54:58.821+0700] {dagbag.py:541} INFO - Filling up the DagBag from /Users/macbook/Documents/Documents_MacBook_Pro/ISTT/AirflowTutorial/envlibs/lib/python3.10/site-packages/airflow/example_dags/example_sensors.py
[2023-06-22T14:54:58.851+0700] {processor.py:836} INFO - DAG(s) dict_keys(['example_sensors']) retrieved from /Users/macbook/Documents/Documents_MacBook_Pro/ISTT/AirflowTutorial/envlibs/lib/python3.10/site-packages/airflow/example_dags/example_sensors.py
[2023-06-22T14:54:59.589+0700] {logging_mixin.py:149} INFO - [2023-06-22T14:54:59.589+0700] {dag.py:2726} INFO - Sync 1 DAGs
[2023-06-22T14:54:59.607+0700] {logging_mixin.py:149} INFO - [2023-06-22T14:54:59.606+0700] {dag.py:3486} INFO - Setting next_dagrun for example_sensors to None, run_after=None
[2023-06-22T14:54:59.624+0700] {processor.py:179} INFO - Processing /Users/macbook/Documents/Documents_MacBook_Pro/ISTT/AirflowTutorial/envlibs/lib/python3.10/site-packages/airflow/example_dags/example_sensors.py took 0.805 seconds
[2023-06-22T14:56:55.539+0700] {processor.py:157} INFO - Started process (PID=12927) to work on /Users/macbook/Documents/Documents_MacBook_Pro/ISTT/AirflowTutorial/envlibs/lib/python3.10/site-packages/airflow/example_dags/example_sensors.py
[2023-06-22T14:56:55.541+0700] {processor.py:826} INFO - Processing file /Users/macbook/Documents/Documents_MacBook_Pro/ISTT/AirflowTutorial/envlibs/lib/python3.10/site-packages/airflow/example_dags/example_sensors.py for tasks to queue
[2023-06-22T14:56:55.541+0700] {logging_mixin.py:149} INFO - [2023-06-22T14:56:55.541+0700] {dagbag.py:541} INFO - Filling up the DagBag from /Users/macbook/Documents/Documents_MacBook_Pro/ISTT/AirflowTutorial/envlibs/lib/python3.10/site-packages/airflow/example_dags/example_sensors.py
[2023-06-22T14:56:55.577+0700] {processor.py:836} INFO - DAG(s) dict_keys(['example_sensors']) retrieved from /Users/macbook/Documents/Documents_MacBook_Pro/ISTT/AirflowTutorial/envlibs/lib/python3.10/site-packages/airflow/example_dags/example_sensors.py
[2023-06-22T14:56:56.405+0700] {logging_mixin.py:149} INFO - [2023-06-22T14:56:56.405+0700] {dag.py:2726} INFO - Sync 1 DAGs
[2023-06-22T14:56:56.422+0700] {logging_mixin.py:149} INFO - [2023-06-22T14:56:56.422+0700] {dag.py:3486} INFO - Setting next_dagrun for example_sensors to None, run_after=None
[2023-06-22T14:56:56.443+0700] {processor.py:179} INFO - Processing /Users/macbook/Documents/Documents_MacBook_Pro/ISTT/AirflowTutorial/envlibs/lib/python3.10/site-packages/airflow/example_dags/example_sensors.py took 0.905 seconds
[2023-06-22T14:58:57.686+0700] {processor.py:157} INFO - Started process (PID=12979) to work on /Users/macbook/Documents/Documents_MacBook_Pro/ISTT/AirflowTutorial/envlibs/lib/python3.10/site-packages/airflow/example_dags/example_sensors.py
[2023-06-22T14:58:57.687+0700] {processor.py:826} INFO - Processing file /Users/macbook/Documents/Documents_MacBook_Pro/ISTT/AirflowTutorial/envlibs/lib/python3.10/site-packages/airflow/example_dags/example_sensors.py for tasks to queue
[2023-06-22T14:58:57.687+0700] {logging_mixin.py:149} INFO - [2023-06-22T14:58:57.687+0700] {dagbag.py:541} INFO - Filling up the DagBag from /Users/macbook/Documents/Documents_MacBook_Pro/ISTT/AirflowTutorial/envlibs/lib/python3.10/site-packages/airflow/example_dags/example_sensors.py
[2023-06-22T14:58:57.718+0700] {processor.py:836} INFO - DAG(s) dict_keys(['example_sensors']) retrieved from /Users/macbook/Documents/Documents_MacBook_Pro/ISTT/AirflowTutorial/envlibs/lib/python3.10/site-packages/airflow/example_dags/example_sensors.py
[2023-06-22T14:58:58.381+0700] {logging_mixin.py:149} INFO - [2023-06-22T14:58:58.381+0700] {dag.py:2726} INFO - Sync 1 DAGs
[2023-06-22T14:58:58.397+0700] {logging_mixin.py:149} INFO - [2023-06-22T14:58:58.396+0700] {dag.py:3486} INFO - Setting next_dagrun for example_sensors to None, run_after=None
[2023-06-22T14:58:58.414+0700] {processor.py:179} INFO - Processing /Users/macbook/Documents/Documents_MacBook_Pro/ISTT/AirflowTutorial/envlibs/lib/python3.10/site-packages/airflow/example_dags/example_sensors.py took 0.729 seconds
[2023-06-22T15:01:00.601+0700] {processor.py:157} INFO - Started process (PID=13033) to work on /Users/macbook/Documents/Documents_MacBook_Pro/ISTT/AirflowTutorial/envlibs/lib/python3.10/site-packages/airflow/example_dags/example_sensors.py
[2023-06-22T15:01:00.604+0700] {processor.py:826} INFO - Processing file /Users/macbook/Documents/Documents_MacBook_Pro/ISTT/AirflowTutorial/envlibs/lib/python3.10/site-packages/airflow/example_dags/example_sensors.py for tasks to queue
[2023-06-22T15:01:00.605+0700] {logging_mixin.py:149} INFO - [2023-06-22T15:01:00.605+0700] {dagbag.py:541} INFO - Filling up the DagBag from /Users/macbook/Documents/Documents_MacBook_Pro/ISTT/AirflowTutorial/envlibs/lib/python3.10/site-packages/airflow/example_dags/example_sensors.py
[2023-06-22T15:01:00.640+0700] {processor.py:836} INFO - DAG(s) dict_keys(['example_sensors']) retrieved from /Users/macbook/Documents/Documents_MacBook_Pro/ISTT/AirflowTutorial/envlibs/lib/python3.10/site-packages/airflow/example_dags/example_sensors.py
[2023-06-22T15:01:01.372+0700] {logging_mixin.py:149} INFO - [2023-06-22T15:01:01.371+0700] {dag.py:2726} INFO - Sync 1 DAGs
[2023-06-22T15:01:01.388+0700] {logging_mixin.py:149} INFO - [2023-06-22T15:01:01.388+0700] {dag.py:3486} INFO - Setting next_dagrun for example_sensors to None, run_after=None
[2023-06-22T15:01:01.405+0700] {processor.py:179} INFO - Processing /Users/macbook/Documents/Documents_MacBook_Pro/ISTT/AirflowTutorial/envlibs/lib/python3.10/site-packages/airflow/example_dags/example_sensors.py took 0.805 seconds
[2023-06-22T15:03:02.378+0700] {processor.py:157} INFO - Started process (PID=13090) to work on /Users/macbook/Documents/Documents_MacBook_Pro/ISTT/AirflowTutorial/envlibs/lib/python3.10/site-packages/airflow/example_dags/example_sensors.py
[2023-06-22T15:03:02.379+0700] {processor.py:826} INFO - Processing file /Users/macbook/Documents/Documents_MacBook_Pro/ISTT/AirflowTutorial/envlibs/lib/python3.10/site-packages/airflow/example_dags/example_sensors.py for tasks to queue
[2023-06-22T15:03:02.380+0700] {logging_mixin.py:149} INFO - [2023-06-22T15:03:02.380+0700] {dagbag.py:541} INFO - Filling up the DagBag from /Users/macbook/Documents/Documents_MacBook_Pro/ISTT/AirflowTutorial/envlibs/lib/python3.10/site-packages/airflow/example_dags/example_sensors.py
[2023-06-22T15:03:02.415+0700] {processor.py:836} INFO - DAG(s) dict_keys(['example_sensors']) retrieved from /Users/macbook/Documents/Documents_MacBook_Pro/ISTT/AirflowTutorial/envlibs/lib/python3.10/site-packages/airflow/example_dags/example_sensors.py
[2023-06-22T15:03:03.230+0700] {logging_mixin.py:149} INFO - [2023-06-22T15:03:03.229+0700] {dag.py:2726} INFO - Sync 1 DAGs
[2023-06-22T15:03:03.249+0700] {logging_mixin.py:149} INFO - [2023-06-22T15:03:03.249+0700] {dag.py:3486} INFO - Setting next_dagrun for example_sensors to None, run_after=None
[2023-06-22T15:03:03.267+0700] {processor.py:179} INFO - Processing /Users/macbook/Documents/Documents_MacBook_Pro/ISTT/AirflowTutorial/envlibs/lib/python3.10/site-packages/airflow/example_dags/example_sensors.py took 0.890 seconds
[2023-06-22T15:05:02.833+0700] {processor.py:157} INFO - Started process (PID=13150) to work on /Users/macbook/Documents/Documents_MacBook_Pro/ISTT/AirflowTutorial/envlibs/lib/python3.10/site-packages/airflow/example_dags/example_sensors.py
[2023-06-22T15:05:02.834+0700] {processor.py:826} INFO - Processing file /Users/macbook/Documents/Documents_MacBook_Pro/ISTT/AirflowTutorial/envlibs/lib/python3.10/site-packages/airflow/example_dags/example_sensors.py for tasks to queue
[2023-06-22T15:05:02.834+0700] {logging_mixin.py:149} INFO - [2023-06-22T15:05:02.834+0700] {dagbag.py:541} INFO - Filling up the DagBag from /Users/macbook/Documents/Documents_MacBook_Pro/ISTT/AirflowTutorial/envlibs/lib/python3.10/site-packages/airflow/example_dags/example_sensors.py
[2023-06-22T15:05:02.868+0700] {processor.py:836} INFO - DAG(s) dict_keys(['example_sensors']) retrieved from /Users/macbook/Documents/Documents_MacBook_Pro/ISTT/AirflowTutorial/envlibs/lib/python3.10/site-packages/airflow/example_dags/example_sensors.py
[2023-06-22T15:05:03.568+0700] {logging_mixin.py:149} INFO - [2023-06-22T15:05:03.568+0700] {dag.py:2726} INFO - Sync 1 DAGs
[2023-06-22T15:05:03.584+0700] {logging_mixin.py:149} INFO - [2023-06-22T15:05:03.584+0700] {dag.py:3486} INFO - Setting next_dagrun for example_sensors to None, run_after=None
[2023-06-22T15:05:03.601+0700] {processor.py:179} INFO - Processing /Users/macbook/Documents/Documents_MacBook_Pro/ISTT/AirflowTutorial/envlibs/lib/python3.10/site-packages/airflow/example_dags/example_sensors.py took 0.769 seconds
[2023-06-22T15:07:12.935+0700] {processor.py:157} INFO - Started process (PID=13253) to work on /Users/macbook/Documents/Documents_MacBook_Pro/ISTT/AirflowTutorial/envlibs/lib/python3.10/site-packages/airflow/example_dags/example_sensors.py
[2023-06-22T15:07:12.937+0700] {processor.py:826} INFO - Processing file /Users/macbook/Documents/Documents_MacBook_Pro/ISTT/AirflowTutorial/envlibs/lib/python3.10/site-packages/airflow/example_dags/example_sensors.py for tasks to queue
[2023-06-22T15:07:12.938+0700] {logging_mixin.py:149} INFO - [2023-06-22T15:07:12.938+0700] {dagbag.py:541} INFO - Filling up the DagBag from /Users/macbook/Documents/Documents_MacBook_Pro/ISTT/AirflowTutorial/envlibs/lib/python3.10/site-packages/airflow/example_dags/example_sensors.py
[2023-06-22T15:07:12.978+0700] {processor.py:836} INFO - DAG(s) dict_keys(['example_sensors']) retrieved from /Users/macbook/Documents/Documents_MacBook_Pro/ISTT/AirflowTutorial/envlibs/lib/python3.10/site-packages/airflow/example_dags/example_sensors.py
[2023-06-22T15:07:13.732+0700] {logging_mixin.py:149} INFO - [2023-06-22T15:07:13.731+0700] {dag.py:2726} INFO - Sync 1 DAGs
[2023-06-22T15:07:13.749+0700] {logging_mixin.py:149} INFO - [2023-06-22T15:07:13.749+0700] {dag.py:3486} INFO - Setting next_dagrun for example_sensors to None, run_after=None
[2023-06-22T15:07:13.766+0700] {processor.py:179} INFO - Processing /Users/macbook/Documents/Documents_MacBook_Pro/ISTT/AirflowTutorial/envlibs/lib/python3.10/site-packages/airflow/example_dags/example_sensors.py took 0.832 seconds
[2023-06-22T15:09:12.898+0700] {processor.py:157} INFO - Started process (PID=13303) to work on /Users/macbook/Documents/Documents_MacBook_Pro/ISTT/AirflowTutorial/envlibs/lib/python3.10/site-packages/airflow/example_dags/example_sensors.py
[2023-06-22T15:09:12.899+0700] {processor.py:826} INFO - Processing file /Users/macbook/Documents/Documents_MacBook_Pro/ISTT/AirflowTutorial/envlibs/lib/python3.10/site-packages/airflow/example_dags/example_sensors.py for tasks to queue
[2023-06-22T15:09:12.899+0700] {logging_mixin.py:149} INFO - [2023-06-22T15:09:12.899+0700] {dagbag.py:541} INFO - Filling up the DagBag from /Users/macbook/Documents/Documents_MacBook_Pro/ISTT/AirflowTutorial/envlibs/lib/python3.10/site-packages/airflow/example_dags/example_sensors.py
[2023-06-22T15:09:12.928+0700] {processor.py:836} INFO - DAG(s) dict_keys(['example_sensors']) retrieved from /Users/macbook/Documents/Documents_MacBook_Pro/ISTT/AirflowTutorial/envlibs/lib/python3.10/site-packages/airflow/example_dags/example_sensors.py
[2023-06-22T15:09:13.711+0700] {logging_mixin.py:149} INFO - [2023-06-22T15:09:13.711+0700] {dag.py:2726} INFO - Sync 1 DAGs
[2023-06-22T15:09:13.728+0700] {logging_mixin.py:149} INFO - [2023-06-22T15:09:13.728+0700] {dag.py:3486} INFO - Setting next_dagrun for example_sensors to None, run_after=None
[2023-06-22T15:09:13.748+0700] {processor.py:179} INFO - Processing /Users/macbook/Documents/Documents_MacBook_Pro/ISTT/AirflowTutorial/envlibs/lib/python3.10/site-packages/airflow/example_dags/example_sensors.py took 0.851 seconds
[2023-06-22T15:11:19.606+0700] {processor.py:157} INFO - Started process (PID=13400) to work on /Users/macbook/Documents/Documents_MacBook_Pro/ISTT/AirflowTutorial/envlibs/lib/python3.10/site-packages/airflow/example_dags/example_sensors.py
[2023-06-22T15:11:19.607+0700] {processor.py:826} INFO - Processing file /Users/macbook/Documents/Documents_MacBook_Pro/ISTT/AirflowTutorial/envlibs/lib/python3.10/site-packages/airflow/example_dags/example_sensors.py for tasks to queue
[2023-06-22T15:11:19.608+0700] {logging_mixin.py:149} INFO - [2023-06-22T15:11:19.608+0700] {dagbag.py:541} INFO - Filling up the DagBag from /Users/macbook/Documents/Documents_MacBook_Pro/ISTT/AirflowTutorial/envlibs/lib/python3.10/site-packages/airflow/example_dags/example_sensors.py
[2023-06-22T15:11:19.644+0700] {processor.py:836} INFO - DAG(s) dict_keys(['example_sensors']) retrieved from /Users/macbook/Documents/Documents_MacBook_Pro/ISTT/AirflowTutorial/envlibs/lib/python3.10/site-packages/airflow/example_dags/example_sensors.py
[2023-06-22T15:11:20.462+0700] {logging_mixin.py:149} INFO - [2023-06-22T15:11:20.462+0700] {dag.py:2726} INFO - Sync 1 DAGs
[2023-06-22T15:11:20.481+0700] {logging_mixin.py:149} INFO - [2023-06-22T15:11:20.481+0700] {dag.py:3486} INFO - Setting next_dagrun for example_sensors to None, run_after=None
[2023-06-22T15:11:20.500+0700] {processor.py:179} INFO - Processing /Users/macbook/Documents/Documents_MacBook_Pro/ISTT/AirflowTutorial/envlibs/lib/python3.10/site-packages/airflow/example_dags/example_sensors.py took 0.896 seconds
[2023-06-22T15:13:25.879+0700] {processor.py:157} INFO - Started process (PID=13482) to work on /Users/macbook/Documents/Documents_MacBook_Pro/ISTT/AirflowTutorial/envlibs/lib/python3.10/site-packages/airflow/example_dags/example_sensors.py
[2023-06-22T15:13:25.880+0700] {processor.py:826} INFO - Processing file /Users/macbook/Documents/Documents_MacBook_Pro/ISTT/AirflowTutorial/envlibs/lib/python3.10/site-packages/airflow/example_dags/example_sensors.py for tasks to queue
[2023-06-22T15:13:25.880+0700] {logging_mixin.py:149} INFO - [2023-06-22T15:13:25.880+0700] {dagbag.py:541} INFO - Filling up the DagBag from /Users/macbook/Documents/Documents_MacBook_Pro/ISTT/AirflowTutorial/envlibs/lib/python3.10/site-packages/airflow/example_dags/example_sensors.py
[2023-06-22T15:13:25.928+0700] {processor.py:836} INFO - DAG(s) dict_keys(['example_sensors']) retrieved from /Users/macbook/Documents/Documents_MacBook_Pro/ISTT/AirflowTutorial/envlibs/lib/python3.10/site-packages/airflow/example_dags/example_sensors.py
[2023-06-22T15:13:26.790+0700] {logging_mixin.py:149} INFO - [2023-06-22T15:13:26.789+0700] {dag.py:2726} INFO - Sync 1 DAGs
[2023-06-22T15:13:26.807+0700] {logging_mixin.py:149} INFO - [2023-06-22T15:13:26.807+0700] {dag.py:3486} INFO - Setting next_dagrun for example_sensors to None, run_after=None
[2023-06-22T15:13:26.858+0700] {processor.py:179} INFO - Processing /Users/macbook/Documents/Documents_MacBook_Pro/ISTT/AirflowTutorial/envlibs/lib/python3.10/site-packages/airflow/example_dags/example_sensors.py took 0.980 seconds
[2023-06-22T15:15:32.329+0700] {processor.py:157} INFO - Started process (PID=13553) to work on /Users/macbook/Documents/Documents_MacBook_Pro/ISTT/AirflowTutorial/envlibs/lib/python3.10/site-packages/airflow/example_dags/example_sensors.py
[2023-06-22T15:15:32.329+0700] {processor.py:826} INFO - Processing file /Users/macbook/Documents/Documents_MacBook_Pro/ISTT/AirflowTutorial/envlibs/lib/python3.10/site-packages/airflow/example_dags/example_sensors.py for tasks to queue
[2023-06-22T15:15:32.330+0700] {logging_mixin.py:149} INFO - [2023-06-22T15:15:32.330+0700] {dagbag.py:541} INFO - Filling up the DagBag from /Users/macbook/Documents/Documents_MacBook_Pro/ISTT/AirflowTutorial/envlibs/lib/python3.10/site-packages/airflow/example_dags/example_sensors.py
[2023-06-22T15:15:32.364+0700] {processor.py:836} INFO - DAG(s) dict_keys(['example_sensors']) retrieved from /Users/macbook/Documents/Documents_MacBook_Pro/ISTT/AirflowTutorial/envlibs/lib/python3.10/site-packages/airflow/example_dags/example_sensors.py
[2023-06-22T15:15:33.144+0700] {logging_mixin.py:149} INFO - [2023-06-22T15:15:33.143+0700] {dag.py:2726} INFO - Sync 1 DAGs
[2023-06-22T15:15:33.164+0700] {logging_mixin.py:149} INFO - [2023-06-22T15:15:33.164+0700] {dag.py:3486} INFO - Setting next_dagrun for example_sensors to None, run_after=None
[2023-06-22T15:15:33.184+0700] {processor.py:179} INFO - Processing /Users/macbook/Documents/Documents_MacBook_Pro/ISTT/AirflowTutorial/envlibs/lib/python3.10/site-packages/airflow/example_dags/example_sensors.py took 0.855 seconds
[2023-06-22T15:17:41.089+0700] {processor.py:157} INFO - Started process (PID=13637) to work on /Users/macbook/Documents/Documents_MacBook_Pro/ISTT/AirflowTutorial/envlibs/lib/python3.10/site-packages/airflow/example_dags/example_sensors.py
[2023-06-22T15:17:41.089+0700] {processor.py:826} INFO - Processing file /Users/macbook/Documents/Documents_MacBook_Pro/ISTT/AirflowTutorial/envlibs/lib/python3.10/site-packages/airflow/example_dags/example_sensors.py for tasks to queue
[2023-06-22T15:17:41.090+0700] {logging_mixin.py:149} INFO - [2023-06-22T15:17:41.090+0700] {dagbag.py:541} INFO - Filling up the DagBag from /Users/macbook/Documents/Documents_MacBook_Pro/ISTT/AirflowTutorial/envlibs/lib/python3.10/site-packages/airflow/example_dags/example_sensors.py
[2023-06-22T15:17:41.120+0700] {processor.py:836} INFO - DAG(s) dict_keys(['example_sensors']) retrieved from /Users/macbook/Documents/Documents_MacBook_Pro/ISTT/AirflowTutorial/envlibs/lib/python3.10/site-packages/airflow/example_dags/example_sensors.py
[2023-06-22T15:17:41.913+0700] {logging_mixin.py:149} INFO - [2023-06-22T15:17:41.913+0700] {dag.py:2726} INFO - Sync 1 DAGs
[2023-06-22T15:17:41.931+0700] {logging_mixin.py:149} INFO - [2023-06-22T15:17:41.930+0700] {dag.py:3486} INFO - Setting next_dagrun for example_sensors to None, run_after=None
[2023-06-22T15:17:41.949+0700] {processor.py:179} INFO - Processing /Users/macbook/Documents/Documents_MacBook_Pro/ISTT/AirflowTutorial/envlibs/lib/python3.10/site-packages/airflow/example_dags/example_sensors.py took 0.861 seconds
[2023-06-22T15:19:41.797+0700] {processor.py:157} INFO - Started process (PID=13728) to work on /Users/macbook/Documents/Documents_MacBook_Pro/ISTT/AirflowTutorial/envlibs/lib/python3.10/site-packages/airflow/example_dags/example_sensors.py
[2023-06-22T15:19:41.798+0700] {processor.py:826} INFO - Processing file /Users/macbook/Documents/Documents_MacBook_Pro/ISTT/AirflowTutorial/envlibs/lib/python3.10/site-packages/airflow/example_dags/example_sensors.py for tasks to queue
[2023-06-22T15:19:41.799+0700] {logging_mixin.py:149} INFO - [2023-06-22T15:19:41.799+0700] {dagbag.py:541} INFO - Filling up the DagBag from /Users/macbook/Documents/Documents_MacBook_Pro/ISTT/AirflowTutorial/envlibs/lib/python3.10/site-packages/airflow/example_dags/example_sensors.py
[2023-06-22T15:19:41.835+0700] {processor.py:836} INFO - DAG(s) dict_keys(['example_sensors']) retrieved from /Users/macbook/Documents/Documents_MacBook_Pro/ISTT/AirflowTutorial/envlibs/lib/python3.10/site-packages/airflow/example_dags/example_sensors.py
[2023-06-22T15:19:42.669+0700] {logging_mixin.py:149} INFO - [2023-06-22T15:19:42.669+0700] {dag.py:2726} INFO - Sync 1 DAGs
[2023-06-22T15:19:42.693+0700] {logging_mixin.py:149} INFO - [2023-06-22T15:19:42.693+0700] {dag.py:3486} INFO - Setting next_dagrun for example_sensors to None, run_after=None
[2023-06-22T15:19:42.714+0700] {processor.py:179} INFO - Processing /Users/macbook/Documents/Documents_MacBook_Pro/ISTT/AirflowTutorial/envlibs/lib/python3.10/site-packages/airflow/example_dags/example_sensors.py took 0.918 seconds
[2023-06-22T15:21:42.217+0700] {processor.py:157} INFO - Started process (PID=13784) to work on /Users/macbook/Documents/Documents_MacBook_Pro/ISTT/AirflowTutorial/envlibs/lib/python3.10/site-packages/airflow/example_dags/example_sensors.py
[2023-06-22T15:21:42.219+0700] {processor.py:826} INFO - Processing file /Users/macbook/Documents/Documents_MacBook_Pro/ISTT/AirflowTutorial/envlibs/lib/python3.10/site-packages/airflow/example_dags/example_sensors.py for tasks to queue
[2023-06-22T15:21:42.220+0700] {logging_mixin.py:149} INFO - [2023-06-22T15:21:42.220+0700] {dagbag.py:541} INFO - Filling up the DagBag from /Users/macbook/Documents/Documents_MacBook_Pro/ISTT/AirflowTutorial/envlibs/lib/python3.10/site-packages/airflow/example_dags/example_sensors.py
[2023-06-22T15:21:42.255+0700] {processor.py:836} INFO - DAG(s) dict_keys(['example_sensors']) retrieved from /Users/macbook/Documents/Documents_MacBook_Pro/ISTT/AirflowTutorial/envlibs/lib/python3.10/site-packages/airflow/example_dags/example_sensors.py
[2023-06-22T15:21:43.048+0700] {logging_mixin.py:149} INFO - [2023-06-22T15:21:43.048+0700] {dag.py:2726} INFO - Sync 1 DAGs
[2023-06-22T15:21:43.065+0700] {logging_mixin.py:149} INFO - [2023-06-22T15:21:43.065+0700] {dag.py:3486} INFO - Setting next_dagrun for example_sensors to None, run_after=None
[2023-06-22T15:21:43.084+0700] {processor.py:179} INFO - Processing /Users/macbook/Documents/Documents_MacBook_Pro/ISTT/AirflowTutorial/envlibs/lib/python3.10/site-packages/airflow/example_dags/example_sensors.py took 0.867 seconds
[2023-06-22T15:23:57.841+0700] {processor.py:157} INFO - Started process (PID=13853) to work on /Users/macbook/Documents/Documents_MacBook_Pro/ISTT/AirflowTutorial/envlibs/lib/python3.10/site-packages/airflow/example_dags/example_sensors.py
[2023-06-22T15:23:57.842+0700] {processor.py:826} INFO - Processing file /Users/macbook/Documents/Documents_MacBook_Pro/ISTT/AirflowTutorial/envlibs/lib/python3.10/site-packages/airflow/example_dags/example_sensors.py for tasks to queue
[2023-06-22T15:23:57.843+0700] {logging_mixin.py:149} INFO - [2023-06-22T15:23:57.843+0700] {dagbag.py:541} INFO - Filling up the DagBag from /Users/macbook/Documents/Documents_MacBook_Pro/ISTT/AirflowTutorial/envlibs/lib/python3.10/site-packages/airflow/example_dags/example_sensors.py
[2023-06-22T15:23:57.884+0700] {processor.py:836} INFO - DAG(s) dict_keys(['example_sensors']) retrieved from /Users/macbook/Documents/Documents_MacBook_Pro/ISTT/AirflowTutorial/envlibs/lib/python3.10/site-packages/airflow/example_dags/example_sensors.py
[2023-06-22T15:23:58.896+0700] {logging_mixin.py:149} INFO - [2023-06-22T15:23:58.896+0700] {dag.py:2726} INFO - Sync 1 DAGs
[2023-06-22T15:23:58.915+0700] {logging_mixin.py:149} INFO - [2023-06-22T15:23:58.915+0700] {dag.py:3486} INFO - Setting next_dagrun for example_sensors to None, run_after=None
[2023-06-22T15:23:58.936+0700] {processor.py:179} INFO - Processing /Users/macbook/Documents/Documents_MacBook_Pro/ISTT/AirflowTutorial/envlibs/lib/python3.10/site-packages/airflow/example_dags/example_sensors.py took 1.095 seconds
[2023-06-22T15:26:13.190+0700] {processor.py:157} INFO - Started process (PID=13910) to work on /Users/macbook/Documents/Documents_MacBook_Pro/ISTT/AirflowTutorial/envlibs/lib/python3.10/site-packages/airflow/example_dags/example_sensors.py
[2023-06-22T15:26:13.192+0700] {processor.py:826} INFO - Processing file /Users/macbook/Documents/Documents_MacBook_Pro/ISTT/AirflowTutorial/envlibs/lib/python3.10/site-packages/airflow/example_dags/example_sensors.py for tasks to queue
[2023-06-22T15:26:13.192+0700] {logging_mixin.py:149} INFO - [2023-06-22T15:26:13.192+0700] {dagbag.py:541} INFO - Filling up the DagBag from /Users/macbook/Documents/Documents_MacBook_Pro/ISTT/AirflowTutorial/envlibs/lib/python3.10/site-packages/airflow/example_dags/example_sensors.py
[2023-06-22T15:26:13.224+0700] {processor.py:836} INFO - DAG(s) dict_keys(['example_sensors']) retrieved from /Users/macbook/Documents/Documents_MacBook_Pro/ISTT/AirflowTutorial/envlibs/lib/python3.10/site-packages/airflow/example_dags/example_sensors.py
[2023-06-22T15:26:13.981+0700] {logging_mixin.py:149} INFO - [2023-06-22T15:26:13.981+0700] {dag.py:2726} INFO - Sync 1 DAGs
[2023-06-22T15:26:13.998+0700] {logging_mixin.py:149} INFO - [2023-06-22T15:26:13.998+0700] {dag.py:3486} INFO - Setting next_dagrun for example_sensors to None, run_after=None
[2023-06-22T15:26:14.016+0700] {processor.py:179} INFO - Processing /Users/macbook/Documents/Documents_MacBook_Pro/ISTT/AirflowTutorial/envlibs/lib/python3.10/site-packages/airflow/example_dags/example_sensors.py took 0.827 seconds
[2023-06-22T15:28:22.635+0700] {processor.py:157} INFO - Started process (PID=13966) to work on /Users/macbook/Documents/Documents_MacBook_Pro/ISTT/AirflowTutorial/envlibs/lib/python3.10/site-packages/airflow/example_dags/example_sensors.py
[2023-06-22T15:28:22.637+0700] {processor.py:826} INFO - Processing file /Users/macbook/Documents/Documents_MacBook_Pro/ISTT/AirflowTutorial/envlibs/lib/python3.10/site-packages/airflow/example_dags/example_sensors.py for tasks to queue
[2023-06-22T15:28:22.637+0700] {logging_mixin.py:149} INFO - [2023-06-22T15:28:22.637+0700] {dagbag.py:541} INFO - Filling up the DagBag from /Users/macbook/Documents/Documents_MacBook_Pro/ISTT/AirflowTutorial/envlibs/lib/python3.10/site-packages/airflow/example_dags/example_sensors.py
[2023-06-22T15:28:22.671+0700] {processor.py:836} INFO - DAG(s) dict_keys(['example_sensors']) retrieved from /Users/macbook/Documents/Documents_MacBook_Pro/ISTT/AirflowTutorial/envlibs/lib/python3.10/site-packages/airflow/example_dags/example_sensors.py
[2023-06-22T15:28:23.501+0700] {logging_mixin.py:149} INFO - [2023-06-22T15:28:23.501+0700] {dag.py:2726} INFO - Sync 1 DAGs
[2023-06-22T15:28:23.520+0700] {logging_mixin.py:149} INFO - [2023-06-22T15:28:23.520+0700] {dag.py:3486} INFO - Setting next_dagrun for example_sensors to None, run_after=None
[2023-06-22T15:28:23.538+0700] {processor.py:179} INFO - Processing /Users/macbook/Documents/Documents_MacBook_Pro/ISTT/AirflowTutorial/envlibs/lib/python3.10/site-packages/airflow/example_dags/example_sensors.py took 0.904 seconds
[2023-06-22T15:30:30.151+0700] {processor.py:157} INFO - Started process (PID=14021) to work on /Users/macbook/Documents/Documents_MacBook_Pro/ISTT/AirflowTutorial/envlibs/lib/python3.10/site-packages/airflow/example_dags/example_sensors.py
[2023-06-22T15:30:30.153+0700] {processor.py:826} INFO - Processing file /Users/macbook/Documents/Documents_MacBook_Pro/ISTT/AirflowTutorial/envlibs/lib/python3.10/site-packages/airflow/example_dags/example_sensors.py for tasks to queue
[2023-06-22T15:30:30.154+0700] {logging_mixin.py:149} INFO - [2023-06-22T15:30:30.154+0700] {dagbag.py:541} INFO - Filling up the DagBag from /Users/macbook/Documents/Documents_MacBook_Pro/ISTT/AirflowTutorial/envlibs/lib/python3.10/site-packages/airflow/example_dags/example_sensors.py
[2023-06-22T15:30:30.188+0700] {processor.py:836} INFO - DAG(s) dict_keys(['example_sensors']) retrieved from /Users/macbook/Documents/Documents_MacBook_Pro/ISTT/AirflowTutorial/envlibs/lib/python3.10/site-packages/airflow/example_dags/example_sensors.py
[2023-06-22T15:30:31.020+0700] {logging_mixin.py:149} INFO - [2023-06-22T15:30:31.019+0700] {dag.py:2726} INFO - Sync 1 DAGs
[2023-06-22T15:30:31.037+0700] {logging_mixin.py:149} INFO - [2023-06-22T15:30:31.037+0700] {dag.py:3486} INFO - Setting next_dagrun for example_sensors to None, run_after=None
[2023-06-22T15:30:31.055+0700] {processor.py:179} INFO - Processing /Users/macbook/Documents/Documents_MacBook_Pro/ISTT/AirflowTutorial/envlibs/lib/python3.10/site-packages/airflow/example_dags/example_sensors.py took 0.905 seconds
[2023-06-22T15:32:34.544+0700] {processor.py:157} INFO - Started process (PID=14089) to work on /Users/macbook/Documents/Documents_MacBook_Pro/ISTT/AirflowTutorial/envlibs/lib/python3.10/site-packages/airflow/example_dags/example_sensors.py
[2023-06-22T15:32:34.545+0700] {processor.py:826} INFO - Processing file /Users/macbook/Documents/Documents_MacBook_Pro/ISTT/AirflowTutorial/envlibs/lib/python3.10/site-packages/airflow/example_dags/example_sensors.py for tasks to queue
[2023-06-22T15:32:34.546+0700] {logging_mixin.py:149} INFO - [2023-06-22T15:32:34.546+0700] {dagbag.py:541} INFO - Filling up the DagBag from /Users/macbook/Documents/Documents_MacBook_Pro/ISTT/AirflowTutorial/envlibs/lib/python3.10/site-packages/airflow/example_dags/example_sensors.py
[2023-06-22T15:32:34.582+0700] {processor.py:836} INFO - DAG(s) dict_keys(['example_sensors']) retrieved from /Users/macbook/Documents/Documents_MacBook_Pro/ISTT/AirflowTutorial/envlibs/lib/python3.10/site-packages/airflow/example_dags/example_sensors.py
[2023-06-22T15:32:35.414+0700] {logging_mixin.py:149} INFO - [2023-06-22T15:32:35.414+0700] {dag.py:2726} INFO - Sync 1 DAGs
[2023-06-22T15:32:35.430+0700] {logging_mixin.py:149} INFO - [2023-06-22T15:32:35.430+0700] {dag.py:3486} INFO - Setting next_dagrun for example_sensors to None, run_after=None
[2023-06-22T15:32:35.447+0700] {processor.py:179} INFO - Processing /Users/macbook/Documents/Documents_MacBook_Pro/ISTT/AirflowTutorial/envlibs/lib/python3.10/site-packages/airflow/example_dags/example_sensors.py took 0.904 seconds
[2023-06-22T15:34:41.377+0700] {processor.py:157} INFO - Started process (PID=14150) to work on /Users/macbook/Documents/Documents_MacBook_Pro/ISTT/AirflowTutorial/envlibs/lib/python3.10/site-packages/airflow/example_dags/example_sensors.py
[2023-06-22T15:34:41.378+0700] {processor.py:826} INFO - Processing file /Users/macbook/Documents/Documents_MacBook_Pro/ISTT/AirflowTutorial/envlibs/lib/python3.10/site-packages/airflow/example_dags/example_sensors.py for tasks to queue
[2023-06-22T15:34:41.379+0700] {logging_mixin.py:149} INFO - [2023-06-22T15:34:41.379+0700] {dagbag.py:541} INFO - Filling up the DagBag from /Users/macbook/Documents/Documents_MacBook_Pro/ISTT/AirflowTutorial/envlibs/lib/python3.10/site-packages/airflow/example_dags/example_sensors.py
[2023-06-22T15:34:41.417+0700] {processor.py:836} INFO - DAG(s) dict_keys(['example_sensors']) retrieved from /Users/macbook/Documents/Documents_MacBook_Pro/ISTT/AirflowTutorial/envlibs/lib/python3.10/site-packages/airflow/example_dags/example_sensors.py
[2023-06-22T15:34:42.294+0700] {logging_mixin.py:149} INFO - [2023-06-22T15:34:42.294+0700] {dag.py:2726} INFO - Sync 1 DAGs
[2023-06-22T15:34:42.313+0700] {logging_mixin.py:149} INFO - [2023-06-22T15:34:42.313+0700] {dag.py:3486} INFO - Setting next_dagrun for example_sensors to None, run_after=None
[2023-06-22T15:34:42.344+0700] {processor.py:179} INFO - Processing /Users/macbook/Documents/Documents_MacBook_Pro/ISTT/AirflowTutorial/envlibs/lib/python3.10/site-packages/airflow/example_dags/example_sensors.py took 0.968 seconds
[2023-06-22T15:36:45.453+0700] {processor.py:157} INFO - Started process (PID=14202) to work on /Users/macbook/Documents/Documents_MacBook_Pro/ISTT/AirflowTutorial/envlibs/lib/python3.10/site-packages/airflow/example_dags/example_sensors.py
[2023-06-22T15:36:45.454+0700] {processor.py:826} INFO - Processing file /Users/macbook/Documents/Documents_MacBook_Pro/ISTT/AirflowTutorial/envlibs/lib/python3.10/site-packages/airflow/example_dags/example_sensors.py for tasks to queue
[2023-06-22T15:36:45.455+0700] {logging_mixin.py:149} INFO - [2023-06-22T15:36:45.455+0700] {dagbag.py:541} INFO - Filling up the DagBag from /Users/macbook/Documents/Documents_MacBook_Pro/ISTT/AirflowTutorial/envlibs/lib/python3.10/site-packages/airflow/example_dags/example_sensors.py
[2023-06-22T15:36:45.486+0700] {processor.py:836} INFO - DAG(s) dict_keys(['example_sensors']) retrieved from /Users/macbook/Documents/Documents_MacBook_Pro/ISTT/AirflowTutorial/envlibs/lib/python3.10/site-packages/airflow/example_dags/example_sensors.py
[2023-06-22T15:36:46.281+0700] {logging_mixin.py:149} INFO - [2023-06-22T15:36:46.280+0700] {dag.py:2726} INFO - Sync 1 DAGs
[2023-06-22T15:36:46.297+0700] {logging_mixin.py:149} INFO - [2023-06-22T15:36:46.297+0700] {dag.py:3486} INFO - Setting next_dagrun for example_sensors to None, run_after=None
[2023-06-22T15:36:46.316+0700] {processor.py:179} INFO - Processing /Users/macbook/Documents/Documents_MacBook_Pro/ISTT/AirflowTutorial/envlibs/lib/python3.10/site-packages/airflow/example_dags/example_sensors.py took 0.864 seconds
[2023-06-22T15:38:58.632+0700] {processor.py:157} INFO - Started process (PID=14286) to work on /Users/macbook/Documents/Documents_MacBook_Pro/ISTT/AirflowTutorial/envlibs/lib/python3.10/site-packages/airflow/example_dags/example_sensors.py
[2023-06-22T15:38:58.633+0700] {processor.py:826} INFO - Processing file /Users/macbook/Documents/Documents_MacBook_Pro/ISTT/AirflowTutorial/envlibs/lib/python3.10/site-packages/airflow/example_dags/example_sensors.py for tasks to queue
[2023-06-22T15:38:58.634+0700] {logging_mixin.py:149} INFO - [2023-06-22T15:38:58.634+0700] {dagbag.py:541} INFO - Filling up the DagBag from /Users/macbook/Documents/Documents_MacBook_Pro/ISTT/AirflowTutorial/envlibs/lib/python3.10/site-packages/airflow/example_dags/example_sensors.py
[2023-06-22T15:38:58.670+0700] {processor.py:836} INFO - DAG(s) dict_keys(['example_sensors']) retrieved from /Users/macbook/Documents/Documents_MacBook_Pro/ISTT/AirflowTutorial/envlibs/lib/python3.10/site-packages/airflow/example_dags/example_sensors.py
[2023-06-22T15:38:59.544+0700] {logging_mixin.py:149} INFO - [2023-06-22T15:38:59.544+0700] {dag.py:2726} INFO - Sync 1 DAGs
[2023-06-22T15:38:59.571+0700] {logging_mixin.py:149} INFO - [2023-06-22T15:38:59.571+0700] {dag.py:3486} INFO - Setting next_dagrun for example_sensors to None, run_after=None
[2023-06-22T15:38:59.598+0700] {processor.py:179} INFO - Processing /Users/macbook/Documents/Documents_MacBook_Pro/ISTT/AirflowTutorial/envlibs/lib/python3.10/site-packages/airflow/example_dags/example_sensors.py took 0.967 seconds
[2023-06-22T15:41:06.774+0700] {processor.py:157} INFO - Started process (PID=14345) to work on /Users/macbook/Documents/Documents_MacBook_Pro/ISTT/AirflowTutorial/envlibs/lib/python3.10/site-packages/airflow/example_dags/example_sensors.py
[2023-06-22T15:41:06.775+0700] {processor.py:826} INFO - Processing file /Users/macbook/Documents/Documents_MacBook_Pro/ISTT/AirflowTutorial/envlibs/lib/python3.10/site-packages/airflow/example_dags/example_sensors.py for tasks to queue
[2023-06-22T15:41:06.776+0700] {logging_mixin.py:149} INFO - [2023-06-22T15:41:06.776+0700] {dagbag.py:541} INFO - Filling up the DagBag from /Users/macbook/Documents/Documents_MacBook_Pro/ISTT/AirflowTutorial/envlibs/lib/python3.10/site-packages/airflow/example_dags/example_sensors.py
[2023-06-22T15:41:06.812+0700] {processor.py:836} INFO - DAG(s) dict_keys(['example_sensors']) retrieved from /Users/macbook/Documents/Documents_MacBook_Pro/ISTT/AirflowTutorial/envlibs/lib/python3.10/site-packages/airflow/example_dags/example_sensors.py
[2023-06-22T15:41:07.707+0700] {logging_mixin.py:149} INFO - [2023-06-22T15:41:07.707+0700] {dag.py:2726} INFO - Sync 1 DAGs
[2023-06-22T15:41:07.726+0700] {logging_mixin.py:149} INFO - [2023-06-22T15:41:07.726+0700] {dag.py:3486} INFO - Setting next_dagrun for example_sensors to None, run_after=None
[2023-06-22T15:41:07.746+0700] {processor.py:179} INFO - Processing /Users/macbook/Documents/Documents_MacBook_Pro/ISTT/AirflowTutorial/envlibs/lib/python3.10/site-packages/airflow/example_dags/example_sensors.py took 0.973 seconds
[2023-06-22T15:43:18.116+0700] {processor.py:157} INFO - Started process (PID=14423) to work on /Users/macbook/Documents/Documents_MacBook_Pro/ISTT/AirflowTutorial/envlibs/lib/python3.10/site-packages/airflow/example_dags/example_sensors.py
[2023-06-22T15:43:18.118+0700] {processor.py:826} INFO - Processing file /Users/macbook/Documents/Documents_MacBook_Pro/ISTT/AirflowTutorial/envlibs/lib/python3.10/site-packages/airflow/example_dags/example_sensors.py for tasks to queue
[2023-06-22T15:43:18.118+0700] {logging_mixin.py:149} INFO - [2023-06-22T15:43:18.118+0700] {dagbag.py:541} INFO - Filling up the DagBag from /Users/macbook/Documents/Documents_MacBook_Pro/ISTT/AirflowTutorial/envlibs/lib/python3.10/site-packages/airflow/example_dags/example_sensors.py
[2023-06-22T15:43:18.153+0700] {processor.py:836} INFO - DAG(s) dict_keys(['example_sensors']) retrieved from /Users/macbook/Documents/Documents_MacBook_Pro/ISTT/AirflowTutorial/envlibs/lib/python3.10/site-packages/airflow/example_dags/example_sensors.py
[2023-06-22T15:43:18.957+0700] {logging_mixin.py:149} INFO - [2023-06-22T15:43:18.957+0700] {dag.py:2726} INFO - Sync 1 DAGs
[2023-06-22T15:43:18.974+0700] {logging_mixin.py:149} INFO - [2023-06-22T15:43:18.974+0700] {dag.py:3486} INFO - Setting next_dagrun for example_sensors to None, run_after=None
[2023-06-22T15:43:18.992+0700] {processor.py:179} INFO - Processing /Users/macbook/Documents/Documents_MacBook_Pro/ISTT/AirflowTutorial/envlibs/lib/python3.10/site-packages/airflow/example_dags/example_sensors.py took 0.876 seconds
[2023-06-22T15:45:28.517+0700] {processor.py:157} INFO - Started process (PID=14481) to work on /Users/macbook/Documents/Documents_MacBook_Pro/ISTT/AirflowTutorial/envlibs/lib/python3.10/site-packages/airflow/example_dags/example_sensors.py
[2023-06-22T15:45:28.518+0700] {processor.py:826} INFO - Processing file /Users/macbook/Documents/Documents_MacBook_Pro/ISTT/AirflowTutorial/envlibs/lib/python3.10/site-packages/airflow/example_dags/example_sensors.py for tasks to queue
[2023-06-22T15:45:28.519+0700] {logging_mixin.py:149} INFO - [2023-06-22T15:45:28.519+0700] {dagbag.py:541} INFO - Filling up the DagBag from /Users/macbook/Documents/Documents_MacBook_Pro/ISTT/AirflowTutorial/envlibs/lib/python3.10/site-packages/airflow/example_dags/example_sensors.py
[2023-06-22T15:45:28.554+0700] {processor.py:836} INFO - DAG(s) dict_keys(['example_sensors']) retrieved from /Users/macbook/Documents/Documents_MacBook_Pro/ISTT/AirflowTutorial/envlibs/lib/python3.10/site-packages/airflow/example_dags/example_sensors.py
[2023-06-22T15:45:29.476+0700] {logging_mixin.py:149} INFO - [2023-06-22T15:45:29.475+0700] {dag.py:2726} INFO - Sync 1 DAGs
[2023-06-22T15:45:29.504+0700] {logging_mixin.py:149} INFO - [2023-06-22T15:45:29.504+0700] {dag.py:3486} INFO - Setting next_dagrun for example_sensors to None, run_after=None
[2023-06-22T15:45:29.536+0700] {processor.py:179} INFO - Processing /Users/macbook/Documents/Documents_MacBook_Pro/ISTT/AirflowTutorial/envlibs/lib/python3.10/site-packages/airflow/example_dags/example_sensors.py took 1.019 seconds
[2023-06-22T15:47:40.638+0700] {processor.py:157} INFO - Started process (PID=14568) to work on /Users/macbook/Documents/Documents_MacBook_Pro/ISTT/AirflowTutorial/envlibs/lib/python3.10/site-packages/airflow/example_dags/example_sensors.py
[2023-06-22T15:47:40.639+0700] {processor.py:826} INFO - Processing file /Users/macbook/Documents/Documents_MacBook_Pro/ISTT/AirflowTutorial/envlibs/lib/python3.10/site-packages/airflow/example_dags/example_sensors.py for tasks to queue
[2023-06-22T15:47:40.640+0700] {logging_mixin.py:149} INFO - [2023-06-22T15:47:40.640+0700] {dagbag.py:541} INFO - Filling up the DagBag from /Users/macbook/Documents/Documents_MacBook_Pro/ISTT/AirflowTutorial/envlibs/lib/python3.10/site-packages/airflow/example_dags/example_sensors.py
[2023-06-22T15:47:40.673+0700] {processor.py:836} INFO - DAG(s) dict_keys(['example_sensors']) retrieved from /Users/macbook/Documents/Documents_MacBook_Pro/ISTT/AirflowTutorial/envlibs/lib/python3.10/site-packages/airflow/example_dags/example_sensors.py
[2023-06-22T15:47:41.437+0700] {logging_mixin.py:149} INFO - [2023-06-22T15:47:41.437+0700] {dag.py:2726} INFO - Sync 1 DAGs
[2023-06-22T15:47:41.453+0700] {logging_mixin.py:149} INFO - [2023-06-22T15:47:41.453+0700] {dag.py:3486} INFO - Setting next_dagrun for example_sensors to None, run_after=None
[2023-06-22T15:47:41.472+0700] {processor.py:179} INFO - Processing /Users/macbook/Documents/Documents_MacBook_Pro/ISTT/AirflowTutorial/envlibs/lib/python3.10/site-packages/airflow/example_dags/example_sensors.py took 0.834 seconds
[2023-06-22T15:49:56.599+0700] {processor.py:157} INFO - Started process (PID=14650) to work on /Users/macbook/Documents/Documents_MacBook_Pro/ISTT/AirflowTutorial/envlibs/lib/python3.10/site-packages/airflow/example_dags/example_sensors.py
[2023-06-22T15:49:56.601+0700] {processor.py:826} INFO - Processing file /Users/macbook/Documents/Documents_MacBook_Pro/ISTT/AirflowTutorial/envlibs/lib/python3.10/site-packages/airflow/example_dags/example_sensors.py for tasks to queue
[2023-06-22T15:49:56.602+0700] {logging_mixin.py:149} INFO - [2023-06-22T15:49:56.602+0700] {dagbag.py:541} INFO - Filling up the DagBag from /Users/macbook/Documents/Documents_MacBook_Pro/ISTT/AirflowTutorial/envlibs/lib/python3.10/site-packages/airflow/example_dags/example_sensors.py
[2023-06-22T15:49:56.635+0700] {processor.py:836} INFO - DAG(s) dict_keys(['example_sensors']) retrieved from /Users/macbook/Documents/Documents_MacBook_Pro/ISTT/AirflowTutorial/envlibs/lib/python3.10/site-packages/airflow/example_dags/example_sensors.py
[2023-06-22T15:49:57.452+0700] {logging_mixin.py:149} INFO - [2023-06-22T15:49:57.452+0700] {dag.py:2726} INFO - Sync 1 DAGs
[2023-06-22T15:49:57.469+0700] {logging_mixin.py:149} INFO - [2023-06-22T15:49:57.469+0700] {dag.py:3486} INFO - Setting next_dagrun for example_sensors to None, run_after=None
[2023-06-22T15:49:57.489+0700] {processor.py:179} INFO - Processing /Users/macbook/Documents/Documents_MacBook_Pro/ISTT/AirflowTutorial/envlibs/lib/python3.10/site-packages/airflow/example_dags/example_sensors.py took 0.891 seconds
[2023-06-22T15:52:07.494+0700] {processor.py:157} INFO - Started process (PID=14707) to work on /Users/macbook/Documents/Documents_MacBook_Pro/ISTT/AirflowTutorial/envlibs/lib/python3.10/site-packages/airflow/example_dags/example_sensors.py
[2023-06-22T15:52:07.496+0700] {processor.py:826} INFO - Processing file /Users/macbook/Documents/Documents_MacBook_Pro/ISTT/AirflowTutorial/envlibs/lib/python3.10/site-packages/airflow/example_dags/example_sensors.py for tasks to queue
[2023-06-22T15:52:07.496+0700] {logging_mixin.py:149} INFO - [2023-06-22T15:52:07.496+0700] {dagbag.py:541} INFO - Filling up the DagBag from /Users/macbook/Documents/Documents_MacBook_Pro/ISTT/AirflowTutorial/envlibs/lib/python3.10/site-packages/airflow/example_dags/example_sensors.py
[2023-06-22T15:52:07.536+0700] {processor.py:836} INFO - DAG(s) dict_keys(['example_sensors']) retrieved from /Users/macbook/Documents/Documents_MacBook_Pro/ISTT/AirflowTutorial/envlibs/lib/python3.10/site-packages/airflow/example_dags/example_sensors.py
[2023-06-22T15:52:08.618+0700] {logging_mixin.py:149} INFO - [2023-06-22T15:52:08.617+0700] {dag.py:2726} INFO - Sync 1 DAGs
[2023-06-22T15:52:08.643+0700] {logging_mixin.py:149} INFO - [2023-06-22T15:52:08.643+0700] {dag.py:3486} INFO - Setting next_dagrun for example_sensors to None, run_after=None
[2023-06-22T15:52:08.667+0700] {processor.py:179} INFO - Processing /Users/macbook/Documents/Documents_MacBook_Pro/ISTT/AirflowTutorial/envlibs/lib/python3.10/site-packages/airflow/example_dags/example_sensors.py took 1.174 seconds
[2023-06-22T15:54:31.131+0700] {processor.py:157} INFO - Started process (PID=14824) to work on /Users/macbook/Documents/Documents_MacBook_Pro/ISTT/AirflowTutorial/envlibs/lib/python3.10/site-packages/airflow/example_dags/example_sensors.py
[2023-06-22T15:54:31.133+0700] {processor.py:826} INFO - Processing file /Users/macbook/Documents/Documents_MacBook_Pro/ISTT/AirflowTutorial/envlibs/lib/python3.10/site-packages/airflow/example_dags/example_sensors.py for tasks to queue
[2023-06-22T15:54:31.133+0700] {logging_mixin.py:149} INFO - [2023-06-22T15:54:31.133+0700] {dagbag.py:541} INFO - Filling up the DagBag from /Users/macbook/Documents/Documents_MacBook_Pro/ISTT/AirflowTutorial/envlibs/lib/python3.10/site-packages/airflow/example_dags/example_sensors.py
[2023-06-22T15:54:31.169+0700] {processor.py:836} INFO - DAG(s) dict_keys(['example_sensors']) retrieved from /Users/macbook/Documents/Documents_MacBook_Pro/ISTT/AirflowTutorial/envlibs/lib/python3.10/site-packages/airflow/example_dags/example_sensors.py
[2023-06-22T15:54:31.990+0700] {logging_mixin.py:149} INFO - [2023-06-22T15:54:31.990+0700] {dag.py:2726} INFO - Sync 1 DAGs
[2023-06-22T15:54:32.014+0700] {logging_mixin.py:149} INFO - [2023-06-22T15:54:32.013+0700] {dag.py:3486} INFO - Setting next_dagrun for example_sensors to None, run_after=None
[2023-06-22T15:54:32.035+0700] {processor.py:179} INFO - Processing /Users/macbook/Documents/Documents_MacBook_Pro/ISTT/AirflowTutorial/envlibs/lib/python3.10/site-packages/airflow/example_dags/example_sensors.py took 0.904 seconds
[2023-06-22T15:56:41.512+0700] {processor.py:157} INFO - Started process (PID=14893) to work on /Users/macbook/Documents/Documents_MacBook_Pro/ISTT/AirflowTutorial/envlibs/lib/python3.10/site-packages/airflow/example_dags/example_sensors.py
[2023-06-22T15:56:41.513+0700] {processor.py:826} INFO - Processing file /Users/macbook/Documents/Documents_MacBook_Pro/ISTT/AirflowTutorial/envlibs/lib/python3.10/site-packages/airflow/example_dags/example_sensors.py for tasks to queue
[2023-06-22T15:56:41.513+0700] {logging_mixin.py:149} INFO - [2023-06-22T15:56:41.513+0700] {dagbag.py:541} INFO - Filling up the DagBag from /Users/macbook/Documents/Documents_MacBook_Pro/ISTT/AirflowTutorial/envlibs/lib/python3.10/site-packages/airflow/example_dags/example_sensors.py
[2023-06-22T15:56:41.545+0700] {processor.py:836} INFO - DAG(s) dict_keys(['example_sensors']) retrieved from /Users/macbook/Documents/Documents_MacBook_Pro/ISTT/AirflowTutorial/envlibs/lib/python3.10/site-packages/airflow/example_dags/example_sensors.py
[2023-06-22T15:56:42.350+0700] {logging_mixin.py:149} INFO - [2023-06-22T15:56:42.350+0700] {dag.py:2726} INFO - Sync 1 DAGs
[2023-06-22T15:56:42.368+0700] {logging_mixin.py:149} INFO - [2023-06-22T15:56:42.367+0700] {dag.py:3486} INFO - Setting next_dagrun for example_sensors to None, run_after=None
[2023-06-22T15:56:42.385+0700] {processor.py:179} INFO - Processing /Users/macbook/Documents/Documents_MacBook_Pro/ISTT/AirflowTutorial/envlibs/lib/python3.10/site-packages/airflow/example_dags/example_sensors.py took 0.874 seconds
[2023-06-22T15:58:59.255+0700] {processor.py:157} INFO - Started process (PID=14957) to work on /Users/macbook/Documents/Documents_MacBook_Pro/ISTT/AirflowTutorial/envlibs/lib/python3.10/site-packages/airflow/example_dags/example_sensors.py
[2023-06-22T15:58:59.257+0700] {processor.py:826} INFO - Processing file /Users/macbook/Documents/Documents_MacBook_Pro/ISTT/AirflowTutorial/envlibs/lib/python3.10/site-packages/airflow/example_dags/example_sensors.py for tasks to queue
[2023-06-22T15:58:59.257+0700] {logging_mixin.py:149} INFO - [2023-06-22T15:58:59.257+0700] {dagbag.py:541} INFO - Filling up the DagBag from /Users/macbook/Documents/Documents_MacBook_Pro/ISTT/AirflowTutorial/envlibs/lib/python3.10/site-packages/airflow/example_dags/example_sensors.py
[2023-06-22T15:58:59.295+0700] {processor.py:836} INFO - DAG(s) dict_keys(['example_sensors']) retrieved from /Users/macbook/Documents/Documents_MacBook_Pro/ISTT/AirflowTutorial/envlibs/lib/python3.10/site-packages/airflow/example_dags/example_sensors.py
[2023-06-22T15:59:00.094+0700] {logging_mixin.py:149} INFO - [2023-06-22T15:59:00.094+0700] {dag.py:2726} INFO - Sync 1 DAGs
[2023-06-22T15:59:00.113+0700] {logging_mixin.py:149} INFO - [2023-06-22T15:59:00.112+0700] {dag.py:3486} INFO - Setting next_dagrun for example_sensors to None, run_after=None
[2023-06-22T15:59:00.132+0700] {processor.py:179} INFO - Processing /Users/macbook/Documents/Documents_MacBook_Pro/ISTT/AirflowTutorial/envlibs/lib/python3.10/site-packages/airflow/example_dags/example_sensors.py took 0.877 seconds
[2023-06-22T16:01:14.916+0700] {processor.py:157} INFO - Started process (PID=15011) to work on /Users/macbook/Documents/Documents_MacBook_Pro/ISTT/AirflowTutorial/envlibs/lib/python3.10/site-packages/airflow/example_dags/example_sensors.py
[2023-06-22T16:01:14.917+0700] {processor.py:826} INFO - Processing file /Users/macbook/Documents/Documents_MacBook_Pro/ISTT/AirflowTutorial/envlibs/lib/python3.10/site-packages/airflow/example_dags/example_sensors.py for tasks to queue
[2023-06-22T16:01:14.918+0700] {logging_mixin.py:149} INFO - [2023-06-22T16:01:14.918+0700] {dagbag.py:541} INFO - Filling up the DagBag from /Users/macbook/Documents/Documents_MacBook_Pro/ISTT/AirflowTutorial/envlibs/lib/python3.10/site-packages/airflow/example_dags/example_sensors.py
[2023-06-22T16:01:14.956+0700] {processor.py:836} INFO - DAG(s) dict_keys(['example_sensors']) retrieved from /Users/macbook/Documents/Documents_MacBook_Pro/ISTT/AirflowTutorial/envlibs/lib/python3.10/site-packages/airflow/example_dags/example_sensors.py
[2023-06-22T16:01:15.834+0700] {logging_mixin.py:149} INFO - [2023-06-22T16:01:15.833+0700] {dag.py:2726} INFO - Sync 1 DAGs
[2023-06-22T16:01:15.854+0700] {logging_mixin.py:149} INFO - [2023-06-22T16:01:15.854+0700] {dag.py:3486} INFO - Setting next_dagrun for example_sensors to None, run_after=None
[2023-06-22T16:01:15.874+0700] {processor.py:179} INFO - Processing /Users/macbook/Documents/Documents_MacBook_Pro/ISTT/AirflowTutorial/envlibs/lib/python3.10/site-packages/airflow/example_dags/example_sensors.py took 0.960 seconds
[2023-06-22T16:03:25.824+0700] {processor.py:157} INFO - Started process (PID=15072) to work on /Users/macbook/Documents/Documents_MacBook_Pro/ISTT/AirflowTutorial/envlibs/lib/python3.10/site-packages/airflow/example_dags/example_sensors.py
[2023-06-22T16:03:25.826+0700] {processor.py:826} INFO - Processing file /Users/macbook/Documents/Documents_MacBook_Pro/ISTT/AirflowTutorial/envlibs/lib/python3.10/site-packages/airflow/example_dags/example_sensors.py for tasks to queue
[2023-06-22T16:03:25.826+0700] {logging_mixin.py:149} INFO - [2023-06-22T16:03:25.826+0700] {dagbag.py:541} INFO - Filling up the DagBag from /Users/macbook/Documents/Documents_MacBook_Pro/ISTT/AirflowTutorial/envlibs/lib/python3.10/site-packages/airflow/example_dags/example_sensors.py
[2023-06-22T16:03:25.859+0700] {processor.py:836} INFO - DAG(s) dict_keys(['example_sensors']) retrieved from /Users/macbook/Documents/Documents_MacBook_Pro/ISTT/AirflowTutorial/envlibs/lib/python3.10/site-packages/airflow/example_dags/example_sensors.py
[2023-06-22T16:03:26.667+0700] {logging_mixin.py:149} INFO - [2023-06-22T16:03:26.667+0700] {dag.py:2726} INFO - Sync 1 DAGs
[2023-06-22T16:03:26.689+0700] {logging_mixin.py:149} INFO - [2023-06-22T16:03:26.689+0700] {dag.py:3486} INFO - Setting next_dagrun for example_sensors to None, run_after=None
[2023-06-22T16:03:26.710+0700] {processor.py:179} INFO - Processing /Users/macbook/Documents/Documents_MacBook_Pro/ISTT/AirflowTutorial/envlibs/lib/python3.10/site-packages/airflow/example_dags/example_sensors.py took 0.887 seconds
[2023-06-22T16:05:38.653+0700] {processor.py:157} INFO - Started process (PID=15133) to work on /Users/macbook/Documents/Documents_MacBook_Pro/ISTT/AirflowTutorial/envlibs/lib/python3.10/site-packages/airflow/example_dags/example_sensors.py
[2023-06-22T16:05:38.654+0700] {processor.py:826} INFO - Processing file /Users/macbook/Documents/Documents_MacBook_Pro/ISTT/AirflowTutorial/envlibs/lib/python3.10/site-packages/airflow/example_dags/example_sensors.py for tasks to queue
[2023-06-22T16:05:38.655+0700] {logging_mixin.py:149} INFO - [2023-06-22T16:05:38.655+0700] {dagbag.py:541} INFO - Filling up the DagBag from /Users/macbook/Documents/Documents_MacBook_Pro/ISTT/AirflowTutorial/envlibs/lib/python3.10/site-packages/airflow/example_dags/example_sensors.py
[2023-06-22T16:05:38.697+0700] {processor.py:836} INFO - DAG(s) dict_keys(['example_sensors']) retrieved from /Users/macbook/Documents/Documents_MacBook_Pro/ISTT/AirflowTutorial/envlibs/lib/python3.10/site-packages/airflow/example_dags/example_sensors.py
[2023-06-22T16:05:39.513+0700] {logging_mixin.py:149} INFO - [2023-06-22T16:05:39.513+0700] {dag.py:2726} INFO - Sync 1 DAGs
[2023-06-22T16:05:39.530+0700] {logging_mixin.py:149} INFO - [2023-06-22T16:05:39.530+0700] {dag.py:3486} INFO - Setting next_dagrun for example_sensors to None, run_after=None
[2023-06-22T16:05:39.548+0700] {processor.py:179} INFO - Processing /Users/macbook/Documents/Documents_MacBook_Pro/ISTT/AirflowTutorial/envlibs/lib/python3.10/site-packages/airflow/example_dags/example_sensors.py took 0.896 seconds
[2023-06-22T16:07:45.315+0700] {processor.py:157} INFO - Started process (PID=15196) to work on /Users/macbook/Documents/Documents_MacBook_Pro/ISTT/AirflowTutorial/envlibs/lib/python3.10/site-packages/airflow/example_dags/example_sensors.py
[2023-06-22T16:07:45.317+0700] {processor.py:826} INFO - Processing file /Users/macbook/Documents/Documents_MacBook_Pro/ISTT/AirflowTutorial/envlibs/lib/python3.10/site-packages/airflow/example_dags/example_sensors.py for tasks to queue
[2023-06-22T16:07:45.317+0700] {logging_mixin.py:149} INFO - [2023-06-22T16:07:45.317+0700] {dagbag.py:541} INFO - Filling up the DagBag from /Users/macbook/Documents/Documents_MacBook_Pro/ISTT/AirflowTutorial/envlibs/lib/python3.10/site-packages/airflow/example_dags/example_sensors.py
[2023-06-22T16:07:45.354+0700] {processor.py:836} INFO - DAG(s) dict_keys(['example_sensors']) retrieved from /Users/macbook/Documents/Documents_MacBook_Pro/ISTT/AirflowTutorial/envlibs/lib/python3.10/site-packages/airflow/example_dags/example_sensors.py
[2023-06-22T16:07:46.184+0700] {logging_mixin.py:149} INFO - [2023-06-22T16:07:46.183+0700] {dag.py:2726} INFO - Sync 1 DAGs
[2023-06-22T16:07:46.200+0700] {logging_mixin.py:149} INFO - [2023-06-22T16:07:46.200+0700] {dag.py:3486} INFO - Setting next_dagrun for example_sensors to None, run_after=None
[2023-06-22T16:07:46.218+0700] {processor.py:179} INFO - Processing /Users/macbook/Documents/Documents_MacBook_Pro/ISTT/AirflowTutorial/envlibs/lib/python3.10/site-packages/airflow/example_dags/example_sensors.py took 0.903 seconds
[2023-06-22T16:09:57.582+0700] {processor.py:157} INFO - Started process (PID=15252) to work on /Users/macbook/Documents/Documents_MacBook_Pro/ISTT/AirflowTutorial/envlibs/lib/python3.10/site-packages/airflow/example_dags/example_sensors.py
[2023-06-22T16:09:57.583+0700] {processor.py:826} INFO - Processing file /Users/macbook/Documents/Documents_MacBook_Pro/ISTT/AirflowTutorial/envlibs/lib/python3.10/site-packages/airflow/example_dags/example_sensors.py for tasks to queue
[2023-06-22T16:09:57.584+0700] {logging_mixin.py:149} INFO - [2023-06-22T16:09:57.584+0700] {dagbag.py:541} INFO - Filling up the DagBag from /Users/macbook/Documents/Documents_MacBook_Pro/ISTT/AirflowTutorial/envlibs/lib/python3.10/site-packages/airflow/example_dags/example_sensors.py
[2023-06-22T16:09:57.614+0700] {processor.py:836} INFO - DAG(s) dict_keys(['example_sensors']) retrieved from /Users/macbook/Documents/Documents_MacBook_Pro/ISTT/AirflowTutorial/envlibs/lib/python3.10/site-packages/airflow/example_dags/example_sensors.py
[2023-06-22T16:09:58.328+0700] {logging_mixin.py:149} INFO - [2023-06-22T16:09:58.328+0700] {dag.py:2726} INFO - Sync 1 DAGs
[2023-06-22T16:09:58.344+0700] {logging_mixin.py:149} INFO - [2023-06-22T16:09:58.343+0700] {dag.py:3486} INFO - Setting next_dagrun for example_sensors to None, run_after=None
[2023-06-22T16:09:58.361+0700] {processor.py:179} INFO - Processing /Users/macbook/Documents/Documents_MacBook_Pro/ISTT/AirflowTutorial/envlibs/lib/python3.10/site-packages/airflow/example_dags/example_sensors.py took 0.779 seconds
[2023-06-22T16:11:52.196+0700] {processor.py:157} INFO - Started process (PID=15311) to work on /Users/macbook/Documents/Documents_MacBook_Pro/ISTT/AirflowTutorial/envlibs/lib/python3.10/site-packages/airflow/example_dags/example_sensors.py
[2023-06-22T16:11:52.197+0700] {processor.py:826} INFO - Processing file /Users/macbook/Documents/Documents_MacBook_Pro/ISTT/AirflowTutorial/envlibs/lib/python3.10/site-packages/airflow/example_dags/example_sensors.py for tasks to queue
[2023-06-22T16:11:52.197+0700] {logging_mixin.py:149} INFO - [2023-06-22T16:11:52.197+0700] {dagbag.py:541} INFO - Filling up the DagBag from /Users/macbook/Documents/Documents_MacBook_Pro/ISTT/AirflowTutorial/envlibs/lib/python3.10/site-packages/airflow/example_dags/example_sensors.py
[2023-06-22T16:11:52.232+0700] {processor.py:836} INFO - DAG(s) dict_keys(['example_sensors']) retrieved from /Users/macbook/Documents/Documents_MacBook_Pro/ISTT/AirflowTutorial/envlibs/lib/python3.10/site-packages/airflow/example_dags/example_sensors.py
[2023-06-22T16:11:53.003+0700] {logging_mixin.py:149} INFO - [2023-06-22T16:11:53.003+0700] {dag.py:2726} INFO - Sync 1 DAGs
[2023-06-22T16:11:53.019+0700] {logging_mixin.py:149} INFO - [2023-06-22T16:11:53.019+0700] {dag.py:3486} INFO - Setting next_dagrun for example_sensors to None, run_after=None
[2023-06-22T16:11:53.038+0700] {processor.py:179} INFO - Processing /Users/macbook/Documents/Documents_MacBook_Pro/ISTT/AirflowTutorial/envlibs/lib/python3.10/site-packages/airflow/example_dags/example_sensors.py took 0.843 seconds
[2023-06-22T16:13:46.781+0700] {processor.py:157} INFO - Started process (PID=15366) to work on /Users/macbook/Documents/Documents_MacBook_Pro/ISTT/AirflowTutorial/envlibs/lib/python3.10/site-packages/airflow/example_dags/example_sensors.py
[2023-06-22T16:13:46.783+0700] {processor.py:826} INFO - Processing file /Users/macbook/Documents/Documents_MacBook_Pro/ISTT/AirflowTutorial/envlibs/lib/python3.10/site-packages/airflow/example_dags/example_sensors.py for tasks to queue
[2023-06-22T16:13:46.784+0700] {logging_mixin.py:149} INFO - [2023-06-22T16:13:46.783+0700] {dagbag.py:541} INFO - Filling up the DagBag from /Users/macbook/Documents/Documents_MacBook_Pro/ISTT/AirflowTutorial/envlibs/lib/python3.10/site-packages/airflow/example_dags/example_sensors.py
[2023-06-22T16:13:46.830+0700] {processor.py:836} INFO - DAG(s) dict_keys(['example_sensors']) retrieved from /Users/macbook/Documents/Documents_MacBook_Pro/ISTT/AirflowTutorial/envlibs/lib/python3.10/site-packages/airflow/example_dags/example_sensors.py
[2023-06-22T16:13:47.600+0700] {logging_mixin.py:149} INFO - [2023-06-22T16:13:47.600+0700] {dag.py:2726} INFO - Sync 1 DAGs
[2023-06-22T16:13:47.616+0700] {logging_mixin.py:149} INFO - [2023-06-22T16:13:47.616+0700] {dag.py:3486} INFO - Setting next_dagrun for example_sensors to None, run_after=None
[2023-06-22T16:13:47.636+0700] {processor.py:179} INFO - Processing /Users/macbook/Documents/Documents_MacBook_Pro/ISTT/AirflowTutorial/envlibs/lib/python3.10/site-packages/airflow/example_dags/example_sensors.py took 0.855 seconds
[2023-06-22T16:15:51.790+0700] {processor.py:157} INFO - Started process (PID=15417) to work on /Users/macbook/Documents/Documents_MacBook_Pro/ISTT/AirflowTutorial/envlibs/lib/python3.10/site-packages/airflow/example_dags/example_sensors.py
[2023-06-22T16:15:51.791+0700] {processor.py:826} INFO - Processing file /Users/macbook/Documents/Documents_MacBook_Pro/ISTT/AirflowTutorial/envlibs/lib/python3.10/site-packages/airflow/example_dags/example_sensors.py for tasks to queue
[2023-06-22T16:15:51.792+0700] {logging_mixin.py:149} INFO - [2023-06-22T16:15:51.792+0700] {dagbag.py:541} INFO - Filling up the DagBag from /Users/macbook/Documents/Documents_MacBook_Pro/ISTT/AirflowTutorial/envlibs/lib/python3.10/site-packages/airflow/example_dags/example_sensors.py
[2023-06-22T16:15:51.825+0700] {processor.py:836} INFO - DAG(s) dict_keys(['example_sensors']) retrieved from /Users/macbook/Documents/Documents_MacBook_Pro/ISTT/AirflowTutorial/envlibs/lib/python3.10/site-packages/airflow/example_dags/example_sensors.py
[2023-06-22T16:15:52.549+0700] {logging_mixin.py:149} INFO - [2023-06-22T16:15:52.548+0700] {dag.py:2726} INFO - Sync 1 DAGs
[2023-06-22T16:15:52.570+0700] {logging_mixin.py:149} INFO - [2023-06-22T16:15:52.570+0700] {dag.py:3486} INFO - Setting next_dagrun for example_sensors to None, run_after=None
[2023-06-22T16:15:52.588+0700] {processor.py:179} INFO - Processing /Users/macbook/Documents/Documents_MacBook_Pro/ISTT/AirflowTutorial/envlibs/lib/python3.10/site-packages/airflow/example_dags/example_sensors.py took 0.799 seconds
[2023-06-22T16:17:59.321+0700] {processor.py:157} INFO - Started process (PID=15487) to work on /Users/macbook/Documents/Documents_MacBook_Pro/ISTT/AirflowTutorial/envlibs/lib/python3.10/site-packages/airflow/example_dags/example_sensors.py
[2023-06-22T16:17:59.322+0700] {processor.py:826} INFO - Processing file /Users/macbook/Documents/Documents_MacBook_Pro/ISTT/AirflowTutorial/envlibs/lib/python3.10/site-packages/airflow/example_dags/example_sensors.py for tasks to queue
[2023-06-22T16:17:59.323+0700] {logging_mixin.py:149} INFO - [2023-06-22T16:17:59.323+0700] {dagbag.py:541} INFO - Filling up the DagBag from /Users/macbook/Documents/Documents_MacBook_Pro/ISTT/AirflowTutorial/envlibs/lib/python3.10/site-packages/airflow/example_dags/example_sensors.py
[2023-06-22T16:17:59.386+0700] {processor.py:836} INFO - DAG(s) dict_keys(['example_sensors']) retrieved from /Users/macbook/Documents/Documents_MacBook_Pro/ISTT/AirflowTutorial/envlibs/lib/python3.10/site-packages/airflow/example_dags/example_sensors.py
[2023-06-22T16:18:00.553+0700] {logging_mixin.py:149} INFO - [2023-06-22T16:18:00.553+0700] {dag.py:2726} INFO - Sync 1 DAGs
[2023-06-22T16:18:00.575+0700] {logging_mixin.py:149} INFO - [2023-06-22T16:18:00.574+0700] {dag.py:3486} INFO - Setting next_dagrun for example_sensors to None, run_after=None
[2023-06-22T16:18:00.598+0700] {processor.py:179} INFO - Processing /Users/macbook/Documents/Documents_MacBook_Pro/ISTT/AirflowTutorial/envlibs/lib/python3.10/site-packages/airflow/example_dags/example_sensors.py took 1.278 seconds
[2023-06-22T16:20:17.577+0700] {processor.py:157} INFO - Started process (PID=15579) to work on /Users/macbook/Documents/Documents_MacBook_Pro/ISTT/AirflowTutorial/envlibs/lib/python3.10/site-packages/airflow/example_dags/example_sensors.py
[2023-06-22T16:20:17.578+0700] {processor.py:826} INFO - Processing file /Users/macbook/Documents/Documents_MacBook_Pro/ISTT/AirflowTutorial/envlibs/lib/python3.10/site-packages/airflow/example_dags/example_sensors.py for tasks to queue
[2023-06-22T16:20:17.579+0700] {logging_mixin.py:149} INFO - [2023-06-22T16:20:17.579+0700] {dagbag.py:541} INFO - Filling up the DagBag from /Users/macbook/Documents/Documents_MacBook_Pro/ISTT/AirflowTutorial/envlibs/lib/python3.10/site-packages/airflow/example_dags/example_sensors.py
[2023-06-22T16:20:17.626+0700] {processor.py:836} INFO - DAG(s) dict_keys(['example_sensors']) retrieved from /Users/macbook/Documents/Documents_MacBook_Pro/ISTT/AirflowTutorial/envlibs/lib/python3.10/site-packages/airflow/example_dags/example_sensors.py
[2023-06-22T16:20:18.499+0700] {logging_mixin.py:149} INFO - [2023-06-22T16:20:18.499+0700] {dag.py:2726} INFO - Sync 1 DAGs
[2023-06-22T16:20:18.516+0700] {logging_mixin.py:149} INFO - [2023-06-22T16:20:18.516+0700] {dag.py:3486} INFO - Setting next_dagrun for example_sensors to None, run_after=None
[2023-06-22T16:20:18.536+0700] {processor.py:179} INFO - Processing /Users/macbook/Documents/Documents_MacBook_Pro/ISTT/AirflowTutorial/envlibs/lib/python3.10/site-packages/airflow/example_dags/example_sensors.py took 0.959 seconds
[2023-06-22T16:22:24.412+0700] {processor.py:157} INFO - Started process (PID=15638) to work on /Users/macbook/Documents/Documents_MacBook_Pro/ISTT/AirflowTutorial/envlibs/lib/python3.10/site-packages/airflow/example_dags/example_sensors.py
[2023-06-22T16:22:24.414+0700] {processor.py:826} INFO - Processing file /Users/macbook/Documents/Documents_MacBook_Pro/ISTT/AirflowTutorial/envlibs/lib/python3.10/site-packages/airflow/example_dags/example_sensors.py for tasks to queue
[2023-06-22T16:22:24.414+0700] {logging_mixin.py:149} INFO - [2023-06-22T16:22:24.414+0700] {dagbag.py:541} INFO - Filling up the DagBag from /Users/macbook/Documents/Documents_MacBook_Pro/ISTT/AirflowTutorial/envlibs/lib/python3.10/site-packages/airflow/example_dags/example_sensors.py
[2023-06-22T16:22:24.444+0700] {processor.py:836} INFO - DAG(s) dict_keys(['example_sensors']) retrieved from /Users/macbook/Documents/Documents_MacBook_Pro/ISTT/AirflowTutorial/envlibs/lib/python3.10/site-packages/airflow/example_dags/example_sensors.py
[2023-06-22T16:22:25.137+0700] {logging_mixin.py:149} INFO - [2023-06-22T16:22:25.137+0700] {dag.py:2726} INFO - Sync 1 DAGs
[2023-06-22T16:22:25.155+0700] {logging_mixin.py:149} INFO - [2023-06-22T16:22:25.154+0700] {dag.py:3486} INFO - Setting next_dagrun for example_sensors to None, run_after=None
[2023-06-22T16:22:25.173+0700] {processor.py:179} INFO - Processing /Users/macbook/Documents/Documents_MacBook_Pro/ISTT/AirflowTutorial/envlibs/lib/python3.10/site-packages/airflow/example_dags/example_sensors.py took 0.761 seconds
[2023-06-22T16:24:21.503+0700] {processor.py:157} INFO - Started process (PID=15689) to work on /Users/macbook/Documents/Documents_MacBook_Pro/ISTT/AirflowTutorial/envlibs/lib/python3.10/site-packages/airflow/example_dags/example_sensors.py
[2023-06-22T16:24:21.504+0700] {processor.py:826} INFO - Processing file /Users/macbook/Documents/Documents_MacBook_Pro/ISTT/AirflowTutorial/envlibs/lib/python3.10/site-packages/airflow/example_dags/example_sensors.py for tasks to queue
[2023-06-22T16:24:21.505+0700] {logging_mixin.py:149} INFO - [2023-06-22T16:24:21.505+0700] {dagbag.py:541} INFO - Filling up the DagBag from /Users/macbook/Documents/Documents_MacBook_Pro/ISTT/AirflowTutorial/envlibs/lib/python3.10/site-packages/airflow/example_dags/example_sensors.py
[2023-06-22T16:24:21.536+0700] {processor.py:836} INFO - DAG(s) dict_keys(['example_sensors']) retrieved from /Users/macbook/Documents/Documents_MacBook_Pro/ISTT/AirflowTutorial/envlibs/lib/python3.10/site-packages/airflow/example_dags/example_sensors.py
[2023-06-22T16:24:22.260+0700] {logging_mixin.py:149} INFO - [2023-06-22T16:24:22.259+0700] {dag.py:2726} INFO - Sync 1 DAGs
[2023-06-22T16:24:22.275+0700] {logging_mixin.py:149} INFO - [2023-06-22T16:24:22.275+0700] {dag.py:3486} INFO - Setting next_dagrun for example_sensors to None, run_after=None
[2023-06-22T16:24:22.293+0700] {processor.py:179} INFO - Processing /Users/macbook/Documents/Documents_MacBook_Pro/ISTT/AirflowTutorial/envlibs/lib/python3.10/site-packages/airflow/example_dags/example_sensors.py took 0.790 seconds
[2023-06-22T16:26:22.710+0700] {processor.py:157} INFO - Started process (PID=15788) to work on /Users/macbook/Documents/Documents_MacBook_Pro/ISTT/AirflowTutorial/envlibs/lib/python3.10/site-packages/airflow/example_dags/example_sensors.py
[2023-06-22T16:26:22.712+0700] {processor.py:826} INFO - Processing file /Users/macbook/Documents/Documents_MacBook_Pro/ISTT/AirflowTutorial/envlibs/lib/python3.10/site-packages/airflow/example_dags/example_sensors.py for tasks to queue
[2023-06-22T16:26:22.712+0700] {logging_mixin.py:149} INFO - [2023-06-22T16:26:22.712+0700] {dagbag.py:541} INFO - Filling up the DagBag from /Users/macbook/Documents/Documents_MacBook_Pro/ISTT/AirflowTutorial/envlibs/lib/python3.10/site-packages/airflow/example_dags/example_sensors.py
[2023-06-22T16:26:22.751+0700] {processor.py:836} INFO - DAG(s) dict_keys(['example_sensors']) retrieved from /Users/macbook/Documents/Documents_MacBook_Pro/ISTT/AirflowTutorial/envlibs/lib/python3.10/site-packages/airflow/example_dags/example_sensors.py
[2023-06-22T16:26:23.523+0700] {logging_mixin.py:149} INFO - [2023-06-22T16:26:23.523+0700] {dag.py:2726} INFO - Sync 1 DAGs
[2023-06-22T16:26:23.542+0700] {logging_mixin.py:149} INFO - [2023-06-22T16:26:23.542+0700] {dag.py:3486} INFO - Setting next_dagrun for example_sensors to None, run_after=None
[2023-06-22T16:26:23.561+0700] {processor.py:179} INFO - Processing /Users/macbook/Documents/Documents_MacBook_Pro/ISTT/AirflowTutorial/envlibs/lib/python3.10/site-packages/airflow/example_dags/example_sensors.py took 0.852 seconds
[2023-06-22T16:28:16.832+0700] {processor.py:157} INFO - Started process (PID=15866) to work on /Users/macbook/Documents/Documents_MacBook_Pro/ISTT/AirflowTutorial/envlibs/lib/python3.10/site-packages/airflow/example_dags/example_sensors.py
[2023-06-22T16:28:16.832+0700] {processor.py:826} INFO - Processing file /Users/macbook/Documents/Documents_MacBook_Pro/ISTT/AirflowTutorial/envlibs/lib/python3.10/site-packages/airflow/example_dags/example_sensors.py for tasks to queue
[2023-06-22T16:28:16.833+0700] {logging_mixin.py:149} INFO - [2023-06-22T16:28:16.833+0700] {dagbag.py:541} INFO - Filling up the DagBag from /Users/macbook/Documents/Documents_MacBook_Pro/ISTT/AirflowTutorial/envlibs/lib/python3.10/site-packages/airflow/example_dags/example_sensors.py
[2023-06-22T16:28:16.866+0700] {processor.py:836} INFO - DAG(s) dict_keys(['example_sensors']) retrieved from /Users/macbook/Documents/Documents_MacBook_Pro/ISTT/AirflowTutorial/envlibs/lib/python3.10/site-packages/airflow/example_dags/example_sensors.py
[2023-06-22T16:28:17.660+0700] {logging_mixin.py:149} INFO - [2023-06-22T16:28:17.660+0700] {dag.py:2726} INFO - Sync 1 DAGs
[2023-06-22T16:28:17.677+0700] {logging_mixin.py:149} INFO - [2023-06-22T16:28:17.676+0700] {dag.py:3486} INFO - Setting next_dagrun for example_sensors to None, run_after=None
[2023-06-22T16:28:17.695+0700] {processor.py:179} INFO - Processing /Users/macbook/Documents/Documents_MacBook_Pro/ISTT/AirflowTutorial/envlibs/lib/python3.10/site-packages/airflow/example_dags/example_sensors.py took 0.865 seconds
