[2023-06-22T14:27:03.731+0700] {processor.py:157} INFO - Started process (PID=11857) to work on /Users/macbook/Documents/Documents_MacBook_Pro/ISTT/AirflowTutorial/envlibs/lib/python3.10/site-packages/airflow/example_dags/tutorial_taskflow_api.py
[2023-06-22T14:27:03.731+0700] {processor.py:826} INFO - Processing file /Users/macbook/Documents/Documents_MacBook_Pro/ISTT/AirflowTutorial/envlibs/lib/python3.10/site-packages/airflow/example_dags/tutorial_taskflow_api.py for tasks to queue
[2023-06-22T14:27:03.732+0700] {logging_mixin.py:149} INFO - [2023-06-22T14:27:03.732+0700] {dagbag.py:541} INFO - Filling up the DagBag from /Users/macbook/Documents/Documents_MacBook_Pro/ISTT/AirflowTutorial/envlibs/lib/python3.10/site-packages/airflow/example_dags/tutorial_taskflow_api.py
[2023-06-22T14:27:03.782+0700] {processor.py:836} INFO - DAG(s) dict_keys(['tutorial_taskflow_api']) retrieved from /Users/macbook/Documents/Documents_MacBook_Pro/ISTT/AirflowTutorial/envlibs/lib/python3.10/site-packages/airflow/example_dags/tutorial_taskflow_api.py
[2023-06-22T14:27:04.575+0700] {logging_mixin.py:149} INFO - [2023-06-22T14:27:04.575+0700] {dag.py:2726} INFO - Sync 1 DAGs
[2023-06-22T14:27:04.590+0700] {logging_mixin.py:149} INFO - [2023-06-22T14:27:04.590+0700] {dag.py:3486} INFO - Setting next_dagrun for tutorial_taskflow_api to None, run_after=None
[2023-06-22T14:27:04.608+0700] {processor.py:179} INFO - Processing /Users/macbook/Documents/Documents_MacBook_Pro/ISTT/AirflowTutorial/envlibs/lib/python3.10/site-packages/airflow/example_dags/tutorial_taskflow_api.py took 0.878 seconds
[2023-06-22T14:29:33.121+0700] {processor.py:157} INFO - Started process (PID=11928) to work on /Users/macbook/Documents/Documents_MacBook_Pro/ISTT/AirflowTutorial/envlibs/lib/python3.10/site-packages/airflow/example_dags/tutorial_taskflow_api.py
[2023-06-22T14:29:33.121+0700] {processor.py:826} INFO - Processing file /Users/macbook/Documents/Documents_MacBook_Pro/ISTT/AirflowTutorial/envlibs/lib/python3.10/site-packages/airflow/example_dags/tutorial_taskflow_api.py for tasks to queue
[2023-06-22T14:29:33.122+0700] {logging_mixin.py:149} INFO - [2023-06-22T14:29:33.122+0700] {dagbag.py:541} INFO - Filling up the DagBag from /Users/macbook/Documents/Documents_MacBook_Pro/ISTT/AirflowTutorial/envlibs/lib/python3.10/site-packages/airflow/example_dags/tutorial_taskflow_api.py
[2023-06-22T14:29:33.167+0700] {processor.py:836} INFO - DAG(s) dict_keys(['tutorial_taskflow_api']) retrieved from /Users/macbook/Documents/Documents_MacBook_Pro/ISTT/AirflowTutorial/envlibs/lib/python3.10/site-packages/airflow/example_dags/tutorial_taskflow_api.py
[2023-06-22T14:29:33.912+0700] {logging_mixin.py:149} INFO - [2023-06-22T14:29:33.912+0700] {dag.py:2726} INFO - Sync 1 DAGs
[2023-06-22T14:29:33.928+0700] {logging_mixin.py:149} INFO - [2023-06-22T14:29:33.927+0700] {dag.py:3486} INFO - Setting next_dagrun for tutorial_taskflow_api to None, run_after=None
[2023-06-22T14:29:33.983+0700] {processor.py:179} INFO - Processing /Users/macbook/Documents/Documents_MacBook_Pro/ISTT/AirflowTutorial/envlibs/lib/python3.10/site-packages/airflow/example_dags/tutorial_taskflow_api.py took 0.863 seconds
[2023-06-22T14:31:38.663+0700] {processor.py:157} INFO - Started process (PID=12010) to work on /Users/macbook/Documents/Documents_MacBook_Pro/ISTT/AirflowTutorial/envlibs/lib/python3.10/site-packages/airflow/example_dags/tutorial_taskflow_api.py
[2023-06-22T14:31:38.665+0700] {processor.py:826} INFO - Processing file /Users/macbook/Documents/Documents_MacBook_Pro/ISTT/AirflowTutorial/envlibs/lib/python3.10/site-packages/airflow/example_dags/tutorial_taskflow_api.py for tasks to queue
[2023-06-22T14:31:38.666+0700] {logging_mixin.py:149} INFO - [2023-06-22T14:31:38.666+0700] {dagbag.py:541} INFO - Filling up the DagBag from /Users/macbook/Documents/Documents_MacBook_Pro/ISTT/AirflowTutorial/envlibs/lib/python3.10/site-packages/airflow/example_dags/tutorial_taskflow_api.py
[2023-06-22T14:31:38.812+0700] {processor.py:836} INFO - DAG(s) dict_keys(['tutorial_taskflow_api']) retrieved from /Users/macbook/Documents/Documents_MacBook_Pro/ISTT/AirflowTutorial/envlibs/lib/python3.10/site-packages/airflow/example_dags/tutorial_taskflow_api.py
[2023-06-22T14:31:40.034+0700] {logging_mixin.py:149} INFO - [2023-06-22T14:31:40.033+0700] {dag.py:2726} INFO - Sync 1 DAGs
[2023-06-22T14:31:40.063+0700] {logging_mixin.py:149} INFO - [2023-06-22T14:31:40.063+0700] {dag.py:3486} INFO - Setting next_dagrun for tutorial_taskflow_api to None, run_after=None
[2023-06-22T14:31:40.096+0700] {processor.py:179} INFO - Processing /Users/macbook/Documents/Documents_MacBook_Pro/ISTT/AirflowTutorial/envlibs/lib/python3.10/site-packages/airflow/example_dags/tutorial_taskflow_api.py took 1.434 seconds
[2023-06-22T14:34:07.885+0700] {processor.py:157} INFO - Started process (PID=12139) to work on /Users/macbook/Documents/Documents_MacBook_Pro/ISTT/AirflowTutorial/envlibs/lib/python3.10/site-packages/airflow/example_dags/tutorial_taskflow_api.py
[2023-06-22T14:34:07.886+0700] {processor.py:826} INFO - Processing file /Users/macbook/Documents/Documents_MacBook_Pro/ISTT/AirflowTutorial/envlibs/lib/python3.10/site-packages/airflow/example_dags/tutorial_taskflow_api.py for tasks to queue
[2023-06-22T14:34:07.887+0700] {logging_mixin.py:149} INFO - [2023-06-22T14:34:07.887+0700] {dagbag.py:541} INFO - Filling up the DagBag from /Users/macbook/Documents/Documents_MacBook_Pro/ISTT/AirflowTutorial/envlibs/lib/python3.10/site-packages/airflow/example_dags/tutorial_taskflow_api.py
[2023-06-22T14:34:07.945+0700] {processor.py:836} INFO - DAG(s) dict_keys(['tutorial_taskflow_api']) retrieved from /Users/macbook/Documents/Documents_MacBook_Pro/ISTT/AirflowTutorial/envlibs/lib/python3.10/site-packages/airflow/example_dags/tutorial_taskflow_api.py
[2023-06-22T14:34:08.750+0700] {logging_mixin.py:149} INFO - [2023-06-22T14:34:08.750+0700] {dag.py:2726} INFO - Sync 1 DAGs
[2023-06-22T14:34:08.766+0700] {logging_mixin.py:149} INFO - [2023-06-22T14:34:08.766+0700] {dag.py:3486} INFO - Setting next_dagrun for tutorial_taskflow_api to None, run_after=None
[2023-06-22T14:34:08.786+0700] {processor.py:179} INFO - Processing /Users/macbook/Documents/Documents_MacBook_Pro/ISTT/AirflowTutorial/envlibs/lib/python3.10/site-packages/airflow/example_dags/tutorial_taskflow_api.py took 0.903 seconds
[2023-06-22T14:36:45.539+0700] {processor.py:157} INFO - Started process (PID=12279) to work on /Users/macbook/Documents/Documents_MacBook_Pro/ISTT/AirflowTutorial/envlibs/lib/python3.10/site-packages/airflow/example_dags/tutorial_taskflow_api.py
[2023-06-22T14:36:45.541+0700] {processor.py:826} INFO - Processing file /Users/macbook/Documents/Documents_MacBook_Pro/ISTT/AirflowTutorial/envlibs/lib/python3.10/site-packages/airflow/example_dags/tutorial_taskflow_api.py for tasks to queue
[2023-06-22T14:36:45.542+0700] {logging_mixin.py:149} INFO - [2023-06-22T14:36:45.542+0700] {dagbag.py:541} INFO - Filling up the DagBag from /Users/macbook/Documents/Documents_MacBook_Pro/ISTT/AirflowTutorial/envlibs/lib/python3.10/site-packages/airflow/example_dags/tutorial_taskflow_api.py
[2023-06-22T14:36:45.643+0700] {processor.py:836} INFO - DAG(s) dict_keys(['tutorial_taskflow_api']) retrieved from /Users/macbook/Documents/Documents_MacBook_Pro/ISTT/AirflowTutorial/envlibs/lib/python3.10/site-packages/airflow/example_dags/tutorial_taskflow_api.py
[2023-06-22T14:36:46.962+0700] {logging_mixin.py:149} INFO - [2023-06-22T14:36:46.962+0700] {dag.py:2726} INFO - Sync 1 DAGs
[2023-06-22T14:36:46.986+0700] {logging_mixin.py:149} INFO - [2023-06-22T14:36:46.986+0700] {dag.py:3486} INFO - Setting next_dagrun for tutorial_taskflow_api to None, run_after=None
[2023-06-22T14:36:47.012+0700] {processor.py:179} INFO - Processing /Users/macbook/Documents/Documents_MacBook_Pro/ISTT/AirflowTutorial/envlibs/lib/python3.10/site-packages/airflow/example_dags/tutorial_taskflow_api.py took 1.475 seconds
[2023-06-22T14:39:26.024+0700] {processor.py:157} INFO - Started process (PID=12411) to work on /Users/macbook/Documents/Documents_MacBook_Pro/ISTT/AirflowTutorial/envlibs/lib/python3.10/site-packages/airflow/example_dags/tutorial_taskflow_api.py
[2023-06-22T14:39:26.025+0700] {processor.py:826} INFO - Processing file /Users/macbook/Documents/Documents_MacBook_Pro/ISTT/AirflowTutorial/envlibs/lib/python3.10/site-packages/airflow/example_dags/tutorial_taskflow_api.py for tasks to queue
[2023-06-22T14:39:26.026+0700] {logging_mixin.py:149} INFO - [2023-06-22T14:39:26.026+0700] {dagbag.py:541} INFO - Filling up the DagBag from /Users/macbook/Documents/Documents_MacBook_Pro/ISTT/AirflowTutorial/envlibs/lib/python3.10/site-packages/airflow/example_dags/tutorial_taskflow_api.py
[2023-06-22T14:39:26.076+0700] {processor.py:836} INFO - DAG(s) dict_keys(['tutorial_taskflow_api']) retrieved from /Users/macbook/Documents/Documents_MacBook_Pro/ISTT/AirflowTutorial/envlibs/lib/python3.10/site-packages/airflow/example_dags/tutorial_taskflow_api.py
[2023-06-22T14:39:26.883+0700] {logging_mixin.py:149} INFO - [2023-06-22T14:39:26.883+0700] {dag.py:2726} INFO - Sync 1 DAGs
[2023-06-22T14:39:26.891+0700] {logging_mixin.py:149} INFO - [2023-06-22T14:39:26.891+0700] {dag.py:2747} INFO - Creating ORM DAG for tutorial_taskflow_api
[2023-06-22T14:39:26.900+0700] {logging_mixin.py:149} INFO - [2023-06-22T14:39:26.900+0700] {dag.py:3486} INFO - Setting next_dagrun for tutorial_taskflow_api to None, run_after=None
[2023-06-22T14:39:26.918+0700] {processor.py:179} INFO - Processing /Users/macbook/Documents/Documents_MacBook_Pro/ISTT/AirflowTutorial/envlibs/lib/python3.10/site-packages/airflow/example_dags/tutorial_taskflow_api.py took 0.895 seconds
[2023-06-22T14:41:41.500+0700] {processor.py:157} INFO - Started process (PID=12508) to work on /Users/macbook/Documents/Documents_MacBook_Pro/ISTT/AirflowTutorial/envlibs/lib/python3.10/site-packages/airflow/example_dags/tutorial_taskflow_api.py
[2023-06-22T14:41:41.501+0700] {processor.py:826} INFO - Processing file /Users/macbook/Documents/Documents_MacBook_Pro/ISTT/AirflowTutorial/envlibs/lib/python3.10/site-packages/airflow/example_dags/tutorial_taskflow_api.py for tasks to queue
[2023-06-22T14:41:41.502+0700] {logging_mixin.py:149} INFO - [2023-06-22T14:41:41.502+0700] {dagbag.py:541} INFO - Filling up the DagBag from /Users/macbook/Documents/Documents_MacBook_Pro/ISTT/AirflowTutorial/envlibs/lib/python3.10/site-packages/airflow/example_dags/tutorial_taskflow_api.py
[2023-06-22T14:41:41.551+0700] {processor.py:836} INFO - DAG(s) dict_keys(['tutorial_taskflow_api']) retrieved from /Users/macbook/Documents/Documents_MacBook_Pro/ISTT/AirflowTutorial/envlibs/lib/python3.10/site-packages/airflow/example_dags/tutorial_taskflow_api.py
[2023-06-22T14:41:42.360+0700] {logging_mixin.py:149} INFO - [2023-06-22T14:41:42.360+0700] {dag.py:2726} INFO - Sync 1 DAGs
[2023-06-22T14:41:42.375+0700] {logging_mixin.py:149} INFO - [2023-06-22T14:41:42.375+0700] {dag.py:3486} INFO - Setting next_dagrun for tutorial_taskflow_api to None, run_after=None
[2023-06-22T14:41:42.393+0700] {processor.py:179} INFO - Processing /Users/macbook/Documents/Documents_MacBook_Pro/ISTT/AirflowTutorial/envlibs/lib/python3.10/site-packages/airflow/example_dags/tutorial_taskflow_api.py took 0.894 seconds
[2023-06-22T14:43:50.018+0700] {processor.py:157} INFO - Started process (PID=12565) to work on /Users/macbook/Documents/Documents_MacBook_Pro/ISTT/AirflowTutorial/envlibs/lib/python3.10/site-packages/airflow/example_dags/tutorial_taskflow_api.py
[2023-06-22T14:43:50.019+0700] {processor.py:826} INFO - Processing file /Users/macbook/Documents/Documents_MacBook_Pro/ISTT/AirflowTutorial/envlibs/lib/python3.10/site-packages/airflow/example_dags/tutorial_taskflow_api.py for tasks to queue
[2023-06-22T14:43:50.020+0700] {logging_mixin.py:149} INFO - [2023-06-22T14:43:50.020+0700] {dagbag.py:541} INFO - Filling up the DagBag from /Users/macbook/Documents/Documents_MacBook_Pro/ISTT/AirflowTutorial/envlibs/lib/python3.10/site-packages/airflow/example_dags/tutorial_taskflow_api.py
[2023-06-22T14:43:50.071+0700] {processor.py:836} INFO - DAG(s) dict_keys(['tutorial_taskflow_api']) retrieved from /Users/macbook/Documents/Documents_MacBook_Pro/ISTT/AirflowTutorial/envlibs/lib/python3.10/site-packages/airflow/example_dags/tutorial_taskflow_api.py
[2023-06-22T14:43:50.774+0700] {logging_mixin.py:149} INFO - [2023-06-22T14:43:50.774+0700] {dag.py:2726} INFO - Sync 1 DAGs
[2023-06-22T14:43:50.789+0700] {logging_mixin.py:149} INFO - [2023-06-22T14:43:50.789+0700] {dag.py:3486} INFO - Setting next_dagrun for tutorial_taskflow_api to None, run_after=None
[2023-06-22T14:43:50.804+0700] {processor.py:179} INFO - Processing /Users/macbook/Documents/Documents_MacBook_Pro/ISTT/AirflowTutorial/envlibs/lib/python3.10/site-packages/airflow/example_dags/tutorial_taskflow_api.py took 0.787 seconds
[2023-06-22T14:45:53.756+0700] {processor.py:157} INFO - Started process (PID=12617) to work on /Users/macbook/Documents/Documents_MacBook_Pro/ISTT/AirflowTutorial/envlibs/lib/python3.10/site-packages/airflow/example_dags/tutorial_taskflow_api.py
[2023-06-22T14:45:53.758+0700] {processor.py:826} INFO - Processing file /Users/macbook/Documents/Documents_MacBook_Pro/ISTT/AirflowTutorial/envlibs/lib/python3.10/site-packages/airflow/example_dags/tutorial_taskflow_api.py for tasks to queue
[2023-06-22T14:45:53.758+0700] {logging_mixin.py:149} INFO - [2023-06-22T14:45:53.758+0700] {dagbag.py:541} INFO - Filling up the DagBag from /Users/macbook/Documents/Documents_MacBook_Pro/ISTT/AirflowTutorial/envlibs/lib/python3.10/site-packages/airflow/example_dags/tutorial_taskflow_api.py
[2023-06-22T14:45:53.809+0700] {processor.py:836} INFO - DAG(s) dict_keys(['tutorial_taskflow_api']) retrieved from /Users/macbook/Documents/Documents_MacBook_Pro/ISTT/AirflowTutorial/envlibs/lib/python3.10/site-packages/airflow/example_dags/tutorial_taskflow_api.py
[2023-06-22T14:45:54.579+0700] {logging_mixin.py:149} INFO - [2023-06-22T14:45:54.579+0700] {dag.py:2726} INFO - Sync 1 DAGs
[2023-06-22T14:45:54.594+0700] {logging_mixin.py:149} INFO - [2023-06-22T14:45:54.594+0700] {dag.py:3486} INFO - Setting next_dagrun for tutorial_taskflow_api to None, run_after=None
[2023-06-22T14:45:54.611+0700] {processor.py:179} INFO - Processing /Users/macbook/Documents/Documents_MacBook_Pro/ISTT/AirflowTutorial/envlibs/lib/python3.10/site-packages/airflow/example_dags/tutorial_taskflow_api.py took 0.855 seconds
[2023-06-22T14:47:57.400+0700] {processor.py:157} INFO - Started process (PID=12674) to work on /Users/macbook/Documents/Documents_MacBook_Pro/ISTT/AirflowTutorial/envlibs/lib/python3.10/site-packages/airflow/example_dags/tutorial_taskflow_api.py
[2023-06-22T14:47:57.402+0700] {processor.py:826} INFO - Processing file /Users/macbook/Documents/Documents_MacBook_Pro/ISTT/AirflowTutorial/envlibs/lib/python3.10/site-packages/airflow/example_dags/tutorial_taskflow_api.py for tasks to queue
[2023-06-22T14:47:57.403+0700] {logging_mixin.py:149} INFO - [2023-06-22T14:47:57.402+0700] {dagbag.py:541} INFO - Filling up the DagBag from /Users/macbook/Documents/Documents_MacBook_Pro/ISTT/AirflowTutorial/envlibs/lib/python3.10/site-packages/airflow/example_dags/tutorial_taskflow_api.py
[2023-06-22T14:47:57.465+0700] {processor.py:836} INFO - DAG(s) dict_keys(['tutorial_taskflow_api']) retrieved from /Users/macbook/Documents/Documents_MacBook_Pro/ISTT/AirflowTutorial/envlibs/lib/python3.10/site-packages/airflow/example_dags/tutorial_taskflow_api.py
[2023-06-22T14:47:58.366+0700] {logging_mixin.py:149} INFO - [2023-06-22T14:47:58.366+0700] {dag.py:2726} INFO - Sync 1 DAGs
[2023-06-22T14:47:58.390+0700] {logging_mixin.py:149} INFO - [2023-06-22T14:47:58.390+0700] {dag.py:3486} INFO - Setting next_dagrun for tutorial_taskflow_api to None, run_after=None
[2023-06-22T14:47:58.415+0700] {processor.py:179} INFO - Processing /Users/macbook/Documents/Documents_MacBook_Pro/ISTT/AirflowTutorial/envlibs/lib/python3.10/site-packages/airflow/example_dags/tutorial_taskflow_api.py took 1.015 seconds
[2023-06-22T14:50:06.853+0700] {processor.py:157} INFO - Started process (PID=12741) to work on /Users/macbook/Documents/Documents_MacBook_Pro/ISTT/AirflowTutorial/envlibs/lib/python3.10/site-packages/airflow/example_dags/tutorial_taskflow_api.py
[2023-06-22T14:50:06.854+0700] {processor.py:826} INFO - Processing file /Users/macbook/Documents/Documents_MacBook_Pro/ISTT/AirflowTutorial/envlibs/lib/python3.10/site-packages/airflow/example_dags/tutorial_taskflow_api.py for tasks to queue
[2023-06-22T14:50:06.855+0700] {logging_mixin.py:149} INFO - [2023-06-22T14:50:06.855+0700] {dagbag.py:541} INFO - Filling up the DagBag from /Users/macbook/Documents/Documents_MacBook_Pro/ISTT/AirflowTutorial/envlibs/lib/python3.10/site-packages/airflow/example_dags/tutorial_taskflow_api.py
[2023-06-22T14:50:06.903+0700] {processor.py:836} INFO - DAG(s) dict_keys(['tutorial_taskflow_api']) retrieved from /Users/macbook/Documents/Documents_MacBook_Pro/ISTT/AirflowTutorial/envlibs/lib/python3.10/site-packages/airflow/example_dags/tutorial_taskflow_api.py
[2023-06-22T14:50:07.607+0700] {logging_mixin.py:149} INFO - [2023-06-22T14:50:07.606+0700] {dag.py:2726} INFO - Sync 1 DAGs
[2023-06-22T14:50:07.622+0700] {logging_mixin.py:149} INFO - [2023-06-22T14:50:07.622+0700] {dag.py:3486} INFO - Setting next_dagrun for tutorial_taskflow_api to None, run_after=None
[2023-06-22T14:50:07.638+0700] {processor.py:179} INFO - Processing /Users/macbook/Documents/Documents_MacBook_Pro/ISTT/AirflowTutorial/envlibs/lib/python3.10/site-packages/airflow/example_dags/tutorial_taskflow_api.py took 0.786 seconds
[2023-06-22T14:52:07.733+0700] {processor.py:157} INFO - Started process (PID=12796) to work on /Users/macbook/Documents/Documents_MacBook_Pro/ISTT/AirflowTutorial/envlibs/lib/python3.10/site-packages/airflow/example_dags/tutorial_taskflow_api.py
[2023-06-22T14:52:07.734+0700] {processor.py:826} INFO - Processing file /Users/macbook/Documents/Documents_MacBook_Pro/ISTT/AirflowTutorial/envlibs/lib/python3.10/site-packages/airflow/example_dags/tutorial_taskflow_api.py for tasks to queue
[2023-06-22T14:52:07.735+0700] {logging_mixin.py:149} INFO - [2023-06-22T14:52:07.735+0700] {dagbag.py:541} INFO - Filling up the DagBag from /Users/macbook/Documents/Documents_MacBook_Pro/ISTT/AirflowTutorial/envlibs/lib/python3.10/site-packages/airflow/example_dags/tutorial_taskflow_api.py
[2023-06-22T14:52:07.783+0700] {processor.py:836} INFO - DAG(s) dict_keys(['tutorial_taskflow_api']) retrieved from /Users/macbook/Documents/Documents_MacBook_Pro/ISTT/AirflowTutorial/envlibs/lib/python3.10/site-packages/airflow/example_dags/tutorial_taskflow_api.py
[2023-06-22T14:52:08.530+0700] {logging_mixin.py:149} INFO - [2023-06-22T14:52:08.530+0700] {dag.py:2726} INFO - Sync 1 DAGs
[2023-06-22T14:52:08.547+0700] {logging_mixin.py:149} INFO - [2023-06-22T14:52:08.547+0700] {dag.py:3486} INFO - Setting next_dagrun for tutorial_taskflow_api to None, run_after=None
[2023-06-22T14:52:08.564+0700] {processor.py:179} INFO - Processing /Users/macbook/Documents/Documents_MacBook_Pro/ISTT/AirflowTutorial/envlibs/lib/python3.10/site-packages/airflow/example_dags/tutorial_taskflow_api.py took 0.832 seconds
[2023-06-22T14:54:07.221+0700] {processor.py:157} INFO - Started process (PID=12851) to work on /Users/macbook/Documents/Documents_MacBook_Pro/ISTT/AirflowTutorial/envlibs/lib/python3.10/site-packages/airflow/example_dags/tutorial_taskflow_api.py
[2023-06-22T14:54:07.222+0700] {processor.py:826} INFO - Processing file /Users/macbook/Documents/Documents_MacBook_Pro/ISTT/AirflowTutorial/envlibs/lib/python3.10/site-packages/airflow/example_dags/tutorial_taskflow_api.py for tasks to queue
[2023-06-22T14:54:07.223+0700] {logging_mixin.py:149} INFO - [2023-06-22T14:54:07.223+0700] {dagbag.py:541} INFO - Filling up the DagBag from /Users/macbook/Documents/Documents_MacBook_Pro/ISTT/AirflowTutorial/envlibs/lib/python3.10/site-packages/airflow/example_dags/tutorial_taskflow_api.py
[2023-06-22T14:54:07.271+0700] {processor.py:836} INFO - DAG(s) dict_keys(['tutorial_taskflow_api']) retrieved from /Users/macbook/Documents/Documents_MacBook_Pro/ISTT/AirflowTutorial/envlibs/lib/python3.10/site-packages/airflow/example_dags/tutorial_taskflow_api.py
[2023-06-22T14:54:08.023+0700] {logging_mixin.py:149} INFO - [2023-06-22T14:54:08.023+0700] {dag.py:2726} INFO - Sync 1 DAGs
[2023-06-22T14:54:08.038+0700] {logging_mixin.py:149} INFO - [2023-06-22T14:54:08.038+0700] {dag.py:3486} INFO - Setting next_dagrun for tutorial_taskflow_api to None, run_after=None
[2023-06-22T14:54:08.055+0700] {processor.py:179} INFO - Processing /Users/macbook/Documents/Documents_MacBook_Pro/ISTT/AirflowTutorial/envlibs/lib/python3.10/site-packages/airflow/example_dags/tutorial_taskflow_api.py took 0.835 seconds
[2023-06-22T14:56:02.211+0700] {processor.py:157} INFO - Started process (PID=12902) to work on /Users/macbook/Documents/Documents_MacBook_Pro/ISTT/AirflowTutorial/envlibs/lib/python3.10/site-packages/airflow/example_dags/tutorial_taskflow_api.py
[2023-06-22T14:56:02.213+0700] {processor.py:826} INFO - Processing file /Users/macbook/Documents/Documents_MacBook_Pro/ISTT/AirflowTutorial/envlibs/lib/python3.10/site-packages/airflow/example_dags/tutorial_taskflow_api.py for tasks to queue
[2023-06-22T14:56:02.214+0700] {logging_mixin.py:149} INFO - [2023-06-22T14:56:02.214+0700] {dagbag.py:541} INFO - Filling up the DagBag from /Users/macbook/Documents/Documents_MacBook_Pro/ISTT/AirflowTutorial/envlibs/lib/python3.10/site-packages/airflow/example_dags/tutorial_taskflow_api.py
[2023-06-22T14:56:02.274+0700] {processor.py:836} INFO - DAG(s) dict_keys(['tutorial_taskflow_api']) retrieved from /Users/macbook/Documents/Documents_MacBook_Pro/ISTT/AirflowTutorial/envlibs/lib/python3.10/site-packages/airflow/example_dags/tutorial_taskflow_api.py
[2023-06-22T14:56:02.991+0700] {logging_mixin.py:149} INFO - [2023-06-22T14:56:02.991+0700] {dag.py:2726} INFO - Sync 1 DAGs
[2023-06-22T14:56:03.006+0700] {logging_mixin.py:149} INFO - [2023-06-22T14:56:03.006+0700] {dag.py:3486} INFO - Setting next_dagrun for tutorial_taskflow_api to None, run_after=None
[2023-06-22T14:56:03.032+0700] {processor.py:179} INFO - Processing /Users/macbook/Documents/Documents_MacBook_Pro/ISTT/AirflowTutorial/envlibs/lib/python3.10/site-packages/airflow/example_dags/tutorial_taskflow_api.py took 0.821 seconds
[2023-06-22T14:58:00.803+0700] {processor.py:157} INFO - Started process (PID=12956) to work on /Users/macbook/Documents/Documents_MacBook_Pro/ISTT/AirflowTutorial/envlibs/lib/python3.10/site-packages/airflow/example_dags/tutorial_taskflow_api.py
[2023-06-22T14:58:00.804+0700] {processor.py:826} INFO - Processing file /Users/macbook/Documents/Documents_MacBook_Pro/ISTT/AirflowTutorial/envlibs/lib/python3.10/site-packages/airflow/example_dags/tutorial_taskflow_api.py for tasks to queue
[2023-06-22T14:58:00.805+0700] {logging_mixin.py:149} INFO - [2023-06-22T14:58:00.805+0700] {dagbag.py:541} INFO - Filling up the DagBag from /Users/macbook/Documents/Documents_MacBook_Pro/ISTT/AirflowTutorial/envlibs/lib/python3.10/site-packages/airflow/example_dags/tutorial_taskflow_api.py
[2023-06-22T14:58:00.857+0700] {processor.py:836} INFO - DAG(s) dict_keys(['tutorial_taskflow_api']) retrieved from /Users/macbook/Documents/Documents_MacBook_Pro/ISTT/AirflowTutorial/envlibs/lib/python3.10/site-packages/airflow/example_dags/tutorial_taskflow_api.py
[2023-06-22T14:58:01.635+0700] {logging_mixin.py:149} INFO - [2023-06-22T14:58:01.634+0700] {dag.py:2726} INFO - Sync 1 DAGs
[2023-06-22T14:58:01.650+0700] {logging_mixin.py:149} INFO - [2023-06-22T14:58:01.650+0700] {dag.py:3486} INFO - Setting next_dagrun for tutorial_taskflow_api to None, run_after=None
[2023-06-22T14:58:01.667+0700] {processor.py:179} INFO - Processing /Users/macbook/Documents/Documents_MacBook_Pro/ISTT/AirflowTutorial/envlibs/lib/python3.10/site-packages/airflow/example_dags/tutorial_taskflow_api.py took 0.865 seconds
[2023-06-22T15:00:06.789+0700] {processor.py:157} INFO - Started process (PID=13009) to work on /Users/macbook/Documents/Documents_MacBook_Pro/ISTT/AirflowTutorial/envlibs/lib/python3.10/site-packages/airflow/example_dags/tutorial_taskflow_api.py
[2023-06-22T15:00:06.790+0700] {processor.py:826} INFO - Processing file /Users/macbook/Documents/Documents_MacBook_Pro/ISTT/AirflowTutorial/envlibs/lib/python3.10/site-packages/airflow/example_dags/tutorial_taskflow_api.py for tasks to queue
[2023-06-22T15:00:06.791+0700] {logging_mixin.py:149} INFO - [2023-06-22T15:00:06.791+0700] {dagbag.py:541} INFO - Filling up the DagBag from /Users/macbook/Documents/Documents_MacBook_Pro/ISTT/AirflowTutorial/envlibs/lib/python3.10/site-packages/airflow/example_dags/tutorial_taskflow_api.py
[2023-06-22T15:00:06.849+0700] {processor.py:836} INFO - DAG(s) dict_keys(['tutorial_taskflow_api']) retrieved from /Users/macbook/Documents/Documents_MacBook_Pro/ISTT/AirflowTutorial/envlibs/lib/python3.10/site-packages/airflow/example_dags/tutorial_taskflow_api.py
[2023-06-22T15:00:07.703+0700] {logging_mixin.py:149} INFO - [2023-06-22T15:00:07.703+0700] {dag.py:2726} INFO - Sync 1 DAGs
[2023-06-22T15:00:07.723+0700] {logging_mixin.py:149} INFO - [2023-06-22T15:00:07.723+0700] {dag.py:3486} INFO - Setting next_dagrun for tutorial_taskflow_api to None, run_after=None
[2023-06-22T15:00:07.742+0700] {processor.py:179} INFO - Processing /Users/macbook/Documents/Documents_MacBook_Pro/ISTT/AirflowTutorial/envlibs/lib/python3.10/site-packages/airflow/example_dags/tutorial_taskflow_api.py took 0.954 seconds
[2023-06-22T15:02:08.363+0700] {processor.py:157} INFO - Started process (PID=13066) to work on /Users/macbook/Documents/Documents_MacBook_Pro/ISTT/AirflowTutorial/envlibs/lib/python3.10/site-packages/airflow/example_dags/tutorial_taskflow_api.py
[2023-06-22T15:02:08.364+0700] {processor.py:826} INFO - Processing file /Users/macbook/Documents/Documents_MacBook_Pro/ISTT/AirflowTutorial/envlibs/lib/python3.10/site-packages/airflow/example_dags/tutorial_taskflow_api.py for tasks to queue
[2023-06-22T15:02:08.365+0700] {logging_mixin.py:149} INFO - [2023-06-22T15:02:08.365+0700] {dagbag.py:541} INFO - Filling up the DagBag from /Users/macbook/Documents/Documents_MacBook_Pro/ISTT/AirflowTutorial/envlibs/lib/python3.10/site-packages/airflow/example_dags/tutorial_taskflow_api.py
[2023-06-22T15:02:08.414+0700] {processor.py:836} INFO - DAG(s) dict_keys(['tutorial_taskflow_api']) retrieved from /Users/macbook/Documents/Documents_MacBook_Pro/ISTT/AirflowTutorial/envlibs/lib/python3.10/site-packages/airflow/example_dags/tutorial_taskflow_api.py
[2023-06-22T15:02:09.105+0700] {logging_mixin.py:149} INFO - [2023-06-22T15:02:09.105+0700] {dag.py:2726} INFO - Sync 1 DAGs
[2023-06-22T15:02:09.119+0700] {logging_mixin.py:149} INFO - [2023-06-22T15:02:09.119+0700] {dag.py:3486} INFO - Setting next_dagrun for tutorial_taskflow_api to None, run_after=None
[2023-06-22T15:02:09.137+0700] {processor.py:179} INFO - Processing /Users/macbook/Documents/Documents_MacBook_Pro/ISTT/AirflowTutorial/envlibs/lib/python3.10/site-packages/airflow/example_dags/tutorial_taskflow_api.py took 0.774 seconds
[2023-06-22T15:04:10.438+0700] {processor.py:157} INFO - Started process (PID=13124) to work on /Users/macbook/Documents/Documents_MacBook_Pro/ISTT/AirflowTutorial/envlibs/lib/python3.10/site-packages/airflow/example_dags/tutorial_taskflow_api.py
[2023-06-22T15:04:10.439+0700] {processor.py:826} INFO - Processing file /Users/macbook/Documents/Documents_MacBook_Pro/ISTT/AirflowTutorial/envlibs/lib/python3.10/site-packages/airflow/example_dags/tutorial_taskflow_api.py for tasks to queue
[2023-06-22T15:04:10.440+0700] {logging_mixin.py:149} INFO - [2023-06-22T15:04:10.440+0700] {dagbag.py:541} INFO - Filling up the DagBag from /Users/macbook/Documents/Documents_MacBook_Pro/ISTT/AirflowTutorial/envlibs/lib/python3.10/site-packages/airflow/example_dags/tutorial_taskflow_api.py
[2023-06-22T15:04:10.498+0700] {processor.py:836} INFO - DAG(s) dict_keys(['tutorial_taskflow_api']) retrieved from /Users/macbook/Documents/Documents_MacBook_Pro/ISTT/AirflowTutorial/envlibs/lib/python3.10/site-packages/airflow/example_dags/tutorial_taskflow_api.py
[2023-06-22T15:04:11.287+0700] {logging_mixin.py:149} INFO - [2023-06-22T15:04:11.286+0700] {dag.py:2726} INFO - Sync 1 DAGs
[2023-06-22T15:04:11.302+0700] {logging_mixin.py:149} INFO - [2023-06-22T15:04:11.301+0700] {dag.py:3486} INFO - Setting next_dagrun for tutorial_taskflow_api to None, run_after=None
[2023-06-22T15:04:11.322+0700] {processor.py:179} INFO - Processing /Users/macbook/Documents/Documents_MacBook_Pro/ISTT/AirflowTutorial/envlibs/lib/python3.10/site-packages/airflow/example_dags/tutorial_taskflow_api.py took 0.885 seconds
[2023-06-22T15:06:15.911+0700] {processor.py:157} INFO - Started process (PID=13208) to work on /Users/macbook/Documents/Documents_MacBook_Pro/ISTT/AirflowTutorial/envlibs/lib/python3.10/site-packages/airflow/example_dags/tutorial_taskflow_api.py
[2023-06-22T15:06:15.912+0700] {processor.py:826} INFO - Processing file /Users/macbook/Documents/Documents_MacBook_Pro/ISTT/AirflowTutorial/envlibs/lib/python3.10/site-packages/airflow/example_dags/tutorial_taskflow_api.py for tasks to queue
[2023-06-22T15:06:15.913+0700] {logging_mixin.py:149} INFO - [2023-06-22T15:06:15.913+0700] {dagbag.py:541} INFO - Filling up the DagBag from /Users/macbook/Documents/Documents_MacBook_Pro/ISTT/AirflowTutorial/envlibs/lib/python3.10/site-packages/airflow/example_dags/tutorial_taskflow_api.py
[2023-06-22T15:06:15.968+0700] {processor.py:836} INFO - DAG(s) dict_keys(['tutorial_taskflow_api']) retrieved from /Users/macbook/Documents/Documents_MacBook_Pro/ISTT/AirflowTutorial/envlibs/lib/python3.10/site-packages/airflow/example_dags/tutorial_taskflow_api.py
[2023-06-22T15:06:16.672+0700] {logging_mixin.py:149} INFO - [2023-06-22T15:06:16.672+0700] {dag.py:2726} INFO - Sync 1 DAGs
[2023-06-22T15:06:16.687+0700] {logging_mixin.py:149} INFO - [2023-06-22T15:06:16.686+0700] {dag.py:3486} INFO - Setting next_dagrun for tutorial_taskflow_api to None, run_after=None
[2023-06-22T15:06:16.704+0700] {processor.py:179} INFO - Processing /Users/macbook/Documents/Documents_MacBook_Pro/ISTT/AirflowTutorial/envlibs/lib/python3.10/site-packages/airflow/example_dags/tutorial_taskflow_api.py took 0.794 seconds
[2023-06-22T15:08:21.703+0700] {processor.py:157} INFO - Started process (PID=13281) to work on /Users/macbook/Documents/Documents_MacBook_Pro/ISTT/AirflowTutorial/envlibs/lib/python3.10/site-packages/airflow/example_dags/tutorial_taskflow_api.py
[2023-06-22T15:08:21.704+0700] {processor.py:826} INFO - Processing file /Users/macbook/Documents/Documents_MacBook_Pro/ISTT/AirflowTutorial/envlibs/lib/python3.10/site-packages/airflow/example_dags/tutorial_taskflow_api.py for tasks to queue
[2023-06-22T15:08:21.705+0700] {logging_mixin.py:149} INFO - [2023-06-22T15:08:21.705+0700] {dagbag.py:541} INFO - Filling up the DagBag from /Users/macbook/Documents/Documents_MacBook_Pro/ISTT/AirflowTutorial/envlibs/lib/python3.10/site-packages/airflow/example_dags/tutorial_taskflow_api.py
[2023-06-22T15:08:21.761+0700] {processor.py:836} INFO - DAG(s) dict_keys(['tutorial_taskflow_api']) retrieved from /Users/macbook/Documents/Documents_MacBook_Pro/ISTT/AirflowTutorial/envlibs/lib/python3.10/site-packages/airflow/example_dags/tutorial_taskflow_api.py
[2023-06-22T15:08:22.423+0700] {logging_mixin.py:149} INFO - [2023-06-22T15:08:22.423+0700] {dag.py:2726} INFO - Sync 1 DAGs
[2023-06-22T15:08:22.438+0700] {logging_mixin.py:149} INFO - [2023-06-22T15:08:22.438+0700] {dag.py:3486} INFO - Setting next_dagrun for tutorial_taskflow_api to None, run_after=None
[2023-06-22T15:08:22.456+0700] {processor.py:179} INFO - Processing /Users/macbook/Documents/Documents_MacBook_Pro/ISTT/AirflowTutorial/envlibs/lib/python3.10/site-packages/airflow/example_dags/tutorial_taskflow_api.py took 0.754 seconds
[2023-06-22T15:10:25.801+0700] {processor.py:157} INFO - Started process (PID=13378) to work on /Users/macbook/Documents/Documents_MacBook_Pro/ISTT/AirflowTutorial/envlibs/lib/python3.10/site-packages/airflow/example_dags/tutorial_taskflow_api.py
[2023-06-22T15:10:25.802+0700] {processor.py:826} INFO - Processing file /Users/macbook/Documents/Documents_MacBook_Pro/ISTT/AirflowTutorial/envlibs/lib/python3.10/site-packages/airflow/example_dags/tutorial_taskflow_api.py for tasks to queue
[2023-06-22T15:10:25.803+0700] {logging_mixin.py:149} INFO - [2023-06-22T15:10:25.803+0700] {dagbag.py:541} INFO - Filling up the DagBag from /Users/macbook/Documents/Documents_MacBook_Pro/ISTT/AirflowTutorial/envlibs/lib/python3.10/site-packages/airflow/example_dags/tutorial_taskflow_api.py
[2023-06-22T15:10:25.850+0700] {processor.py:836} INFO - DAG(s) dict_keys(['tutorial_taskflow_api']) retrieved from /Users/macbook/Documents/Documents_MacBook_Pro/ISTT/AirflowTutorial/envlibs/lib/python3.10/site-packages/airflow/example_dags/tutorial_taskflow_api.py
[2023-06-22T15:10:26.601+0700] {logging_mixin.py:149} INFO - [2023-06-22T15:10:26.601+0700] {dag.py:2726} INFO - Sync 1 DAGs
[2023-06-22T15:10:26.617+0700] {logging_mixin.py:149} INFO - [2023-06-22T15:10:26.617+0700] {dag.py:3486} INFO - Setting next_dagrun for tutorial_taskflow_api to None, run_after=None
[2023-06-22T15:10:26.635+0700] {processor.py:179} INFO - Processing /Users/macbook/Documents/Documents_MacBook_Pro/ISTT/AirflowTutorial/envlibs/lib/python3.10/site-packages/airflow/example_dags/tutorial_taskflow_api.py took 0.834 seconds
[2023-06-22T15:12:31.074+0700] {processor.py:157} INFO - Started process (PID=13432) to work on /Users/macbook/Documents/Documents_MacBook_Pro/ISTT/AirflowTutorial/envlibs/lib/python3.10/site-packages/airflow/example_dags/tutorial_taskflow_api.py
[2023-06-22T15:12:31.076+0700] {processor.py:826} INFO - Processing file /Users/macbook/Documents/Documents_MacBook_Pro/ISTT/AirflowTutorial/envlibs/lib/python3.10/site-packages/airflow/example_dags/tutorial_taskflow_api.py for tasks to queue
[2023-06-22T15:12:31.076+0700] {logging_mixin.py:149} INFO - [2023-06-22T15:12:31.076+0700] {dagbag.py:541} INFO - Filling up the DagBag from /Users/macbook/Documents/Documents_MacBook_Pro/ISTT/AirflowTutorial/envlibs/lib/python3.10/site-packages/airflow/example_dags/tutorial_taskflow_api.py
[2023-06-22T15:12:31.127+0700] {processor.py:836} INFO - DAG(s) dict_keys(['tutorial_taskflow_api']) retrieved from /Users/macbook/Documents/Documents_MacBook_Pro/ISTT/AirflowTutorial/envlibs/lib/python3.10/site-packages/airflow/example_dags/tutorial_taskflow_api.py
[2023-06-22T15:12:31.891+0700] {logging_mixin.py:149} INFO - [2023-06-22T15:12:31.890+0700] {dag.py:2726} INFO - Sync 1 DAGs
[2023-06-22T15:12:31.906+0700] {logging_mixin.py:149} INFO - [2023-06-22T15:12:31.906+0700] {dag.py:3486} INFO - Setting next_dagrun for tutorial_taskflow_api to None, run_after=None
[2023-06-22T15:12:31.931+0700] {processor.py:179} INFO - Processing /Users/macbook/Documents/Documents_MacBook_Pro/ISTT/AirflowTutorial/envlibs/lib/python3.10/site-packages/airflow/example_dags/tutorial_taskflow_api.py took 0.858 seconds
[2023-06-22T15:14:38.147+0700] {processor.py:157} INFO - Started process (PID=13521) to work on /Users/macbook/Documents/Documents_MacBook_Pro/ISTT/AirflowTutorial/envlibs/lib/python3.10/site-packages/airflow/example_dags/tutorial_taskflow_api.py
[2023-06-22T15:14:38.148+0700] {processor.py:826} INFO - Processing file /Users/macbook/Documents/Documents_MacBook_Pro/ISTT/AirflowTutorial/envlibs/lib/python3.10/site-packages/airflow/example_dags/tutorial_taskflow_api.py for tasks to queue
[2023-06-22T15:14:38.149+0700] {logging_mixin.py:149} INFO - [2023-06-22T15:14:38.148+0700] {dagbag.py:541} INFO - Filling up the DagBag from /Users/macbook/Documents/Documents_MacBook_Pro/ISTT/AirflowTutorial/envlibs/lib/python3.10/site-packages/airflow/example_dags/tutorial_taskflow_api.py
[2023-06-22T15:14:38.206+0700] {processor.py:836} INFO - DAG(s) dict_keys(['tutorial_taskflow_api']) retrieved from /Users/macbook/Documents/Documents_MacBook_Pro/ISTT/AirflowTutorial/envlibs/lib/python3.10/site-packages/airflow/example_dags/tutorial_taskflow_api.py
[2023-06-22T15:14:38.995+0700] {logging_mixin.py:149} INFO - [2023-06-22T15:14:38.995+0700] {dag.py:2726} INFO - Sync 1 DAGs
[2023-06-22T15:14:39.012+0700] {logging_mixin.py:149} INFO - [2023-06-22T15:14:39.012+0700] {dag.py:3486} INFO - Setting next_dagrun for tutorial_taskflow_api to None, run_after=None
[2023-06-22T15:14:39.037+0700] {processor.py:179} INFO - Processing /Users/macbook/Documents/Documents_MacBook_Pro/ISTT/AirflowTutorial/envlibs/lib/python3.10/site-packages/airflow/example_dags/tutorial_taskflow_api.py took 0.891 seconds
[2023-06-22T15:16:46.747+0700] {processor.py:157} INFO - Started process (PID=13596) to work on /Users/macbook/Documents/Documents_MacBook_Pro/ISTT/AirflowTutorial/envlibs/lib/python3.10/site-packages/airflow/example_dags/tutorial_taskflow_api.py
[2023-06-22T15:16:46.748+0700] {processor.py:826} INFO - Processing file /Users/macbook/Documents/Documents_MacBook_Pro/ISTT/AirflowTutorial/envlibs/lib/python3.10/site-packages/airflow/example_dags/tutorial_taskflow_api.py for tasks to queue
[2023-06-22T15:16:46.748+0700] {logging_mixin.py:149} INFO - [2023-06-22T15:16:46.748+0700] {dagbag.py:541} INFO - Filling up the DagBag from /Users/macbook/Documents/Documents_MacBook_Pro/ISTT/AirflowTutorial/envlibs/lib/python3.10/site-packages/airflow/example_dags/tutorial_taskflow_api.py
[2023-06-22T15:16:46.799+0700] {processor.py:836} INFO - DAG(s) dict_keys(['tutorial_taskflow_api']) retrieved from /Users/macbook/Documents/Documents_MacBook_Pro/ISTT/AirflowTutorial/envlibs/lib/python3.10/site-packages/airflow/example_dags/tutorial_taskflow_api.py
[2023-06-22T15:16:47.598+0700] {logging_mixin.py:149} INFO - [2023-06-22T15:16:47.597+0700] {dag.py:2726} INFO - Sync 1 DAGs
[2023-06-22T15:16:47.616+0700] {logging_mixin.py:149} INFO - [2023-06-22T15:16:47.616+0700] {dag.py:3486} INFO - Setting next_dagrun for tutorial_taskflow_api to None, run_after=None
[2023-06-22T15:16:47.634+0700] {processor.py:179} INFO - Processing /Users/macbook/Documents/Documents_MacBook_Pro/ISTT/AirflowTutorial/envlibs/lib/python3.10/site-packages/airflow/example_dags/tutorial_taskflow_api.py took 0.887 seconds
[2023-06-22T15:18:47.833+0700] {processor.py:157} INFO - Started process (PID=13682) to work on /Users/macbook/Documents/Documents_MacBook_Pro/ISTT/AirflowTutorial/envlibs/lib/python3.10/site-packages/airflow/example_dags/tutorial_taskflow_api.py
[2023-06-22T15:18:47.834+0700] {processor.py:826} INFO - Processing file /Users/macbook/Documents/Documents_MacBook_Pro/ISTT/AirflowTutorial/envlibs/lib/python3.10/site-packages/airflow/example_dags/tutorial_taskflow_api.py for tasks to queue
[2023-06-22T15:18:47.834+0700] {logging_mixin.py:149} INFO - [2023-06-22T15:18:47.834+0700] {dagbag.py:541} INFO - Filling up the DagBag from /Users/macbook/Documents/Documents_MacBook_Pro/ISTT/AirflowTutorial/envlibs/lib/python3.10/site-packages/airflow/example_dags/tutorial_taskflow_api.py
[2023-06-22T15:18:47.884+0700] {processor.py:836} INFO - DAG(s) dict_keys(['tutorial_taskflow_api']) retrieved from /Users/macbook/Documents/Documents_MacBook_Pro/ISTT/AirflowTutorial/envlibs/lib/python3.10/site-packages/airflow/example_dags/tutorial_taskflow_api.py
[2023-06-22T15:18:48.639+0700] {logging_mixin.py:149} INFO - [2023-06-22T15:18:48.639+0700] {dag.py:2726} INFO - Sync 1 DAGs
[2023-06-22T15:18:48.654+0700] {logging_mixin.py:149} INFO - [2023-06-22T15:18:48.654+0700] {dag.py:3486} INFO - Setting next_dagrun for tutorial_taskflow_api to None, run_after=None
[2023-06-22T15:18:48.671+0700] {processor.py:179} INFO - Processing /Users/macbook/Documents/Documents_MacBook_Pro/ISTT/AirflowTutorial/envlibs/lib/python3.10/site-packages/airflow/example_dags/tutorial_taskflow_api.py took 0.839 seconds
[2023-06-22T15:20:50.056+0700] {processor.py:157} INFO - Started process (PID=13762) to work on /Users/macbook/Documents/Documents_MacBook_Pro/ISTT/AirflowTutorial/envlibs/lib/python3.10/site-packages/airflow/example_dags/tutorial_taskflow_api.py
[2023-06-22T15:20:50.057+0700] {processor.py:826} INFO - Processing file /Users/macbook/Documents/Documents_MacBook_Pro/ISTT/AirflowTutorial/envlibs/lib/python3.10/site-packages/airflow/example_dags/tutorial_taskflow_api.py for tasks to queue
[2023-06-22T15:20:50.058+0700] {logging_mixin.py:149} INFO - [2023-06-22T15:20:50.058+0700] {dagbag.py:541} INFO - Filling up the DagBag from /Users/macbook/Documents/Documents_MacBook_Pro/ISTT/AirflowTutorial/envlibs/lib/python3.10/site-packages/airflow/example_dags/tutorial_taskflow_api.py
[2023-06-22T15:20:50.106+0700] {processor.py:836} INFO - DAG(s) dict_keys(['tutorial_taskflow_api']) retrieved from /Users/macbook/Documents/Documents_MacBook_Pro/ISTT/AirflowTutorial/envlibs/lib/python3.10/site-packages/airflow/example_dags/tutorial_taskflow_api.py
[2023-06-22T15:20:50.812+0700] {logging_mixin.py:149} INFO - [2023-06-22T15:20:50.812+0700] {dag.py:2726} INFO - Sync 1 DAGs
[2023-06-22T15:20:50.827+0700] {logging_mixin.py:149} INFO - [2023-06-22T15:20:50.827+0700] {dag.py:3486} INFO - Setting next_dagrun for tutorial_taskflow_api to None, run_after=None
[2023-06-22T15:20:50.844+0700] {processor.py:179} INFO - Processing /Users/macbook/Documents/Documents_MacBook_Pro/ISTT/AirflowTutorial/envlibs/lib/python3.10/site-packages/airflow/example_dags/tutorial_taskflow_api.py took 0.789 seconds
[2023-06-22T15:22:53.724+0700] {processor.py:157} INFO - Started process (PID=13814) to work on /Users/macbook/Documents/Documents_MacBook_Pro/ISTT/AirflowTutorial/envlibs/lib/python3.10/site-packages/airflow/example_dags/tutorial_taskflow_api.py
[2023-06-22T15:22:53.725+0700] {processor.py:826} INFO - Processing file /Users/macbook/Documents/Documents_MacBook_Pro/ISTT/AirflowTutorial/envlibs/lib/python3.10/site-packages/airflow/example_dags/tutorial_taskflow_api.py for tasks to queue
[2023-06-22T15:22:53.726+0700] {logging_mixin.py:149} INFO - [2023-06-22T15:22:53.725+0700] {dagbag.py:541} INFO - Filling up the DagBag from /Users/macbook/Documents/Documents_MacBook_Pro/ISTT/AirflowTutorial/envlibs/lib/python3.10/site-packages/airflow/example_dags/tutorial_taskflow_api.py
[2023-06-22T15:22:53.806+0700] {processor.py:836} INFO - DAG(s) dict_keys(['tutorial_taskflow_api']) retrieved from /Users/macbook/Documents/Documents_MacBook_Pro/ISTT/AirflowTutorial/envlibs/lib/python3.10/site-packages/airflow/example_dags/tutorial_taskflow_api.py
[2023-06-22T15:22:55.381+0700] {logging_mixin.py:149} INFO - [2023-06-22T15:22:55.381+0700] {dag.py:2726} INFO - Sync 1 DAGs
[2023-06-22T15:22:55.410+0700] {logging_mixin.py:149} INFO - [2023-06-22T15:22:55.410+0700] {dag.py:3486} INFO - Setting next_dagrun for tutorial_taskflow_api to None, run_after=None
[2023-06-22T15:22:55.436+0700] {processor.py:179} INFO - Processing /Users/macbook/Documents/Documents_MacBook_Pro/ISTT/AirflowTutorial/envlibs/lib/python3.10/site-packages/airflow/example_dags/tutorial_taskflow_api.py took 1.713 seconds
[2023-06-22T15:25:15.298+0700] {processor.py:157} INFO - Started process (PID=13887) to work on /Users/macbook/Documents/Documents_MacBook_Pro/ISTT/AirflowTutorial/envlibs/lib/python3.10/site-packages/airflow/example_dags/tutorial_taskflow_api.py
[2023-06-22T15:25:15.300+0700] {processor.py:826} INFO - Processing file /Users/macbook/Documents/Documents_MacBook_Pro/ISTT/AirflowTutorial/envlibs/lib/python3.10/site-packages/airflow/example_dags/tutorial_taskflow_api.py for tasks to queue
[2023-06-22T15:25:15.301+0700] {logging_mixin.py:149} INFO - [2023-06-22T15:25:15.301+0700] {dagbag.py:541} INFO - Filling up the DagBag from /Users/macbook/Documents/Documents_MacBook_Pro/ISTT/AirflowTutorial/envlibs/lib/python3.10/site-packages/airflow/example_dags/tutorial_taskflow_api.py
[2023-06-22T15:25:15.358+0700] {processor.py:836} INFO - DAG(s) dict_keys(['tutorial_taskflow_api']) retrieved from /Users/macbook/Documents/Documents_MacBook_Pro/ISTT/AirflowTutorial/envlibs/lib/python3.10/site-packages/airflow/example_dags/tutorial_taskflow_api.py
[2023-06-22T15:25:16.274+0700] {logging_mixin.py:149} INFO - [2023-06-22T15:25:16.274+0700] {dag.py:2726} INFO - Sync 1 DAGs
[2023-06-22T15:25:16.294+0700] {logging_mixin.py:149} INFO - [2023-06-22T15:25:16.294+0700] {dag.py:3486} INFO - Setting next_dagrun for tutorial_taskflow_api to None, run_after=None
[2023-06-22T15:25:16.323+0700] {processor.py:179} INFO - Processing /Users/macbook/Documents/Documents_MacBook_Pro/ISTT/AirflowTutorial/envlibs/lib/python3.10/site-packages/airflow/example_dags/tutorial_taskflow_api.py took 1.026 seconds
[2023-06-22T15:27:27.402+0700] {processor.py:157} INFO - Started process (PID=13943) to work on /Users/macbook/Documents/Documents_MacBook_Pro/ISTT/AirflowTutorial/envlibs/lib/python3.10/site-packages/airflow/example_dags/tutorial_taskflow_api.py
[2023-06-22T15:27:27.403+0700] {processor.py:826} INFO - Processing file /Users/macbook/Documents/Documents_MacBook_Pro/ISTT/AirflowTutorial/envlibs/lib/python3.10/site-packages/airflow/example_dags/tutorial_taskflow_api.py for tasks to queue
[2023-06-22T15:27:27.404+0700] {logging_mixin.py:149} INFO - [2023-06-22T15:27:27.404+0700] {dagbag.py:541} INFO - Filling up the DagBag from /Users/macbook/Documents/Documents_MacBook_Pro/ISTT/AirflowTutorial/envlibs/lib/python3.10/site-packages/airflow/example_dags/tutorial_taskflow_api.py
[2023-06-22T15:27:27.463+0700] {processor.py:836} INFO - DAG(s) dict_keys(['tutorial_taskflow_api']) retrieved from /Users/macbook/Documents/Documents_MacBook_Pro/ISTT/AirflowTutorial/envlibs/lib/python3.10/site-packages/airflow/example_dags/tutorial_taskflow_api.py
[2023-06-22T15:27:28.204+0700] {logging_mixin.py:149} INFO - [2023-06-22T15:27:28.204+0700] {dag.py:2726} INFO - Sync 1 DAGs
[2023-06-22T15:27:28.218+0700] {logging_mixin.py:149} INFO - [2023-06-22T15:27:28.218+0700] {dag.py:3486} INFO - Setting next_dagrun for tutorial_taskflow_api to None, run_after=None
[2023-06-22T15:27:28.236+0700] {processor.py:179} INFO - Processing /Users/macbook/Documents/Documents_MacBook_Pro/ISTT/AirflowTutorial/envlibs/lib/python3.10/site-packages/airflow/example_dags/tutorial_taskflow_api.py took 0.836 seconds
[2023-06-22T15:29:33.962+0700] {processor.py:157} INFO - Started process (PID=13996) to work on /Users/macbook/Documents/Documents_MacBook_Pro/ISTT/AirflowTutorial/envlibs/lib/python3.10/site-packages/airflow/example_dags/tutorial_taskflow_api.py
[2023-06-22T15:29:33.966+0700] {processor.py:826} INFO - Processing file /Users/macbook/Documents/Documents_MacBook_Pro/ISTT/AirflowTutorial/envlibs/lib/python3.10/site-packages/airflow/example_dags/tutorial_taskflow_api.py for tasks to queue
[2023-06-22T15:29:33.967+0700] {logging_mixin.py:149} INFO - [2023-06-22T15:29:33.967+0700] {dagbag.py:541} INFO - Filling up the DagBag from /Users/macbook/Documents/Documents_MacBook_Pro/ISTT/AirflowTutorial/envlibs/lib/python3.10/site-packages/airflow/example_dags/tutorial_taskflow_api.py
[2023-06-22T15:29:34.042+0700] {processor.py:836} INFO - DAG(s) dict_keys(['tutorial_taskflow_api']) retrieved from /Users/macbook/Documents/Documents_MacBook_Pro/ISTT/AirflowTutorial/envlibs/lib/python3.10/site-packages/airflow/example_dags/tutorial_taskflow_api.py
[2023-06-22T15:29:35.189+0700] {logging_mixin.py:149} INFO - [2023-06-22T15:29:35.188+0700] {dag.py:2726} INFO - Sync 1 DAGs
[2023-06-22T15:29:35.212+0700] {logging_mixin.py:149} INFO - [2023-06-22T15:29:35.212+0700] {dag.py:3486} INFO - Setting next_dagrun for tutorial_taskflow_api to None, run_after=None
[2023-06-22T15:29:35.236+0700] {processor.py:179} INFO - Processing /Users/macbook/Documents/Documents_MacBook_Pro/ISTT/AirflowTutorial/envlibs/lib/python3.10/site-packages/airflow/example_dags/tutorial_taskflow_api.py took 1.274 seconds
[2023-06-22T15:31:40.520+0700] {processor.py:157} INFO - Started process (PID=14061) to work on /Users/macbook/Documents/Documents_MacBook_Pro/ISTT/AirflowTutorial/envlibs/lib/python3.10/site-packages/airflow/example_dags/tutorial_taskflow_api.py
[2023-06-22T15:31:40.521+0700] {processor.py:826} INFO - Processing file /Users/macbook/Documents/Documents_MacBook_Pro/ISTT/AirflowTutorial/envlibs/lib/python3.10/site-packages/airflow/example_dags/tutorial_taskflow_api.py for tasks to queue
[2023-06-22T15:31:40.522+0700] {logging_mixin.py:149} INFO - [2023-06-22T15:31:40.522+0700] {dagbag.py:541} INFO - Filling up the DagBag from /Users/macbook/Documents/Documents_MacBook_Pro/ISTT/AirflowTutorial/envlibs/lib/python3.10/site-packages/airflow/example_dags/tutorial_taskflow_api.py
[2023-06-22T15:31:40.579+0700] {processor.py:836} INFO - DAG(s) dict_keys(['tutorial_taskflow_api']) retrieved from /Users/macbook/Documents/Documents_MacBook_Pro/ISTT/AirflowTutorial/envlibs/lib/python3.10/site-packages/airflow/example_dags/tutorial_taskflow_api.py
[2023-06-22T15:31:41.356+0700] {logging_mixin.py:149} INFO - [2023-06-22T15:31:41.356+0700] {dag.py:2726} INFO - Sync 1 DAGs
[2023-06-22T15:31:41.373+0700] {logging_mixin.py:149} INFO - [2023-06-22T15:31:41.372+0700] {dag.py:3486} INFO - Setting next_dagrun for tutorial_taskflow_api to None, run_after=None
[2023-06-22T15:31:41.391+0700] {processor.py:179} INFO - Processing /Users/macbook/Documents/Documents_MacBook_Pro/ISTT/AirflowTutorial/envlibs/lib/python3.10/site-packages/airflow/example_dags/tutorial_taskflow_api.py took 0.872 seconds
[2023-06-22T15:33:44.153+0700] {processor.py:157} INFO - Started process (PID=14120) to work on /Users/macbook/Documents/Documents_MacBook_Pro/ISTT/AirflowTutorial/envlibs/lib/python3.10/site-packages/airflow/example_dags/tutorial_taskflow_api.py
[2023-06-22T15:33:44.155+0700] {processor.py:826} INFO - Processing file /Users/macbook/Documents/Documents_MacBook_Pro/ISTT/AirflowTutorial/envlibs/lib/python3.10/site-packages/airflow/example_dags/tutorial_taskflow_api.py for tasks to queue
[2023-06-22T15:33:44.155+0700] {logging_mixin.py:149} INFO - [2023-06-22T15:33:44.155+0700] {dagbag.py:541} INFO - Filling up the DagBag from /Users/macbook/Documents/Documents_MacBook_Pro/ISTT/AirflowTutorial/envlibs/lib/python3.10/site-packages/airflow/example_dags/tutorial_taskflow_api.py
[2023-06-22T15:33:44.219+0700] {processor.py:836} INFO - DAG(s) dict_keys(['tutorial_taskflow_api']) retrieved from /Users/macbook/Documents/Documents_MacBook_Pro/ISTT/AirflowTutorial/envlibs/lib/python3.10/site-packages/airflow/example_dags/tutorial_taskflow_api.py
[2023-06-22T15:33:45.009+0700] {logging_mixin.py:149} INFO - [2023-06-22T15:33:45.008+0700] {dag.py:2726} INFO - Sync 1 DAGs
[2023-06-22T15:33:45.024+0700] {logging_mixin.py:149} INFO - [2023-06-22T15:33:45.024+0700] {dag.py:3486} INFO - Setting next_dagrun for tutorial_taskflow_api to None, run_after=None
[2023-06-22T15:33:45.042+0700] {processor.py:179} INFO - Processing /Users/macbook/Documents/Documents_MacBook_Pro/ISTT/AirflowTutorial/envlibs/lib/python3.10/site-packages/airflow/example_dags/tutorial_taskflow_api.py took 0.889 seconds
[2023-06-22T15:35:49.009+0700] {processor.py:157} INFO - Started process (PID=14178) to work on /Users/macbook/Documents/Documents_MacBook_Pro/ISTT/AirflowTutorial/envlibs/lib/python3.10/site-packages/airflow/example_dags/tutorial_taskflow_api.py
[2023-06-22T15:35:49.012+0700] {processor.py:826} INFO - Processing file /Users/macbook/Documents/Documents_MacBook_Pro/ISTT/AirflowTutorial/envlibs/lib/python3.10/site-packages/airflow/example_dags/tutorial_taskflow_api.py for tasks to queue
[2023-06-22T15:35:49.013+0700] {logging_mixin.py:149} INFO - [2023-06-22T15:35:49.013+0700] {dagbag.py:541} INFO - Filling up the DagBag from /Users/macbook/Documents/Documents_MacBook_Pro/ISTT/AirflowTutorial/envlibs/lib/python3.10/site-packages/airflow/example_dags/tutorial_taskflow_api.py
[2023-06-22T15:35:49.080+0700] {processor.py:836} INFO - DAG(s) dict_keys(['tutorial_taskflow_api']) retrieved from /Users/macbook/Documents/Documents_MacBook_Pro/ISTT/AirflowTutorial/envlibs/lib/python3.10/site-packages/airflow/example_dags/tutorial_taskflow_api.py
[2023-06-22T15:35:49.893+0700] {logging_mixin.py:149} INFO - [2023-06-22T15:35:49.893+0700] {dag.py:2726} INFO - Sync 1 DAGs
[2023-06-22T15:35:49.910+0700] {logging_mixin.py:149} INFO - [2023-06-22T15:35:49.909+0700] {dag.py:3486} INFO - Setting next_dagrun for tutorial_taskflow_api to None, run_after=None
[2023-06-22T15:35:49.927+0700] {processor.py:179} INFO - Processing /Users/macbook/Documents/Documents_MacBook_Pro/ISTT/AirflowTutorial/envlibs/lib/python3.10/site-packages/airflow/example_dags/tutorial_taskflow_api.py took 0.920 seconds
[2023-06-22T15:37:59.054+0700] {processor.py:157} INFO - Started process (PID=14247) to work on /Users/macbook/Documents/Documents_MacBook_Pro/ISTT/AirflowTutorial/envlibs/lib/python3.10/site-packages/airflow/example_dags/tutorial_taskflow_api.py
[2023-06-22T15:37:59.056+0700] {processor.py:826} INFO - Processing file /Users/macbook/Documents/Documents_MacBook_Pro/ISTT/AirflowTutorial/envlibs/lib/python3.10/site-packages/airflow/example_dags/tutorial_taskflow_api.py for tasks to queue
[2023-06-22T15:37:59.057+0700] {logging_mixin.py:149} INFO - [2023-06-22T15:37:59.056+0700] {dagbag.py:541} INFO - Filling up the DagBag from /Users/macbook/Documents/Documents_MacBook_Pro/ISTT/AirflowTutorial/envlibs/lib/python3.10/site-packages/airflow/example_dags/tutorial_taskflow_api.py
[2023-06-22T15:37:59.123+0700] {processor.py:836} INFO - DAG(s) dict_keys(['tutorial_taskflow_api']) retrieved from /Users/macbook/Documents/Documents_MacBook_Pro/ISTT/AirflowTutorial/envlibs/lib/python3.10/site-packages/airflow/example_dags/tutorial_taskflow_api.py
[2023-06-22T15:38:00.083+0700] {logging_mixin.py:149} INFO - [2023-06-22T15:38:00.083+0700] {dag.py:2726} INFO - Sync 1 DAGs
[2023-06-22T15:38:00.104+0700] {logging_mixin.py:149} INFO - [2023-06-22T15:38:00.104+0700] {dag.py:3486} INFO - Setting next_dagrun for tutorial_taskflow_api to None, run_after=None
[2023-06-22T15:38:00.130+0700] {processor.py:179} INFO - Processing /Users/macbook/Documents/Documents_MacBook_Pro/ISTT/AirflowTutorial/envlibs/lib/python3.10/site-packages/airflow/example_dags/tutorial_taskflow_api.py took 1.077 seconds
[2023-06-22T15:40:10.474+0700] {processor.py:157} INFO - Started process (PID=14317) to work on /Users/macbook/Documents/Documents_MacBook_Pro/ISTT/AirflowTutorial/envlibs/lib/python3.10/site-packages/airflow/example_dags/tutorial_taskflow_api.py
[2023-06-22T15:40:10.475+0700] {processor.py:826} INFO - Processing file /Users/macbook/Documents/Documents_MacBook_Pro/ISTT/AirflowTutorial/envlibs/lib/python3.10/site-packages/airflow/example_dags/tutorial_taskflow_api.py for tasks to queue
[2023-06-22T15:40:10.476+0700] {logging_mixin.py:149} INFO - [2023-06-22T15:40:10.475+0700] {dagbag.py:541} INFO - Filling up the DagBag from /Users/macbook/Documents/Documents_MacBook_Pro/ISTT/AirflowTutorial/envlibs/lib/python3.10/site-packages/airflow/example_dags/tutorial_taskflow_api.py
[2023-06-22T15:40:10.531+0700] {processor.py:836} INFO - DAG(s) dict_keys(['tutorial_taskflow_api']) retrieved from /Users/macbook/Documents/Documents_MacBook_Pro/ISTT/AirflowTutorial/envlibs/lib/python3.10/site-packages/airflow/example_dags/tutorial_taskflow_api.py
[2023-06-22T15:40:11.279+0700] {logging_mixin.py:149} INFO - [2023-06-22T15:40:11.279+0700] {dag.py:2726} INFO - Sync 1 DAGs
[2023-06-22T15:40:11.295+0700] {logging_mixin.py:149} INFO - [2023-06-22T15:40:11.295+0700] {dag.py:3486} INFO - Setting next_dagrun for tutorial_taskflow_api to None, run_after=None
[2023-06-22T15:40:11.312+0700] {processor.py:179} INFO - Processing /Users/macbook/Documents/Documents_MacBook_Pro/ISTT/AirflowTutorial/envlibs/lib/python3.10/site-packages/airflow/example_dags/tutorial_taskflow_api.py took 0.839 seconds
[2023-06-22T15:42:18.879+0700] {processor.py:157} INFO - Started process (PID=14379) to work on /Users/macbook/Documents/Documents_MacBook_Pro/ISTT/AirflowTutorial/envlibs/lib/python3.10/site-packages/airflow/example_dags/tutorial_taskflow_api.py
[2023-06-22T15:42:18.880+0700] {processor.py:826} INFO - Processing file /Users/macbook/Documents/Documents_MacBook_Pro/ISTT/AirflowTutorial/envlibs/lib/python3.10/site-packages/airflow/example_dags/tutorial_taskflow_api.py for tasks to queue
[2023-06-22T15:42:18.881+0700] {logging_mixin.py:149} INFO - [2023-06-22T15:42:18.881+0700] {dagbag.py:541} INFO - Filling up the DagBag from /Users/macbook/Documents/Documents_MacBook_Pro/ISTT/AirflowTutorial/envlibs/lib/python3.10/site-packages/airflow/example_dags/tutorial_taskflow_api.py
[2023-06-22T15:42:18.944+0700] {processor.py:836} INFO - DAG(s) dict_keys(['tutorial_taskflow_api']) retrieved from /Users/macbook/Documents/Documents_MacBook_Pro/ISTT/AirflowTutorial/envlibs/lib/python3.10/site-packages/airflow/example_dags/tutorial_taskflow_api.py
[2023-06-22T15:42:19.877+0700] {logging_mixin.py:149} INFO - [2023-06-22T15:42:19.877+0700] {dag.py:2726} INFO - Sync 1 DAGs
[2023-06-22T15:42:19.894+0700] {logging_mixin.py:149} INFO - [2023-06-22T15:42:19.894+0700] {dag.py:3486} INFO - Setting next_dagrun for tutorial_taskflow_api to None, run_after=None
[2023-06-22T15:42:19.916+0700] {processor.py:179} INFO - Processing /Users/macbook/Documents/Documents_MacBook_Pro/ISTT/AirflowTutorial/envlibs/lib/python3.10/site-packages/airflow/example_dags/tutorial_taskflow_api.py took 1.038 seconds
[2023-06-22T15:44:28.988+0700] {processor.py:157} INFO - Started process (PID=14454) to work on /Users/macbook/Documents/Documents_MacBook_Pro/ISTT/AirflowTutorial/envlibs/lib/python3.10/site-packages/airflow/example_dags/tutorial_taskflow_api.py
[2023-06-22T15:44:28.989+0700] {processor.py:826} INFO - Processing file /Users/macbook/Documents/Documents_MacBook_Pro/ISTT/AirflowTutorial/envlibs/lib/python3.10/site-packages/airflow/example_dags/tutorial_taskflow_api.py for tasks to queue
[2023-06-22T15:44:28.990+0700] {logging_mixin.py:149} INFO - [2023-06-22T15:44:28.990+0700] {dagbag.py:541} INFO - Filling up the DagBag from /Users/macbook/Documents/Documents_MacBook_Pro/ISTT/AirflowTutorial/envlibs/lib/python3.10/site-packages/airflow/example_dags/tutorial_taskflow_api.py
[2023-06-22T15:44:29.047+0700] {processor.py:836} INFO - DAG(s) dict_keys(['tutorial_taskflow_api']) retrieved from /Users/macbook/Documents/Documents_MacBook_Pro/ISTT/AirflowTutorial/envlibs/lib/python3.10/site-packages/airflow/example_dags/tutorial_taskflow_api.py
[2023-06-22T15:44:29.899+0700] {logging_mixin.py:149} INFO - [2023-06-22T15:44:29.899+0700] {dag.py:2726} INFO - Sync 1 DAGs
[2023-06-22T15:44:29.916+0700] {logging_mixin.py:149} INFO - [2023-06-22T15:44:29.916+0700] {dag.py:3486} INFO - Setting next_dagrun for tutorial_taskflow_api to None, run_after=None
[2023-06-22T15:44:29.934+0700] {processor.py:179} INFO - Processing /Users/macbook/Documents/Documents_MacBook_Pro/ISTT/AirflowTutorial/envlibs/lib/python3.10/site-packages/airflow/example_dags/tutorial_taskflow_api.py took 0.948 seconds
[2023-06-22T15:46:40.506+0700] {processor.py:157} INFO - Started process (PID=14525) to work on /Users/macbook/Documents/Documents_MacBook_Pro/ISTT/AirflowTutorial/envlibs/lib/python3.10/site-packages/airflow/example_dags/tutorial_taskflow_api.py
[2023-06-22T15:46:40.508+0700] {processor.py:826} INFO - Processing file /Users/macbook/Documents/Documents_MacBook_Pro/ISTT/AirflowTutorial/envlibs/lib/python3.10/site-packages/airflow/example_dags/tutorial_taskflow_api.py for tasks to queue
[2023-06-22T15:46:40.509+0700] {logging_mixin.py:149} INFO - [2023-06-22T15:46:40.509+0700] {dagbag.py:541} INFO - Filling up the DagBag from /Users/macbook/Documents/Documents_MacBook_Pro/ISTT/AirflowTutorial/envlibs/lib/python3.10/site-packages/airflow/example_dags/tutorial_taskflow_api.py
[2023-06-22T15:46:40.572+0700] {processor.py:836} INFO - DAG(s) dict_keys(['tutorial_taskflow_api']) retrieved from /Users/macbook/Documents/Documents_MacBook_Pro/ISTT/AirflowTutorial/envlibs/lib/python3.10/site-packages/airflow/example_dags/tutorial_taskflow_api.py
[2023-06-22T15:46:41.427+0700] {logging_mixin.py:149} INFO - [2023-06-22T15:46:41.427+0700] {dag.py:2726} INFO - Sync 1 DAGs
[2023-06-22T15:46:41.444+0700] {logging_mixin.py:149} INFO - [2023-06-22T15:46:41.444+0700] {dag.py:3486} INFO - Setting next_dagrun for tutorial_taskflow_api to None, run_after=None
[2023-06-22T15:46:41.464+0700] {processor.py:179} INFO - Processing /Users/macbook/Documents/Documents_MacBook_Pro/ISTT/AirflowTutorial/envlibs/lib/python3.10/site-packages/airflow/example_dags/tutorial_taskflow_api.py took 0.958 seconds
[2023-06-22T15:48:56.919+0700] {processor.py:157} INFO - Started process (PID=14627) to work on /Users/macbook/Documents/Documents_MacBook_Pro/ISTT/AirflowTutorial/envlibs/lib/python3.10/site-packages/airflow/example_dags/tutorial_taskflow_api.py
[2023-06-22T15:48:56.922+0700] {processor.py:826} INFO - Processing file /Users/macbook/Documents/Documents_MacBook_Pro/ISTT/AirflowTutorial/envlibs/lib/python3.10/site-packages/airflow/example_dags/tutorial_taskflow_api.py for tasks to queue
[2023-06-22T15:48:56.923+0700] {logging_mixin.py:149} INFO - [2023-06-22T15:48:56.923+0700] {dagbag.py:541} INFO - Filling up the DagBag from /Users/macbook/Documents/Documents_MacBook_Pro/ISTT/AirflowTutorial/envlibs/lib/python3.10/site-packages/airflow/example_dags/tutorial_taskflow_api.py
[2023-06-22T15:48:56.978+0700] {processor.py:836} INFO - DAG(s) dict_keys(['tutorial_taskflow_api']) retrieved from /Users/macbook/Documents/Documents_MacBook_Pro/ISTT/AirflowTutorial/envlibs/lib/python3.10/site-packages/airflow/example_dags/tutorial_taskflow_api.py
[2023-06-22T15:48:57.926+0700] {logging_mixin.py:149} INFO - [2023-06-22T15:48:57.926+0700] {dag.py:2726} INFO - Sync 1 DAGs
[2023-06-22T15:48:57.950+0700] {logging_mixin.py:149} INFO - [2023-06-22T15:48:57.950+0700] {dag.py:3486} INFO - Setting next_dagrun for tutorial_taskflow_api to None, run_after=None
[2023-06-22T15:48:57.981+0700] {processor.py:179} INFO - Processing /Users/macbook/Documents/Documents_MacBook_Pro/ISTT/AirflowTutorial/envlibs/lib/python3.10/site-packages/airflow/example_dags/tutorial_taskflow_api.py took 1.063 seconds
[2023-06-22T15:51:09.214+0700] {processor.py:157} INFO - Started process (PID=14681) to work on /Users/macbook/Documents/Documents_MacBook_Pro/ISTT/AirflowTutorial/envlibs/lib/python3.10/site-packages/airflow/example_dags/tutorial_taskflow_api.py
[2023-06-22T15:51:09.216+0700] {processor.py:826} INFO - Processing file /Users/macbook/Documents/Documents_MacBook_Pro/ISTT/AirflowTutorial/envlibs/lib/python3.10/site-packages/airflow/example_dags/tutorial_taskflow_api.py for tasks to queue
[2023-06-22T15:51:09.216+0700] {logging_mixin.py:149} INFO - [2023-06-22T15:51:09.216+0700] {dagbag.py:541} INFO - Filling up the DagBag from /Users/macbook/Documents/Documents_MacBook_Pro/ISTT/AirflowTutorial/envlibs/lib/python3.10/site-packages/airflow/example_dags/tutorial_taskflow_api.py
[2023-06-22T15:51:09.268+0700] {processor.py:836} INFO - DAG(s) dict_keys(['tutorial_taskflow_api']) retrieved from /Users/macbook/Documents/Documents_MacBook_Pro/ISTT/AirflowTutorial/envlibs/lib/python3.10/site-packages/airflow/example_dags/tutorial_taskflow_api.py
[2023-06-22T15:51:10.080+0700] {logging_mixin.py:149} INFO - [2023-06-22T15:51:10.080+0700] {dag.py:2726} INFO - Sync 1 DAGs
[2023-06-22T15:51:10.097+0700] {logging_mixin.py:149} INFO - [2023-06-22T15:51:10.096+0700] {dag.py:3486} INFO - Setting next_dagrun for tutorial_taskflow_api to None, run_after=None
[2023-06-22T15:51:10.115+0700] {processor.py:179} INFO - Processing /Users/macbook/Documents/Documents_MacBook_Pro/ISTT/AirflowTutorial/envlibs/lib/python3.10/site-packages/airflow/example_dags/tutorial_taskflow_api.py took 0.902 seconds
[2023-06-22T15:53:29.803+0700] {processor.py:157} INFO - Started process (PID=14774) to work on /Users/macbook/Documents/Documents_MacBook_Pro/ISTT/AirflowTutorial/envlibs/lib/python3.10/site-packages/airflow/example_dags/tutorial_taskflow_api.py
[2023-06-22T15:53:29.804+0700] {processor.py:826} INFO - Processing file /Users/macbook/Documents/Documents_MacBook_Pro/ISTT/AirflowTutorial/envlibs/lib/python3.10/site-packages/airflow/example_dags/tutorial_taskflow_api.py for tasks to queue
[2023-06-22T15:53:29.805+0700] {logging_mixin.py:149} INFO - [2023-06-22T15:53:29.805+0700] {dagbag.py:541} INFO - Filling up the DagBag from /Users/macbook/Documents/Documents_MacBook_Pro/ISTT/AirflowTutorial/envlibs/lib/python3.10/site-packages/airflow/example_dags/tutorial_taskflow_api.py
[2023-06-22T15:53:29.849+0700] {processor.py:836} INFO - DAG(s) dict_keys(['tutorial_taskflow_api']) retrieved from /Users/macbook/Documents/Documents_MacBook_Pro/ISTT/AirflowTutorial/envlibs/lib/python3.10/site-packages/airflow/example_dags/tutorial_taskflow_api.py
[2023-06-22T15:53:30.507+0700] {logging_mixin.py:149} INFO - [2023-06-22T15:53:30.507+0700] {dag.py:2726} INFO - Sync 1 DAGs
[2023-06-22T15:53:30.522+0700] {logging_mixin.py:149} INFO - [2023-06-22T15:53:30.522+0700] {dag.py:3486} INFO - Setting next_dagrun for tutorial_taskflow_api to None, run_after=None
[2023-06-22T15:53:30.539+0700] {processor.py:179} INFO - Processing /Users/macbook/Documents/Documents_MacBook_Pro/ISTT/AirflowTutorial/envlibs/lib/python3.10/site-packages/airflow/example_dags/tutorial_taskflow_api.py took 0.737 seconds
[2023-06-22T15:55:43.390+0700] {processor.py:157} INFO - Started process (PID=14860) to work on /Users/macbook/Documents/Documents_MacBook_Pro/ISTT/AirflowTutorial/envlibs/lib/python3.10/site-packages/airflow/example_dags/tutorial_taskflow_api.py
[2023-06-22T15:55:43.391+0700] {processor.py:826} INFO - Processing file /Users/macbook/Documents/Documents_MacBook_Pro/ISTT/AirflowTutorial/envlibs/lib/python3.10/site-packages/airflow/example_dags/tutorial_taskflow_api.py for tasks to queue
[2023-06-22T15:55:43.392+0700] {logging_mixin.py:149} INFO - [2023-06-22T15:55:43.392+0700] {dagbag.py:541} INFO - Filling up the DagBag from /Users/macbook/Documents/Documents_MacBook_Pro/ISTT/AirflowTutorial/envlibs/lib/python3.10/site-packages/airflow/example_dags/tutorial_taskflow_api.py
[2023-06-22T15:55:43.452+0700] {processor.py:836} INFO - DAG(s) dict_keys(['tutorial_taskflow_api']) retrieved from /Users/macbook/Documents/Documents_MacBook_Pro/ISTT/AirflowTutorial/envlibs/lib/python3.10/site-packages/airflow/example_dags/tutorial_taskflow_api.py
[2023-06-22T15:55:44.244+0700] {logging_mixin.py:149} INFO - [2023-06-22T15:55:44.243+0700] {dag.py:2726} INFO - Sync 1 DAGs
[2023-06-22T15:55:44.261+0700] {logging_mixin.py:149} INFO - [2023-06-22T15:55:44.261+0700] {dag.py:3486} INFO - Setting next_dagrun for tutorial_taskflow_api to None, run_after=None
[2023-06-22T15:55:44.280+0700] {processor.py:179} INFO - Processing /Users/macbook/Documents/Documents_MacBook_Pro/ISTT/AirflowTutorial/envlibs/lib/python3.10/site-packages/airflow/example_dags/tutorial_taskflow_api.py took 0.891 seconds
[2023-06-22T15:58:02.205+0700] {processor.py:157} INFO - Started process (PID=14932) to work on /Users/macbook/Documents/Documents_MacBook_Pro/ISTT/AirflowTutorial/envlibs/lib/python3.10/site-packages/airflow/example_dags/tutorial_taskflow_api.py
[2023-06-22T15:58:02.207+0700] {processor.py:826} INFO - Processing file /Users/macbook/Documents/Documents_MacBook_Pro/ISTT/AirflowTutorial/envlibs/lib/python3.10/site-packages/airflow/example_dags/tutorial_taskflow_api.py for tasks to queue
[2023-06-22T15:58:02.207+0700] {logging_mixin.py:149} INFO - [2023-06-22T15:58:02.207+0700] {dagbag.py:541} INFO - Filling up the DagBag from /Users/macbook/Documents/Documents_MacBook_Pro/ISTT/AirflowTutorial/envlibs/lib/python3.10/site-packages/airflow/example_dags/tutorial_taskflow_api.py
[2023-06-22T15:58:02.259+0700] {processor.py:836} INFO - DAG(s) dict_keys(['tutorial_taskflow_api']) retrieved from /Users/macbook/Documents/Documents_MacBook_Pro/ISTT/AirflowTutorial/envlibs/lib/python3.10/site-packages/airflow/example_dags/tutorial_taskflow_api.py
[2023-06-22T15:58:03.028+0700] {logging_mixin.py:149} INFO - [2023-06-22T15:58:03.028+0700] {dag.py:2726} INFO - Sync 1 DAGs
[2023-06-22T15:58:03.045+0700] {logging_mixin.py:149} INFO - [2023-06-22T15:58:03.044+0700] {dag.py:3486} INFO - Setting next_dagrun for tutorial_taskflow_api to None, run_after=None
[2023-06-22T15:58:03.062+0700] {processor.py:179} INFO - Processing /Users/macbook/Documents/Documents_MacBook_Pro/ISTT/AirflowTutorial/envlibs/lib/python3.10/site-packages/airflow/example_dags/tutorial_taskflow_api.py took 0.858 seconds
[2023-06-22T16:00:15.119+0700] {processor.py:157} INFO - Started process (PID=14986) to work on /Users/macbook/Documents/Documents_MacBook_Pro/ISTT/AirflowTutorial/envlibs/lib/python3.10/site-packages/airflow/example_dags/tutorial_taskflow_api.py
[2023-06-22T16:00:15.120+0700] {processor.py:826} INFO - Processing file /Users/macbook/Documents/Documents_MacBook_Pro/ISTT/AirflowTutorial/envlibs/lib/python3.10/site-packages/airflow/example_dags/tutorial_taskflow_api.py for tasks to queue
[2023-06-22T16:00:15.121+0700] {logging_mixin.py:149} INFO - [2023-06-22T16:00:15.121+0700] {dagbag.py:541} INFO - Filling up the DagBag from /Users/macbook/Documents/Documents_MacBook_Pro/ISTT/AirflowTutorial/envlibs/lib/python3.10/site-packages/airflow/example_dags/tutorial_taskflow_api.py
[2023-06-22T16:00:15.184+0700] {processor.py:836} INFO - DAG(s) dict_keys(['tutorial_taskflow_api']) retrieved from /Users/macbook/Documents/Documents_MacBook_Pro/ISTT/AirflowTutorial/envlibs/lib/python3.10/site-packages/airflow/example_dags/tutorial_taskflow_api.py
[2023-06-22T16:00:16.123+0700] {logging_mixin.py:149} INFO - [2023-06-22T16:00:16.123+0700] {dag.py:2726} INFO - Sync 1 DAGs
[2023-06-22T16:00:16.142+0700] {logging_mixin.py:149} INFO - [2023-06-22T16:00:16.141+0700] {dag.py:3486} INFO - Setting next_dagrun for tutorial_taskflow_api to None, run_after=None
[2023-06-22T16:00:16.162+0700] {processor.py:179} INFO - Processing /Users/macbook/Documents/Documents_MacBook_Pro/ISTT/AirflowTutorial/envlibs/lib/python3.10/site-packages/airflow/example_dags/tutorial_taskflow_api.py took 1.044 seconds
[2023-06-22T16:02:30.347+0700] {processor.py:157} INFO - Started process (PID=15047) to work on /Users/macbook/Documents/Documents_MacBook_Pro/ISTT/AirflowTutorial/envlibs/lib/python3.10/site-packages/airflow/example_dags/tutorial_taskflow_api.py
[2023-06-22T16:02:30.349+0700] {processor.py:826} INFO - Processing file /Users/macbook/Documents/Documents_MacBook_Pro/ISTT/AirflowTutorial/envlibs/lib/python3.10/site-packages/airflow/example_dags/tutorial_taskflow_api.py for tasks to queue
[2023-06-22T16:02:30.350+0700] {logging_mixin.py:149} INFO - [2023-06-22T16:02:30.349+0700] {dagbag.py:541} INFO - Filling up the DagBag from /Users/macbook/Documents/Documents_MacBook_Pro/ISTT/AirflowTutorial/envlibs/lib/python3.10/site-packages/airflow/example_dags/tutorial_taskflow_api.py
[2023-06-22T16:02:30.415+0700] {processor.py:836} INFO - DAG(s) dict_keys(['tutorial_taskflow_api']) retrieved from /Users/macbook/Documents/Documents_MacBook_Pro/ISTT/AirflowTutorial/envlibs/lib/python3.10/site-packages/airflow/example_dags/tutorial_taskflow_api.py
[2023-06-22T16:02:31.209+0700] {logging_mixin.py:149} INFO - [2023-06-22T16:02:31.208+0700] {dag.py:2726} INFO - Sync 1 DAGs
[2023-06-22T16:02:31.226+0700] {logging_mixin.py:149} INFO - [2023-06-22T16:02:31.226+0700] {dag.py:3486} INFO - Setting next_dagrun for tutorial_taskflow_api to None, run_after=None
[2023-06-22T16:02:31.245+0700] {processor.py:179} INFO - Processing /Users/macbook/Documents/Documents_MacBook_Pro/ISTT/AirflowTutorial/envlibs/lib/python3.10/site-packages/airflow/example_dags/tutorial_taskflow_api.py took 0.899 seconds
[2023-06-22T16:04:41.886+0700] {processor.py:157} INFO - Started process (PID=15108) to work on /Users/macbook/Documents/Documents_MacBook_Pro/ISTT/AirflowTutorial/envlibs/lib/python3.10/site-packages/airflow/example_dags/tutorial_taskflow_api.py
[2023-06-22T16:04:41.887+0700] {processor.py:826} INFO - Processing file /Users/macbook/Documents/Documents_MacBook_Pro/ISTT/AirflowTutorial/envlibs/lib/python3.10/site-packages/airflow/example_dags/tutorial_taskflow_api.py for tasks to queue
[2023-06-22T16:04:41.888+0700] {logging_mixin.py:149} INFO - [2023-06-22T16:04:41.888+0700] {dagbag.py:541} INFO - Filling up the DagBag from /Users/macbook/Documents/Documents_MacBook_Pro/ISTT/AirflowTutorial/envlibs/lib/python3.10/site-packages/airflow/example_dags/tutorial_taskflow_api.py
[2023-06-22T16:04:41.938+0700] {processor.py:836} INFO - DAG(s) dict_keys(['tutorial_taskflow_api']) retrieved from /Users/macbook/Documents/Documents_MacBook_Pro/ISTT/AirflowTutorial/envlibs/lib/python3.10/site-packages/airflow/example_dags/tutorial_taskflow_api.py
[2023-06-22T16:04:42.757+0700] {logging_mixin.py:149} INFO - [2023-06-22T16:04:42.757+0700] {dag.py:2726} INFO - Sync 1 DAGs
[2023-06-22T16:04:42.776+0700] {logging_mixin.py:149} INFO - [2023-06-22T16:04:42.776+0700] {dag.py:3486} INFO - Setting next_dagrun for tutorial_taskflow_api to None, run_after=None
[2023-06-22T16:04:42.796+0700] {processor.py:179} INFO - Processing /Users/macbook/Documents/Documents_MacBook_Pro/ISTT/AirflowTutorial/envlibs/lib/python3.10/site-packages/airflow/example_dags/tutorial_taskflow_api.py took 0.911 seconds
[2023-06-22T16:06:49.274+0700] {processor.py:157} INFO - Started process (PID=15171) to work on /Users/macbook/Documents/Documents_MacBook_Pro/ISTT/AirflowTutorial/envlibs/lib/python3.10/site-packages/airflow/example_dags/tutorial_taskflow_api.py
[2023-06-22T16:06:49.275+0700] {processor.py:826} INFO - Processing file /Users/macbook/Documents/Documents_MacBook_Pro/ISTT/AirflowTutorial/envlibs/lib/python3.10/site-packages/airflow/example_dags/tutorial_taskflow_api.py for tasks to queue
[2023-06-22T16:06:49.276+0700] {logging_mixin.py:149} INFO - [2023-06-22T16:06:49.276+0700] {dagbag.py:541} INFO - Filling up the DagBag from /Users/macbook/Documents/Documents_MacBook_Pro/ISTT/AirflowTutorial/envlibs/lib/python3.10/site-packages/airflow/example_dags/tutorial_taskflow_api.py
[2023-06-22T16:06:49.332+0700] {processor.py:836} INFO - DAG(s) dict_keys(['tutorial_taskflow_api']) retrieved from /Users/macbook/Documents/Documents_MacBook_Pro/ISTT/AirflowTutorial/envlibs/lib/python3.10/site-packages/airflow/example_dags/tutorial_taskflow_api.py
[2023-06-22T16:06:50.301+0700] {logging_mixin.py:149} INFO - [2023-06-22T16:06:50.301+0700] {dag.py:2726} INFO - Sync 1 DAGs
[2023-06-22T16:06:50.320+0700] {logging_mixin.py:149} INFO - [2023-06-22T16:06:50.320+0700] {dag.py:3486} INFO - Setting next_dagrun for tutorial_taskflow_api to None, run_after=None
[2023-06-22T16:06:50.340+0700] {processor.py:179} INFO - Processing /Users/macbook/Documents/Documents_MacBook_Pro/ISTT/AirflowTutorial/envlibs/lib/python3.10/site-packages/airflow/example_dags/tutorial_taskflow_api.py took 1.067 seconds
[2023-06-22T16:09:01.892+0700] {processor.py:157} INFO - Started process (PID=15228) to work on /Users/macbook/Documents/Documents_MacBook_Pro/ISTT/AirflowTutorial/envlibs/lib/python3.10/site-packages/airflow/example_dags/tutorial_taskflow_api.py
[2023-06-22T16:09:01.893+0700] {processor.py:826} INFO - Processing file /Users/macbook/Documents/Documents_MacBook_Pro/ISTT/AirflowTutorial/envlibs/lib/python3.10/site-packages/airflow/example_dags/tutorial_taskflow_api.py for tasks to queue
[2023-06-22T16:09:01.894+0700] {logging_mixin.py:149} INFO - [2023-06-22T16:09:01.893+0700] {dagbag.py:541} INFO - Filling up the DagBag from /Users/macbook/Documents/Documents_MacBook_Pro/ISTT/AirflowTutorial/envlibs/lib/python3.10/site-packages/airflow/example_dags/tutorial_taskflow_api.py
[2023-06-22T16:09:01.965+0700] {processor.py:836} INFO - DAG(s) dict_keys(['tutorial_taskflow_api']) retrieved from /Users/macbook/Documents/Documents_MacBook_Pro/ISTT/AirflowTutorial/envlibs/lib/python3.10/site-packages/airflow/example_dags/tutorial_taskflow_api.py
[2023-06-22T16:09:02.938+0700] {logging_mixin.py:149} INFO - [2023-06-22T16:09:02.938+0700] {dag.py:2726} INFO - Sync 1 DAGs
[2023-06-22T16:09:02.958+0700] {logging_mixin.py:149} INFO - [2023-06-22T16:09:02.958+0700] {dag.py:3486} INFO - Setting next_dagrun for tutorial_taskflow_api to None, run_after=None
[2023-06-22T16:09:02.981+0700] {processor.py:179} INFO - Processing /Users/macbook/Documents/Documents_MacBook_Pro/ISTT/AirflowTutorial/envlibs/lib/python3.10/site-packages/airflow/example_dags/tutorial_taskflow_api.py took 1.090 seconds
[2023-06-22T16:11:01.891+0700] {processor.py:157} INFO - Started process (PID=15286) to work on /Users/macbook/Documents/Documents_MacBook_Pro/ISTT/AirflowTutorial/envlibs/lib/python3.10/site-packages/airflow/example_dags/tutorial_taskflow_api.py
[2023-06-22T16:11:01.892+0700] {processor.py:826} INFO - Processing file /Users/macbook/Documents/Documents_MacBook_Pro/ISTT/AirflowTutorial/envlibs/lib/python3.10/site-packages/airflow/example_dags/tutorial_taskflow_api.py for tasks to queue
[2023-06-22T16:11:01.892+0700] {logging_mixin.py:149} INFO - [2023-06-22T16:11:01.892+0700] {dagbag.py:541} INFO - Filling up the DagBag from /Users/macbook/Documents/Documents_MacBook_Pro/ISTT/AirflowTutorial/envlibs/lib/python3.10/site-packages/airflow/example_dags/tutorial_taskflow_api.py
[2023-06-22T16:11:01.939+0700] {processor.py:836} INFO - DAG(s) dict_keys(['tutorial_taskflow_api']) retrieved from /Users/macbook/Documents/Documents_MacBook_Pro/ISTT/AirflowTutorial/envlibs/lib/python3.10/site-packages/airflow/example_dags/tutorial_taskflow_api.py
[2023-06-22T16:11:02.636+0700] {logging_mixin.py:149} INFO - [2023-06-22T16:11:02.636+0700] {dag.py:2726} INFO - Sync 1 DAGs
[2023-06-22T16:11:02.650+0700] {logging_mixin.py:149} INFO - [2023-06-22T16:11:02.650+0700] {dag.py:3486} INFO - Setting next_dagrun for tutorial_taskflow_api to None, run_after=None
[2023-06-22T16:11:02.670+0700] {processor.py:179} INFO - Processing /Users/macbook/Documents/Documents_MacBook_Pro/ISTT/AirflowTutorial/envlibs/lib/python3.10/site-packages/airflow/example_dags/tutorial_taskflow_api.py took 0.779 seconds
[2023-06-22T16:12:51.877+0700] {processor.py:157} INFO - Started process (PID=15341) to work on /Users/macbook/Documents/Documents_MacBook_Pro/ISTT/AirflowTutorial/envlibs/lib/python3.10/site-packages/airflow/example_dags/tutorial_taskflow_api.py
[2023-06-22T16:12:51.877+0700] {processor.py:826} INFO - Processing file /Users/macbook/Documents/Documents_MacBook_Pro/ISTT/AirflowTutorial/envlibs/lib/python3.10/site-packages/airflow/example_dags/tutorial_taskflow_api.py for tasks to queue
[2023-06-22T16:12:51.878+0700] {logging_mixin.py:149} INFO - [2023-06-22T16:12:51.878+0700] {dagbag.py:541} INFO - Filling up the DagBag from /Users/macbook/Documents/Documents_MacBook_Pro/ISTT/AirflowTutorial/envlibs/lib/python3.10/site-packages/airflow/example_dags/tutorial_taskflow_api.py
[2023-06-22T16:12:51.924+0700] {processor.py:836} INFO - DAG(s) dict_keys(['tutorial_taskflow_api']) retrieved from /Users/macbook/Documents/Documents_MacBook_Pro/ISTT/AirflowTutorial/envlibs/lib/python3.10/site-packages/airflow/example_dags/tutorial_taskflow_api.py
[2023-06-22T16:12:52.610+0700] {logging_mixin.py:149} INFO - [2023-06-22T16:12:52.610+0700] {dag.py:2726} INFO - Sync 1 DAGs
[2023-06-22T16:12:52.625+0700] {logging_mixin.py:149} INFO - [2023-06-22T16:12:52.625+0700] {dag.py:3486} INFO - Setting next_dagrun for tutorial_taskflow_api to None, run_after=None
[2023-06-22T16:12:52.650+0700] {processor.py:179} INFO - Processing /Users/macbook/Documents/Documents_MacBook_Pro/ISTT/AirflowTutorial/envlibs/lib/python3.10/site-packages/airflow/example_dags/tutorial_taskflow_api.py took 0.774 seconds
[2023-06-22T16:14:55.256+0700] {processor.py:157} INFO - Started process (PID=15394) to work on /Users/macbook/Documents/Documents_MacBook_Pro/ISTT/AirflowTutorial/envlibs/lib/python3.10/site-packages/airflow/example_dags/tutorial_taskflow_api.py
[2023-06-22T16:14:55.258+0700] {processor.py:826} INFO - Processing file /Users/macbook/Documents/Documents_MacBook_Pro/ISTT/AirflowTutorial/envlibs/lib/python3.10/site-packages/airflow/example_dags/tutorial_taskflow_api.py for tasks to queue
[2023-06-22T16:14:55.258+0700] {logging_mixin.py:149} INFO - [2023-06-22T16:14:55.258+0700] {dagbag.py:541} INFO - Filling up the DagBag from /Users/macbook/Documents/Documents_MacBook_Pro/ISTT/AirflowTutorial/envlibs/lib/python3.10/site-packages/airflow/example_dags/tutorial_taskflow_api.py
[2023-06-22T16:14:55.314+0700] {processor.py:836} INFO - DAG(s) dict_keys(['tutorial_taskflow_api']) retrieved from /Users/macbook/Documents/Documents_MacBook_Pro/ISTT/AirflowTutorial/envlibs/lib/python3.10/site-packages/airflow/example_dags/tutorial_taskflow_api.py
[2023-06-22T16:14:56.087+0700] {logging_mixin.py:149} INFO - [2023-06-22T16:14:56.087+0700] {dag.py:2726} INFO - Sync 1 DAGs
[2023-06-22T16:14:56.103+0700] {logging_mixin.py:149} INFO - [2023-06-22T16:14:56.103+0700] {dag.py:3486} INFO - Setting next_dagrun for tutorial_taskflow_api to None, run_after=None
[2023-06-22T16:14:56.122+0700] {processor.py:179} INFO - Processing /Users/macbook/Documents/Documents_MacBook_Pro/ISTT/AirflowTutorial/envlibs/lib/python3.10/site-packages/airflow/example_dags/tutorial_taskflow_api.py took 0.866 seconds
[2023-06-22T16:17:01.707+0700] {processor.py:157} INFO - Started process (PID=15448) to work on /Users/macbook/Documents/Documents_MacBook_Pro/ISTT/AirflowTutorial/envlibs/lib/python3.10/site-packages/airflow/example_dags/tutorial_taskflow_api.py
[2023-06-22T16:17:01.708+0700] {processor.py:826} INFO - Processing file /Users/macbook/Documents/Documents_MacBook_Pro/ISTT/AirflowTutorial/envlibs/lib/python3.10/site-packages/airflow/example_dags/tutorial_taskflow_api.py for tasks to queue
[2023-06-22T16:17:01.709+0700] {logging_mixin.py:149} INFO - [2023-06-22T16:17:01.709+0700] {dagbag.py:541} INFO - Filling up the DagBag from /Users/macbook/Documents/Documents_MacBook_Pro/ISTT/AirflowTutorial/envlibs/lib/python3.10/site-packages/airflow/example_dags/tutorial_taskflow_api.py
[2023-06-22T16:17:01.781+0700] {processor.py:836} INFO - DAG(s) dict_keys(['tutorial_taskflow_api']) retrieved from /Users/macbook/Documents/Documents_MacBook_Pro/ISTT/AirflowTutorial/envlibs/lib/python3.10/site-packages/airflow/example_dags/tutorial_taskflow_api.py
[2023-06-22T16:17:02.617+0700] {logging_mixin.py:149} INFO - [2023-06-22T16:17:02.617+0700] {dag.py:2726} INFO - Sync 1 DAGs
[2023-06-22T16:17:02.635+0700] {logging_mixin.py:149} INFO - [2023-06-22T16:17:02.634+0700] {dag.py:3486} INFO - Setting next_dagrun for tutorial_taskflow_api to None, run_after=None
[2023-06-22T16:17:02.652+0700] {processor.py:179} INFO - Processing /Users/macbook/Documents/Documents_MacBook_Pro/ISTT/AirflowTutorial/envlibs/lib/python3.10/site-packages/airflow/example_dags/tutorial_taskflow_api.py took 0.947 seconds
[2023-06-22T16:19:17.777+0700] {processor.py:157} INFO - Started process (PID=15553) to work on /Users/macbook/Documents/Documents_MacBook_Pro/ISTT/AirflowTutorial/envlibs/lib/python3.10/site-packages/airflow/example_dags/tutorial_taskflow_api.py
[2023-06-22T16:19:17.778+0700] {processor.py:826} INFO - Processing file /Users/macbook/Documents/Documents_MacBook_Pro/ISTT/AirflowTutorial/envlibs/lib/python3.10/site-packages/airflow/example_dags/tutorial_taskflow_api.py for tasks to queue
[2023-06-22T16:19:17.779+0700] {logging_mixin.py:149} INFO - [2023-06-22T16:19:17.779+0700] {dagbag.py:541} INFO - Filling up the DagBag from /Users/macbook/Documents/Documents_MacBook_Pro/ISTT/AirflowTutorial/envlibs/lib/python3.10/site-packages/airflow/example_dags/tutorial_taskflow_api.py
[2023-06-22T16:19:17.866+0700] {processor.py:836} INFO - DAG(s) dict_keys(['tutorial_taskflow_api']) retrieved from /Users/macbook/Documents/Documents_MacBook_Pro/ISTT/AirflowTutorial/envlibs/lib/python3.10/site-packages/airflow/example_dags/tutorial_taskflow_api.py
[2023-06-22T16:19:18.853+0700] {logging_mixin.py:149} INFO - [2023-06-22T16:19:18.852+0700] {dag.py:2726} INFO - Sync 1 DAGs
[2023-06-22T16:19:18.871+0700] {logging_mixin.py:149} INFO - [2023-06-22T16:19:18.871+0700] {dag.py:3486} INFO - Setting next_dagrun for tutorial_taskflow_api to None, run_after=None
[2023-06-22T16:19:18.892+0700] {processor.py:179} INFO - Processing /Users/macbook/Documents/Documents_MacBook_Pro/ISTT/AirflowTutorial/envlibs/lib/python3.10/site-packages/airflow/example_dags/tutorial_taskflow_api.py took 1.116 seconds
[2023-06-22T16:21:32.846+0700] {processor.py:157} INFO - Started process (PID=15613) to work on /Users/macbook/Documents/Documents_MacBook_Pro/ISTT/AirflowTutorial/envlibs/lib/python3.10/site-packages/airflow/example_dags/tutorial_taskflow_api.py
[2023-06-22T16:21:32.847+0700] {processor.py:826} INFO - Processing file /Users/macbook/Documents/Documents_MacBook_Pro/ISTT/AirflowTutorial/envlibs/lib/python3.10/site-packages/airflow/example_dags/tutorial_taskflow_api.py for tasks to queue
[2023-06-22T16:21:32.848+0700] {logging_mixin.py:149} INFO - [2023-06-22T16:21:32.848+0700] {dagbag.py:541} INFO - Filling up the DagBag from /Users/macbook/Documents/Documents_MacBook_Pro/ISTT/AirflowTutorial/envlibs/lib/python3.10/site-packages/airflow/example_dags/tutorial_taskflow_api.py
[2023-06-22T16:21:32.902+0700] {processor.py:836} INFO - DAG(s) dict_keys(['tutorial_taskflow_api']) retrieved from /Users/macbook/Documents/Documents_MacBook_Pro/ISTT/AirflowTutorial/envlibs/lib/python3.10/site-packages/airflow/example_dags/tutorial_taskflow_api.py
[2023-06-22T16:21:33.710+0700] {logging_mixin.py:149} INFO - [2023-06-22T16:21:33.710+0700] {dag.py:2726} INFO - Sync 1 DAGs
[2023-06-22T16:21:33.728+0700] {logging_mixin.py:149} INFO - [2023-06-22T16:21:33.728+0700] {dag.py:3486} INFO - Setting next_dagrun for tutorial_taskflow_api to None, run_after=None
[2023-06-22T16:21:33.747+0700] {processor.py:179} INFO - Processing /Users/macbook/Documents/Documents_MacBook_Pro/ISTT/AirflowTutorial/envlibs/lib/python3.10/site-packages/airflow/example_dags/tutorial_taskflow_api.py took 0.902 seconds
[2023-06-22T16:23:29.900+0700] {processor.py:157} INFO - Started process (PID=15666) to work on /Users/macbook/Documents/Documents_MacBook_Pro/ISTT/AirflowTutorial/envlibs/lib/python3.10/site-packages/airflow/example_dags/tutorial_taskflow_api.py
[2023-06-22T16:23:29.901+0700] {processor.py:826} INFO - Processing file /Users/macbook/Documents/Documents_MacBook_Pro/ISTT/AirflowTutorial/envlibs/lib/python3.10/site-packages/airflow/example_dags/tutorial_taskflow_api.py for tasks to queue
[2023-06-22T16:23:29.902+0700] {logging_mixin.py:149} INFO - [2023-06-22T16:23:29.902+0700] {dagbag.py:541} INFO - Filling up the DagBag from /Users/macbook/Documents/Documents_MacBook_Pro/ISTT/AirflowTutorial/envlibs/lib/python3.10/site-packages/airflow/example_dags/tutorial_taskflow_api.py
[2023-06-22T16:23:29.948+0700] {processor.py:836} INFO - DAG(s) dict_keys(['tutorial_taskflow_api']) retrieved from /Users/macbook/Documents/Documents_MacBook_Pro/ISTT/AirflowTutorial/envlibs/lib/python3.10/site-packages/airflow/example_dags/tutorial_taskflow_api.py
[2023-06-22T16:23:30.623+0700] {logging_mixin.py:149} INFO - [2023-06-22T16:23:30.622+0700] {dag.py:2726} INFO - Sync 1 DAGs
[2023-06-22T16:23:30.638+0700] {logging_mixin.py:149} INFO - [2023-06-22T16:23:30.638+0700] {dag.py:3486} INFO - Setting next_dagrun for tutorial_taskflow_api to None, run_after=None
[2023-06-22T16:23:30.654+0700] {processor.py:179} INFO - Processing /Users/macbook/Documents/Documents_MacBook_Pro/ISTT/AirflowTutorial/envlibs/lib/python3.10/site-packages/airflow/example_dags/tutorial_taskflow_api.py took 0.755 seconds
[2023-06-22T16:25:23.380+0700] {processor.py:157} INFO - Started process (PID=15715) to work on /Users/macbook/Documents/Documents_MacBook_Pro/ISTT/AirflowTutorial/envlibs/lib/python3.10/site-packages/airflow/example_dags/tutorial_taskflow_api.py
[2023-06-22T16:25:23.381+0700] {processor.py:826} INFO - Processing file /Users/macbook/Documents/Documents_MacBook_Pro/ISTT/AirflowTutorial/envlibs/lib/python3.10/site-packages/airflow/example_dags/tutorial_taskflow_api.py for tasks to queue
[2023-06-22T16:25:23.382+0700] {logging_mixin.py:149} INFO - [2023-06-22T16:25:23.382+0700] {dagbag.py:541} INFO - Filling up the DagBag from /Users/macbook/Documents/Documents_MacBook_Pro/ISTT/AirflowTutorial/envlibs/lib/python3.10/site-packages/airflow/example_dags/tutorial_taskflow_api.py
[2023-06-22T16:25:23.441+0700] {processor.py:836} INFO - DAG(s) dict_keys(['tutorial_taskflow_api']) retrieved from /Users/macbook/Documents/Documents_MacBook_Pro/ISTT/AirflowTutorial/envlibs/lib/python3.10/site-packages/airflow/example_dags/tutorial_taskflow_api.py
[2023-06-22T16:25:24.241+0700] {logging_mixin.py:149} INFO - [2023-06-22T16:25:24.241+0700] {dag.py:2726} INFO - Sync 1 DAGs
[2023-06-22T16:25:24.261+0700] {logging_mixin.py:149} INFO - [2023-06-22T16:25:24.261+0700] {dag.py:3486} INFO - Setting next_dagrun for tutorial_taskflow_api to None, run_after=None
[2023-06-22T16:25:24.284+0700] {processor.py:179} INFO - Processing /Users/macbook/Documents/Documents_MacBook_Pro/ISTT/AirflowTutorial/envlibs/lib/python3.10/site-packages/airflow/example_dags/tutorial_taskflow_api.py took 0.905 seconds
[2023-06-22T16:27:25.427+0700] {processor.py:157} INFO - Started process (PID=15824) to work on /Users/macbook/Documents/Documents_MacBook_Pro/ISTT/AirflowTutorial/envlibs/lib/python3.10/site-packages/airflow/example_dags/tutorial_taskflow_api.py
[2023-06-22T16:27:25.428+0700] {processor.py:826} INFO - Processing file /Users/macbook/Documents/Documents_MacBook_Pro/ISTT/AirflowTutorial/envlibs/lib/python3.10/site-packages/airflow/example_dags/tutorial_taskflow_api.py for tasks to queue
[2023-06-22T16:27:25.429+0700] {logging_mixin.py:149} INFO - [2023-06-22T16:27:25.429+0700] {dagbag.py:541} INFO - Filling up the DagBag from /Users/macbook/Documents/Documents_MacBook_Pro/ISTT/AirflowTutorial/envlibs/lib/python3.10/site-packages/airflow/example_dags/tutorial_taskflow_api.py
[2023-06-22T16:27:25.482+0700] {processor.py:836} INFO - DAG(s) dict_keys(['tutorial_taskflow_api']) retrieved from /Users/macbook/Documents/Documents_MacBook_Pro/ISTT/AirflowTutorial/envlibs/lib/python3.10/site-packages/airflow/example_dags/tutorial_taskflow_api.py
[2023-06-22T16:27:26.200+0700] {logging_mixin.py:149} INFO - [2023-06-22T16:27:26.200+0700] {dag.py:2726} INFO - Sync 1 DAGs
[2023-06-22T16:27:26.215+0700] {logging_mixin.py:149} INFO - [2023-06-22T16:27:26.215+0700] {dag.py:3486} INFO - Setting next_dagrun for tutorial_taskflow_api to None, run_after=None
[2023-06-22T16:27:26.233+0700] {processor.py:179} INFO - Processing /Users/macbook/Documents/Documents_MacBook_Pro/ISTT/AirflowTutorial/envlibs/lib/python3.10/site-packages/airflow/example_dags/tutorial_taskflow_api.py took 0.807 seconds
[2023-06-22T16:46:33.808+0700] {processor.py:157} INFO - Started process (PID=16221) to work on /Users/macbook/Documents/Documents_MacBook_Pro/ISTT/AirflowTutorial/envlibs/lib/python3.10/site-packages/airflow/example_dags/tutorial_taskflow_api.py
[2023-06-22T16:46:33.809+0700] {processor.py:826} INFO - Processing file /Users/macbook/Documents/Documents_MacBook_Pro/ISTT/AirflowTutorial/envlibs/lib/python3.10/site-packages/airflow/example_dags/tutorial_taskflow_api.py for tasks to queue
[2023-06-22T16:46:33.810+0700] {logging_mixin.py:149} INFO - [2023-06-22T16:46:33.810+0700] {dagbag.py:541} INFO - Filling up the DagBag from /Users/macbook/Documents/Documents_MacBook_Pro/ISTT/AirflowTutorial/envlibs/lib/python3.10/site-packages/airflow/example_dags/tutorial_taskflow_api.py
[2023-06-22T16:46:33.857+0700] {processor.py:836} INFO - DAG(s) dict_keys(['tutorial_taskflow_api']) retrieved from /Users/macbook/Documents/Documents_MacBook_Pro/ISTT/AirflowTutorial/envlibs/lib/python3.10/site-packages/airflow/example_dags/tutorial_taskflow_api.py
[2023-06-22T16:46:34.552+0700] {logging_mixin.py:149} INFO - [2023-06-22T16:46:34.552+0700] {dag.py:2726} INFO - Sync 1 DAGs
[2023-06-22T16:46:34.567+0700] {logging_mixin.py:149} INFO - [2023-06-22T16:46:34.567+0700] {dag.py:3486} INFO - Setting next_dagrun for tutorial_taskflow_api to None, run_after=None
[2023-06-22T16:46:34.584+0700] {processor.py:179} INFO - Processing /Users/macbook/Documents/Documents_MacBook_Pro/ISTT/AirflowTutorial/envlibs/lib/python3.10/site-packages/airflow/example_dags/tutorial_taskflow_api.py took 0.776 seconds
