[2023-06-22T14:27:06.968+0700] {processor.py:157} INFO - Started process (PID=11858) to work on /Users/macbook/Documents/Documents_MacBook_Pro/ISTT/AirflowTutorial/envlibs/lib/python3.10/site-packages/airflow/example_dags/tutorial_dag.py
[2023-06-22T14:27:06.969+0700] {processor.py:826} INFO - Processing file /Users/macbook/Documents/Documents_MacBook_Pro/ISTT/AirflowTutorial/envlibs/lib/python3.10/site-packages/airflow/example_dags/tutorial_dag.py for tasks to queue
[2023-06-22T14:27:06.969+0700] {logging_mixin.py:149} INFO - [2023-06-22T14:27:06.969+0700] {dagbag.py:541} INFO - Filling up the DagBag from /Users/macbook/Documents/Documents_MacBook_Pro/ISTT/AirflowTutorial/envlibs/lib/python3.10/site-packages/airflow/example_dags/tutorial_dag.py
[2023-06-22T14:27:07.003+0700] {processor.py:836} INFO - DAG(s) dict_keys(['tutorial_dag']) retrieved from /Users/macbook/Documents/Documents_MacBook_Pro/ISTT/AirflowTutorial/envlibs/lib/python3.10/site-packages/airflow/example_dags/tutorial_dag.py
[2023-06-22T14:27:07.932+0700] {logging_mixin.py:149} INFO - [2023-06-22T14:27:07.932+0700] {dag.py:2726} INFO - Sync 1 DAGs
[2023-06-22T14:27:07.946+0700] {logging_mixin.py:149} INFO - [2023-06-22T14:27:07.946+0700] {dag.py:3486} INFO - Setting next_dagrun for tutorial_dag to None, run_after=None
[2023-06-22T14:27:07.966+0700] {processor.py:179} INFO - Processing /Users/macbook/Documents/Documents_MacBook_Pro/ISTT/AirflowTutorial/envlibs/lib/python3.10/site-packages/airflow/example_dags/tutorial_dag.py took 0.999 seconds
[2023-06-22T14:29:36.339+0700] {processor.py:157} INFO - Started process (PID=11929) to work on /Users/macbook/Documents/Documents_MacBook_Pro/ISTT/AirflowTutorial/envlibs/lib/python3.10/site-packages/airflow/example_dags/tutorial_dag.py
[2023-06-22T14:29:36.341+0700] {processor.py:826} INFO - Processing file /Users/macbook/Documents/Documents_MacBook_Pro/ISTT/AirflowTutorial/envlibs/lib/python3.10/site-packages/airflow/example_dags/tutorial_dag.py for tasks to queue
[2023-06-22T14:29:36.341+0700] {logging_mixin.py:149} INFO - [2023-06-22T14:29:36.341+0700] {dagbag.py:541} INFO - Filling up the DagBag from /Users/macbook/Documents/Documents_MacBook_Pro/ISTT/AirflowTutorial/envlibs/lib/python3.10/site-packages/airflow/example_dags/tutorial_dag.py
[2023-06-22T14:29:36.372+0700] {processor.py:836} INFO - DAG(s) dict_keys(['tutorial_dag']) retrieved from /Users/macbook/Documents/Documents_MacBook_Pro/ISTT/AirflowTutorial/envlibs/lib/python3.10/site-packages/airflow/example_dags/tutorial_dag.py
[2023-06-22T14:29:37.088+0700] {logging_mixin.py:149} INFO - [2023-06-22T14:29:37.088+0700] {dag.py:2726} INFO - Sync 1 DAGs
[2023-06-22T14:29:37.104+0700] {logging_mixin.py:149} INFO - [2023-06-22T14:29:37.103+0700] {dag.py:3486} INFO - Setting next_dagrun for tutorial_dag to None, run_after=None
[2023-06-22T14:29:37.119+0700] {processor.py:179} INFO - Processing /Users/macbook/Documents/Documents_MacBook_Pro/ISTT/AirflowTutorial/envlibs/lib/python3.10/site-packages/airflow/example_dags/tutorial_dag.py took 0.780 seconds
[2023-06-22T14:31:43.062+0700] {processor.py:157} INFO - Started process (PID=12016) to work on /Users/macbook/Documents/Documents_MacBook_Pro/ISTT/AirflowTutorial/envlibs/lib/python3.10/site-packages/airflow/example_dags/tutorial_dag.py
[2023-06-22T14:31:43.064+0700] {processor.py:826} INFO - Processing file /Users/macbook/Documents/Documents_MacBook_Pro/ISTT/AirflowTutorial/envlibs/lib/python3.10/site-packages/airflow/example_dags/tutorial_dag.py for tasks to queue
[2023-06-22T14:31:43.065+0700] {logging_mixin.py:149} INFO - [2023-06-22T14:31:43.064+0700] {dagbag.py:541} INFO - Filling up the DagBag from /Users/macbook/Documents/Documents_MacBook_Pro/ISTT/AirflowTutorial/envlibs/lib/python3.10/site-packages/airflow/example_dags/tutorial_dag.py
[2023-06-22T14:31:43.109+0700] {processor.py:836} INFO - DAG(s) dict_keys(['tutorial_dag']) retrieved from /Users/macbook/Documents/Documents_MacBook_Pro/ISTT/AirflowTutorial/envlibs/lib/python3.10/site-packages/airflow/example_dags/tutorial_dag.py
[2023-06-22T14:31:44.579+0700] {logging_mixin.py:149} INFO - [2023-06-22T14:31:44.578+0700] {dag.py:2726} INFO - Sync 1 DAGs
[2023-06-22T14:31:44.606+0700] {logging_mixin.py:149} INFO - [2023-06-22T14:31:44.606+0700] {dag.py:3486} INFO - Setting next_dagrun for tutorial_dag to None, run_after=None
[2023-06-22T14:31:44.633+0700] {processor.py:179} INFO - Processing /Users/macbook/Documents/Documents_MacBook_Pro/ISTT/AirflowTutorial/envlibs/lib/python3.10/site-packages/airflow/example_dags/tutorial_dag.py took 1.571 seconds
[2023-06-22T14:34:11.254+0700] {processor.py:157} INFO - Started process (PID=12141) to work on /Users/macbook/Documents/Documents_MacBook_Pro/ISTT/AirflowTutorial/envlibs/lib/python3.10/site-packages/airflow/example_dags/tutorial_dag.py
[2023-06-22T14:34:11.255+0700] {processor.py:826} INFO - Processing file /Users/macbook/Documents/Documents_MacBook_Pro/ISTT/AirflowTutorial/envlibs/lib/python3.10/site-packages/airflow/example_dags/tutorial_dag.py for tasks to queue
[2023-06-22T14:34:11.256+0700] {logging_mixin.py:149} INFO - [2023-06-22T14:34:11.256+0700] {dagbag.py:541} INFO - Filling up the DagBag from /Users/macbook/Documents/Documents_MacBook_Pro/ISTT/AirflowTutorial/envlibs/lib/python3.10/site-packages/airflow/example_dags/tutorial_dag.py
[2023-06-22T14:34:11.287+0700] {processor.py:836} INFO - DAG(s) dict_keys(['tutorial_dag']) retrieved from /Users/macbook/Documents/Documents_MacBook_Pro/ISTT/AirflowTutorial/envlibs/lib/python3.10/site-packages/airflow/example_dags/tutorial_dag.py
[2023-06-22T14:34:12.112+0700] {logging_mixin.py:149} INFO - [2023-06-22T14:34:12.112+0700] {dag.py:2726} INFO - Sync 1 DAGs
[2023-06-22T14:34:12.129+0700] {logging_mixin.py:149} INFO - [2023-06-22T14:34:12.129+0700] {dag.py:3486} INFO - Setting next_dagrun for tutorial_dag to None, run_after=None
[2023-06-22T14:34:12.146+0700] {processor.py:179} INFO - Processing /Users/macbook/Documents/Documents_MacBook_Pro/ISTT/AirflowTutorial/envlibs/lib/python3.10/site-packages/airflow/example_dags/tutorial_dag.py took 0.893 seconds
[2023-06-22T14:36:49.966+0700] {processor.py:157} INFO - Started process (PID=12284) to work on /Users/macbook/Documents/Documents_MacBook_Pro/ISTT/AirflowTutorial/envlibs/lib/python3.10/site-packages/airflow/example_dags/tutorial_dag.py
[2023-06-22T14:36:49.968+0700] {processor.py:826} INFO - Processing file /Users/macbook/Documents/Documents_MacBook_Pro/ISTT/AirflowTutorial/envlibs/lib/python3.10/site-packages/airflow/example_dags/tutorial_dag.py for tasks to queue
[2023-06-22T14:36:49.969+0700] {logging_mixin.py:149} INFO - [2023-06-22T14:36:49.969+0700] {dagbag.py:541} INFO - Filling up the DagBag from /Users/macbook/Documents/Documents_MacBook_Pro/ISTT/AirflowTutorial/envlibs/lib/python3.10/site-packages/airflow/example_dags/tutorial_dag.py
[2023-06-22T14:36:50.018+0700] {processor.py:836} INFO - DAG(s) dict_keys(['tutorial_dag']) retrieved from /Users/macbook/Documents/Documents_MacBook_Pro/ISTT/AirflowTutorial/envlibs/lib/python3.10/site-packages/airflow/example_dags/tutorial_dag.py
[2023-06-22T14:36:51.582+0700] {logging_mixin.py:149} INFO - [2023-06-22T14:36:51.582+0700] {dag.py:2726} INFO - Sync 1 DAGs
[2023-06-22T14:36:51.607+0700] {logging_mixin.py:149} INFO - [2023-06-22T14:36:51.607+0700] {dag.py:3486} INFO - Setting next_dagrun for tutorial_dag to None, run_after=None
[2023-06-22T14:36:51.634+0700] {processor.py:179} INFO - Processing /Users/macbook/Documents/Documents_MacBook_Pro/ISTT/AirflowTutorial/envlibs/lib/python3.10/site-packages/airflow/example_dags/tutorial_dag.py took 1.670 seconds
[2023-06-22T14:39:28.723+0700] {processor.py:157} INFO - Started process (PID=12412) to work on /Users/macbook/Documents/Documents_MacBook_Pro/ISTT/AirflowTutorial/envlibs/lib/python3.10/site-packages/airflow/example_dags/tutorial_dag.py
[2023-06-22T14:39:28.724+0700] {processor.py:826} INFO - Processing file /Users/macbook/Documents/Documents_MacBook_Pro/ISTT/AirflowTutorial/envlibs/lib/python3.10/site-packages/airflow/example_dags/tutorial_dag.py for tasks to queue
[2023-06-22T14:39:28.725+0700] {logging_mixin.py:149} INFO - [2023-06-22T14:39:28.725+0700] {dagbag.py:541} INFO - Filling up the DagBag from /Users/macbook/Documents/Documents_MacBook_Pro/ISTT/AirflowTutorial/envlibs/lib/python3.10/site-packages/airflow/example_dags/tutorial_dag.py
[2023-06-22T14:39:28.761+0700] {processor.py:836} INFO - DAG(s) dict_keys(['tutorial_dag']) retrieved from /Users/macbook/Documents/Documents_MacBook_Pro/ISTT/AirflowTutorial/envlibs/lib/python3.10/site-packages/airflow/example_dags/tutorial_dag.py
[2023-06-22T14:39:29.868+0700] {logging_mixin.py:149} INFO - [2023-06-22T14:39:29.868+0700] {dag.py:2726} INFO - Sync 1 DAGs
[2023-06-22T14:39:29.878+0700] {logging_mixin.py:149} INFO - [2023-06-22T14:39:29.878+0700] {dag.py:2747} INFO - Creating ORM DAG for tutorial_dag
[2023-06-22T14:39:29.887+0700] {logging_mixin.py:149} INFO - [2023-06-22T14:39:29.887+0700] {dag.py:3486} INFO - Setting next_dagrun for tutorial_dag to None, run_after=None
[2023-06-22T14:39:29.910+0700] {processor.py:179} INFO - Processing /Users/macbook/Documents/Documents_MacBook_Pro/ISTT/AirflowTutorial/envlibs/lib/python3.10/site-packages/airflow/example_dags/tutorial_dag.py took 1.188 seconds
[2023-06-22T14:41:44.268+0700] {processor.py:157} INFO - Started process (PID=12510) to work on /Users/macbook/Documents/Documents_MacBook_Pro/ISTT/AirflowTutorial/envlibs/lib/python3.10/site-packages/airflow/example_dags/tutorial_dag.py
[2023-06-22T14:41:44.270+0700] {processor.py:826} INFO - Processing file /Users/macbook/Documents/Documents_MacBook_Pro/ISTT/AirflowTutorial/envlibs/lib/python3.10/site-packages/airflow/example_dags/tutorial_dag.py for tasks to queue
[2023-06-22T14:41:44.270+0700] {logging_mixin.py:149} INFO - [2023-06-22T14:41:44.270+0700] {dagbag.py:541} INFO - Filling up the DagBag from /Users/macbook/Documents/Documents_MacBook_Pro/ISTT/AirflowTutorial/envlibs/lib/python3.10/site-packages/airflow/example_dags/tutorial_dag.py
[2023-06-22T14:41:44.320+0700] {processor.py:836} INFO - DAG(s) dict_keys(['tutorial_dag']) retrieved from /Users/macbook/Documents/Documents_MacBook_Pro/ISTT/AirflowTutorial/envlibs/lib/python3.10/site-packages/airflow/example_dags/tutorial_dag.py
[2023-06-22T14:41:45.139+0700] {logging_mixin.py:149} INFO - [2023-06-22T14:41:45.139+0700] {dag.py:2726} INFO - Sync 1 DAGs
[2023-06-22T14:41:45.155+0700] {logging_mixin.py:149} INFO - [2023-06-22T14:41:45.155+0700] {dag.py:3486} INFO - Setting next_dagrun for tutorial_dag to None, run_after=None
[2023-06-22T14:41:45.172+0700] {processor.py:179} INFO - Processing /Users/macbook/Documents/Documents_MacBook_Pro/ISTT/AirflowTutorial/envlibs/lib/python3.10/site-packages/airflow/example_dags/tutorial_dag.py took 0.904 seconds
[2023-06-22T14:43:52.915+0700] {processor.py:157} INFO - Started process (PID=12567) to work on /Users/macbook/Documents/Documents_MacBook_Pro/ISTT/AirflowTutorial/envlibs/lib/python3.10/site-packages/airflow/example_dags/tutorial_dag.py
[2023-06-22T14:43:52.916+0700] {processor.py:826} INFO - Processing file /Users/macbook/Documents/Documents_MacBook_Pro/ISTT/AirflowTutorial/envlibs/lib/python3.10/site-packages/airflow/example_dags/tutorial_dag.py for tasks to queue
[2023-06-22T14:43:52.916+0700] {logging_mixin.py:149} INFO - [2023-06-22T14:43:52.916+0700] {dagbag.py:541} INFO - Filling up the DagBag from /Users/macbook/Documents/Documents_MacBook_Pro/ISTT/AirflowTutorial/envlibs/lib/python3.10/site-packages/airflow/example_dags/tutorial_dag.py
[2023-06-22T14:43:52.949+0700] {processor.py:836} INFO - DAG(s) dict_keys(['tutorial_dag']) retrieved from /Users/macbook/Documents/Documents_MacBook_Pro/ISTT/AirflowTutorial/envlibs/lib/python3.10/site-packages/airflow/example_dags/tutorial_dag.py
[2023-06-22T14:43:53.700+0700] {logging_mixin.py:149} INFO - [2023-06-22T14:43:53.699+0700] {dag.py:2726} INFO - Sync 1 DAGs
[2023-06-22T14:43:53.717+0700] {logging_mixin.py:149} INFO - [2023-06-22T14:43:53.717+0700] {dag.py:3486} INFO - Setting next_dagrun for tutorial_dag to None, run_after=None
[2023-06-22T14:43:53.738+0700] {processor.py:179} INFO - Processing /Users/macbook/Documents/Documents_MacBook_Pro/ISTT/AirflowTutorial/envlibs/lib/python3.10/site-packages/airflow/example_dags/tutorial_dag.py took 0.824 seconds
[2023-06-22T14:45:56.975+0700] {processor.py:157} INFO - Started process (PID=12618) to work on /Users/macbook/Documents/Documents_MacBook_Pro/ISTT/AirflowTutorial/envlibs/lib/python3.10/site-packages/airflow/example_dags/tutorial_dag.py
[2023-06-22T14:45:56.977+0700] {processor.py:826} INFO - Processing file /Users/macbook/Documents/Documents_MacBook_Pro/ISTT/AirflowTutorial/envlibs/lib/python3.10/site-packages/airflow/example_dags/tutorial_dag.py for tasks to queue
[2023-06-22T14:45:56.977+0700] {logging_mixin.py:149} INFO - [2023-06-22T14:45:56.977+0700] {dagbag.py:541} INFO - Filling up the DagBag from /Users/macbook/Documents/Documents_MacBook_Pro/ISTT/AirflowTutorial/envlibs/lib/python3.10/site-packages/airflow/example_dags/tutorial_dag.py
[2023-06-22T14:45:57.009+0700] {processor.py:836} INFO - DAG(s) dict_keys(['tutorial_dag']) retrieved from /Users/macbook/Documents/Documents_MacBook_Pro/ISTT/AirflowTutorial/envlibs/lib/python3.10/site-packages/airflow/example_dags/tutorial_dag.py
[2023-06-22T14:45:57.738+0700] {logging_mixin.py:149} INFO - [2023-06-22T14:45:57.738+0700] {dag.py:2726} INFO - Sync 1 DAGs
[2023-06-22T14:45:57.753+0700] {logging_mixin.py:149} INFO - [2023-06-22T14:45:57.753+0700] {dag.py:3486} INFO - Setting next_dagrun for tutorial_dag to None, run_after=None
[2023-06-22T14:45:57.771+0700] {processor.py:179} INFO - Processing /Users/macbook/Documents/Documents_MacBook_Pro/ISTT/AirflowTutorial/envlibs/lib/python3.10/site-packages/airflow/example_dags/tutorial_dag.py took 0.796 seconds
[2023-06-22T14:48:01.015+0700] {processor.py:157} INFO - Started process (PID=12678) to work on /Users/macbook/Documents/Documents_MacBook_Pro/ISTT/AirflowTutorial/envlibs/lib/python3.10/site-packages/airflow/example_dags/tutorial_dag.py
[2023-06-22T14:48:01.017+0700] {processor.py:826} INFO - Processing file /Users/macbook/Documents/Documents_MacBook_Pro/ISTT/AirflowTutorial/envlibs/lib/python3.10/site-packages/airflow/example_dags/tutorial_dag.py for tasks to queue
[2023-06-22T14:48:01.018+0700] {logging_mixin.py:149} INFO - [2023-06-22T14:48:01.017+0700] {dagbag.py:541} INFO - Filling up the DagBag from /Users/macbook/Documents/Documents_MacBook_Pro/ISTT/AirflowTutorial/envlibs/lib/python3.10/site-packages/airflow/example_dags/tutorial_dag.py
[2023-06-22T14:48:01.061+0700] {processor.py:836} INFO - DAG(s) dict_keys(['tutorial_dag']) retrieved from /Users/macbook/Documents/Documents_MacBook_Pro/ISTT/AirflowTutorial/envlibs/lib/python3.10/site-packages/airflow/example_dags/tutorial_dag.py
[2023-06-22T14:48:01.917+0700] {logging_mixin.py:149} INFO - [2023-06-22T14:48:01.917+0700] {dag.py:2726} INFO - Sync 1 DAGs
[2023-06-22T14:48:01.940+0700] {logging_mixin.py:149} INFO - [2023-06-22T14:48:01.939+0700] {dag.py:3486} INFO - Setting next_dagrun for tutorial_dag to None, run_after=None
[2023-06-22T14:48:01.963+0700] {processor.py:179} INFO - Processing /Users/macbook/Documents/Documents_MacBook_Pro/ISTT/AirflowTutorial/envlibs/lib/python3.10/site-packages/airflow/example_dags/tutorial_dag.py took 0.949 seconds
[2023-06-22T14:50:09.484+0700] {processor.py:157} INFO - Started process (PID=12742) to work on /Users/macbook/Documents/Documents_MacBook_Pro/ISTT/AirflowTutorial/envlibs/lib/python3.10/site-packages/airflow/example_dags/tutorial_dag.py
[2023-06-22T14:50:09.486+0700] {processor.py:826} INFO - Processing file /Users/macbook/Documents/Documents_MacBook_Pro/ISTT/AirflowTutorial/envlibs/lib/python3.10/site-packages/airflow/example_dags/tutorial_dag.py for tasks to queue
[2023-06-22T14:50:09.487+0700] {logging_mixin.py:149} INFO - [2023-06-22T14:50:09.486+0700] {dagbag.py:541} INFO - Filling up the DagBag from /Users/macbook/Documents/Documents_MacBook_Pro/ISTT/AirflowTutorial/envlibs/lib/python3.10/site-packages/airflow/example_dags/tutorial_dag.py
[2023-06-22T14:50:09.519+0700] {processor.py:836} INFO - DAG(s) dict_keys(['tutorial_dag']) retrieved from /Users/macbook/Documents/Documents_MacBook_Pro/ISTT/AirflowTutorial/envlibs/lib/python3.10/site-packages/airflow/example_dags/tutorial_dag.py
[2023-06-22T14:50:10.243+0700] {logging_mixin.py:149} INFO - [2023-06-22T14:50:10.243+0700] {dag.py:2726} INFO - Sync 1 DAGs
[2023-06-22T14:50:10.258+0700] {logging_mixin.py:149} INFO - [2023-06-22T14:50:10.258+0700] {dag.py:3486} INFO - Setting next_dagrun for tutorial_dag to None, run_after=None
[2023-06-22T14:50:10.275+0700] {processor.py:179} INFO - Processing /Users/macbook/Documents/Documents_MacBook_Pro/ISTT/AirflowTutorial/envlibs/lib/python3.10/site-packages/airflow/example_dags/tutorial_dag.py took 0.791 seconds
[2023-06-22T14:52:10.996+0700] {processor.py:157} INFO - Started process (PID=12799) to work on /Users/macbook/Documents/Documents_MacBook_Pro/ISTT/AirflowTutorial/envlibs/lib/python3.10/site-packages/airflow/example_dags/tutorial_dag.py
[2023-06-22T14:52:10.997+0700] {processor.py:826} INFO - Processing file /Users/macbook/Documents/Documents_MacBook_Pro/ISTT/AirflowTutorial/envlibs/lib/python3.10/site-packages/airflow/example_dags/tutorial_dag.py for tasks to queue
[2023-06-22T14:52:10.998+0700] {logging_mixin.py:149} INFO - [2023-06-22T14:52:10.998+0700] {dagbag.py:541} INFO - Filling up the DagBag from /Users/macbook/Documents/Documents_MacBook_Pro/ISTT/AirflowTutorial/envlibs/lib/python3.10/site-packages/airflow/example_dags/tutorial_dag.py
[2023-06-22T14:52:11.034+0700] {processor.py:836} INFO - DAG(s) dict_keys(['tutorial_dag']) retrieved from /Users/macbook/Documents/Documents_MacBook_Pro/ISTT/AirflowTutorial/envlibs/lib/python3.10/site-packages/airflow/example_dags/tutorial_dag.py
[2023-06-22T14:52:11.864+0700] {logging_mixin.py:149} INFO - [2023-06-22T14:52:11.863+0700] {dag.py:2726} INFO - Sync 1 DAGs
[2023-06-22T14:52:11.885+0700] {logging_mixin.py:149} INFO - [2023-06-22T14:52:11.885+0700] {dag.py:3486} INFO - Setting next_dagrun for tutorial_dag to None, run_after=None
[2023-06-22T14:52:11.904+0700] {processor.py:179} INFO - Processing /Users/macbook/Documents/Documents_MacBook_Pro/ISTT/AirflowTutorial/envlibs/lib/python3.10/site-packages/airflow/example_dags/tutorial_dag.py took 0.909 seconds
[2023-06-22T14:54:10.374+0700] {processor.py:157} INFO - Started process (PID=12852) to work on /Users/macbook/Documents/Documents_MacBook_Pro/ISTT/AirflowTutorial/envlibs/lib/python3.10/site-packages/airflow/example_dags/tutorial_dag.py
[2023-06-22T14:54:10.375+0700] {processor.py:826} INFO - Processing file /Users/macbook/Documents/Documents_MacBook_Pro/ISTT/AirflowTutorial/envlibs/lib/python3.10/site-packages/airflow/example_dags/tutorial_dag.py for tasks to queue
[2023-06-22T14:54:10.376+0700] {logging_mixin.py:149} INFO - [2023-06-22T14:54:10.376+0700] {dagbag.py:541} INFO - Filling up the DagBag from /Users/macbook/Documents/Documents_MacBook_Pro/ISTT/AirflowTutorial/envlibs/lib/python3.10/site-packages/airflow/example_dags/tutorial_dag.py
[2023-06-22T14:54:10.405+0700] {processor.py:836} INFO - DAG(s) dict_keys(['tutorial_dag']) retrieved from /Users/macbook/Documents/Documents_MacBook_Pro/ISTT/AirflowTutorial/envlibs/lib/python3.10/site-packages/airflow/example_dags/tutorial_dag.py
[2023-06-22T14:54:11.112+0700] {logging_mixin.py:149} INFO - [2023-06-22T14:54:11.112+0700] {dag.py:2726} INFO - Sync 1 DAGs
[2023-06-22T14:54:11.127+0700] {logging_mixin.py:149} INFO - [2023-06-22T14:54:11.127+0700] {dag.py:3486} INFO - Setting next_dagrun for tutorial_dag to None, run_after=None
[2023-06-22T14:54:11.144+0700] {processor.py:179} INFO - Processing /Users/macbook/Documents/Documents_MacBook_Pro/ISTT/AirflowTutorial/envlibs/lib/python3.10/site-packages/airflow/example_dags/tutorial_dag.py took 0.771 seconds
[2023-06-22T14:56:05.396+0700] {processor.py:157} INFO - Started process (PID=12904) to work on /Users/macbook/Documents/Documents_MacBook_Pro/ISTT/AirflowTutorial/envlibs/lib/python3.10/site-packages/airflow/example_dags/tutorial_dag.py
[2023-06-22T14:56:05.397+0700] {processor.py:826} INFO - Processing file /Users/macbook/Documents/Documents_MacBook_Pro/ISTT/AirflowTutorial/envlibs/lib/python3.10/site-packages/airflow/example_dags/tutorial_dag.py for tasks to queue
[2023-06-22T14:56:05.398+0700] {logging_mixin.py:149} INFO - [2023-06-22T14:56:05.398+0700] {dagbag.py:541} INFO - Filling up the DagBag from /Users/macbook/Documents/Documents_MacBook_Pro/ISTT/AirflowTutorial/envlibs/lib/python3.10/site-packages/airflow/example_dags/tutorial_dag.py
[2023-06-22T14:56:05.431+0700] {processor.py:836} INFO - DAG(s) dict_keys(['tutorial_dag']) retrieved from /Users/macbook/Documents/Documents_MacBook_Pro/ISTT/AirflowTutorial/envlibs/lib/python3.10/site-packages/airflow/example_dags/tutorial_dag.py
[2023-06-22T14:56:06.209+0700] {logging_mixin.py:149} INFO - [2023-06-22T14:56:06.209+0700] {dag.py:2726} INFO - Sync 1 DAGs
[2023-06-22T14:56:06.225+0700] {logging_mixin.py:149} INFO - [2023-06-22T14:56:06.224+0700] {dag.py:3486} INFO - Setting next_dagrun for tutorial_dag to None, run_after=None
[2023-06-22T14:56:06.250+0700] {processor.py:179} INFO - Processing /Users/macbook/Documents/Documents_MacBook_Pro/ISTT/AirflowTutorial/envlibs/lib/python3.10/site-packages/airflow/example_dags/tutorial_dag.py took 0.855 seconds
[2023-06-22T14:58:04.132+0700] {processor.py:157} INFO - Started process (PID=12958) to work on /Users/macbook/Documents/Documents_MacBook_Pro/ISTT/AirflowTutorial/envlibs/lib/python3.10/site-packages/airflow/example_dags/tutorial_dag.py
[2023-06-22T14:58:04.133+0700] {processor.py:826} INFO - Processing file /Users/macbook/Documents/Documents_MacBook_Pro/ISTT/AirflowTutorial/envlibs/lib/python3.10/site-packages/airflow/example_dags/tutorial_dag.py for tasks to queue
[2023-06-22T14:58:04.134+0700] {logging_mixin.py:149} INFO - [2023-06-22T14:58:04.134+0700] {dagbag.py:541} INFO - Filling up the DagBag from /Users/macbook/Documents/Documents_MacBook_Pro/ISTT/AirflowTutorial/envlibs/lib/python3.10/site-packages/airflow/example_dags/tutorial_dag.py
[2023-06-22T14:58:04.174+0700] {processor.py:836} INFO - DAG(s) dict_keys(['tutorial_dag']) retrieved from /Users/macbook/Documents/Documents_MacBook_Pro/ISTT/AirflowTutorial/envlibs/lib/python3.10/site-packages/airflow/example_dags/tutorial_dag.py
[2023-06-22T14:58:05.076+0700] {logging_mixin.py:149} INFO - [2023-06-22T14:58:05.076+0700] {dag.py:2726} INFO - Sync 1 DAGs
[2023-06-22T14:58:05.115+0700] {logging_mixin.py:149} INFO - [2023-06-22T14:58:05.115+0700] {dag.py:3486} INFO - Setting next_dagrun for tutorial_dag to None, run_after=None
[2023-06-22T14:58:05.142+0700] {processor.py:179} INFO - Processing /Users/macbook/Documents/Documents_MacBook_Pro/ISTT/AirflowTutorial/envlibs/lib/python3.10/site-packages/airflow/example_dags/tutorial_dag.py took 1.011 seconds
[2023-06-22T15:00:10.119+0700] {processor.py:157} INFO - Started process (PID=13010) to work on /Users/macbook/Documents/Documents_MacBook_Pro/ISTT/AirflowTutorial/envlibs/lib/python3.10/site-packages/airflow/example_dags/tutorial_dag.py
[2023-06-22T15:00:10.120+0700] {processor.py:826} INFO - Processing file /Users/macbook/Documents/Documents_MacBook_Pro/ISTT/AirflowTutorial/envlibs/lib/python3.10/site-packages/airflow/example_dags/tutorial_dag.py for tasks to queue
[2023-06-22T15:00:10.121+0700] {logging_mixin.py:149} INFO - [2023-06-22T15:00:10.120+0700] {dagbag.py:541} INFO - Filling up the DagBag from /Users/macbook/Documents/Documents_MacBook_Pro/ISTT/AirflowTutorial/envlibs/lib/python3.10/site-packages/airflow/example_dags/tutorial_dag.py
[2023-06-22T15:00:10.155+0700] {processor.py:836} INFO - DAG(s) dict_keys(['tutorial_dag']) retrieved from /Users/macbook/Documents/Documents_MacBook_Pro/ISTT/AirflowTutorial/envlibs/lib/python3.10/site-packages/airflow/example_dags/tutorial_dag.py
[2023-06-22T15:00:10.949+0700] {logging_mixin.py:149} INFO - [2023-06-22T15:00:10.949+0700] {dag.py:2726} INFO - Sync 1 DAGs
[2023-06-22T15:00:10.968+0700] {logging_mixin.py:149} INFO - [2023-06-22T15:00:10.967+0700] {dag.py:3486} INFO - Setting next_dagrun for tutorial_dag to None, run_after=None
[2023-06-22T15:00:10.991+0700] {processor.py:179} INFO - Processing /Users/macbook/Documents/Documents_MacBook_Pro/ISTT/AirflowTutorial/envlibs/lib/python3.10/site-packages/airflow/example_dags/tutorial_dag.py took 0.873 seconds
[2023-06-22T15:02:11.392+0700] {processor.py:157} INFO - Started process (PID=13067) to work on /Users/macbook/Documents/Documents_MacBook_Pro/ISTT/AirflowTutorial/envlibs/lib/python3.10/site-packages/airflow/example_dags/tutorial_dag.py
[2023-06-22T15:02:11.393+0700] {processor.py:826} INFO - Processing file /Users/macbook/Documents/Documents_MacBook_Pro/ISTT/AirflowTutorial/envlibs/lib/python3.10/site-packages/airflow/example_dags/tutorial_dag.py for tasks to queue
[2023-06-22T15:02:11.394+0700] {logging_mixin.py:149} INFO - [2023-06-22T15:02:11.394+0700] {dagbag.py:541} INFO - Filling up the DagBag from /Users/macbook/Documents/Documents_MacBook_Pro/ISTT/AirflowTutorial/envlibs/lib/python3.10/site-packages/airflow/example_dags/tutorial_dag.py
[2023-06-22T15:02:11.425+0700] {processor.py:836} INFO - DAG(s) dict_keys(['tutorial_dag']) retrieved from /Users/macbook/Documents/Documents_MacBook_Pro/ISTT/AirflowTutorial/envlibs/lib/python3.10/site-packages/airflow/example_dags/tutorial_dag.py
[2023-06-22T15:02:12.191+0700] {logging_mixin.py:149} INFO - [2023-06-22T15:02:12.191+0700] {dag.py:2726} INFO - Sync 1 DAGs
[2023-06-22T15:02:12.209+0700] {logging_mixin.py:149} INFO - [2023-06-22T15:02:12.209+0700] {dag.py:3486} INFO - Setting next_dagrun for tutorial_dag to None, run_after=None
[2023-06-22T15:02:12.228+0700] {processor.py:179} INFO - Processing /Users/macbook/Documents/Documents_MacBook_Pro/ISTT/AirflowTutorial/envlibs/lib/python3.10/site-packages/airflow/example_dags/tutorial_dag.py took 0.836 seconds
[2023-06-22T15:04:13.747+0700] {processor.py:157} INFO - Started process (PID=13126) to work on /Users/macbook/Documents/Documents_MacBook_Pro/ISTT/AirflowTutorial/envlibs/lib/python3.10/site-packages/airflow/example_dags/tutorial_dag.py
[2023-06-22T15:04:13.748+0700] {processor.py:826} INFO - Processing file /Users/macbook/Documents/Documents_MacBook_Pro/ISTT/AirflowTutorial/envlibs/lib/python3.10/site-packages/airflow/example_dags/tutorial_dag.py for tasks to queue
[2023-06-22T15:04:13.749+0700] {logging_mixin.py:149} INFO - [2023-06-22T15:04:13.749+0700] {dagbag.py:541} INFO - Filling up the DagBag from /Users/macbook/Documents/Documents_MacBook_Pro/ISTT/AirflowTutorial/envlibs/lib/python3.10/site-packages/airflow/example_dags/tutorial_dag.py
[2023-06-22T15:04:13.784+0700] {processor.py:836} INFO - DAG(s) dict_keys(['tutorial_dag']) retrieved from /Users/macbook/Documents/Documents_MacBook_Pro/ISTT/AirflowTutorial/envlibs/lib/python3.10/site-packages/airflow/example_dags/tutorial_dag.py
[2023-06-22T15:04:14.565+0700] {logging_mixin.py:149} INFO - [2023-06-22T15:04:14.564+0700] {dag.py:2726} INFO - Sync 1 DAGs
[2023-06-22T15:04:14.582+0700] {logging_mixin.py:149} INFO - [2023-06-22T15:04:14.582+0700] {dag.py:3486} INFO - Setting next_dagrun for tutorial_dag to None, run_after=None
[2023-06-22T15:04:14.601+0700] {processor.py:179} INFO - Processing /Users/macbook/Documents/Documents_MacBook_Pro/ISTT/AirflowTutorial/envlibs/lib/python3.10/site-packages/airflow/example_dags/tutorial_dag.py took 0.855 seconds
[2023-06-22T15:06:19.322+0700] {processor.py:157} INFO - Started process (PID=13209) to work on /Users/macbook/Documents/Documents_MacBook_Pro/ISTT/AirflowTutorial/envlibs/lib/python3.10/site-packages/airflow/example_dags/tutorial_dag.py
[2023-06-22T15:06:19.323+0700] {processor.py:826} INFO - Processing file /Users/macbook/Documents/Documents_MacBook_Pro/ISTT/AirflowTutorial/envlibs/lib/python3.10/site-packages/airflow/example_dags/tutorial_dag.py for tasks to queue
[2023-06-22T15:06:19.324+0700] {logging_mixin.py:149} INFO - [2023-06-22T15:06:19.324+0700] {dagbag.py:541} INFO - Filling up the DagBag from /Users/macbook/Documents/Documents_MacBook_Pro/ISTT/AirflowTutorial/envlibs/lib/python3.10/site-packages/airflow/example_dags/tutorial_dag.py
[2023-06-22T15:06:19.370+0700] {processor.py:836} INFO - DAG(s) dict_keys(['tutorial_dag']) retrieved from /Users/macbook/Documents/Documents_MacBook_Pro/ISTT/AirflowTutorial/envlibs/lib/python3.10/site-packages/airflow/example_dags/tutorial_dag.py
[2023-06-22T15:06:20.430+0700] {logging_mixin.py:149} INFO - [2023-06-22T15:06:20.429+0700] {dag.py:2726} INFO - Sync 1 DAGs
[2023-06-22T15:06:20.455+0700] {logging_mixin.py:149} INFO - [2023-06-22T15:06:20.455+0700] {dag.py:3486} INFO - Setting next_dagrun for tutorial_dag to None, run_after=None
[2023-06-22T15:06:20.475+0700] {processor.py:179} INFO - Processing /Users/macbook/Documents/Documents_MacBook_Pro/ISTT/AirflowTutorial/envlibs/lib/python3.10/site-packages/airflow/example_dags/tutorial_dag.py took 1.153 seconds
[2023-06-22T15:08:24.737+0700] {processor.py:157} INFO - Started process (PID=13283) to work on /Users/macbook/Documents/Documents_MacBook_Pro/ISTT/AirflowTutorial/envlibs/lib/python3.10/site-packages/airflow/example_dags/tutorial_dag.py
[2023-06-22T15:08:24.738+0700] {processor.py:826} INFO - Processing file /Users/macbook/Documents/Documents_MacBook_Pro/ISTT/AirflowTutorial/envlibs/lib/python3.10/site-packages/airflow/example_dags/tutorial_dag.py for tasks to queue
[2023-06-22T15:08:24.738+0700] {logging_mixin.py:149} INFO - [2023-06-22T15:08:24.738+0700] {dagbag.py:541} INFO - Filling up the DagBag from /Users/macbook/Documents/Documents_MacBook_Pro/ISTT/AirflowTutorial/envlibs/lib/python3.10/site-packages/airflow/example_dags/tutorial_dag.py
[2023-06-22T15:08:24.767+0700] {processor.py:836} INFO - DAG(s) dict_keys(['tutorial_dag']) retrieved from /Users/macbook/Documents/Documents_MacBook_Pro/ISTT/AirflowTutorial/envlibs/lib/python3.10/site-packages/airflow/example_dags/tutorial_dag.py
[2023-06-22T15:08:25.522+0700] {logging_mixin.py:149} INFO - [2023-06-22T15:08:25.522+0700] {dag.py:2726} INFO - Sync 1 DAGs
[2023-06-22T15:08:25.540+0700] {logging_mixin.py:149} INFO - [2023-06-22T15:08:25.540+0700] {dag.py:3486} INFO - Setting next_dagrun for tutorial_dag to None, run_after=None
[2023-06-22T15:08:25.559+0700] {processor.py:179} INFO - Processing /Users/macbook/Documents/Documents_MacBook_Pro/ISTT/AirflowTutorial/envlibs/lib/python3.10/site-packages/airflow/example_dags/tutorial_dag.py took 0.823 seconds
[2023-06-22T15:10:28.957+0700] {processor.py:157} INFO - Started process (PID=13379) to work on /Users/macbook/Documents/Documents_MacBook_Pro/ISTT/AirflowTutorial/envlibs/lib/python3.10/site-packages/airflow/example_dags/tutorial_dag.py
[2023-06-22T15:10:28.958+0700] {processor.py:826} INFO - Processing file /Users/macbook/Documents/Documents_MacBook_Pro/ISTT/AirflowTutorial/envlibs/lib/python3.10/site-packages/airflow/example_dags/tutorial_dag.py for tasks to queue
[2023-06-22T15:10:28.959+0700] {logging_mixin.py:149} INFO - [2023-06-22T15:10:28.959+0700] {dagbag.py:541} INFO - Filling up the DagBag from /Users/macbook/Documents/Documents_MacBook_Pro/ISTT/AirflowTutorial/envlibs/lib/python3.10/site-packages/airflow/example_dags/tutorial_dag.py
[2023-06-22T15:10:28.997+0700] {processor.py:836} INFO - DAG(s) dict_keys(['tutorial_dag']) retrieved from /Users/macbook/Documents/Documents_MacBook_Pro/ISTT/AirflowTutorial/envlibs/lib/python3.10/site-packages/airflow/example_dags/tutorial_dag.py
[2023-06-22T15:10:29.742+0700] {logging_mixin.py:149} INFO - [2023-06-22T15:10:29.742+0700] {dag.py:2726} INFO - Sync 1 DAGs
[2023-06-22T15:10:29.765+0700] {logging_mixin.py:149} INFO - [2023-06-22T15:10:29.765+0700] {dag.py:3486} INFO - Setting next_dagrun for tutorial_dag to None, run_after=None
[2023-06-22T15:10:29.784+0700] {processor.py:179} INFO - Processing /Users/macbook/Documents/Documents_MacBook_Pro/ISTT/AirflowTutorial/envlibs/lib/python3.10/site-packages/airflow/example_dags/tutorial_dag.py took 0.828 seconds
[2023-06-22T15:12:34.192+0700] {processor.py:157} INFO - Started process (PID=13434) to work on /Users/macbook/Documents/Documents_MacBook_Pro/ISTT/AirflowTutorial/envlibs/lib/python3.10/site-packages/airflow/example_dags/tutorial_dag.py
[2023-06-22T15:12:34.194+0700] {processor.py:826} INFO - Processing file /Users/macbook/Documents/Documents_MacBook_Pro/ISTT/AirflowTutorial/envlibs/lib/python3.10/site-packages/airflow/example_dags/tutorial_dag.py for tasks to queue
[2023-06-22T15:12:34.194+0700] {logging_mixin.py:149} INFO - [2023-06-22T15:12:34.194+0700] {dagbag.py:541} INFO - Filling up the DagBag from /Users/macbook/Documents/Documents_MacBook_Pro/ISTT/AirflowTutorial/envlibs/lib/python3.10/site-packages/airflow/example_dags/tutorial_dag.py
[2023-06-22T15:12:34.229+0700] {processor.py:836} INFO - DAG(s) dict_keys(['tutorial_dag']) retrieved from /Users/macbook/Documents/Documents_MacBook_Pro/ISTT/AirflowTutorial/envlibs/lib/python3.10/site-packages/airflow/example_dags/tutorial_dag.py
[2023-06-22T15:12:34.969+0700] {logging_mixin.py:149} INFO - [2023-06-22T15:12:34.968+0700] {dag.py:2726} INFO - Sync 1 DAGs
[2023-06-22T15:12:34.984+0700] {logging_mixin.py:149} INFO - [2023-06-22T15:12:34.984+0700] {dag.py:3486} INFO - Setting next_dagrun for tutorial_dag to None, run_after=None
[2023-06-22T15:12:35.000+0700] {processor.py:179} INFO - Processing /Users/macbook/Documents/Documents_MacBook_Pro/ISTT/AirflowTutorial/envlibs/lib/python3.10/site-packages/airflow/example_dags/tutorial_dag.py took 0.809 seconds
[2023-06-22T15:14:41.623+0700] {processor.py:157} INFO - Started process (PID=13524) to work on /Users/macbook/Documents/Documents_MacBook_Pro/ISTT/AirflowTutorial/envlibs/lib/python3.10/site-packages/airflow/example_dags/tutorial_dag.py
[2023-06-22T15:14:41.623+0700] {processor.py:826} INFO - Processing file /Users/macbook/Documents/Documents_MacBook_Pro/ISTT/AirflowTutorial/envlibs/lib/python3.10/site-packages/airflow/example_dags/tutorial_dag.py for tasks to queue
[2023-06-22T15:14:41.624+0700] {logging_mixin.py:149} INFO - [2023-06-22T15:14:41.624+0700] {dagbag.py:541} INFO - Filling up the DagBag from /Users/macbook/Documents/Documents_MacBook_Pro/ISTT/AirflowTutorial/envlibs/lib/python3.10/site-packages/airflow/example_dags/tutorial_dag.py
[2023-06-22T15:14:41.661+0700] {processor.py:836} INFO - DAG(s) dict_keys(['tutorial_dag']) retrieved from /Users/macbook/Documents/Documents_MacBook_Pro/ISTT/AirflowTutorial/envlibs/lib/python3.10/site-packages/airflow/example_dags/tutorial_dag.py
[2023-06-22T15:14:42.527+0700] {logging_mixin.py:149} INFO - [2023-06-22T15:14:42.526+0700] {dag.py:2726} INFO - Sync 1 DAGs
[2023-06-22T15:14:42.548+0700] {logging_mixin.py:149} INFO - [2023-06-22T15:14:42.548+0700] {dag.py:3486} INFO - Setting next_dagrun for tutorial_dag to None, run_after=None
[2023-06-22T15:14:42.568+0700] {processor.py:179} INFO - Processing /Users/macbook/Documents/Documents_MacBook_Pro/ISTT/AirflowTutorial/envlibs/lib/python3.10/site-packages/airflow/example_dags/tutorial_dag.py took 0.946 seconds
[2023-06-22T15:16:49.993+0700] {processor.py:157} INFO - Started process (PID=13600) to work on /Users/macbook/Documents/Documents_MacBook_Pro/ISTT/AirflowTutorial/envlibs/lib/python3.10/site-packages/airflow/example_dags/tutorial_dag.py
[2023-06-22T15:16:49.996+0700] {processor.py:826} INFO - Processing file /Users/macbook/Documents/Documents_MacBook_Pro/ISTT/AirflowTutorial/envlibs/lib/python3.10/site-packages/airflow/example_dags/tutorial_dag.py for tasks to queue
[2023-06-22T15:16:49.997+0700] {logging_mixin.py:149} INFO - [2023-06-22T15:16:49.997+0700] {dagbag.py:541} INFO - Filling up the DagBag from /Users/macbook/Documents/Documents_MacBook_Pro/ISTT/AirflowTutorial/envlibs/lib/python3.10/site-packages/airflow/example_dags/tutorial_dag.py
[2023-06-22T15:16:50.031+0700] {processor.py:836} INFO - DAG(s) dict_keys(['tutorial_dag']) retrieved from /Users/macbook/Documents/Documents_MacBook_Pro/ISTT/AirflowTutorial/envlibs/lib/python3.10/site-packages/airflow/example_dags/tutorial_dag.py
[2023-06-22T15:16:50.804+0700] {logging_mixin.py:149} INFO - [2023-06-22T15:16:50.803+0700] {dag.py:2726} INFO - Sync 1 DAGs
[2023-06-22T15:16:50.821+0700] {logging_mixin.py:149} INFO - [2023-06-22T15:16:50.821+0700] {dag.py:3486} INFO - Setting next_dagrun for tutorial_dag to None, run_after=None
[2023-06-22T15:16:50.844+0700] {processor.py:179} INFO - Processing /Users/macbook/Documents/Documents_MacBook_Pro/ISTT/AirflowTutorial/envlibs/lib/python3.10/site-packages/airflow/example_dags/tutorial_dag.py took 0.852 seconds
[2023-06-22T15:18:51.251+0700] {processor.py:157} INFO - Started process (PID=13683) to work on /Users/macbook/Documents/Documents_MacBook_Pro/ISTT/AirflowTutorial/envlibs/lib/python3.10/site-packages/airflow/example_dags/tutorial_dag.py
[2023-06-22T15:18:51.253+0700] {processor.py:826} INFO - Processing file /Users/macbook/Documents/Documents_MacBook_Pro/ISTT/AirflowTutorial/envlibs/lib/python3.10/site-packages/airflow/example_dags/tutorial_dag.py for tasks to queue
[2023-06-22T15:18:51.254+0700] {logging_mixin.py:149} INFO - [2023-06-22T15:18:51.254+0700] {dagbag.py:541} INFO - Filling up the DagBag from /Users/macbook/Documents/Documents_MacBook_Pro/ISTT/AirflowTutorial/envlibs/lib/python3.10/site-packages/airflow/example_dags/tutorial_dag.py
[2023-06-22T15:18:51.287+0700] {processor.py:836} INFO - DAG(s) dict_keys(['tutorial_dag']) retrieved from /Users/macbook/Documents/Documents_MacBook_Pro/ISTT/AirflowTutorial/envlibs/lib/python3.10/site-packages/airflow/example_dags/tutorial_dag.py
[2023-06-22T15:18:52.075+0700] {logging_mixin.py:149} INFO - [2023-06-22T15:18:52.075+0700] {dag.py:2726} INFO - Sync 1 DAGs
[2023-06-22T15:18:52.092+0700] {logging_mixin.py:149} INFO - [2023-06-22T15:18:52.092+0700] {dag.py:3486} INFO - Setting next_dagrun for tutorial_dag to None, run_after=None
[2023-06-22T15:18:52.111+0700] {processor.py:179} INFO - Processing /Users/macbook/Documents/Documents_MacBook_Pro/ISTT/AirflowTutorial/envlibs/lib/python3.10/site-packages/airflow/example_dags/tutorial_dag.py took 0.860 seconds
[2023-06-22T15:20:53.162+0700] {processor.py:157} INFO - Started process (PID=13763) to work on /Users/macbook/Documents/Documents_MacBook_Pro/ISTT/AirflowTutorial/envlibs/lib/python3.10/site-packages/airflow/example_dags/tutorial_dag.py
[2023-06-22T15:20:53.164+0700] {processor.py:826} INFO - Processing file /Users/macbook/Documents/Documents_MacBook_Pro/ISTT/AirflowTutorial/envlibs/lib/python3.10/site-packages/airflow/example_dags/tutorial_dag.py for tasks to queue
[2023-06-22T15:20:53.164+0700] {logging_mixin.py:149} INFO - [2023-06-22T15:20:53.164+0700] {dagbag.py:541} INFO - Filling up the DagBag from /Users/macbook/Documents/Documents_MacBook_Pro/ISTT/AirflowTutorial/envlibs/lib/python3.10/site-packages/airflow/example_dags/tutorial_dag.py
[2023-06-22T15:20:53.193+0700] {processor.py:836} INFO - DAG(s) dict_keys(['tutorial_dag']) retrieved from /Users/macbook/Documents/Documents_MacBook_Pro/ISTT/AirflowTutorial/envlibs/lib/python3.10/site-packages/airflow/example_dags/tutorial_dag.py
[2023-06-22T15:20:53.875+0700] {logging_mixin.py:149} INFO - [2023-06-22T15:20:53.875+0700] {dag.py:2726} INFO - Sync 1 DAGs
[2023-06-22T15:20:53.890+0700] {logging_mixin.py:149} INFO - [2023-06-22T15:20:53.890+0700] {dag.py:3486} INFO - Setting next_dagrun for tutorial_dag to None, run_after=None
[2023-06-22T15:20:53.907+0700] {processor.py:179} INFO - Processing /Users/macbook/Documents/Documents_MacBook_Pro/ISTT/AirflowTutorial/envlibs/lib/python3.10/site-packages/airflow/example_dags/tutorial_dag.py took 0.745 seconds
[2023-06-22T15:22:58.322+0700] {processor.py:157} INFO - Started process (PID=13816) to work on /Users/macbook/Documents/Documents_MacBook_Pro/ISTT/AirflowTutorial/envlibs/lib/python3.10/site-packages/airflow/example_dags/tutorial_dag.py
[2023-06-22T15:22:58.323+0700] {processor.py:826} INFO - Processing file /Users/macbook/Documents/Documents_MacBook_Pro/ISTT/AirflowTutorial/envlibs/lib/python3.10/site-packages/airflow/example_dags/tutorial_dag.py for tasks to queue
[2023-06-22T15:22:58.323+0700] {logging_mixin.py:149} INFO - [2023-06-22T15:22:58.323+0700] {dagbag.py:541} INFO - Filling up the DagBag from /Users/macbook/Documents/Documents_MacBook_Pro/ISTT/AirflowTutorial/envlibs/lib/python3.10/site-packages/airflow/example_dags/tutorial_dag.py
[2023-06-22T15:22:58.366+0700] {processor.py:836} INFO - DAG(s) dict_keys(['tutorial_dag']) retrieved from /Users/macbook/Documents/Documents_MacBook_Pro/ISTT/AirflowTutorial/envlibs/lib/python3.10/site-packages/airflow/example_dags/tutorial_dag.py
[2023-06-22T15:22:59.443+0700] {logging_mixin.py:149} INFO - [2023-06-22T15:22:59.443+0700] {dag.py:2726} INFO - Sync 1 DAGs
[2023-06-22T15:22:59.467+0700] {logging_mixin.py:149} INFO - [2023-06-22T15:22:59.467+0700] {dag.py:3486} INFO - Setting next_dagrun for tutorial_dag to None, run_after=None
[2023-06-22T15:22:59.490+0700] {processor.py:179} INFO - Processing /Users/macbook/Documents/Documents_MacBook_Pro/ISTT/AirflowTutorial/envlibs/lib/python3.10/site-packages/airflow/example_dags/tutorial_dag.py took 1.169 seconds
[2023-06-22T15:25:18.811+0700] {processor.py:157} INFO - Started process (PID=13888) to work on /Users/macbook/Documents/Documents_MacBook_Pro/ISTT/AirflowTutorial/envlibs/lib/python3.10/site-packages/airflow/example_dags/tutorial_dag.py
[2023-06-22T15:25:18.813+0700] {processor.py:826} INFO - Processing file /Users/macbook/Documents/Documents_MacBook_Pro/ISTT/AirflowTutorial/envlibs/lib/python3.10/site-packages/airflow/example_dags/tutorial_dag.py for tasks to queue
[2023-06-22T15:25:18.814+0700] {logging_mixin.py:149} INFO - [2023-06-22T15:25:18.814+0700] {dagbag.py:541} INFO - Filling up the DagBag from /Users/macbook/Documents/Documents_MacBook_Pro/ISTT/AirflowTutorial/envlibs/lib/python3.10/site-packages/airflow/example_dags/tutorial_dag.py
[2023-06-22T15:25:18.852+0700] {processor.py:836} INFO - DAG(s) dict_keys(['tutorial_dag']) retrieved from /Users/macbook/Documents/Documents_MacBook_Pro/ISTT/AirflowTutorial/envlibs/lib/python3.10/site-packages/airflow/example_dags/tutorial_dag.py
[2023-06-22T15:25:19.681+0700] {logging_mixin.py:149} INFO - [2023-06-22T15:25:19.681+0700] {dag.py:2726} INFO - Sync 1 DAGs
[2023-06-22T15:25:19.698+0700] {logging_mixin.py:149} INFO - [2023-06-22T15:25:19.698+0700] {dag.py:3486} INFO - Setting next_dagrun for tutorial_dag to None, run_after=None
[2023-06-22T15:25:19.719+0700] {processor.py:179} INFO - Processing /Users/macbook/Documents/Documents_MacBook_Pro/ISTT/AirflowTutorial/envlibs/lib/python3.10/site-packages/airflow/example_dags/tutorial_dag.py took 0.909 seconds
[2023-06-22T15:27:30.713+0700] {processor.py:157} INFO - Started process (PID=13944) to work on /Users/macbook/Documents/Documents_MacBook_Pro/ISTT/AirflowTutorial/envlibs/lib/python3.10/site-packages/airflow/example_dags/tutorial_dag.py
[2023-06-22T15:27:30.715+0700] {processor.py:826} INFO - Processing file /Users/macbook/Documents/Documents_MacBook_Pro/ISTT/AirflowTutorial/envlibs/lib/python3.10/site-packages/airflow/example_dags/tutorial_dag.py for tasks to queue
[2023-06-22T15:27:30.715+0700] {logging_mixin.py:149} INFO - [2023-06-22T15:27:30.715+0700] {dagbag.py:541} INFO - Filling up the DagBag from /Users/macbook/Documents/Documents_MacBook_Pro/ISTT/AirflowTutorial/envlibs/lib/python3.10/site-packages/airflow/example_dags/tutorial_dag.py
[2023-06-22T15:27:30.748+0700] {processor.py:836} INFO - DAG(s) dict_keys(['tutorial_dag']) retrieved from /Users/macbook/Documents/Documents_MacBook_Pro/ISTT/AirflowTutorial/envlibs/lib/python3.10/site-packages/airflow/example_dags/tutorial_dag.py
[2023-06-22T15:27:31.543+0700] {logging_mixin.py:149} INFO - [2023-06-22T15:27:31.543+0700] {dag.py:2726} INFO - Sync 1 DAGs
[2023-06-22T15:27:31.561+0700] {logging_mixin.py:149} INFO - [2023-06-22T15:27:31.560+0700] {dag.py:3486} INFO - Setting next_dagrun for tutorial_dag to None, run_after=None
[2023-06-22T15:27:31.581+0700] {processor.py:179} INFO - Processing /Users/macbook/Documents/Documents_MacBook_Pro/ISTT/AirflowTutorial/envlibs/lib/python3.10/site-packages/airflow/example_dags/tutorial_dag.py took 0.869 seconds
[2023-06-22T15:29:37.814+0700] {processor.py:157} INFO - Started process (PID=13998) to work on /Users/macbook/Documents/Documents_MacBook_Pro/ISTT/AirflowTutorial/envlibs/lib/python3.10/site-packages/airflow/example_dags/tutorial_dag.py
[2023-06-22T15:29:37.816+0700] {processor.py:826} INFO - Processing file /Users/macbook/Documents/Documents_MacBook_Pro/ISTT/AirflowTutorial/envlibs/lib/python3.10/site-packages/airflow/example_dags/tutorial_dag.py for tasks to queue
[2023-06-22T15:29:37.816+0700] {logging_mixin.py:149} INFO - [2023-06-22T15:29:37.816+0700] {dagbag.py:541} INFO - Filling up the DagBag from /Users/macbook/Documents/Documents_MacBook_Pro/ISTT/AirflowTutorial/envlibs/lib/python3.10/site-packages/airflow/example_dags/tutorial_dag.py
[2023-06-22T15:29:37.855+0700] {processor.py:836} INFO - DAG(s) dict_keys(['tutorial_dag']) retrieved from /Users/macbook/Documents/Documents_MacBook_Pro/ISTT/AirflowTutorial/envlibs/lib/python3.10/site-packages/airflow/example_dags/tutorial_dag.py
[2023-06-22T15:29:38.797+0700] {logging_mixin.py:149} INFO - [2023-06-22T15:29:38.796+0700] {dag.py:2726} INFO - Sync 1 DAGs
[2023-06-22T15:29:38.816+0700] {logging_mixin.py:149} INFO - [2023-06-22T15:29:38.815+0700] {dag.py:3486} INFO - Setting next_dagrun for tutorial_dag to None, run_after=None
[2023-06-22T15:29:38.834+0700] {processor.py:179} INFO - Processing /Users/macbook/Documents/Documents_MacBook_Pro/ISTT/AirflowTutorial/envlibs/lib/python3.10/site-packages/airflow/example_dags/tutorial_dag.py took 1.021 seconds
[2023-06-22T15:31:43.745+0700] {processor.py:157} INFO - Started process (PID=14062) to work on /Users/macbook/Documents/Documents_MacBook_Pro/ISTT/AirflowTutorial/envlibs/lib/python3.10/site-packages/airflow/example_dags/tutorial_dag.py
[2023-06-22T15:31:43.746+0700] {processor.py:826} INFO - Processing file /Users/macbook/Documents/Documents_MacBook_Pro/ISTT/AirflowTutorial/envlibs/lib/python3.10/site-packages/airflow/example_dags/tutorial_dag.py for tasks to queue
[2023-06-22T15:31:43.747+0700] {logging_mixin.py:149} INFO - [2023-06-22T15:31:43.747+0700] {dagbag.py:541} INFO - Filling up the DagBag from /Users/macbook/Documents/Documents_MacBook_Pro/ISTT/AirflowTutorial/envlibs/lib/python3.10/site-packages/airflow/example_dags/tutorial_dag.py
[2023-06-22T15:31:43.782+0700] {processor.py:836} INFO - DAG(s) dict_keys(['tutorial_dag']) retrieved from /Users/macbook/Documents/Documents_MacBook_Pro/ISTT/AirflowTutorial/envlibs/lib/python3.10/site-packages/airflow/example_dags/tutorial_dag.py
[2023-06-22T15:31:44.569+0700] {logging_mixin.py:149} INFO - [2023-06-22T15:31:44.569+0700] {dag.py:2726} INFO - Sync 1 DAGs
[2023-06-22T15:31:44.585+0700] {logging_mixin.py:149} INFO - [2023-06-22T15:31:44.585+0700] {dag.py:3486} INFO - Setting next_dagrun for tutorial_dag to None, run_after=None
[2023-06-22T15:31:44.604+0700] {processor.py:179} INFO - Processing /Users/macbook/Documents/Documents_MacBook_Pro/ISTT/AirflowTutorial/envlibs/lib/python3.10/site-packages/airflow/example_dags/tutorial_dag.py took 0.859 seconds
[2023-06-22T15:33:47.570+0700] {processor.py:157} INFO - Started process (PID=14122) to work on /Users/macbook/Documents/Documents_MacBook_Pro/ISTT/AirflowTutorial/envlibs/lib/python3.10/site-packages/airflow/example_dags/tutorial_dag.py
[2023-06-22T15:33:47.571+0700] {processor.py:826} INFO - Processing file /Users/macbook/Documents/Documents_MacBook_Pro/ISTT/AirflowTutorial/envlibs/lib/python3.10/site-packages/airflow/example_dags/tutorial_dag.py for tasks to queue
[2023-06-22T15:33:47.572+0700] {logging_mixin.py:149} INFO - [2023-06-22T15:33:47.572+0700] {dagbag.py:541} INFO - Filling up the DagBag from /Users/macbook/Documents/Documents_MacBook_Pro/ISTT/AirflowTutorial/envlibs/lib/python3.10/site-packages/airflow/example_dags/tutorial_dag.py
[2023-06-22T15:33:47.607+0700] {processor.py:836} INFO - DAG(s) dict_keys(['tutorial_dag']) retrieved from /Users/macbook/Documents/Documents_MacBook_Pro/ISTT/AirflowTutorial/envlibs/lib/python3.10/site-packages/airflow/example_dags/tutorial_dag.py
[2023-06-22T15:33:48.476+0700] {logging_mixin.py:149} INFO - [2023-06-22T15:33:48.475+0700] {dag.py:2726} INFO - Sync 1 DAGs
[2023-06-22T15:33:48.500+0700] {logging_mixin.py:149} INFO - [2023-06-22T15:33:48.500+0700] {dag.py:3486} INFO - Setting next_dagrun for tutorial_dag to None, run_after=None
[2023-06-22T15:33:48.522+0700] {processor.py:179} INFO - Processing /Users/macbook/Documents/Documents_MacBook_Pro/ISTT/AirflowTutorial/envlibs/lib/python3.10/site-packages/airflow/example_dags/tutorial_dag.py took 0.952 seconds
[2023-06-22T15:35:52.326+0700] {processor.py:157} INFO - Started process (PID=14179) to work on /Users/macbook/Documents/Documents_MacBook_Pro/ISTT/AirflowTutorial/envlibs/lib/python3.10/site-packages/airflow/example_dags/tutorial_dag.py
[2023-06-22T15:35:52.328+0700] {processor.py:826} INFO - Processing file /Users/macbook/Documents/Documents_MacBook_Pro/ISTT/AirflowTutorial/envlibs/lib/python3.10/site-packages/airflow/example_dags/tutorial_dag.py for tasks to queue
[2023-06-22T15:35:52.328+0700] {logging_mixin.py:149} INFO - [2023-06-22T15:35:52.328+0700] {dagbag.py:541} INFO - Filling up the DagBag from /Users/macbook/Documents/Documents_MacBook_Pro/ISTT/AirflowTutorial/envlibs/lib/python3.10/site-packages/airflow/example_dags/tutorial_dag.py
[2023-06-22T15:35:52.365+0700] {processor.py:836} INFO - DAG(s) dict_keys(['tutorial_dag']) retrieved from /Users/macbook/Documents/Documents_MacBook_Pro/ISTT/AirflowTutorial/envlibs/lib/python3.10/site-packages/airflow/example_dags/tutorial_dag.py
[2023-06-22T15:35:53.125+0700] {logging_mixin.py:149} INFO - [2023-06-22T15:35:53.125+0700] {dag.py:2726} INFO - Sync 1 DAGs
[2023-06-22T15:35:53.142+0700] {logging_mixin.py:149} INFO - [2023-06-22T15:35:53.142+0700] {dag.py:3486} INFO - Setting next_dagrun for tutorial_dag to None, run_after=None
[2023-06-22T15:35:53.161+0700] {processor.py:179} INFO - Processing /Users/macbook/Documents/Documents_MacBook_Pro/ISTT/AirflowTutorial/envlibs/lib/python3.10/site-packages/airflow/example_dags/tutorial_dag.py took 0.835 seconds
[2023-06-22T15:38:02.967+0700] {processor.py:157} INFO - Started process (PID=14249) to work on /Users/macbook/Documents/Documents_MacBook_Pro/ISTT/AirflowTutorial/envlibs/lib/python3.10/site-packages/airflow/example_dags/tutorial_dag.py
[2023-06-22T15:38:02.968+0700] {processor.py:826} INFO - Processing file /Users/macbook/Documents/Documents_MacBook_Pro/ISTT/AirflowTutorial/envlibs/lib/python3.10/site-packages/airflow/example_dags/tutorial_dag.py for tasks to queue
[2023-06-22T15:38:02.969+0700] {logging_mixin.py:149} INFO - [2023-06-22T15:38:02.969+0700] {dagbag.py:541} INFO - Filling up the DagBag from /Users/macbook/Documents/Documents_MacBook_Pro/ISTT/AirflowTutorial/envlibs/lib/python3.10/site-packages/airflow/example_dags/tutorial_dag.py
[2023-06-22T15:38:03.017+0700] {processor.py:836} INFO - DAG(s) dict_keys(['tutorial_dag']) retrieved from /Users/macbook/Documents/Documents_MacBook_Pro/ISTT/AirflowTutorial/envlibs/lib/python3.10/site-packages/airflow/example_dags/tutorial_dag.py
[2023-06-22T15:38:04.049+0700] {logging_mixin.py:149} INFO - [2023-06-22T15:38:04.048+0700] {dag.py:2726} INFO - Sync 1 DAGs
[2023-06-22T15:38:04.071+0700] {logging_mixin.py:149} INFO - [2023-06-22T15:38:04.070+0700] {dag.py:3486} INFO - Setting next_dagrun for tutorial_dag to None, run_after=None
[2023-06-22T15:38:04.091+0700] {processor.py:179} INFO - Processing /Users/macbook/Documents/Documents_MacBook_Pro/ISTT/AirflowTutorial/envlibs/lib/python3.10/site-packages/airflow/example_dags/tutorial_dag.py took 1.125 seconds
[2023-06-22T15:40:13.215+0700] {processor.py:157} INFO - Started process (PID=14318) to work on /Users/macbook/Documents/Documents_MacBook_Pro/ISTT/AirflowTutorial/envlibs/lib/python3.10/site-packages/airflow/example_dags/tutorial_dag.py
[2023-06-22T15:40:13.216+0700] {processor.py:826} INFO - Processing file /Users/macbook/Documents/Documents_MacBook_Pro/ISTT/AirflowTutorial/envlibs/lib/python3.10/site-packages/airflow/example_dags/tutorial_dag.py for tasks to queue
[2023-06-22T15:40:13.217+0700] {logging_mixin.py:149} INFO - [2023-06-22T15:40:13.217+0700] {dagbag.py:541} INFO - Filling up the DagBag from /Users/macbook/Documents/Documents_MacBook_Pro/ISTT/AirflowTutorial/envlibs/lib/python3.10/site-packages/airflow/example_dags/tutorial_dag.py
[2023-06-22T15:40:13.252+0700] {processor.py:836} INFO - DAG(s) dict_keys(['tutorial_dag']) retrieved from /Users/macbook/Documents/Documents_MacBook_Pro/ISTT/AirflowTutorial/envlibs/lib/python3.10/site-packages/airflow/example_dags/tutorial_dag.py
[2023-06-22T15:40:14.143+0700] {logging_mixin.py:149} INFO - [2023-06-22T15:40:14.142+0700] {dag.py:2726} INFO - Sync 1 DAGs
[2023-06-22T15:40:14.169+0700] {logging_mixin.py:149} INFO - [2023-06-22T15:40:14.168+0700] {dag.py:3486} INFO - Setting next_dagrun for tutorial_dag to None, run_after=None
[2023-06-22T15:40:14.188+0700] {processor.py:179} INFO - Processing /Users/macbook/Documents/Documents_MacBook_Pro/ISTT/AirflowTutorial/envlibs/lib/python3.10/site-packages/airflow/example_dags/tutorial_dag.py took 0.974 seconds
[2023-06-22T15:42:21.688+0700] {processor.py:157} INFO - Started process (PID=14380) to work on /Users/macbook/Documents/Documents_MacBook_Pro/ISTT/AirflowTutorial/envlibs/lib/python3.10/site-packages/airflow/example_dags/tutorial_dag.py
[2023-06-22T15:42:21.689+0700] {processor.py:826} INFO - Processing file /Users/macbook/Documents/Documents_MacBook_Pro/ISTT/AirflowTutorial/envlibs/lib/python3.10/site-packages/airflow/example_dags/tutorial_dag.py for tasks to queue
[2023-06-22T15:42:21.689+0700] {logging_mixin.py:149} INFO - [2023-06-22T15:42:21.689+0700] {dagbag.py:541} INFO - Filling up the DagBag from /Users/macbook/Documents/Documents_MacBook_Pro/ISTT/AirflowTutorial/envlibs/lib/python3.10/site-packages/airflow/example_dags/tutorial_dag.py
[2023-06-22T15:42:21.734+0700] {processor.py:836} INFO - DAG(s) dict_keys(['tutorial_dag']) retrieved from /Users/macbook/Documents/Documents_MacBook_Pro/ISTT/AirflowTutorial/envlibs/lib/python3.10/site-packages/airflow/example_dags/tutorial_dag.py
[2023-06-22T15:42:22.662+0700] {logging_mixin.py:149} INFO - [2023-06-22T15:42:22.662+0700] {dag.py:2726} INFO - Sync 1 DAGs
[2023-06-22T15:42:22.682+0700] {logging_mixin.py:149} INFO - [2023-06-22T15:42:22.681+0700] {dag.py:3486} INFO - Setting next_dagrun for tutorial_dag to None, run_after=None
[2023-06-22T15:42:22.704+0700] {processor.py:179} INFO - Processing /Users/macbook/Documents/Documents_MacBook_Pro/ISTT/AirflowTutorial/envlibs/lib/python3.10/site-packages/airflow/example_dags/tutorial_dag.py took 1.017 seconds
[2023-06-22T15:44:32.473+0700] {processor.py:157} INFO - Started process (PID=14455) to work on /Users/macbook/Documents/Documents_MacBook_Pro/ISTT/AirflowTutorial/envlibs/lib/python3.10/site-packages/airflow/example_dags/tutorial_dag.py
[2023-06-22T15:44:32.474+0700] {processor.py:826} INFO - Processing file /Users/macbook/Documents/Documents_MacBook_Pro/ISTT/AirflowTutorial/envlibs/lib/python3.10/site-packages/airflow/example_dags/tutorial_dag.py for tasks to queue
[2023-06-22T15:44:32.475+0700] {logging_mixin.py:149} INFO - [2023-06-22T15:44:32.475+0700] {dagbag.py:541} INFO - Filling up the DagBag from /Users/macbook/Documents/Documents_MacBook_Pro/ISTT/AirflowTutorial/envlibs/lib/python3.10/site-packages/airflow/example_dags/tutorial_dag.py
[2023-06-22T15:44:32.509+0700] {processor.py:836} INFO - DAG(s) dict_keys(['tutorial_dag']) retrieved from /Users/macbook/Documents/Documents_MacBook_Pro/ISTT/AirflowTutorial/envlibs/lib/python3.10/site-packages/airflow/example_dags/tutorial_dag.py
[2023-06-22T15:44:33.322+0700] {logging_mixin.py:149} INFO - [2023-06-22T15:44:33.322+0700] {dag.py:2726} INFO - Sync 1 DAGs
[2023-06-22T15:44:33.341+0700] {logging_mixin.py:149} INFO - [2023-06-22T15:44:33.341+0700] {dag.py:3486} INFO - Setting next_dagrun for tutorial_dag to None, run_after=None
[2023-06-22T15:44:33.360+0700] {processor.py:179} INFO - Processing /Users/macbook/Documents/Documents_MacBook_Pro/ISTT/AirflowTutorial/envlibs/lib/python3.10/site-packages/airflow/example_dags/tutorial_dag.py took 0.887 seconds
[2023-06-22T15:46:43.217+0700] {processor.py:157} INFO - Started process (PID=14526) to work on /Users/macbook/Documents/Documents_MacBook_Pro/ISTT/AirflowTutorial/envlibs/lib/python3.10/site-packages/airflow/example_dags/tutorial_dag.py
[2023-06-22T15:46:43.218+0700] {processor.py:826} INFO - Processing file /Users/macbook/Documents/Documents_MacBook_Pro/ISTT/AirflowTutorial/envlibs/lib/python3.10/site-packages/airflow/example_dags/tutorial_dag.py for tasks to queue
[2023-06-22T15:46:43.219+0700] {logging_mixin.py:149} INFO - [2023-06-22T15:46:43.219+0700] {dagbag.py:541} INFO - Filling up the DagBag from /Users/macbook/Documents/Documents_MacBook_Pro/ISTT/AirflowTutorial/envlibs/lib/python3.10/site-packages/airflow/example_dags/tutorial_dag.py
[2023-06-22T15:46:43.274+0700] {processor.py:836} INFO - DAG(s) dict_keys(['tutorial_dag']) retrieved from /Users/macbook/Documents/Documents_MacBook_Pro/ISTT/AirflowTutorial/envlibs/lib/python3.10/site-packages/airflow/example_dags/tutorial_dag.py
[2023-06-22T15:46:44.370+0700] {logging_mixin.py:149} INFO - [2023-06-22T15:46:44.370+0700] {dag.py:2726} INFO - Sync 1 DAGs
[2023-06-22T15:46:44.396+0700] {logging_mixin.py:149} INFO - [2023-06-22T15:46:44.396+0700] {dag.py:3486} INFO - Setting next_dagrun for tutorial_dag to None, run_after=None
[2023-06-22T15:46:44.427+0700] {processor.py:179} INFO - Processing /Users/macbook/Documents/Documents_MacBook_Pro/ISTT/AirflowTutorial/envlibs/lib/python3.10/site-packages/airflow/example_dags/tutorial_dag.py took 1.212 seconds
[2023-06-22T15:49:00.709+0700] {processor.py:157} INFO - Started process (PID=14628) to work on /Users/macbook/Documents/Documents_MacBook_Pro/ISTT/AirflowTutorial/envlibs/lib/python3.10/site-packages/airflow/example_dags/tutorial_dag.py
[2023-06-22T15:49:00.711+0700] {processor.py:826} INFO - Processing file /Users/macbook/Documents/Documents_MacBook_Pro/ISTT/AirflowTutorial/envlibs/lib/python3.10/site-packages/airflow/example_dags/tutorial_dag.py for tasks to queue
[2023-06-22T15:49:00.712+0700] {logging_mixin.py:149} INFO - [2023-06-22T15:49:00.712+0700] {dagbag.py:541} INFO - Filling up the DagBag from /Users/macbook/Documents/Documents_MacBook_Pro/ISTT/AirflowTutorial/envlibs/lib/python3.10/site-packages/airflow/example_dags/tutorial_dag.py
[2023-06-22T15:49:00.760+0700] {processor.py:836} INFO - DAG(s) dict_keys(['tutorial_dag']) retrieved from /Users/macbook/Documents/Documents_MacBook_Pro/ISTT/AirflowTutorial/envlibs/lib/python3.10/site-packages/airflow/example_dags/tutorial_dag.py
[2023-06-22T15:49:01.706+0700] {logging_mixin.py:149} INFO - [2023-06-22T15:49:01.706+0700] {dag.py:2726} INFO - Sync 1 DAGs
[2023-06-22T15:49:01.725+0700] {logging_mixin.py:149} INFO - [2023-06-22T15:49:01.725+0700] {dag.py:3486} INFO - Setting next_dagrun for tutorial_dag to None, run_after=None
[2023-06-22T15:49:01.744+0700] {processor.py:179} INFO - Processing /Users/macbook/Documents/Documents_MacBook_Pro/ISTT/AirflowTutorial/envlibs/lib/python3.10/site-packages/airflow/example_dags/tutorial_dag.py took 1.036 seconds
[2023-06-22T15:51:11.857+0700] {processor.py:157} INFO - Started process (PID=14682) to work on /Users/macbook/Documents/Documents_MacBook_Pro/ISTT/AirflowTutorial/envlibs/lib/python3.10/site-packages/airflow/example_dags/tutorial_dag.py
[2023-06-22T15:51:11.859+0700] {processor.py:826} INFO - Processing file /Users/macbook/Documents/Documents_MacBook_Pro/ISTT/AirflowTutorial/envlibs/lib/python3.10/site-packages/airflow/example_dags/tutorial_dag.py for tasks to queue
[2023-06-22T15:51:11.859+0700] {logging_mixin.py:149} INFO - [2023-06-22T15:51:11.859+0700] {dagbag.py:541} INFO - Filling up the DagBag from /Users/macbook/Documents/Documents_MacBook_Pro/ISTT/AirflowTutorial/envlibs/lib/python3.10/site-packages/airflow/example_dags/tutorial_dag.py
[2023-06-22T15:51:11.894+0700] {processor.py:836} INFO - DAG(s) dict_keys(['tutorial_dag']) retrieved from /Users/macbook/Documents/Documents_MacBook_Pro/ISTT/AirflowTutorial/envlibs/lib/python3.10/site-packages/airflow/example_dags/tutorial_dag.py
[2023-06-22T15:51:12.764+0700] {logging_mixin.py:149} INFO - [2023-06-22T15:51:12.764+0700] {dag.py:2726} INFO - Sync 1 DAGs
[2023-06-22T15:51:12.783+0700] {logging_mixin.py:149} INFO - [2023-06-22T15:51:12.783+0700] {dag.py:3486} INFO - Setting next_dagrun for tutorial_dag to None, run_after=None
[2023-06-22T15:51:12.806+0700] {processor.py:179} INFO - Processing /Users/macbook/Documents/Documents_MacBook_Pro/ISTT/AirflowTutorial/envlibs/lib/python3.10/site-packages/airflow/example_dags/tutorial_dag.py took 0.949 seconds
[2023-06-22T15:53:32.734+0700] {processor.py:157} INFO - Started process (PID=14775) to work on /Users/macbook/Documents/Documents_MacBook_Pro/ISTT/AirflowTutorial/envlibs/lib/python3.10/site-packages/airflow/example_dags/tutorial_dag.py
[2023-06-22T15:53:32.736+0700] {processor.py:826} INFO - Processing file /Users/macbook/Documents/Documents_MacBook_Pro/ISTT/AirflowTutorial/envlibs/lib/python3.10/site-packages/airflow/example_dags/tutorial_dag.py for tasks to queue
[2023-06-22T15:53:32.737+0700] {logging_mixin.py:149} INFO - [2023-06-22T15:53:32.736+0700] {dagbag.py:541} INFO - Filling up the DagBag from /Users/macbook/Documents/Documents_MacBook_Pro/ISTT/AirflowTutorial/envlibs/lib/python3.10/site-packages/airflow/example_dags/tutorial_dag.py
[2023-06-22T15:53:32.775+0700] {processor.py:836} INFO - DAG(s) dict_keys(['tutorial_dag']) retrieved from /Users/macbook/Documents/Documents_MacBook_Pro/ISTT/AirflowTutorial/envlibs/lib/python3.10/site-packages/airflow/example_dags/tutorial_dag.py
[2023-06-22T15:53:33.600+0700] {logging_mixin.py:149} INFO - [2023-06-22T15:53:33.600+0700] {dag.py:2726} INFO - Sync 1 DAGs
[2023-06-22T15:53:33.626+0700] {logging_mixin.py:149} INFO - [2023-06-22T15:53:33.625+0700] {dag.py:3486} INFO - Setting next_dagrun for tutorial_dag to None, run_after=None
[2023-06-22T15:53:33.655+0700] {processor.py:179} INFO - Processing /Users/macbook/Documents/Documents_MacBook_Pro/ISTT/AirflowTutorial/envlibs/lib/python3.10/site-packages/airflow/example_dags/tutorial_dag.py took 0.922 seconds
[2023-06-22T15:55:46.347+0700] {processor.py:157} INFO - Started process (PID=14862) to work on /Users/macbook/Documents/Documents_MacBook_Pro/ISTT/AirflowTutorial/envlibs/lib/python3.10/site-packages/airflow/example_dags/tutorial_dag.py
[2023-06-22T15:55:46.348+0700] {processor.py:826} INFO - Processing file /Users/macbook/Documents/Documents_MacBook_Pro/ISTT/AirflowTutorial/envlibs/lib/python3.10/site-packages/airflow/example_dags/tutorial_dag.py for tasks to queue
[2023-06-22T15:55:46.349+0700] {logging_mixin.py:149} INFO - [2023-06-22T15:55:46.349+0700] {dagbag.py:541} INFO - Filling up the DagBag from /Users/macbook/Documents/Documents_MacBook_Pro/ISTT/AirflowTutorial/envlibs/lib/python3.10/site-packages/airflow/example_dags/tutorial_dag.py
[2023-06-22T15:55:46.381+0700] {processor.py:836} INFO - DAG(s) dict_keys(['tutorial_dag']) retrieved from /Users/macbook/Documents/Documents_MacBook_Pro/ISTT/AirflowTutorial/envlibs/lib/python3.10/site-packages/airflow/example_dags/tutorial_dag.py
[2023-06-22T15:55:47.116+0700] {logging_mixin.py:149} INFO - [2023-06-22T15:55:47.115+0700] {dag.py:2726} INFO - Sync 1 DAGs
[2023-06-22T15:55:47.132+0700] {logging_mixin.py:149} INFO - [2023-06-22T15:55:47.132+0700] {dag.py:3486} INFO - Setting next_dagrun for tutorial_dag to None, run_after=None
[2023-06-22T15:55:47.149+0700] {processor.py:179} INFO - Processing /Users/macbook/Documents/Documents_MacBook_Pro/ISTT/AirflowTutorial/envlibs/lib/python3.10/site-packages/airflow/example_dags/tutorial_dag.py took 0.802 seconds
[2023-06-22T15:58:05.581+0700] {processor.py:157} INFO - Started process (PID=14933) to work on /Users/macbook/Documents/Documents_MacBook_Pro/ISTT/AirflowTutorial/envlibs/lib/python3.10/site-packages/airflow/example_dags/tutorial_dag.py
[2023-06-22T15:58:05.582+0700] {processor.py:826} INFO - Processing file /Users/macbook/Documents/Documents_MacBook_Pro/ISTT/AirflowTutorial/envlibs/lib/python3.10/site-packages/airflow/example_dags/tutorial_dag.py for tasks to queue
[2023-06-22T15:58:05.583+0700] {logging_mixin.py:149} INFO - [2023-06-22T15:58:05.583+0700] {dagbag.py:541} INFO - Filling up the DagBag from /Users/macbook/Documents/Documents_MacBook_Pro/ISTT/AirflowTutorial/envlibs/lib/python3.10/site-packages/airflow/example_dags/tutorial_dag.py
[2023-06-22T15:58:05.618+0700] {processor.py:836} INFO - DAG(s) dict_keys(['tutorial_dag']) retrieved from /Users/macbook/Documents/Documents_MacBook_Pro/ISTT/AirflowTutorial/envlibs/lib/python3.10/site-packages/airflow/example_dags/tutorial_dag.py
[2023-06-22T15:58:06.435+0700] {logging_mixin.py:149} INFO - [2023-06-22T15:58:06.435+0700] {dag.py:2726} INFO - Sync 1 DAGs
[2023-06-22T15:58:06.452+0700] {logging_mixin.py:149} INFO - [2023-06-22T15:58:06.452+0700] {dag.py:3486} INFO - Setting next_dagrun for tutorial_dag to None, run_after=None
[2023-06-22T15:58:06.471+0700] {processor.py:179} INFO - Processing /Users/macbook/Documents/Documents_MacBook_Pro/ISTT/AirflowTutorial/envlibs/lib/python3.10/site-packages/airflow/example_dags/tutorial_dag.py took 0.891 seconds
[2023-06-22T16:00:18.673+0700] {processor.py:157} INFO - Started process (PID=14988) to work on /Users/macbook/Documents/Documents_MacBook_Pro/ISTT/AirflowTutorial/envlibs/lib/python3.10/site-packages/airflow/example_dags/tutorial_dag.py
[2023-06-22T16:00:18.674+0700] {processor.py:826} INFO - Processing file /Users/macbook/Documents/Documents_MacBook_Pro/ISTT/AirflowTutorial/envlibs/lib/python3.10/site-packages/airflow/example_dags/tutorial_dag.py for tasks to queue
[2023-06-22T16:00:18.674+0700] {logging_mixin.py:149} INFO - [2023-06-22T16:00:18.674+0700] {dagbag.py:541} INFO - Filling up the DagBag from /Users/macbook/Documents/Documents_MacBook_Pro/ISTT/AirflowTutorial/envlibs/lib/python3.10/site-packages/airflow/example_dags/tutorial_dag.py
[2023-06-22T16:00:18.712+0700] {processor.py:836} INFO - DAG(s) dict_keys(['tutorial_dag']) retrieved from /Users/macbook/Documents/Documents_MacBook_Pro/ISTT/AirflowTutorial/envlibs/lib/python3.10/site-packages/airflow/example_dags/tutorial_dag.py
[2023-06-22T16:00:19.531+0700] {logging_mixin.py:149} INFO - [2023-06-22T16:00:19.530+0700] {dag.py:2726} INFO - Sync 1 DAGs
[2023-06-22T16:00:19.547+0700] {logging_mixin.py:149} INFO - [2023-06-22T16:00:19.547+0700] {dag.py:3486} INFO - Setting next_dagrun for tutorial_dag to None, run_after=None
[2023-06-22T16:00:19.565+0700] {processor.py:179} INFO - Processing /Users/macbook/Documents/Documents_MacBook_Pro/ISTT/AirflowTutorial/envlibs/lib/python3.10/site-packages/airflow/example_dags/tutorial_dag.py took 0.894 seconds
[2023-06-22T16:02:33.675+0700] {processor.py:157} INFO - Started process (PID=15048) to work on /Users/macbook/Documents/Documents_MacBook_Pro/ISTT/AirflowTutorial/envlibs/lib/python3.10/site-packages/airflow/example_dags/tutorial_dag.py
[2023-06-22T16:02:33.677+0700] {processor.py:826} INFO - Processing file /Users/macbook/Documents/Documents_MacBook_Pro/ISTT/AirflowTutorial/envlibs/lib/python3.10/site-packages/airflow/example_dags/tutorial_dag.py for tasks to queue
[2023-06-22T16:02:33.677+0700] {logging_mixin.py:149} INFO - [2023-06-22T16:02:33.677+0700] {dagbag.py:541} INFO - Filling up the DagBag from /Users/macbook/Documents/Documents_MacBook_Pro/ISTT/AirflowTutorial/envlibs/lib/python3.10/site-packages/airflow/example_dags/tutorial_dag.py
[2023-06-22T16:02:33.713+0700] {processor.py:836} INFO - DAG(s) dict_keys(['tutorial_dag']) retrieved from /Users/macbook/Documents/Documents_MacBook_Pro/ISTT/AirflowTutorial/envlibs/lib/python3.10/site-packages/airflow/example_dags/tutorial_dag.py
[2023-06-22T16:02:34.500+0700] {logging_mixin.py:149} INFO - [2023-06-22T16:02:34.499+0700] {dag.py:2726} INFO - Sync 1 DAGs
[2023-06-22T16:02:34.519+0700] {logging_mixin.py:149} INFO - [2023-06-22T16:02:34.518+0700] {dag.py:3486} INFO - Setting next_dagrun for tutorial_dag to None, run_after=None
[2023-06-22T16:02:34.537+0700] {processor.py:179} INFO - Processing /Users/macbook/Documents/Documents_MacBook_Pro/ISTT/AirflowTutorial/envlibs/lib/python3.10/site-packages/airflow/example_dags/tutorial_dag.py took 0.863 seconds
[2023-06-22T16:04:45.301+0700] {processor.py:157} INFO - Started process (PID=15109) to work on /Users/macbook/Documents/Documents_MacBook_Pro/ISTT/AirflowTutorial/envlibs/lib/python3.10/site-packages/airflow/example_dags/tutorial_dag.py
[2023-06-22T16:04:45.302+0700] {processor.py:826} INFO - Processing file /Users/macbook/Documents/Documents_MacBook_Pro/ISTT/AirflowTutorial/envlibs/lib/python3.10/site-packages/airflow/example_dags/tutorial_dag.py for tasks to queue
[2023-06-22T16:04:45.303+0700] {logging_mixin.py:149} INFO - [2023-06-22T16:04:45.303+0700] {dagbag.py:541} INFO - Filling up the DagBag from /Users/macbook/Documents/Documents_MacBook_Pro/ISTT/AirflowTutorial/envlibs/lib/python3.10/site-packages/airflow/example_dags/tutorial_dag.py
[2023-06-22T16:04:45.343+0700] {processor.py:836} INFO - DAG(s) dict_keys(['tutorial_dag']) retrieved from /Users/macbook/Documents/Documents_MacBook_Pro/ISTT/AirflowTutorial/envlibs/lib/python3.10/site-packages/airflow/example_dags/tutorial_dag.py
[2023-06-22T16:04:46.205+0700] {logging_mixin.py:149} INFO - [2023-06-22T16:04:46.205+0700] {dag.py:2726} INFO - Sync 1 DAGs
[2023-06-22T16:04:46.224+0700] {logging_mixin.py:149} INFO - [2023-06-22T16:04:46.224+0700] {dag.py:3486} INFO - Setting next_dagrun for tutorial_dag to None, run_after=None
[2023-06-22T16:04:46.242+0700] {processor.py:179} INFO - Processing /Users/macbook/Documents/Documents_MacBook_Pro/ISTT/AirflowTutorial/envlibs/lib/python3.10/site-packages/airflow/example_dags/tutorial_dag.py took 0.942 seconds
[2023-06-22T16:06:52.740+0700] {processor.py:157} INFO - Started process (PID=15172) to work on /Users/macbook/Documents/Documents_MacBook_Pro/ISTT/AirflowTutorial/envlibs/lib/python3.10/site-packages/airflow/example_dags/tutorial_dag.py
[2023-06-22T16:06:52.742+0700] {processor.py:826} INFO - Processing file /Users/macbook/Documents/Documents_MacBook_Pro/ISTT/AirflowTutorial/envlibs/lib/python3.10/site-packages/airflow/example_dags/tutorial_dag.py for tasks to queue
[2023-06-22T16:06:52.743+0700] {logging_mixin.py:149} INFO - [2023-06-22T16:06:52.743+0700] {dagbag.py:541} INFO - Filling up the DagBag from /Users/macbook/Documents/Documents_MacBook_Pro/ISTT/AirflowTutorial/envlibs/lib/python3.10/site-packages/airflow/example_dags/tutorial_dag.py
[2023-06-22T16:06:52.782+0700] {processor.py:836} INFO - DAG(s) dict_keys(['tutorial_dag']) retrieved from /Users/macbook/Documents/Documents_MacBook_Pro/ISTT/AirflowTutorial/envlibs/lib/python3.10/site-packages/airflow/example_dags/tutorial_dag.py
[2023-06-22T16:06:53.664+0700] {logging_mixin.py:149} INFO - [2023-06-22T16:06:53.664+0700] {dag.py:2726} INFO - Sync 1 DAGs
[2023-06-22T16:06:53.690+0700] {logging_mixin.py:149} INFO - [2023-06-22T16:06:53.690+0700] {dag.py:3486} INFO - Setting next_dagrun for tutorial_dag to None, run_after=None
[2023-06-22T16:06:53.717+0700] {processor.py:179} INFO - Processing /Users/macbook/Documents/Documents_MacBook_Pro/ISTT/AirflowTutorial/envlibs/lib/python3.10/site-packages/airflow/example_dags/tutorial_dag.py took 0.977 seconds
[2023-06-22T16:09:05.733+0700] {processor.py:157} INFO - Started process (PID=15229) to work on /Users/macbook/Documents/Documents_MacBook_Pro/ISTT/AirflowTutorial/envlibs/lib/python3.10/site-packages/airflow/example_dags/tutorial_dag.py
[2023-06-22T16:09:05.734+0700] {processor.py:826} INFO - Processing file /Users/macbook/Documents/Documents_MacBook_Pro/ISTT/AirflowTutorial/envlibs/lib/python3.10/site-packages/airflow/example_dags/tutorial_dag.py for tasks to queue
[2023-06-22T16:09:05.735+0700] {logging_mixin.py:149} INFO - [2023-06-22T16:09:05.735+0700] {dagbag.py:541} INFO - Filling up the DagBag from /Users/macbook/Documents/Documents_MacBook_Pro/ISTT/AirflowTutorial/envlibs/lib/python3.10/site-packages/airflow/example_dags/tutorial_dag.py
[2023-06-22T16:09:05.775+0700] {processor.py:836} INFO - DAG(s) dict_keys(['tutorial_dag']) retrieved from /Users/macbook/Documents/Documents_MacBook_Pro/ISTT/AirflowTutorial/envlibs/lib/python3.10/site-packages/airflow/example_dags/tutorial_dag.py
[2023-06-22T16:09:06.659+0700] {logging_mixin.py:149} INFO - [2023-06-22T16:09:06.658+0700] {dag.py:2726} INFO - Sync 1 DAGs
[2023-06-22T16:09:06.680+0700] {logging_mixin.py:149} INFO - [2023-06-22T16:09:06.680+0700] {dag.py:3486} INFO - Setting next_dagrun for tutorial_dag to None, run_after=None
[2023-06-22T16:09:06.700+0700] {processor.py:179} INFO - Processing /Users/macbook/Documents/Documents_MacBook_Pro/ISTT/AirflowTutorial/envlibs/lib/python3.10/site-packages/airflow/example_dags/tutorial_dag.py took 0.968 seconds
[2023-06-22T16:11:04.990+0700] {processor.py:157} INFO - Started process (PID=15287) to work on /Users/macbook/Documents/Documents_MacBook_Pro/ISTT/AirflowTutorial/envlibs/lib/python3.10/site-packages/airflow/example_dags/tutorial_dag.py
[2023-06-22T16:11:04.990+0700] {processor.py:826} INFO - Processing file /Users/macbook/Documents/Documents_MacBook_Pro/ISTT/AirflowTutorial/envlibs/lib/python3.10/site-packages/airflow/example_dags/tutorial_dag.py for tasks to queue
[2023-06-22T16:11:04.991+0700] {logging_mixin.py:149} INFO - [2023-06-22T16:11:04.991+0700] {dagbag.py:541} INFO - Filling up the DagBag from /Users/macbook/Documents/Documents_MacBook_Pro/ISTT/AirflowTutorial/envlibs/lib/python3.10/site-packages/airflow/example_dags/tutorial_dag.py
[2023-06-22T16:11:05.022+0700] {processor.py:836} INFO - DAG(s) dict_keys(['tutorial_dag']) retrieved from /Users/macbook/Documents/Documents_MacBook_Pro/ISTT/AirflowTutorial/envlibs/lib/python3.10/site-packages/airflow/example_dags/tutorial_dag.py
[2023-06-22T16:11:05.746+0700] {logging_mixin.py:149} INFO - [2023-06-22T16:11:05.746+0700] {dag.py:2726} INFO - Sync 1 DAGs
[2023-06-22T16:11:05.762+0700] {logging_mixin.py:149} INFO - [2023-06-22T16:11:05.761+0700] {dag.py:3486} INFO - Setting next_dagrun for tutorial_dag to None, run_after=None
[2023-06-22T16:11:05.781+0700] {processor.py:179} INFO - Processing /Users/macbook/Documents/Documents_MacBook_Pro/ISTT/AirflowTutorial/envlibs/lib/python3.10/site-packages/airflow/example_dags/tutorial_dag.py took 0.792 seconds
[2023-06-22T16:12:54.917+0700] {processor.py:157} INFO - Started process (PID=15342) to work on /Users/macbook/Documents/Documents_MacBook_Pro/ISTT/AirflowTutorial/envlibs/lib/python3.10/site-packages/airflow/example_dags/tutorial_dag.py
[2023-06-22T16:12:54.918+0700] {processor.py:826} INFO - Processing file /Users/macbook/Documents/Documents_MacBook_Pro/ISTT/AirflowTutorial/envlibs/lib/python3.10/site-packages/airflow/example_dags/tutorial_dag.py for tasks to queue
[2023-06-22T16:12:54.919+0700] {logging_mixin.py:149} INFO - [2023-06-22T16:12:54.918+0700] {dagbag.py:541} INFO - Filling up the DagBag from /Users/macbook/Documents/Documents_MacBook_Pro/ISTT/AirflowTutorial/envlibs/lib/python3.10/site-packages/airflow/example_dags/tutorial_dag.py
[2023-06-22T16:12:54.949+0700] {processor.py:836} INFO - DAG(s) dict_keys(['tutorial_dag']) retrieved from /Users/macbook/Documents/Documents_MacBook_Pro/ISTT/AirflowTutorial/envlibs/lib/python3.10/site-packages/airflow/example_dags/tutorial_dag.py
[2023-06-22T16:12:55.618+0700] {logging_mixin.py:149} INFO - [2023-06-22T16:12:55.618+0700] {dag.py:2726} INFO - Sync 1 DAGs
[2023-06-22T16:12:55.634+0700] {logging_mixin.py:149} INFO - [2023-06-22T16:12:55.634+0700] {dag.py:3486} INFO - Setting next_dagrun for tutorial_dag to None, run_after=None
[2023-06-22T16:12:55.650+0700] {processor.py:179} INFO - Processing /Users/macbook/Documents/Documents_MacBook_Pro/ISTT/AirflowTutorial/envlibs/lib/python3.10/site-packages/airflow/example_dags/tutorial_dag.py took 0.734 seconds
[2023-06-22T16:14:58.619+0700] {processor.py:157} INFO - Started process (PID=15396) to work on /Users/macbook/Documents/Documents_MacBook_Pro/ISTT/AirflowTutorial/envlibs/lib/python3.10/site-packages/airflow/example_dags/tutorial_dag.py
[2023-06-22T16:14:58.621+0700] {processor.py:826} INFO - Processing file /Users/macbook/Documents/Documents_MacBook_Pro/ISTT/AirflowTutorial/envlibs/lib/python3.10/site-packages/airflow/example_dags/tutorial_dag.py for tasks to queue
[2023-06-22T16:14:58.622+0700] {logging_mixin.py:149} INFO - [2023-06-22T16:14:58.621+0700] {dagbag.py:541} INFO - Filling up the DagBag from /Users/macbook/Documents/Documents_MacBook_Pro/ISTT/AirflowTutorial/envlibs/lib/python3.10/site-packages/airflow/example_dags/tutorial_dag.py
[2023-06-22T16:14:58.659+0700] {processor.py:836} INFO - DAG(s) dict_keys(['tutorial_dag']) retrieved from /Users/macbook/Documents/Documents_MacBook_Pro/ISTT/AirflowTutorial/envlibs/lib/python3.10/site-packages/airflow/example_dags/tutorial_dag.py
[2023-06-22T16:14:59.400+0700] {logging_mixin.py:149} INFO - [2023-06-22T16:14:59.400+0700] {dag.py:2726} INFO - Sync 1 DAGs
[2023-06-22T16:14:59.417+0700] {logging_mixin.py:149} INFO - [2023-06-22T16:14:59.417+0700] {dag.py:3486} INFO - Setting next_dagrun for tutorial_dag to None, run_after=None
[2023-06-22T16:14:59.436+0700] {processor.py:179} INFO - Processing /Users/macbook/Documents/Documents_MacBook_Pro/ISTT/AirflowTutorial/envlibs/lib/python3.10/site-packages/airflow/example_dags/tutorial_dag.py took 0.818 seconds
[2023-06-22T16:17:05.265+0700] {processor.py:157} INFO - Started process (PID=15449) to work on /Users/macbook/Documents/Documents_MacBook_Pro/ISTT/AirflowTutorial/envlibs/lib/python3.10/site-packages/airflow/example_dags/tutorial_dag.py
[2023-06-22T16:17:05.266+0700] {processor.py:826} INFO - Processing file /Users/macbook/Documents/Documents_MacBook_Pro/ISTT/AirflowTutorial/envlibs/lib/python3.10/site-packages/airflow/example_dags/tutorial_dag.py for tasks to queue
[2023-06-22T16:17:05.267+0700] {logging_mixin.py:149} INFO - [2023-06-22T16:17:05.267+0700] {dagbag.py:541} INFO - Filling up the DagBag from /Users/macbook/Documents/Documents_MacBook_Pro/ISTT/AirflowTutorial/envlibs/lib/python3.10/site-packages/airflow/example_dags/tutorial_dag.py
[2023-06-22T16:17:05.305+0700] {processor.py:836} INFO - DAG(s) dict_keys(['tutorial_dag']) retrieved from /Users/macbook/Documents/Documents_MacBook_Pro/ISTT/AirflowTutorial/envlibs/lib/python3.10/site-packages/airflow/example_dags/tutorial_dag.py
[2023-06-22T16:17:06.235+0700] {logging_mixin.py:149} INFO - [2023-06-22T16:17:06.234+0700] {dag.py:2726} INFO - Sync 1 DAGs
[2023-06-22T16:17:06.254+0700] {logging_mixin.py:149} INFO - [2023-06-22T16:17:06.254+0700] {dag.py:3486} INFO - Setting next_dagrun for tutorial_dag to None, run_after=None
[2023-06-22T16:17:06.277+0700] {processor.py:179} INFO - Processing /Users/macbook/Documents/Documents_MacBook_Pro/ISTT/AirflowTutorial/envlibs/lib/python3.10/site-packages/airflow/example_dags/tutorial_dag.py took 1.013 seconds
[2023-06-22T16:19:21.562+0700] {processor.py:157} INFO - Started process (PID=15554) to work on /Users/macbook/Documents/Documents_MacBook_Pro/ISTT/AirflowTutorial/envlibs/lib/python3.10/site-packages/airflow/example_dags/tutorial_dag.py
[2023-06-22T16:19:21.565+0700] {processor.py:826} INFO - Processing file /Users/macbook/Documents/Documents_MacBook_Pro/ISTT/AirflowTutorial/envlibs/lib/python3.10/site-packages/airflow/example_dags/tutorial_dag.py for tasks to queue
[2023-06-22T16:19:21.566+0700] {logging_mixin.py:149} INFO - [2023-06-22T16:19:21.565+0700] {dagbag.py:541} INFO - Filling up the DagBag from /Users/macbook/Documents/Documents_MacBook_Pro/ISTT/AirflowTutorial/envlibs/lib/python3.10/site-packages/airflow/example_dags/tutorial_dag.py
[2023-06-22T16:19:21.634+0700] {processor.py:836} INFO - DAG(s) dict_keys(['tutorial_dag']) retrieved from /Users/macbook/Documents/Documents_MacBook_Pro/ISTT/AirflowTutorial/envlibs/lib/python3.10/site-packages/airflow/example_dags/tutorial_dag.py
[2023-06-22T16:19:22.642+0700] {logging_mixin.py:149} INFO - [2023-06-22T16:19:22.641+0700] {dag.py:2726} INFO - Sync 1 DAGs
[2023-06-22T16:19:22.661+0700] {logging_mixin.py:149} INFO - [2023-06-22T16:19:22.661+0700] {dag.py:3486} INFO - Setting next_dagrun for tutorial_dag to None, run_after=None
[2023-06-22T16:19:22.683+0700] {processor.py:179} INFO - Processing /Users/macbook/Documents/Documents_MacBook_Pro/ISTT/AirflowTutorial/envlibs/lib/python3.10/site-packages/airflow/example_dags/tutorial_dag.py took 1.121 seconds
[2023-06-22T16:21:36.273+0700] {processor.py:157} INFO - Started process (PID=15614) to work on /Users/macbook/Documents/Documents_MacBook_Pro/ISTT/AirflowTutorial/envlibs/lib/python3.10/site-packages/airflow/example_dags/tutorial_dag.py
[2023-06-22T16:21:36.275+0700] {processor.py:826} INFO - Processing file /Users/macbook/Documents/Documents_MacBook_Pro/ISTT/AirflowTutorial/envlibs/lib/python3.10/site-packages/airflow/example_dags/tutorial_dag.py for tasks to queue
[2023-06-22T16:21:36.275+0700] {logging_mixin.py:149} INFO - [2023-06-22T16:21:36.275+0700] {dagbag.py:541} INFO - Filling up the DagBag from /Users/macbook/Documents/Documents_MacBook_Pro/ISTT/AirflowTutorial/envlibs/lib/python3.10/site-packages/airflow/example_dags/tutorial_dag.py
[2023-06-22T16:21:36.313+0700] {processor.py:836} INFO - DAG(s) dict_keys(['tutorial_dag']) retrieved from /Users/macbook/Documents/Documents_MacBook_Pro/ISTT/AirflowTutorial/envlibs/lib/python3.10/site-packages/airflow/example_dags/tutorial_dag.py
[2023-06-22T16:21:37.215+0700] {logging_mixin.py:149} INFO - [2023-06-22T16:21:37.214+0700] {dag.py:2726} INFO - Sync 1 DAGs
[2023-06-22T16:21:37.247+0700] {logging_mixin.py:149} INFO - [2023-06-22T16:21:37.247+0700] {dag.py:3486} INFO - Setting next_dagrun for tutorial_dag to None, run_after=None
[2023-06-22T16:21:37.268+0700] {processor.py:179} INFO - Processing /Users/macbook/Documents/Documents_MacBook_Pro/ISTT/AirflowTutorial/envlibs/lib/python3.10/site-packages/airflow/example_dags/tutorial_dag.py took 0.996 seconds
[2023-06-22T16:23:32.928+0700] {processor.py:157} INFO - Started process (PID=15667) to work on /Users/macbook/Documents/Documents_MacBook_Pro/ISTT/AirflowTutorial/envlibs/lib/python3.10/site-packages/airflow/example_dags/tutorial_dag.py
[2023-06-22T16:23:32.930+0700] {processor.py:826} INFO - Processing file /Users/macbook/Documents/Documents_MacBook_Pro/ISTT/AirflowTutorial/envlibs/lib/python3.10/site-packages/airflow/example_dags/tutorial_dag.py for tasks to queue
[2023-06-22T16:23:32.930+0700] {logging_mixin.py:149} INFO - [2023-06-22T16:23:32.930+0700] {dagbag.py:541} INFO - Filling up the DagBag from /Users/macbook/Documents/Documents_MacBook_Pro/ISTT/AirflowTutorial/envlibs/lib/python3.10/site-packages/airflow/example_dags/tutorial_dag.py
[2023-06-22T16:23:32.961+0700] {processor.py:836} INFO - DAG(s) dict_keys(['tutorial_dag']) retrieved from /Users/macbook/Documents/Documents_MacBook_Pro/ISTT/AirflowTutorial/envlibs/lib/python3.10/site-packages/airflow/example_dags/tutorial_dag.py
[2023-06-22T16:23:33.670+0700] {logging_mixin.py:149} INFO - [2023-06-22T16:23:33.669+0700] {dag.py:2726} INFO - Sync 1 DAGs
[2023-06-22T16:23:33.686+0700] {logging_mixin.py:149} INFO - [2023-06-22T16:23:33.686+0700] {dag.py:3486} INFO - Setting next_dagrun for tutorial_dag to None, run_after=None
[2023-06-22T16:23:33.703+0700] {processor.py:179} INFO - Processing /Users/macbook/Documents/Documents_MacBook_Pro/ISTT/AirflowTutorial/envlibs/lib/python3.10/site-packages/airflow/example_dags/tutorial_dag.py took 0.775 seconds
[2023-06-22T16:25:26.166+0700] {processor.py:157} INFO - Started process (PID=15716) to work on /Users/macbook/Documents/Documents_MacBook_Pro/ISTT/AirflowTutorial/envlibs/lib/python3.10/site-packages/airflow/example_dags/tutorial_dag.py
[2023-06-22T16:25:26.167+0700] {processor.py:826} INFO - Processing file /Users/macbook/Documents/Documents_MacBook_Pro/ISTT/AirflowTutorial/envlibs/lib/python3.10/site-packages/airflow/example_dags/tutorial_dag.py for tasks to queue
[2023-06-22T16:25:26.168+0700] {logging_mixin.py:149} INFO - [2023-06-22T16:25:26.168+0700] {dagbag.py:541} INFO - Filling up the DagBag from /Users/macbook/Documents/Documents_MacBook_Pro/ISTT/AirflowTutorial/envlibs/lib/python3.10/site-packages/airflow/example_dags/tutorial_dag.py
[2023-06-22T16:25:26.214+0700] {processor.py:836} INFO - DAG(s) dict_keys(['tutorial_dag']) retrieved from /Users/macbook/Documents/Documents_MacBook_Pro/ISTT/AirflowTutorial/envlibs/lib/python3.10/site-packages/airflow/example_dags/tutorial_dag.py
[2023-06-22T16:25:27.094+0700] {logging_mixin.py:149} INFO - [2023-06-22T16:25:27.093+0700] {dag.py:2726} INFO - Sync 1 DAGs
[2023-06-22T16:25:27.112+0700] {logging_mixin.py:149} INFO - [2023-06-22T16:25:27.111+0700] {dag.py:3486} INFO - Setting next_dagrun for tutorial_dag to None, run_after=None
[2023-06-22T16:25:27.132+0700] {processor.py:179} INFO - Processing /Users/macbook/Documents/Documents_MacBook_Pro/ISTT/AirflowTutorial/envlibs/lib/python3.10/site-packages/airflow/example_dags/tutorial_dag.py took 0.967 seconds
