[2023-06-22T14:27:10.276+0700] {processor.py:157} INFO - Started process (PID=11861) to work on /Users/macbook/Documents/Documents_MacBook_Pro/ISTT/AirflowTutorial/envlibs/lib/python3.10/site-packages/airflow/example_dags/tutorial.py
[2023-06-22T14:27:10.276+0700] {processor.py:826} INFO - Processing file /Users/macbook/Documents/Documents_MacBook_Pro/ISTT/AirflowTutorial/envlibs/lib/python3.10/site-packages/airflow/example_dags/tutorial.py for tasks to queue
[2023-06-22T14:27:10.277+0700] {logging_mixin.py:149} INFO - [2023-06-22T14:27:10.277+0700] {dagbag.py:541} INFO - Filling up the DagBag from /Users/macbook/Documents/Documents_MacBook_Pro/ISTT/AirflowTutorial/envlibs/lib/python3.10/site-packages/airflow/example_dags/tutorial.py
[2023-06-22T14:27:10.296+0700] {processor.py:836} INFO - DAG(s) dict_keys(['tutorial']) retrieved from /Users/macbook/Documents/Documents_MacBook_Pro/ISTT/AirflowTutorial/envlibs/lib/python3.10/site-packages/airflow/example_dags/tutorial.py
[2023-06-22T14:27:11.129+0700] {logging_mixin.py:149} INFO - [2023-06-22T14:27:11.129+0700] {dag.py:2726} INFO - Sync 1 DAGs
[2023-06-22T14:27:11.149+0700] {logging_mixin.py:149} INFO - [2023-06-22T14:27:11.149+0700] {dag.py:3486} INFO - Setting next_dagrun for tutorial to 2023-06-21T07:27:11.148986+00:00, run_after=2023-06-22T07:27:11.148986+00:00
[2023-06-22T14:27:11.171+0700] {processor.py:179} INFO - Processing /Users/macbook/Documents/Documents_MacBook_Pro/ISTT/AirflowTutorial/envlibs/lib/python3.10/site-packages/airflow/example_dags/tutorial.py took 0.896 seconds
[2023-06-22T14:29:38.615+0700] {processor.py:157} INFO - Started process (PID=11930) to work on /Users/macbook/Documents/Documents_MacBook_Pro/ISTT/AirflowTutorial/envlibs/lib/python3.10/site-packages/airflow/example_dags/tutorial.py
[2023-06-22T14:29:38.616+0700] {processor.py:826} INFO - Processing file /Users/macbook/Documents/Documents_MacBook_Pro/ISTT/AirflowTutorial/envlibs/lib/python3.10/site-packages/airflow/example_dags/tutorial.py for tasks to queue
[2023-06-22T14:29:38.617+0700] {logging_mixin.py:149} INFO - [2023-06-22T14:29:38.617+0700] {dagbag.py:541} INFO - Filling up the DagBag from /Users/macbook/Documents/Documents_MacBook_Pro/ISTT/AirflowTutorial/envlibs/lib/python3.10/site-packages/airflow/example_dags/tutorial.py
[2023-06-22T14:29:38.638+0700] {processor.py:836} INFO - DAG(s) dict_keys(['tutorial']) retrieved from /Users/macbook/Documents/Documents_MacBook_Pro/ISTT/AirflowTutorial/envlibs/lib/python3.10/site-packages/airflow/example_dags/tutorial.py
[2023-06-22T14:29:39.389+0700] {logging_mixin.py:149} INFO - [2023-06-22T14:29:39.389+0700] {dag.py:2726} INFO - Sync 1 DAGs
[2023-06-22T14:29:39.406+0700] {logging_mixin.py:149} INFO - [2023-06-22T14:29:39.405+0700] {dag.py:3486} INFO - Setting next_dagrun for tutorial to 2023-06-21T07:29:39.405778+00:00, run_after=2023-06-22T07:29:39.405778+00:00
[2023-06-22T14:29:39.422+0700] {processor.py:179} INFO - Processing /Users/macbook/Documents/Documents_MacBook_Pro/ISTT/AirflowTutorial/envlibs/lib/python3.10/site-packages/airflow/example_dags/tutorial.py took 0.808 seconds
[2023-06-22T14:31:47.038+0700] {processor.py:157} INFO - Started process (PID=12017) to work on /Users/macbook/Documents/Documents_MacBook_Pro/ISTT/AirflowTutorial/envlibs/lib/python3.10/site-packages/airflow/example_dags/tutorial.py
[2023-06-22T14:31:47.039+0700] {processor.py:826} INFO - Processing file /Users/macbook/Documents/Documents_MacBook_Pro/ISTT/AirflowTutorial/envlibs/lib/python3.10/site-packages/airflow/example_dags/tutorial.py for tasks to queue
[2023-06-22T14:31:47.040+0700] {logging_mixin.py:149} INFO - [2023-06-22T14:31:47.040+0700] {dagbag.py:541} INFO - Filling up the DagBag from /Users/macbook/Documents/Documents_MacBook_Pro/ISTT/AirflowTutorial/envlibs/lib/python3.10/site-packages/airflow/example_dags/tutorial.py
[2023-06-22T14:31:47.065+0700] {processor.py:836} INFO - DAG(s) dict_keys(['tutorial']) retrieved from /Users/macbook/Documents/Documents_MacBook_Pro/ISTT/AirflowTutorial/envlibs/lib/python3.10/site-packages/airflow/example_dags/tutorial.py
[2023-06-22T14:31:47.973+0700] {logging_mixin.py:149} INFO - [2023-06-22T14:31:47.973+0700] {dag.py:2726} INFO - Sync 1 DAGs
[2023-06-22T14:31:47.993+0700] {logging_mixin.py:149} INFO - [2023-06-22T14:31:47.992+0700] {dag.py:3486} INFO - Setting next_dagrun for tutorial to 2023-06-21T07:31:47.992695+00:00, run_after=2023-06-22T07:31:47.992695+00:00
[2023-06-22T14:31:48.013+0700] {processor.py:179} INFO - Processing /Users/macbook/Documents/Documents_MacBook_Pro/ISTT/AirflowTutorial/envlibs/lib/python3.10/site-packages/airflow/example_dags/tutorial.py took 0.976 seconds
[2023-06-22T14:34:14.593+0700] {processor.py:157} INFO - Started process (PID=12142) to work on /Users/macbook/Documents/Documents_MacBook_Pro/ISTT/AirflowTutorial/envlibs/lib/python3.10/site-packages/airflow/example_dags/tutorial.py
[2023-06-22T14:34:14.598+0700] {processor.py:826} INFO - Processing file /Users/macbook/Documents/Documents_MacBook_Pro/ISTT/AirflowTutorial/envlibs/lib/python3.10/site-packages/airflow/example_dags/tutorial.py for tasks to queue
[2023-06-22T14:34:14.599+0700] {logging_mixin.py:149} INFO - [2023-06-22T14:34:14.599+0700] {dagbag.py:541} INFO - Filling up the DagBag from /Users/macbook/Documents/Documents_MacBook_Pro/ISTT/AirflowTutorial/envlibs/lib/python3.10/site-packages/airflow/example_dags/tutorial.py
[2023-06-22T14:34:14.648+0700] {processor.py:836} INFO - DAG(s) dict_keys(['tutorial']) retrieved from /Users/macbook/Documents/Documents_MacBook_Pro/ISTT/AirflowTutorial/envlibs/lib/python3.10/site-packages/airflow/example_dags/tutorial.py
[2023-06-22T14:34:15.577+0700] {logging_mixin.py:149} INFO - [2023-06-22T14:34:15.576+0700] {dag.py:2726} INFO - Sync 1 DAGs
[2023-06-22T14:34:15.596+0700] {logging_mixin.py:149} INFO - [2023-06-22T14:34:15.596+0700] {dag.py:3486} INFO - Setting next_dagrun for tutorial to 2023-06-21T07:34:15.596219+00:00, run_after=2023-06-22T07:34:15.596219+00:00
[2023-06-22T14:34:15.616+0700] {processor.py:179} INFO - Processing /Users/macbook/Documents/Documents_MacBook_Pro/ISTT/AirflowTutorial/envlibs/lib/python3.10/site-packages/airflow/example_dags/tutorial.py took 1.024 seconds
[2023-06-22T14:36:54.088+0700] {processor.py:157} INFO - Started process (PID=12288) to work on /Users/macbook/Documents/Documents_MacBook_Pro/ISTT/AirflowTutorial/envlibs/lib/python3.10/site-packages/airflow/example_dags/tutorial.py
[2023-06-22T14:36:54.089+0700] {processor.py:826} INFO - Processing file /Users/macbook/Documents/Documents_MacBook_Pro/ISTT/AirflowTutorial/envlibs/lib/python3.10/site-packages/airflow/example_dags/tutorial.py for tasks to queue
[2023-06-22T14:36:54.090+0700] {logging_mixin.py:149} INFO - [2023-06-22T14:36:54.090+0700] {dagbag.py:541} INFO - Filling up the DagBag from /Users/macbook/Documents/Documents_MacBook_Pro/ISTT/AirflowTutorial/envlibs/lib/python3.10/site-packages/airflow/example_dags/tutorial.py
[2023-06-22T14:36:54.131+0700] {processor.py:836} INFO - DAG(s) dict_keys(['tutorial']) retrieved from /Users/macbook/Documents/Documents_MacBook_Pro/ISTT/AirflowTutorial/envlibs/lib/python3.10/site-packages/airflow/example_dags/tutorial.py
[2023-06-22T14:36:55.647+0700] {logging_mixin.py:149} INFO - [2023-06-22T14:36:55.646+0700] {dag.py:2726} INFO - Sync 1 DAGs
[2023-06-22T14:36:55.696+0700] {logging_mixin.py:149} INFO - [2023-06-22T14:36:55.695+0700] {dag.py:3486} INFO - Setting next_dagrun for tutorial to 2023-06-21T07:36:55.695630+00:00, run_after=2023-06-22T07:36:55.695630+00:00
[2023-06-22T14:36:55.735+0700] {processor.py:179} INFO - Processing /Users/macbook/Documents/Documents_MacBook_Pro/ISTT/AirflowTutorial/envlibs/lib/python3.10/site-packages/airflow/example_dags/tutorial.py took 1.649 seconds
[2023-06-22T14:39:32.549+0700] {processor.py:157} INFO - Started process (PID=12414) to work on /Users/macbook/Documents/Documents_MacBook_Pro/ISTT/AirflowTutorial/envlibs/lib/python3.10/site-packages/airflow/example_dags/tutorial.py
[2023-06-22T14:39:32.550+0700] {processor.py:826} INFO - Processing file /Users/macbook/Documents/Documents_MacBook_Pro/ISTT/AirflowTutorial/envlibs/lib/python3.10/site-packages/airflow/example_dags/tutorial.py for tasks to queue
[2023-06-22T14:39:32.551+0700] {logging_mixin.py:149} INFO - [2023-06-22T14:39:32.551+0700] {dagbag.py:541} INFO - Filling up the DagBag from /Users/macbook/Documents/Documents_MacBook_Pro/ISTT/AirflowTutorial/envlibs/lib/python3.10/site-packages/airflow/example_dags/tutorial.py
[2023-06-22T14:39:32.581+0700] {processor.py:836} INFO - DAG(s) dict_keys(['tutorial']) retrieved from /Users/macbook/Documents/Documents_MacBook_Pro/ISTT/AirflowTutorial/envlibs/lib/python3.10/site-packages/airflow/example_dags/tutorial.py
[2023-06-22T14:39:33.758+0700] {logging_mixin.py:149} INFO - [2023-06-22T14:39:33.758+0700] {dag.py:2726} INFO - Sync 1 DAGs
[2023-06-22T14:39:33.768+0700] {logging_mixin.py:149} INFO - [2023-06-22T14:39:33.768+0700] {dag.py:2747} INFO - Creating ORM DAG for tutorial
[2023-06-22T14:39:33.777+0700] {logging_mixin.py:149} INFO - [2023-06-22T14:39:33.777+0700] {dag.py:3486} INFO - Setting next_dagrun for tutorial to 2023-06-21T07:39:33.777353+00:00, run_after=2023-06-22T07:39:33.777353+00:00
[2023-06-22T14:39:33.799+0700] {processor.py:179} INFO - Processing /Users/macbook/Documents/Documents_MacBook_Pro/ISTT/AirflowTutorial/envlibs/lib/python3.10/site-packages/airflow/example_dags/tutorial.py took 1.251 seconds
[2023-06-22T14:41:47.580+0700] {processor.py:157} INFO - Started process (PID=12513) to work on /Users/macbook/Documents/Documents_MacBook_Pro/ISTT/AirflowTutorial/envlibs/lib/python3.10/site-packages/airflow/example_dags/tutorial.py
[2023-06-22T14:41:47.581+0700] {processor.py:826} INFO - Processing file /Users/macbook/Documents/Documents_MacBook_Pro/ISTT/AirflowTutorial/envlibs/lib/python3.10/site-packages/airflow/example_dags/tutorial.py for tasks to queue
[2023-06-22T14:41:47.582+0700] {logging_mixin.py:149} INFO - [2023-06-22T14:41:47.581+0700] {dagbag.py:541} INFO - Filling up the DagBag from /Users/macbook/Documents/Documents_MacBook_Pro/ISTT/AirflowTutorial/envlibs/lib/python3.10/site-packages/airflow/example_dags/tutorial.py
[2023-06-22T14:41:47.605+0700] {processor.py:836} INFO - DAG(s) dict_keys(['tutorial']) retrieved from /Users/macbook/Documents/Documents_MacBook_Pro/ISTT/AirflowTutorial/envlibs/lib/python3.10/site-packages/airflow/example_dags/tutorial.py
[2023-06-22T14:41:48.499+0700] {logging_mixin.py:149} INFO - [2023-06-22T14:41:48.499+0700] {dag.py:2726} INFO - Sync 1 DAGs
[2023-06-22T14:41:48.519+0700] {logging_mixin.py:149} INFO - [2023-06-22T14:41:48.518+0700] {dag.py:3486} INFO - Setting next_dagrun for tutorial to 2023-06-21T07:41:48.518800+00:00, run_after=2023-06-22T07:41:48.518800+00:00
[2023-06-22T14:41:48.540+0700] {processor.py:179} INFO - Processing /Users/macbook/Documents/Documents_MacBook_Pro/ISTT/AirflowTutorial/envlibs/lib/python3.10/site-packages/airflow/example_dags/tutorial.py took 0.961 seconds
[2023-06-22T14:43:56.046+0700] {processor.py:157} INFO - Started process (PID=12568) to work on /Users/macbook/Documents/Documents_MacBook_Pro/ISTT/AirflowTutorial/envlibs/lib/python3.10/site-packages/airflow/example_dags/tutorial.py
[2023-06-22T14:43:56.048+0700] {processor.py:826} INFO - Processing file /Users/macbook/Documents/Documents_MacBook_Pro/ISTT/AirflowTutorial/envlibs/lib/python3.10/site-packages/airflow/example_dags/tutorial.py for tasks to queue
[2023-06-22T14:43:56.048+0700] {logging_mixin.py:149} INFO - [2023-06-22T14:43:56.048+0700] {dagbag.py:541} INFO - Filling up the DagBag from /Users/macbook/Documents/Documents_MacBook_Pro/ISTT/AirflowTutorial/envlibs/lib/python3.10/site-packages/airflow/example_dags/tutorial.py
[2023-06-22T14:43:56.072+0700] {processor.py:836} INFO - DAG(s) dict_keys(['tutorial']) retrieved from /Users/macbook/Documents/Documents_MacBook_Pro/ISTT/AirflowTutorial/envlibs/lib/python3.10/site-packages/airflow/example_dags/tutorial.py
[2023-06-22T14:43:56.833+0700] {logging_mixin.py:149} INFO - [2023-06-22T14:43:56.833+0700] {dag.py:2726} INFO - Sync 1 DAGs
[2023-06-22T14:43:56.850+0700] {logging_mixin.py:149} INFO - [2023-06-22T14:43:56.850+0700] {dag.py:3486} INFO - Setting next_dagrun for tutorial to 2023-06-21T07:43:56.849967+00:00, run_after=2023-06-22T07:43:56.849967+00:00
[2023-06-22T14:43:56.868+0700] {processor.py:179} INFO - Processing /Users/macbook/Documents/Documents_MacBook_Pro/ISTT/AirflowTutorial/envlibs/lib/python3.10/site-packages/airflow/example_dags/tutorial.py took 0.823 seconds
[2023-06-22T14:45:59.611+0700] {processor.py:157} INFO - Started process (PID=12619) to work on /Users/macbook/Documents/Documents_MacBook_Pro/ISTT/AirflowTutorial/envlibs/lib/python3.10/site-packages/airflow/example_dags/tutorial.py
[2023-06-22T14:45:59.612+0700] {processor.py:826} INFO - Processing file /Users/macbook/Documents/Documents_MacBook_Pro/ISTT/AirflowTutorial/envlibs/lib/python3.10/site-packages/airflow/example_dags/tutorial.py for tasks to queue
[2023-06-22T14:45:59.613+0700] {logging_mixin.py:149} INFO - [2023-06-22T14:45:59.613+0700] {dagbag.py:541} INFO - Filling up the DagBag from /Users/macbook/Documents/Documents_MacBook_Pro/ISTT/AirflowTutorial/envlibs/lib/python3.10/site-packages/airflow/example_dags/tutorial.py
[2023-06-22T14:45:59.642+0700] {processor.py:836} INFO - DAG(s) dict_keys(['tutorial']) retrieved from /Users/macbook/Documents/Documents_MacBook_Pro/ISTT/AirflowTutorial/envlibs/lib/python3.10/site-packages/airflow/example_dags/tutorial.py
[2023-06-22T14:46:00.551+0700] {logging_mixin.py:149} INFO - [2023-06-22T14:46:00.551+0700] {dag.py:2726} INFO - Sync 1 DAGs
[2023-06-22T14:46:00.569+0700] {logging_mixin.py:149} INFO - [2023-06-22T14:46:00.568+0700] {dag.py:3486} INFO - Setting next_dagrun for tutorial to 2023-06-21T07:46:00.568834+00:00, run_after=2023-06-22T07:46:00.568834+00:00
[2023-06-22T14:46:00.589+0700] {processor.py:179} INFO - Processing /Users/macbook/Documents/Documents_MacBook_Pro/ISTT/AirflowTutorial/envlibs/lib/python3.10/site-packages/airflow/example_dags/tutorial.py took 0.979 seconds
[2023-06-22T14:48:04.547+0700] {processor.py:157} INFO - Started process (PID=12682) to work on /Users/macbook/Documents/Documents_MacBook_Pro/ISTT/AirflowTutorial/envlibs/lib/python3.10/site-packages/airflow/example_dags/tutorial.py
[2023-06-22T14:48:04.549+0700] {processor.py:826} INFO - Processing file /Users/macbook/Documents/Documents_MacBook_Pro/ISTT/AirflowTutorial/envlibs/lib/python3.10/site-packages/airflow/example_dags/tutorial.py for tasks to queue
[2023-06-22T14:48:04.549+0700] {logging_mixin.py:149} INFO - [2023-06-22T14:48:04.549+0700] {dagbag.py:541} INFO - Filling up the DagBag from /Users/macbook/Documents/Documents_MacBook_Pro/ISTT/AirflowTutorial/envlibs/lib/python3.10/site-packages/airflow/example_dags/tutorial.py
[2023-06-22T14:48:04.573+0700] {processor.py:836} INFO - DAG(s) dict_keys(['tutorial']) retrieved from /Users/macbook/Documents/Documents_MacBook_Pro/ISTT/AirflowTutorial/envlibs/lib/python3.10/site-packages/airflow/example_dags/tutorial.py
[2023-06-22T14:48:05.424+0700] {logging_mixin.py:149} INFO - [2023-06-22T14:48:05.424+0700] {dag.py:2726} INFO - Sync 1 DAGs
[2023-06-22T14:48:05.442+0700] {logging_mixin.py:149} INFO - [2023-06-22T14:48:05.442+0700] {dag.py:3486} INFO - Setting next_dagrun for tutorial to 2023-06-21T07:48:05.441963+00:00, run_after=2023-06-22T07:48:05.441963+00:00
[2023-06-22T14:48:05.462+0700] {processor.py:179} INFO - Processing /Users/macbook/Documents/Documents_MacBook_Pro/ISTT/AirflowTutorial/envlibs/lib/python3.10/site-packages/airflow/example_dags/tutorial.py took 0.916 seconds
[2023-06-22T14:50:12.613+0700] {processor.py:157} INFO - Started process (PID=12745) to work on /Users/macbook/Documents/Documents_MacBook_Pro/ISTT/AirflowTutorial/envlibs/lib/python3.10/site-packages/airflow/example_dags/tutorial.py
[2023-06-22T14:50:12.614+0700] {processor.py:826} INFO - Processing file /Users/macbook/Documents/Documents_MacBook_Pro/ISTT/AirflowTutorial/envlibs/lib/python3.10/site-packages/airflow/example_dags/tutorial.py for tasks to queue
[2023-06-22T14:50:12.615+0700] {logging_mixin.py:149} INFO - [2023-06-22T14:50:12.615+0700] {dagbag.py:541} INFO - Filling up the DagBag from /Users/macbook/Documents/Documents_MacBook_Pro/ISTT/AirflowTutorial/envlibs/lib/python3.10/site-packages/airflow/example_dags/tutorial.py
[2023-06-22T14:50:12.638+0700] {processor.py:836} INFO - DAG(s) dict_keys(['tutorial']) retrieved from /Users/macbook/Documents/Documents_MacBook_Pro/ISTT/AirflowTutorial/envlibs/lib/python3.10/site-packages/airflow/example_dags/tutorial.py
[2023-06-22T14:50:13.372+0700] {logging_mixin.py:149} INFO - [2023-06-22T14:50:13.372+0700] {dag.py:2726} INFO - Sync 1 DAGs
[2023-06-22T14:50:13.388+0700] {logging_mixin.py:149} INFO - [2023-06-22T14:50:13.388+0700] {dag.py:3486} INFO - Setting next_dagrun for tutorial to 2023-06-21T07:50:13.388142+00:00, run_after=2023-06-22T07:50:13.388142+00:00
[2023-06-22T14:50:13.406+0700] {processor.py:179} INFO - Processing /Users/macbook/Documents/Documents_MacBook_Pro/ISTT/AirflowTutorial/envlibs/lib/python3.10/site-packages/airflow/example_dags/tutorial.py took 0.794 seconds
[2023-06-22T14:52:14.265+0700] {processor.py:157} INFO - Started process (PID=12801) to work on /Users/macbook/Documents/Documents_MacBook_Pro/ISTT/AirflowTutorial/envlibs/lib/python3.10/site-packages/airflow/example_dags/tutorial.py
[2023-06-22T14:52:14.266+0700] {processor.py:826} INFO - Processing file /Users/macbook/Documents/Documents_MacBook_Pro/ISTT/AirflowTutorial/envlibs/lib/python3.10/site-packages/airflow/example_dags/tutorial.py for tasks to queue
[2023-06-22T14:52:14.267+0700] {logging_mixin.py:149} INFO - [2023-06-22T14:52:14.267+0700] {dagbag.py:541} INFO - Filling up the DagBag from /Users/macbook/Documents/Documents_MacBook_Pro/ISTT/AirflowTutorial/envlibs/lib/python3.10/site-packages/airflow/example_dags/tutorial.py
[2023-06-22T14:52:14.298+0700] {processor.py:836} INFO - DAG(s) dict_keys(['tutorial']) retrieved from /Users/macbook/Documents/Documents_MacBook_Pro/ISTT/AirflowTutorial/envlibs/lib/python3.10/site-packages/airflow/example_dags/tutorial.py
[2023-06-22T14:52:15.078+0700] {logging_mixin.py:149} INFO - [2023-06-22T14:52:15.078+0700] {dag.py:2726} INFO - Sync 1 DAGs
[2023-06-22T14:52:15.095+0700] {logging_mixin.py:149} INFO - [2023-06-22T14:52:15.095+0700] {dag.py:3486} INFO - Setting next_dagrun for tutorial to 2023-06-21T07:52:15.095371+00:00, run_after=2023-06-22T07:52:15.095371+00:00
[2023-06-22T14:52:15.120+0700] {processor.py:179} INFO - Processing /Users/macbook/Documents/Documents_MacBook_Pro/ISTT/AirflowTutorial/envlibs/lib/python3.10/site-packages/airflow/example_dags/tutorial.py took 0.857 seconds
[2023-06-22T14:54:13.428+0700] {processor.py:157} INFO - Started process (PID=12854) to work on /Users/macbook/Documents/Documents_MacBook_Pro/ISTT/AirflowTutorial/envlibs/lib/python3.10/site-packages/airflow/example_dags/tutorial.py
[2023-06-22T14:54:13.429+0700] {processor.py:826} INFO - Processing file /Users/macbook/Documents/Documents_MacBook_Pro/ISTT/AirflowTutorial/envlibs/lib/python3.10/site-packages/airflow/example_dags/tutorial.py for tasks to queue
[2023-06-22T14:54:13.429+0700] {logging_mixin.py:149} INFO - [2023-06-22T14:54:13.429+0700] {dagbag.py:541} INFO - Filling up the DagBag from /Users/macbook/Documents/Documents_MacBook_Pro/ISTT/AirflowTutorial/envlibs/lib/python3.10/site-packages/airflow/example_dags/tutorial.py
[2023-06-22T14:54:13.456+0700] {processor.py:836} INFO - DAG(s) dict_keys(['tutorial']) retrieved from /Users/macbook/Documents/Documents_MacBook_Pro/ISTT/AirflowTutorial/envlibs/lib/python3.10/site-packages/airflow/example_dags/tutorial.py
[2023-06-22T14:54:14.182+0700] {logging_mixin.py:149} INFO - [2023-06-22T14:54:14.182+0700] {dag.py:2726} INFO - Sync 1 DAGs
[2023-06-22T14:54:14.198+0700] {logging_mixin.py:149} INFO - [2023-06-22T14:54:14.198+0700] {dag.py:3486} INFO - Setting next_dagrun for tutorial to 2023-06-21T07:54:14.198261+00:00, run_after=2023-06-22T07:54:14.198261+00:00
[2023-06-22T14:54:14.221+0700] {processor.py:179} INFO - Processing /Users/macbook/Documents/Documents_MacBook_Pro/ISTT/AirflowTutorial/envlibs/lib/python3.10/site-packages/airflow/example_dags/tutorial.py took 0.794 seconds
[2023-06-22T14:56:08.147+0700] {processor.py:157} INFO - Started process (PID=12905) to work on /Users/macbook/Documents/Documents_MacBook_Pro/ISTT/AirflowTutorial/envlibs/lib/python3.10/site-packages/airflow/example_dags/tutorial.py
[2023-06-22T14:56:08.149+0700] {processor.py:826} INFO - Processing file /Users/macbook/Documents/Documents_MacBook_Pro/ISTT/AirflowTutorial/envlibs/lib/python3.10/site-packages/airflow/example_dags/tutorial.py for tasks to queue
[2023-06-22T14:56:08.149+0700] {logging_mixin.py:149} INFO - [2023-06-22T14:56:08.149+0700] {dagbag.py:541} INFO - Filling up the DagBag from /Users/macbook/Documents/Documents_MacBook_Pro/ISTT/AirflowTutorial/envlibs/lib/python3.10/site-packages/airflow/example_dags/tutorial.py
[2023-06-22T14:56:08.169+0700] {processor.py:836} INFO - DAG(s) dict_keys(['tutorial']) retrieved from /Users/macbook/Documents/Documents_MacBook_Pro/ISTT/AirflowTutorial/envlibs/lib/python3.10/site-packages/airflow/example_dags/tutorial.py
[2023-06-22T14:56:08.964+0700] {logging_mixin.py:149} INFO - [2023-06-22T14:56:08.964+0700] {dag.py:2726} INFO - Sync 1 DAGs
[2023-06-22T14:56:08.981+0700] {logging_mixin.py:149} INFO - [2023-06-22T14:56:08.981+0700] {dag.py:3486} INFO - Setting next_dagrun for tutorial to 2023-06-21T07:56:08.981212+00:00, run_after=2023-06-22T07:56:08.981212+00:00
[2023-06-22T14:56:08.999+0700] {processor.py:179} INFO - Processing /Users/macbook/Documents/Documents_MacBook_Pro/ISTT/AirflowTutorial/envlibs/lib/python3.10/site-packages/airflow/example_dags/tutorial.py took 0.853 seconds
[2023-06-22T14:58:06.794+0700] {processor.py:157} INFO - Started process (PID=12959) to work on /Users/macbook/Documents/Documents_MacBook_Pro/ISTT/AirflowTutorial/envlibs/lib/python3.10/site-packages/airflow/example_dags/tutorial.py
[2023-06-22T14:58:06.795+0700] {processor.py:826} INFO - Processing file /Users/macbook/Documents/Documents_MacBook_Pro/ISTT/AirflowTutorial/envlibs/lib/python3.10/site-packages/airflow/example_dags/tutorial.py for tasks to queue
[2023-06-22T14:58:06.796+0700] {logging_mixin.py:149} INFO - [2023-06-22T14:58:06.796+0700] {dagbag.py:541} INFO - Filling up the DagBag from /Users/macbook/Documents/Documents_MacBook_Pro/ISTT/AirflowTutorial/envlibs/lib/python3.10/site-packages/airflow/example_dags/tutorial.py
[2023-06-22T14:58:06.820+0700] {processor.py:836} INFO - DAG(s) dict_keys(['tutorial']) retrieved from /Users/macbook/Documents/Documents_MacBook_Pro/ISTT/AirflowTutorial/envlibs/lib/python3.10/site-packages/airflow/example_dags/tutorial.py
[2023-06-22T14:58:07.697+0700] {logging_mixin.py:149} INFO - [2023-06-22T14:58:07.697+0700] {dag.py:2726} INFO - Sync 1 DAGs
[2023-06-22T14:58:07.717+0700] {logging_mixin.py:149} INFO - [2023-06-22T14:58:07.717+0700] {dag.py:3486} INFO - Setting next_dagrun for tutorial to 2023-06-21T07:58:07.717174+00:00, run_after=2023-06-22T07:58:07.717174+00:00
[2023-06-22T14:58:07.757+0700] {processor.py:179} INFO - Processing /Users/macbook/Documents/Documents_MacBook_Pro/ISTT/AirflowTutorial/envlibs/lib/python3.10/site-packages/airflow/example_dags/tutorial.py took 0.964 seconds
[2023-06-22T15:00:13.514+0700] {processor.py:157} INFO - Started process (PID=13012) to work on /Users/macbook/Documents/Documents_MacBook_Pro/ISTT/AirflowTutorial/envlibs/lib/python3.10/site-packages/airflow/example_dags/tutorial.py
[2023-06-22T15:00:13.515+0700] {processor.py:826} INFO - Processing file /Users/macbook/Documents/Documents_MacBook_Pro/ISTT/AirflowTutorial/envlibs/lib/python3.10/site-packages/airflow/example_dags/tutorial.py for tasks to queue
[2023-06-22T15:00:13.516+0700] {logging_mixin.py:149} INFO - [2023-06-22T15:00:13.516+0700] {dagbag.py:541} INFO - Filling up the DagBag from /Users/macbook/Documents/Documents_MacBook_Pro/ISTT/AirflowTutorial/envlibs/lib/python3.10/site-packages/airflow/example_dags/tutorial.py
[2023-06-22T15:00:13.538+0700] {processor.py:836} INFO - DAG(s) dict_keys(['tutorial']) retrieved from /Users/macbook/Documents/Documents_MacBook_Pro/ISTT/AirflowTutorial/envlibs/lib/python3.10/site-packages/airflow/example_dags/tutorial.py
[2023-06-22T15:00:14.342+0700] {logging_mixin.py:149} INFO - [2023-06-22T15:00:14.342+0700] {dag.py:2726} INFO - Sync 1 DAGs
[2023-06-22T15:00:14.360+0700] {logging_mixin.py:149} INFO - [2023-06-22T15:00:14.360+0700] {dag.py:3486} INFO - Setting next_dagrun for tutorial to 2023-06-21T08:00:14.360419+00:00, run_after=2023-06-22T08:00:14.360419+00:00
[2023-06-22T15:00:14.380+0700] {processor.py:179} INFO - Processing /Users/macbook/Documents/Documents_MacBook_Pro/ISTT/AirflowTutorial/envlibs/lib/python3.10/site-packages/airflow/example_dags/tutorial.py took 0.867 seconds
[2023-06-22T15:02:14.591+0700] {processor.py:157} INFO - Started process (PID=13070) to work on /Users/macbook/Documents/Documents_MacBook_Pro/ISTT/AirflowTutorial/envlibs/lib/python3.10/site-packages/airflow/example_dags/tutorial.py
[2023-06-22T15:02:14.592+0700] {processor.py:826} INFO - Processing file /Users/macbook/Documents/Documents_MacBook_Pro/ISTT/AirflowTutorial/envlibs/lib/python3.10/site-packages/airflow/example_dags/tutorial.py for tasks to queue
[2023-06-22T15:02:14.593+0700] {logging_mixin.py:149} INFO - [2023-06-22T15:02:14.593+0700] {dagbag.py:541} INFO - Filling up the DagBag from /Users/macbook/Documents/Documents_MacBook_Pro/ISTT/AirflowTutorial/envlibs/lib/python3.10/site-packages/airflow/example_dags/tutorial.py
[2023-06-22T15:02:14.614+0700] {processor.py:836} INFO - DAG(s) dict_keys(['tutorial']) retrieved from /Users/macbook/Documents/Documents_MacBook_Pro/ISTT/AirflowTutorial/envlibs/lib/python3.10/site-packages/airflow/example_dags/tutorial.py
[2023-06-22T15:02:15.404+0700] {logging_mixin.py:149} INFO - [2023-06-22T15:02:15.404+0700] {dag.py:2726} INFO - Sync 1 DAGs
[2023-06-22T15:02:15.422+0700] {logging_mixin.py:149} INFO - [2023-06-22T15:02:15.421+0700] {dag.py:3486} INFO - Setting next_dagrun for tutorial to 2023-06-21T08:02:15.421842+00:00, run_after=2023-06-22T08:02:15.421842+00:00
[2023-06-22T15:02:15.440+0700] {processor.py:179} INFO - Processing /Users/macbook/Documents/Documents_MacBook_Pro/ISTT/AirflowTutorial/envlibs/lib/python3.10/site-packages/airflow/example_dags/tutorial.py took 0.850 seconds
[2023-06-22T15:04:16.412+0700] {processor.py:157} INFO - Started process (PID=13127) to work on /Users/macbook/Documents/Documents_MacBook_Pro/ISTT/AirflowTutorial/envlibs/lib/python3.10/site-packages/airflow/example_dags/tutorial.py
[2023-06-22T15:04:16.413+0700] {processor.py:826} INFO - Processing file /Users/macbook/Documents/Documents_MacBook_Pro/ISTT/AirflowTutorial/envlibs/lib/python3.10/site-packages/airflow/example_dags/tutorial.py for tasks to queue
[2023-06-22T15:04:16.414+0700] {logging_mixin.py:149} INFO - [2023-06-22T15:04:16.414+0700] {dagbag.py:541} INFO - Filling up the DagBag from /Users/macbook/Documents/Documents_MacBook_Pro/ISTT/AirflowTutorial/envlibs/lib/python3.10/site-packages/airflow/example_dags/tutorial.py
[2023-06-22T15:04:16.443+0700] {processor.py:836} INFO - DAG(s) dict_keys(['tutorial']) retrieved from /Users/macbook/Documents/Documents_MacBook_Pro/ISTT/AirflowTutorial/envlibs/lib/python3.10/site-packages/airflow/example_dags/tutorial.py
[2023-06-22T15:04:17.261+0700] {logging_mixin.py:149} INFO - [2023-06-22T15:04:17.260+0700] {dag.py:2726} INFO - Sync 1 DAGs
[2023-06-22T15:04:17.278+0700] {logging_mixin.py:149} INFO - [2023-06-22T15:04:17.277+0700] {dag.py:3486} INFO - Setting next_dagrun for tutorial to 2023-06-21T08:04:17.277763+00:00, run_after=2023-06-22T08:04:17.277763+00:00
[2023-06-22T15:04:17.295+0700] {processor.py:179} INFO - Processing /Users/macbook/Documents/Documents_MacBook_Pro/ISTT/AirflowTutorial/envlibs/lib/python3.10/site-packages/airflow/example_dags/tutorial.py took 0.885 seconds
[2023-06-22T15:06:23.710+0700] {processor.py:157} INFO - Started process (PID=13223) to work on /Users/macbook/Documents/Documents_MacBook_Pro/ISTT/AirflowTutorial/envlibs/lib/python3.10/site-packages/airflow/example_dags/tutorial.py
[2023-06-22T15:06:23.711+0700] {processor.py:826} INFO - Processing file /Users/macbook/Documents/Documents_MacBook_Pro/ISTT/AirflowTutorial/envlibs/lib/python3.10/site-packages/airflow/example_dags/tutorial.py for tasks to queue
[2023-06-22T15:06:23.712+0700] {logging_mixin.py:149} INFO - [2023-06-22T15:06:23.712+0700] {dagbag.py:541} INFO - Filling up the DagBag from /Users/macbook/Documents/Documents_MacBook_Pro/ISTT/AirflowTutorial/envlibs/lib/python3.10/site-packages/airflow/example_dags/tutorial.py
[2023-06-22T15:06:23.745+0700] {processor.py:836} INFO - DAG(s) dict_keys(['tutorial']) retrieved from /Users/macbook/Documents/Documents_MacBook_Pro/ISTT/AirflowTutorial/envlibs/lib/python3.10/site-packages/airflow/example_dags/tutorial.py
[2023-06-22T15:06:25.207+0700] {logging_mixin.py:149} INFO - [2023-06-22T15:06:25.206+0700] {dag.py:2726} INFO - Sync 1 DAGs
[2023-06-22T15:06:25.235+0700] {logging_mixin.py:149} INFO - [2023-06-22T15:06:25.235+0700] {dag.py:3486} INFO - Setting next_dagrun for tutorial to 2023-06-21T08:06:25.235378+00:00, run_after=2023-06-22T08:06:25.235378+00:00
[2023-06-22T15:06:25.267+0700] {processor.py:179} INFO - Processing /Users/macbook/Documents/Documents_MacBook_Pro/ISTT/AirflowTutorial/envlibs/lib/python3.10/site-packages/airflow/example_dags/tutorial.py took 1.558 seconds
[2023-06-22T15:08:27.956+0700] {processor.py:157} INFO - Started process (PID=13284) to work on /Users/macbook/Documents/Documents_MacBook_Pro/ISTT/AirflowTutorial/envlibs/lib/python3.10/site-packages/airflow/example_dags/tutorial.py
[2023-06-22T15:08:27.957+0700] {processor.py:826} INFO - Processing file /Users/macbook/Documents/Documents_MacBook_Pro/ISTT/AirflowTutorial/envlibs/lib/python3.10/site-packages/airflow/example_dags/tutorial.py for tasks to queue
[2023-06-22T15:08:27.957+0700] {logging_mixin.py:149} INFO - [2023-06-22T15:08:27.957+0700] {dagbag.py:541} INFO - Filling up the DagBag from /Users/macbook/Documents/Documents_MacBook_Pro/ISTT/AirflowTutorial/envlibs/lib/python3.10/site-packages/airflow/example_dags/tutorial.py
[2023-06-22T15:08:27.977+0700] {processor.py:836} INFO - DAG(s) dict_keys(['tutorial']) retrieved from /Users/macbook/Documents/Documents_MacBook_Pro/ISTT/AirflowTutorial/envlibs/lib/python3.10/site-packages/airflow/example_dags/tutorial.py
[2023-06-22T15:08:28.762+0700] {logging_mixin.py:149} INFO - [2023-06-22T15:08:28.762+0700] {dag.py:2726} INFO - Sync 1 DAGs
[2023-06-22T15:08:28.779+0700] {logging_mixin.py:149} INFO - [2023-06-22T15:08:28.779+0700] {dag.py:3486} INFO - Setting next_dagrun for tutorial to 2023-06-21T08:08:28.779206+00:00, run_after=2023-06-22T08:08:28.779206+00:00
[2023-06-22T15:08:28.797+0700] {processor.py:179} INFO - Processing /Users/macbook/Documents/Documents_MacBook_Pro/ISTT/AirflowTutorial/envlibs/lib/python3.10/site-packages/airflow/example_dags/tutorial.py took 0.842 seconds
[2023-06-22T15:10:32.080+0700] {processor.py:157} INFO - Started process (PID=13380) to work on /Users/macbook/Documents/Documents_MacBook_Pro/ISTT/AirflowTutorial/envlibs/lib/python3.10/site-packages/airflow/example_dags/tutorial.py
[2023-06-22T15:10:32.082+0700] {processor.py:826} INFO - Processing file /Users/macbook/Documents/Documents_MacBook_Pro/ISTT/AirflowTutorial/envlibs/lib/python3.10/site-packages/airflow/example_dags/tutorial.py for tasks to queue
[2023-06-22T15:10:32.082+0700] {logging_mixin.py:149} INFO - [2023-06-22T15:10:32.082+0700] {dagbag.py:541} INFO - Filling up the DagBag from /Users/macbook/Documents/Documents_MacBook_Pro/ISTT/AirflowTutorial/envlibs/lib/python3.10/site-packages/airflow/example_dags/tutorial.py
[2023-06-22T15:10:32.105+0700] {processor.py:836} INFO - DAG(s) dict_keys(['tutorial']) retrieved from /Users/macbook/Documents/Documents_MacBook_Pro/ISTT/AirflowTutorial/envlibs/lib/python3.10/site-packages/airflow/example_dags/tutorial.py
[2023-06-22T15:10:32.815+0700] {logging_mixin.py:149} INFO - [2023-06-22T15:10:32.815+0700] {dag.py:2726} INFO - Sync 1 DAGs
[2023-06-22T15:10:32.831+0700] {logging_mixin.py:149} INFO - [2023-06-22T15:10:32.831+0700] {dag.py:3486} INFO - Setting next_dagrun for tutorial to 2023-06-21T08:10:32.831590+00:00, run_after=2023-06-22T08:10:32.831590+00:00
[2023-06-22T15:10:32.848+0700] {processor.py:179} INFO - Processing /Users/macbook/Documents/Documents_MacBook_Pro/ISTT/AirflowTutorial/envlibs/lib/python3.10/site-packages/airflow/example_dags/tutorial.py took 0.769 seconds
[2023-06-22T15:12:37.233+0700] {processor.py:157} INFO - Started process (PID=13435) to work on /Users/macbook/Documents/Documents_MacBook_Pro/ISTT/AirflowTutorial/envlibs/lib/python3.10/site-packages/airflow/example_dags/tutorial.py
[2023-06-22T15:12:37.235+0700] {processor.py:826} INFO - Processing file /Users/macbook/Documents/Documents_MacBook_Pro/ISTT/AirflowTutorial/envlibs/lib/python3.10/site-packages/airflow/example_dags/tutorial.py for tasks to queue
[2023-06-22T15:12:37.235+0700] {logging_mixin.py:149} INFO - [2023-06-22T15:12:37.235+0700] {dagbag.py:541} INFO - Filling up the DagBag from /Users/macbook/Documents/Documents_MacBook_Pro/ISTT/AirflowTutorial/envlibs/lib/python3.10/site-packages/airflow/example_dags/tutorial.py
[2023-06-22T15:12:37.261+0700] {processor.py:836} INFO - DAG(s) dict_keys(['tutorial']) retrieved from /Users/macbook/Documents/Documents_MacBook_Pro/ISTT/AirflowTutorial/envlibs/lib/python3.10/site-packages/airflow/example_dags/tutorial.py
[2023-06-22T15:12:37.990+0700] {logging_mixin.py:149} INFO - [2023-06-22T15:12:37.990+0700] {dag.py:2726} INFO - Sync 1 DAGs
[2023-06-22T15:12:38.007+0700] {logging_mixin.py:149} INFO - [2023-06-22T15:12:38.007+0700] {dag.py:3486} INFO - Setting next_dagrun for tutorial to 2023-06-21T08:12:38.007091+00:00, run_after=2023-06-22T08:12:38.007091+00:00
[2023-06-22T15:12:38.026+0700] {processor.py:179} INFO - Processing /Users/macbook/Documents/Documents_MacBook_Pro/ISTT/AirflowTutorial/envlibs/lib/python3.10/site-packages/airflow/example_dags/tutorial.py took 0.794 seconds
[2023-06-22T15:14:45.015+0700] {processor.py:157} INFO - Started process (PID=13527) to work on /Users/macbook/Documents/Documents_MacBook_Pro/ISTT/AirflowTutorial/envlibs/lib/python3.10/site-packages/airflow/example_dags/tutorial.py
[2023-06-22T15:14:45.016+0700] {processor.py:826} INFO - Processing file /Users/macbook/Documents/Documents_MacBook_Pro/ISTT/AirflowTutorial/envlibs/lib/python3.10/site-packages/airflow/example_dags/tutorial.py for tasks to queue
[2023-06-22T15:14:45.017+0700] {logging_mixin.py:149} INFO - [2023-06-22T15:14:45.016+0700] {dagbag.py:541} INFO - Filling up the DagBag from /Users/macbook/Documents/Documents_MacBook_Pro/ISTT/AirflowTutorial/envlibs/lib/python3.10/site-packages/airflow/example_dags/tutorial.py
[2023-06-22T15:14:45.041+0700] {processor.py:836} INFO - DAG(s) dict_keys(['tutorial']) retrieved from /Users/macbook/Documents/Documents_MacBook_Pro/ISTT/AirflowTutorial/envlibs/lib/python3.10/site-packages/airflow/example_dags/tutorial.py
[2023-06-22T15:14:45.849+0700] {logging_mixin.py:149} INFO - [2023-06-22T15:14:45.849+0700] {dag.py:2726} INFO - Sync 1 DAGs
[2023-06-22T15:14:45.867+0700] {logging_mixin.py:149} INFO - [2023-06-22T15:14:45.867+0700] {dag.py:3486} INFO - Setting next_dagrun for tutorial to 2023-06-21T08:14:45.867498+00:00, run_after=2023-06-22T08:14:45.867498+00:00
[2023-06-22T15:14:45.887+0700] {processor.py:179} INFO - Processing /Users/macbook/Documents/Documents_MacBook_Pro/ISTT/AirflowTutorial/envlibs/lib/python3.10/site-packages/airflow/example_dags/tutorial.py took 0.872 seconds
[2023-06-22T15:16:53.278+0700] {processor.py:157} INFO - Started process (PID=13601) to work on /Users/macbook/Documents/Documents_MacBook_Pro/ISTT/AirflowTutorial/envlibs/lib/python3.10/site-packages/airflow/example_dags/tutorial.py
[2023-06-22T15:16:53.279+0700] {processor.py:826} INFO - Processing file /Users/macbook/Documents/Documents_MacBook_Pro/ISTT/AirflowTutorial/envlibs/lib/python3.10/site-packages/airflow/example_dags/tutorial.py for tasks to queue
[2023-06-22T15:16:53.279+0700] {logging_mixin.py:149} INFO - [2023-06-22T15:16:53.279+0700] {dagbag.py:541} INFO - Filling up the DagBag from /Users/macbook/Documents/Documents_MacBook_Pro/ISTT/AirflowTutorial/envlibs/lib/python3.10/site-packages/airflow/example_dags/tutorial.py
[2023-06-22T15:16:53.301+0700] {processor.py:836} INFO - DAG(s) dict_keys(['tutorial']) retrieved from /Users/macbook/Documents/Documents_MacBook_Pro/ISTT/AirflowTutorial/envlibs/lib/python3.10/site-packages/airflow/example_dags/tutorial.py
[2023-06-22T15:16:54.226+0700] {logging_mixin.py:149} INFO - [2023-06-22T15:16:54.225+0700] {dag.py:2726} INFO - Sync 1 DAGs
[2023-06-22T15:16:54.258+0700] {logging_mixin.py:149} INFO - [2023-06-22T15:16:54.258+0700] {dag.py:3486} INFO - Setting next_dagrun for tutorial to 2023-06-21T08:16:54.258444+00:00, run_after=2023-06-22T08:16:54.258444+00:00
[2023-06-22T15:16:54.292+0700] {processor.py:179} INFO - Processing /Users/macbook/Documents/Documents_MacBook_Pro/ISTT/AirflowTutorial/envlibs/lib/python3.10/site-packages/airflow/example_dags/tutorial.py took 1.015 seconds
[2023-06-22T15:18:54.486+0700] {processor.py:157} INFO - Started process (PID=13698) to work on /Users/macbook/Documents/Documents_MacBook_Pro/ISTT/AirflowTutorial/envlibs/lib/python3.10/site-packages/airflow/example_dags/tutorial.py
[2023-06-22T15:18:54.487+0700] {processor.py:826} INFO - Processing file /Users/macbook/Documents/Documents_MacBook_Pro/ISTT/AirflowTutorial/envlibs/lib/python3.10/site-packages/airflow/example_dags/tutorial.py for tasks to queue
[2023-06-22T15:18:54.488+0700] {logging_mixin.py:149} INFO - [2023-06-22T15:18:54.488+0700] {dagbag.py:541} INFO - Filling up the DagBag from /Users/macbook/Documents/Documents_MacBook_Pro/ISTT/AirflowTutorial/envlibs/lib/python3.10/site-packages/airflow/example_dags/tutorial.py
[2023-06-22T15:18:54.511+0700] {processor.py:836} INFO - DAG(s) dict_keys(['tutorial']) retrieved from /Users/macbook/Documents/Documents_MacBook_Pro/ISTT/AirflowTutorial/envlibs/lib/python3.10/site-packages/airflow/example_dags/tutorial.py
[2023-06-22T15:18:55.233+0700] {logging_mixin.py:149} INFO - [2023-06-22T15:18:55.233+0700] {dag.py:2726} INFO - Sync 1 DAGs
[2023-06-22T15:18:55.250+0700] {logging_mixin.py:149} INFO - [2023-06-22T15:18:55.250+0700] {dag.py:3486} INFO - Setting next_dagrun for tutorial to 2023-06-21T08:18:55.250159+00:00, run_after=2023-06-22T08:18:55.250159+00:00
[2023-06-22T15:18:55.267+0700] {processor.py:179} INFO - Processing /Users/macbook/Documents/Documents_MacBook_Pro/ISTT/AirflowTutorial/envlibs/lib/python3.10/site-packages/airflow/example_dags/tutorial.py took 0.782 seconds
[2023-06-22T15:20:56.195+0700] {processor.py:157} INFO - Started process (PID=13765) to work on /Users/macbook/Documents/Documents_MacBook_Pro/ISTT/AirflowTutorial/envlibs/lib/python3.10/site-packages/airflow/example_dags/tutorial.py
[2023-06-22T15:20:56.197+0700] {processor.py:826} INFO - Processing file /Users/macbook/Documents/Documents_MacBook_Pro/ISTT/AirflowTutorial/envlibs/lib/python3.10/site-packages/airflow/example_dags/tutorial.py for tasks to queue
[2023-06-22T15:20:56.197+0700] {logging_mixin.py:149} INFO - [2023-06-22T15:20:56.197+0700] {dagbag.py:541} INFO - Filling up the DagBag from /Users/macbook/Documents/Documents_MacBook_Pro/ISTT/AirflowTutorial/envlibs/lib/python3.10/site-packages/airflow/example_dags/tutorial.py
[2023-06-22T15:20:56.219+0700] {processor.py:836} INFO - DAG(s) dict_keys(['tutorial']) retrieved from /Users/macbook/Documents/Documents_MacBook_Pro/ISTT/AirflowTutorial/envlibs/lib/python3.10/site-packages/airflow/example_dags/tutorial.py
[2023-06-22T15:20:56.936+0700] {logging_mixin.py:149} INFO - [2023-06-22T15:20:56.936+0700] {dag.py:2726} INFO - Sync 1 DAGs
[2023-06-22T15:20:56.952+0700] {logging_mixin.py:149} INFO - [2023-06-22T15:20:56.952+0700] {dag.py:3486} INFO - Setting next_dagrun for tutorial to 2023-06-21T08:20:56.952465+00:00, run_after=2023-06-22T08:20:56.952465+00:00
[2023-06-22T15:20:56.970+0700] {processor.py:179} INFO - Processing /Users/macbook/Documents/Documents_MacBook_Pro/ISTT/AirflowTutorial/envlibs/lib/python3.10/site-packages/airflow/example_dags/tutorial.py took 0.776 seconds
[2023-06-22T15:23:02.203+0700] {processor.py:157} INFO - Started process (PID=13817) to work on /Users/macbook/Documents/Documents_MacBook_Pro/ISTT/AirflowTutorial/envlibs/lib/python3.10/site-packages/airflow/example_dags/tutorial.py
[2023-06-22T15:23:02.204+0700] {processor.py:826} INFO - Processing file /Users/macbook/Documents/Documents_MacBook_Pro/ISTT/AirflowTutorial/envlibs/lib/python3.10/site-packages/airflow/example_dags/tutorial.py for tasks to queue
[2023-06-22T15:23:02.205+0700] {logging_mixin.py:149} INFO - [2023-06-22T15:23:02.205+0700] {dagbag.py:541} INFO - Filling up the DagBag from /Users/macbook/Documents/Documents_MacBook_Pro/ISTT/AirflowTutorial/envlibs/lib/python3.10/site-packages/airflow/example_dags/tutorial.py
[2023-06-22T15:23:02.230+0700] {processor.py:836} INFO - DAG(s) dict_keys(['tutorial']) retrieved from /Users/macbook/Documents/Documents_MacBook_Pro/ISTT/AirflowTutorial/envlibs/lib/python3.10/site-packages/airflow/example_dags/tutorial.py
[2023-06-22T15:23:03.310+0700] {logging_mixin.py:149} INFO - [2023-06-22T15:23:03.310+0700] {dag.py:2726} INFO - Sync 1 DAGs
[2023-06-22T15:23:03.330+0700] {logging_mixin.py:149} INFO - [2023-06-22T15:23:03.330+0700] {dag.py:3486} INFO - Setting next_dagrun for tutorial to 2023-06-21T08:23:03.330357+00:00, run_after=2023-06-22T08:23:03.330357+00:00
[2023-06-22T15:23:03.354+0700] {processor.py:179} INFO - Processing /Users/macbook/Documents/Documents_MacBook_Pro/ISTT/AirflowTutorial/envlibs/lib/python3.10/site-packages/airflow/example_dags/tutorial.py took 1.152 seconds
[2023-06-22T15:25:22.309+0700] {processor.py:157} INFO - Started process (PID=13889) to work on /Users/macbook/Documents/Documents_MacBook_Pro/ISTT/AirflowTutorial/envlibs/lib/python3.10/site-packages/airflow/example_dags/tutorial.py
[2023-06-22T15:25:22.310+0700] {processor.py:826} INFO - Processing file /Users/macbook/Documents/Documents_MacBook_Pro/ISTT/AirflowTutorial/envlibs/lib/python3.10/site-packages/airflow/example_dags/tutorial.py for tasks to queue
[2023-06-22T15:25:22.311+0700] {logging_mixin.py:149} INFO - [2023-06-22T15:25:22.311+0700] {dagbag.py:541} INFO - Filling up the DagBag from /Users/macbook/Documents/Documents_MacBook_Pro/ISTT/AirflowTutorial/envlibs/lib/python3.10/site-packages/airflow/example_dags/tutorial.py
[2023-06-22T15:25:22.333+0700] {processor.py:836} INFO - DAG(s) dict_keys(['tutorial']) retrieved from /Users/macbook/Documents/Documents_MacBook_Pro/ISTT/AirflowTutorial/envlibs/lib/python3.10/site-packages/airflow/example_dags/tutorial.py
[2023-06-22T15:25:23.128+0700] {logging_mixin.py:149} INFO - [2023-06-22T15:25:23.128+0700] {dag.py:2726} INFO - Sync 1 DAGs
[2023-06-22T15:25:23.145+0700] {logging_mixin.py:149} INFO - [2023-06-22T15:25:23.145+0700] {dag.py:3486} INFO - Setting next_dagrun for tutorial to 2023-06-21T08:25:23.145118+00:00, run_after=2023-06-22T08:25:23.145118+00:00
[2023-06-22T15:25:23.164+0700] {processor.py:179} INFO - Processing /Users/macbook/Documents/Documents_MacBook_Pro/ISTT/AirflowTutorial/envlibs/lib/python3.10/site-packages/airflow/example_dags/tutorial.py took 0.856 seconds
[2023-06-22T15:27:34.076+0700] {processor.py:157} INFO - Started process (PID=13945) to work on /Users/macbook/Documents/Documents_MacBook_Pro/ISTT/AirflowTutorial/envlibs/lib/python3.10/site-packages/airflow/example_dags/tutorial.py
[2023-06-22T15:27:34.078+0700] {processor.py:826} INFO - Processing file /Users/macbook/Documents/Documents_MacBook_Pro/ISTT/AirflowTutorial/envlibs/lib/python3.10/site-packages/airflow/example_dags/tutorial.py for tasks to queue
[2023-06-22T15:27:34.078+0700] {logging_mixin.py:149} INFO - [2023-06-22T15:27:34.078+0700] {dagbag.py:541} INFO - Filling up the DagBag from /Users/macbook/Documents/Documents_MacBook_Pro/ISTT/AirflowTutorial/envlibs/lib/python3.10/site-packages/airflow/example_dags/tutorial.py
[2023-06-22T15:27:34.101+0700] {processor.py:836} INFO - DAG(s) dict_keys(['tutorial']) retrieved from /Users/macbook/Documents/Documents_MacBook_Pro/ISTT/AirflowTutorial/envlibs/lib/python3.10/site-packages/airflow/example_dags/tutorial.py
[2023-06-22T15:27:34.879+0700] {logging_mixin.py:149} INFO - [2023-06-22T15:27:34.878+0700] {dag.py:2726} INFO - Sync 1 DAGs
[2023-06-22T15:27:34.895+0700] {logging_mixin.py:149} INFO - [2023-06-22T15:27:34.895+0700] {dag.py:3486} INFO - Setting next_dagrun for tutorial to 2023-06-21T08:27:34.895189+00:00, run_after=2023-06-22T08:27:34.895189+00:00
[2023-06-22T15:27:34.915+0700] {processor.py:179} INFO - Processing /Users/macbook/Documents/Documents_MacBook_Pro/ISTT/AirflowTutorial/envlibs/lib/python3.10/site-packages/airflow/example_dags/tutorial.py took 0.840 seconds
[2023-06-22T15:29:41.372+0700] {processor.py:157} INFO - Started process (PID=13999) to work on /Users/macbook/Documents/Documents_MacBook_Pro/ISTT/AirflowTutorial/envlibs/lib/python3.10/site-packages/airflow/example_dags/tutorial.py
[2023-06-22T15:29:41.374+0700] {processor.py:826} INFO - Processing file /Users/macbook/Documents/Documents_MacBook_Pro/ISTT/AirflowTutorial/envlibs/lib/python3.10/site-packages/airflow/example_dags/tutorial.py for tasks to queue
[2023-06-22T15:29:41.374+0700] {logging_mixin.py:149} INFO - [2023-06-22T15:29:41.374+0700] {dagbag.py:541} INFO - Filling up the DagBag from /Users/macbook/Documents/Documents_MacBook_Pro/ISTT/AirflowTutorial/envlibs/lib/python3.10/site-packages/airflow/example_dags/tutorial.py
[2023-06-22T15:29:41.400+0700] {processor.py:836} INFO - DAG(s) dict_keys(['tutorial']) retrieved from /Users/macbook/Documents/Documents_MacBook_Pro/ISTT/AirflowTutorial/envlibs/lib/python3.10/site-packages/airflow/example_dags/tutorial.py
[2023-06-22T15:29:42.243+0700] {logging_mixin.py:149} INFO - [2023-06-22T15:29:42.242+0700] {dag.py:2726} INFO - Sync 1 DAGs
[2023-06-22T15:29:42.262+0700] {logging_mixin.py:149} INFO - [2023-06-22T15:29:42.262+0700] {dag.py:3486} INFO - Setting next_dagrun for tutorial to 2023-06-21T08:29:42.262334+00:00, run_after=2023-06-22T08:29:42.262334+00:00
[2023-06-22T15:29:42.284+0700] {processor.py:179} INFO - Processing /Users/macbook/Documents/Documents_MacBook_Pro/ISTT/AirflowTutorial/envlibs/lib/python3.10/site-packages/airflow/example_dags/tutorial.py took 0.912 seconds
[2023-06-22T15:31:46.193+0700] {processor.py:157} INFO - Started process (PID=14064) to work on /Users/macbook/Documents/Documents_MacBook_Pro/ISTT/AirflowTutorial/envlibs/lib/python3.10/site-packages/airflow/example_dags/tutorial.py
[2023-06-22T15:31:46.195+0700] {processor.py:826} INFO - Processing file /Users/macbook/Documents/Documents_MacBook_Pro/ISTT/AirflowTutorial/envlibs/lib/python3.10/site-packages/airflow/example_dags/tutorial.py for tasks to queue
[2023-06-22T15:31:46.195+0700] {logging_mixin.py:149} INFO - [2023-06-22T15:31:46.195+0700] {dagbag.py:541} INFO - Filling up the DagBag from /Users/macbook/Documents/Documents_MacBook_Pro/ISTT/AirflowTutorial/envlibs/lib/python3.10/site-packages/airflow/example_dags/tutorial.py
[2023-06-22T15:31:46.220+0700] {processor.py:836} INFO - DAG(s) dict_keys(['tutorial']) retrieved from /Users/macbook/Documents/Documents_MacBook_Pro/ISTT/AirflowTutorial/envlibs/lib/python3.10/site-packages/airflow/example_dags/tutorial.py
[2023-06-22T15:31:47.035+0700] {logging_mixin.py:149} INFO - [2023-06-22T15:31:47.035+0700] {dag.py:2726} INFO - Sync 1 DAGs
[2023-06-22T15:31:47.052+0700] {logging_mixin.py:149} INFO - [2023-06-22T15:31:47.052+0700] {dag.py:3486} INFO - Setting next_dagrun for tutorial to 2023-06-21T08:31:47.052138+00:00, run_after=2023-06-22T08:31:47.052138+00:00
[2023-06-22T15:31:47.069+0700] {processor.py:179} INFO - Processing /Users/macbook/Documents/Documents_MacBook_Pro/ISTT/AirflowTutorial/envlibs/lib/python3.10/site-packages/airflow/example_dags/tutorial.py took 0.877 seconds
[2023-06-22T15:33:50.880+0700] {processor.py:157} INFO - Started process (PID=14124) to work on /Users/macbook/Documents/Documents_MacBook_Pro/ISTT/AirflowTutorial/envlibs/lib/python3.10/site-packages/airflow/example_dags/tutorial.py
[2023-06-22T15:33:50.881+0700] {processor.py:826} INFO - Processing file /Users/macbook/Documents/Documents_MacBook_Pro/ISTT/AirflowTutorial/envlibs/lib/python3.10/site-packages/airflow/example_dags/tutorial.py for tasks to queue
[2023-06-22T15:33:50.882+0700] {logging_mixin.py:149} INFO - [2023-06-22T15:33:50.882+0700] {dagbag.py:541} INFO - Filling up the DagBag from /Users/macbook/Documents/Documents_MacBook_Pro/ISTT/AirflowTutorial/envlibs/lib/python3.10/site-packages/airflow/example_dags/tutorial.py
[2023-06-22T15:33:50.905+0700] {processor.py:836} INFO - DAG(s) dict_keys(['tutorial']) retrieved from /Users/macbook/Documents/Documents_MacBook_Pro/ISTT/AirflowTutorial/envlibs/lib/python3.10/site-packages/airflow/example_dags/tutorial.py
[2023-06-22T15:33:51.667+0700] {logging_mixin.py:149} INFO - [2023-06-22T15:33:51.667+0700] {dag.py:2726} INFO - Sync 1 DAGs
[2023-06-22T15:33:51.684+0700] {logging_mixin.py:149} INFO - [2023-06-22T15:33:51.683+0700] {dag.py:3486} INFO - Setting next_dagrun for tutorial to 2023-06-21T08:33:51.683717+00:00, run_after=2023-06-22T08:33:51.683717+00:00
[2023-06-22T15:33:51.702+0700] {processor.py:179} INFO - Processing /Users/macbook/Documents/Documents_MacBook_Pro/ISTT/AirflowTutorial/envlibs/lib/python3.10/site-packages/airflow/example_dags/tutorial.py took 0.823 seconds
[2023-06-22T15:35:55.600+0700] {processor.py:157} INFO - Started process (PID=14181) to work on /Users/macbook/Documents/Documents_MacBook_Pro/ISTT/AirflowTutorial/envlibs/lib/python3.10/site-packages/airflow/example_dags/tutorial.py
[2023-06-22T15:35:55.601+0700] {processor.py:826} INFO - Processing file /Users/macbook/Documents/Documents_MacBook_Pro/ISTT/AirflowTutorial/envlibs/lib/python3.10/site-packages/airflow/example_dags/tutorial.py for tasks to queue
[2023-06-22T15:35:55.602+0700] {logging_mixin.py:149} INFO - [2023-06-22T15:35:55.602+0700] {dagbag.py:541} INFO - Filling up the DagBag from /Users/macbook/Documents/Documents_MacBook_Pro/ISTT/AirflowTutorial/envlibs/lib/python3.10/site-packages/airflow/example_dags/tutorial.py
[2023-06-22T15:35:55.627+0700] {processor.py:836} INFO - DAG(s) dict_keys(['tutorial']) retrieved from /Users/macbook/Documents/Documents_MacBook_Pro/ISTT/AirflowTutorial/envlibs/lib/python3.10/site-packages/airflow/example_dags/tutorial.py
[2023-06-22T15:35:56.457+0700] {logging_mixin.py:149} INFO - [2023-06-22T15:35:56.457+0700] {dag.py:2726} INFO - Sync 1 DAGs
[2023-06-22T15:35:56.477+0700] {logging_mixin.py:149} INFO - [2023-06-22T15:35:56.477+0700] {dag.py:3486} INFO - Setting next_dagrun for tutorial to 2023-06-21T08:35:56.477682+00:00, run_after=2023-06-22T08:35:56.477682+00:00
[2023-06-22T15:35:56.498+0700] {processor.py:179} INFO - Processing /Users/macbook/Documents/Documents_MacBook_Pro/ISTT/AirflowTutorial/envlibs/lib/python3.10/site-packages/airflow/example_dags/tutorial.py took 0.899 seconds
[2023-06-22T15:38:07.144+0700] {processor.py:157} INFO - Started process (PID=14251) to work on /Users/macbook/Documents/Documents_MacBook_Pro/ISTT/AirflowTutorial/envlibs/lib/python3.10/site-packages/airflow/example_dags/tutorial.py
[2023-06-22T15:38:07.145+0700] {processor.py:826} INFO - Processing file /Users/macbook/Documents/Documents_MacBook_Pro/ISTT/AirflowTutorial/envlibs/lib/python3.10/site-packages/airflow/example_dags/tutorial.py for tasks to queue
[2023-06-22T15:38:07.146+0700] {logging_mixin.py:149} INFO - [2023-06-22T15:38:07.146+0700] {dagbag.py:541} INFO - Filling up the DagBag from /Users/macbook/Documents/Documents_MacBook_Pro/ISTT/AirflowTutorial/envlibs/lib/python3.10/site-packages/airflow/example_dags/tutorial.py
[2023-06-22T15:38:07.183+0700] {processor.py:836} INFO - DAG(s) dict_keys(['tutorial']) retrieved from /Users/macbook/Documents/Documents_MacBook_Pro/ISTT/AirflowTutorial/envlibs/lib/python3.10/site-packages/airflow/example_dags/tutorial.py
[2023-06-22T15:38:08.234+0700] {logging_mixin.py:149} INFO - [2023-06-22T15:38:08.234+0700] {dag.py:2726} INFO - Sync 1 DAGs
[2023-06-22T15:38:08.260+0700] {logging_mixin.py:149} INFO - [2023-06-22T15:38:08.259+0700] {dag.py:3486} INFO - Setting next_dagrun for tutorial to 2023-06-21T08:38:08.259452+00:00, run_after=2023-06-22T08:38:08.259452+00:00
[2023-06-22T15:38:08.284+0700] {processor.py:179} INFO - Processing /Users/macbook/Documents/Documents_MacBook_Pro/ISTT/AirflowTutorial/envlibs/lib/python3.10/site-packages/airflow/example_dags/tutorial.py took 1.142 seconds
[2023-06-22T15:40:16.732+0700] {processor.py:157} INFO - Started process (PID=14320) to work on /Users/macbook/Documents/Documents_MacBook_Pro/ISTT/AirflowTutorial/envlibs/lib/python3.10/site-packages/airflow/example_dags/tutorial.py
[2023-06-22T15:40:16.733+0700] {processor.py:826} INFO - Processing file /Users/macbook/Documents/Documents_MacBook_Pro/ISTT/AirflowTutorial/envlibs/lib/python3.10/site-packages/airflow/example_dags/tutorial.py for tasks to queue
[2023-06-22T15:40:16.734+0700] {logging_mixin.py:149} INFO - [2023-06-22T15:40:16.734+0700] {dagbag.py:541} INFO - Filling up the DagBag from /Users/macbook/Documents/Documents_MacBook_Pro/ISTT/AirflowTutorial/envlibs/lib/python3.10/site-packages/airflow/example_dags/tutorial.py
[2023-06-22T15:40:16.760+0700] {processor.py:836} INFO - DAG(s) dict_keys(['tutorial']) retrieved from /Users/macbook/Documents/Documents_MacBook_Pro/ISTT/AirflowTutorial/envlibs/lib/python3.10/site-packages/airflow/example_dags/tutorial.py
[2023-06-22T15:40:17.773+0700] {logging_mixin.py:149} INFO - [2023-06-22T15:40:17.773+0700] {dag.py:2726} INFO - Sync 1 DAGs
[2023-06-22T15:40:17.790+0700] {logging_mixin.py:149} INFO - [2023-06-22T15:40:17.790+0700] {dag.py:3486} INFO - Setting next_dagrun for tutorial to 2023-06-21T08:40:17.790290+00:00, run_after=2023-06-22T08:40:17.790290+00:00
[2023-06-22T15:40:17.808+0700] {processor.py:179} INFO - Processing /Users/macbook/Documents/Documents_MacBook_Pro/ISTT/AirflowTutorial/envlibs/lib/python3.10/site-packages/airflow/example_dags/tutorial.py took 1.077 seconds
[2023-06-22T15:42:25.465+0700] {processor.py:157} INFO - Started process (PID=14393) to work on /Users/macbook/Documents/Documents_MacBook_Pro/ISTT/AirflowTutorial/envlibs/lib/python3.10/site-packages/airflow/example_dags/tutorial.py
[2023-06-22T15:42:25.466+0700] {processor.py:826} INFO - Processing file /Users/macbook/Documents/Documents_MacBook_Pro/ISTT/AirflowTutorial/envlibs/lib/python3.10/site-packages/airflow/example_dags/tutorial.py for tasks to queue
[2023-06-22T15:42:25.466+0700] {logging_mixin.py:149} INFO - [2023-06-22T15:42:25.466+0700] {dagbag.py:541} INFO - Filling up the DagBag from /Users/macbook/Documents/Documents_MacBook_Pro/ISTT/AirflowTutorial/envlibs/lib/python3.10/site-packages/airflow/example_dags/tutorial.py
[2023-06-22T15:42:25.494+0700] {processor.py:836} INFO - DAG(s) dict_keys(['tutorial']) retrieved from /Users/macbook/Documents/Documents_MacBook_Pro/ISTT/AirflowTutorial/envlibs/lib/python3.10/site-packages/airflow/example_dags/tutorial.py
[2023-06-22T15:42:26.580+0700] {logging_mixin.py:149} INFO - [2023-06-22T15:42:26.580+0700] {dag.py:2726} INFO - Sync 1 DAGs
[2023-06-22T15:42:26.598+0700] {logging_mixin.py:149} INFO - [2023-06-22T15:42:26.598+0700] {dag.py:3486} INFO - Setting next_dagrun for tutorial to 2023-06-21T08:42:26.597933+00:00, run_after=2023-06-22T08:42:26.597933+00:00
[2023-06-22T15:42:26.621+0700] {processor.py:179} INFO - Processing /Users/macbook/Documents/Documents_MacBook_Pro/ISTT/AirflowTutorial/envlibs/lib/python3.10/site-packages/airflow/example_dags/tutorial.py took 1.157 seconds
[2023-06-22T15:44:35.744+0700] {processor.py:157} INFO - Started process (PID=14457) to work on /Users/macbook/Documents/Documents_MacBook_Pro/ISTT/AirflowTutorial/envlibs/lib/python3.10/site-packages/airflow/example_dags/tutorial.py
[2023-06-22T15:44:35.745+0700] {processor.py:826} INFO - Processing file /Users/macbook/Documents/Documents_MacBook_Pro/ISTT/AirflowTutorial/envlibs/lib/python3.10/site-packages/airflow/example_dags/tutorial.py for tasks to queue
[2023-06-22T15:44:35.745+0700] {logging_mixin.py:149} INFO - [2023-06-22T15:44:35.745+0700] {dagbag.py:541} INFO - Filling up the DagBag from /Users/macbook/Documents/Documents_MacBook_Pro/ISTT/AirflowTutorial/envlibs/lib/python3.10/site-packages/airflow/example_dags/tutorial.py
[2023-06-22T15:44:35.773+0700] {processor.py:836} INFO - DAG(s) dict_keys(['tutorial']) retrieved from /Users/macbook/Documents/Documents_MacBook_Pro/ISTT/AirflowTutorial/envlibs/lib/python3.10/site-packages/airflow/example_dags/tutorial.py
[2023-06-22T15:44:36.588+0700] {logging_mixin.py:149} INFO - [2023-06-22T15:44:36.588+0700] {dag.py:2726} INFO - Sync 1 DAGs
[2023-06-22T15:44:36.608+0700] {logging_mixin.py:149} INFO - [2023-06-22T15:44:36.608+0700] {dag.py:3486} INFO - Setting next_dagrun for tutorial to 2023-06-21T08:44:36.607912+00:00, run_after=2023-06-22T08:44:36.607912+00:00
[2023-06-22T15:44:36.630+0700] {processor.py:179} INFO - Processing /Users/macbook/Documents/Documents_MacBook_Pro/ISTT/AirflowTutorial/envlibs/lib/python3.10/site-packages/airflow/example_dags/tutorial.py took 0.887 seconds
[2023-06-22T15:46:47.526+0700] {processor.py:157} INFO - Started process (PID=14530) to work on /Users/macbook/Documents/Documents_MacBook_Pro/ISTT/AirflowTutorial/envlibs/lib/python3.10/site-packages/airflow/example_dags/tutorial.py
[2023-06-22T15:46:47.527+0700] {processor.py:826} INFO - Processing file /Users/macbook/Documents/Documents_MacBook_Pro/ISTT/AirflowTutorial/envlibs/lib/python3.10/site-packages/airflow/example_dags/tutorial.py for tasks to queue
[2023-06-22T15:46:47.528+0700] {logging_mixin.py:149} INFO - [2023-06-22T15:46:47.528+0700] {dagbag.py:541} INFO - Filling up the DagBag from /Users/macbook/Documents/Documents_MacBook_Pro/ISTT/AirflowTutorial/envlibs/lib/python3.10/site-packages/airflow/example_dags/tutorial.py
[2023-06-22T15:46:47.576+0700] {processor.py:836} INFO - DAG(s) dict_keys(['tutorial']) retrieved from /Users/macbook/Documents/Documents_MacBook_Pro/ISTT/AirflowTutorial/envlibs/lib/python3.10/site-packages/airflow/example_dags/tutorial.py
[2023-06-22T15:46:48.812+0700] {logging_mixin.py:149} INFO - [2023-06-22T15:46:48.812+0700] {dag.py:2726} INFO - Sync 1 DAGs
[2023-06-22T15:46:48.837+0700] {logging_mixin.py:149} INFO - [2023-06-22T15:46:48.837+0700] {dag.py:3486} INFO - Setting next_dagrun for tutorial to 2023-06-21T08:46:48.837496+00:00, run_after=2023-06-22T08:46:48.837496+00:00
[2023-06-22T15:46:48.864+0700] {processor.py:179} INFO - Processing /Users/macbook/Documents/Documents_MacBook_Pro/ISTT/AirflowTutorial/envlibs/lib/python3.10/site-packages/airflow/example_dags/tutorial.py took 1.339 seconds
[2023-06-22T15:49:04.384+0700] {processor.py:157} INFO - Started process (PID=14629) to work on /Users/macbook/Documents/Documents_MacBook_Pro/ISTT/AirflowTutorial/envlibs/lib/python3.10/site-packages/airflow/example_dags/tutorial.py
[2023-06-22T15:49:04.385+0700] {processor.py:826} INFO - Processing file /Users/macbook/Documents/Documents_MacBook_Pro/ISTT/AirflowTutorial/envlibs/lib/python3.10/site-packages/airflow/example_dags/tutorial.py for tasks to queue
[2023-06-22T15:49:04.386+0700] {logging_mixin.py:149} INFO - [2023-06-22T15:49:04.386+0700] {dagbag.py:541} INFO - Filling up the DagBag from /Users/macbook/Documents/Documents_MacBook_Pro/ISTT/AirflowTutorial/envlibs/lib/python3.10/site-packages/airflow/example_dags/tutorial.py
[2023-06-22T15:49:04.411+0700] {processor.py:836} INFO - DAG(s) dict_keys(['tutorial']) retrieved from /Users/macbook/Documents/Documents_MacBook_Pro/ISTT/AirflowTutorial/envlibs/lib/python3.10/site-packages/airflow/example_dags/tutorial.py
[2023-06-22T15:49:05.334+0700] {logging_mixin.py:149} INFO - [2023-06-22T15:49:05.333+0700] {dag.py:2726} INFO - Sync 1 DAGs
[2023-06-22T15:49:05.357+0700] {logging_mixin.py:149} INFO - [2023-06-22T15:49:05.357+0700] {dag.py:3486} INFO - Setting next_dagrun for tutorial to 2023-06-21T08:49:05.357211+00:00, run_after=2023-06-22T08:49:05.357211+00:00
[2023-06-22T15:49:05.378+0700] {processor.py:179} INFO - Processing /Users/macbook/Documents/Documents_MacBook_Pro/ISTT/AirflowTutorial/envlibs/lib/python3.10/site-packages/airflow/example_dags/tutorial.py took 0.995 seconds
[2023-06-22T15:51:15.455+0700] {processor.py:157} INFO - Started process (PID=14683) to work on /Users/macbook/Documents/Documents_MacBook_Pro/ISTT/AirflowTutorial/envlibs/lib/python3.10/site-packages/airflow/example_dags/tutorial.py
[2023-06-22T15:51:15.456+0700] {processor.py:826} INFO - Processing file /Users/macbook/Documents/Documents_MacBook_Pro/ISTT/AirflowTutorial/envlibs/lib/python3.10/site-packages/airflow/example_dags/tutorial.py for tasks to queue
[2023-06-22T15:51:15.457+0700] {logging_mixin.py:149} INFO - [2023-06-22T15:51:15.457+0700] {dagbag.py:541} INFO - Filling up the DagBag from /Users/macbook/Documents/Documents_MacBook_Pro/ISTT/AirflowTutorial/envlibs/lib/python3.10/site-packages/airflow/example_dags/tutorial.py
[2023-06-22T15:51:15.488+0700] {processor.py:836} INFO - DAG(s) dict_keys(['tutorial']) retrieved from /Users/macbook/Documents/Documents_MacBook_Pro/ISTT/AirflowTutorial/envlibs/lib/python3.10/site-packages/airflow/example_dags/tutorial.py
[2023-06-22T15:51:16.621+0700] {logging_mixin.py:149} INFO - [2023-06-22T15:51:16.621+0700] {dag.py:2726} INFO - Sync 1 DAGs
[2023-06-22T15:51:16.642+0700] {logging_mixin.py:149} INFO - [2023-06-22T15:51:16.642+0700] {dag.py:3486} INFO - Setting next_dagrun for tutorial to 2023-06-21T08:51:16.642362+00:00, run_after=2023-06-22T08:51:16.642362+00:00
[2023-06-22T15:51:16.668+0700] {processor.py:179} INFO - Processing /Users/macbook/Documents/Documents_MacBook_Pro/ISTT/AirflowTutorial/envlibs/lib/python3.10/site-packages/airflow/example_dags/tutorial.py took 1.215 seconds
[2023-06-22T15:53:36.183+0700] {processor.py:157} INFO - Started process (PID=14777) to work on /Users/macbook/Documents/Documents_MacBook_Pro/ISTT/AirflowTutorial/envlibs/lib/python3.10/site-packages/airflow/example_dags/tutorial.py
[2023-06-22T15:53:36.184+0700] {processor.py:826} INFO - Processing file /Users/macbook/Documents/Documents_MacBook_Pro/ISTT/AirflowTutorial/envlibs/lib/python3.10/site-packages/airflow/example_dags/tutorial.py for tasks to queue
[2023-06-22T15:53:36.185+0700] {logging_mixin.py:149} INFO - [2023-06-22T15:53:36.185+0700] {dagbag.py:541} INFO - Filling up the DagBag from /Users/macbook/Documents/Documents_MacBook_Pro/ISTT/AirflowTutorial/envlibs/lib/python3.10/site-packages/airflow/example_dags/tutorial.py
[2023-06-22T15:53:36.215+0700] {processor.py:836} INFO - DAG(s) dict_keys(['tutorial']) retrieved from /Users/macbook/Documents/Documents_MacBook_Pro/ISTT/AirflowTutorial/envlibs/lib/python3.10/site-packages/airflow/example_dags/tutorial.py
[2023-06-22T15:53:37.211+0700] {logging_mixin.py:149} INFO - [2023-06-22T15:53:37.211+0700] {dag.py:2726} INFO - Sync 1 DAGs
[2023-06-22T15:53:37.233+0700] {logging_mixin.py:149} INFO - [2023-06-22T15:53:37.233+0700] {dag.py:3486} INFO - Setting next_dagrun for tutorial to 2023-06-21T08:53:37.233087+00:00, run_after=2023-06-22T08:53:37.233087+00:00
[2023-06-22T15:53:37.256+0700] {processor.py:179} INFO - Processing /Users/macbook/Documents/Documents_MacBook_Pro/ISTT/AirflowTutorial/envlibs/lib/python3.10/site-packages/airflow/example_dags/tutorial.py took 1.073 seconds
[2023-06-22T15:55:49.498+0700] {processor.py:157} INFO - Started process (PID=14863) to work on /Users/macbook/Documents/Documents_MacBook_Pro/ISTT/AirflowTutorial/envlibs/lib/python3.10/site-packages/airflow/example_dags/tutorial.py
[2023-06-22T15:55:49.500+0700] {processor.py:826} INFO - Processing file /Users/macbook/Documents/Documents_MacBook_Pro/ISTT/AirflowTutorial/envlibs/lib/python3.10/site-packages/airflow/example_dags/tutorial.py for tasks to queue
[2023-06-22T15:55:49.500+0700] {logging_mixin.py:149} INFO - [2023-06-22T15:55:49.500+0700] {dagbag.py:541} INFO - Filling up the DagBag from /Users/macbook/Documents/Documents_MacBook_Pro/ISTT/AirflowTutorial/envlibs/lib/python3.10/site-packages/airflow/example_dags/tutorial.py
[2023-06-22T15:55:49.523+0700] {processor.py:836} INFO - DAG(s) dict_keys(['tutorial']) retrieved from /Users/macbook/Documents/Documents_MacBook_Pro/ISTT/AirflowTutorial/envlibs/lib/python3.10/site-packages/airflow/example_dags/tutorial.py
[2023-06-22T15:55:50.284+0700] {logging_mixin.py:149} INFO - [2023-06-22T15:55:50.284+0700] {dag.py:2726} INFO - Sync 1 DAGs
[2023-06-22T15:55:50.300+0700] {logging_mixin.py:149} INFO - [2023-06-22T15:55:50.300+0700] {dag.py:3486} INFO - Setting next_dagrun for tutorial to 2023-06-21T08:55:50.299993+00:00, run_after=2023-06-22T08:55:50.299993+00:00
[2023-06-22T15:55:50.318+0700] {processor.py:179} INFO - Processing /Users/macbook/Documents/Documents_MacBook_Pro/ISTT/AirflowTutorial/envlibs/lib/python3.10/site-packages/airflow/example_dags/tutorial.py took 0.820 seconds
[2023-06-22T15:58:08.905+0700] {processor.py:157} INFO - Started process (PID=14935) to work on /Users/macbook/Documents/Documents_MacBook_Pro/ISTT/AirflowTutorial/envlibs/lib/python3.10/site-packages/airflow/example_dags/tutorial.py
[2023-06-22T15:58:08.907+0700] {processor.py:826} INFO - Processing file /Users/macbook/Documents/Documents_MacBook_Pro/ISTT/AirflowTutorial/envlibs/lib/python3.10/site-packages/airflow/example_dags/tutorial.py for tasks to queue
[2023-06-22T15:58:08.908+0700] {logging_mixin.py:149} INFO - [2023-06-22T15:58:08.907+0700] {dagbag.py:541} INFO - Filling up the DagBag from /Users/macbook/Documents/Documents_MacBook_Pro/ISTT/AirflowTutorial/envlibs/lib/python3.10/site-packages/airflow/example_dags/tutorial.py
[2023-06-22T15:58:08.937+0700] {processor.py:836} INFO - DAG(s) dict_keys(['tutorial']) retrieved from /Users/macbook/Documents/Documents_MacBook_Pro/ISTT/AirflowTutorial/envlibs/lib/python3.10/site-packages/airflow/example_dags/tutorial.py
[2023-06-22T15:58:09.721+0700] {logging_mixin.py:149} INFO - [2023-06-22T15:58:09.721+0700] {dag.py:2726} INFO - Sync 1 DAGs
[2023-06-22T15:58:09.739+0700] {logging_mixin.py:149} INFO - [2023-06-22T15:58:09.739+0700] {dag.py:3486} INFO - Setting next_dagrun for tutorial to 2023-06-21T08:58:09.739136+00:00, run_after=2023-06-22T08:58:09.739136+00:00
[2023-06-22T15:58:09.757+0700] {processor.py:179} INFO - Processing /Users/macbook/Documents/Documents_MacBook_Pro/ISTT/AirflowTutorial/envlibs/lib/python3.10/site-packages/airflow/example_dags/tutorial.py took 0.852 seconds
[2023-06-22T16:00:22.017+0700] {processor.py:157} INFO - Started process (PID=14989) to work on /Users/macbook/Documents/Documents_MacBook_Pro/ISTT/AirflowTutorial/envlibs/lib/python3.10/site-packages/airflow/example_dags/tutorial.py
[2023-06-22T16:00:22.019+0700] {processor.py:826} INFO - Processing file /Users/macbook/Documents/Documents_MacBook_Pro/ISTT/AirflowTutorial/envlibs/lib/python3.10/site-packages/airflow/example_dags/tutorial.py for tasks to queue
[2023-06-22T16:00:22.020+0700] {logging_mixin.py:149} INFO - [2023-06-22T16:00:22.019+0700] {dagbag.py:541} INFO - Filling up the DagBag from /Users/macbook/Documents/Documents_MacBook_Pro/ISTT/AirflowTutorial/envlibs/lib/python3.10/site-packages/airflow/example_dags/tutorial.py
[2023-06-22T16:00:22.043+0700] {processor.py:836} INFO - DAG(s) dict_keys(['tutorial']) retrieved from /Users/macbook/Documents/Documents_MacBook_Pro/ISTT/AirflowTutorial/envlibs/lib/python3.10/site-packages/airflow/example_dags/tutorial.py
[2023-06-22T16:00:22.899+0700] {logging_mixin.py:149} INFO - [2023-06-22T16:00:22.899+0700] {dag.py:2726} INFO - Sync 1 DAGs
[2023-06-22T16:00:22.928+0700] {logging_mixin.py:149} INFO - [2023-06-22T16:00:22.927+0700] {dag.py:3486} INFO - Setting next_dagrun for tutorial to 2023-06-21T09:00:22.927798+00:00, run_after=2023-06-22T09:00:22.927798+00:00
[2023-06-22T16:00:22.960+0700] {processor.py:179} INFO - Processing /Users/macbook/Documents/Documents_MacBook_Pro/ISTT/AirflowTutorial/envlibs/lib/python3.10/site-packages/airflow/example_dags/tutorial.py took 0.945 seconds
[2023-06-22T16:02:37.108+0700] {processor.py:157} INFO - Started process (PID=15050) to work on /Users/macbook/Documents/Documents_MacBook_Pro/ISTT/AirflowTutorial/envlibs/lib/python3.10/site-packages/airflow/example_dags/tutorial.py
[2023-06-22T16:02:37.110+0700] {processor.py:826} INFO - Processing file /Users/macbook/Documents/Documents_MacBook_Pro/ISTT/AirflowTutorial/envlibs/lib/python3.10/site-packages/airflow/example_dags/tutorial.py for tasks to queue
[2023-06-22T16:02:37.110+0700] {logging_mixin.py:149} INFO - [2023-06-22T16:02:37.110+0700] {dagbag.py:541} INFO - Filling up the DagBag from /Users/macbook/Documents/Documents_MacBook_Pro/ISTT/AirflowTutorial/envlibs/lib/python3.10/site-packages/airflow/example_dags/tutorial.py
[2023-06-22T16:02:37.133+0700] {processor.py:836} INFO - DAG(s) dict_keys(['tutorial']) retrieved from /Users/macbook/Documents/Documents_MacBook_Pro/ISTT/AirflowTutorial/envlibs/lib/python3.10/site-packages/airflow/example_dags/tutorial.py
[2023-06-22T16:02:37.956+0700] {logging_mixin.py:149} INFO - [2023-06-22T16:02:37.956+0700] {dag.py:2726} INFO - Sync 1 DAGs
[2023-06-22T16:02:37.973+0700] {logging_mixin.py:149} INFO - [2023-06-22T16:02:37.973+0700] {dag.py:3486} INFO - Setting next_dagrun for tutorial to 2023-06-21T09:02:37.973400+00:00, run_after=2023-06-22T09:02:37.973400+00:00
[2023-06-22T16:02:37.991+0700] {processor.py:179} INFO - Processing /Users/macbook/Documents/Documents_MacBook_Pro/ISTT/AirflowTutorial/envlibs/lib/python3.10/site-packages/airflow/example_dags/tutorial.py took 0.883 seconds
[2023-06-22T16:04:48.704+0700] {processor.py:157} INFO - Started process (PID=15111) to work on /Users/macbook/Documents/Documents_MacBook_Pro/ISTT/AirflowTutorial/envlibs/lib/python3.10/site-packages/airflow/example_dags/tutorial.py
[2023-06-22T16:04:48.705+0700] {processor.py:826} INFO - Processing file /Users/macbook/Documents/Documents_MacBook_Pro/ISTT/AirflowTutorial/envlibs/lib/python3.10/site-packages/airflow/example_dags/tutorial.py for tasks to queue
[2023-06-22T16:04:48.705+0700] {logging_mixin.py:149} INFO - [2023-06-22T16:04:48.705+0700] {dagbag.py:541} INFO - Filling up the DagBag from /Users/macbook/Documents/Documents_MacBook_Pro/ISTT/AirflowTutorial/envlibs/lib/python3.10/site-packages/airflow/example_dags/tutorial.py
[2023-06-22T16:04:48.730+0700] {processor.py:836} INFO - DAG(s) dict_keys(['tutorial']) retrieved from /Users/macbook/Documents/Documents_MacBook_Pro/ISTT/AirflowTutorial/envlibs/lib/python3.10/site-packages/airflow/example_dags/tutorial.py
[2023-06-22T16:04:49.644+0700] {logging_mixin.py:149} INFO - [2023-06-22T16:04:49.644+0700] {dag.py:2726} INFO - Sync 1 DAGs
[2023-06-22T16:04:49.664+0700] {logging_mixin.py:149} INFO - [2023-06-22T16:04:49.664+0700] {dag.py:3486} INFO - Setting next_dagrun for tutorial to 2023-06-21T09:04:49.664414+00:00, run_after=2023-06-22T09:04:49.664414+00:00
[2023-06-22T16:04:49.684+0700] {processor.py:179} INFO - Processing /Users/macbook/Documents/Documents_MacBook_Pro/ISTT/AirflowTutorial/envlibs/lib/python3.10/site-packages/airflow/example_dags/tutorial.py took 0.981 seconds
[2023-06-22T16:06:56.249+0700] {processor.py:157} INFO - Started process (PID=15173) to work on /Users/macbook/Documents/Documents_MacBook_Pro/ISTT/AirflowTutorial/envlibs/lib/python3.10/site-packages/airflow/example_dags/tutorial.py
[2023-06-22T16:06:56.250+0700] {processor.py:826} INFO - Processing file /Users/macbook/Documents/Documents_MacBook_Pro/ISTT/AirflowTutorial/envlibs/lib/python3.10/site-packages/airflow/example_dags/tutorial.py for tasks to queue
[2023-06-22T16:06:56.251+0700] {logging_mixin.py:149} INFO - [2023-06-22T16:06:56.251+0700] {dagbag.py:541} INFO - Filling up the DagBag from /Users/macbook/Documents/Documents_MacBook_Pro/ISTT/AirflowTutorial/envlibs/lib/python3.10/site-packages/airflow/example_dags/tutorial.py
[2023-06-22T16:06:56.279+0700] {processor.py:836} INFO - DAG(s) dict_keys(['tutorial']) retrieved from /Users/macbook/Documents/Documents_MacBook_Pro/ISTT/AirflowTutorial/envlibs/lib/python3.10/site-packages/airflow/example_dags/tutorial.py
[2023-06-22T16:06:57.129+0700] {logging_mixin.py:149} INFO - [2023-06-22T16:06:57.129+0700] {dag.py:2726} INFO - Sync 1 DAGs
[2023-06-22T16:06:57.146+0700] {logging_mixin.py:149} INFO - [2023-06-22T16:06:57.146+0700] {dag.py:3486} INFO - Setting next_dagrun for tutorial to 2023-06-21T09:06:57.146161+00:00, run_after=2023-06-22T09:06:57.146161+00:00
[2023-06-22T16:06:57.169+0700] {processor.py:179} INFO - Processing /Users/macbook/Documents/Documents_MacBook_Pro/ISTT/AirflowTutorial/envlibs/lib/python3.10/site-packages/airflow/example_dags/tutorial.py took 0.921 seconds
[2023-06-22T16:09:09.354+0700] {processor.py:157} INFO - Started process (PID=15231) to work on /Users/macbook/Documents/Documents_MacBook_Pro/ISTT/AirflowTutorial/envlibs/lib/python3.10/site-packages/airflow/example_dags/tutorial.py
[2023-06-22T16:09:09.355+0700] {processor.py:826} INFO - Processing file /Users/macbook/Documents/Documents_MacBook_Pro/ISTT/AirflowTutorial/envlibs/lib/python3.10/site-packages/airflow/example_dags/tutorial.py for tasks to queue
[2023-06-22T16:09:09.355+0700] {logging_mixin.py:149} INFO - [2023-06-22T16:09:09.355+0700] {dagbag.py:541} INFO - Filling up the DagBag from /Users/macbook/Documents/Documents_MacBook_Pro/ISTT/AirflowTutorial/envlibs/lib/python3.10/site-packages/airflow/example_dags/tutorial.py
[2023-06-22T16:09:09.383+0700] {processor.py:836} INFO - DAG(s) dict_keys(['tutorial']) retrieved from /Users/macbook/Documents/Documents_MacBook_Pro/ISTT/AirflowTutorial/envlibs/lib/python3.10/site-packages/airflow/example_dags/tutorial.py
[2023-06-22T16:09:10.189+0700] {logging_mixin.py:149} INFO - [2023-06-22T16:09:10.189+0700] {dag.py:2726} INFO - Sync 1 DAGs
[2023-06-22T16:09:10.207+0700] {logging_mixin.py:149} INFO - [2023-06-22T16:09:10.207+0700] {dag.py:3486} INFO - Setting next_dagrun for tutorial to 2023-06-21T09:09:10.207427+00:00, run_after=2023-06-22T09:09:10.207427+00:00
[2023-06-22T16:09:10.228+0700] {processor.py:179} INFO - Processing /Users/macbook/Documents/Documents_MacBook_Pro/ISTT/AirflowTutorial/envlibs/lib/python3.10/site-packages/airflow/example_dags/tutorial.py took 0.875 seconds
[2023-06-22T16:11:07.944+0700] {processor.py:157} INFO - Started process (PID=15289) to work on /Users/macbook/Documents/Documents_MacBook_Pro/ISTT/AirflowTutorial/envlibs/lib/python3.10/site-packages/airflow/example_dags/tutorial.py
[2023-06-22T16:11:07.944+0700] {processor.py:826} INFO - Processing file /Users/macbook/Documents/Documents_MacBook_Pro/ISTT/AirflowTutorial/envlibs/lib/python3.10/site-packages/airflow/example_dags/tutorial.py for tasks to queue
[2023-06-22T16:11:07.945+0700] {logging_mixin.py:149} INFO - [2023-06-22T16:11:07.945+0700] {dagbag.py:541} INFO - Filling up the DagBag from /Users/macbook/Documents/Documents_MacBook_Pro/ISTT/AirflowTutorial/envlibs/lib/python3.10/site-packages/airflow/example_dags/tutorial.py
[2023-06-22T16:11:07.965+0700] {processor.py:836} INFO - DAG(s) dict_keys(['tutorial']) retrieved from /Users/macbook/Documents/Documents_MacBook_Pro/ISTT/AirflowTutorial/envlibs/lib/python3.10/site-packages/airflow/example_dags/tutorial.py
[2023-06-22T16:11:08.680+0700] {logging_mixin.py:149} INFO - [2023-06-22T16:11:08.680+0700] {dag.py:2726} INFO - Sync 1 DAGs
[2023-06-22T16:11:08.696+0700] {logging_mixin.py:149} INFO - [2023-06-22T16:11:08.696+0700] {dag.py:3486} INFO - Setting next_dagrun for tutorial to 2023-06-21T09:11:08.696134+00:00, run_after=2023-06-22T09:11:08.696134+00:00
[2023-06-22T16:11:08.722+0700] {processor.py:179} INFO - Processing /Users/macbook/Documents/Documents_MacBook_Pro/ISTT/AirflowTutorial/envlibs/lib/python3.10/site-packages/airflow/example_dags/tutorial.py took 0.779 seconds
[2023-06-22T16:12:57.910+0700] {processor.py:157} INFO - Started process (PID=15344) to work on /Users/macbook/Documents/Documents_MacBook_Pro/ISTT/AirflowTutorial/envlibs/lib/python3.10/site-packages/airflow/example_dags/tutorial.py
[2023-06-22T16:12:57.910+0700] {processor.py:826} INFO - Processing file /Users/macbook/Documents/Documents_MacBook_Pro/ISTT/AirflowTutorial/envlibs/lib/python3.10/site-packages/airflow/example_dags/tutorial.py for tasks to queue
[2023-06-22T16:12:57.911+0700] {logging_mixin.py:149} INFO - [2023-06-22T16:12:57.911+0700] {dagbag.py:541} INFO - Filling up the DagBag from /Users/macbook/Documents/Documents_MacBook_Pro/ISTT/AirflowTutorial/envlibs/lib/python3.10/site-packages/airflow/example_dags/tutorial.py
[2023-06-22T16:12:57.929+0700] {processor.py:836} INFO - DAG(s) dict_keys(['tutorial']) retrieved from /Users/macbook/Documents/Documents_MacBook_Pro/ISTT/AirflowTutorial/envlibs/lib/python3.10/site-packages/airflow/example_dags/tutorial.py
[2023-06-22T16:12:58.606+0700] {logging_mixin.py:149} INFO - [2023-06-22T16:12:58.606+0700] {dag.py:2726} INFO - Sync 1 DAGs
[2023-06-22T16:12:58.622+0700] {logging_mixin.py:149} INFO - [2023-06-22T16:12:58.622+0700] {dag.py:3486} INFO - Setting next_dagrun for tutorial to 2023-06-21T09:12:58.622062+00:00, run_after=2023-06-22T09:12:58.622062+00:00
[2023-06-22T16:12:58.639+0700] {processor.py:179} INFO - Processing /Users/macbook/Documents/Documents_MacBook_Pro/ISTT/AirflowTutorial/envlibs/lib/python3.10/site-packages/airflow/example_dags/tutorial.py took 0.730 seconds
[2023-06-22T16:15:01.990+0700] {processor.py:157} INFO - Started process (PID=15397) to work on /Users/macbook/Documents/Documents_MacBook_Pro/ISTT/AirflowTutorial/envlibs/lib/python3.10/site-packages/airflow/example_dags/tutorial.py
[2023-06-22T16:15:01.992+0700] {processor.py:826} INFO - Processing file /Users/macbook/Documents/Documents_MacBook_Pro/ISTT/AirflowTutorial/envlibs/lib/python3.10/site-packages/airflow/example_dags/tutorial.py for tasks to queue
[2023-06-22T16:15:01.993+0700] {logging_mixin.py:149} INFO - [2023-06-22T16:15:01.993+0700] {dagbag.py:541} INFO - Filling up the DagBag from /Users/macbook/Documents/Documents_MacBook_Pro/ISTT/AirflowTutorial/envlibs/lib/python3.10/site-packages/airflow/example_dags/tutorial.py
[2023-06-22T16:15:02.019+0700] {processor.py:836} INFO - DAG(s) dict_keys(['tutorial']) retrieved from /Users/macbook/Documents/Documents_MacBook_Pro/ISTT/AirflowTutorial/envlibs/lib/python3.10/site-packages/airflow/example_dags/tutorial.py
[2023-06-22T16:15:02.841+0700] {logging_mixin.py:149} INFO - [2023-06-22T16:15:02.840+0700] {dag.py:2726} INFO - Sync 1 DAGs
[2023-06-22T16:15:02.857+0700] {logging_mixin.py:149} INFO - [2023-06-22T16:15:02.857+0700] {dag.py:3486} INFO - Setting next_dagrun for tutorial to 2023-06-21T09:15:02.857314+00:00, run_after=2023-06-22T09:15:02.857314+00:00
[2023-06-22T16:15:02.874+0700] {processor.py:179} INFO - Processing /Users/macbook/Documents/Documents_MacBook_Pro/ISTT/AirflowTutorial/envlibs/lib/python3.10/site-packages/airflow/example_dags/tutorial.py took 0.885 seconds
[2023-06-22T16:17:08.779+0700] {processor.py:157} INFO - Started process (PID=15451) to work on /Users/macbook/Documents/Documents_MacBook_Pro/ISTT/AirflowTutorial/envlibs/lib/python3.10/site-packages/airflow/example_dags/tutorial.py
[2023-06-22T16:17:08.781+0700] {processor.py:826} INFO - Processing file /Users/macbook/Documents/Documents_MacBook_Pro/ISTT/AirflowTutorial/envlibs/lib/python3.10/site-packages/airflow/example_dags/tutorial.py for tasks to queue
[2023-06-22T16:17:08.781+0700] {logging_mixin.py:149} INFO - [2023-06-22T16:17:08.781+0700] {dagbag.py:541} INFO - Filling up the DagBag from /Users/macbook/Documents/Documents_MacBook_Pro/ISTT/AirflowTutorial/envlibs/lib/python3.10/site-packages/airflow/example_dags/tutorial.py
[2023-06-22T16:17:08.808+0700] {processor.py:836} INFO - DAG(s) dict_keys(['tutorial']) retrieved from /Users/macbook/Documents/Documents_MacBook_Pro/ISTT/AirflowTutorial/envlibs/lib/python3.10/site-packages/airflow/example_dags/tutorial.py
[2023-06-22T16:17:09.573+0700] {logging_mixin.py:149} INFO - [2023-06-22T16:17:09.572+0700] {dag.py:2726} INFO - Sync 1 DAGs
[2023-06-22T16:17:09.590+0700] {logging_mixin.py:149} INFO - [2023-06-22T16:17:09.590+0700] {dag.py:3486} INFO - Setting next_dagrun for tutorial to 2023-06-21T09:17:09.590060+00:00, run_after=2023-06-22T09:17:09.590060+00:00
[2023-06-22T16:17:09.608+0700] {processor.py:179} INFO - Processing /Users/macbook/Documents/Documents_MacBook_Pro/ISTT/AirflowTutorial/envlibs/lib/python3.10/site-packages/airflow/example_dags/tutorial.py took 0.830 seconds
[2023-06-22T16:19:25.333+0700] {processor.py:157} INFO - Started process (PID=15556) to work on /Users/macbook/Documents/Documents_MacBook_Pro/ISTT/AirflowTutorial/envlibs/lib/python3.10/site-packages/airflow/example_dags/tutorial.py
[2023-06-22T16:19:25.335+0700] {processor.py:826} INFO - Processing file /Users/macbook/Documents/Documents_MacBook_Pro/ISTT/AirflowTutorial/envlibs/lib/python3.10/site-packages/airflow/example_dags/tutorial.py for tasks to queue
[2023-06-22T16:19:25.336+0700] {logging_mixin.py:149} INFO - [2023-06-22T16:19:25.335+0700] {dagbag.py:541} INFO - Filling up the DagBag from /Users/macbook/Documents/Documents_MacBook_Pro/ISTT/AirflowTutorial/envlibs/lib/python3.10/site-packages/airflow/example_dags/tutorial.py
[2023-06-22T16:19:25.374+0700] {processor.py:836} INFO - DAG(s) dict_keys(['tutorial']) retrieved from /Users/macbook/Documents/Documents_MacBook_Pro/ISTT/AirflowTutorial/envlibs/lib/python3.10/site-packages/airflow/example_dags/tutorial.py
[2023-06-22T16:19:26.340+0700] {logging_mixin.py:149} INFO - [2023-06-22T16:19:26.339+0700] {dag.py:2726} INFO - Sync 1 DAGs
[2023-06-22T16:19:26.358+0700] {logging_mixin.py:149} INFO - [2023-06-22T16:19:26.358+0700] {dag.py:3486} INFO - Setting next_dagrun for tutorial to 2023-06-21T09:19:26.358585+00:00, run_after=2023-06-22T09:19:26.358585+00:00
[2023-06-22T16:19:26.379+0700] {processor.py:179} INFO - Processing /Users/macbook/Documents/Documents_MacBook_Pro/ISTT/AirflowTutorial/envlibs/lib/python3.10/site-packages/airflow/example_dags/tutorial.py took 1.047 seconds
[2023-06-22T16:21:38.682+0700] {processor.py:157} INFO - Started process (PID=15616) to work on /Users/macbook/Documents/Documents_MacBook_Pro/ISTT/AirflowTutorial/envlibs/lib/python3.10/site-packages/airflow/example_dags/tutorial.py
[2023-06-22T16:21:38.683+0700] {processor.py:826} INFO - Processing file /Users/macbook/Documents/Documents_MacBook_Pro/ISTT/AirflowTutorial/envlibs/lib/python3.10/site-packages/airflow/example_dags/tutorial.py for tasks to queue
[2023-06-22T16:21:38.684+0700] {logging_mixin.py:149} INFO - [2023-06-22T16:21:38.684+0700] {dagbag.py:541} INFO - Filling up the DagBag from /Users/macbook/Documents/Documents_MacBook_Pro/ISTT/AirflowTutorial/envlibs/lib/python3.10/site-packages/airflow/example_dags/tutorial.py
[2023-06-22T16:21:38.707+0700] {processor.py:836} INFO - DAG(s) dict_keys(['tutorial']) retrieved from /Users/macbook/Documents/Documents_MacBook_Pro/ISTT/AirflowTutorial/envlibs/lib/python3.10/site-packages/airflow/example_dags/tutorial.py
[2023-06-22T16:21:39.507+0700] {logging_mixin.py:149} INFO - [2023-06-22T16:21:39.507+0700] {dag.py:2726} INFO - Sync 1 DAGs
[2023-06-22T16:21:39.532+0700] {logging_mixin.py:149} INFO - [2023-06-22T16:21:39.532+0700] {dag.py:3486} INFO - Setting next_dagrun for tutorial to 2023-06-21T09:21:39.532194+00:00, run_after=2023-06-22T09:21:39.532194+00:00
[2023-06-22T16:21:39.554+0700] {processor.py:179} INFO - Processing /Users/macbook/Documents/Documents_MacBook_Pro/ISTT/AirflowTutorial/envlibs/lib/python3.10/site-packages/airflow/example_dags/tutorial.py took 0.873 seconds
[2023-06-22T16:23:36.081+0700] {processor.py:157} INFO - Started process (PID=15668) to work on /Users/macbook/Documents/Documents_MacBook_Pro/ISTT/AirflowTutorial/envlibs/lib/python3.10/site-packages/airflow/example_dags/tutorial.py
[2023-06-22T16:23:36.082+0700] {processor.py:826} INFO - Processing file /Users/macbook/Documents/Documents_MacBook_Pro/ISTT/AirflowTutorial/envlibs/lib/python3.10/site-packages/airflow/example_dags/tutorial.py for tasks to queue
[2023-06-22T16:23:36.083+0700] {logging_mixin.py:149} INFO - [2023-06-22T16:23:36.083+0700] {dagbag.py:541} INFO - Filling up the DagBag from /Users/macbook/Documents/Documents_MacBook_Pro/ISTT/AirflowTutorial/envlibs/lib/python3.10/site-packages/airflow/example_dags/tutorial.py
[2023-06-22T16:23:36.106+0700] {processor.py:836} INFO - DAG(s) dict_keys(['tutorial']) retrieved from /Users/macbook/Documents/Documents_MacBook_Pro/ISTT/AirflowTutorial/envlibs/lib/python3.10/site-packages/airflow/example_dags/tutorial.py
[2023-06-22T16:23:36.847+0700] {logging_mixin.py:149} INFO - [2023-06-22T16:23:36.847+0700] {dag.py:2726} INFO - Sync 1 DAGs
[2023-06-22T16:23:36.863+0700] {logging_mixin.py:149} INFO - [2023-06-22T16:23:36.863+0700] {dag.py:3486} INFO - Setting next_dagrun for tutorial to 2023-06-21T09:23:36.863178+00:00, run_after=2023-06-22T09:23:36.863178+00:00
[2023-06-22T16:23:36.881+0700] {processor.py:179} INFO - Processing /Users/macbook/Documents/Documents_MacBook_Pro/ISTT/AirflowTutorial/envlibs/lib/python3.10/site-packages/airflow/example_dags/tutorial.py took 0.801 seconds
[2023-06-22T16:25:29.660+0700] {processor.py:157} INFO - Started process (PID=15718) to work on /Users/macbook/Documents/Documents_MacBook_Pro/ISTT/AirflowTutorial/envlibs/lib/python3.10/site-packages/airflow/example_dags/tutorial.py
[2023-06-22T16:25:29.661+0700] {processor.py:826} INFO - Processing file /Users/macbook/Documents/Documents_MacBook_Pro/ISTT/AirflowTutorial/envlibs/lib/python3.10/site-packages/airflow/example_dags/tutorial.py for tasks to queue
[2023-06-22T16:25:29.662+0700] {logging_mixin.py:149} INFO - [2023-06-22T16:25:29.662+0700] {dagbag.py:541} INFO - Filling up the DagBag from /Users/macbook/Documents/Documents_MacBook_Pro/ISTT/AirflowTutorial/envlibs/lib/python3.10/site-packages/airflow/example_dags/tutorial.py
[2023-06-22T16:25:29.692+0700] {processor.py:836} INFO - DAG(s) dict_keys(['tutorial']) retrieved from /Users/macbook/Documents/Documents_MacBook_Pro/ISTT/AirflowTutorial/envlibs/lib/python3.10/site-packages/airflow/example_dags/tutorial.py
[2023-06-22T16:25:30.540+0700] {logging_mixin.py:149} INFO - [2023-06-22T16:25:30.539+0700] {dag.py:2726} INFO - Sync 1 DAGs
[2023-06-22T16:25:30.557+0700] {logging_mixin.py:149} INFO - [2023-06-22T16:25:30.557+0700] {dag.py:3486} INFO - Setting next_dagrun for tutorial to 2023-06-21T09:25:30.557608+00:00, run_after=2023-06-22T09:25:30.557608+00:00
[2023-06-22T16:25:30.577+0700] {processor.py:179} INFO - Processing /Users/macbook/Documents/Documents_MacBook_Pro/ISTT/AirflowTutorial/envlibs/lib/python3.10/site-packages/airflow/example_dags/tutorial.py took 0.918 seconds
