[2023-06-22T14:26:58.004+0700] {processor.py:157} INFO - Started process (PID=11847) to work on /Users/macbook/Documents/Documents_MacBook_Pro/ISTT/AirflowTutorial/envlibs/lib/python3.10/site-packages/airflow/example_dags/plugins/event_listener.py
[2023-06-22T14:26:58.005+0700] {processor.py:826} INFO - Processing file /Users/macbook/Documents/Documents_MacBook_Pro/ISTT/AirflowTutorial/envlibs/lib/python3.10/site-packages/airflow/example_dags/plugins/event_listener.py for tasks to queue
[2023-06-22T14:26:58.006+0700] {logging_mixin.py:149} INFO - [2023-06-22T14:26:58.006+0700] {dagbag.py:541} INFO - Filling up the DagBag from /Users/macbook/Documents/Documents_MacBook_Pro/ISTT/AirflowTutorial/envlibs/lib/python3.10/site-packages/airflow/example_dags/plugins/event_listener.py
[2023-06-22T14:26:58.007+0700] {processor.py:838} WARNING - No viable dags retrieved from /Users/macbook/Documents/Documents_MacBook_Pro/ISTT/AirflowTutorial/envlibs/lib/python3.10/site-packages/airflow/example_dags/plugins/event_listener.py
[2023-06-22T14:26:58.727+0700] {processor.py:179} INFO - Processing /Users/macbook/Documents/Documents_MacBook_Pro/ISTT/AirflowTutorial/envlibs/lib/python3.10/site-packages/airflow/example_dags/plugins/event_listener.py took 0.724 seconds
[2023-06-22T14:29:26.359+0700] {processor.py:157} INFO - Started process (PID=11922) to work on /Users/macbook/Documents/Documents_MacBook_Pro/ISTT/AirflowTutorial/envlibs/lib/python3.10/site-packages/airflow/example_dags/plugins/event_listener.py
[2023-06-22T14:29:26.360+0700] {processor.py:826} INFO - Processing file /Users/macbook/Documents/Documents_MacBook_Pro/ISTT/AirflowTutorial/envlibs/lib/python3.10/site-packages/airflow/example_dags/plugins/event_listener.py for tasks to queue
[2023-06-22T14:29:26.361+0700] {logging_mixin.py:149} INFO - [2023-06-22T14:29:26.361+0700] {dagbag.py:541} INFO - Filling up the DagBag from /Users/macbook/Documents/Documents_MacBook_Pro/ISTT/AirflowTutorial/envlibs/lib/python3.10/site-packages/airflow/example_dags/plugins/event_listener.py
[2023-06-22T14:29:26.362+0700] {processor.py:838} WARNING - No viable dags retrieved from /Users/macbook/Documents/Documents_MacBook_Pro/ISTT/AirflowTutorial/envlibs/lib/python3.10/site-packages/airflow/example_dags/plugins/event_listener.py
[2023-06-22T14:29:27.344+0700] {processor.py:179} INFO - Processing /Users/macbook/Documents/Documents_MacBook_Pro/ISTT/AirflowTutorial/envlibs/lib/python3.10/site-packages/airflow/example_dags/plugins/event_listener.py took 0.987 seconds
[2023-06-22T14:31:30.667+0700] {processor.py:157} INFO - Started process (PID=12003) to work on /Users/macbook/Documents/Documents_MacBook_Pro/ISTT/AirflowTutorial/envlibs/lib/python3.10/site-packages/airflow/example_dags/plugins/event_listener.py
[2023-06-22T14:31:30.668+0700] {processor.py:826} INFO - Processing file /Users/macbook/Documents/Documents_MacBook_Pro/ISTT/AirflowTutorial/envlibs/lib/python3.10/site-packages/airflow/example_dags/plugins/event_listener.py for tasks to queue
[2023-06-22T14:31:30.669+0700] {logging_mixin.py:149} INFO - [2023-06-22T14:31:30.669+0700] {dagbag.py:541} INFO - Filling up the DagBag from /Users/macbook/Documents/Documents_MacBook_Pro/ISTT/AirflowTutorial/envlibs/lib/python3.10/site-packages/airflow/example_dags/plugins/event_listener.py
[2023-06-22T14:31:30.670+0700] {processor.py:838} WARNING - No viable dags retrieved from /Users/macbook/Documents/Documents_MacBook_Pro/ISTT/AirflowTutorial/envlibs/lib/python3.10/site-packages/airflow/example_dags/plugins/event_listener.py
[2023-06-22T14:31:31.758+0700] {processor.py:179} INFO - Processing /Users/macbook/Documents/Documents_MacBook_Pro/ISTT/AirflowTutorial/envlibs/lib/python3.10/site-packages/airflow/example_dags/plugins/event_listener.py took 1.092 seconds
[2023-06-22T14:34:00.623+0700] {processor.py:157} INFO - Started process (PID=12132) to work on /Users/macbook/Documents/Documents_MacBook_Pro/ISTT/AirflowTutorial/envlibs/lib/python3.10/site-packages/airflow/example_dags/plugins/event_listener.py
[2023-06-22T14:34:00.624+0700] {processor.py:826} INFO - Processing file /Users/macbook/Documents/Documents_MacBook_Pro/ISTT/AirflowTutorial/envlibs/lib/python3.10/site-packages/airflow/example_dags/plugins/event_listener.py for tasks to queue
[2023-06-22T14:34:00.624+0700] {logging_mixin.py:149} INFO - [2023-06-22T14:34:00.624+0700] {dagbag.py:541} INFO - Filling up the DagBag from /Users/macbook/Documents/Documents_MacBook_Pro/ISTT/AirflowTutorial/envlibs/lib/python3.10/site-packages/airflow/example_dags/plugins/event_listener.py
[2023-06-22T14:34:00.626+0700] {processor.py:838} WARNING - No viable dags retrieved from /Users/macbook/Documents/Documents_MacBook_Pro/ISTT/AirflowTutorial/envlibs/lib/python3.10/site-packages/airflow/example_dags/plugins/event_listener.py
[2023-06-22T14:34:01.508+0700] {processor.py:179} INFO - Processing /Users/macbook/Documents/Documents_MacBook_Pro/ISTT/AirflowTutorial/envlibs/lib/python3.10/site-packages/airflow/example_dags/plugins/event_listener.py took 0.886 seconds
[2023-06-22T14:36:37.096+0700] {processor.py:157} INFO - Started process (PID=12274) to work on /Users/macbook/Documents/Documents_MacBook_Pro/ISTT/AirflowTutorial/envlibs/lib/python3.10/site-packages/airflow/example_dags/plugins/event_listener.py
[2023-06-22T14:36:37.097+0700] {processor.py:826} INFO - Processing file /Users/macbook/Documents/Documents_MacBook_Pro/ISTT/AirflowTutorial/envlibs/lib/python3.10/site-packages/airflow/example_dags/plugins/event_listener.py for tasks to queue
[2023-06-22T14:36:37.098+0700] {logging_mixin.py:149} INFO - [2023-06-22T14:36:37.098+0700] {dagbag.py:541} INFO - Filling up the DagBag from /Users/macbook/Documents/Documents_MacBook_Pro/ISTT/AirflowTutorial/envlibs/lib/python3.10/site-packages/airflow/example_dags/plugins/event_listener.py
[2023-06-22T14:36:37.099+0700] {processor.py:838} WARNING - No viable dags retrieved from /Users/macbook/Documents/Documents_MacBook_Pro/ISTT/AirflowTutorial/envlibs/lib/python3.10/site-packages/airflow/example_dags/plugins/event_listener.py
[2023-06-22T14:36:38.519+0700] {processor.py:179} INFO - Processing /Users/macbook/Documents/Documents_MacBook_Pro/ISTT/AirflowTutorial/envlibs/lib/python3.10/site-packages/airflow/example_dags/plugins/event_listener.py took 1.424 seconds
[2023-06-22T14:39:19.577+0700] {processor.py:157} INFO - Started process (PID=12404) to work on /Users/macbook/Documents/Documents_MacBook_Pro/ISTT/AirflowTutorial/envlibs/lib/python3.10/site-packages/airflow/example_dags/plugins/event_listener.py
[2023-06-22T14:39:19.578+0700] {processor.py:826} INFO - Processing file /Users/macbook/Documents/Documents_MacBook_Pro/ISTT/AirflowTutorial/envlibs/lib/python3.10/site-packages/airflow/example_dags/plugins/event_listener.py for tasks to queue
[2023-06-22T14:39:19.579+0700] {logging_mixin.py:149} INFO - [2023-06-22T14:39:19.579+0700] {dagbag.py:541} INFO - Filling up the DagBag from /Users/macbook/Documents/Documents_MacBook_Pro/ISTT/AirflowTutorial/envlibs/lib/python3.10/site-packages/airflow/example_dags/plugins/event_listener.py
[2023-06-22T14:39:19.580+0700] {processor.py:838} WARNING - No viable dags retrieved from /Users/macbook/Documents/Documents_MacBook_Pro/ISTT/AirflowTutorial/envlibs/lib/python3.10/site-packages/airflow/example_dags/plugins/event_listener.py
[2023-06-22T14:39:20.365+0700] {processor.py:179} INFO - Processing /Users/macbook/Documents/Documents_MacBook_Pro/ISTT/AirflowTutorial/envlibs/lib/python3.10/site-packages/airflow/example_dags/plugins/event_listener.py took 0.788 seconds
[2023-06-22T14:41:34.844+0700] {processor.py:157} INFO - Started process (PID=12506) to work on /Users/macbook/Documents/Documents_MacBook_Pro/ISTT/AirflowTutorial/envlibs/lib/python3.10/site-packages/airflow/example_dags/plugins/event_listener.py
[2023-06-22T14:41:34.846+0700] {processor.py:826} INFO - Processing file /Users/macbook/Documents/Documents_MacBook_Pro/ISTT/AirflowTutorial/envlibs/lib/python3.10/site-packages/airflow/example_dags/plugins/event_listener.py for tasks to queue
[2023-06-22T14:41:34.847+0700] {logging_mixin.py:149} INFO - [2023-06-22T14:41:34.847+0700] {dagbag.py:541} INFO - Filling up the DagBag from /Users/macbook/Documents/Documents_MacBook_Pro/ISTT/AirflowTutorial/envlibs/lib/python3.10/site-packages/airflow/example_dags/plugins/event_listener.py
[2023-06-22T14:41:34.848+0700] {processor.py:838} WARNING - No viable dags retrieved from /Users/macbook/Documents/Documents_MacBook_Pro/ISTT/AirflowTutorial/envlibs/lib/python3.10/site-packages/airflow/example_dags/plugins/event_listener.py
[2023-06-22T14:41:35.765+0700] {processor.py:179} INFO - Processing /Users/macbook/Documents/Documents_MacBook_Pro/ISTT/AirflowTutorial/envlibs/lib/python3.10/site-packages/airflow/example_dags/plugins/event_listener.py took 0.922 seconds
[2023-06-22T14:43:43.831+0700] {processor.py:157} INFO - Started process (PID=12563) to work on /Users/macbook/Documents/Documents_MacBook_Pro/ISTT/AirflowTutorial/envlibs/lib/python3.10/site-packages/airflow/example_dags/plugins/event_listener.py
[2023-06-22T14:43:43.832+0700] {processor.py:826} INFO - Processing file /Users/macbook/Documents/Documents_MacBook_Pro/ISTT/AirflowTutorial/envlibs/lib/python3.10/site-packages/airflow/example_dags/plugins/event_listener.py for tasks to queue
[2023-06-22T14:43:43.832+0700] {logging_mixin.py:149} INFO - [2023-06-22T14:43:43.832+0700] {dagbag.py:541} INFO - Filling up the DagBag from /Users/macbook/Documents/Documents_MacBook_Pro/ISTT/AirflowTutorial/envlibs/lib/python3.10/site-packages/airflow/example_dags/plugins/event_listener.py
[2023-06-22T14:43:43.834+0700] {processor.py:838} WARNING - No viable dags retrieved from /Users/macbook/Documents/Documents_MacBook_Pro/ISTT/AirflowTutorial/envlibs/lib/python3.10/site-packages/airflow/example_dags/plugins/event_listener.py
[2023-06-22T14:43:44.574+0700] {processor.py:179} INFO - Processing /Users/macbook/Documents/Documents_MacBook_Pro/ISTT/AirflowTutorial/envlibs/lib/python3.10/site-packages/airflow/example_dags/plugins/event_listener.py took 0.744 seconds
[2023-06-22T14:45:47.415+0700] {processor.py:157} INFO - Started process (PID=12614) to work on /Users/macbook/Documents/Documents_MacBook_Pro/ISTT/AirflowTutorial/envlibs/lib/python3.10/site-packages/airflow/example_dags/plugins/event_listener.py
[2023-06-22T14:45:47.416+0700] {processor.py:826} INFO - Processing file /Users/macbook/Documents/Documents_MacBook_Pro/ISTT/AirflowTutorial/envlibs/lib/python3.10/site-packages/airflow/example_dags/plugins/event_listener.py for tasks to queue
[2023-06-22T14:45:47.417+0700] {logging_mixin.py:149} INFO - [2023-06-22T14:45:47.417+0700] {dagbag.py:541} INFO - Filling up the DagBag from /Users/macbook/Documents/Documents_MacBook_Pro/ISTT/AirflowTutorial/envlibs/lib/python3.10/site-packages/airflow/example_dags/plugins/event_listener.py
[2023-06-22T14:45:47.418+0700] {processor.py:838} WARNING - No viable dags retrieved from /Users/macbook/Documents/Documents_MacBook_Pro/ISTT/AirflowTutorial/envlibs/lib/python3.10/site-packages/airflow/example_dags/plugins/event_listener.py
[2023-06-22T14:45:48.189+0700] {processor.py:179} INFO - Processing /Users/macbook/Documents/Documents_MacBook_Pro/ISTT/AirflowTutorial/envlibs/lib/python3.10/site-packages/airflow/example_dags/plugins/event_listener.py took 0.775 seconds
[2023-06-22T14:47:51.425+0700] {processor.py:157} INFO - Started process (PID=12669) to work on /Users/macbook/Documents/Documents_MacBook_Pro/ISTT/AirflowTutorial/envlibs/lib/python3.10/site-packages/airflow/example_dags/plugins/event_listener.py
[2023-06-22T14:47:51.427+0700] {processor.py:826} INFO - Processing file /Users/macbook/Documents/Documents_MacBook_Pro/ISTT/AirflowTutorial/envlibs/lib/python3.10/site-packages/airflow/example_dags/plugins/event_listener.py for tasks to queue
[2023-06-22T14:47:51.428+0700] {logging_mixin.py:149} INFO - [2023-06-22T14:47:51.428+0700] {dagbag.py:541} INFO - Filling up the DagBag from /Users/macbook/Documents/Documents_MacBook_Pro/ISTT/AirflowTutorial/envlibs/lib/python3.10/site-packages/airflow/example_dags/plugins/event_listener.py
[2023-06-22T14:47:51.430+0700] {processor.py:838} WARNING - No viable dags retrieved from /Users/macbook/Documents/Documents_MacBook_Pro/ISTT/AirflowTutorial/envlibs/lib/python3.10/site-packages/airflow/example_dags/plugins/event_listener.py
[2023-06-22T14:47:52.177+0700] {processor.py:179} INFO - Processing /Users/macbook/Documents/Documents_MacBook_Pro/ISTT/AirflowTutorial/envlibs/lib/python3.10/site-packages/airflow/example_dags/plugins/event_listener.py took 0.752 seconds
[2023-06-22T14:50:00.317+0700] {processor.py:157} INFO - Started process (PID=12738) to work on /Users/macbook/Documents/Documents_MacBook_Pro/ISTT/AirflowTutorial/envlibs/lib/python3.10/site-packages/airflow/example_dags/plugins/event_listener.py
[2023-06-22T14:50:00.319+0700] {processor.py:826} INFO - Processing file /Users/macbook/Documents/Documents_MacBook_Pro/ISTT/AirflowTutorial/envlibs/lib/python3.10/site-packages/airflow/example_dags/plugins/event_listener.py for tasks to queue
[2023-06-22T14:50:00.319+0700] {logging_mixin.py:149} INFO - [2023-06-22T14:50:00.319+0700] {dagbag.py:541} INFO - Filling up the DagBag from /Users/macbook/Documents/Documents_MacBook_Pro/ISTT/AirflowTutorial/envlibs/lib/python3.10/site-packages/airflow/example_dags/plugins/event_listener.py
[2023-06-22T14:50:00.320+0700] {processor.py:838} WARNING - No viable dags retrieved from /Users/macbook/Documents/Documents_MacBook_Pro/ISTT/AirflowTutorial/envlibs/lib/python3.10/site-packages/airflow/example_dags/plugins/event_listener.py
[2023-06-22T14:50:01.243+0700] {processor.py:179} INFO - Processing /Users/macbook/Documents/Documents_MacBook_Pro/ISTT/AirflowTutorial/envlibs/lib/python3.10/site-packages/airflow/example_dags/plugins/event_listener.py took 0.927 seconds
[2023-06-22T14:52:02.036+0700] {processor.py:157} INFO - Started process (PID=12792) to work on /Users/macbook/Documents/Documents_MacBook_Pro/ISTT/AirflowTutorial/envlibs/lib/python3.10/site-packages/airflow/example_dags/plugins/event_listener.py
[2023-06-22T14:52:02.037+0700] {processor.py:826} INFO - Processing file /Users/macbook/Documents/Documents_MacBook_Pro/ISTT/AirflowTutorial/envlibs/lib/python3.10/site-packages/airflow/example_dags/plugins/event_listener.py for tasks to queue
[2023-06-22T14:52:02.037+0700] {logging_mixin.py:149} INFO - [2023-06-22T14:52:02.037+0700] {dagbag.py:541} INFO - Filling up the DagBag from /Users/macbook/Documents/Documents_MacBook_Pro/ISTT/AirflowTutorial/envlibs/lib/python3.10/site-packages/airflow/example_dags/plugins/event_listener.py
[2023-06-22T14:52:02.038+0700] {processor.py:838} WARNING - No viable dags retrieved from /Users/macbook/Documents/Documents_MacBook_Pro/ISTT/AirflowTutorial/envlibs/lib/python3.10/site-packages/airflow/example_dags/plugins/event_listener.py
[2023-06-22T14:52:02.733+0700] {processor.py:179} INFO - Processing /Users/macbook/Documents/Documents_MacBook_Pro/ISTT/AirflowTutorial/envlibs/lib/python3.10/site-packages/airflow/example_dags/plugins/event_listener.py took 0.698 seconds
[2023-06-22T14:54:01.553+0700] {processor.py:157} INFO - Started process (PID=12848) to work on /Users/macbook/Documents/Documents_MacBook_Pro/ISTT/AirflowTutorial/envlibs/lib/python3.10/site-packages/airflow/example_dags/plugins/event_listener.py
[2023-06-22T14:54:01.555+0700] {processor.py:826} INFO - Processing file /Users/macbook/Documents/Documents_MacBook_Pro/ISTT/AirflowTutorial/envlibs/lib/python3.10/site-packages/airflow/example_dags/plugins/event_listener.py for tasks to queue
[2023-06-22T14:54:01.555+0700] {logging_mixin.py:149} INFO - [2023-06-22T14:54:01.555+0700] {dagbag.py:541} INFO - Filling up the DagBag from /Users/macbook/Documents/Documents_MacBook_Pro/ISTT/AirflowTutorial/envlibs/lib/python3.10/site-packages/airflow/example_dags/plugins/event_listener.py
[2023-06-22T14:54:01.556+0700] {processor.py:838} WARNING - No viable dags retrieved from /Users/macbook/Documents/Documents_MacBook_Pro/ISTT/AirflowTutorial/envlibs/lib/python3.10/site-packages/airflow/example_dags/plugins/event_listener.py
[2023-06-22T14:54:02.346+0700] {processor.py:179} INFO - Processing /Users/macbook/Documents/Documents_MacBook_Pro/ISTT/AirflowTutorial/envlibs/lib/python3.10/site-packages/airflow/example_dags/plugins/event_listener.py took 0.794 seconds
[2023-06-22T14:55:56.125+0700] {processor.py:157} INFO - Started process (PID=12900) to work on /Users/macbook/Documents/Documents_MacBook_Pro/ISTT/AirflowTutorial/envlibs/lib/python3.10/site-packages/airflow/example_dags/plugins/event_listener.py
[2023-06-22T14:55:56.127+0700] {processor.py:826} INFO - Processing file /Users/macbook/Documents/Documents_MacBook_Pro/ISTT/AirflowTutorial/envlibs/lib/python3.10/site-packages/airflow/example_dags/plugins/event_listener.py for tasks to queue
[2023-06-22T14:55:56.127+0700] {logging_mixin.py:149} INFO - [2023-06-22T14:55:56.127+0700] {dagbag.py:541} INFO - Filling up the DagBag from /Users/macbook/Documents/Documents_MacBook_Pro/ISTT/AirflowTutorial/envlibs/lib/python3.10/site-packages/airflow/example_dags/plugins/event_listener.py
[2023-06-22T14:55:56.128+0700] {processor.py:838} WARNING - No viable dags retrieved from /Users/macbook/Documents/Documents_MacBook_Pro/ISTT/AirflowTutorial/envlibs/lib/python3.10/site-packages/airflow/example_dags/plugins/event_listener.py
[2023-06-22T14:55:56.847+0700] {processor.py:179} INFO - Processing /Users/macbook/Documents/Documents_MacBook_Pro/ISTT/AirflowTutorial/envlibs/lib/python3.10/site-packages/airflow/example_dags/plugins/event_listener.py took 0.722 seconds
[2023-06-22T14:57:54.451+0700] {processor.py:157} INFO - Started process (PID=12954) to work on /Users/macbook/Documents/Documents_MacBook_Pro/ISTT/AirflowTutorial/envlibs/lib/python3.10/site-packages/airflow/example_dags/plugins/event_listener.py
[2023-06-22T14:57:54.452+0700] {processor.py:826} INFO - Processing file /Users/macbook/Documents/Documents_MacBook_Pro/ISTT/AirflowTutorial/envlibs/lib/python3.10/site-packages/airflow/example_dags/plugins/event_listener.py for tasks to queue
[2023-06-22T14:57:54.453+0700] {logging_mixin.py:149} INFO - [2023-06-22T14:57:54.453+0700] {dagbag.py:541} INFO - Filling up the DagBag from /Users/macbook/Documents/Documents_MacBook_Pro/ISTT/AirflowTutorial/envlibs/lib/python3.10/site-packages/airflow/example_dags/plugins/event_listener.py
[2023-06-22T14:57:54.454+0700] {processor.py:838} WARNING - No viable dags retrieved from /Users/macbook/Documents/Documents_MacBook_Pro/ISTT/AirflowTutorial/envlibs/lib/python3.10/site-packages/airflow/example_dags/plugins/event_listener.py
[2023-06-22T14:57:55.197+0700] {processor.py:179} INFO - Processing /Users/macbook/Documents/Documents_MacBook_Pro/ISTT/AirflowTutorial/envlibs/lib/python3.10/site-packages/airflow/example_dags/plugins/event_listener.py took 0.746 seconds
[2023-06-22T15:00:00.120+0700] {processor.py:157} INFO - Started process (PID=13006) to work on /Users/macbook/Documents/Documents_MacBook_Pro/ISTT/AirflowTutorial/envlibs/lib/python3.10/site-packages/airflow/example_dags/plugins/event_listener.py
[2023-06-22T15:00:00.121+0700] {processor.py:826} INFO - Processing file /Users/macbook/Documents/Documents_MacBook_Pro/ISTT/AirflowTutorial/envlibs/lib/python3.10/site-packages/airflow/example_dags/plugins/event_listener.py for tasks to queue
[2023-06-22T15:00:00.122+0700] {logging_mixin.py:149} INFO - [2023-06-22T15:00:00.122+0700] {dagbag.py:541} INFO - Filling up the DagBag from /Users/macbook/Documents/Documents_MacBook_Pro/ISTT/AirflowTutorial/envlibs/lib/python3.10/site-packages/airflow/example_dags/plugins/event_listener.py
[2023-06-22T15:00:00.124+0700] {processor.py:838} WARNING - No viable dags retrieved from /Users/macbook/Documents/Documents_MacBook_Pro/ISTT/AirflowTutorial/envlibs/lib/python3.10/site-packages/airflow/example_dags/plugins/event_listener.py
[2023-06-22T15:00:01.073+0700] {processor.py:179} INFO - Processing /Users/macbook/Documents/Documents_MacBook_Pro/ISTT/AirflowTutorial/envlibs/lib/python3.10/site-packages/airflow/example_dags/plugins/event_listener.py took 0.954 seconds
[2023-06-22T15:02:02.341+0700] {processor.py:157} INFO - Started process (PID=13063) to work on /Users/macbook/Documents/Documents_MacBook_Pro/ISTT/AirflowTutorial/envlibs/lib/python3.10/site-packages/airflow/example_dags/plugins/event_listener.py
[2023-06-22T15:02:02.343+0700] {processor.py:826} INFO - Processing file /Users/macbook/Documents/Documents_MacBook_Pro/ISTT/AirflowTutorial/envlibs/lib/python3.10/site-packages/airflow/example_dags/plugins/event_listener.py for tasks to queue
[2023-06-22T15:02:02.343+0700] {logging_mixin.py:149} INFO - [2023-06-22T15:02:02.343+0700] {dagbag.py:541} INFO - Filling up the DagBag from /Users/macbook/Documents/Documents_MacBook_Pro/ISTT/AirflowTutorial/envlibs/lib/python3.10/site-packages/airflow/example_dags/plugins/event_listener.py
[2023-06-22T15:02:02.344+0700] {processor.py:838} WARNING - No viable dags retrieved from /Users/macbook/Documents/Documents_MacBook_Pro/ISTT/AirflowTutorial/envlibs/lib/python3.10/site-packages/airflow/example_dags/plugins/event_listener.py
[2023-06-22T15:02:03.053+0700] {processor.py:179} INFO - Processing /Users/macbook/Documents/Documents_MacBook_Pro/ISTT/AirflowTutorial/envlibs/lib/python3.10/site-packages/airflow/example_dags/plugins/event_listener.py took 0.713 seconds
[2023-06-22T15:04:04.283+0700] {processor.py:157} INFO - Started process (PID=13121) to work on /Users/macbook/Documents/Documents_MacBook_Pro/ISTT/AirflowTutorial/envlibs/lib/python3.10/site-packages/airflow/example_dags/plugins/event_listener.py
[2023-06-22T15:04:04.284+0700] {processor.py:826} INFO - Processing file /Users/macbook/Documents/Documents_MacBook_Pro/ISTT/AirflowTutorial/envlibs/lib/python3.10/site-packages/airflow/example_dags/plugins/event_listener.py for tasks to queue
[2023-06-22T15:04:04.285+0700] {logging_mixin.py:149} INFO - [2023-06-22T15:04:04.285+0700] {dagbag.py:541} INFO - Filling up the DagBag from /Users/macbook/Documents/Documents_MacBook_Pro/ISTT/AirflowTutorial/envlibs/lib/python3.10/site-packages/airflow/example_dags/plugins/event_listener.py
[2023-06-22T15:04:04.286+0700] {processor.py:838} WARNING - No viable dags retrieved from /Users/macbook/Documents/Documents_MacBook_Pro/ISTT/AirflowTutorial/envlibs/lib/python3.10/site-packages/airflow/example_dags/plugins/event_listener.py
[2023-06-22T15:04:05.060+0700] {processor.py:179} INFO - Processing /Users/macbook/Documents/Documents_MacBook_Pro/ISTT/AirflowTutorial/envlibs/lib/python3.10/site-packages/airflow/example_dags/plugins/event_listener.py took 0.778 seconds
[2023-06-22T15:06:09.365+0700] {processor.py:157} INFO - Started process (PID=13205) to work on /Users/macbook/Documents/Documents_MacBook_Pro/ISTT/AirflowTutorial/envlibs/lib/python3.10/site-packages/airflow/example_dags/plugins/event_listener.py
[2023-06-22T15:06:09.367+0700] {processor.py:826} INFO - Processing file /Users/macbook/Documents/Documents_MacBook_Pro/ISTT/AirflowTutorial/envlibs/lib/python3.10/site-packages/airflow/example_dags/plugins/event_listener.py for tasks to queue
[2023-06-22T15:06:09.367+0700] {logging_mixin.py:149} INFO - [2023-06-22T15:06:09.367+0700] {dagbag.py:541} INFO - Filling up the DagBag from /Users/macbook/Documents/Documents_MacBook_Pro/ISTT/AirflowTutorial/envlibs/lib/python3.10/site-packages/airflow/example_dags/plugins/event_listener.py
[2023-06-22T15:06:09.369+0700] {processor.py:838} WARNING - No viable dags retrieved from /Users/macbook/Documents/Documents_MacBook_Pro/ISTT/AirflowTutorial/envlibs/lib/python3.10/site-packages/airflow/example_dags/plugins/event_listener.py
[2023-06-22T15:06:10.206+0700] {processor.py:179} INFO - Processing /Users/macbook/Documents/Documents_MacBook_Pro/ISTT/AirflowTutorial/envlibs/lib/python3.10/site-packages/airflow/example_dags/plugins/event_listener.py took 0.841 seconds
[2023-06-22T15:08:15.875+0700] {processor.py:157} INFO - Started process (PID=13279) to work on /Users/macbook/Documents/Documents_MacBook_Pro/ISTT/AirflowTutorial/envlibs/lib/python3.10/site-packages/airflow/example_dags/plugins/event_listener.py
[2023-06-22T15:08:15.876+0700] {processor.py:826} INFO - Processing file /Users/macbook/Documents/Documents_MacBook_Pro/ISTT/AirflowTutorial/envlibs/lib/python3.10/site-packages/airflow/example_dags/plugins/event_listener.py for tasks to queue
[2023-06-22T15:08:15.877+0700] {logging_mixin.py:149} INFO - [2023-06-22T15:08:15.877+0700] {dagbag.py:541} INFO - Filling up the DagBag from /Users/macbook/Documents/Documents_MacBook_Pro/ISTT/AirflowTutorial/envlibs/lib/python3.10/site-packages/airflow/example_dags/plugins/event_listener.py
[2023-06-22T15:08:15.878+0700] {processor.py:838} WARNING - No viable dags retrieved from /Users/macbook/Documents/Documents_MacBook_Pro/ISTT/AirflowTutorial/envlibs/lib/python3.10/site-packages/airflow/example_dags/plugins/event_listener.py
[2023-06-22T15:08:16.573+0700] {processor.py:179} INFO - Processing /Users/macbook/Documents/Documents_MacBook_Pro/ISTT/AirflowTutorial/envlibs/lib/python3.10/site-packages/airflow/example_dags/plugins/event_listener.py took 0.699 seconds
[2023-06-22T15:10:20.641+0700] {processor.py:157} INFO - Started process (PID=13375) to work on /Users/macbook/Documents/Documents_MacBook_Pro/ISTT/AirflowTutorial/envlibs/lib/python3.10/site-packages/airflow/example_dags/plugins/event_listener.py
[2023-06-22T15:10:20.642+0700] {processor.py:826} INFO - Processing file /Users/macbook/Documents/Documents_MacBook_Pro/ISTT/AirflowTutorial/envlibs/lib/python3.10/site-packages/airflow/example_dags/plugins/event_listener.py for tasks to queue
[2023-06-22T15:10:20.643+0700] {logging_mixin.py:149} INFO - [2023-06-22T15:10:20.643+0700] {dagbag.py:541} INFO - Filling up the DagBag from /Users/macbook/Documents/Documents_MacBook_Pro/ISTT/AirflowTutorial/envlibs/lib/python3.10/site-packages/airflow/example_dags/plugins/event_listener.py
[2023-06-22T15:10:20.644+0700] {processor.py:838} WARNING - No viable dags retrieved from /Users/macbook/Documents/Documents_MacBook_Pro/ISTT/AirflowTutorial/envlibs/lib/python3.10/site-packages/airflow/example_dags/plugins/event_listener.py
[2023-06-22T15:10:21.354+0700] {processor.py:179} INFO - Processing /Users/macbook/Documents/Documents_MacBook_Pro/ISTT/AirflowTutorial/envlibs/lib/python3.10/site-packages/airflow/example_dags/plugins/event_listener.py took 0.714 seconds
[2023-06-22T15:12:25.504+0700] {processor.py:157} INFO - Started process (PID=13430) to work on /Users/macbook/Documents/Documents_MacBook_Pro/ISTT/AirflowTutorial/envlibs/lib/python3.10/site-packages/airflow/example_dags/plugins/event_listener.py
[2023-06-22T15:12:25.505+0700] {processor.py:826} INFO - Processing file /Users/macbook/Documents/Documents_MacBook_Pro/ISTT/AirflowTutorial/envlibs/lib/python3.10/site-packages/airflow/example_dags/plugins/event_listener.py for tasks to queue
[2023-06-22T15:12:25.506+0700] {logging_mixin.py:149} INFO - [2023-06-22T15:12:25.506+0700] {dagbag.py:541} INFO - Filling up the DagBag from /Users/macbook/Documents/Documents_MacBook_Pro/ISTT/AirflowTutorial/envlibs/lib/python3.10/site-packages/airflow/example_dags/plugins/event_listener.py
[2023-06-22T15:12:25.507+0700] {processor.py:838} WARNING - No viable dags retrieved from /Users/macbook/Documents/Documents_MacBook_Pro/ISTT/AirflowTutorial/envlibs/lib/python3.10/site-packages/airflow/example_dags/plugins/event_listener.py
[2023-06-22T15:12:26.327+0700] {processor.py:179} INFO - Processing /Users/macbook/Documents/Documents_MacBook_Pro/ISTT/AirflowTutorial/envlibs/lib/python3.10/site-packages/airflow/example_dags/plugins/event_listener.py took 0.823 seconds
[2023-06-22T15:14:31.322+0700] {processor.py:157} INFO - Started process (PID=13518) to work on /Users/macbook/Documents/Documents_MacBook_Pro/ISTT/AirflowTutorial/envlibs/lib/python3.10/site-packages/airflow/example_dags/plugins/event_listener.py
[2023-06-22T15:14:31.323+0700] {processor.py:826} INFO - Processing file /Users/macbook/Documents/Documents_MacBook_Pro/ISTT/AirflowTutorial/envlibs/lib/python3.10/site-packages/airflow/example_dags/plugins/event_listener.py for tasks to queue
[2023-06-22T15:14:31.324+0700] {logging_mixin.py:149} INFO - [2023-06-22T15:14:31.324+0700] {dagbag.py:541} INFO - Filling up the DagBag from /Users/macbook/Documents/Documents_MacBook_Pro/ISTT/AirflowTutorial/envlibs/lib/python3.10/site-packages/airflow/example_dags/plugins/event_listener.py
[2023-06-22T15:14:31.325+0700] {processor.py:838} WARNING - No viable dags retrieved from /Users/macbook/Documents/Documents_MacBook_Pro/ISTT/AirflowTutorial/envlibs/lib/python3.10/site-packages/airflow/example_dags/plugins/event_listener.py
[2023-06-22T15:14:32.107+0700] {processor.py:179} INFO - Processing /Users/macbook/Documents/Documents_MacBook_Pro/ISTT/AirflowTutorial/envlibs/lib/python3.10/site-packages/airflow/example_dags/plugins/event_listener.py took 0.786 seconds
[2023-06-22T15:16:39.893+0700] {processor.py:157} INFO - Started process (PID=13591) to work on /Users/macbook/Documents/Documents_MacBook_Pro/ISTT/AirflowTutorial/envlibs/lib/python3.10/site-packages/airflow/example_dags/plugins/event_listener.py
[2023-06-22T15:16:39.894+0700] {processor.py:826} INFO - Processing file /Users/macbook/Documents/Documents_MacBook_Pro/ISTT/AirflowTutorial/envlibs/lib/python3.10/site-packages/airflow/example_dags/plugins/event_listener.py for tasks to queue
[2023-06-22T15:16:39.895+0700] {logging_mixin.py:149} INFO - [2023-06-22T15:16:39.895+0700] {dagbag.py:541} INFO - Filling up the DagBag from /Users/macbook/Documents/Documents_MacBook_Pro/ISTT/AirflowTutorial/envlibs/lib/python3.10/site-packages/airflow/example_dags/plugins/event_listener.py
[2023-06-22T15:16:39.896+0700] {processor.py:838} WARNING - No viable dags retrieved from /Users/macbook/Documents/Documents_MacBook_Pro/ISTT/AirflowTutorial/envlibs/lib/python3.10/site-packages/airflow/example_dags/plugins/event_listener.py
[2023-06-22T15:16:40.770+0700] {processor.py:179} INFO - Processing /Users/macbook/Documents/Documents_MacBook_Pro/ISTT/AirflowTutorial/envlibs/lib/python3.10/site-packages/airflow/example_dags/plugins/event_listener.py took 0.878 seconds
[2023-06-22T15:18:42.193+0700] {processor.py:157} INFO - Started process (PID=13678) to work on /Users/macbook/Documents/Documents_MacBook_Pro/ISTT/AirflowTutorial/envlibs/lib/python3.10/site-packages/airflow/example_dags/plugins/event_listener.py
[2023-06-22T15:18:42.194+0700] {processor.py:826} INFO - Processing file /Users/macbook/Documents/Documents_MacBook_Pro/ISTT/AirflowTutorial/envlibs/lib/python3.10/site-packages/airflow/example_dags/plugins/event_listener.py for tasks to queue
[2023-06-22T15:18:42.195+0700] {logging_mixin.py:149} INFO - [2023-06-22T15:18:42.195+0700] {dagbag.py:541} INFO - Filling up the DagBag from /Users/macbook/Documents/Documents_MacBook_Pro/ISTT/AirflowTutorial/envlibs/lib/python3.10/site-packages/airflow/example_dags/plugins/event_listener.py
[2023-06-22T15:18:42.197+0700] {processor.py:838} WARNING - No viable dags retrieved from /Users/macbook/Documents/Documents_MacBook_Pro/ISTT/AirflowTutorial/envlibs/lib/python3.10/site-packages/airflow/example_dags/plugins/event_listener.py
[2023-06-22T15:18:42.866+0700] {processor.py:179} INFO - Processing /Users/macbook/Documents/Documents_MacBook_Pro/ISTT/AirflowTutorial/envlibs/lib/python3.10/site-packages/airflow/example_dags/plugins/event_listener.py took 0.674 seconds
[2023-06-22T15:20:43.855+0700] {processor.py:157} INFO - Started process (PID=13760) to work on /Users/macbook/Documents/Documents_MacBook_Pro/ISTT/AirflowTutorial/envlibs/lib/python3.10/site-packages/airflow/example_dags/plugins/event_listener.py
[2023-06-22T15:20:43.856+0700] {processor.py:826} INFO - Processing file /Users/macbook/Documents/Documents_MacBook_Pro/ISTT/AirflowTutorial/envlibs/lib/python3.10/site-packages/airflow/example_dags/plugins/event_listener.py for tasks to queue
[2023-06-22T15:20:43.857+0700] {logging_mixin.py:149} INFO - [2023-06-22T15:20:43.857+0700] {dagbag.py:541} INFO - Filling up the DagBag from /Users/macbook/Documents/Documents_MacBook_Pro/ISTT/AirflowTutorial/envlibs/lib/python3.10/site-packages/airflow/example_dags/plugins/event_listener.py
[2023-06-22T15:20:43.858+0700] {processor.py:838} WARNING - No viable dags retrieved from /Users/macbook/Documents/Documents_MacBook_Pro/ISTT/AirflowTutorial/envlibs/lib/python3.10/site-packages/airflow/example_dags/plugins/event_listener.py
[2023-06-22T15:20:44.639+0700] {processor.py:179} INFO - Processing /Users/macbook/Documents/Documents_MacBook_Pro/ISTT/AirflowTutorial/envlibs/lib/python3.10/site-packages/airflow/example_dags/plugins/event_listener.py took 0.785 seconds
[2023-06-22T15:22:45.136+0700] {processor.py:157} INFO - Started process (PID=13812) to work on /Users/macbook/Documents/Documents_MacBook_Pro/ISTT/AirflowTutorial/envlibs/lib/python3.10/site-packages/airflow/example_dags/plugins/event_listener.py
[2023-06-22T15:22:45.137+0700] {processor.py:826} INFO - Processing file /Users/macbook/Documents/Documents_MacBook_Pro/ISTT/AirflowTutorial/envlibs/lib/python3.10/site-packages/airflow/example_dags/plugins/event_listener.py for tasks to queue
[2023-06-22T15:22:45.138+0700] {logging_mixin.py:149} INFO - [2023-06-22T15:22:45.138+0700] {dagbag.py:541} INFO - Filling up the DagBag from /Users/macbook/Documents/Documents_MacBook_Pro/ISTT/AirflowTutorial/envlibs/lib/python3.10/site-packages/airflow/example_dags/plugins/event_listener.py
[2023-06-22T15:22:45.139+0700] {processor.py:838} WARNING - No viable dags retrieved from /Users/macbook/Documents/Documents_MacBook_Pro/ISTT/AirflowTutorial/envlibs/lib/python3.10/site-packages/airflow/example_dags/plugins/event_listener.py
[2023-06-22T15:22:46.350+0700] {processor.py:179} INFO - Processing /Users/macbook/Documents/Documents_MacBook_Pro/ISTT/AirflowTutorial/envlibs/lib/python3.10/site-packages/airflow/example_dags/plugins/event_listener.py took 1.214 seconds
[2023-06-22T15:25:08.104+0700] {processor.py:157} INFO - Started process (PID=13883) to work on /Users/macbook/Documents/Documents_MacBook_Pro/ISTT/AirflowTutorial/envlibs/lib/python3.10/site-packages/airflow/example_dags/plugins/event_listener.py
[2023-06-22T15:25:08.105+0700] {processor.py:826} INFO - Processing file /Users/macbook/Documents/Documents_MacBook_Pro/ISTT/AirflowTutorial/envlibs/lib/python3.10/site-packages/airflow/example_dags/plugins/event_listener.py for tasks to queue
[2023-06-22T15:25:08.106+0700] {logging_mixin.py:149} INFO - [2023-06-22T15:25:08.106+0700] {dagbag.py:541} INFO - Filling up the DagBag from /Users/macbook/Documents/Documents_MacBook_Pro/ISTT/AirflowTutorial/envlibs/lib/python3.10/site-packages/airflow/example_dags/plugins/event_listener.py
[2023-06-22T15:25:08.107+0700] {processor.py:838} WARNING - No viable dags retrieved from /Users/macbook/Documents/Documents_MacBook_Pro/ISTT/AirflowTutorial/envlibs/lib/python3.10/site-packages/airflow/example_dags/plugins/event_listener.py
[2023-06-22T15:25:08.866+0700] {processor.py:179} INFO - Processing /Users/macbook/Documents/Documents_MacBook_Pro/ISTT/AirflowTutorial/envlibs/lib/python3.10/site-packages/airflow/example_dags/plugins/event_listener.py took 0.763 seconds
[2023-06-22T15:27:21.087+0700] {processor.py:157} INFO - Started process (PID=13940) to work on /Users/macbook/Documents/Documents_MacBook_Pro/ISTT/AirflowTutorial/envlibs/lib/python3.10/site-packages/airflow/example_dags/plugins/event_listener.py
[2023-06-22T15:27:21.088+0700] {processor.py:826} INFO - Processing file /Users/macbook/Documents/Documents_MacBook_Pro/ISTT/AirflowTutorial/envlibs/lib/python3.10/site-packages/airflow/example_dags/plugins/event_listener.py for tasks to queue
[2023-06-22T15:27:21.088+0700] {logging_mixin.py:149} INFO - [2023-06-22T15:27:21.088+0700] {dagbag.py:541} INFO - Filling up the DagBag from /Users/macbook/Documents/Documents_MacBook_Pro/ISTT/AirflowTutorial/envlibs/lib/python3.10/site-packages/airflow/example_dags/plugins/event_listener.py
[2023-06-22T15:27:21.089+0700] {processor.py:838} WARNING - No viable dags retrieved from /Users/macbook/Documents/Documents_MacBook_Pro/ISTT/AirflowTutorial/envlibs/lib/python3.10/site-packages/airflow/example_dags/plugins/event_listener.py
[2023-06-22T15:27:21.815+0700] {processor.py:179} INFO - Processing /Users/macbook/Documents/Documents_MacBook_Pro/ISTT/AirflowTutorial/envlibs/lib/python3.10/site-packages/airflow/example_dags/plugins/event_listener.py took 0.729 seconds
[2023-06-22T15:29:27.664+0700] {processor.py:157} INFO - Started process (PID=13994) to work on /Users/macbook/Documents/Documents_MacBook_Pro/ISTT/AirflowTutorial/envlibs/lib/python3.10/site-packages/airflow/example_dags/plugins/event_listener.py
[2023-06-22T15:29:27.665+0700] {processor.py:826} INFO - Processing file /Users/macbook/Documents/Documents_MacBook_Pro/ISTT/AirflowTutorial/envlibs/lib/python3.10/site-packages/airflow/example_dags/plugins/event_listener.py for tasks to queue
[2023-06-22T15:29:27.666+0700] {logging_mixin.py:149} INFO - [2023-06-22T15:29:27.665+0700] {dagbag.py:541} INFO - Filling up the DagBag from /Users/macbook/Documents/Documents_MacBook_Pro/ISTT/AirflowTutorial/envlibs/lib/python3.10/site-packages/airflow/example_dags/plugins/event_listener.py
[2023-06-22T15:29:27.667+0700] {processor.py:838} WARNING - No viable dags retrieved from /Users/macbook/Documents/Documents_MacBook_Pro/ISTT/AirflowTutorial/envlibs/lib/python3.10/site-packages/airflow/example_dags/plugins/event_listener.py
[2023-06-22T15:29:28.441+0700] {processor.py:179} INFO - Processing /Users/macbook/Documents/Documents_MacBook_Pro/ISTT/AirflowTutorial/envlibs/lib/python3.10/site-packages/airflow/example_dags/plugins/event_listener.py took 0.778 seconds
[2023-06-22T15:31:34.080+0700] {processor.py:157} INFO - Started process (PID=14058) to work on /Users/macbook/Documents/Documents_MacBook_Pro/ISTT/AirflowTutorial/envlibs/lib/python3.10/site-packages/airflow/example_dags/plugins/event_listener.py
[2023-06-22T15:31:34.081+0700] {processor.py:826} INFO - Processing file /Users/macbook/Documents/Documents_MacBook_Pro/ISTT/AirflowTutorial/envlibs/lib/python3.10/site-packages/airflow/example_dags/plugins/event_listener.py for tasks to queue
[2023-06-22T15:31:34.081+0700] {logging_mixin.py:149} INFO - [2023-06-22T15:31:34.081+0700] {dagbag.py:541} INFO - Filling up the DagBag from /Users/macbook/Documents/Documents_MacBook_Pro/ISTT/AirflowTutorial/envlibs/lib/python3.10/site-packages/airflow/example_dags/plugins/event_listener.py
[2023-06-22T15:31:34.083+0700] {processor.py:838} WARNING - No viable dags retrieved from /Users/macbook/Documents/Documents_MacBook_Pro/ISTT/AirflowTutorial/envlibs/lib/python3.10/site-packages/airflow/example_dags/plugins/event_listener.py
[2023-06-22T15:31:34.861+0700] {processor.py:179} INFO - Processing /Users/macbook/Documents/Documents_MacBook_Pro/ISTT/AirflowTutorial/envlibs/lib/python3.10/site-packages/airflow/example_dags/plugins/event_listener.py took 0.782 seconds
[2023-06-22T15:33:37.414+0700] {processor.py:157} INFO - Started process (PID=14115) to work on /Users/macbook/Documents/Documents_MacBook_Pro/ISTT/AirflowTutorial/envlibs/lib/python3.10/site-packages/airflow/example_dags/plugins/event_listener.py
[2023-06-22T15:33:37.415+0700] {processor.py:826} INFO - Processing file /Users/macbook/Documents/Documents_MacBook_Pro/ISTT/AirflowTutorial/envlibs/lib/python3.10/site-packages/airflow/example_dags/plugins/event_listener.py for tasks to queue
[2023-06-22T15:33:37.416+0700] {logging_mixin.py:149} INFO - [2023-06-22T15:33:37.416+0700] {dagbag.py:541} INFO - Filling up the DagBag from /Users/macbook/Documents/Documents_MacBook_Pro/ISTT/AirflowTutorial/envlibs/lib/python3.10/site-packages/airflow/example_dags/plugins/event_listener.py
[2023-06-22T15:33:37.417+0700] {processor.py:838} WARNING - No viable dags retrieved from /Users/macbook/Documents/Documents_MacBook_Pro/ISTT/AirflowTutorial/envlibs/lib/python3.10/site-packages/airflow/example_dags/plugins/event_listener.py
[2023-06-22T15:33:38.263+0700] {processor.py:179} INFO - Processing /Users/macbook/Documents/Documents_MacBook_Pro/ISTT/AirflowTutorial/envlibs/lib/python3.10/site-packages/airflow/example_dags/plugins/event_listener.py took 0.851 seconds
[2023-06-22T15:35:43.330+0700] {processor.py:157} INFO - Started process (PID=14175) to work on /Users/macbook/Documents/Documents_MacBook_Pro/ISTT/AirflowTutorial/envlibs/lib/python3.10/site-packages/airflow/example_dags/plugins/event_listener.py
[2023-06-22T15:35:43.331+0700] {processor.py:826} INFO - Processing file /Users/macbook/Documents/Documents_MacBook_Pro/ISTT/AirflowTutorial/envlibs/lib/python3.10/site-packages/airflow/example_dags/plugins/event_listener.py for tasks to queue
[2023-06-22T15:35:43.332+0700] {logging_mixin.py:149} INFO - [2023-06-22T15:35:43.332+0700] {dagbag.py:541} INFO - Filling up the DagBag from /Users/macbook/Documents/Documents_MacBook_Pro/ISTT/AirflowTutorial/envlibs/lib/python3.10/site-packages/airflow/example_dags/plugins/event_listener.py
[2023-06-22T15:35:43.333+0700] {processor.py:838} WARNING - No viable dags retrieved from /Users/macbook/Documents/Documents_MacBook_Pro/ISTT/AirflowTutorial/envlibs/lib/python3.10/site-packages/airflow/example_dags/plugins/event_listener.py
[2023-06-22T15:35:44.019+0700] {processor.py:179} INFO - Processing /Users/macbook/Documents/Documents_MacBook_Pro/ISTT/AirflowTutorial/envlibs/lib/python3.10/site-packages/airflow/example_dags/plugins/event_listener.py took 0.690 seconds
[2023-06-22T15:37:51.551+0700] {processor.py:157} INFO - Started process (PID=14231) to work on /Users/macbook/Documents/Documents_MacBook_Pro/ISTT/AirflowTutorial/envlibs/lib/python3.10/site-packages/airflow/example_dags/plugins/event_listener.py
[2023-06-22T15:37:51.553+0700] {processor.py:826} INFO - Processing file /Users/macbook/Documents/Documents_MacBook_Pro/ISTT/AirflowTutorial/envlibs/lib/python3.10/site-packages/airflow/example_dags/plugins/event_listener.py for tasks to queue
[2023-06-22T15:37:51.553+0700] {logging_mixin.py:149} INFO - [2023-06-22T15:37:51.553+0700] {dagbag.py:541} INFO - Filling up the DagBag from /Users/macbook/Documents/Documents_MacBook_Pro/ISTT/AirflowTutorial/envlibs/lib/python3.10/site-packages/airflow/example_dags/plugins/event_listener.py
[2023-06-22T15:37:51.555+0700] {processor.py:838} WARNING - No viable dags retrieved from /Users/macbook/Documents/Documents_MacBook_Pro/ISTT/AirflowTutorial/envlibs/lib/python3.10/site-packages/airflow/example_dags/plugins/event_listener.py
[2023-06-22T15:37:52.375+0700] {processor.py:179} INFO - Processing /Users/macbook/Documents/Documents_MacBook_Pro/ISTT/AirflowTutorial/envlibs/lib/python3.10/site-packages/airflow/example_dags/plugins/event_listener.py took 0.825 seconds
[2023-06-22T15:40:04.163+0700] {processor.py:157} INFO - Started process (PID=14314) to work on /Users/macbook/Documents/Documents_MacBook_Pro/ISTT/AirflowTutorial/envlibs/lib/python3.10/site-packages/airflow/example_dags/plugins/event_listener.py
[2023-06-22T15:40:04.165+0700] {processor.py:826} INFO - Processing file /Users/macbook/Documents/Documents_MacBook_Pro/ISTT/AirflowTutorial/envlibs/lib/python3.10/site-packages/airflow/example_dags/plugins/event_listener.py for tasks to queue
[2023-06-22T15:40:04.166+0700] {logging_mixin.py:149} INFO - [2023-06-22T15:40:04.165+0700] {dagbag.py:541} INFO - Filling up the DagBag from /Users/macbook/Documents/Documents_MacBook_Pro/ISTT/AirflowTutorial/envlibs/lib/python3.10/site-packages/airflow/example_dags/plugins/event_listener.py
[2023-06-22T15:40:04.167+0700] {processor.py:838} WARNING - No viable dags retrieved from /Users/macbook/Documents/Documents_MacBook_Pro/ISTT/AirflowTutorial/envlibs/lib/python3.10/site-packages/airflow/example_dags/plugins/event_listener.py
[2023-06-22T15:40:04.944+0700] {processor.py:179} INFO - Processing /Users/macbook/Documents/Documents_MacBook_Pro/ISTT/AirflowTutorial/envlibs/lib/python3.10/site-packages/airflow/example_dags/plugins/event_listener.py took 0.782 seconds
[2023-06-22T15:42:11.092+0700] {processor.py:157} INFO - Started process (PID=14373) to work on /Users/macbook/Documents/Documents_MacBook_Pro/ISTT/AirflowTutorial/envlibs/lib/python3.10/site-packages/airflow/example_dags/plugins/event_listener.py
[2023-06-22T15:42:11.093+0700] {processor.py:826} INFO - Processing file /Users/macbook/Documents/Documents_MacBook_Pro/ISTT/AirflowTutorial/envlibs/lib/python3.10/site-packages/airflow/example_dags/plugins/event_listener.py for tasks to queue
[2023-06-22T15:42:11.094+0700] {logging_mixin.py:149} INFO - [2023-06-22T15:42:11.094+0700] {dagbag.py:541} INFO - Filling up the DagBag from /Users/macbook/Documents/Documents_MacBook_Pro/ISTT/AirflowTutorial/envlibs/lib/python3.10/site-packages/airflow/example_dags/plugins/event_listener.py
[2023-06-22T15:42:11.097+0700] {processor.py:838} WARNING - No viable dags retrieved from /Users/macbook/Documents/Documents_MacBook_Pro/ISTT/AirflowTutorial/envlibs/lib/python3.10/site-packages/airflow/example_dags/plugins/event_listener.py
[2023-06-22T15:42:12.183+0700] {processor.py:179} INFO - Processing /Users/macbook/Documents/Documents_MacBook_Pro/ISTT/AirflowTutorial/envlibs/lib/python3.10/site-packages/airflow/example_dags/plugins/event_listener.py took 1.093 seconds
[2023-06-22T15:44:22.967+0700] {processor.py:157} INFO - Started process (PID=14451) to work on /Users/macbook/Documents/Documents_MacBook_Pro/ISTT/AirflowTutorial/envlibs/lib/python3.10/site-packages/airflow/example_dags/plugins/event_listener.py
[2023-06-22T15:44:22.968+0700] {processor.py:826} INFO - Processing file /Users/macbook/Documents/Documents_MacBook_Pro/ISTT/AirflowTutorial/envlibs/lib/python3.10/site-packages/airflow/example_dags/plugins/event_listener.py for tasks to queue
[2023-06-22T15:44:22.968+0700] {logging_mixin.py:149} INFO - [2023-06-22T15:44:22.968+0700] {dagbag.py:541} INFO - Filling up the DagBag from /Users/macbook/Documents/Documents_MacBook_Pro/ISTT/AirflowTutorial/envlibs/lib/python3.10/site-packages/airflow/example_dags/plugins/event_listener.py
[2023-06-22T15:44:22.969+0700] {processor.py:838} WARNING - No viable dags retrieved from /Users/macbook/Documents/Documents_MacBook_Pro/ISTT/AirflowTutorial/envlibs/lib/python3.10/site-packages/airflow/example_dags/plugins/event_listener.py
[2023-06-22T15:44:23.681+0700] {processor.py:179} INFO - Processing /Users/macbook/Documents/Documents_MacBook_Pro/ISTT/AirflowTutorial/envlibs/lib/python3.10/site-packages/airflow/example_dags/plugins/event_listener.py took 0.715 seconds
[2023-06-22T15:46:34.068+0700] {processor.py:157} INFO - Started process (PID=14510) to work on /Users/macbook/Documents/Documents_MacBook_Pro/ISTT/AirflowTutorial/envlibs/lib/python3.10/site-packages/airflow/example_dags/plugins/event_listener.py
[2023-06-22T15:46:34.069+0700] {processor.py:826} INFO - Processing file /Users/macbook/Documents/Documents_MacBook_Pro/ISTT/AirflowTutorial/envlibs/lib/python3.10/site-packages/airflow/example_dags/plugins/event_listener.py for tasks to queue
[2023-06-22T15:46:34.070+0700] {logging_mixin.py:149} INFO - [2023-06-22T15:46:34.070+0700] {dagbag.py:541} INFO - Filling up the DagBag from /Users/macbook/Documents/Documents_MacBook_Pro/ISTT/AirflowTutorial/envlibs/lib/python3.10/site-packages/airflow/example_dags/plugins/event_listener.py
[2023-06-22T15:46:34.071+0700] {processor.py:838} WARNING - No viable dags retrieved from /Users/macbook/Documents/Documents_MacBook_Pro/ISTT/AirflowTutorial/envlibs/lib/python3.10/site-packages/airflow/example_dags/plugins/event_listener.py
[2023-06-22T15:46:34.908+0700] {processor.py:179} INFO - Processing /Users/macbook/Documents/Documents_MacBook_Pro/ISTT/AirflowTutorial/envlibs/lib/python3.10/site-packages/airflow/example_dags/plugins/event_listener.py took 0.841 seconds
[2023-06-22T15:48:49.282+0700] {processor.py:157} INFO - Started process (PID=14616) to work on /Users/macbook/Documents/Documents_MacBook_Pro/ISTT/AirflowTutorial/envlibs/lib/python3.10/site-packages/airflow/example_dags/plugins/event_listener.py
[2023-06-22T15:48:49.283+0700] {processor.py:826} INFO - Processing file /Users/macbook/Documents/Documents_MacBook_Pro/ISTT/AirflowTutorial/envlibs/lib/python3.10/site-packages/airflow/example_dags/plugins/event_listener.py for tasks to queue
[2023-06-22T15:48:49.284+0700] {logging_mixin.py:149} INFO - [2023-06-22T15:48:49.284+0700] {dagbag.py:541} INFO - Filling up the DagBag from /Users/macbook/Documents/Documents_MacBook_Pro/ISTT/AirflowTutorial/envlibs/lib/python3.10/site-packages/airflow/example_dags/plugins/event_listener.py
[2023-06-22T15:48:49.286+0700] {processor.py:838} WARNING - No viable dags retrieved from /Users/macbook/Documents/Documents_MacBook_Pro/ISTT/AirflowTutorial/envlibs/lib/python3.10/site-packages/airflow/example_dags/plugins/event_listener.py
[2023-06-22T15:48:50.252+0700] {processor.py:179} INFO - Processing /Users/macbook/Documents/Documents_MacBook_Pro/ISTT/AirflowTutorial/envlibs/lib/python3.10/site-packages/airflow/example_dags/plugins/event_listener.py took 0.971 seconds
[2023-06-22T15:51:02.823+0700] {processor.py:157} INFO - Started process (PID=14678) to work on /Users/macbook/Documents/Documents_MacBook_Pro/ISTT/AirflowTutorial/envlibs/lib/python3.10/site-packages/airflow/example_dags/plugins/event_listener.py
[2023-06-22T15:51:02.825+0700] {processor.py:826} INFO - Processing file /Users/macbook/Documents/Documents_MacBook_Pro/ISTT/AirflowTutorial/envlibs/lib/python3.10/site-packages/airflow/example_dags/plugins/event_listener.py for tasks to queue
[2023-06-22T15:51:02.825+0700] {logging_mixin.py:149} INFO - [2023-06-22T15:51:02.825+0700] {dagbag.py:541} INFO - Filling up the DagBag from /Users/macbook/Documents/Documents_MacBook_Pro/ISTT/AirflowTutorial/envlibs/lib/python3.10/site-packages/airflow/example_dags/plugins/event_listener.py
[2023-06-22T15:51:02.826+0700] {processor.py:838} WARNING - No viable dags retrieved from /Users/macbook/Documents/Documents_MacBook_Pro/ISTT/AirflowTutorial/envlibs/lib/python3.10/site-packages/airflow/example_dags/plugins/event_listener.py
[2023-06-22T15:51:03.597+0700] {processor.py:179} INFO - Processing /Users/macbook/Documents/Documents_MacBook_Pro/ISTT/AirflowTutorial/envlibs/lib/python3.10/site-packages/airflow/example_dags/plugins/event_listener.py took 0.774 seconds
[2023-06-22T15:53:23.557+0700] {processor.py:157} INFO - Started process (PID=14771) to work on /Users/macbook/Documents/Documents_MacBook_Pro/ISTT/AirflowTutorial/envlibs/lib/python3.10/site-packages/airflow/example_dags/plugins/event_listener.py
[2023-06-22T15:53:23.559+0700] {processor.py:826} INFO - Processing file /Users/macbook/Documents/Documents_MacBook_Pro/ISTT/AirflowTutorial/envlibs/lib/python3.10/site-packages/airflow/example_dags/plugins/event_listener.py for tasks to queue
[2023-06-22T15:53:23.560+0700] {logging_mixin.py:149} INFO - [2023-06-22T15:53:23.560+0700] {dagbag.py:541} INFO - Filling up the DagBag from /Users/macbook/Documents/Documents_MacBook_Pro/ISTT/AirflowTutorial/envlibs/lib/python3.10/site-packages/airflow/example_dags/plugins/event_listener.py
[2023-06-22T15:53:23.561+0700] {processor.py:838} WARNING - No viable dags retrieved from /Users/macbook/Documents/Documents_MacBook_Pro/ISTT/AirflowTutorial/envlibs/lib/python3.10/site-packages/airflow/example_dags/plugins/event_listener.py
[2023-06-22T15:53:24.302+0700] {processor.py:179} INFO - Processing /Users/macbook/Documents/Documents_MacBook_Pro/ISTT/AirflowTutorial/envlibs/lib/python3.10/site-packages/airflow/example_dags/plugins/event_listener.py took 0.746 seconds
[2023-06-22T15:55:35.961+0700] {processor.py:157} INFO - Started process (PID=14858) to work on /Users/macbook/Documents/Documents_MacBook_Pro/ISTT/AirflowTutorial/envlibs/lib/python3.10/site-packages/airflow/example_dags/plugins/event_listener.py
[2023-06-22T15:55:35.963+0700] {processor.py:826} INFO - Processing file /Users/macbook/Documents/Documents_MacBook_Pro/ISTT/AirflowTutorial/envlibs/lib/python3.10/site-packages/airflow/example_dags/plugins/event_listener.py for tasks to queue
[2023-06-22T15:55:35.964+0700] {logging_mixin.py:149} INFO - [2023-06-22T15:55:35.964+0700] {dagbag.py:541} INFO - Filling up the DagBag from /Users/macbook/Documents/Documents_MacBook_Pro/ISTT/AirflowTutorial/envlibs/lib/python3.10/site-packages/airflow/example_dags/plugins/event_listener.py
[2023-06-22T15:55:35.965+0700] {processor.py:838} WARNING - No viable dags retrieved from /Users/macbook/Documents/Documents_MacBook_Pro/ISTT/AirflowTutorial/envlibs/lib/python3.10/site-packages/airflow/example_dags/plugins/event_listener.py
[2023-06-22T15:55:36.823+0700] {processor.py:179} INFO - Processing /Users/macbook/Documents/Documents_MacBook_Pro/ISTT/AirflowTutorial/envlibs/lib/python3.10/site-packages/airflow/example_dags/plugins/event_listener.py took 0.862 seconds
[2023-06-22T15:57:55.469+0700] {processor.py:157} INFO - Started process (PID=14928) to work on /Users/macbook/Documents/Documents_MacBook_Pro/ISTT/AirflowTutorial/envlibs/lib/python3.10/site-packages/airflow/example_dags/plugins/event_listener.py
[2023-06-22T15:57:55.471+0700] {processor.py:826} INFO - Processing file /Users/macbook/Documents/Documents_MacBook_Pro/ISTT/AirflowTutorial/envlibs/lib/python3.10/site-packages/airflow/example_dags/plugins/event_listener.py for tasks to queue
[2023-06-22T15:57:55.472+0700] {logging_mixin.py:149} INFO - [2023-06-22T15:57:55.471+0700] {dagbag.py:541} INFO - Filling up the DagBag from /Users/macbook/Documents/Documents_MacBook_Pro/ISTT/AirflowTutorial/envlibs/lib/python3.10/site-packages/airflow/example_dags/plugins/event_listener.py
[2023-06-22T15:57:55.473+0700] {processor.py:838} WARNING - No viable dags retrieved from /Users/macbook/Documents/Documents_MacBook_Pro/ISTT/AirflowTutorial/envlibs/lib/python3.10/site-packages/airflow/example_dags/plugins/event_listener.py
[2023-06-22T15:57:56.342+0700] {processor.py:179} INFO - Processing /Users/macbook/Documents/Documents_MacBook_Pro/ISTT/AirflowTutorial/envlibs/lib/python3.10/site-packages/airflow/example_dags/plugins/event_listener.py took 0.873 seconds
[2023-06-22T16:00:07.815+0700] {processor.py:157} INFO - Started process (PID=14984) to work on /Users/macbook/Documents/Documents_MacBook_Pro/ISTT/AirflowTutorial/envlibs/lib/python3.10/site-packages/airflow/example_dags/plugins/event_listener.py
[2023-06-22T16:00:07.817+0700] {processor.py:826} INFO - Processing file /Users/macbook/Documents/Documents_MacBook_Pro/ISTT/AirflowTutorial/envlibs/lib/python3.10/site-packages/airflow/example_dags/plugins/event_listener.py for tasks to queue
[2023-06-22T16:00:07.817+0700] {logging_mixin.py:149} INFO - [2023-06-22T16:00:07.817+0700] {dagbag.py:541} INFO - Filling up the DagBag from /Users/macbook/Documents/Documents_MacBook_Pro/ISTT/AirflowTutorial/envlibs/lib/python3.10/site-packages/airflow/example_dags/plugins/event_listener.py
[2023-06-22T16:00:07.819+0700] {processor.py:838} WARNING - No viable dags retrieved from /Users/macbook/Documents/Documents_MacBook_Pro/ISTT/AirflowTutorial/envlibs/lib/python3.10/site-packages/airflow/example_dags/plugins/event_listener.py
[2023-06-22T16:00:08.734+0700] {processor.py:179} INFO - Processing /Users/macbook/Documents/Documents_MacBook_Pro/ISTT/AirflowTutorial/envlibs/lib/python3.10/site-packages/airflow/example_dags/plugins/event_listener.py took 0.920 seconds
[2023-06-22T16:02:23.458+0700] {processor.py:157} INFO - Started process (PID=15043) to work on /Users/macbook/Documents/Documents_MacBook_Pro/ISTT/AirflowTutorial/envlibs/lib/python3.10/site-packages/airflow/example_dags/plugins/event_listener.py
[2023-06-22T16:02:23.459+0700] {processor.py:826} INFO - Processing file /Users/macbook/Documents/Documents_MacBook_Pro/ISTT/AirflowTutorial/envlibs/lib/python3.10/site-packages/airflow/example_dags/plugins/event_listener.py for tasks to queue
[2023-06-22T16:02:23.459+0700] {logging_mixin.py:149} INFO - [2023-06-22T16:02:23.459+0700] {dagbag.py:541} INFO - Filling up the DagBag from /Users/macbook/Documents/Documents_MacBook_Pro/ISTT/AirflowTutorial/envlibs/lib/python3.10/site-packages/airflow/example_dags/plugins/event_listener.py
[2023-06-22T16:02:23.460+0700] {processor.py:838} WARNING - No viable dags retrieved from /Users/macbook/Documents/Documents_MacBook_Pro/ISTT/AirflowTutorial/envlibs/lib/python3.10/site-packages/airflow/example_dags/plugins/event_listener.py
[2023-06-22T16:02:24.307+0700] {processor.py:179} INFO - Processing /Users/macbook/Documents/Documents_MacBook_Pro/ISTT/AirflowTutorial/envlibs/lib/python3.10/site-packages/airflow/example_dags/plugins/event_listener.py took 0.850 seconds
[2023-06-22T16:04:35.407+0700] {processor.py:157} INFO - Started process (PID=15105) to work on /Users/macbook/Documents/Documents_MacBook_Pro/ISTT/AirflowTutorial/envlibs/lib/python3.10/site-packages/airflow/example_dags/plugins/event_listener.py
[2023-06-22T16:04:35.408+0700] {processor.py:826} INFO - Processing file /Users/macbook/Documents/Documents_MacBook_Pro/ISTT/AirflowTutorial/envlibs/lib/python3.10/site-packages/airflow/example_dags/plugins/event_listener.py for tasks to queue
[2023-06-22T16:04:35.409+0700] {logging_mixin.py:149} INFO - [2023-06-22T16:04:35.409+0700] {dagbag.py:541} INFO - Filling up the DagBag from /Users/macbook/Documents/Documents_MacBook_Pro/ISTT/AirflowTutorial/envlibs/lib/python3.10/site-packages/airflow/example_dags/plugins/event_listener.py
[2023-06-22T16:04:35.410+0700] {processor.py:838} WARNING - No viable dags retrieved from /Users/macbook/Documents/Documents_MacBook_Pro/ISTT/AirflowTutorial/envlibs/lib/python3.10/site-packages/airflow/example_dags/plugins/event_listener.py
[2023-06-22T16:04:36.132+0700] {processor.py:179} INFO - Processing /Users/macbook/Documents/Documents_MacBook_Pro/ISTT/AirflowTutorial/envlibs/lib/python3.10/site-packages/airflow/example_dags/plugins/event_listener.py took 0.726 seconds
[2023-06-22T16:06:43.228+0700] {processor.py:157} INFO - Started process (PID=15168) to work on /Users/macbook/Documents/Documents_MacBook_Pro/ISTT/AirflowTutorial/envlibs/lib/python3.10/site-packages/airflow/example_dags/plugins/event_listener.py
[2023-06-22T16:06:43.230+0700] {processor.py:826} INFO - Processing file /Users/macbook/Documents/Documents_MacBook_Pro/ISTT/AirflowTutorial/envlibs/lib/python3.10/site-packages/airflow/example_dags/plugins/event_listener.py for tasks to queue
[2023-06-22T16:06:43.231+0700] {logging_mixin.py:149} INFO - [2023-06-22T16:06:43.231+0700] {dagbag.py:541} INFO - Filling up the DagBag from /Users/macbook/Documents/Documents_MacBook_Pro/ISTT/AirflowTutorial/envlibs/lib/python3.10/site-packages/airflow/example_dags/plugins/event_listener.py
[2023-06-22T16:06:43.232+0700] {processor.py:838} WARNING - No viable dags retrieved from /Users/macbook/Documents/Documents_MacBook_Pro/ISTT/AirflowTutorial/envlibs/lib/python3.10/site-packages/airflow/example_dags/plugins/event_listener.py
[2023-06-22T16:06:44.113+0700] {processor.py:179} INFO - Processing /Users/macbook/Documents/Documents_MacBook_Pro/ISTT/AirflowTutorial/envlibs/lib/python3.10/site-packages/airflow/example_dags/plugins/event_listener.py took 0.885 seconds
[2023-06-22T16:08:53.789+0700] {processor.py:157} INFO - Started process (PID=15224) to work on /Users/macbook/Documents/Documents_MacBook_Pro/ISTT/AirflowTutorial/envlibs/lib/python3.10/site-packages/airflow/example_dags/plugins/event_listener.py
[2023-06-22T16:08:53.790+0700] {processor.py:826} INFO - Processing file /Users/macbook/Documents/Documents_MacBook_Pro/ISTT/AirflowTutorial/envlibs/lib/python3.10/site-packages/airflow/example_dags/plugins/event_listener.py for tasks to queue
[2023-06-22T16:08:53.791+0700] {logging_mixin.py:149} INFO - [2023-06-22T16:08:53.791+0700] {dagbag.py:541} INFO - Filling up the DagBag from /Users/macbook/Documents/Documents_MacBook_Pro/ISTT/AirflowTutorial/envlibs/lib/python3.10/site-packages/airflow/example_dags/plugins/event_listener.py
[2023-06-22T16:08:53.792+0700] {processor.py:838} WARNING - No viable dags retrieved from /Users/macbook/Documents/Documents_MacBook_Pro/ISTT/AirflowTutorial/envlibs/lib/python3.10/site-packages/airflow/example_dags/plugins/event_listener.py
[2023-06-22T16:08:54.735+0700] {processor.py:179} INFO - Processing /Users/macbook/Documents/Documents_MacBook_Pro/ISTT/AirflowTutorial/envlibs/lib/python3.10/site-packages/airflow/example_dags/plugins/event_listener.py took 0.946 seconds
[2023-06-22T16:10:55.971+0700] {processor.py:157} INFO - Started process (PID=15283) to work on /Users/macbook/Documents/Documents_MacBook_Pro/ISTT/AirflowTutorial/envlibs/lib/python3.10/site-packages/airflow/example_dags/plugins/event_listener.py
[2023-06-22T16:10:55.972+0700] {processor.py:826} INFO - Processing file /Users/macbook/Documents/Documents_MacBook_Pro/ISTT/AirflowTutorial/envlibs/lib/python3.10/site-packages/airflow/example_dags/plugins/event_listener.py for tasks to queue
[2023-06-22T16:10:55.972+0700] {logging_mixin.py:149} INFO - [2023-06-22T16:10:55.972+0700] {dagbag.py:541} INFO - Filling up the DagBag from /Users/macbook/Documents/Documents_MacBook_Pro/ISTT/AirflowTutorial/envlibs/lib/python3.10/site-packages/airflow/example_dags/plugins/event_listener.py
[2023-06-22T16:10:55.973+0700] {processor.py:838} WARNING - No viable dags retrieved from /Users/macbook/Documents/Documents_MacBook_Pro/ISTT/AirflowTutorial/envlibs/lib/python3.10/site-packages/airflow/example_dags/plugins/event_listener.py
[2023-06-22T16:10:56.658+0700] {processor.py:179} INFO - Processing /Users/macbook/Documents/Documents_MacBook_Pro/ISTT/AirflowTutorial/envlibs/lib/python3.10/site-packages/airflow/example_dags/plugins/event_listener.py took 0.688 seconds
[2023-06-22T16:12:46.043+0700] {processor.py:157} INFO - Started process (PID=15337) to work on /Users/macbook/Documents/Documents_MacBook_Pro/ISTT/AirflowTutorial/envlibs/lib/python3.10/site-packages/airflow/example_dags/plugins/event_listener.py
[2023-06-22T16:12:46.043+0700] {processor.py:826} INFO - Processing file /Users/macbook/Documents/Documents_MacBook_Pro/ISTT/AirflowTutorial/envlibs/lib/python3.10/site-packages/airflow/example_dags/plugins/event_listener.py for tasks to queue
[2023-06-22T16:12:46.044+0700] {logging_mixin.py:149} INFO - [2023-06-22T16:12:46.044+0700] {dagbag.py:541} INFO - Filling up the DagBag from /Users/macbook/Documents/Documents_MacBook_Pro/ISTT/AirflowTutorial/envlibs/lib/python3.10/site-packages/airflow/example_dags/plugins/event_listener.py
[2023-06-22T16:12:46.045+0700] {processor.py:838} WARNING - No viable dags retrieved from /Users/macbook/Documents/Documents_MacBook_Pro/ISTT/AirflowTutorial/envlibs/lib/python3.10/site-packages/airflow/example_dags/plugins/event_listener.py
[2023-06-22T16:12:46.735+0700] {processor.py:179} INFO - Processing /Users/macbook/Documents/Documents_MacBook_Pro/ISTT/AirflowTutorial/envlibs/lib/python3.10/site-packages/airflow/example_dags/plugins/event_listener.py took 0.693 seconds
[2023-06-22T16:14:48.144+0700] {processor.py:157} INFO - Started process (PID=15391) to work on /Users/macbook/Documents/Documents_MacBook_Pro/ISTT/AirflowTutorial/envlibs/lib/python3.10/site-packages/airflow/example_dags/plugins/event_listener.py
[2023-06-22T16:14:48.146+0700] {processor.py:826} INFO - Processing file /Users/macbook/Documents/Documents_MacBook_Pro/ISTT/AirflowTutorial/envlibs/lib/python3.10/site-packages/airflow/example_dags/plugins/event_listener.py for tasks to queue
[2023-06-22T16:14:48.146+0700] {logging_mixin.py:149} INFO - [2023-06-22T16:14:48.146+0700] {dagbag.py:541} INFO - Filling up the DagBag from /Users/macbook/Documents/Documents_MacBook_Pro/ISTT/AirflowTutorial/envlibs/lib/python3.10/site-packages/airflow/example_dags/plugins/event_listener.py
[2023-06-22T16:14:48.147+0700] {processor.py:838} WARNING - No viable dags retrieved from /Users/macbook/Documents/Documents_MacBook_Pro/ISTT/AirflowTutorial/envlibs/lib/python3.10/site-packages/airflow/example_dags/plugins/event_listener.py
[2023-06-22T16:14:49.103+0700] {processor.py:179} INFO - Processing /Users/macbook/Documents/Documents_MacBook_Pro/ISTT/AirflowTutorial/envlibs/lib/python3.10/site-packages/airflow/example_dags/plugins/event_listener.py took 0.959 seconds
[2023-06-22T16:16:55.716+0700] {processor.py:157} INFO - Started process (PID=15445) to work on /Users/macbook/Documents/Documents_MacBook_Pro/ISTT/AirflowTutorial/envlibs/lib/python3.10/site-packages/airflow/example_dags/plugins/event_listener.py
[2023-06-22T16:16:55.718+0700] {processor.py:826} INFO - Processing file /Users/macbook/Documents/Documents_MacBook_Pro/ISTT/AirflowTutorial/envlibs/lib/python3.10/site-packages/airflow/example_dags/plugins/event_listener.py for tasks to queue
[2023-06-22T16:16:55.718+0700] {logging_mixin.py:149} INFO - [2023-06-22T16:16:55.718+0700] {dagbag.py:541} INFO - Filling up the DagBag from /Users/macbook/Documents/Documents_MacBook_Pro/ISTT/AirflowTutorial/envlibs/lib/python3.10/site-packages/airflow/example_dags/plugins/event_listener.py
[2023-06-22T16:16:55.719+0700] {processor.py:838} WARNING - No viable dags retrieved from /Users/macbook/Documents/Documents_MacBook_Pro/ISTT/AirflowTutorial/envlibs/lib/python3.10/site-packages/airflow/example_dags/plugins/event_listener.py
[2023-06-22T16:16:56.558+0700] {processor.py:179} INFO - Processing /Users/macbook/Documents/Documents_MacBook_Pro/ISTT/AirflowTutorial/envlibs/lib/python3.10/site-packages/airflow/example_dags/plugins/event_listener.py took 0.843 seconds
[2023-06-22T16:19:10.282+0700] {processor.py:157} INFO - Started process (PID=15549) to work on /Users/macbook/Documents/Documents_MacBook_Pro/ISTT/AirflowTutorial/envlibs/lib/python3.10/site-packages/airflow/example_dags/plugins/event_listener.py
[2023-06-22T16:19:10.284+0700] {processor.py:826} INFO - Processing file /Users/macbook/Documents/Documents_MacBook_Pro/ISTT/AirflowTutorial/envlibs/lib/python3.10/site-packages/airflow/example_dags/plugins/event_listener.py for tasks to queue
[2023-06-22T16:19:10.285+0700] {logging_mixin.py:149} INFO - [2023-06-22T16:19:10.284+0700] {dagbag.py:541} INFO - Filling up the DagBag from /Users/macbook/Documents/Documents_MacBook_Pro/ISTT/AirflowTutorial/envlibs/lib/python3.10/site-packages/airflow/example_dags/plugins/event_listener.py
[2023-06-22T16:19:10.286+0700] {processor.py:838} WARNING - No viable dags retrieved from /Users/macbook/Documents/Documents_MacBook_Pro/ISTT/AirflowTutorial/envlibs/lib/python3.10/site-packages/airflow/example_dags/plugins/event_listener.py
[2023-06-22T16:19:11.148+0700] {processor.py:179} INFO - Processing /Users/macbook/Documents/Documents_MacBook_Pro/ISTT/AirflowTutorial/envlibs/lib/python3.10/site-packages/airflow/example_dags/plugins/event_listener.py took 0.867 seconds
[2023-06-22T16:21:26.542+0700] {processor.py:157} INFO - Started process (PID=15609) to work on /Users/macbook/Documents/Documents_MacBook_Pro/ISTT/AirflowTutorial/envlibs/lib/python3.10/site-packages/airflow/example_dags/plugins/event_listener.py
[2023-06-22T16:21:26.543+0700] {processor.py:826} INFO - Processing file /Users/macbook/Documents/Documents_MacBook_Pro/ISTT/AirflowTutorial/envlibs/lib/python3.10/site-packages/airflow/example_dags/plugins/event_listener.py for tasks to queue
[2023-06-22T16:21:26.544+0700] {logging_mixin.py:149} INFO - [2023-06-22T16:21:26.543+0700] {dagbag.py:541} INFO - Filling up the DagBag from /Users/macbook/Documents/Documents_MacBook_Pro/ISTT/AirflowTutorial/envlibs/lib/python3.10/site-packages/airflow/example_dags/plugins/event_listener.py
[2023-06-22T16:21:26.545+0700] {processor.py:838} WARNING - No viable dags retrieved from /Users/macbook/Documents/Documents_MacBook_Pro/ISTT/AirflowTutorial/envlibs/lib/python3.10/site-packages/airflow/example_dags/plugins/event_listener.py
[2023-06-22T16:21:27.330+0700] {processor.py:179} INFO - Processing /Users/macbook/Documents/Documents_MacBook_Pro/ISTT/AirflowTutorial/envlibs/lib/python3.10/site-packages/airflow/example_dags/plugins/event_listener.py took 0.789 seconds
[2023-06-22T16:23:24.552+0700] {processor.py:157} INFO - Started process (PID=15663) to work on /Users/macbook/Documents/Documents_MacBook_Pro/ISTT/AirflowTutorial/envlibs/lib/python3.10/site-packages/airflow/example_dags/plugins/event_listener.py
[2023-06-22T16:23:24.553+0700] {processor.py:826} INFO - Processing file /Users/macbook/Documents/Documents_MacBook_Pro/ISTT/AirflowTutorial/envlibs/lib/python3.10/site-packages/airflow/example_dags/plugins/event_listener.py for tasks to queue
[2023-06-22T16:23:24.554+0700] {logging_mixin.py:149} INFO - [2023-06-22T16:23:24.554+0700] {dagbag.py:541} INFO - Filling up the DagBag from /Users/macbook/Documents/Documents_MacBook_Pro/ISTT/AirflowTutorial/envlibs/lib/python3.10/site-packages/airflow/example_dags/plugins/event_listener.py
[2023-06-22T16:23:24.555+0700] {processor.py:838} WARNING - No viable dags retrieved from /Users/macbook/Documents/Documents_MacBook_Pro/ISTT/AirflowTutorial/envlibs/lib/python3.10/site-packages/airflow/example_dags/plugins/event_listener.py
[2023-06-22T16:23:25.211+0700] {processor.py:179} INFO - Processing /Users/macbook/Documents/Documents_MacBook_Pro/ISTT/AirflowTutorial/envlibs/lib/python3.10/site-packages/airflow/example_dags/plugins/event_listener.py took 0.659 seconds
[2023-06-22T16:25:16.882+0700] {processor.py:157} INFO - Started process (PID=15712) to work on /Users/macbook/Documents/Documents_MacBook_Pro/ISTT/AirflowTutorial/envlibs/lib/python3.10/site-packages/airflow/example_dags/plugins/event_listener.py
[2023-06-22T16:25:16.884+0700] {processor.py:826} INFO - Processing file /Users/macbook/Documents/Documents_MacBook_Pro/ISTT/AirflowTutorial/envlibs/lib/python3.10/site-packages/airflow/example_dags/plugins/event_listener.py for tasks to queue
[2023-06-22T16:25:16.884+0700] {logging_mixin.py:149} INFO - [2023-06-22T16:25:16.884+0700] {dagbag.py:541} INFO - Filling up the DagBag from /Users/macbook/Documents/Documents_MacBook_Pro/ISTT/AirflowTutorial/envlibs/lib/python3.10/site-packages/airflow/example_dags/plugins/event_listener.py
[2023-06-22T16:25:16.885+0700] {processor.py:838} WARNING - No viable dags retrieved from /Users/macbook/Documents/Documents_MacBook_Pro/ISTT/AirflowTutorial/envlibs/lib/python3.10/site-packages/airflow/example_dags/plugins/event_listener.py
[2023-06-22T16:25:17.709+0700] {processor.py:179} INFO - Processing /Users/macbook/Documents/Documents_MacBook_Pro/ISTT/AirflowTutorial/envlibs/lib/python3.10/site-packages/airflow/example_dags/plugins/event_listener.py took 0.828 seconds
