[2023-06-22T14:26:54.831+0700] {processor.py:157} INFO - Started process (PID=11845) to work on /Users/macbook/Documents/Documents_MacBook_Pro/ISTT/AirflowTutorial/envlibs/lib/python3.10/site-packages/airflow/example_dags/plugins/listener_plugin.py
[2023-06-22T14:26:54.832+0700] {processor.py:826} INFO - Processing file /Users/macbook/Documents/Documents_MacBook_Pro/ISTT/AirflowTutorial/envlibs/lib/python3.10/site-packages/airflow/example_dags/plugins/listener_plugin.py for tasks to queue
[2023-06-22T14:26:54.832+0700] {logging_mixin.py:149} INFO - [2023-06-22T14:26:54.832+0700] {dagbag.py:541} INFO - Filling up the DagBag from /Users/macbook/Documents/Documents_MacBook_Pro/ISTT/AirflowTutorial/envlibs/lib/python3.10/site-packages/airflow/example_dags/plugins/listener_plugin.py
[2023-06-22T14:26:54.835+0700] {processor.py:838} WARNING - No viable dags retrieved from /Users/macbook/Documents/Documents_MacBook_Pro/ISTT/AirflowTutorial/envlibs/lib/python3.10/site-packages/airflow/example_dags/plugins/listener_plugin.py
[2023-06-22T14:26:55.535+0700] {processor.py:179} INFO - Processing /Users/macbook/Documents/Documents_MacBook_Pro/ISTT/AirflowTutorial/envlibs/lib/python3.10/site-packages/airflow/example_dags/plugins/listener_plugin.py took 0.705 seconds
[2023-06-22T14:29:22.613+0700] {processor.py:157} INFO - Started process (PID=11919) to work on /Users/macbook/Documents/Documents_MacBook_Pro/ISTT/AirflowTutorial/envlibs/lib/python3.10/site-packages/airflow/example_dags/plugins/listener_plugin.py
[2023-06-22T14:29:22.614+0700] {processor.py:826} INFO - Processing file /Users/macbook/Documents/Documents_MacBook_Pro/ISTT/AirflowTutorial/envlibs/lib/python3.10/site-packages/airflow/example_dags/plugins/listener_plugin.py for tasks to queue
[2023-06-22T14:29:22.615+0700] {logging_mixin.py:149} INFO - [2023-06-22T14:29:22.615+0700] {dagbag.py:541} INFO - Filling up the DagBag from /Users/macbook/Documents/Documents_MacBook_Pro/ISTT/AirflowTutorial/envlibs/lib/python3.10/site-packages/airflow/example_dags/plugins/listener_plugin.py
[2023-06-22T14:29:22.620+0700] {processor.py:838} WARNING - No viable dags retrieved from /Users/macbook/Documents/Documents_MacBook_Pro/ISTT/AirflowTutorial/envlibs/lib/python3.10/site-packages/airflow/example_dags/plugins/listener_plugin.py
[2023-06-22T14:29:23.534+0700] {processor.py:179} INFO - Processing /Users/macbook/Documents/Documents_MacBook_Pro/ISTT/AirflowTutorial/envlibs/lib/python3.10/site-packages/airflow/example_dags/plugins/listener_plugin.py took 0.921 seconds
[2023-06-22T14:31:27.007+0700] {processor.py:157} INFO - Started process (PID=11996) to work on /Users/macbook/Documents/Documents_MacBook_Pro/ISTT/AirflowTutorial/envlibs/lib/python3.10/site-packages/airflow/example_dags/plugins/listener_plugin.py
[2023-06-22T14:31:27.009+0700] {processor.py:826} INFO - Processing file /Users/macbook/Documents/Documents_MacBook_Pro/ISTT/AirflowTutorial/envlibs/lib/python3.10/site-packages/airflow/example_dags/plugins/listener_plugin.py for tasks to queue
[2023-06-22T14:31:27.011+0700] {logging_mixin.py:149} INFO - [2023-06-22T14:31:27.010+0700] {dagbag.py:541} INFO - Filling up the DagBag from /Users/macbook/Documents/Documents_MacBook_Pro/ISTT/AirflowTutorial/envlibs/lib/python3.10/site-packages/airflow/example_dags/plugins/listener_plugin.py
[2023-06-22T14:31:27.019+0700] {processor.py:838} WARNING - No viable dags retrieved from /Users/macbook/Documents/Documents_MacBook_Pro/ISTT/AirflowTutorial/envlibs/lib/python3.10/site-packages/airflow/example_dags/plugins/listener_plugin.py
[2023-06-22T14:31:28.184+0700] {processor.py:179} INFO - Processing /Users/macbook/Documents/Documents_MacBook_Pro/ISTT/AirflowTutorial/envlibs/lib/python3.10/site-packages/airflow/example_dags/plugins/listener_plugin.py took 1.178 seconds
[2023-06-22T14:33:56.875+0700] {processor.py:157} INFO - Started process (PID=12129) to work on /Users/macbook/Documents/Documents_MacBook_Pro/ISTT/AirflowTutorial/envlibs/lib/python3.10/site-packages/airflow/example_dags/plugins/listener_plugin.py
[2023-06-22T14:33:56.877+0700] {processor.py:826} INFO - Processing file /Users/macbook/Documents/Documents_MacBook_Pro/ISTT/AirflowTutorial/envlibs/lib/python3.10/site-packages/airflow/example_dags/plugins/listener_plugin.py for tasks to queue
[2023-06-22T14:33:56.878+0700] {logging_mixin.py:149} INFO - [2023-06-22T14:33:56.878+0700] {dagbag.py:541} INFO - Filling up the DagBag from /Users/macbook/Documents/Documents_MacBook_Pro/ISTT/AirflowTutorial/envlibs/lib/python3.10/site-packages/airflow/example_dags/plugins/listener_plugin.py
[2023-06-22T14:33:56.883+0700] {processor.py:838} WARNING - No viable dags retrieved from /Users/macbook/Documents/Documents_MacBook_Pro/ISTT/AirflowTutorial/envlibs/lib/python3.10/site-packages/airflow/example_dags/plugins/listener_plugin.py
[2023-06-22T14:33:57.948+0700] {processor.py:179} INFO - Processing /Users/macbook/Documents/Documents_MacBook_Pro/ISTT/AirflowTutorial/envlibs/lib/python3.10/site-packages/airflow/example_dags/plugins/listener_plugin.py took 1.074 seconds
[2023-06-22T14:36:33.049+0700] {processor.py:157} INFO - Started process (PID=12271) to work on /Users/macbook/Documents/Documents_MacBook_Pro/ISTT/AirflowTutorial/envlibs/lib/python3.10/site-packages/airflow/example_dags/plugins/listener_plugin.py
[2023-06-22T14:36:33.050+0700] {processor.py:826} INFO - Processing file /Users/macbook/Documents/Documents_MacBook_Pro/ISTT/AirflowTutorial/envlibs/lib/python3.10/site-packages/airflow/example_dags/plugins/listener_plugin.py for tasks to queue
[2023-06-22T14:36:33.051+0700] {logging_mixin.py:149} INFO - [2023-06-22T14:36:33.051+0700] {dagbag.py:541} INFO - Filling up the DagBag from /Users/macbook/Documents/Documents_MacBook_Pro/ISTT/AirflowTutorial/envlibs/lib/python3.10/site-packages/airflow/example_dags/plugins/listener_plugin.py
[2023-06-22T14:36:33.055+0700] {processor.py:838} WARNING - No viable dags retrieved from /Users/macbook/Documents/Documents_MacBook_Pro/ISTT/AirflowTutorial/envlibs/lib/python3.10/site-packages/airflow/example_dags/plugins/listener_plugin.py
[2023-06-22T14:36:34.438+0700] {processor.py:179} INFO - Processing /Users/macbook/Documents/Documents_MacBook_Pro/ISTT/AirflowTutorial/envlibs/lib/python3.10/site-packages/airflow/example_dags/plugins/listener_plugin.py took 1.390 seconds
[2023-06-22T14:39:16.418+0700] {processor.py:157} INFO - Started process (PID=12400) to work on /Users/macbook/Documents/Documents_MacBook_Pro/ISTT/AirflowTutorial/envlibs/lib/python3.10/site-packages/airflow/example_dags/plugins/listener_plugin.py
[2023-06-22T14:39:16.419+0700] {processor.py:826} INFO - Processing file /Users/macbook/Documents/Documents_MacBook_Pro/ISTT/AirflowTutorial/envlibs/lib/python3.10/site-packages/airflow/example_dags/plugins/listener_plugin.py for tasks to queue
[2023-06-22T14:39:16.420+0700] {logging_mixin.py:149} INFO - [2023-06-22T14:39:16.419+0700] {dagbag.py:541} INFO - Filling up the DagBag from /Users/macbook/Documents/Documents_MacBook_Pro/ISTT/AirflowTutorial/envlibs/lib/python3.10/site-packages/airflow/example_dags/plugins/listener_plugin.py
[2023-06-22T14:39:16.424+0700] {processor.py:838} WARNING - No viable dags retrieved from /Users/macbook/Documents/Documents_MacBook_Pro/ISTT/AirflowTutorial/envlibs/lib/python3.10/site-packages/airflow/example_dags/plugins/listener_plugin.py
[2023-06-22T14:39:17.210+0700] {processor.py:179} INFO - Processing /Users/macbook/Documents/Documents_MacBook_Pro/ISTT/AirflowTutorial/envlibs/lib/python3.10/site-packages/airflow/example_dags/plugins/listener_plugin.py took 0.793 seconds
[2023-06-22T14:41:31.262+0700] {processor.py:157} INFO - Started process (PID=12504) to work on /Users/macbook/Documents/Documents_MacBook_Pro/ISTT/AirflowTutorial/envlibs/lib/python3.10/site-packages/airflow/example_dags/plugins/listener_plugin.py
[2023-06-22T14:41:31.269+0700] {processor.py:826} INFO - Processing file /Users/macbook/Documents/Documents_MacBook_Pro/ISTT/AirflowTutorial/envlibs/lib/python3.10/site-packages/airflow/example_dags/plugins/listener_plugin.py for tasks to queue
[2023-06-22T14:41:31.270+0700] {logging_mixin.py:149} INFO - [2023-06-22T14:41:31.270+0700] {dagbag.py:541} INFO - Filling up the DagBag from /Users/macbook/Documents/Documents_MacBook_Pro/ISTT/AirflowTutorial/envlibs/lib/python3.10/site-packages/airflow/example_dags/plugins/listener_plugin.py
[2023-06-22T14:41:31.295+0700] {processor.py:838} WARNING - No viable dags retrieved from /Users/macbook/Documents/Documents_MacBook_Pro/ISTT/AirflowTutorial/envlibs/lib/python3.10/site-packages/airflow/example_dags/plugins/listener_plugin.py
[2023-06-22T14:41:32.286+0700] {processor.py:179} INFO - Processing /Users/macbook/Documents/Documents_MacBook_Pro/ISTT/AirflowTutorial/envlibs/lib/python3.10/site-packages/airflow/example_dags/plugins/listener_plugin.py took 1.026 seconds
[2023-06-22T14:43:40.799+0700] {processor.py:157} INFO - Started process (PID=12561) to work on /Users/macbook/Documents/Documents_MacBook_Pro/ISTT/AirflowTutorial/envlibs/lib/python3.10/site-packages/airflow/example_dags/plugins/listener_plugin.py
[2023-06-22T14:43:40.801+0700] {processor.py:826} INFO - Processing file /Users/macbook/Documents/Documents_MacBook_Pro/ISTT/AirflowTutorial/envlibs/lib/python3.10/site-packages/airflow/example_dags/plugins/listener_plugin.py for tasks to queue
[2023-06-22T14:43:40.802+0700] {logging_mixin.py:149} INFO - [2023-06-22T14:43:40.801+0700] {dagbag.py:541} INFO - Filling up the DagBag from /Users/macbook/Documents/Documents_MacBook_Pro/ISTT/AirflowTutorial/envlibs/lib/python3.10/site-packages/airflow/example_dags/plugins/listener_plugin.py
[2023-06-22T14:43:40.809+0700] {processor.py:838} WARNING - No viable dags retrieved from /Users/macbook/Documents/Documents_MacBook_Pro/ISTT/AirflowTutorial/envlibs/lib/python3.10/site-packages/airflow/example_dags/plugins/listener_plugin.py
[2023-06-22T14:43:41.547+0700] {processor.py:179} INFO - Processing /Users/macbook/Documents/Documents_MacBook_Pro/ISTT/AirflowTutorial/envlibs/lib/python3.10/site-packages/airflow/example_dags/plugins/listener_plugin.py took 0.749 seconds
[2023-06-22T14:45:44.251+0700] {processor.py:157} INFO - Started process (PID=12613) to work on /Users/macbook/Documents/Documents_MacBook_Pro/ISTT/AirflowTutorial/envlibs/lib/python3.10/site-packages/airflow/example_dags/plugins/listener_plugin.py
[2023-06-22T14:45:44.251+0700] {processor.py:826} INFO - Processing file /Users/macbook/Documents/Documents_MacBook_Pro/ISTT/AirflowTutorial/envlibs/lib/python3.10/site-packages/airflow/example_dags/plugins/listener_plugin.py for tasks to queue
[2023-06-22T14:45:44.252+0700] {logging_mixin.py:149} INFO - [2023-06-22T14:45:44.252+0700] {dagbag.py:541} INFO - Filling up the DagBag from /Users/macbook/Documents/Documents_MacBook_Pro/ISTT/AirflowTutorial/envlibs/lib/python3.10/site-packages/airflow/example_dags/plugins/listener_plugin.py
[2023-06-22T14:45:44.256+0700] {processor.py:838} WARNING - No viable dags retrieved from /Users/macbook/Documents/Documents_MacBook_Pro/ISTT/AirflowTutorial/envlibs/lib/python3.10/site-packages/airflow/example_dags/plugins/listener_plugin.py
[2023-06-22T14:45:45.019+0700] {processor.py:179} INFO - Processing /Users/macbook/Documents/Documents_MacBook_Pro/ISTT/AirflowTutorial/envlibs/lib/python3.10/site-packages/airflow/example_dags/plugins/listener_plugin.py took 0.769 seconds
[2023-06-22T14:47:48.277+0700] {processor.py:157} INFO - Started process (PID=12668) to work on /Users/macbook/Documents/Documents_MacBook_Pro/ISTT/AirflowTutorial/envlibs/lib/python3.10/site-packages/airflow/example_dags/plugins/listener_plugin.py
[2023-06-22T14:47:48.279+0700] {processor.py:826} INFO - Processing file /Users/macbook/Documents/Documents_MacBook_Pro/ISTT/AirflowTutorial/envlibs/lib/python3.10/site-packages/airflow/example_dags/plugins/listener_plugin.py for tasks to queue
[2023-06-22T14:47:48.280+0700] {logging_mixin.py:149} INFO - [2023-06-22T14:47:48.279+0700] {dagbag.py:541} INFO - Filling up the DagBag from /Users/macbook/Documents/Documents_MacBook_Pro/ISTT/AirflowTutorial/envlibs/lib/python3.10/site-packages/airflow/example_dags/plugins/listener_plugin.py
[2023-06-22T14:47:48.286+0700] {processor.py:838} WARNING - No viable dags retrieved from /Users/macbook/Documents/Documents_MacBook_Pro/ISTT/AirflowTutorial/envlibs/lib/python3.10/site-packages/airflow/example_dags/plugins/listener_plugin.py
[2023-06-22T14:47:49.026+0700] {processor.py:179} INFO - Processing /Users/macbook/Documents/Documents_MacBook_Pro/ISTT/AirflowTutorial/envlibs/lib/python3.10/site-packages/airflow/example_dags/plugins/listener_plugin.py took 0.749 seconds
[2023-06-22T14:49:57.352+0700] {processor.py:157} INFO - Started process (PID=12737) to work on /Users/macbook/Documents/Documents_MacBook_Pro/ISTT/AirflowTutorial/envlibs/lib/python3.10/site-packages/airflow/example_dags/plugins/listener_plugin.py
[2023-06-22T14:49:57.353+0700] {processor.py:826} INFO - Processing file /Users/macbook/Documents/Documents_MacBook_Pro/ISTT/AirflowTutorial/envlibs/lib/python3.10/site-packages/airflow/example_dags/plugins/listener_plugin.py for tasks to queue
[2023-06-22T14:49:57.354+0700] {logging_mixin.py:149} INFO - [2023-06-22T14:49:57.353+0700] {dagbag.py:541} INFO - Filling up the DagBag from /Users/macbook/Documents/Documents_MacBook_Pro/ISTT/AirflowTutorial/envlibs/lib/python3.10/site-packages/airflow/example_dags/plugins/listener_plugin.py
[2023-06-22T14:49:57.357+0700] {processor.py:838} WARNING - No viable dags retrieved from /Users/macbook/Documents/Documents_MacBook_Pro/ISTT/AirflowTutorial/envlibs/lib/python3.10/site-packages/airflow/example_dags/plugins/listener_plugin.py
[2023-06-22T14:49:58.183+0700] {processor.py:179} INFO - Processing /Users/macbook/Documents/Documents_MacBook_Pro/ISTT/AirflowTutorial/envlibs/lib/python3.10/site-packages/airflow/example_dags/plugins/listener_plugin.py took 0.832 seconds
[2023-06-22T14:51:59.073+0700] {processor.py:157} INFO - Started process (PID=12791) to work on /Users/macbook/Documents/Documents_MacBook_Pro/ISTT/AirflowTutorial/envlibs/lib/python3.10/site-packages/airflow/example_dags/plugins/listener_plugin.py
[2023-06-22T14:51:59.075+0700] {processor.py:826} INFO - Processing file /Users/macbook/Documents/Documents_MacBook_Pro/ISTT/AirflowTutorial/envlibs/lib/python3.10/site-packages/airflow/example_dags/plugins/listener_plugin.py for tasks to queue
[2023-06-22T14:51:59.075+0700] {logging_mixin.py:149} INFO - [2023-06-22T14:51:59.075+0700] {dagbag.py:541} INFO - Filling up the DagBag from /Users/macbook/Documents/Documents_MacBook_Pro/ISTT/AirflowTutorial/envlibs/lib/python3.10/site-packages/airflow/example_dags/plugins/listener_plugin.py
[2023-06-22T14:51:59.077+0700] {processor.py:838} WARNING - No viable dags retrieved from /Users/macbook/Documents/Documents_MacBook_Pro/ISTT/AirflowTutorial/envlibs/lib/python3.10/site-packages/airflow/example_dags/plugins/listener_plugin.py
[2023-06-22T14:51:59.791+0700] {processor.py:179} INFO - Processing /Users/macbook/Documents/Documents_MacBook_Pro/ISTT/AirflowTutorial/envlibs/lib/python3.10/site-packages/airflow/example_dags/plugins/listener_plugin.py took 0.718 seconds
[2023-06-22T14:53:58.316+0700] {processor.py:157} INFO - Started process (PID=12847) to work on /Users/macbook/Documents/Documents_MacBook_Pro/ISTT/AirflowTutorial/envlibs/lib/python3.10/site-packages/airflow/example_dags/plugins/listener_plugin.py
[2023-06-22T14:53:58.318+0700] {processor.py:826} INFO - Processing file /Users/macbook/Documents/Documents_MacBook_Pro/ISTT/AirflowTutorial/envlibs/lib/python3.10/site-packages/airflow/example_dags/plugins/listener_plugin.py for tasks to queue
[2023-06-22T14:53:58.319+0700] {logging_mixin.py:149} INFO - [2023-06-22T14:53:58.319+0700] {dagbag.py:541} INFO - Filling up the DagBag from /Users/macbook/Documents/Documents_MacBook_Pro/ISTT/AirflowTutorial/envlibs/lib/python3.10/site-packages/airflow/example_dags/plugins/listener_plugin.py
[2023-06-22T14:53:58.325+0700] {processor.py:838} WARNING - No viable dags retrieved from /Users/macbook/Documents/Documents_MacBook_Pro/ISTT/AirflowTutorial/envlibs/lib/python3.10/site-packages/airflow/example_dags/plugins/listener_plugin.py
[2023-06-22T14:53:59.136+0700] {processor.py:179} INFO - Processing /Users/macbook/Documents/Documents_MacBook_Pro/ISTT/AirflowTutorial/envlibs/lib/python3.10/site-packages/airflow/example_dags/plugins/listener_plugin.py took 0.820 seconds
[2023-06-22T14:55:53.732+0700] {processor.py:157} INFO - Started process (PID=12899) to work on /Users/macbook/Documents/Documents_MacBook_Pro/ISTT/AirflowTutorial/envlibs/lib/python3.10/site-packages/airflow/example_dags/plugins/listener_plugin.py
[2023-06-22T14:55:53.733+0700] {processor.py:826} INFO - Processing file /Users/macbook/Documents/Documents_MacBook_Pro/ISTT/AirflowTutorial/envlibs/lib/python3.10/site-packages/airflow/example_dags/plugins/listener_plugin.py for tasks to queue
[2023-06-22T14:55:53.734+0700] {logging_mixin.py:149} INFO - [2023-06-22T14:55:53.733+0700] {dagbag.py:541} INFO - Filling up the DagBag from /Users/macbook/Documents/Documents_MacBook_Pro/ISTT/AirflowTutorial/envlibs/lib/python3.10/site-packages/airflow/example_dags/plugins/listener_plugin.py
[2023-06-22T14:55:53.737+0700] {processor.py:838} WARNING - No viable dags retrieved from /Users/macbook/Documents/Documents_MacBook_Pro/ISTT/AirflowTutorial/envlibs/lib/python3.10/site-packages/airflow/example_dags/plugins/listener_plugin.py
[2023-06-22T14:55:54.402+0700] {processor.py:179} INFO - Processing /Users/macbook/Documents/Documents_MacBook_Pro/ISTT/AirflowTutorial/envlibs/lib/python3.10/site-packages/airflow/example_dags/plugins/listener_plugin.py took 0.671 seconds
[2023-06-22T14:57:51.463+0700] {processor.py:157} INFO - Started process (PID=12951) to work on /Users/macbook/Documents/Documents_MacBook_Pro/ISTT/AirflowTutorial/envlibs/lib/python3.10/site-packages/airflow/example_dags/plugins/listener_plugin.py
[2023-06-22T14:57:51.464+0700] {processor.py:826} INFO - Processing file /Users/macbook/Documents/Documents_MacBook_Pro/ISTT/AirflowTutorial/envlibs/lib/python3.10/site-packages/airflow/example_dags/plugins/listener_plugin.py for tasks to queue
[2023-06-22T14:57:51.464+0700] {logging_mixin.py:149} INFO - [2023-06-22T14:57:51.464+0700] {dagbag.py:541} INFO - Filling up the DagBag from /Users/macbook/Documents/Documents_MacBook_Pro/ISTT/AirflowTutorial/envlibs/lib/python3.10/site-packages/airflow/example_dags/plugins/listener_plugin.py
[2023-06-22T14:57:51.468+0700] {processor.py:838} WARNING - No viable dags retrieved from /Users/macbook/Documents/Documents_MacBook_Pro/ISTT/AirflowTutorial/envlibs/lib/python3.10/site-packages/airflow/example_dags/plugins/listener_plugin.py
[2023-06-22T14:57:52.178+0700] {processor.py:179} INFO - Processing /Users/macbook/Documents/Documents_MacBook_Pro/ISTT/AirflowTutorial/envlibs/lib/python3.10/site-packages/airflow/example_dags/plugins/listener_plugin.py took 0.716 seconds
[2023-06-22T14:59:56.546+0700] {processor.py:157} INFO - Started process (PID=13005) to work on /Users/macbook/Documents/Documents_MacBook_Pro/ISTT/AirflowTutorial/envlibs/lib/python3.10/site-packages/airflow/example_dags/plugins/listener_plugin.py
[2023-06-22T14:59:56.547+0700] {processor.py:826} INFO - Processing file /Users/macbook/Documents/Documents_MacBook_Pro/ISTT/AirflowTutorial/envlibs/lib/python3.10/site-packages/airflow/example_dags/plugins/listener_plugin.py for tasks to queue
[2023-06-22T14:59:56.548+0700] {logging_mixin.py:149} INFO - [2023-06-22T14:59:56.548+0700] {dagbag.py:541} INFO - Filling up the DagBag from /Users/macbook/Documents/Documents_MacBook_Pro/ISTT/AirflowTutorial/envlibs/lib/python3.10/site-packages/airflow/example_dags/plugins/listener_plugin.py
[2023-06-22T14:59:56.552+0700] {processor.py:838} WARNING - No viable dags retrieved from /Users/macbook/Documents/Documents_MacBook_Pro/ISTT/AirflowTutorial/envlibs/lib/python3.10/site-packages/airflow/example_dags/plugins/listener_plugin.py
[2023-06-22T14:59:57.476+0700] {processor.py:179} INFO - Processing /Users/macbook/Documents/Documents_MacBook_Pro/ISTT/AirflowTutorial/envlibs/lib/python3.10/site-packages/airflow/example_dags/plugins/listener_plugin.py took 0.931 seconds
[2023-06-22T15:01:59.174+0700] {processor.py:157} INFO - Started process (PID=13062) to work on /Users/macbook/Documents/Documents_MacBook_Pro/ISTT/AirflowTutorial/envlibs/lib/python3.10/site-packages/airflow/example_dags/plugins/listener_plugin.py
[2023-06-22T15:01:59.175+0700] {processor.py:826} INFO - Processing file /Users/macbook/Documents/Documents_MacBook_Pro/ISTT/AirflowTutorial/envlibs/lib/python3.10/site-packages/airflow/example_dags/plugins/listener_plugin.py for tasks to queue
[2023-06-22T15:01:59.176+0700] {logging_mixin.py:149} INFO - [2023-06-22T15:01:59.176+0700] {dagbag.py:541} INFO - Filling up the DagBag from /Users/macbook/Documents/Documents_MacBook_Pro/ISTT/AirflowTutorial/envlibs/lib/python3.10/site-packages/airflow/example_dags/plugins/listener_plugin.py
[2023-06-22T15:01:59.178+0700] {processor.py:838} WARNING - No viable dags retrieved from /Users/macbook/Documents/Documents_MacBook_Pro/ISTT/AirflowTutorial/envlibs/lib/python3.10/site-packages/airflow/example_dags/plugins/listener_plugin.py
[2023-06-22T15:01:59.947+0700] {processor.py:179} INFO - Processing /Users/macbook/Documents/Documents_MacBook_Pro/ISTT/AirflowTutorial/envlibs/lib/python3.10/site-packages/airflow/example_dags/plugins/listener_plugin.py took 0.774 seconds
[2023-06-22T15:04:01.354+0700] {processor.py:157} INFO - Started process (PID=13115) to work on /Users/macbook/Documents/Documents_MacBook_Pro/ISTT/AirflowTutorial/envlibs/lib/python3.10/site-packages/airflow/example_dags/plugins/listener_plugin.py
[2023-06-22T15:04:01.355+0700] {processor.py:826} INFO - Processing file /Users/macbook/Documents/Documents_MacBook_Pro/ISTT/AirflowTutorial/envlibs/lib/python3.10/site-packages/airflow/example_dags/plugins/listener_plugin.py for tasks to queue
[2023-06-22T15:04:01.356+0700] {logging_mixin.py:149} INFO - [2023-06-22T15:04:01.356+0700] {dagbag.py:541} INFO - Filling up the DagBag from /Users/macbook/Documents/Documents_MacBook_Pro/ISTT/AirflowTutorial/envlibs/lib/python3.10/site-packages/airflow/example_dags/plugins/listener_plugin.py
[2023-06-22T15:04:01.360+0700] {processor.py:838} WARNING - No viable dags retrieved from /Users/macbook/Documents/Documents_MacBook_Pro/ISTT/AirflowTutorial/envlibs/lib/python3.10/site-packages/airflow/example_dags/plugins/listener_plugin.py
[2023-06-22T15:04:02.118+0700] {processor.py:179} INFO - Processing /Users/macbook/Documents/Documents_MacBook_Pro/ISTT/AirflowTutorial/envlibs/lib/python3.10/site-packages/airflow/example_dags/plugins/listener_plugin.py took 0.765 seconds
[2023-06-22T15:06:06.135+0700] {processor.py:157} INFO - Started process (PID=13203) to work on /Users/macbook/Documents/Documents_MacBook_Pro/ISTT/AirflowTutorial/envlibs/lib/python3.10/site-packages/airflow/example_dags/plugins/listener_plugin.py
[2023-06-22T15:06:06.137+0700] {processor.py:826} INFO - Processing file /Users/macbook/Documents/Documents_MacBook_Pro/ISTT/AirflowTutorial/envlibs/lib/python3.10/site-packages/airflow/example_dags/plugins/listener_plugin.py for tasks to queue
[2023-06-22T15:06:06.138+0700] {logging_mixin.py:149} INFO - [2023-06-22T15:06:06.138+0700] {dagbag.py:541} INFO - Filling up the DagBag from /Users/macbook/Documents/Documents_MacBook_Pro/ISTT/AirflowTutorial/envlibs/lib/python3.10/site-packages/airflow/example_dags/plugins/listener_plugin.py
[2023-06-22T15:06:06.143+0700] {processor.py:838} WARNING - No viable dags retrieved from /Users/macbook/Documents/Documents_MacBook_Pro/ISTT/AirflowTutorial/envlibs/lib/python3.10/site-packages/airflow/example_dags/plugins/listener_plugin.py
[2023-06-22T15:06:06.923+0700] {processor.py:179} INFO - Processing /Users/macbook/Documents/Documents_MacBook_Pro/ISTT/AirflowTutorial/envlibs/lib/python3.10/site-packages/airflow/example_dags/plugins/listener_plugin.py took 0.789 seconds
[2023-06-22T15:08:12.810+0700] {processor.py:157} INFO - Started process (PID=13277) to work on /Users/macbook/Documents/Documents_MacBook_Pro/ISTT/AirflowTutorial/envlibs/lib/python3.10/site-packages/airflow/example_dags/plugins/listener_plugin.py
[2023-06-22T15:08:12.811+0700] {processor.py:826} INFO - Processing file /Users/macbook/Documents/Documents_MacBook_Pro/ISTT/AirflowTutorial/envlibs/lib/python3.10/site-packages/airflow/example_dags/plugins/listener_plugin.py for tasks to queue
[2023-06-22T15:08:12.811+0700] {logging_mixin.py:149} INFO - [2023-06-22T15:08:12.811+0700] {dagbag.py:541} INFO - Filling up the DagBag from /Users/macbook/Documents/Documents_MacBook_Pro/ISTT/AirflowTutorial/envlibs/lib/python3.10/site-packages/airflow/example_dags/plugins/listener_plugin.py
[2023-06-22T15:08:12.814+0700] {processor.py:838} WARNING - No viable dags retrieved from /Users/macbook/Documents/Documents_MacBook_Pro/ISTT/AirflowTutorial/envlibs/lib/python3.10/site-packages/airflow/example_dags/plugins/listener_plugin.py
[2023-06-22T15:08:13.553+0700] {processor.py:179} INFO - Processing /Users/macbook/Documents/Documents_MacBook_Pro/ISTT/AirflowTutorial/envlibs/lib/python3.10/site-packages/airflow/example_dags/plugins/listener_plugin.py took 0.744 seconds
[2023-06-22T15:10:17.505+0700] {processor.py:157} INFO - Started process (PID=13374) to work on /Users/macbook/Documents/Documents_MacBook_Pro/ISTT/AirflowTutorial/envlibs/lib/python3.10/site-packages/airflow/example_dags/plugins/listener_plugin.py
[2023-06-22T15:10:17.507+0700] {processor.py:826} INFO - Processing file /Users/macbook/Documents/Documents_MacBook_Pro/ISTT/AirflowTutorial/envlibs/lib/python3.10/site-packages/airflow/example_dags/plugins/listener_plugin.py for tasks to queue
[2023-06-22T15:10:17.508+0700] {logging_mixin.py:149} INFO - [2023-06-22T15:10:17.508+0700] {dagbag.py:541} INFO - Filling up the DagBag from /Users/macbook/Documents/Documents_MacBook_Pro/ISTT/AirflowTutorial/envlibs/lib/python3.10/site-packages/airflow/example_dags/plugins/listener_plugin.py
[2023-06-22T15:10:17.514+0700] {processor.py:838} WARNING - No viable dags retrieved from /Users/macbook/Documents/Documents_MacBook_Pro/ISTT/AirflowTutorial/envlibs/lib/python3.10/site-packages/airflow/example_dags/plugins/listener_plugin.py
[2023-06-22T15:10:18.327+0700] {processor.py:179} INFO - Processing /Users/macbook/Documents/Documents_MacBook_Pro/ISTT/AirflowTutorial/envlibs/lib/python3.10/site-packages/airflow/example_dags/plugins/listener_plugin.py took 0.822 seconds
[2023-06-22T15:12:22.069+0700] {processor.py:157} INFO - Started process (PID=13428) to work on /Users/macbook/Documents/Documents_MacBook_Pro/ISTT/AirflowTutorial/envlibs/lib/python3.10/site-packages/airflow/example_dags/plugins/listener_plugin.py
[2023-06-22T15:12:22.071+0700] {processor.py:826} INFO - Processing file /Users/macbook/Documents/Documents_MacBook_Pro/ISTT/AirflowTutorial/envlibs/lib/python3.10/site-packages/airflow/example_dags/plugins/listener_plugin.py for tasks to queue
[2023-06-22T15:12:22.072+0700] {logging_mixin.py:149} INFO - [2023-06-22T15:12:22.071+0700] {dagbag.py:541} INFO - Filling up the DagBag from /Users/macbook/Documents/Documents_MacBook_Pro/ISTT/AirflowTutorial/envlibs/lib/python3.10/site-packages/airflow/example_dags/plugins/listener_plugin.py
[2023-06-22T15:12:22.077+0700] {processor.py:838} WARNING - No viable dags retrieved from /Users/macbook/Documents/Documents_MacBook_Pro/ISTT/AirflowTutorial/envlibs/lib/python3.10/site-packages/airflow/example_dags/plugins/listener_plugin.py
[2023-06-22T15:12:22.876+0700] {processor.py:179} INFO - Processing /Users/macbook/Documents/Documents_MacBook_Pro/ISTT/AirflowTutorial/envlibs/lib/python3.10/site-packages/airflow/example_dags/plugins/listener_plugin.py took 0.807 seconds
[2023-06-22T15:14:28.132+0700] {processor.py:157} INFO - Started process (PID=13517) to work on /Users/macbook/Documents/Documents_MacBook_Pro/ISTT/AirflowTutorial/envlibs/lib/python3.10/site-packages/airflow/example_dags/plugins/listener_plugin.py
[2023-06-22T15:14:28.137+0700] {processor.py:826} INFO - Processing file /Users/macbook/Documents/Documents_MacBook_Pro/ISTT/AirflowTutorial/envlibs/lib/python3.10/site-packages/airflow/example_dags/plugins/listener_plugin.py for tasks to queue
[2023-06-22T15:14:28.137+0700] {logging_mixin.py:149} INFO - [2023-06-22T15:14:28.137+0700] {dagbag.py:541} INFO - Filling up the DagBag from /Users/macbook/Documents/Documents_MacBook_Pro/ISTT/AirflowTutorial/envlibs/lib/python3.10/site-packages/airflow/example_dags/plugins/listener_plugin.py
[2023-06-22T15:14:28.157+0700] {processor.py:838} WARNING - No viable dags retrieved from /Users/macbook/Documents/Documents_MacBook_Pro/ISTT/AirflowTutorial/envlibs/lib/python3.10/site-packages/airflow/example_dags/plugins/listener_plugin.py
[2023-06-22T15:14:29.008+0700] {processor.py:179} INFO - Processing /Users/macbook/Documents/Documents_MacBook_Pro/ISTT/AirflowTutorial/envlibs/lib/python3.10/site-packages/airflow/example_dags/plugins/listener_plugin.py took 0.877 seconds
[2023-06-22T15:16:37.680+0700] {processor.py:157} INFO - Started process (PID=13589) to work on /Users/macbook/Documents/Documents_MacBook_Pro/ISTT/AirflowTutorial/envlibs/lib/python3.10/site-packages/airflow/example_dags/plugins/listener_plugin.py
[2023-06-22T15:16:37.682+0700] {processor.py:826} INFO - Processing file /Users/macbook/Documents/Documents_MacBook_Pro/ISTT/AirflowTutorial/envlibs/lib/python3.10/site-packages/airflow/example_dags/plugins/listener_plugin.py for tasks to queue
[2023-06-22T15:16:37.682+0700] {logging_mixin.py:149} INFO - [2023-06-22T15:16:37.682+0700] {dagbag.py:541} INFO - Filling up the DagBag from /Users/macbook/Documents/Documents_MacBook_Pro/ISTT/AirflowTutorial/envlibs/lib/python3.10/site-packages/airflow/example_dags/plugins/listener_plugin.py
[2023-06-22T15:16:37.687+0700] {processor.py:838} WARNING - No viable dags retrieved from /Users/macbook/Documents/Documents_MacBook_Pro/ISTT/AirflowTutorial/envlibs/lib/python3.10/site-packages/airflow/example_dags/plugins/listener_plugin.py
[2023-06-22T15:16:38.366+0700] {processor.py:179} INFO - Processing /Users/macbook/Documents/Documents_MacBook_Pro/ISTT/AirflowTutorial/envlibs/lib/python3.10/site-packages/airflow/example_dags/plugins/listener_plugin.py took 0.687 seconds
[2023-06-22T15:18:39.237+0700] {processor.py:157} INFO - Started process (PID=13677) to work on /Users/macbook/Documents/Documents_MacBook_Pro/ISTT/AirflowTutorial/envlibs/lib/python3.10/site-packages/airflow/example_dags/plugins/listener_plugin.py
[2023-06-22T15:18:39.238+0700] {processor.py:826} INFO - Processing file /Users/macbook/Documents/Documents_MacBook_Pro/ISTT/AirflowTutorial/envlibs/lib/python3.10/site-packages/airflow/example_dags/plugins/listener_plugin.py for tasks to queue
[2023-06-22T15:18:39.239+0700] {logging_mixin.py:149} INFO - [2023-06-22T15:18:39.239+0700] {dagbag.py:541} INFO - Filling up the DagBag from /Users/macbook/Documents/Documents_MacBook_Pro/ISTT/AirflowTutorial/envlibs/lib/python3.10/site-packages/airflow/example_dags/plugins/listener_plugin.py
[2023-06-22T15:18:39.243+0700] {processor.py:838} WARNING - No viable dags retrieved from /Users/macbook/Documents/Documents_MacBook_Pro/ISTT/AirflowTutorial/envlibs/lib/python3.10/site-packages/airflow/example_dags/plugins/listener_plugin.py
[2023-06-22T15:18:39.950+0700] {processor.py:179} INFO - Processing /Users/macbook/Documents/Documents_MacBook_Pro/ISTT/AirflowTutorial/envlibs/lib/python3.10/site-packages/airflow/example_dags/plugins/listener_plugin.py took 0.714 seconds
[2023-06-22T15:20:40.983+0700] {processor.py:157} INFO - Started process (PID=13757) to work on /Users/macbook/Documents/Documents_MacBook_Pro/ISTT/AirflowTutorial/envlibs/lib/python3.10/site-packages/airflow/example_dags/plugins/listener_plugin.py
[2023-06-22T15:20:40.984+0700] {processor.py:826} INFO - Processing file /Users/macbook/Documents/Documents_MacBook_Pro/ISTT/AirflowTutorial/envlibs/lib/python3.10/site-packages/airflow/example_dags/plugins/listener_plugin.py for tasks to queue
[2023-06-22T15:20:40.984+0700] {logging_mixin.py:149} INFO - [2023-06-22T15:20:40.984+0700] {dagbag.py:541} INFO - Filling up the DagBag from /Users/macbook/Documents/Documents_MacBook_Pro/ISTT/AirflowTutorial/envlibs/lib/python3.10/site-packages/airflow/example_dags/plugins/listener_plugin.py
[2023-06-22T15:20:40.988+0700] {processor.py:838} WARNING - No viable dags retrieved from /Users/macbook/Documents/Documents_MacBook_Pro/ISTT/AirflowTutorial/envlibs/lib/python3.10/site-packages/airflow/example_dags/plugins/listener_plugin.py
[2023-06-22T15:20:41.655+0700] {processor.py:179} INFO - Processing /Users/macbook/Documents/Documents_MacBook_Pro/ISTT/AirflowTutorial/envlibs/lib/python3.10/site-packages/airflow/example_dags/plugins/listener_plugin.py took 0.673 seconds
[2023-06-22T15:22:41.599+0700] {processor.py:157} INFO - Started process (PID=13810) to work on /Users/macbook/Documents/Documents_MacBook_Pro/ISTT/AirflowTutorial/envlibs/lib/python3.10/site-packages/airflow/example_dags/plugins/listener_plugin.py
[2023-06-22T15:22:41.600+0700] {processor.py:826} INFO - Processing file /Users/macbook/Documents/Documents_MacBook_Pro/ISTT/AirflowTutorial/envlibs/lib/python3.10/site-packages/airflow/example_dags/plugins/listener_plugin.py for tasks to queue
[2023-06-22T15:22:41.600+0700] {logging_mixin.py:149} INFO - [2023-06-22T15:22:41.600+0700] {dagbag.py:541} INFO - Filling up the DagBag from /Users/macbook/Documents/Documents_MacBook_Pro/ISTT/AirflowTutorial/envlibs/lib/python3.10/site-packages/airflow/example_dags/plugins/listener_plugin.py
[2023-06-22T15:22:41.604+0700] {processor.py:838} WARNING - No viable dags retrieved from /Users/macbook/Documents/Documents_MacBook_Pro/ISTT/AirflowTutorial/envlibs/lib/python3.10/site-packages/airflow/example_dags/plugins/listener_plugin.py
[2023-06-22T15:22:42.527+0700] {processor.py:179} INFO - Processing /Users/macbook/Documents/Documents_MacBook_Pro/ISTT/AirflowTutorial/envlibs/lib/python3.10/site-packages/airflow/example_dags/plugins/listener_plugin.py took 0.929 seconds
[2023-06-22T15:25:05.029+0700] {processor.py:157} INFO - Started process (PID=13882) to work on /Users/macbook/Documents/Documents_MacBook_Pro/ISTT/AirflowTutorial/envlibs/lib/python3.10/site-packages/airflow/example_dags/plugins/listener_plugin.py
[2023-06-22T15:25:05.031+0700] {processor.py:826} INFO - Processing file /Users/macbook/Documents/Documents_MacBook_Pro/ISTT/AirflowTutorial/envlibs/lib/python3.10/site-packages/airflow/example_dags/plugins/listener_plugin.py for tasks to queue
[2023-06-22T15:25:05.032+0700] {logging_mixin.py:149} INFO - [2023-06-22T15:25:05.031+0700] {dagbag.py:541} INFO - Filling up the DagBag from /Users/macbook/Documents/Documents_MacBook_Pro/ISTT/AirflowTutorial/envlibs/lib/python3.10/site-packages/airflow/example_dags/plugins/listener_plugin.py
[2023-06-22T15:25:05.036+0700] {processor.py:838} WARNING - No viable dags retrieved from /Users/macbook/Documents/Documents_MacBook_Pro/ISTT/AirflowTutorial/envlibs/lib/python3.10/site-packages/airflow/example_dags/plugins/listener_plugin.py
[2023-06-22T15:25:05.809+0700] {processor.py:179} INFO - Processing /Users/macbook/Documents/Documents_MacBook_Pro/ISTT/AirflowTutorial/envlibs/lib/python3.10/site-packages/airflow/example_dags/plugins/listener_plugin.py took 0.781 seconds
[2023-06-22T15:27:18.472+0700] {processor.py:157} INFO - Started process (PID=13939) to work on /Users/macbook/Documents/Documents_MacBook_Pro/ISTT/AirflowTutorial/envlibs/lib/python3.10/site-packages/airflow/example_dags/plugins/listener_plugin.py
[2023-06-22T15:27:18.473+0700] {processor.py:826} INFO - Processing file /Users/macbook/Documents/Documents_MacBook_Pro/ISTT/AirflowTutorial/envlibs/lib/python3.10/site-packages/airflow/example_dags/plugins/listener_plugin.py for tasks to queue
[2023-06-22T15:27:18.474+0700] {logging_mixin.py:149} INFO - [2023-06-22T15:27:18.474+0700] {dagbag.py:541} INFO - Filling up the DagBag from /Users/macbook/Documents/Documents_MacBook_Pro/ISTT/AirflowTutorial/envlibs/lib/python3.10/site-packages/airflow/example_dags/plugins/listener_plugin.py
[2023-06-22T15:27:18.476+0700] {processor.py:838} WARNING - No viable dags retrieved from /Users/macbook/Documents/Documents_MacBook_Pro/ISTT/AirflowTutorial/envlibs/lib/python3.10/site-packages/airflow/example_dags/plugins/listener_plugin.py
[2023-06-22T15:27:19.157+0700] {processor.py:179} INFO - Processing /Users/macbook/Documents/Documents_MacBook_Pro/ISTT/AirflowTutorial/envlibs/lib/python3.10/site-packages/airflow/example_dags/plugins/listener_plugin.py took 0.686 seconds
[2023-06-22T15:29:24.802+0700] {processor.py:157} INFO - Started process (PID=13993) to work on /Users/macbook/Documents/Documents_MacBook_Pro/ISTT/AirflowTutorial/envlibs/lib/python3.10/site-packages/airflow/example_dags/plugins/listener_plugin.py
[2023-06-22T15:29:24.803+0700] {processor.py:826} INFO - Processing file /Users/macbook/Documents/Documents_MacBook_Pro/ISTT/AirflowTutorial/envlibs/lib/python3.10/site-packages/airflow/example_dags/plugins/listener_plugin.py for tasks to queue
[2023-06-22T15:29:24.804+0700] {logging_mixin.py:149} INFO - [2023-06-22T15:29:24.804+0700] {dagbag.py:541} INFO - Filling up the DagBag from /Users/macbook/Documents/Documents_MacBook_Pro/ISTT/AirflowTutorial/envlibs/lib/python3.10/site-packages/airflow/example_dags/plugins/listener_plugin.py
[2023-06-22T15:29:24.808+0700] {processor.py:838} WARNING - No viable dags retrieved from /Users/macbook/Documents/Documents_MacBook_Pro/ISTT/AirflowTutorial/envlibs/lib/python3.10/site-packages/airflow/example_dags/plugins/listener_plugin.py
[2023-06-22T15:29:25.561+0700] {processor.py:179} INFO - Processing /Users/macbook/Documents/Documents_MacBook_Pro/ISTT/AirflowTutorial/envlibs/lib/python3.10/site-packages/airflow/example_dags/plugins/listener_plugin.py took 0.760 seconds
[2023-06-22T15:31:30.709+0700] {processor.py:157} INFO - Started process (PID=14057) to work on /Users/macbook/Documents/Documents_MacBook_Pro/ISTT/AirflowTutorial/envlibs/lib/python3.10/site-packages/airflow/example_dags/plugins/listener_plugin.py
[2023-06-22T15:31:30.710+0700] {processor.py:826} INFO - Processing file /Users/macbook/Documents/Documents_MacBook_Pro/ISTT/AirflowTutorial/envlibs/lib/python3.10/site-packages/airflow/example_dags/plugins/listener_plugin.py for tasks to queue
[2023-06-22T15:31:30.710+0700] {logging_mixin.py:149} INFO - [2023-06-22T15:31:30.710+0700] {dagbag.py:541} INFO - Filling up the DagBag from /Users/macbook/Documents/Documents_MacBook_Pro/ISTT/AirflowTutorial/envlibs/lib/python3.10/site-packages/airflow/example_dags/plugins/listener_plugin.py
[2023-06-22T15:31:30.714+0700] {processor.py:838} WARNING - No viable dags retrieved from /Users/macbook/Documents/Documents_MacBook_Pro/ISTT/AirflowTutorial/envlibs/lib/python3.10/site-packages/airflow/example_dags/plugins/listener_plugin.py
[2023-06-22T15:31:31.589+0700] {processor.py:179} INFO - Processing /Users/macbook/Documents/Documents_MacBook_Pro/ISTT/AirflowTutorial/envlibs/lib/python3.10/site-packages/airflow/example_dags/plugins/listener_plugin.py took 0.881 seconds
[2023-06-22T15:33:34.578+0700] {processor.py:157} INFO - Started process (PID=14114) to work on /Users/macbook/Documents/Documents_MacBook_Pro/ISTT/AirflowTutorial/envlibs/lib/python3.10/site-packages/airflow/example_dags/plugins/listener_plugin.py
[2023-06-22T15:33:34.579+0700] {processor.py:826} INFO - Processing file /Users/macbook/Documents/Documents_MacBook_Pro/ISTT/AirflowTutorial/envlibs/lib/python3.10/site-packages/airflow/example_dags/plugins/listener_plugin.py for tasks to queue
[2023-06-22T15:33:34.580+0700] {logging_mixin.py:149} INFO - [2023-06-22T15:33:34.580+0700] {dagbag.py:541} INFO - Filling up the DagBag from /Users/macbook/Documents/Documents_MacBook_Pro/ISTT/AirflowTutorial/envlibs/lib/python3.10/site-packages/airflow/example_dags/plugins/listener_plugin.py
[2023-06-22T15:33:34.584+0700] {processor.py:838} WARNING - No viable dags retrieved from /Users/macbook/Documents/Documents_MacBook_Pro/ISTT/AirflowTutorial/envlibs/lib/python3.10/site-packages/airflow/example_dags/plugins/listener_plugin.py
[2023-06-22T15:33:35.374+0700] {processor.py:179} INFO - Processing /Users/macbook/Documents/Documents_MacBook_Pro/ISTT/AirflowTutorial/envlibs/lib/python3.10/site-packages/airflow/example_dags/plugins/listener_plugin.py took 0.797 seconds
[2023-06-22T15:35:40.327+0700] {processor.py:157} INFO - Started process (PID=14174) to work on /Users/macbook/Documents/Documents_MacBook_Pro/ISTT/AirflowTutorial/envlibs/lib/python3.10/site-packages/airflow/example_dags/plugins/listener_plugin.py
[2023-06-22T15:35:40.329+0700] {processor.py:826} INFO - Processing file /Users/macbook/Documents/Documents_MacBook_Pro/ISTT/AirflowTutorial/envlibs/lib/python3.10/site-packages/airflow/example_dags/plugins/listener_plugin.py for tasks to queue
[2023-06-22T15:35:40.329+0700] {logging_mixin.py:149} INFO - [2023-06-22T15:35:40.329+0700] {dagbag.py:541} INFO - Filling up the DagBag from /Users/macbook/Documents/Documents_MacBook_Pro/ISTT/AirflowTutorial/envlibs/lib/python3.10/site-packages/airflow/example_dags/plugins/listener_plugin.py
[2023-06-22T15:35:40.333+0700] {processor.py:838} WARNING - No viable dags retrieved from /Users/macbook/Documents/Documents_MacBook_Pro/ISTT/AirflowTutorial/envlibs/lib/python3.10/site-packages/airflow/example_dags/plugins/listener_plugin.py
[2023-06-22T15:35:41.056+0700] {processor.py:179} INFO - Processing /Users/macbook/Documents/Documents_MacBook_Pro/ISTT/AirflowTutorial/envlibs/lib/python3.10/site-packages/airflow/example_dags/plugins/listener_plugin.py took 0.730 seconds
[2023-06-22T15:37:48.144+0700] {processor.py:157} INFO - Started process (PID=14230) to work on /Users/macbook/Documents/Documents_MacBook_Pro/ISTT/AirflowTutorial/envlibs/lib/python3.10/site-packages/airflow/example_dags/plugins/listener_plugin.py
[2023-06-22T15:37:48.145+0700] {processor.py:826} INFO - Processing file /Users/macbook/Documents/Documents_MacBook_Pro/ISTT/AirflowTutorial/envlibs/lib/python3.10/site-packages/airflow/example_dags/plugins/listener_plugin.py for tasks to queue
[2023-06-22T15:37:48.146+0700] {logging_mixin.py:149} INFO - [2023-06-22T15:37:48.146+0700] {dagbag.py:541} INFO - Filling up the DagBag from /Users/macbook/Documents/Documents_MacBook_Pro/ISTT/AirflowTutorial/envlibs/lib/python3.10/site-packages/airflow/example_dags/plugins/listener_plugin.py
[2023-06-22T15:37:48.151+0700] {processor.py:838} WARNING - No viable dags retrieved from /Users/macbook/Documents/Documents_MacBook_Pro/ISTT/AirflowTutorial/envlibs/lib/python3.10/site-packages/airflow/example_dags/plugins/listener_plugin.py
[2023-06-22T15:37:49.027+0700] {processor.py:179} INFO - Processing /Users/macbook/Documents/Documents_MacBook_Pro/ISTT/AirflowTutorial/envlibs/lib/python3.10/site-packages/airflow/example_dags/plugins/listener_plugin.py took 0.884 seconds
[2023-06-22T15:40:00.867+0700] {processor.py:157} INFO - Started process (PID=14313) to work on /Users/macbook/Documents/Documents_MacBook_Pro/ISTT/AirflowTutorial/envlibs/lib/python3.10/site-packages/airflow/example_dags/plugins/listener_plugin.py
[2023-06-22T15:40:00.868+0700] {processor.py:826} INFO - Processing file /Users/macbook/Documents/Documents_MacBook_Pro/ISTT/AirflowTutorial/envlibs/lib/python3.10/site-packages/airflow/example_dags/plugins/listener_plugin.py for tasks to queue
[2023-06-22T15:40:00.869+0700] {logging_mixin.py:149} INFO - [2023-06-22T15:40:00.869+0700] {dagbag.py:541} INFO - Filling up the DagBag from /Users/macbook/Documents/Documents_MacBook_Pro/ISTT/AirflowTutorial/envlibs/lib/python3.10/site-packages/airflow/example_dags/plugins/listener_plugin.py
[2023-06-22T15:40:00.873+0700] {processor.py:838} WARNING - No viable dags retrieved from /Users/macbook/Documents/Documents_MacBook_Pro/ISTT/AirflowTutorial/envlibs/lib/python3.10/site-packages/airflow/example_dags/plugins/listener_plugin.py
[2023-06-22T15:40:01.701+0700] {processor.py:179} INFO - Processing /Users/macbook/Documents/Documents_MacBook_Pro/ISTT/AirflowTutorial/envlibs/lib/python3.10/site-packages/airflow/example_dags/plugins/listener_plugin.py took 0.835 seconds
[2023-06-22T15:42:07.557+0700] {processor.py:157} INFO - Started process (PID=14372) to work on /Users/macbook/Documents/Documents_MacBook_Pro/ISTT/AirflowTutorial/envlibs/lib/python3.10/site-packages/airflow/example_dags/plugins/listener_plugin.py
[2023-06-22T15:42:07.560+0700] {processor.py:826} INFO - Processing file /Users/macbook/Documents/Documents_MacBook_Pro/ISTT/AirflowTutorial/envlibs/lib/python3.10/site-packages/airflow/example_dags/plugins/listener_plugin.py for tasks to queue
[2023-06-22T15:42:07.561+0700] {logging_mixin.py:149} INFO - [2023-06-22T15:42:07.561+0700] {dagbag.py:541} INFO - Filling up the DagBag from /Users/macbook/Documents/Documents_MacBook_Pro/ISTT/AirflowTutorial/envlibs/lib/python3.10/site-packages/airflow/example_dags/plugins/listener_plugin.py
[2023-06-22T15:42:07.563+0700] {processor.py:838} WARNING - No viable dags retrieved from /Users/macbook/Documents/Documents_MacBook_Pro/ISTT/AirflowTutorial/envlibs/lib/python3.10/site-packages/airflow/example_dags/plugins/listener_plugin.py
[2023-06-22T15:42:08.382+0700] {processor.py:179} INFO - Processing /Users/macbook/Documents/Documents_MacBook_Pro/ISTT/AirflowTutorial/envlibs/lib/python3.10/site-packages/airflow/example_dags/plugins/listener_plugin.py took 0.825 seconds
[2023-06-22T15:44:20.056+0700] {processor.py:157} INFO - Started process (PID=14450) to work on /Users/macbook/Documents/Documents_MacBook_Pro/ISTT/AirflowTutorial/envlibs/lib/python3.10/site-packages/airflow/example_dags/plugins/listener_plugin.py
[2023-06-22T15:44:20.057+0700] {processor.py:826} INFO - Processing file /Users/macbook/Documents/Documents_MacBook_Pro/ISTT/AirflowTutorial/envlibs/lib/python3.10/site-packages/airflow/example_dags/plugins/listener_plugin.py for tasks to queue
[2023-06-22T15:44:20.058+0700] {logging_mixin.py:149} INFO - [2023-06-22T15:44:20.057+0700] {dagbag.py:541} INFO - Filling up the DagBag from /Users/macbook/Documents/Documents_MacBook_Pro/ISTT/AirflowTutorial/envlibs/lib/python3.10/site-packages/airflow/example_dags/plugins/listener_plugin.py
[2023-06-22T15:44:20.061+0700] {processor.py:838} WARNING - No viable dags retrieved from /Users/macbook/Documents/Documents_MacBook_Pro/ISTT/AirflowTutorial/envlibs/lib/python3.10/site-packages/airflow/example_dags/plugins/listener_plugin.py
[2023-06-22T15:44:20.809+0700] {processor.py:179} INFO - Processing /Users/macbook/Documents/Documents_MacBook_Pro/ISTT/AirflowTutorial/envlibs/lib/python3.10/site-packages/airflow/example_dags/plugins/listener_plugin.py took 0.755 seconds
[2023-06-22T15:46:30.705+0700] {processor.py:157} INFO - Started process (PID=14509) to work on /Users/macbook/Documents/Documents_MacBook_Pro/ISTT/AirflowTutorial/envlibs/lib/python3.10/site-packages/airflow/example_dags/plugins/listener_plugin.py
[2023-06-22T15:46:30.707+0700] {processor.py:826} INFO - Processing file /Users/macbook/Documents/Documents_MacBook_Pro/ISTT/AirflowTutorial/envlibs/lib/python3.10/site-packages/airflow/example_dags/plugins/listener_plugin.py for tasks to queue
[2023-06-22T15:46:30.708+0700] {logging_mixin.py:149} INFO - [2023-06-22T15:46:30.708+0700] {dagbag.py:541} INFO - Filling up the DagBag from /Users/macbook/Documents/Documents_MacBook_Pro/ISTT/AirflowTutorial/envlibs/lib/python3.10/site-packages/airflow/example_dags/plugins/listener_plugin.py
[2023-06-22T15:46:30.715+0700] {processor.py:838} WARNING - No viable dags retrieved from /Users/macbook/Documents/Documents_MacBook_Pro/ISTT/AirflowTutorial/envlibs/lib/python3.10/site-packages/airflow/example_dags/plugins/listener_plugin.py
[2023-06-22T15:46:31.577+0700] {processor.py:179} INFO - Processing /Users/macbook/Documents/Documents_MacBook_Pro/ISTT/AirflowTutorial/envlibs/lib/python3.10/site-packages/airflow/example_dags/plugins/listener_plugin.py took 0.872 seconds
[2023-06-22T15:48:44.607+0700] {processor.py:157} INFO - Started process (PID=14606) to work on /Users/macbook/Documents/Documents_MacBook_Pro/ISTT/AirflowTutorial/envlibs/lib/python3.10/site-packages/airflow/example_dags/plugins/listener_plugin.py
[2023-06-22T15:48:44.608+0700] {processor.py:826} INFO - Processing file /Users/macbook/Documents/Documents_MacBook_Pro/ISTT/AirflowTutorial/envlibs/lib/python3.10/site-packages/airflow/example_dags/plugins/listener_plugin.py for tasks to queue
[2023-06-22T15:48:44.609+0700] {logging_mixin.py:149} INFO - [2023-06-22T15:48:44.609+0700] {dagbag.py:541} INFO - Filling up the DagBag from /Users/macbook/Documents/Documents_MacBook_Pro/ISTT/AirflowTutorial/envlibs/lib/python3.10/site-packages/airflow/example_dags/plugins/listener_plugin.py
[2023-06-22T15:48:44.618+0700] {processor.py:838} WARNING - No viable dags retrieved from /Users/macbook/Documents/Documents_MacBook_Pro/ISTT/AirflowTutorial/envlibs/lib/python3.10/site-packages/airflow/example_dags/plugins/listener_plugin.py
[2023-06-22T15:48:46.258+0700] {processor.py:179} INFO - Processing /Users/macbook/Documents/Documents_MacBook_Pro/ISTT/AirflowTutorial/envlibs/lib/python3.10/site-packages/airflow/example_dags/plugins/listener_plugin.py took 1.652 seconds
[2023-06-22T15:50:59.449+0700] {processor.py:157} INFO - Started process (PID=14676) to work on /Users/macbook/Documents/Documents_MacBook_Pro/ISTT/AirflowTutorial/envlibs/lib/python3.10/site-packages/airflow/example_dags/plugins/listener_plugin.py
[2023-06-22T15:50:59.450+0700] {processor.py:826} INFO - Processing file /Users/macbook/Documents/Documents_MacBook_Pro/ISTT/AirflowTutorial/envlibs/lib/python3.10/site-packages/airflow/example_dags/plugins/listener_plugin.py for tasks to queue
[2023-06-22T15:50:59.452+0700] {logging_mixin.py:149} INFO - [2023-06-22T15:50:59.451+0700] {dagbag.py:541} INFO - Filling up the DagBag from /Users/macbook/Documents/Documents_MacBook_Pro/ISTT/AirflowTutorial/envlibs/lib/python3.10/site-packages/airflow/example_dags/plugins/listener_plugin.py
[2023-06-22T15:50:59.457+0700] {processor.py:838} WARNING - No viable dags retrieved from /Users/macbook/Documents/Documents_MacBook_Pro/ISTT/AirflowTutorial/envlibs/lib/python3.10/site-packages/airflow/example_dags/plugins/listener_plugin.py
[2023-06-22T15:51:00.292+0700] {processor.py:179} INFO - Processing /Users/macbook/Documents/Documents_MacBook_Pro/ISTT/AirflowTutorial/envlibs/lib/python3.10/site-packages/airflow/example_dags/plugins/listener_plugin.py took 0.844 seconds
[2023-06-22T15:53:20.253+0700] {processor.py:157} INFO - Started process (PID=14757) to work on /Users/macbook/Documents/Documents_MacBook_Pro/ISTT/AirflowTutorial/envlibs/lib/python3.10/site-packages/airflow/example_dags/plugins/listener_plugin.py
[2023-06-22T15:53:20.255+0700] {processor.py:826} INFO - Processing file /Users/macbook/Documents/Documents_MacBook_Pro/ISTT/AirflowTutorial/envlibs/lib/python3.10/site-packages/airflow/example_dags/plugins/listener_plugin.py for tasks to queue
[2023-06-22T15:53:20.256+0700] {logging_mixin.py:149} INFO - [2023-06-22T15:53:20.255+0700] {dagbag.py:541} INFO - Filling up the DagBag from /Users/macbook/Documents/Documents_MacBook_Pro/ISTT/AirflowTutorial/envlibs/lib/python3.10/site-packages/airflow/example_dags/plugins/listener_plugin.py
[2023-06-22T15:53:20.261+0700] {processor.py:838} WARNING - No viable dags retrieved from /Users/macbook/Documents/Documents_MacBook_Pro/ISTT/AirflowTutorial/envlibs/lib/python3.10/site-packages/airflow/example_dags/plugins/listener_plugin.py
[2023-06-22T15:53:21.212+0700] {processor.py:179} INFO - Processing /Users/macbook/Documents/Documents_MacBook_Pro/ISTT/AirflowTutorial/envlibs/lib/python3.10/site-packages/airflow/example_dags/plugins/listener_plugin.py took 0.960 seconds
[2023-06-22T15:55:32.510+0700] {processor.py:157} INFO - Started process (PID=14856) to work on /Users/macbook/Documents/Documents_MacBook_Pro/ISTT/AirflowTutorial/envlibs/lib/python3.10/site-packages/airflow/example_dags/plugins/listener_plugin.py
[2023-06-22T15:55:32.512+0700] {processor.py:826} INFO - Processing file /Users/macbook/Documents/Documents_MacBook_Pro/ISTT/AirflowTutorial/envlibs/lib/python3.10/site-packages/airflow/example_dags/plugins/listener_plugin.py for tasks to queue
[2023-06-22T15:55:32.513+0700] {logging_mixin.py:149} INFO - [2023-06-22T15:55:32.512+0700] {dagbag.py:541} INFO - Filling up the DagBag from /Users/macbook/Documents/Documents_MacBook_Pro/ISTT/AirflowTutorial/envlibs/lib/python3.10/site-packages/airflow/example_dags/plugins/listener_plugin.py
[2023-06-22T15:55:32.517+0700] {processor.py:838} WARNING - No viable dags retrieved from /Users/macbook/Documents/Documents_MacBook_Pro/ISTT/AirflowTutorial/envlibs/lib/python3.10/site-packages/airflow/example_dags/plugins/listener_plugin.py
[2023-06-22T15:55:33.450+0700] {processor.py:179} INFO - Processing /Users/macbook/Documents/Documents_MacBook_Pro/ISTT/AirflowTutorial/envlibs/lib/python3.10/site-packages/airflow/example_dags/plugins/listener_plugin.py took 0.940 seconds
[2023-06-22T15:57:51.743+0700] {processor.py:157} INFO - Started process (PID=14927) to work on /Users/macbook/Documents/Documents_MacBook_Pro/ISTT/AirflowTutorial/envlibs/lib/python3.10/site-packages/airflow/example_dags/plugins/listener_plugin.py
[2023-06-22T15:57:51.744+0700] {processor.py:826} INFO - Processing file /Users/macbook/Documents/Documents_MacBook_Pro/ISTT/AirflowTutorial/envlibs/lib/python3.10/site-packages/airflow/example_dags/plugins/listener_plugin.py for tasks to queue
[2023-06-22T15:57:51.745+0700] {logging_mixin.py:149} INFO - [2023-06-22T15:57:51.745+0700] {dagbag.py:541} INFO - Filling up the DagBag from /Users/macbook/Documents/Documents_MacBook_Pro/ISTT/AirflowTutorial/envlibs/lib/python3.10/site-packages/airflow/example_dags/plugins/listener_plugin.py
[2023-06-22T15:57:51.749+0700] {processor.py:838} WARNING - No viable dags retrieved from /Users/macbook/Documents/Documents_MacBook_Pro/ISTT/AirflowTutorial/envlibs/lib/python3.10/site-packages/airflow/example_dags/plugins/listener_plugin.py
[2023-06-22T15:57:52.753+0700] {processor.py:179} INFO - Processing /Users/macbook/Documents/Documents_MacBook_Pro/ISTT/AirflowTutorial/envlibs/lib/python3.10/site-packages/airflow/example_dags/plugins/listener_plugin.py took 1.011 seconds
[2023-06-22T16:00:04.526+0700] {processor.py:157} INFO - Started process (PID=14982) to work on /Users/macbook/Documents/Documents_MacBook_Pro/ISTT/AirflowTutorial/envlibs/lib/python3.10/site-packages/airflow/example_dags/plugins/listener_plugin.py
[2023-06-22T16:00:04.527+0700] {processor.py:826} INFO - Processing file /Users/macbook/Documents/Documents_MacBook_Pro/ISTT/AirflowTutorial/envlibs/lib/python3.10/site-packages/airflow/example_dags/plugins/listener_plugin.py for tasks to queue
[2023-06-22T16:00:04.528+0700] {logging_mixin.py:149} INFO - [2023-06-22T16:00:04.528+0700] {dagbag.py:541} INFO - Filling up the DagBag from /Users/macbook/Documents/Documents_MacBook_Pro/ISTT/AirflowTutorial/envlibs/lib/python3.10/site-packages/airflow/example_dags/plugins/listener_plugin.py
[2023-06-22T16:00:04.532+0700] {processor.py:838} WARNING - No viable dags retrieved from /Users/macbook/Documents/Documents_MacBook_Pro/ISTT/AirflowTutorial/envlibs/lib/python3.10/site-packages/airflow/example_dags/plugins/listener_plugin.py
[2023-06-22T16:00:05.304+0700] {processor.py:179} INFO - Processing /Users/macbook/Documents/Documents_MacBook_Pro/ISTT/AirflowTutorial/envlibs/lib/python3.10/site-packages/airflow/example_dags/plugins/listener_plugin.py took 0.778 seconds
[2023-06-22T16:02:20.180+0700] {processor.py:157} INFO - Started process (PID=15042) to work on /Users/macbook/Documents/Documents_MacBook_Pro/ISTT/AirflowTutorial/envlibs/lib/python3.10/site-packages/airflow/example_dags/plugins/listener_plugin.py
[2023-06-22T16:02:20.181+0700] {processor.py:826} INFO - Processing file /Users/macbook/Documents/Documents_MacBook_Pro/ISTT/AirflowTutorial/envlibs/lib/python3.10/site-packages/airflow/example_dags/plugins/listener_plugin.py for tasks to queue
[2023-06-22T16:02:20.182+0700] {logging_mixin.py:149} INFO - [2023-06-22T16:02:20.182+0700] {dagbag.py:541} INFO - Filling up the DagBag from /Users/macbook/Documents/Documents_MacBook_Pro/ISTT/AirflowTutorial/envlibs/lib/python3.10/site-packages/airflow/example_dags/plugins/listener_plugin.py
[2023-06-22T16:02:20.184+0700] {processor.py:838} WARNING - No viable dags retrieved from /Users/macbook/Documents/Documents_MacBook_Pro/ISTT/AirflowTutorial/envlibs/lib/python3.10/site-packages/airflow/example_dags/plugins/listener_plugin.py
[2023-06-22T16:02:21.048+0700] {processor.py:179} INFO - Processing /Users/macbook/Documents/Documents_MacBook_Pro/ISTT/AirflowTutorial/envlibs/lib/python3.10/site-packages/airflow/example_dags/plugins/listener_plugin.py took 0.869 seconds
[2023-06-22T16:04:32.335+0700] {processor.py:157} INFO - Started process (PID=15104) to work on /Users/macbook/Documents/Documents_MacBook_Pro/ISTT/AirflowTutorial/envlibs/lib/python3.10/site-packages/airflow/example_dags/plugins/listener_plugin.py
[2023-06-22T16:04:32.336+0700] {processor.py:826} INFO - Processing file /Users/macbook/Documents/Documents_MacBook_Pro/ISTT/AirflowTutorial/envlibs/lib/python3.10/site-packages/airflow/example_dags/plugins/listener_plugin.py for tasks to queue
[2023-06-22T16:04:32.337+0700] {logging_mixin.py:149} INFO - [2023-06-22T16:04:32.337+0700] {dagbag.py:541} INFO - Filling up the DagBag from /Users/macbook/Documents/Documents_MacBook_Pro/ISTT/AirflowTutorial/envlibs/lib/python3.10/site-packages/airflow/example_dags/plugins/listener_plugin.py
[2023-06-22T16:04:32.341+0700] {processor.py:838} WARNING - No viable dags retrieved from /Users/macbook/Documents/Documents_MacBook_Pro/ISTT/AirflowTutorial/envlibs/lib/python3.10/site-packages/airflow/example_dags/plugins/listener_plugin.py
[2023-06-22T16:04:33.135+0700] {processor.py:179} INFO - Processing /Users/macbook/Documents/Documents_MacBook_Pro/ISTT/AirflowTutorial/envlibs/lib/python3.10/site-packages/airflow/example_dags/plugins/listener_plugin.py took 0.801 seconds
[2023-06-22T16:06:39.913+0700] {processor.py:157} INFO - Started process (PID=15166) to work on /Users/macbook/Documents/Documents_MacBook_Pro/ISTT/AirflowTutorial/envlibs/lib/python3.10/site-packages/airflow/example_dags/plugins/listener_plugin.py
[2023-06-22T16:06:39.914+0700] {processor.py:826} INFO - Processing file /Users/macbook/Documents/Documents_MacBook_Pro/ISTT/AirflowTutorial/envlibs/lib/python3.10/site-packages/airflow/example_dags/plugins/listener_plugin.py for tasks to queue
[2023-06-22T16:06:39.915+0700] {logging_mixin.py:149} INFO - [2023-06-22T16:06:39.914+0700] {dagbag.py:541} INFO - Filling up the DagBag from /Users/macbook/Documents/Documents_MacBook_Pro/ISTT/AirflowTutorial/envlibs/lib/python3.10/site-packages/airflow/example_dags/plugins/listener_plugin.py
[2023-06-22T16:06:39.919+0700] {processor.py:838} WARNING - No viable dags retrieved from /Users/macbook/Documents/Documents_MacBook_Pro/ISTT/AirflowTutorial/envlibs/lib/python3.10/site-packages/airflow/example_dags/plugins/listener_plugin.py
[2023-06-22T16:06:40.706+0700] {processor.py:179} INFO - Processing /Users/macbook/Documents/Documents_MacBook_Pro/ISTT/AirflowTutorial/envlibs/lib/python3.10/site-packages/airflow/example_dags/plugins/listener_plugin.py took 0.794 seconds
[2023-06-22T16:08:49.940+0700] {processor.py:157} INFO - Started process (PID=15223) to work on /Users/macbook/Documents/Documents_MacBook_Pro/ISTT/AirflowTutorial/envlibs/lib/python3.10/site-packages/airflow/example_dags/plugins/listener_plugin.py
[2023-06-22T16:08:49.942+0700] {processor.py:826} INFO - Processing file /Users/macbook/Documents/Documents_MacBook_Pro/ISTT/AirflowTutorial/envlibs/lib/python3.10/site-packages/airflow/example_dags/plugins/listener_plugin.py for tasks to queue
[2023-06-22T16:08:49.943+0700] {logging_mixin.py:149} INFO - [2023-06-22T16:08:49.942+0700] {dagbag.py:541} INFO - Filling up the DagBag from /Users/macbook/Documents/Documents_MacBook_Pro/ISTT/AirflowTutorial/envlibs/lib/python3.10/site-packages/airflow/example_dags/plugins/listener_plugin.py
[2023-06-22T16:08:49.946+0700] {processor.py:838} WARNING - No viable dags retrieved from /Users/macbook/Documents/Documents_MacBook_Pro/ISTT/AirflowTutorial/envlibs/lib/python3.10/site-packages/airflow/example_dags/plugins/listener_plugin.py
[2023-06-22T16:08:50.948+0700] {processor.py:179} INFO - Processing /Users/macbook/Documents/Documents_MacBook_Pro/ISTT/AirflowTutorial/envlibs/lib/python3.10/site-packages/airflow/example_dags/plugins/listener_plugin.py took 1.009 seconds
[2023-06-22T16:10:53.538+0700] {processor.py:157} INFO - Started process (PID=15282) to work on /Users/macbook/Documents/Documents_MacBook_Pro/ISTT/AirflowTutorial/envlibs/lib/python3.10/site-packages/airflow/example_dags/plugins/listener_plugin.py
[2023-06-22T16:10:53.539+0700] {processor.py:826} INFO - Processing file /Users/macbook/Documents/Documents_MacBook_Pro/ISTT/AirflowTutorial/envlibs/lib/python3.10/site-packages/airflow/example_dags/plugins/listener_plugin.py for tasks to queue
[2023-06-22T16:10:53.539+0700] {logging_mixin.py:149} INFO - [2023-06-22T16:10:53.539+0700] {dagbag.py:541} INFO - Filling up the DagBag from /Users/macbook/Documents/Documents_MacBook_Pro/ISTT/AirflowTutorial/envlibs/lib/python3.10/site-packages/airflow/example_dags/plugins/listener_plugin.py
[2023-06-22T16:10:53.543+0700] {processor.py:838} WARNING - No viable dags retrieved from /Users/macbook/Documents/Documents_MacBook_Pro/ISTT/AirflowTutorial/envlibs/lib/python3.10/site-packages/airflow/example_dags/plugins/listener_plugin.py
[2023-06-22T16:10:54.254+0700] {processor.py:179} INFO - Processing /Users/macbook/Documents/Documents_MacBook_Pro/ISTT/AirflowTutorial/envlibs/lib/python3.10/site-packages/airflow/example_dags/plugins/listener_plugin.py took 0.717 seconds
[2023-06-22T16:12:43.864+0700] {processor.py:157} INFO - Started process (PID=15336) to work on /Users/macbook/Documents/Documents_MacBook_Pro/ISTT/AirflowTutorial/envlibs/lib/python3.10/site-packages/airflow/example_dags/plugins/listener_plugin.py
[2023-06-22T16:12:43.864+0700] {processor.py:826} INFO - Processing file /Users/macbook/Documents/Documents_MacBook_Pro/ISTT/AirflowTutorial/envlibs/lib/python3.10/site-packages/airflow/example_dags/plugins/listener_plugin.py for tasks to queue
[2023-06-22T16:12:43.865+0700] {logging_mixin.py:149} INFO - [2023-06-22T16:12:43.864+0700] {dagbag.py:541} INFO - Filling up the DagBag from /Users/macbook/Documents/Documents_MacBook_Pro/ISTT/AirflowTutorial/envlibs/lib/python3.10/site-packages/airflow/example_dags/plugins/listener_plugin.py
[2023-06-22T16:12:43.867+0700] {processor.py:838} WARNING - No viable dags retrieved from /Users/macbook/Documents/Documents_MacBook_Pro/ISTT/AirflowTutorial/envlibs/lib/python3.10/site-packages/airflow/example_dags/plugins/listener_plugin.py
[2023-06-22T16:12:44.594+0700] {processor.py:179} INFO - Processing /Users/macbook/Documents/Documents_MacBook_Pro/ISTT/AirflowTutorial/envlibs/lib/python3.10/site-packages/airflow/example_dags/plugins/listener_plugin.py took 0.731 seconds
[2023-06-22T16:14:45.580+0700] {processor.py:157} INFO - Started process (PID=15389) to work on /Users/macbook/Documents/Documents_MacBook_Pro/ISTT/AirflowTutorial/envlibs/lib/python3.10/site-packages/airflow/example_dags/plugins/listener_plugin.py
[2023-06-22T16:14:45.582+0700] {processor.py:826} INFO - Processing file /Users/macbook/Documents/Documents_MacBook_Pro/ISTT/AirflowTutorial/envlibs/lib/python3.10/site-packages/airflow/example_dags/plugins/listener_plugin.py for tasks to queue
[2023-06-22T16:14:45.582+0700] {logging_mixin.py:149} INFO - [2023-06-22T16:14:45.582+0700] {dagbag.py:541} INFO - Filling up the DagBag from /Users/macbook/Documents/Documents_MacBook_Pro/ISTT/AirflowTutorial/envlibs/lib/python3.10/site-packages/airflow/example_dags/plugins/listener_plugin.py
[2023-06-22T16:14:45.586+0700] {processor.py:838} WARNING - No viable dags retrieved from /Users/macbook/Documents/Documents_MacBook_Pro/ISTT/AirflowTutorial/envlibs/lib/python3.10/site-packages/airflow/example_dags/plugins/listener_plugin.py
[2023-06-22T16:14:46.461+0700] {processor.py:179} INFO - Processing /Users/macbook/Documents/Documents_MacBook_Pro/ISTT/AirflowTutorial/envlibs/lib/python3.10/site-packages/airflow/example_dags/plugins/listener_plugin.py took 0.882 seconds
[2023-06-22T16:16:52.493+0700] {processor.py:157} INFO - Started process (PID=15444) to work on /Users/macbook/Documents/Documents_MacBook_Pro/ISTT/AirflowTutorial/envlibs/lib/python3.10/site-packages/airflow/example_dags/plugins/listener_plugin.py
[2023-06-22T16:16:52.494+0700] {processor.py:826} INFO - Processing file /Users/macbook/Documents/Documents_MacBook_Pro/ISTT/AirflowTutorial/envlibs/lib/python3.10/site-packages/airflow/example_dags/plugins/listener_plugin.py for tasks to queue
[2023-06-22T16:16:52.494+0700] {logging_mixin.py:149} INFO - [2023-06-22T16:16:52.494+0700] {dagbag.py:541} INFO - Filling up the DagBag from /Users/macbook/Documents/Documents_MacBook_Pro/ISTT/AirflowTutorial/envlibs/lib/python3.10/site-packages/airflow/example_dags/plugins/listener_plugin.py
[2023-06-22T16:16:52.499+0700] {processor.py:838} WARNING - No viable dags retrieved from /Users/macbook/Documents/Documents_MacBook_Pro/ISTT/AirflowTutorial/envlibs/lib/python3.10/site-packages/airflow/example_dags/plugins/listener_plugin.py
[2023-06-22T16:16:53.322+0700] {processor.py:179} INFO - Processing /Users/macbook/Documents/Documents_MacBook_Pro/ISTT/AirflowTutorial/envlibs/lib/python3.10/site-packages/airflow/example_dags/plugins/listener_plugin.py took 0.830 seconds
[2023-06-22T16:19:07.100+0700] {processor.py:157} INFO - Started process (PID=15547) to work on /Users/macbook/Documents/Documents_MacBook_Pro/ISTT/AirflowTutorial/envlibs/lib/python3.10/site-packages/airflow/example_dags/plugins/listener_plugin.py
[2023-06-22T16:19:07.101+0700] {processor.py:826} INFO - Processing file /Users/macbook/Documents/Documents_MacBook_Pro/ISTT/AirflowTutorial/envlibs/lib/python3.10/site-packages/airflow/example_dags/plugins/listener_plugin.py for tasks to queue
[2023-06-22T16:19:07.102+0700] {logging_mixin.py:149} INFO - [2023-06-22T16:19:07.102+0700] {dagbag.py:541} INFO - Filling up the DagBag from /Users/macbook/Documents/Documents_MacBook_Pro/ISTT/AirflowTutorial/envlibs/lib/python3.10/site-packages/airflow/example_dags/plugins/listener_plugin.py
[2023-06-22T16:19:07.106+0700] {processor.py:838} WARNING - No viable dags retrieved from /Users/macbook/Documents/Documents_MacBook_Pro/ISTT/AirflowTutorial/envlibs/lib/python3.10/site-packages/airflow/example_dags/plugins/listener_plugin.py
[2023-06-22T16:19:07.991+0700] {processor.py:179} INFO - Processing /Users/macbook/Documents/Documents_MacBook_Pro/ISTT/AirflowTutorial/envlibs/lib/python3.10/site-packages/airflow/example_dags/plugins/listener_plugin.py took 0.892 seconds
[2023-06-22T16:21:23.008+0700] {processor.py:157} INFO - Started process (PID=15607) to work on /Users/macbook/Documents/Documents_MacBook_Pro/ISTT/AirflowTutorial/envlibs/lib/python3.10/site-packages/airflow/example_dags/plugins/listener_plugin.py
[2023-06-22T16:21:23.010+0700] {processor.py:826} INFO - Processing file /Users/macbook/Documents/Documents_MacBook_Pro/ISTT/AirflowTutorial/envlibs/lib/python3.10/site-packages/airflow/example_dags/plugins/listener_plugin.py for tasks to queue
[2023-06-22T16:21:23.011+0700] {logging_mixin.py:149} INFO - [2023-06-22T16:21:23.011+0700] {dagbag.py:541} INFO - Filling up the DagBag from /Users/macbook/Documents/Documents_MacBook_Pro/ISTT/AirflowTutorial/envlibs/lib/python3.10/site-packages/airflow/example_dags/plugins/listener_plugin.py
[2023-06-22T16:21:23.015+0700] {processor.py:838} WARNING - No viable dags retrieved from /Users/macbook/Documents/Documents_MacBook_Pro/ISTT/AirflowTutorial/envlibs/lib/python3.10/site-packages/airflow/example_dags/plugins/listener_plugin.py
[2023-06-22T16:21:23.920+0700] {processor.py:179} INFO - Processing /Users/macbook/Documents/Documents_MacBook_Pro/ISTT/AirflowTutorial/envlibs/lib/python3.10/site-packages/airflow/example_dags/plugins/listener_plugin.py took 0.912 seconds
[2023-06-22T16:23:21.647+0700] {processor.py:157} INFO - Started process (PID=15662) to work on /Users/macbook/Documents/Documents_MacBook_Pro/ISTT/AirflowTutorial/envlibs/lib/python3.10/site-packages/airflow/example_dags/plugins/listener_plugin.py
[2023-06-22T16:23:21.649+0700] {processor.py:826} INFO - Processing file /Users/macbook/Documents/Documents_MacBook_Pro/ISTT/AirflowTutorial/envlibs/lib/python3.10/site-packages/airflow/example_dags/plugins/listener_plugin.py for tasks to queue
[2023-06-22T16:23:21.650+0700] {logging_mixin.py:149} INFO - [2023-06-22T16:23:21.650+0700] {dagbag.py:541} INFO - Filling up the DagBag from /Users/macbook/Documents/Documents_MacBook_Pro/ISTT/AirflowTutorial/envlibs/lib/python3.10/site-packages/airflow/example_dags/plugins/listener_plugin.py
[2023-06-22T16:23:21.656+0700] {processor.py:838} WARNING - No viable dags retrieved from /Users/macbook/Documents/Documents_MacBook_Pro/ISTT/AirflowTutorial/envlibs/lib/python3.10/site-packages/airflow/example_dags/plugins/listener_plugin.py
[2023-06-22T16:23:22.339+0700] {processor.py:179} INFO - Processing /Users/macbook/Documents/Documents_MacBook_Pro/ISTT/AirflowTutorial/envlibs/lib/python3.10/site-packages/airflow/example_dags/plugins/listener_plugin.py took 0.692 seconds
[2023-06-22T16:25:13.696+0700] {processor.py:157} INFO - Started process (PID=15711) to work on /Users/macbook/Documents/Documents_MacBook_Pro/ISTT/AirflowTutorial/envlibs/lib/python3.10/site-packages/airflow/example_dags/plugins/listener_plugin.py
[2023-06-22T16:25:13.697+0700] {processor.py:826} INFO - Processing file /Users/macbook/Documents/Documents_MacBook_Pro/ISTT/AirflowTutorial/envlibs/lib/python3.10/site-packages/airflow/example_dags/plugins/listener_plugin.py for tasks to queue
[2023-06-22T16:25:13.698+0700] {logging_mixin.py:149} INFO - [2023-06-22T16:25:13.698+0700] {dagbag.py:541} INFO - Filling up the DagBag from /Users/macbook/Documents/Documents_MacBook_Pro/ISTT/AirflowTutorial/envlibs/lib/python3.10/site-packages/airflow/example_dags/plugins/listener_plugin.py
[2023-06-22T16:25:13.703+0700] {processor.py:838} WARNING - No viable dags retrieved from /Users/macbook/Documents/Documents_MacBook_Pro/ISTT/AirflowTutorial/envlibs/lib/python3.10/site-packages/airflow/example_dags/plugins/listener_plugin.py
[2023-06-22T16:25:14.502+0700] {processor.py:179} INFO - Processing /Users/macbook/Documents/Documents_MacBook_Pro/ISTT/AirflowTutorial/envlibs/lib/python3.10/site-packages/airflow/example_dags/plugins/listener_plugin.py took 0.807 seconds
[2023-06-22T16:27:16.383+0700] {processor.py:157} INFO - Started process (PID=15818) to work on /Users/macbook/Documents/Documents_MacBook_Pro/ISTT/AirflowTutorial/envlibs/lib/python3.10/site-packages/airflow/example_dags/plugins/listener_plugin.py
[2023-06-22T16:27:16.384+0700] {processor.py:826} INFO - Processing file /Users/macbook/Documents/Documents_MacBook_Pro/ISTT/AirflowTutorial/envlibs/lib/python3.10/site-packages/airflow/example_dags/plugins/listener_plugin.py for tasks to queue
[2023-06-22T16:27:16.384+0700] {logging_mixin.py:149} INFO - [2023-06-22T16:27:16.384+0700] {dagbag.py:541} INFO - Filling up the DagBag from /Users/macbook/Documents/Documents_MacBook_Pro/ISTT/AirflowTutorial/envlibs/lib/python3.10/site-packages/airflow/example_dags/plugins/listener_plugin.py
[2023-06-22T16:27:16.388+0700] {processor.py:838} WARNING - No viable dags retrieved from /Users/macbook/Documents/Documents_MacBook_Pro/ISTT/AirflowTutorial/envlibs/lib/python3.10/site-packages/airflow/example_dags/plugins/listener_plugin.py
[2023-06-22T16:27:17.091+0700] {processor.py:179} INFO - Processing /Users/macbook/Documents/Documents_MacBook_Pro/ISTT/AirflowTutorial/envlibs/lib/python3.10/site-packages/airflow/example_dags/plugins/listener_plugin.py took 0.709 seconds
[2023-06-22T16:46:25.007+0700] {processor.py:157} INFO - Started process (PID=16215) to work on /Users/macbook/Documents/Documents_MacBook_Pro/ISTT/AirflowTutorial/envlibs/lib/python3.10/site-packages/airflow/example_dags/plugins/listener_plugin.py
[2023-06-22T16:46:25.008+0700] {processor.py:826} INFO - Processing file /Users/macbook/Documents/Documents_MacBook_Pro/ISTT/AirflowTutorial/envlibs/lib/python3.10/site-packages/airflow/example_dags/plugins/listener_plugin.py for tasks to queue
[2023-06-22T16:46:25.009+0700] {logging_mixin.py:149} INFO - [2023-06-22T16:46:25.009+0700] {dagbag.py:541} INFO - Filling up the DagBag from /Users/macbook/Documents/Documents_MacBook_Pro/ISTT/AirflowTutorial/envlibs/lib/python3.10/site-packages/airflow/example_dags/plugins/listener_plugin.py
[2023-06-22T16:46:25.012+0700] {processor.py:838} WARNING - No viable dags retrieved from /Users/macbook/Documents/Documents_MacBook_Pro/ISTT/AirflowTutorial/envlibs/lib/python3.10/site-packages/airflow/example_dags/plugins/listener_plugin.py
[2023-06-22T16:46:25.819+0700] {processor.py:179} INFO - Processing /Users/macbook/Documents/Documents_MacBook_Pro/ISTT/AirflowTutorial/envlibs/lib/python3.10/site-packages/airflow/example_dags/plugins/listener_plugin.py took 0.813 seconds
