[2023-06-22T14:26:50.817+0700] {processor.py:157} INFO - Started process (PID=11841) to work on /Users/macbook/Documents/Documents_MacBook_Pro/ISTT/AirflowTutorial/envlibs/lib/python3.10/site-packages/airflow/example_dags/plugins/workday.py
[2023-06-22T14:26:50.818+0700] {processor.py:826} INFO - Processing file /Users/macbook/Documents/Documents_MacBook_Pro/ISTT/AirflowTutorial/envlibs/lib/python3.10/site-packages/airflow/example_dags/plugins/workday.py for tasks to queue
[2023-06-22T14:26:50.818+0700] {logging_mixin.py:149} INFO - [2023-06-22T14:26:50.818+0700] {dagbag.py:541} INFO - Filling up the DagBag from /Users/macbook/Documents/Documents_MacBook_Pro/ISTT/AirflowTutorial/envlibs/lib/python3.10/site-packages/airflow/example_dags/plugins/workday.py
[2023-06-22T14:26:51.166+0700] {processor.py:838} WARNING - No viable dags retrieved from /Users/macbook/Documents/Documents_MacBook_Pro/ISTT/AirflowTutorial/envlibs/lib/python3.10/site-packages/airflow/example_dags/plugins/workday.py
[2023-06-22T14:26:52.264+0700] {processor.py:179} INFO - Processing /Users/macbook/Documents/Documents_MacBook_Pro/ISTT/AirflowTutorial/envlibs/lib/python3.10/site-packages/airflow/example_dags/plugins/workday.py took 1.447 seconds
[2023-06-22T14:29:19.005+0700] {processor.py:157} INFO - Started process (PID=11917) to work on /Users/macbook/Documents/Documents_MacBook_Pro/ISTT/AirflowTutorial/envlibs/lib/python3.10/site-packages/airflow/example_dags/plugins/workday.py
[2023-06-22T14:29:19.006+0700] {processor.py:826} INFO - Processing file /Users/macbook/Documents/Documents_MacBook_Pro/ISTT/AirflowTutorial/envlibs/lib/python3.10/site-packages/airflow/example_dags/plugins/workday.py for tasks to queue
[2023-06-22T14:29:19.006+0700] {logging_mixin.py:149} INFO - [2023-06-22T14:29:19.006+0700] {dagbag.py:541} INFO - Filling up the DagBag from /Users/macbook/Documents/Documents_MacBook_Pro/ISTT/AirflowTutorial/envlibs/lib/python3.10/site-packages/airflow/example_dags/plugins/workday.py
[2023-06-22T14:29:19.421+0700] {processor.py:838} WARNING - No viable dags retrieved from /Users/macbook/Documents/Documents_MacBook_Pro/ISTT/AirflowTutorial/envlibs/lib/python3.10/site-packages/airflow/example_dags/plugins/workday.py
[2023-06-22T14:29:20.209+0700] {processor.py:179} INFO - Processing /Users/macbook/Documents/Documents_MacBook_Pro/ISTT/AirflowTutorial/envlibs/lib/python3.10/site-packages/airflow/example_dags/plugins/workday.py took 1.206 seconds
[2023-06-22T14:31:22.340+0700] {processor.py:157} INFO - Started process (PID=11993) to work on /Users/macbook/Documents/Documents_MacBook_Pro/ISTT/AirflowTutorial/envlibs/lib/python3.10/site-packages/airflow/example_dags/plugins/workday.py
[2023-06-22T14:31:22.342+0700] {processor.py:826} INFO - Processing file /Users/macbook/Documents/Documents_MacBook_Pro/ISTT/AirflowTutorial/envlibs/lib/python3.10/site-packages/airflow/example_dags/plugins/workday.py for tasks to queue
[2023-06-22T14:31:22.342+0700] {logging_mixin.py:149} INFO - [2023-06-22T14:31:22.342+0700] {dagbag.py:541} INFO - Filling up the DagBag from /Users/macbook/Documents/Documents_MacBook_Pro/ISTT/AirflowTutorial/envlibs/lib/python3.10/site-packages/airflow/example_dags/plugins/workday.py
[2023-06-22T14:31:23.088+0700] {processor.py:838} WARNING - No viable dags retrieved from /Users/macbook/Documents/Documents_MacBook_Pro/ISTT/AirflowTutorial/envlibs/lib/python3.10/site-packages/airflow/example_dags/plugins/workday.py
[2023-06-22T14:31:24.056+0700] {processor.py:179} INFO - Processing /Users/macbook/Documents/Documents_MacBook_Pro/ISTT/AirflowTutorial/envlibs/lib/python3.10/site-packages/airflow/example_dags/plugins/workday.py took 1.716 seconds
[2023-06-22T14:33:52.452+0700] {processor.py:157} INFO - Started process (PID=12124) to work on /Users/macbook/Documents/Documents_MacBook_Pro/ISTT/AirflowTutorial/envlibs/lib/python3.10/site-packages/airflow/example_dags/plugins/workday.py
[2023-06-22T14:33:52.454+0700] {processor.py:826} INFO - Processing file /Users/macbook/Documents/Documents_MacBook_Pro/ISTT/AirflowTutorial/envlibs/lib/python3.10/site-packages/airflow/example_dags/plugins/workday.py for tasks to queue
[2023-06-22T14:33:52.456+0700] {logging_mixin.py:149} INFO - [2023-06-22T14:33:52.455+0700] {dagbag.py:541} INFO - Filling up the DagBag from /Users/macbook/Documents/Documents_MacBook_Pro/ISTT/AirflowTutorial/envlibs/lib/python3.10/site-packages/airflow/example_dags/plugins/workday.py
[2023-06-22T14:33:52.960+0700] {processor.py:838} WARNING - No viable dags retrieved from /Users/macbook/Documents/Documents_MacBook_Pro/ISTT/AirflowTutorial/envlibs/lib/python3.10/site-packages/airflow/example_dags/plugins/workday.py
[2023-06-22T14:33:53.931+0700] {processor.py:179} INFO - Processing /Users/macbook/Documents/Documents_MacBook_Pro/ISTT/AirflowTutorial/envlibs/lib/python3.10/site-packages/airflow/example_dags/plugins/workday.py took 1.480 seconds
[2023-06-22T14:36:28.430+0700] {processor.py:157} INFO - Started process (PID=12267) to work on /Users/macbook/Documents/Documents_MacBook_Pro/ISTT/AirflowTutorial/envlibs/lib/python3.10/site-packages/airflow/example_dags/plugins/workday.py
[2023-06-22T14:36:28.431+0700] {processor.py:826} INFO - Processing file /Users/macbook/Documents/Documents_MacBook_Pro/ISTT/AirflowTutorial/envlibs/lib/python3.10/site-packages/airflow/example_dags/plugins/workday.py for tasks to queue
[2023-06-22T14:36:28.432+0700] {logging_mixin.py:149} INFO - [2023-06-22T14:36:28.432+0700] {dagbag.py:541} INFO - Filling up the DagBag from /Users/macbook/Documents/Documents_MacBook_Pro/ISTT/AirflowTutorial/envlibs/lib/python3.10/site-packages/airflow/example_dags/plugins/workday.py
[2023-06-22T14:36:28.952+0700] {processor.py:838} WARNING - No viable dags retrieved from /Users/macbook/Documents/Documents_MacBook_Pro/ISTT/AirflowTutorial/envlibs/lib/python3.10/site-packages/airflow/example_dags/plugins/workday.py
[2023-06-22T14:36:30.116+0700] {processor.py:179} INFO - Processing /Users/macbook/Documents/Documents_MacBook_Pro/ISTT/AirflowTutorial/envlibs/lib/python3.10/site-packages/airflow/example_dags/plugins/workday.py took 1.687 seconds
[2023-06-22T14:39:12.665+0700] {processor.py:157} INFO - Started process (PID=12394) to work on /Users/macbook/Documents/Documents_MacBook_Pro/ISTT/AirflowTutorial/envlibs/lib/python3.10/site-packages/airflow/example_dags/plugins/workday.py
[2023-06-22T14:39:12.666+0700] {processor.py:826} INFO - Processing file /Users/macbook/Documents/Documents_MacBook_Pro/ISTT/AirflowTutorial/envlibs/lib/python3.10/site-packages/airflow/example_dags/plugins/workday.py for tasks to queue
[2023-06-22T14:39:12.667+0700] {logging_mixin.py:149} INFO - [2023-06-22T14:39:12.667+0700] {dagbag.py:541} INFO - Filling up the DagBag from /Users/macbook/Documents/Documents_MacBook_Pro/ISTT/AirflowTutorial/envlibs/lib/python3.10/site-packages/airflow/example_dags/plugins/workday.py
[2023-06-22T14:39:13.132+0700] {processor.py:838} WARNING - No viable dags retrieved from /Users/macbook/Documents/Documents_MacBook_Pro/ISTT/AirflowTutorial/envlibs/lib/python3.10/site-packages/airflow/example_dags/plugins/workday.py
[2023-06-22T14:39:13.986+0700] {processor.py:179} INFO - Processing /Users/macbook/Documents/Documents_MacBook_Pro/ISTT/AirflowTutorial/envlibs/lib/python3.10/site-packages/airflow/example_dags/plugins/workday.py took 1.322 seconds
[2023-06-22T14:41:27.026+0700] {processor.py:157} INFO - Started process (PID=12503) to work on /Users/macbook/Documents/Documents_MacBook_Pro/ISTT/AirflowTutorial/envlibs/lib/python3.10/site-packages/airflow/example_dags/plugins/workday.py
[2023-06-22T14:41:27.028+0700] {processor.py:826} INFO - Processing file /Users/macbook/Documents/Documents_MacBook_Pro/ISTT/AirflowTutorial/envlibs/lib/python3.10/site-packages/airflow/example_dags/plugins/workday.py for tasks to queue
[2023-06-22T14:41:27.029+0700] {logging_mixin.py:149} INFO - [2023-06-22T14:41:27.029+0700] {dagbag.py:541} INFO - Filling up the DagBag from /Users/macbook/Documents/Documents_MacBook_Pro/ISTT/AirflowTutorial/envlibs/lib/python3.10/site-packages/airflow/example_dags/plugins/workday.py
[2023-06-22T14:41:27.588+0700] {processor.py:838} WARNING - No viable dags retrieved from /Users/macbook/Documents/Documents_MacBook_Pro/ISTT/AirflowTutorial/envlibs/lib/python3.10/site-packages/airflow/example_dags/plugins/workday.py
[2023-06-22T14:41:28.541+0700] {processor.py:179} INFO - Processing /Users/macbook/Documents/Documents_MacBook_Pro/ISTT/AirflowTutorial/envlibs/lib/python3.10/site-packages/airflow/example_dags/plugins/workday.py took 1.515 seconds
[2023-06-22T14:43:36.841+0700] {processor.py:157} INFO - Started process (PID=12560) to work on /Users/macbook/Documents/Documents_MacBook_Pro/ISTT/AirflowTutorial/envlibs/lib/python3.10/site-packages/airflow/example_dags/plugins/workday.py
[2023-06-22T14:43:36.843+0700] {processor.py:826} INFO - Processing file /Users/macbook/Documents/Documents_MacBook_Pro/ISTT/AirflowTutorial/envlibs/lib/python3.10/site-packages/airflow/example_dags/plugins/workday.py for tasks to queue
[2023-06-22T14:43:36.844+0700] {logging_mixin.py:149} INFO - [2023-06-22T14:43:36.843+0700] {dagbag.py:541} INFO - Filling up the DagBag from /Users/macbook/Documents/Documents_MacBook_Pro/ISTT/AirflowTutorial/envlibs/lib/python3.10/site-packages/airflow/example_dags/plugins/workday.py
[2023-06-22T14:43:37.377+0700] {processor.py:838} WARNING - No viable dags retrieved from /Users/macbook/Documents/Documents_MacBook_Pro/ISTT/AirflowTutorial/envlibs/lib/python3.10/site-packages/airflow/example_dags/plugins/workday.py
[2023-06-22T14:43:38.362+0700] {processor.py:179} INFO - Processing /Users/macbook/Documents/Documents_MacBook_Pro/ISTT/AirflowTutorial/envlibs/lib/python3.10/site-packages/airflow/example_dags/plugins/workday.py took 1.521 seconds
[2023-06-22T14:45:40.455+0700] {processor.py:157} INFO - Started process (PID=12611) to work on /Users/macbook/Documents/Documents_MacBook_Pro/ISTT/AirflowTutorial/envlibs/lib/python3.10/site-packages/airflow/example_dags/plugins/workday.py
[2023-06-22T14:45:40.456+0700] {processor.py:826} INFO - Processing file /Users/macbook/Documents/Documents_MacBook_Pro/ISTT/AirflowTutorial/envlibs/lib/python3.10/site-packages/airflow/example_dags/plugins/workday.py for tasks to queue
[2023-06-22T14:45:40.457+0700] {logging_mixin.py:149} INFO - [2023-06-22T14:45:40.456+0700] {dagbag.py:541} INFO - Filling up the DagBag from /Users/macbook/Documents/Documents_MacBook_Pro/ISTT/AirflowTutorial/envlibs/lib/python3.10/site-packages/airflow/example_dags/plugins/workday.py
[2023-06-22T14:45:40.857+0700] {processor.py:838} WARNING - No viable dags retrieved from /Users/macbook/Documents/Documents_MacBook_Pro/ISTT/AirflowTutorial/envlibs/lib/python3.10/site-packages/airflow/example_dags/plugins/workday.py
[2023-06-22T14:45:41.754+0700] {processor.py:179} INFO - Processing /Users/macbook/Documents/Documents_MacBook_Pro/ISTT/AirflowTutorial/envlibs/lib/python3.10/site-packages/airflow/example_dags/plugins/workday.py took 1.300 seconds
[2023-06-22T14:47:44.307+0700] {processor.py:157} INFO - Started process (PID=12667) to work on /Users/macbook/Documents/Documents_MacBook_Pro/ISTT/AirflowTutorial/envlibs/lib/python3.10/site-packages/airflow/example_dags/plugins/workday.py
[2023-06-22T14:47:44.309+0700] {processor.py:826} INFO - Processing file /Users/macbook/Documents/Documents_MacBook_Pro/ISTT/AirflowTutorial/envlibs/lib/python3.10/site-packages/airflow/example_dags/plugins/workday.py for tasks to queue
[2023-06-22T14:47:44.309+0700] {logging_mixin.py:149} INFO - [2023-06-22T14:47:44.309+0700] {dagbag.py:541} INFO - Filling up the DagBag from /Users/macbook/Documents/Documents_MacBook_Pro/ISTT/AirflowTutorial/envlibs/lib/python3.10/site-packages/airflow/example_dags/plugins/workday.py
[2023-06-22T14:47:44.890+0700] {processor.py:838} WARNING - No viable dags retrieved from /Users/macbook/Documents/Documents_MacBook_Pro/ISTT/AirflowTutorial/envlibs/lib/python3.10/site-packages/airflow/example_dags/plugins/workday.py
[2023-06-22T14:47:45.716+0700] {processor.py:179} INFO - Processing /Users/macbook/Documents/Documents_MacBook_Pro/ISTT/AirflowTutorial/envlibs/lib/python3.10/site-packages/airflow/example_dags/plugins/workday.py took 1.410 seconds
[2023-06-22T14:49:53.469+0700] {processor.py:157} INFO - Started process (PID=12736) to work on /Users/macbook/Documents/Documents_MacBook_Pro/ISTT/AirflowTutorial/envlibs/lib/python3.10/site-packages/airflow/example_dags/plugins/workday.py
[2023-06-22T14:49:53.471+0700] {processor.py:826} INFO - Processing file /Users/macbook/Documents/Documents_MacBook_Pro/ISTT/AirflowTutorial/envlibs/lib/python3.10/site-packages/airflow/example_dags/plugins/workday.py for tasks to queue
[2023-06-22T14:49:53.472+0700] {logging_mixin.py:149} INFO - [2023-06-22T14:49:53.472+0700] {dagbag.py:541} INFO - Filling up the DagBag from /Users/macbook/Documents/Documents_MacBook_Pro/ISTT/AirflowTutorial/envlibs/lib/python3.10/site-packages/airflow/example_dags/plugins/workday.py
[2023-06-22T14:49:53.973+0700] {processor.py:838} WARNING - No viable dags retrieved from /Users/macbook/Documents/Documents_MacBook_Pro/ISTT/AirflowTutorial/envlibs/lib/python3.10/site-packages/airflow/example_dags/plugins/workday.py
[2023-06-22T14:49:54.822+0700] {processor.py:179} INFO - Processing /Users/macbook/Documents/Documents_MacBook_Pro/ISTT/AirflowTutorial/envlibs/lib/python3.10/site-packages/airflow/example_dags/plugins/workday.py took 1.353 seconds
[2023-06-22T14:51:55.603+0700] {processor.py:157} INFO - Started process (PID=12790) to work on /Users/macbook/Documents/Documents_MacBook_Pro/ISTT/AirflowTutorial/envlibs/lib/python3.10/site-packages/airflow/example_dags/plugins/workday.py
[2023-06-22T14:51:55.604+0700] {processor.py:826} INFO - Processing file /Users/macbook/Documents/Documents_MacBook_Pro/ISTT/AirflowTutorial/envlibs/lib/python3.10/site-packages/airflow/example_dags/plugins/workday.py for tasks to queue
[2023-06-22T14:51:55.605+0700] {logging_mixin.py:149} INFO - [2023-06-22T14:51:55.604+0700] {dagbag.py:541} INFO - Filling up the DagBag from /Users/macbook/Documents/Documents_MacBook_Pro/ISTT/AirflowTutorial/envlibs/lib/python3.10/site-packages/airflow/example_dags/plugins/workday.py
[2023-06-22T14:51:55.986+0700] {processor.py:838} WARNING - No viable dags retrieved from /Users/macbook/Documents/Documents_MacBook_Pro/ISTT/AirflowTutorial/envlibs/lib/python3.10/site-packages/airflow/example_dags/plugins/workday.py
[2023-06-22T14:51:56.734+0700] {processor.py:179} INFO - Processing /Users/macbook/Documents/Documents_MacBook_Pro/ISTT/AirflowTutorial/envlibs/lib/python3.10/site-packages/airflow/example_dags/plugins/workday.py took 1.132 seconds
[2023-06-22T14:53:54.709+0700] {processor.py:157} INFO - Started process (PID=12846) to work on /Users/macbook/Documents/Documents_MacBook_Pro/ISTT/AirflowTutorial/envlibs/lib/python3.10/site-packages/airflow/example_dags/plugins/workday.py
[2023-06-22T14:53:54.710+0700] {processor.py:826} INFO - Processing file /Users/macbook/Documents/Documents_MacBook_Pro/ISTT/AirflowTutorial/envlibs/lib/python3.10/site-packages/airflow/example_dags/plugins/workday.py for tasks to queue
[2023-06-22T14:53:54.711+0700] {logging_mixin.py:149} INFO - [2023-06-22T14:53:54.711+0700] {dagbag.py:541} INFO - Filling up the DagBag from /Users/macbook/Documents/Documents_MacBook_Pro/ISTT/AirflowTutorial/envlibs/lib/python3.10/site-packages/airflow/example_dags/plugins/workday.py
[2023-06-22T14:53:55.098+0700] {processor.py:838} WARNING - No viable dags retrieved from /Users/macbook/Documents/Documents_MacBook_Pro/ISTT/AirflowTutorial/envlibs/lib/python3.10/site-packages/airflow/example_dags/plugins/workday.py
[2023-06-22T14:53:55.895+0700] {processor.py:179} INFO - Processing /Users/macbook/Documents/Documents_MacBook_Pro/ISTT/AirflowTutorial/envlibs/lib/python3.10/site-packages/airflow/example_dags/plugins/workday.py took 1.187 seconds
[2023-06-22T14:55:50.272+0700] {processor.py:157} INFO - Started process (PID=12897) to work on /Users/macbook/Documents/Documents_MacBook_Pro/ISTT/AirflowTutorial/envlibs/lib/python3.10/site-packages/airflow/example_dags/plugins/workday.py
[2023-06-22T14:55:50.273+0700] {processor.py:826} INFO - Processing file /Users/macbook/Documents/Documents_MacBook_Pro/ISTT/AirflowTutorial/envlibs/lib/python3.10/site-packages/airflow/example_dags/plugins/workday.py for tasks to queue
[2023-06-22T14:55:50.273+0700] {logging_mixin.py:149} INFO - [2023-06-22T14:55:50.273+0700] {dagbag.py:541} INFO - Filling up the DagBag from /Users/macbook/Documents/Documents_MacBook_Pro/ISTT/AirflowTutorial/envlibs/lib/python3.10/site-packages/airflow/example_dags/plugins/workday.py
[2023-06-22T14:55:50.659+0700] {processor.py:838} WARNING - No viable dags retrieved from /Users/macbook/Documents/Documents_MacBook_Pro/ISTT/AirflowTutorial/envlibs/lib/python3.10/site-packages/airflow/example_dags/plugins/workday.py
[2023-06-22T14:55:51.394+0700] {processor.py:179} INFO - Processing /Users/macbook/Documents/Documents_MacBook_Pro/ISTT/AirflowTutorial/envlibs/lib/python3.10/site-packages/airflow/example_dags/plugins/workday.py took 1.123 seconds
[2023-06-22T14:57:48.559+0700] {processor.py:157} INFO - Started process (PID=12950) to work on /Users/macbook/Documents/Documents_MacBook_Pro/ISTT/AirflowTutorial/envlibs/lib/python3.10/site-packages/airflow/example_dags/plugins/workday.py
[2023-06-22T14:57:48.561+0700] {processor.py:826} INFO - Processing file /Users/macbook/Documents/Documents_MacBook_Pro/ISTT/AirflowTutorial/envlibs/lib/python3.10/site-packages/airflow/example_dags/plugins/workday.py for tasks to queue
[2023-06-22T14:57:48.561+0700] {logging_mixin.py:149} INFO - [2023-06-22T14:57:48.561+0700] {dagbag.py:541} INFO - Filling up the DagBag from /Users/macbook/Documents/Documents_MacBook_Pro/ISTT/AirflowTutorial/envlibs/lib/python3.10/site-packages/airflow/example_dags/plugins/workday.py
[2023-06-22T14:57:48.910+0700] {processor.py:838} WARNING - No viable dags retrieved from /Users/macbook/Documents/Documents_MacBook_Pro/ISTT/AirflowTutorial/envlibs/lib/python3.10/site-packages/airflow/example_dags/plugins/workday.py
[2023-06-22T14:57:49.650+0700] {processor.py:179} INFO - Processing /Users/macbook/Documents/Documents_MacBook_Pro/ISTT/AirflowTutorial/envlibs/lib/python3.10/site-packages/airflow/example_dags/plugins/workday.py took 1.091 seconds
[2023-06-22T14:59:52.538+0700] {processor.py:157} INFO - Started process (PID=13003) to work on /Users/macbook/Documents/Documents_MacBook_Pro/ISTT/AirflowTutorial/envlibs/lib/python3.10/site-packages/airflow/example_dags/plugins/workday.py
[2023-06-22T14:59:52.539+0700] {processor.py:826} INFO - Processing file /Users/macbook/Documents/Documents_MacBook_Pro/ISTT/AirflowTutorial/envlibs/lib/python3.10/site-packages/airflow/example_dags/plugins/workday.py for tasks to queue
[2023-06-22T14:59:52.540+0700] {logging_mixin.py:149} INFO - [2023-06-22T14:59:52.540+0700] {dagbag.py:541} INFO - Filling up the DagBag from /Users/macbook/Documents/Documents_MacBook_Pro/ISTT/AirflowTutorial/envlibs/lib/python3.10/site-packages/airflow/example_dags/plugins/workday.py
[2023-06-22T14:59:52.984+0700] {processor.py:838} WARNING - No viable dags retrieved from /Users/macbook/Documents/Documents_MacBook_Pro/ISTT/AirflowTutorial/envlibs/lib/python3.10/site-packages/airflow/example_dags/plugins/workday.py
[2023-06-22T14:59:53.918+0700] {processor.py:179} INFO - Processing /Users/macbook/Documents/Documents_MacBook_Pro/ISTT/AirflowTutorial/envlibs/lib/python3.10/site-packages/airflow/example_dags/plugins/workday.py took 1.381 seconds
[2023-06-22T15:01:55.322+0700] {processor.py:157} INFO - Started process (PID=13061) to work on /Users/macbook/Documents/Documents_MacBook_Pro/ISTT/AirflowTutorial/envlibs/lib/python3.10/site-packages/airflow/example_dags/plugins/workday.py
[2023-06-22T15:01:55.323+0700] {processor.py:826} INFO - Processing file /Users/macbook/Documents/Documents_MacBook_Pro/ISTT/AirflowTutorial/envlibs/lib/python3.10/site-packages/airflow/example_dags/plugins/workday.py for tasks to queue
[2023-06-22T15:01:55.324+0700] {logging_mixin.py:149} INFO - [2023-06-22T15:01:55.324+0700] {dagbag.py:541} INFO - Filling up the DagBag from /Users/macbook/Documents/Documents_MacBook_Pro/ISTT/AirflowTutorial/envlibs/lib/python3.10/site-packages/airflow/example_dags/plugins/workday.py
[2023-06-22T15:01:55.768+0700] {processor.py:838} WARNING - No viable dags retrieved from /Users/macbook/Documents/Documents_MacBook_Pro/ISTT/AirflowTutorial/envlibs/lib/python3.10/site-packages/airflow/example_dags/plugins/workday.py
[2023-06-22T15:01:56.618+0700] {processor.py:179} INFO - Processing /Users/macbook/Documents/Documents_MacBook_Pro/ISTT/AirflowTutorial/envlibs/lib/python3.10/site-packages/airflow/example_dags/plugins/workday.py took 1.297 seconds
[2023-06-22T15:03:57.859+0700] {processor.py:157} INFO - Started process (PID=13114) to work on /Users/macbook/Documents/Documents_MacBook_Pro/ISTT/AirflowTutorial/envlibs/lib/python3.10/site-packages/airflow/example_dags/plugins/workday.py
[2023-06-22T15:03:57.860+0700] {processor.py:826} INFO - Processing file /Users/macbook/Documents/Documents_MacBook_Pro/ISTT/AirflowTutorial/envlibs/lib/python3.10/site-packages/airflow/example_dags/plugins/workday.py for tasks to queue
[2023-06-22T15:03:57.861+0700] {logging_mixin.py:149} INFO - [2023-06-22T15:03:57.861+0700] {dagbag.py:541} INFO - Filling up the DagBag from /Users/macbook/Documents/Documents_MacBook_Pro/ISTT/AirflowTutorial/envlibs/lib/python3.10/site-packages/airflow/example_dags/plugins/workday.py
[2023-06-22T15:03:58.230+0700] {processor.py:838} WARNING - No viable dags retrieved from /Users/macbook/Documents/Documents_MacBook_Pro/ISTT/AirflowTutorial/envlibs/lib/python3.10/site-packages/airflow/example_dags/plugins/workday.py
[2023-06-22T15:03:59.004+0700] {processor.py:179} INFO - Processing /Users/macbook/Documents/Documents_MacBook_Pro/ISTT/AirflowTutorial/envlibs/lib/python3.10/site-packages/airflow/example_dags/plugins/workday.py took 1.146 seconds
[2023-06-22T15:06:02.352+0700] {processor.py:157} INFO - Started process (PID=13201) to work on /Users/macbook/Documents/Documents_MacBook_Pro/ISTT/AirflowTutorial/envlibs/lib/python3.10/site-packages/airflow/example_dags/plugins/workday.py
[2023-06-22T15:06:02.353+0700] {processor.py:826} INFO - Processing file /Users/macbook/Documents/Documents_MacBook_Pro/ISTT/AirflowTutorial/envlibs/lib/python3.10/site-packages/airflow/example_dags/plugins/workday.py for tasks to queue
[2023-06-22T15:06:02.354+0700] {logging_mixin.py:149} INFO - [2023-06-22T15:06:02.354+0700] {dagbag.py:541} INFO - Filling up the DagBag from /Users/macbook/Documents/Documents_MacBook_Pro/ISTT/AirflowTutorial/envlibs/lib/python3.10/site-packages/airflow/example_dags/plugins/workday.py
[2023-06-22T15:06:02.772+0700] {processor.py:838} WARNING - No viable dags retrieved from /Users/macbook/Documents/Documents_MacBook_Pro/ISTT/AirflowTutorial/envlibs/lib/python3.10/site-packages/airflow/example_dags/plugins/workday.py
[2023-06-22T15:06:03.626+0700] {processor.py:179} INFO - Processing /Users/macbook/Documents/Documents_MacBook_Pro/ISTT/AirflowTutorial/envlibs/lib/python3.10/site-packages/airflow/example_dags/plugins/workday.py took 1.275 seconds
[2023-06-22T15:08:09.137+0700] {processor.py:157} INFO - Started process (PID=13276) to work on /Users/macbook/Documents/Documents_MacBook_Pro/ISTT/AirflowTutorial/envlibs/lib/python3.10/site-packages/airflow/example_dags/plugins/workday.py
[2023-06-22T15:08:09.138+0700] {processor.py:826} INFO - Processing file /Users/macbook/Documents/Documents_MacBook_Pro/ISTT/AirflowTutorial/envlibs/lib/python3.10/site-packages/airflow/example_dags/plugins/workday.py for tasks to queue
[2023-06-22T15:08:09.139+0700] {logging_mixin.py:149} INFO - [2023-06-22T15:08:09.139+0700] {dagbag.py:541} INFO - Filling up the DagBag from /Users/macbook/Documents/Documents_MacBook_Pro/ISTT/AirflowTutorial/envlibs/lib/python3.10/site-packages/airflow/example_dags/plugins/workday.py
[2023-06-22T15:08:09.609+0700] {processor.py:838} WARNING - No viable dags retrieved from /Users/macbook/Documents/Documents_MacBook_Pro/ISTT/AirflowTutorial/envlibs/lib/python3.10/site-packages/airflow/example_dags/plugins/workday.py
[2023-06-22T15:08:10.434+0700] {processor.py:179} INFO - Processing /Users/macbook/Documents/Documents_MacBook_Pro/ISTT/AirflowTutorial/envlibs/lib/python3.10/site-packages/airflow/example_dags/plugins/workday.py took 1.298 seconds
[2023-06-22T15:10:13.210+0700] {processor.py:157} INFO - Started process (PID=13367) to work on /Users/macbook/Documents/Documents_MacBook_Pro/ISTT/AirflowTutorial/envlibs/lib/python3.10/site-packages/airflow/example_dags/plugins/workday.py
[2023-06-22T15:10:13.212+0700] {processor.py:826} INFO - Processing file /Users/macbook/Documents/Documents_MacBook_Pro/ISTT/AirflowTutorial/envlibs/lib/python3.10/site-packages/airflow/example_dags/plugins/workday.py for tasks to queue
[2023-06-22T15:10:13.213+0700] {logging_mixin.py:149} INFO - [2023-06-22T15:10:13.213+0700] {dagbag.py:541} INFO - Filling up the DagBag from /Users/macbook/Documents/Documents_MacBook_Pro/ISTT/AirflowTutorial/envlibs/lib/python3.10/site-packages/airflow/example_dags/plugins/workday.py
[2023-06-22T15:10:13.984+0700] {processor.py:838} WARNING - No viable dags retrieved from /Users/macbook/Documents/Documents_MacBook_Pro/ISTT/AirflowTutorial/envlibs/lib/python3.10/site-packages/airflow/example_dags/plugins/workday.py
[2023-06-22T15:10:14.896+0700] {processor.py:179} INFO - Processing /Users/macbook/Documents/Documents_MacBook_Pro/ISTT/AirflowTutorial/envlibs/lib/python3.10/site-packages/airflow/example_dags/plugins/workday.py took 1.688 seconds
[2023-06-22T15:12:18.306+0700] {processor.py:157} INFO - Started process (PID=13427) to work on /Users/macbook/Documents/Documents_MacBook_Pro/ISTT/AirflowTutorial/envlibs/lib/python3.10/site-packages/airflow/example_dags/plugins/workday.py
[2023-06-22T15:12:18.308+0700] {processor.py:826} INFO - Processing file /Users/macbook/Documents/Documents_MacBook_Pro/ISTT/AirflowTutorial/envlibs/lib/python3.10/site-packages/airflow/example_dags/plugins/workday.py for tasks to queue
[2023-06-22T15:12:18.309+0700] {logging_mixin.py:149} INFO - [2023-06-22T15:12:18.308+0700] {dagbag.py:541} INFO - Filling up the DagBag from /Users/macbook/Documents/Documents_MacBook_Pro/ISTT/AirflowTutorial/envlibs/lib/python3.10/site-packages/airflow/example_dags/plugins/workday.py
[2023-06-22T15:12:18.741+0700] {processor.py:838} WARNING - No viable dags retrieved from /Users/macbook/Documents/Documents_MacBook_Pro/ISTT/AirflowTutorial/envlibs/lib/python3.10/site-packages/airflow/example_dags/plugins/workday.py
[2023-06-22T15:12:19.666+0700] {processor.py:179} INFO - Processing /Users/macbook/Documents/Documents_MacBook_Pro/ISTT/AirflowTutorial/envlibs/lib/python3.10/site-packages/airflow/example_dags/plugins/workday.py took 1.360 seconds
[2023-06-22T15:14:24.346+0700] {processor.py:157} INFO - Started process (PID=13514) to work on /Users/macbook/Documents/Documents_MacBook_Pro/ISTT/AirflowTutorial/envlibs/lib/python3.10/site-packages/airflow/example_dags/plugins/workday.py
[2023-06-22T15:14:24.348+0700] {processor.py:826} INFO - Processing file /Users/macbook/Documents/Documents_MacBook_Pro/ISTT/AirflowTutorial/envlibs/lib/python3.10/site-packages/airflow/example_dags/plugins/workday.py for tasks to queue
[2023-06-22T15:14:24.349+0700] {logging_mixin.py:149} INFO - [2023-06-22T15:14:24.348+0700] {dagbag.py:541} INFO - Filling up the DagBag from /Users/macbook/Documents/Documents_MacBook_Pro/ISTT/AirflowTutorial/envlibs/lib/python3.10/site-packages/airflow/example_dags/plugins/workday.py
[2023-06-22T15:14:24.741+0700] {processor.py:838} WARNING - No viable dags retrieved from /Users/macbook/Documents/Documents_MacBook_Pro/ISTT/AirflowTutorial/envlibs/lib/python3.10/site-packages/airflow/example_dags/plugins/workday.py
[2023-06-22T15:14:25.549+0700] {processor.py:179} INFO - Processing /Users/macbook/Documents/Documents_MacBook_Pro/ISTT/AirflowTutorial/envlibs/lib/python3.10/site-packages/airflow/example_dags/plugins/workday.py took 1.204 seconds
